2018-08-24 10:19:27 -- Firmreduce -- Results

Initial Test-case size:
	# of nodes: 			1234
	# of irgs: 				6
	# of cf manipulations: 	61
	# of memory operations: 205
	# of types: 			286


Using pass: pass_libfirm_remove_tuples -- No improvement
	# of nodes: 			1234
	# of irgs: 				6
	# of cf manipulations: 	61
	# of memory operations: 205
	# of types: 			286



Using pass: pass_remove_allocs
	 :: Pass failed on irg 'r_func_2' -- No improvement
	# of nodes: 			1234
	# of irgs: 				6
	# of cf manipulations: 	61
	# of memory operations: 205
	# of types: 			286



Using pass: pass_libfirm_optimize_cf -- Successful
	# of nodes: 			1203
	# of irgs: 				6
	# of cf manipulations: 	52
	# of memory operations: 205
	# of types: 			286



Using pass: pass_libfirm_remove_tuples -- No improvement
	# of nodes: 			1203
	# of irgs: 				6
	# of cf manipulations: 	52
	# of memory operations: 205
	# of types: 			286



Using pass: pass_libfirm_optimize_graph_df -- Successful
	# of nodes: 			1018
	# of irgs: 				6
	# of cf manipulations: 	49
	# of memory operations: 190
	# of types: 			286



Using pass: pass_libfirm_opt_jumpthreading -- Successful
	# of nodes: 			1052
	# of irgs: 				6
	# of cf manipulations: 	66
	# of memory operations: 190
	# of types: 			286



Using pass: pass_libfirm_remove_bads -- Successful
	# of nodes: 			1036
	# of irgs: 				6
	# of cf manipulations: 	66
	# of memory operations: 190
	# of types: 			286



Using pass: pass_libfirm_remove_bads -- No improvement
	# of nodes: 			1036
	# of irgs: 				6
	# of cf manipulations: 	66
	# of memory operations: 190
	# of types: 			286



Using pass: pass_libfirm_opt_frame -- No improvement
	# of nodes: 			1036
	# of irgs: 				6
	# of cf manipulations: 	66
	# of memory operations: 190
	# of types: 			286



Using pass: pass_libfirm_gvn_pre -- No improvement
	# of nodes: 			1036
	# of irgs: 				6
	# of cf manipulations: 	66
	# of memory operations: 190
	# of types: 			286



Using pass: pass_libfirm_do_loop_unrolling -- No improvement
	# of nodes: 			1036
	# of irgs: 				6
	# of cf manipulations: 	66
	# of memory operations: 190
	# of types: 			286



Using pass: pass_replace_switch_selectors -- No improvement
	# of nodes: 			1036
	# of irgs: 				6
	# of cf manipulations: 	66
	# of memory operations: 190
	# of types: 			286



Using pass: pass_gc_irgs_primitive
	 :: interestingness test failed on irg 'r_func_2'
	 :: interestingness test failed on irg 'r_func_2'
	 :: interestingness test failed on irg 'r_func_1' -- Successful
	# of nodes: 			901
	# of irgs: 				5
	# of cf manipulations: 	55
	# of memory operations: 167
	# of types: 			286



Using pass: pass_libfirm_opt_if_conv -- No improvement
	# of nodes: 			901
	# of irgs: 				5
	# of cf manipulations: 	55
	# of memory operations: 167
	# of types: 			286



Using pass: pass_libfirm_remove_bads -- No improvement
	# of nodes: 			901
	# of irgs: 				5
	# of cf manipulations: 	55
	# of memory operations: 167
	# of types: 			286



Using pass: pass_libfirm_opt_frame -- No improvement
	# of nodes: 			901
	# of irgs: 				5
	# of cf manipulations: 	55
	# of memory operations: 167
	# of types: 			286



Using pass: pass_libfirm_opt_tail_rec -- Successful
	# of nodes: 			893
	# of irgs: 				5
	# of cf manipulations: 	54
	# of memory operations: 166
	# of types: 			286



Using pass: pass_libfirm_gvn_pre -- No improvement
	# of nodes: 			893
	# of irgs: 				5
	# of cf manipulations: 	54
	# of memory operations: 166
	# of types: 			286



Using pass: pass_gc_entitites -- No improvement
	# of nodes: 			893
	# of irgs: 				5
	# of cf manipulations: 	54
	# of memory operations: 166
	# of types: 			286



Using pass: pass_gc_entitites -- No improvement
	# of nodes: 			893
	# of irgs: 				5
	# of cf manipulations: 	54
	# of memory operations: 166
	# of types: 			286



Using pass: pass_libfirm_opt_jumpthreading -- No improvement
	# of nodes: 			893
	# of irgs: 				5
	# of cf manipulations: 	54
	# of memory operations: 166
	# of types: 			286



Using pass: pass_libfirm_do_loop_inversion -- No improvement
	# of nodes: 			893
	# of irgs: 				5
	# of cf manipulations: 	54
	# of memory operations: 166
	# of types: 			286



Using pass: pass_libfirm_occult_consts
	 :: interestingness test failed on irg 'r_func_2' -- No improvement
	# of nodes: 			893
	# of irgs: 				5
	# of cf manipulations: 	54
	# of memory operations: 166
	# of types: 			286



Using pass: pass_libfirm_opt_bool -- No improvement
	# of nodes: 			893
	# of irgs: 				5
	# of cf manipulations: 	54
	# of memory operations: 166
	# of types: 			286



Using pass: pass_libfirm_do_loop_unrolling -- No improvement
	# of nodes: 			893
	# of irgs: 				5
	# of cf manipulations: 	54
	# of memory operations: 166
	# of types: 			286



Using pass: pass_libfirm_opt_blocks -- Successful
	# of nodes: 			888
	# of irgs: 				5
	# of cf manipulations: 	52
	# of memory operations: 166
	# of types: 			286



Using pass: pass_remove_allocs -- Successful
	# of nodes: 			878
	# of irgs: 				5
	# of cf manipulations: 	52
	# of memory operations: 160
	# of types: 			286



Using pass: pass_libfirm_remove_critical_cf_edges -- No improvement
	# of nodes: 			878
	# of irgs: 				5
	# of cf manipulations: 	52
	# of memory operations: 160
	# of types: 			286



Using pass: pass_libfirm_construct_confirms -- Successful
	# of nodes: 			881
	# of irgs: 				5
	# of cf manipulations: 	52
	# of memory operations: 160
	# of types: 			286



Using pass: pass_libfirm_combo -- Successful
	# of nodes: 			647
	# of irgs: 				5
	# of cf manipulations: 	41
	# of memory operations: 124
	# of types: 			286



Using pass: pass_libfirm_opt_parallelize_mem -- Successful
	# of nodes: 			652
	# of irgs: 				5
	# of cf manipulations: 	41
	# of memory operations: 124
	# of types: 			286



Using pass: pass_libfirm_normalize_n_returns -- Successful
	# of nodes: 			648
	# of irgs: 				5
	# of cf manipulations: 	40
	# of memory operations: 124
	# of types: 			286



Using pass: pass_libfirm_normalize_n_returns -- No improvement
	# of nodes: 			648
	# of irgs: 				5
	# of cf manipulations: 	40
	# of memory operations: 124
	# of types: 			286



Using pass: pass_libfirm_dead_code_elimination -- No improvement
	# of nodes: 			648
	# of irgs: 				5
	# of cf manipulations: 	40
	# of memory operations: 124
	# of types: 			286



Using pass: pass_libfirm_opt_parallelize_mem -- No improvement
	# of nodes: 			648
	# of irgs: 				5
	# of cf manipulations: 	40
	# of memory operations: 124
	# of types: 			286



Using pass: pass_libfirm_dead_code_elimination -- No improvement
	# of nodes: 			648
	# of irgs: 				5
	# of cf manipulations: 	40
	# of memory operations: 124
	# of types: 			286



Using pass: pass_libfirm_remove_tuples -- No improvement
	# of nodes: 			648
	# of irgs: 				5
	# of cf manipulations: 	40
	# of memory operations: 124
	# of types: 			286



Using pass: pass_libfirm_remove_tuples -- No improvement
	# of nodes: 			648
	# of irgs: 				5
	# of cf manipulations: 	40
	# of memory operations: 124
	# of types: 			286



Using pass: pass_libfirm_dead_code_elimination -- No improvement
	# of nodes: 			648
	# of irgs: 				5
	# of cf manipulations: 	40
	# of memory operations: 124
	# of types: 			286



Using pass: pass_libfirm_combo -- No improvement
	# of nodes: 			648
	# of irgs: 				5
	# of cf manipulations: 	40
	# of memory operations: 124
	# of types: 			286



Using pass: pass_libfirm_remove_critical_cf_edges -- No improvement
	# of nodes: 			648
	# of irgs: 				5
	# of cf manipulations: 	40
	# of memory operations: 124
	# of types: 			286



Using pass: pass_check_validity -- No improvement
	# of nodes: 			648
	# of irgs: 				5
	# of cf manipulations: 	40
	# of memory operations: 124
	# of types: 			286



Using pass: pass_gc_irgs_primitive
	 :: interestingness test failed on irg 'r_func_3' -- Successful
	# of nodes: 			478
	# of irgs: 				4
	# of cf manipulations: 	27
	# of memory operations: 95
	# of types: 			286



Using pass: pass_replace_return_values -- Successful
	# of nodes: 			463
	# of irgs: 				4
	# of cf manipulations: 	29
	# of memory operations: 95
	# of types: 			286



Using pass: pass_remove_void_calls -- No improvement
	# of nodes: 			463
	# of irgs: 				4
	# of cf manipulations: 	29
	# of memory operations: 95
	# of types: 			286



Using pass: pass_libfirm_conv_opt -- No improvement
	# of nodes: 			463
	# of irgs: 				4
	# of cf manipulations: 	29
	# of memory operations: 95
	# of types: 			286



Using pass: pass_libfirm_combo -- No improvement
	# of nodes: 			463
	# of irgs: 				4
	# of cf manipulations: 	29
	# of memory operations: 95
	# of types: 			286



Using pass: pass_libfirm_do_loop_inversion -- No improvement
	# of nodes: 			463
	# of irgs: 				4
	# of cf manipulations: 	29
	# of memory operations: 95
	# of types: 			286



Using pass: pass_libfirm_opt_blocks -- Successful
	# of nodes: 			454
	# of irgs: 				4
	# of cf manipulations: 	26
	# of memory operations: 95
	# of types: 			286



Using pass: pass_libfirm_opt_blocks -- No improvement
	# of nodes: 			454
	# of irgs: 				4
	# of cf manipulations: 	26
	# of memory operations: 95
	# of types: 			286



Using pass: pass_libfirm_remove_tuples -- No improvement
	# of nodes: 			454
	# of irgs: 				4
	# of cf manipulations: 	26
	# of memory operations: 95
	# of types: 			286



Using pass: pass_libfirm_scalar_replacement_opt -- No improvement
	# of nodes: 			454
	# of irgs: 				4
	# of cf manipulations: 	26
	# of memory operations: 95
	# of types: 			286



Using pass: pass_libfirm_do_loop_inversion -- No improvement
	# of nodes: 			454
	# of irgs: 				4
	# of cf manipulations: 	26
	# of memory operations: 95
	# of types: 			286



Using pass: pass_libfirm_opt_frame -- No improvement
	# of nodes: 			454
	# of irgs: 				4
	# of cf manipulations: 	26
	# of memory operations: 95
	# of types: 			286



Using pass: pass_replace_members -- No improvement
	# of nodes: 			454
	# of irgs: 				4
	# of cf manipulations: 	26
	# of memory operations: 95
	# of types: 			286



Using pass: pass_replace_switch_selectors -- No improvement
	# of nodes: 			454
	# of irgs: 				4
	# of cf manipulations: 	26
	# of memory operations: 95
	# of types: 			286



Using pass: pass_replace_members -- No improvement
	# of nodes: 			454
	# of irgs: 				4
	# of cf manipulations: 	26
	# of memory operations: 95
	# of types: 			286



Using pass: pass_libfirm_construct_confirms -- No improvement
	# of nodes: 			454
	# of irgs: 				4
	# of cf manipulations: 	26
	# of memory operations: 95
	# of types: 			286



Using pass: pass_libfirm_combo -- No improvement
	# of nodes: 			454
	# of irgs: 				4
	# of cf manipulations: 	26
	# of memory operations: 95
	# of types: 			286



Using pass: pass_libfirm_gvn_pre -- No improvement
	# of nodes: 			454
	# of irgs: 				4
	# of cf manipulations: 	26
	# of memory operations: 95
	# of types: 			286



Using pass: pass_libfirm_gvn_pre -- No improvement
	# of nodes: 			454
	# of irgs: 				4
	# of cf manipulations: 	26
	# of memory operations: 95
	# of types: 			286



Using pass: pass_libfirm_opt_jumpthreading -- No improvement
	# of nodes: 			454
	# of irgs: 				4
	# of cf manipulations: 	26
	# of memory operations: 95
	# of types: 			286



Using pass: pass_replace_arithmetic -- Successful
	# of nodes: 			394
	# of irgs: 				4
	# of cf manipulations: 	25
	# of memory operations: 91
	# of types: 			286



Using pass: pass_replace_proj_primitive -- Successful
	# of nodes: 			194
	# of irgs: 				4
	# of cf manipulations: 	9
	# of memory operations: 58
	# of types: 			286



Using pass: pass_libfirm_remove_tuples -- No improvement
	# of nodes: 			194
	# of irgs: 				4
	# of cf manipulations: 	9
	# of memory operations: 58
	# of types: 			286



Using pass: pass_libfirm_opt_parallelize_mem -- No improvement
	# of nodes: 			194
	# of irgs: 				4
	# of cf manipulations: 	9
	# of memory operations: 58
	# of types: 			286



Using pass: pass_libfirm_construct_confirms -- No improvement
	# of nodes: 			194
	# of irgs: 				4
	# of cf manipulations: 	9
	# of memory operations: 58
	# of types: 			286



Using pass: pass_libfirm_construct_confirms -- No improvement
	# of nodes: 			194
	# of irgs: 				4
	# of cf manipulations: 	9
	# of memory operations: 58
	# of types: 			286



Using pass: pass_libfirm_opt_bool -- No improvement
	# of nodes: 			194
	# of irgs: 				4
	# of cf manipulations: 	9
	# of memory operations: 58
	# of types: 			286



Using pass: pass_libfirm_do_loop_inversion -- No improvement
	# of nodes: 			194
	# of irgs: 				4
	# of cf manipulations: 	9
	# of memory operations: 58
	# of types: 			286



Using pass: pass_remove_allocs -- Successful
	# of nodes: 			119
	# of irgs: 				4
	# of cf manipulations: 	9
	# of memory operations: 28
	# of types: 			286



Using pass: pass_libfirm_normalize_n_returns -- No improvement
	# of nodes: 			119
	# of irgs: 				4
	# of cf manipulations: 	9
	# of memory operations: 28
	# of types: 			286



Using pass: pass_libfirm_opt_tail_rec -- No improvement
	# of nodes: 			119
	# of irgs: 				4
	# of cf manipulations: 	9
	# of memory operations: 28
	# of types: 			286



Using pass: pass_gc_entitites -- No improvement
	# of nodes: 			119
	# of irgs: 				4
	# of cf manipulations: 	9
	# of memory operations: 28
	# of types: 			286



Using pass: pass_libfirm_do_loop_peeling
	 :: Pass failed on irg 'r_func_3' -- No improvement
	# of nodes: 			119
	# of irgs: 				4
	# of cf manipulations: 	9
	# of memory operations: 28
	# of types: 			286



Using pass: pass_libfirm_opt_blocks -- No improvement
	# of nodes: 			119
	# of irgs: 				4
	# of cf manipulations: 	9
	# of memory operations: 28
	# of types: 			286



Using pass: pass_libfirm_normalize_one_return -- No improvement
	# of nodes: 			119
	# of irgs: 				4
	# of cf manipulations: 	9
	# of memory operations: 28
	# of types: 			286



Using pass: pass_gc_irgs -- Successful
	# of nodes: 			7
	# of irgs: 				1
	# of cf manipulations: 	2
	# of memory operations: 0
	# of types: 			286



Using pass: pass_libfirm_opt_frame -- No improvement
	# of nodes: 			7
	# of irgs: 				1
	# of cf manipulations: 	2
	# of memory operations: 0
	# of types: 			286



Using pass: pass_libfirm_opt_bool -- No improvement
	# of nodes: 			7
	# of irgs: 				1
	# of cf manipulations: 	2
	# of memory operations: 0
	# of types: 			286



Using pass: pass_gc_irgs_primitive -- No improvement
	# of nodes: 			7
	# of irgs: 				1
	# of cf manipulations: 	2
	# of memory operations: 0
	# of types: 			286



Using pass: pass_libfirm_do_loop_peeling -- No improvement
	# of nodes: 			7
	# of irgs: 				1
	# of cf manipulations: 	2
	# of memory operations: 0
	# of types: 			286



Using pass: pass_libfirm_optimize_graph_df -- No improvement
	# of nodes: 			7
	# of irgs: 				1
	# of cf manipulations: 	2
	# of memory operations: 0
	# of types: 			286



Using pass: pass_libfirm_combo -- No improvement
	# of nodes: 			7
	# of irgs: 				1
	# of cf manipulations: 	2
	# of memory operations: 0
	# of types: 			286



Using pass: pass_libfirm_normalize_n_returns -- No improvement
	# of nodes: 			7
	# of irgs: 				1
	# of cf manipulations: 	2
	# of memory operations: 0
	# of types: 			286



Using pass: pass_libfirm_normalize_one_return -- No improvement
	# of nodes: 			7
	# of irgs: 				1
	# of cf manipulations: 	2
	# of memory operations: 0
	# of types: 			286



Using pass: pass_libfirm_gvn_pre -- No improvement
	# of nodes: 			7
	# of irgs: 				1
	# of cf manipulations: 	2
	# of memory operations: 0
	# of types: 			286



Using pass: pass_libfirm_opt_funccalls -- No improvement
	# of nodes: 			7
	# of irgs: 				1
	# of cf manipulations: 	2
	# of memory operations: 0
	# of types: 			286



Using pass: pass_libfirm_remove_unreachable -- No improvement
	# of nodes: 			7
	# of irgs: 				1
	# of cf manipulations: 	2
	# of memory operations: 0
	# of types: 			286



Using pass: pass_libfirm_normalize_one_return -- No improvement
	# of nodes: 			7
	# of irgs: 				1
	# of cf manipulations: 	2
	# of memory operations: 0
	# of types: 			286



Using pass: pass_libfirm_opt_funccalls -- No improvement
	# of nodes: 			7
	# of irgs: 				1
	# of cf manipulations: 	2
	# of memory operations: 0
	# of types: 			286



Using pass: pass_gc_irgs_primitive -- No improvement
	# of nodes: 			7
	# of irgs: 				1
	# of cf manipulations: 	2
	# of memory operations: 0
	# of types: 			286



Using pass: pass_libfirm_opt_if_conv -- No improvement
	# of nodes: 			7
	# of irgs: 				1
	# of cf manipulations: 	2
	# of memory operations: 0
	# of types: 			286



Using pass: pass_libfirm_opt_frame -- No improvement
	# of nodes: 			7
	# of irgs: 				1
	# of cf manipulations: 	2
	# of memory operations: 0
	# of types: 			286



Using pass: pass_libfirm_opt_ldst
	 :: Pass failed on irg 'main' -- No improvement
	# of nodes: 			7
	# of irgs: 				1
	# of cf manipulations: 	2
	# of memory operations: 0
	# of types: 			286



Using pass: pass_libfirm_opt_if_conv -- No improvement
	# of nodes: 			7
	# of irgs: 				1
	# of cf manipulations: 	2
	# of memory operations: 0
	# of types: 			286



Using pass: pass_replace_arithmetic -- No improvement
	# of nodes: 			7
	# of irgs: 				1
	# of cf manipulations: 	2
	# of memory operations: 0
	# of types: 			286



Using pass: pass_libfirm_do_loop_unrolling -- No improvement
	# of nodes: 			7
	# of irgs: 				1
	# of cf manipulations: 	2
	# of memory operations: 0
	# of types: 			286



Using pass: pass_libfirm_remove_tuples -- No improvement
	# of nodes: 			7
	# of irgs: 				1
	# of cf manipulations: 	2
	# of memory operations: 0
	# of types: 			286



Using pass: pass_libfirm_do_loop_inversion -- No improvement
	# of nodes: 			7
	# of irgs: 				1
	# of cf manipulations: 	2
	# of memory operations: 0
	# of types: 			286



Using pass: pass_libfirm_opt_frame -- No improvement
	# of nodes: 			7
	# of irgs: 				1
	# of cf manipulations: 	2
	# of memory operations: 0
	# of types: 			286



Using pass: pass_libfirm_do_loop_peeling -- No improvement
	# of nodes: 			7
	# of irgs: 				1
	# of cf manipulations: 	2
	# of memory operations: 0
	# of types: 			286



Using pass: pass_gc_irgs -- No improvement
	# of nodes: 			7
	# of irgs: 				1
	# of cf manipulations: 	2
	# of memory operations: 0
	# of types: 			286



Using pass: pass_libfirm_conv_opt -- No improvement
	# of nodes: 			7
	# of irgs: 				1
	# of cf manipulations: 	2
	# of memory operations: 0
	# of types: 			286



Using pass: pass_libfirm_do_loop_peeling -- No improvement
	# of nodes: 			7
	# of irgs: 				1
	# of cf manipulations: 	2
	# of memory operations: 0
	# of types: 			286



Using pass: pass_libfirm_do_loop_inversion -- No improvement
	# of nodes: 			7
	# of irgs: 				1
	# of cf manipulations: 	2
	# of memory operations: 0
	# of types: 			286



Using pass: pass_replace_loads -- No improvement
	# of nodes: 			7
	# of irgs: 				1
	# of cf manipulations: 	2
	# of memory operations: 0
	# of types: 			286



Using pass: pass_libfirm_conv_opt -- No improvement
	# of nodes: 			7
	# of irgs: 				1
	# of cf manipulations: 	2
	# of memory operations: 0
	# of types: 			286



Using pass: pass_libfirm_remove_unreachable -- No improvement
	# of nodes: 			7
	# of irgs: 				1
	# of cf manipulations: 	2
	# of memory operations: 0
	# of types: 			286



Using pass: pass_libfirm_dead_code_elimination -- No improvement
	# of nodes: 			7
	# of irgs: 				1
	# of cf manipulations: 	2
	# of memory operations: 0
	# of types: 			286



Using pass: pass_libfirm_conv_opt -- No improvement
	# of nodes: 			7
	# of irgs: 				1
	# of cf manipulations: 	2
	# of memory operations: 0
	# of types: 			286



Using pass: pass_replace_members -- No improvement
	# of nodes: 			7
	# of irgs: 				1
	# of cf manipulations: 	2
	# of memory operations: 0
	# of types: 			286



Using pass: pass_libfirm_optimize_cf -- No improvement
	# of nodes: 			7
	# of irgs: 				1
	# of cf manipulations: 	2
	# of memory operations: 0
	# of types: 			286



Using pass: pass_gc_irgs -- No improvement
	# of nodes: 			7
	# of irgs: 				1
	# of cf manipulations: 	2
	# of memory operations: 0
	# of types: 			286



Using pass: pass_libfirm_opt_blocks -- No improvement
	# of nodes: 			7
	# of irgs: 				1
	# of cf manipulations: 	2
	# of memory operations: 0
	# of types: 			286



Using pass: pass_libfirm_conv_opt -- No improvement
	# of nodes: 			7
	# of irgs: 				1
	# of cf manipulations: 	2
	# of memory operations: 0
	# of types: 			286



Using pass: pass_libfirm_opt_if_conv -- No improvement
	# of nodes: 			7
	# of irgs: 				1
	# of cf manipulations: 	2
	# of memory operations: 0
	# of types: 			286



Using pass: pass_libfirm_optimize_graph_df -- No improvement
	# of nodes: 			7
	# of irgs: 				1
	# of cf manipulations: 	2
	# of memory operations: 0
	# of types: 			286



Using pass: pass_libfirm_remove_bads -- No improvement
	# of nodes: 			7
	# of irgs: 				1
	# of cf manipulations: 	2
	# of memory operations: 0
	# of types: 			286



Using pass: pass_simplify_consts -- No improvement
	# of nodes: 			7
	# of irgs: 				1
	# of cf manipulations: 	2
	# of memory operations: 0
	# of types: 			286



Using pass: pass_libfirm_scalar_replacement_opt -- No improvement
	# of nodes: 			7
	# of irgs: 				1
	# of cf manipulations: 	2
	# of memory operations: 0
	# of types: 			286



Using pass: pass_libfirm_remove_critical_cf_edges -- No improvement
	# of nodes: 			7
	# of irgs: 				1
	# of cf manipulations: 	2
	# of memory operations: 0
	# of types: 			286



Using pass: pass_replace_proj_primitive -- No improvement
	# of nodes: 			7
	# of irgs: 				1
	# of cf manipulations: 	2
	# of memory operations: 0
	# of types: 			286



Using pass: pass_replace_cond_selectors -- No improvement
	# of nodes: 			7
	# of irgs: 				1
	# of cf manipulations: 	2
	# of memory operations: 0
	# of types: 			286



Using pass: pass_libfirm_optimize_reassociation -- No improvement
	# of nodes: 			7
	# of irgs: 				1
	# of cf manipulations: 	2
	# of memory operations: 0
	# of types: 			286



Using pass: pass_replace_arithmetic -- No improvement
	# of nodes: 			7
	# of irgs: 				1
	# of cf manipulations: 	2
	# of memory operations: 0
	# of types: 			286



Using pass: pass_libfirm_do_loop_peeling -- No improvement
	# of nodes: 			7
	# of irgs: 				1
	# of cf manipulations: 	2
	# of memory operations: 0
	# of types: 			286



Using pass: pass_libfirm_conv_opt -- No improvement
	# of nodes: 			7
	# of irgs: 				1
	# of cf manipulations: 	2
	# of memory operations: 0
	# of types: 			286



Using pass: pass_libfirm_occult_consts -- No improvement
	# of nodes: 			7
	# of irgs: 				1
	# of cf manipulations: 	2
	# of memory operations: 0
	# of types: 			286



Using pass: pass_replace_proj_primitive -- No improvement
	# of nodes: 			7
	# of irgs: 				1
	# of cf manipulations: 	2
	# of memory operations: 0
	# of types: 			286



Using pass: pass_libfirm_occult_consts -- No improvement
	# of nodes: 			7
	# of irgs: 				1
	# of cf manipulations: 	2
	# of memory operations: 0
	# of types: 			286



Using pass: pass_replace_cond_selectors -- No improvement
	# of nodes: 			7
	# of irgs: 				1
	# of cf manipulations: 	2
	# of memory operations: 0
	# of types: 			286



Using pass: pass_libfirm_opt_blocks -- No improvement
	# of nodes: 			7
	# of irgs: 				1
	# of cf manipulations: 	2
	# of memory operations: 0
	# of types: 			286



Using pass: pass_libfirm_combo -- No improvement
	# of nodes: 			7
	# of irgs: 				1
	# of cf manipulations: 	2
	# of memory operations: 0
	# of types: 			286



Using pass: pass_replace_return_values -- No improvement
	# of nodes: 			7
	# of irgs: 				1
	# of cf manipulations: 	2
	# of memory operations: 0
	# of types: 			286



Using pass: pass_replace_mux_selectors -- No improvement
	# of nodes: 			7
	# of irgs: 				1
	# of cf manipulations: 	2
	# of memory operations: 0
	# of types: 			286



Using pass: pass_libfirm_do_loop_inversion -- No improvement
	# of nodes: 			7
	# of irgs: 				1
	# of cf manipulations: 	2
	# of memory operations: 0
	# of types: 			286



Using pass: pass_libfirm_opt_bool -- No improvement
	# of nodes: 			7
	# of irgs: 				1
	# of cf manipulations: 	2
	# of memory operations: 0
	# of types: 			286




 :: 2nd reduction cycle

Using pass: pass_gc_irgs_primitive -- Trying irg 'r_func_2' -- No improvement
Using pass: pass_gc_irgs_primitive -- Trying irg 'r_func_2' -- No improvement
Using pass: pass_gc_irgs_primitive -- Trying irg 'r_func_1' -- No improvement
Using pass: pass_libfirm_occult_consts -- Trying irg 'r_func_2' -- No improvement
Using pass: pass_gc_irgs_primitive -- Trying irg 'r_func_3' -- No improvement

______________________________

No further reduction possible.

Result:
	# of nodes: 			7
	# of irgs: 				1
	# of cf manipulations: 	2
	# of memory operations: 0
	# of types: 			286

2018-08-24 10:19:41