2018-08-23 20:51:22 -- Firmreduce -- Results

Initial Test-case size:
	# of nodes: 			12081
	# of irgs: 				4
	# of cf manipulations: 	268
	# of memory operations: 1771
	# of types: 			1966


Using pass: pass_libfirm_dead_code_elimination -- No improvement
	# of nodes: 			12081
	# of irgs: 				4
	# of cf manipulations: 	268
	# of memory operations: 1771
	# of types: 			1966



Using pass: pass_libfirm_occult_consts
	 :: interestingness test failed on irg '_main'
	 :: interestingness test failed on irg '_main' -- No improvement
	# of nodes: 			12081
	# of irgs: 				4
	# of cf manipulations: 	268
	# of memory operations: 1771
	# of types: 			1966



Using pass: pass_libfirm_conv_opt -- Successful
	# of nodes: 			9433
	# of irgs: 				4
	# of cf manipulations: 	268
	# of memory operations: 1729
	# of types: 			1966



Using pass: pass_libfirm_optimize_graph_df -- Successful
	# of nodes: 			539
	# of irgs: 				4
	# of cf manipulations: 	26
	# of memory operations: 129
	# of types: 			1966



Using pass: pass_replace_mux_selectors -- No improvement
	# of nodes: 			539
	# of irgs: 				4
	# of cf manipulations: 	26
	# of memory operations: 129
	# of types: 			1966



Using pass: pass_libfirm_scalar_replacement_opt -- No improvement
	# of nodes: 			539
	# of irgs: 				4
	# of cf manipulations: 	26
	# of memory operations: 129
	# of types: 			1966



Using pass: pass_libfirm_conv_opt -- No improvement
	# of nodes: 			539
	# of irgs: 				4
	# of cf manipulations: 	26
	# of memory operations: 129
	# of types: 			1966



Using pass: pass_replace_members -- No improvement
	# of nodes: 			539
	# of irgs: 				4
	# of cf manipulations: 	26
	# of memory operations: 129
	# of types: 			1966



Using pass: pass_libfirm_scalar_replacement_opt -- No improvement
	# of nodes: 			539
	# of irgs: 				4
	# of cf manipulations: 	26
	# of memory operations: 129
	# of types: 			1966



Using pass: pass_libfirm_opt_tail_rec -- Successful
	# of nodes: 			526
	# of irgs: 				4
	# of cf manipulations: 	26
	# of memory operations: 129
	# of types: 			1966



Using pass: pass_remove_stores -- Successful
	# of nodes: 			207
	# of irgs: 				4
	# of cf manipulations: 	11
	# of memory operations: 71
	# of types: 			1966



Using pass: pass_gc_irgs_primitive -- Successful
	# of nodes: 			7
	# of irgs: 				1
	# of cf manipulations: 	2
	# of memory operations: 0
	# of types: 			1966



Using pass: pass_libfirm_gvn_pre -- No improvement
	# of nodes: 			7
	# of irgs: 				1
	# of cf manipulations: 	2
	# of memory operations: 0
	# of types: 			1966



Using pass: pass_libfirm_opt_bool -- No improvement
	# of nodes: 			7
	# of irgs: 				1
	# of cf manipulations: 	2
	# of memory operations: 0
	# of types: 			1966



Using pass: pass_libfirm_normalize_n_returns -- No improvement
	# of nodes: 			7
	# of irgs: 				1
	# of cf manipulations: 	2
	# of memory operations: 0
	# of types: 			1966



Using pass: pass_libfirm_opt_funccalls -- No improvement
	# of nodes: 			7
	# of irgs: 				1
	# of cf manipulations: 	2
	# of memory operations: 0
	# of types: 			1966



Using pass: pass_libfirm_opt_if_conv -- No improvement
	# of nodes: 			7
	# of irgs: 				1
	# of cf manipulations: 	2
	# of memory operations: 0
	# of types: 			1966



Using pass: pass_libfirm_opt_jumpthreading -- No improvement
	# of nodes: 			7
	# of irgs: 				1
	# of cf manipulations: 	2
	# of memory operations: 0
	# of types: 			1966



Using pass: pass_replace_return_values -- No improvement
	# of nodes: 			7
	# of irgs: 				1
	# of cf manipulations: 	2
	# of memory operations: 0
	# of types: 			1966



Using pass: pass_replace_members -- No improvement
	# of nodes: 			7
	# of irgs: 				1
	# of cf manipulations: 	2
	# of memory operations: 0
	# of types: 			1966



Using pass: pass_libfirm_normalize_n_returns -- No improvement
	# of nodes: 			7
	# of irgs: 				1
	# of cf manipulations: 	2
	# of memory operations: 0
	# of types: 			1966



Using pass: pass_libfirm_combo -- No improvement
	# of nodes: 			7
	# of irgs: 				1
	# of cf manipulations: 	2
	# of memory operations: 0
	# of types: 			1966



Using pass: pass_replace_arithmetic -- No improvement
	# of nodes: 			7
	# of irgs: 				1
	# of cf manipulations: 	2
	# of memory operations: 0
	# of types: 			1966



Using pass: pass_libfirm_dead_code_elimination -- No improvement
	# of nodes: 			7
	# of irgs: 				1
	# of cf manipulations: 	2
	# of memory operations: 0
	# of types: 			1966



Using pass: pass_libfirm_opt_funccalls -- No improvement
	# of nodes: 			7
	# of irgs: 				1
	# of cf manipulations: 	2
	# of memory operations: 0
	# of types: 			1966



Using pass: pass_check_validity -- No improvement
	# of nodes: 			7
	# of irgs: 				1
	# of cf manipulations: 	2
	# of memory operations: 0
	# of types: 			1966



Using pass: pass_remove_allocs -- No improvement
	# of nodes: 			7
	# of irgs: 				1
	# of cf manipulations: 	2
	# of memory operations: 0
	# of types: 			1966



Using pass: pass_libfirm_opt_jumpthreading -- No improvement
	# of nodes: 			7
	# of irgs: 				1
	# of cf manipulations: 	2
	# of memory operations: 0
	# of types: 			1966



Using pass: pass_libfirm_opt_ldst
	 :: Pass failed on irg 'main' -- No improvement
	# of nodes: 			7
	# of irgs: 				1
	# of cf manipulations: 	2
	# of memory operations: 0
	# of types: 			1966



Using pass: pass_check_validity -- No improvement
	# of nodes: 			7
	# of irgs: 				1
	# of cf manipulations: 	2
	# of memory operations: 0
	# of types: 			1966



Using pass: pass_libfirm_do_loop_unrolling -- No improvement
	# of nodes: 			7
	# of irgs: 				1
	# of cf manipulations: 	2
	# of memory operations: 0
	# of types: 			1966



Using pass: pass_libfirm_combo -- No improvement
	# of nodes: 			7
	# of irgs: 				1
	# of cf manipulations: 	2
	# of memory operations: 0
	# of types: 			1966



Using pass: pass_libfirm_opt_parallelize_mem -- No improvement
	# of nodes: 			7
	# of irgs: 				1
	# of cf manipulations: 	2
	# of memory operations: 0
	# of types: 			1966



Using pass: pass_libfirm_do_loop_peeling -- No improvement
	# of nodes: 			7
	# of irgs: 				1
	# of cf manipulations: 	2
	# of memory operations: 0
	# of types: 			1966



Using pass: pass_libfirm_opt_funccalls -- No improvement
	# of nodes: 			7
	# of irgs: 				1
	# of cf manipulations: 	2
	# of memory operations: 0
	# of types: 			1966



Using pass: pass_libfirm_remove_critical_cf_edges -- No improvement
	# of nodes: 			7
	# of irgs: 				1
	# of cf manipulations: 	2
	# of memory operations: 0
	# of types: 			1966



Using pass: pass_libfirm_normalize_n_returns -- No improvement
	# of nodes: 			7
	# of irgs: 				1
	# of cf manipulations: 	2
	# of memory operations: 0
	# of types: 			1966



Using pass: pass_libfirm_opt_jumpthreading -- No improvement
	# of nodes: 			7
	# of irgs: 				1
	# of cf manipulations: 	2
	# of memory operations: 0
	# of types: 			1966



Using pass: pass_remove_allocs -- No improvement
	# of nodes: 			7
	# of irgs: 				1
	# of cf manipulations: 	2
	# of memory operations: 0
	# of types: 			1966



Using pass: pass_check_validity -- No improvement
	# of nodes: 			7
	# of irgs: 				1
	# of cf manipulations: 	2
	# of memory operations: 0
	# of types: 			1966



Using pass: pass_libfirm_dead_code_elimination -- No improvement
	# of nodes: 			7
	# of irgs: 				1
	# of cf manipulations: 	2
	# of memory operations: 0
	# of types: 			1966



Using pass: pass_replace_proj_primitive -- No improvement
	# of nodes: 			7
	# of irgs: 				1
	# of cf manipulations: 	2
	# of memory operations: 0
	# of types: 			1966



Using pass: pass_check_validity -- No improvement
	# of nodes: 			7
	# of irgs: 				1
	# of cf manipulations: 	2
	# of memory operations: 0
	# of types: 			1966



Using pass: pass_libfirm_place_code -- No improvement
	# of nodes: 			7
	# of irgs: 				1
	# of cf manipulations: 	2
	# of memory operations: 0
	# of types: 			1966



Using pass: pass_replace_return_values -- No improvement
	# of nodes: 			7
	# of irgs: 				1
	# of cf manipulations: 	2
	# of memory operations: 0
	# of types: 			1966



Using pass: pass_replace_loads -- No improvement
	# of nodes: 			7
	# of irgs: 				1
	# of cf manipulations: 	2
	# of memory operations: 0
	# of types: 			1966



Using pass: pass_libfirm_remove_tuples -- No improvement
	# of nodes: 			7
	# of irgs: 				1
	# of cf manipulations: 	2
	# of memory operations: 0
	# of types: 			1966



Using pass: pass_libfirm_optimize_cf -- No improvement
	# of nodes: 			7
	# of irgs: 				1
	# of cf manipulations: 	2
	# of memory operations: 0
	# of types: 			1966



Using pass: pass_remove_void_calls -- No improvement
	# of nodes: 			7
	# of irgs: 				1
	# of cf manipulations: 	2
	# of memory operations: 0
	# of types: 			1966



Using pass: pass_libfirm_optimize_load_store -- No improvement
	# of nodes: 			7
	# of irgs: 				1
	# of cf manipulations: 	2
	# of memory operations: 0
	# of types: 			1966



Using pass: pass_libfirm_opt_if_conv -- No improvement
	# of nodes: 			7
	# of irgs: 				1
	# of cf manipulations: 	2
	# of memory operations: 0
	# of types: 			1966



Using pass: pass_libfirm_combo -- No improvement
	# of nodes: 			7
	# of irgs: 				1
	# of cf manipulations: 	2
	# of memory operations: 0
	# of types: 			1966



Using pass: pass_replace_proj_primitive -- No improvement
	# of nodes: 			7
	# of irgs: 				1
	# of cf manipulations: 	2
	# of memory operations: 0
	# of types: 			1966



Using pass: pass_gc_irgs_primitive -- No improvement
	# of nodes: 			7
	# of irgs: 				1
	# of cf manipulations: 	2
	# of memory operations: 0
	# of types: 			1966



Using pass: pass_libfirm_optimize_reassociation -- No improvement
	# of nodes: 			7
	# of irgs: 				1
	# of cf manipulations: 	2
	# of memory operations: 0
	# of types: 			1966



Using pass: pass_libfirm_dead_code_elimination -- No improvement
	# of nodes: 			7
	# of irgs: 				1
	# of cf manipulations: 	2
	# of memory operations: 0
	# of types: 			1966



Using pass: pass_libfirm_opt_jumpthreading -- No improvement
	# of nodes: 			7
	# of irgs: 				1
	# of cf manipulations: 	2
	# of memory operations: 0
	# of types: 			1966



Using pass: pass_libfirm_remove_tuples -- No improvement
	# of nodes: 			7
	# of irgs: 				1
	# of cf manipulations: 	2
	# of memory operations: 0
	# of types: 			1966



Using pass: pass_libfirm_occult_consts -- No improvement
	# of nodes: 			7
	# of irgs: 				1
	# of cf manipulations: 	2
	# of memory operations: 0
	# of types: 			1966



Using pass: pass_libfirm_construct_confirms -- No improvement
	# of nodes: 			7
	# of irgs: 				1
	# of cf manipulations: 	2
	# of memory operations: 0
	# of types: 			1966



Using pass: pass_libfirm_opt_bool -- No improvement
	# of nodes: 			7
	# of irgs: 				1
	# of cf manipulations: 	2
	# of memory operations: 0
	# of types: 			1966



Using pass: pass_libfirm_scalar_replacement_opt -- No improvement
	# of nodes: 			7
	# of irgs: 				1
	# of cf manipulations: 	2
	# of memory operations: 0
	# of types: 			1966



Using pass: pass_simplify_consts -- No improvement
	# of nodes: 			7
	# of irgs: 				1
	# of cf manipulations: 	2
	# of memory operations: 0
	# of types: 			1966



Using pass: pass_remove_stores -- No improvement
	# of nodes: 			7
	# of irgs: 				1
	# of cf manipulations: 	2
	# of memory operations: 0
	# of types: 			1966



Using pass: pass_libfirm_opt_tail_rec -- No improvement
	# of nodes: 			7
	# of irgs: 				1
	# of cf manipulations: 	2
	# of memory operations: 0
	# of types: 			1966



Using pass: pass_libfirm_combo -- No improvement
	# of nodes: 			7
	# of irgs: 				1
	# of cf manipulations: 	2
	# of memory operations: 0
	# of types: 			1966



Using pass: pass_libfirm_opt_funccalls -- No improvement
	# of nodes: 			7
	# of irgs: 				1
	# of cf manipulations: 	2
	# of memory operations: 0
	# of types: 			1966



Using pass: pass_libfirm_opt_ldst
	 :: Pass failed on irg 'main' -- No improvement
	# of nodes: 			7
	# of irgs: 				1
	# of cf manipulations: 	2
	# of memory operations: 0
	# of types: 			1966



Using pass: pass_libfirm_optimize_graph_df -- No improvement
	# of nodes: 			7
	# of irgs: 				1
	# of cf manipulations: 	2
	# of memory operations: 0
	# of types: 			1966



Using pass: pass_libfirm_construct_confirms -- No improvement
	# of nodes: 			7
	# of irgs: 				1
	# of cf manipulations: 	2
	# of memory operations: 0
	# of types: 			1966



Using pass: pass_remove_stores -- No improvement
	# of nodes: 			7
	# of irgs: 				1
	# of cf manipulations: 	2
	# of memory operations: 0
	# of types: 			1966



Using pass: pass_libfirm_dead_code_elimination -- No improvement
	# of nodes: 			7
	# of irgs: 				1
	# of cf manipulations: 	2
	# of memory operations: 0
	# of types: 			1966



Using pass: pass_replace_switch_selectors -- No improvement
	# of nodes: 			7
	# of irgs: 				1
	# of cf manipulations: 	2
	# of memory operations: 0
	# of types: 			1966



Using pass: pass_libfirm_opt_ldst
	 :: Pass failed on irg 'main' -- No improvement
	# of nodes: 			7
	# of irgs: 				1
	# of cf manipulations: 	2
	# of memory operations: 0
	# of types: 			1966



Using pass: pass_libfirm_place_code -- No improvement
	# of nodes: 			7
	# of irgs: 				1
	# of cf manipulations: 	2
	# of memory operations: 0
	# of types: 			1966



Using pass: pass_libfirm_scalar_replacement_opt -- No improvement
	# of nodes: 			7
	# of irgs: 				1
	# of cf manipulations: 	2
	# of memory operations: 0
	# of types: 			1966



Using pass: pass_libfirm_opt_jumpthreading -- No improvement
	# of nodes: 			7
	# of irgs: 				1
	# of cf manipulations: 	2
	# of memory operations: 0
	# of types: 			1966



Using pass: pass_remove_allocs -- No improvement
	# of nodes: 			7
	# of irgs: 				1
	# of cf manipulations: 	2
	# of memory operations: 0
	# of types: 			1966



Using pass: pass_libfirm_opt_funccalls -- No improvement
	# of nodes: 			7
	# of irgs: 				1
	# of cf manipulations: 	2
	# of memory operations: 0
	# of types: 			1966



Using pass: pass_replace_arithmetic -- No improvement
	# of nodes: 			7
	# of irgs: 				1
	# of cf manipulations: 	2
	# of memory operations: 0
	# of types: 			1966



Using pass: pass_replace_arithmetic -- No improvement
	# of nodes: 			7
	# of irgs: 				1
	# of cf manipulations: 	2
	# of memory operations: 0
	# of types: 			1966



Using pass: pass_libfirm_opt_parallelize_mem -- No improvement
	# of nodes: 			7
	# of irgs: 				1
	# of cf manipulations: 	2
	# of memory operations: 0
	# of types: 			1966



Using pass: pass_libfirm_optimize_cf -- No improvement
	# of nodes: 			7
	# of irgs: 				1
	# of cf manipulations: 	2
	# of memory operations: 0
	# of types: 			1966



Using pass: pass_libfirm_opt_blocks -- No improvement
	# of nodes: 			7
	# of irgs: 				1
	# of cf manipulations: 	2
	# of memory operations: 0
	# of types: 			1966



Using pass: pass_libfirm_scalar_replacement_opt -- No improvement
	# of nodes: 			7
	# of irgs: 				1
	# of cf manipulations: 	2
	# of memory operations: 0
	# of types: 			1966



Using pass: pass_replace_proj_primitive -- No improvement
	# of nodes: 			7
	# of irgs: 				1
	# of cf manipulations: 	2
	# of memory operations: 0
	# of types: 			1966



Using pass: pass_libfirm_construct_confirms -- No improvement
	# of nodes: 			7
	# of irgs: 				1
	# of cf manipulations: 	2
	# of memory operations: 0
	# of types: 			1966



Using pass: pass_libfirm_do_loop_inversion -- No improvement
	# of nodes: 			7
	# of irgs: 				1
	# of cf manipulations: 	2
	# of memory operations: 0
	# of types: 			1966



Using pass: pass_libfirm_conv_opt -- No improvement
	# of nodes: 			7
	# of irgs: 				1
	# of cf manipulations: 	2
	# of memory operations: 0
	# of types: 			1966



Using pass: pass_libfirm_normalize_n_returns -- No improvement
	# of nodes: 			7
	# of irgs: 				1
	# of cf manipulations: 	2
	# of memory operations: 0
	# of types: 			1966



Using pass: pass_replace_members -- No improvement
	# of nodes: 			7
	# of irgs: 				1
	# of cf manipulations: 	2
	# of memory operations: 0
	# of types: 			1966



Using pass: pass_libfirm_dead_code_elimination -- No improvement
	# of nodes: 			7
	# of irgs: 				1
	# of cf manipulations: 	2
	# of memory operations: 0
	# of types: 			1966




 :: 2nd reduction cycle

Using pass: pass_libfirm_occult_consts -- Trying irg '_main' -- No improvement
Using pass: pass_libfirm_occult_consts -- Trying irg '_main' -- No improvement

______________________________

No further reduction possible.

Result:
	# of nodes: 			7
	# of irgs: 				1
	# of cf manipulations: 	2
	# of memory operations: 0
	# of types: 			1966

2018-08-23 20:51:30