2018-09-02 16:54:21 -- Firmreduce -- Results

Initial Test-case size:
	# of nodes: 			73
	# of irgs: 				3
	# of cf manipulations: 	7
	# of memory operations: 20
	# of types: 			338


Using pass: pass_replace_arithmetic -- No improvement
	# of nodes: 			73
	# of irgs: 				3
	# of cf manipulations: 	7
	# of memory operations: 20
	# of types: 			338



Using pass: pass_remove_stores -- No improvement
	# of nodes: 			73
	# of irgs: 				3
	# of cf manipulations: 	7
	# of memory operations: 20
	# of types: 			338



Using pass: pass_libfirm_remove_bads -- No improvement
	# of nodes: 			73
	# of irgs: 				3
	# of cf manipulations: 	7
	# of memory operations: 20
	# of types: 			338



Using pass: pass_libfirm_combo -- No improvement
	# of nodes: 			73
	# of irgs: 				3
	# of cf manipulations: 	7
	# of memory operations: 20
	# of types: 			338



Using pass: pass_gc_entitites -- No improvement
	# of nodes: 			73
	# of irgs: 				3
	# of cf manipulations: 	7
	# of memory operations: 20
	# of types: 			338



Using pass: pass_libfirm_remove_tuples -- No improvement
	# of nodes: 			73
	# of irgs: 				3
	# of cf manipulations: 	7
	# of memory operations: 20
	# of types: 			338



Using pass: pass_libfirm_occult_consts -- No improvement
	# of nodes: 			73
	# of irgs: 				3
	# of cf manipulations: 	7
	# of memory operations: 20
	# of types: 			338



Using pass: pass_libfirm_gvn_pre -- No improvement
	# of nodes: 			73
	# of irgs: 				3
	# of cf manipulations: 	7
	# of memory operations: 20
	# of types: 			338



Using pass: pass_libfirm_conv_opt -- No improvement
	# of nodes: 			73
	# of irgs: 				3
	# of cf manipulations: 	7
	# of memory operations: 20
	# of types: 			338



Using pass: pass_libfirm_opt_funccalls -- No improvement
	# of nodes: 			73
	# of irgs: 				3
	# of cf manipulations: 	7
	# of memory operations: 20
	# of types: 			338



Using pass: pass_libfirm_opt_if_conv -- No improvement
	# of nodes: 			73
	# of irgs: 				3
	# of cf manipulations: 	7
	# of memory operations: 20
	# of types: 			338



Using pass: pass_gc_irgs_primitive
	 :: interestingness test failed on irg '_main' -- No improvement
	# of nodes: 			73
	# of irgs: 				3
	# of cf manipulations: 	7
	# of memory operations: 20
	# of types: 			338



Using pass: pass_replace_return_values -- No improvement
	# of nodes: 			73
	# of irgs: 				3
	# of cf manipulations: 	7
	# of memory operations: 20
	# of types: 			338



Using pass: pass_libfirm_opt_jumpthreading -- No improvement
	# of nodes: 			73
	# of irgs: 				3
	# of cf manipulations: 	7
	# of memory operations: 20
	# of types: 			338



Using pass: pass_libfirm_opt_blocks -- No improvement
	# of nodes: 			73
	# of irgs: 				3
	# of cf manipulations: 	7
	# of memory operations: 20
	# of types: 			338



Using pass: pass_libfirm_do_loop_inversion -- No improvement
	# of nodes: 			73
	# of irgs: 				3
	# of cf manipulations: 	7
	# of memory operations: 20
	# of types: 			338



Using pass: pass_remove_allocs -- Successful
	# of nodes: 			42
	# of irgs: 				3
	# of cf manipulations: 	7
	# of memory operations: 5
	# of types: 			338



Using pass: pass_replace_members -- No improvement
	# of nodes: 			42
	# of irgs: 				3
	# of cf manipulations: 	7
	# of memory operations: 5
	# of types: 			338



Using pass: pass_libfirm_optimize_cf -- No improvement
	# of nodes: 			42
	# of irgs: 				3
	# of cf manipulations: 	7
	# of memory operations: 5
	# of types: 			338



Using pass: pass_replace_cond_selectors -- No improvement
	# of nodes: 			42
	# of irgs: 				3
	# of cf manipulations: 	7
	# of memory operations: 5
	# of types: 			338



Using pass: pass_libfirm_remove_critical_cf_edges -- No improvement
	# of nodes: 			42
	# of irgs: 				3
	# of cf manipulations: 	7
	# of memory operations: 5
	# of types: 			338



Using pass: pass_simplify_consts -- No improvement
	# of nodes: 			42
	# of irgs: 				3
	# of cf manipulations: 	7
	# of memory operations: 5
	# of types: 			338



Using pass: pass_libfirm_opt_ldst
	 :: Pass failed on irg '_main'
	 :: Pass failed on irg '_main'
	 :: Pass failed on irg 'r_func_2' -- No improvement
	# of nodes: 			42
	# of irgs: 				3
	# of cf manipulations: 	7
	# of memory operations: 5
	# of types: 			338



Using pass: pass_gc_irgs
	 :: Pass failed on irg '_main'
	 :: Pass failed on irg '_main'
	 :: Pass failed on irg '_main' -- No improvement
	# of nodes: 			42
	# of irgs: 				3
	# of cf manipulations: 	7
	# of memory operations: 5
	# of types: 			338



Using pass: pass_libfirm_normalize_n_returns -- No improvement
	# of nodes: 			42
	# of irgs: 				3
	# of cf manipulations: 	7
	# of memory operations: 5
	# of types: 			338



Using pass: pass_libfirm_do_loop_peeling
	 :: Pass failed on irg '_main'
	 :: Pass failed on irg '_main' -- No improvement
	# of nodes: 			42
	# of irgs: 				3
	# of cf manipulations: 	7
	# of memory operations: 5
	# of types: 			338



Using pass: pass_libfirm_opt_frame -- No improvement
	# of nodes: 			42
	# of irgs: 				3
	# of cf manipulations: 	7
	# of memory operations: 5
	# of types: 			338



Using pass: pass_replace_mux_selectors -- No improvement
	# of nodes: 			42
	# of irgs: 				3
	# of cf manipulations: 	7
	# of memory operations: 5
	# of types: 			338



Using pass: pass_libfirm_scalar_replacement_opt -- No improvement
	# of nodes: 			42
	# of irgs: 				3
	# of cf manipulations: 	7
	# of memory operations: 5
	# of types: 			338



Using pass: pass_libfirm_dead_code_elimination -- No improvement
	# of nodes: 			42
	# of irgs: 				3
	# of cf manipulations: 	7
	# of memory operations: 5
	# of types: 			338



Using pass: pass_libfirm_do_loop_unrolling -- No improvement
	# of nodes: 			42
	# of irgs: 				3
	# of cf manipulations: 	7
	# of memory operations: 5
	# of types: 			338



Using pass: pass_libfirm_opt_parallelize_mem -- Successful
	# of nodes: 			43
	# of irgs: 				3
	# of cf manipulations: 	7
	# of memory operations: 5
	# of types: 			338



Using pass: pass_libfirm_optimize_load_store -- No improvement
	# of nodes: 			43
	# of irgs: 				3
	# of cf manipulations: 	7
	# of memory operations: 5
	# of types: 			338



Using pass: pass_libfirm_construct_confirms -- No improvement
	# of nodes: 			43
	# of irgs: 				3
	# of cf manipulations: 	7
	# of memory operations: 5
	# of types: 			338



Using pass: pass_libfirm_optimize_graph_df -- No improvement
	# of nodes: 			43
	# of irgs: 				3
	# of cf manipulations: 	7
	# of memory operations: 5
	# of types: 			338



Using pass: pass_libfirm_normalize_one_return -- No improvement
	# of nodes: 			43
	# of irgs: 				3
	# of cf manipulations: 	7
	# of memory operations: 5
	# of types: 			338



Using pass: pass_libfirm_place_code -- No improvement
	# of nodes: 			43
	# of irgs: 				3
	# of cf manipulations: 	7
	# of memory operations: 5
	# of types: 			338



Using pass: pass_remove_void_calls
	 :: interestingness test failed on irg '_main' -- No improvement
	# of nodes: 			43
	# of irgs: 				3
	# of cf manipulations: 	7
	# of memory operations: 5
	# of types: 			338



Using pass: pass_replace_proj_primitive -- No improvement
	# of nodes: 			43
	# of irgs: 				3
	# of cf manipulations: 	7
	# of memory operations: 5
	# of types: 			338



Using pass: pass_libfirm_opt_tail_rec -- No improvement
	# of nodes: 			43
	# of irgs: 				3
	# of cf manipulations: 	7
	# of memory operations: 5
	# of types: 			338



Using pass: pass_replace_loads
	 :: Pass failed on irg '_main'
	 :: Pass failed on irg '_main' -- No improvement
	# of nodes: 			43
	# of irgs: 				3
	# of cf manipulations: 	7
	# of memory operations: 5
	# of types: 			338



Using pass: pass_replace_switch_selectors -- No improvement
	# of nodes: 			43
	# of irgs: 				3
	# of cf manipulations: 	7
	# of memory operations: 5
	# of types: 			338



Using pass: pass_libfirm_remove_unreachable -- No improvement
	# of nodes: 			43
	# of irgs: 				3
	# of cf manipulations: 	7
	# of memory operations: 5
	# of types: 			338



Using pass: pass_libfirm_opt_bool -- No improvement
	# of nodes: 			43
	# of irgs: 				3
	# of cf manipulations: 	7
	# of memory operations: 5
	# of types: 			338



Using pass: pass_check_validity -- No improvement
	# of nodes: 			43
	# of irgs: 				3
	# of cf manipulations: 	7
	# of memory operations: 5
	# of types: 			338



Using pass: pass_libfirm_optimize_reassociation -- No improvement
	# of nodes: 			43
	# of irgs: 				3
	# of cf manipulations: 	7
	# of memory operations: 5
	# of types: 			338



Using pass: pass_libfirm_opt_if_conv -- No improvement
	# of nodes: 			43
	# of irgs: 				3
	# of cf manipulations: 	7
	# of memory operations: 5
	# of types: 			338



Using pass: pass_libfirm_opt_ldst
	 :: Pass failed on irg '_main'
	 :: Pass failed on irg 'r_func_2'
	 :: Pass failed on irg 'r_func_2' -- No improvement
	# of nodes: 			43
	# of irgs: 				3
	# of cf manipulations: 	7
	# of memory operations: 5
	# of types: 			338



Using pass: pass_replace_members -- No improvement
	# of nodes: 			43
	# of irgs: 				3
	# of cf manipulations: 	7
	# of memory operations: 5
	# of types: 			338



Using pass: pass_check_validity -- No improvement
	# of nodes: 			43
	# of irgs: 				3
	# of cf manipulations: 	7
	# of memory operations: 5
	# of types: 			338



Using pass: pass_gc_entitites -- No improvement
	# of nodes: 			43
	# of irgs: 				3
	# of cf manipulations: 	7
	# of memory operations: 5
	# of types: 			338



Using pass: pass_libfirm_conv_opt -- No improvement
	# of nodes: 			43
	# of irgs: 				3
	# of cf manipulations: 	7
	# of memory operations: 5
	# of types: 			338



Using pass: pass_libfirm_occult_consts -- No improvement
	# of nodes: 			43
	# of irgs: 				3
	# of cf manipulations: 	7
	# of memory operations: 5
	# of types: 			338



Using pass: pass_libfirm_optimize_load_store -- Successful
	# of nodes: 			28
	# of irgs: 				3
	# of cf manipulations: 	7
	# of memory operations: 1
	# of types: 			338



Using pass: pass_libfirm_opt_tail_rec -- No improvement
	# of nodes: 			28
	# of irgs: 				3
	# of cf manipulations: 	7
	# of memory operations: 1
	# of types: 			338



Using pass: pass_libfirm_opt_funccalls -- No improvement
	# of nodes: 			28
	# of irgs: 				3
	# of cf manipulations: 	7
	# of memory operations: 1
	# of types: 			338



Using pass: pass_libfirm_dead_code_elimination -- No improvement
	# of nodes: 			28
	# of irgs: 				3
	# of cf manipulations: 	7
	# of memory operations: 1
	# of types: 			338



Using pass: pass_libfirm_opt_blocks -- No improvement
	# of nodes: 			28
	# of irgs: 				3
	# of cf manipulations: 	7
	# of memory operations: 1
	# of types: 			338



Using pass: pass_replace_switch_selectors -- No improvement
	# of nodes: 			28
	# of irgs: 				3
	# of cf manipulations: 	7
	# of memory operations: 1
	# of types: 			338



Using pass: pass_simplify_consts -- No improvement
	# of nodes: 			28
	# of irgs: 				3
	# of cf manipulations: 	7
	# of memory operations: 1
	# of types: 			338



Using pass: pass_replace_proj_primitive -- No improvement
	# of nodes: 			28
	# of irgs: 				3
	# of cf manipulations: 	7
	# of memory operations: 1
	# of types: 			338



Using pass: pass_libfirm_do_loop_inversion -- No improvement
	# of nodes: 			28
	# of irgs: 				3
	# of cf manipulations: 	7
	# of memory operations: 1
	# of types: 			338



Using pass: pass_libfirm_do_loop_unrolling -- No improvement
	# of nodes: 			28
	# of irgs: 				3
	# of cf manipulations: 	7
	# of memory operations: 1
	# of types: 			338



Using pass: pass_libfirm_remove_unreachable -- No improvement
	# of nodes: 			28
	# of irgs: 				3
	# of cf manipulations: 	7
	# of memory operations: 1
	# of types: 			338



Using pass: pass_replace_return_values -- No improvement
	# of nodes: 			28
	# of irgs: 				3
	# of cf manipulations: 	7
	# of memory operations: 1
	# of types: 			338



Using pass: pass_libfirm_normalize_one_return -- No improvement
	# of nodes: 			28
	# of irgs: 				3
	# of cf manipulations: 	7
	# of memory operations: 1
	# of types: 			338



Using pass: pass_replace_loads -- No improvement
	# of nodes: 			28
	# of irgs: 				3
	# of cf manipulations: 	7
	# of memory operations: 1
	# of types: 			338



Using pass: pass_remove_stores -- No improvement
	# of nodes: 			28
	# of irgs: 				3
	# of cf manipulations: 	7
	# of memory operations: 1
	# of types: 			338



Using pass: pass_replace_arithmetic -- No improvement
	# of nodes: 			28
	# of irgs: 				3
	# of cf manipulations: 	7
	# of memory operations: 1
	# of types: 			338



Using pass: pass_libfirm_remove_tuples -- No improvement
	# of nodes: 			28
	# of irgs: 				3
	# of cf manipulations: 	7
	# of memory operations: 1
	# of types: 			338



Using pass: pass_libfirm_optimize_reassociation -- No improvement
	# of nodes: 			28
	# of irgs: 				3
	# of cf manipulations: 	7
	# of memory operations: 1
	# of types: 			338



Using pass: pass_libfirm_gvn_pre -- No improvement
	# of nodes: 			28
	# of irgs: 				3
	# of cf manipulations: 	7
	# of memory operations: 1
	# of types: 			338



Using pass: pass_gc_irgs_primitive
	 :: interestingness test failed on irg 'r_func_2' -- No improvement
	# of nodes: 			28
	# of irgs: 				3
	# of cf manipulations: 	7
	# of memory operations: 1
	# of types: 			338



Using pass: pass_libfirm_do_loop_peeling
	 :: Pass failed on irg '_main'
	 :: Pass failed on irg '_main' -- No improvement
	# of nodes: 			28
	# of irgs: 				3
	# of cf manipulations: 	7
	# of memory operations: 1
	# of types: 			338



Using pass: pass_libfirm_remove_critical_cf_edges -- No improvement
	# of nodes: 			28
	# of irgs: 				3
	# of cf manipulations: 	7
	# of memory operations: 1
	# of types: 			338



Using pass: pass_libfirm_opt_parallelize_mem -- Successful
	# of nodes: 			27
	# of irgs: 				3
	# of cf manipulations: 	7
	# of memory operations: 1
	# of types: 			338



Using pass: pass_replace_mux_selectors -- No improvement
	# of nodes: 			27
	# of irgs: 				3
	# of cf manipulations: 	7
	# of memory operations: 1
	# of types: 			338



Using pass: pass_libfirm_remove_bads -- No improvement
	# of nodes: 			27
	# of irgs: 				3
	# of cf manipulations: 	7
	# of memory operations: 1
	# of types: 			338



Using pass: pass_libfirm_construct_confirms -- No improvement
	# of nodes: 			27
	# of irgs: 				3
	# of cf manipulations: 	7
	# of memory operations: 1
	# of types: 			338



Using pass: pass_libfirm_combo -- No improvement
	# of nodes: 			27
	# of irgs: 				3
	# of cf manipulations: 	7
	# of memory operations: 1
	# of types: 			338



Using pass: pass_libfirm_normalize_n_returns -- No improvement
	# of nodes: 			27
	# of irgs: 				3
	# of cf manipulations: 	7
	# of memory operations: 1
	# of types: 			338



Using pass: pass_libfirm_optimize_cf -- No improvement
	# of nodes: 			27
	# of irgs: 				3
	# of cf manipulations: 	7
	# of memory operations: 1
	# of types: 			338



Using pass: pass_gc_irgs
	 :: interestingness test failed on irg 'main'
	 :: Pass failed on irg '_main' -- No improvement
	# of nodes: 			27
	# of irgs: 				3
	# of cf manipulations: 	7
	# of memory operations: 1
	# of types: 			338



Using pass: pass_remove_void_calls -- No improvement
	# of nodes: 			27
	# of irgs: 				3
	# of cf manipulations: 	7
	# of memory operations: 1
	# of types: 			338



Using pass: pass_libfirm_opt_jumpthreading -- No improvement
	# of nodes: 			27
	# of irgs: 				3
	# of cf manipulations: 	7
	# of memory operations: 1
	# of types: 			338



Using pass: pass_libfirm_optimize_graph_df -- No improvement
	# of nodes: 			27
	# of irgs: 				3
	# of cf manipulations: 	7
	# of memory operations: 1
	# of types: 			338



Using pass: pass_remove_allocs -- No improvement
	# of nodes: 			27
	# of irgs: 				3
	# of cf manipulations: 	7
	# of memory operations: 1
	# of types: 			338



Using pass: pass_libfirm_scalar_replacement_opt -- No improvement
	# of nodes: 			27
	# of irgs: 				3
	# of cf manipulations: 	7
	# of memory operations: 1
	# of types: 			338



Using pass: pass_libfirm_place_code -- No improvement
	# of nodes: 			27
	# of irgs: 				3
	# of cf manipulations: 	7
	# of memory operations: 1
	# of types: 			338



Using pass: pass_libfirm_opt_bool -- No improvement
	# of nodes: 			27
	# of irgs: 				3
	# of cf manipulations: 	7
	# of memory operations: 1
	# of types: 			338



Using pass: pass_replace_cond_selectors -- No improvement
	# of nodes: 			27
	# of irgs: 				3
	# of cf manipulations: 	7
	# of memory operations: 1
	# of types: 			338



Using pass: pass_libfirm_opt_frame -- No improvement
	# of nodes: 			27
	# of irgs: 				3
	# of cf manipulations: 	7
	# of memory operations: 1
	# of types: 			338



Using pass: pass_libfirm_opt_ldst
	 :: Pass failed on irg 'r_func_2'
	 :: Pass failed on irg '_main'
	 :: Pass failed on irg 'main' -- No improvement
	# of nodes: 			27
	# of irgs: 				3
	# of cf manipulations: 	7
	# of memory operations: 1
	# of types: 			338



Using pass: pass_libfirm_opt_jumpthreading -- No improvement
	# of nodes: 			27
	# of irgs: 				3
	# of cf manipulations: 	7
	# of memory operations: 1
	# of types: 			338



Using pass: pass_libfirm_remove_unreachable -- No improvement
	# of nodes: 			27
	# of irgs: 				3
	# of cf manipulations: 	7
	# of memory operations: 1
	# of types: 			338



Using pass: pass_replace_switch_selectors -- No improvement
	# of nodes: 			27
	# of irgs: 				3
	# of cf manipulations: 	7
	# of memory operations: 1
	# of types: 			338



Using pass: pass_replace_mux_selectors -- No improvement
	# of nodes: 			27
	# of irgs: 				3
	# of cf manipulations: 	7
	# of memory operations: 1
	# of types: 			338



Using pass: pass_replace_members -- No improvement
	# of nodes: 			27
	# of irgs: 				3
	# of cf manipulations: 	7
	# of memory operations: 1
	# of types: 			338



Using pass: pass_replace_cond_selectors -- No improvement
	# of nodes: 			27
	# of irgs: 				3
	# of cf manipulations: 	7
	# of memory operations: 1
	# of types: 			338



Using pass: pass_gc_irgs
	 :: interestingness test failed on irg 'r_func_2'
	 :: interestingness test failed on irg 'main' -- No improvement
	# of nodes: 			27
	# of irgs: 				3
	# of cf manipulations: 	7
	# of memory operations: 1
	# of types: 			338



Using pass: pass_libfirm_conv_opt -- No improvement
	# of nodes: 			27
	# of irgs: 				3
	# of cf manipulations: 	7
	# of memory operations: 1
	# of types: 			338



Using pass: pass_replace_arithmetic -- No improvement
	# of nodes: 			27
	# of irgs: 				3
	# of cf manipulations: 	7
	# of memory operations: 1
	# of types: 			338



Using pass: pass_libfirm_do_loop_unrolling -- No improvement
	# of nodes: 			27
	# of irgs: 				3
	# of cf manipulations: 	7
	# of memory operations: 1
	# of types: 			338



Using pass: pass_libfirm_gvn_pre -- No improvement
	# of nodes: 			27
	# of irgs: 				3
	# of cf manipulations: 	7
	# of memory operations: 1
	# of types: 			338



Using pass: pass_libfirm_do_loop_peeling
	 :: Pass failed on irg '_main' -- No improvement
	# of nodes: 			27
	# of irgs: 				3
	# of cf manipulations: 	7
	# of memory operations: 1
	# of types: 			338



Using pass: pass_libfirm_optimize_graph_df -- No improvement
	# of nodes: 			27
	# of irgs: 				3
	# of cf manipulations: 	7
	# of memory operations: 1
	# of types: 			338



Using pass: pass_replace_proj_primitive -- No improvement
	# of nodes: 			27
	# of irgs: 				3
	# of cf manipulations: 	7
	# of memory operations: 1
	# of types: 			338



Using pass: pass_libfirm_opt_bool -- No improvement
	# of nodes: 			27
	# of irgs: 				3
	# of cf manipulations: 	7
	# of memory operations: 1
	# of types: 			338



Using pass: pass_simplify_consts -- No improvement
	# of nodes: 			27
	# of irgs: 				3
	# of cf manipulations: 	7
	# of memory operations: 1
	# of types: 			338



Using pass: pass_replace_loads -- No improvement
	# of nodes: 			27
	# of irgs: 				3
	# of cf manipulations: 	7
	# of memory operations: 1
	# of types: 			338



Using pass: pass_remove_void_calls
	 :: interestingness test failed on irg '_main' -- No improvement
	# of nodes: 			27
	# of irgs: 				3
	# of cf manipulations: 	7
	# of memory operations: 1
	# of types: 			338



Using pass: pass_libfirm_optimize_load_store -- No improvement
	# of nodes: 			27
	# of irgs: 				3
	# of cf manipulations: 	7
	# of memory operations: 1
	# of types: 			338



Using pass: pass_check_validity -- No improvement
	# of nodes: 			27
	# of irgs: 				3
	# of cf manipulations: 	7
	# of memory operations: 1
	# of types: 			338



Using pass: pass_gc_irgs_primitive
	 :: interestingness test failed on irg 'r_func_2'
	 :: interestingness test failed on irg '_main' -- No improvement
	# of nodes: 			27
	# of irgs: 				3
	# of cf manipulations: 	7
	# of memory operations: 1
	# of types: 			338



Using pass: pass_libfirm_optimize_cf -- No improvement
	# of nodes: 			27
	# of irgs: 				3
	# of cf manipulations: 	7
	# of memory operations: 1
	# of types: 			338



Using pass: pass_libfirm_normalize_n_returns -- No improvement
	# of nodes: 			27
	# of irgs: 				3
	# of cf manipulations: 	7
	# of memory operations: 1
	# of types: 			338



Using pass: pass_libfirm_remove_bads -- No improvement
	# of nodes: 			27
	# of irgs: 				3
	# of cf manipulations: 	7
	# of memory operations: 1
	# of types: 			338



Using pass: pass_libfirm_construct_confirms -- No improvement
	# of nodes: 			27
	# of irgs: 				3
	# of cf manipulations: 	7
	# of memory operations: 1
	# of types: 			338



Using pass: pass_libfirm_dead_code_elimination -- No improvement
	# of nodes: 			27
	# of irgs: 				3
	# of cf manipulations: 	7
	# of memory operations: 1
	# of types: 			338



Using pass: pass_libfirm_opt_frame -- No improvement
	# of nodes: 			27
	# of irgs: 				3
	# of cf manipulations: 	7
	# of memory operations: 1
	# of types: 			338



Using pass: pass_libfirm_remove_critical_cf_edges -- No improvement
	# of nodes: 			27
	# of irgs: 				3
	# of cf manipulations: 	7
	# of memory operations: 1
	# of types: 			338



Using pass: pass_libfirm_opt_blocks -- No improvement
	# of nodes: 			27
	# of irgs: 				3
	# of cf manipulations: 	7
	# of memory operations: 1
	# of types: 			338



Using pass: pass_libfirm_normalize_one_return -- No improvement
	# of nodes: 			27
	# of irgs: 				3
	# of cf manipulations: 	7
	# of memory operations: 1
	# of types: 			338



Using pass: pass_libfirm_remove_tuples -- No improvement
	# of nodes: 			27
	# of irgs: 				3
	# of cf manipulations: 	7
	# of memory operations: 1
	# of types: 			338



Using pass: pass_libfirm_opt_funccalls -- No improvement
	# of nodes: 			27
	# of irgs: 				3
	# of cf manipulations: 	7
	# of memory operations: 1
	# of types: 			338



Using pass: pass_libfirm_opt_tail_rec -- No improvement
	# of nodes: 			27
	# of irgs: 				3
	# of cf manipulations: 	7
	# of memory operations: 1
	# of types: 			338



Using pass: pass_libfirm_scalar_replacement_opt -- No improvement
	# of nodes: 			27
	# of irgs: 				3
	# of cf manipulations: 	7
	# of memory operations: 1
	# of types: 			338



Using pass: pass_libfirm_combo -- No improvement
	# of nodes: 			27
	# of irgs: 				3
	# of cf manipulations: 	7
	# of memory operations: 1
	# of types: 			338



Using pass: pass_remove_stores -- No improvement
	# of nodes: 			27
	# of irgs: 				3
	# of cf manipulations: 	7
	# of memory operations: 1
	# of types: 			338



Using pass: pass_remove_allocs -- No improvement
	# of nodes: 			27
	# of irgs: 				3
	# of cf manipulations: 	7
	# of memory operations: 1
	# of types: 			338



Using pass: pass_libfirm_place_code -- No improvement
	# of nodes: 			27
	# of irgs: 				3
	# of cf manipulations: 	7
	# of memory operations: 1
	# of types: 			338



Using pass: pass_libfirm_opt_if_conv -- No improvement
	# of nodes: 			27
	# of irgs: 				3
	# of cf manipulations: 	7
	# of memory operations: 1
	# of types: 			338



Using pass: pass_libfirm_do_loop_inversion -- No improvement
	# of nodes: 			27
	# of irgs: 				3
	# of cf manipulations: 	7
	# of memory operations: 1
	# of types: 			338



Using pass: pass_libfirm_optimize_reassociation -- No improvement
	# of nodes: 			27
	# of irgs: 				3
	# of cf manipulations: 	7
	# of memory operations: 1
	# of types: 			338



Using pass: pass_libfirm_occult_consts -- No improvement
	# of nodes: 			27
	# of irgs: 				3
	# of cf manipulations: 	7
	# of memory operations: 1
	# of types: 			338



Using pass: pass_libfirm_opt_parallelize_mem -- No improvement
	# of nodes: 			27
	# of irgs: 				3
	# of cf manipulations: 	7
	# of memory operations: 1
	# of types: 			338



Using pass: pass_gc_entitites -- No improvement
	# of nodes: 			27
	# of irgs: 				3
	# of cf manipulations: 	7
	# of memory operations: 1
	# of types: 			338



Using pass: pass_replace_return_values -- No improvement
	# of nodes: 			27
	# of irgs: 				3
	# of cf manipulations: 	7
	# of memory operations: 1
	# of types: 			338




 :: 2nd reduction cycle

Using pass: pass_gc_irgs_primitive -- Trying irg '_main' -- No improvement
Using pass: pass_remove_void_calls -- Trying irg '_main' -- Successful
Using pass: pass_gc_irgs_primitive -- Trying irg 'r_func_2' -- No improvement
Using pass: pass_gc_irgs -- Trying irg 'main' -- No improvement
Using pass: pass_gc_irgs -- Trying irg 'r_func_2' -- No improvement
Using pass: pass_gc_irgs -- Trying irg 'main' -- No improvement
Using pass: pass_remove_void_calls -- Trying irg '_main' -- Successful
Using pass: pass_gc_irgs_primitive -- Trying irg 'r_func_2' -- No improvement
Using pass: pass_gc_irgs_primitive -- Trying irg '_main' -- No improvement

______________________________

No further reduction possible.

Result:
	# of nodes: 			27
	# of irgs: 				3
	# of cf manipulations: 	7
	# of memory operations: 1
	# of types: 			338

2018-09-02 16:54:26