2018-08-26 16:47:46 -- Firmreduce -- Results

Initial Test-case size:
	# of nodes: 			8122
	# of irgs: 				101
	# of cf manipulations: 	574
	# of memory operations: 1671
	# of types: 			2345


Using pass: pass_libfirm_optimize_cf -- Successful
	# of nodes: 			7904
	# of irgs: 				101
	# of cf manipulations: 	468
	# of memory operations: 1671
	# of types: 			2345



Using pass: pass_replace_return_values -- Successful
	# of nodes: 			7854
	# of irgs: 				101
	# of cf manipulations: 	536
	# of memory operations: 1671
	# of types: 			2345



Using pass: pass_libfirm_remove_bads -- No improvement
	# of nodes: 			7854
	# of irgs: 				101
	# of cf manipulations: 	536
	# of memory operations: 1671
	# of types: 			2345



Using pass: pass_gc_irgs_primitive -- Successful
	# of nodes: 			322
	# of irgs: 				5
	# of cf manipulations: 	24
	# of memory operations: 64
	# of types: 			2345



Using pass: pass_replace_proj_primitive -- Successful
	# of nodes: 			152
	# of irgs: 				5
	# of cf manipulations: 	10
	# of memory operations: 39
	# of types: 			2345



Using pass: pass_replace_members -- No improvement
	# of nodes: 			152
	# of irgs: 				5
	# of cf manipulations: 	10
	# of memory operations: 39
	# of types: 			2345



Using pass: pass_libfirm_normalize_n_returns -- No improvement
	# of nodes: 			152
	# of irgs: 				5
	# of cf manipulations: 	10
	# of memory operations: 39
	# of types: 			2345



Using pass: pass_libfirm_opt_jumpthreading -- No improvement
	# of nodes: 			152
	# of irgs: 				5
	# of cf manipulations: 	10
	# of memory operations: 39
	# of types: 			2345



Using pass: pass_check_validity -- No improvement
	# of nodes: 			152
	# of irgs: 				5
	# of cf manipulations: 	10
	# of memory operations: 39
	# of types: 			2345



Using pass: pass_libfirm_opt_bool -- No improvement
	# of nodes: 			152
	# of irgs: 				5
	# of cf manipulations: 	10
	# of memory operations: 39
	# of types: 			2345



Using pass: pass_libfirm_optimize_reassociation -- No improvement
	# of nodes: 			152
	# of irgs: 				5
	# of cf manipulations: 	10
	# of memory operations: 39
	# of types: 			2345



Using pass: pass_simplify_consts -- Successful
	# of nodes: 			149
	# of irgs: 				5
	# of cf manipulations: 	10
	# of memory operations: 39
	# of types: 			2345



Using pass: pass_simplify_consts -- No improvement
	# of nodes: 			149
	# of irgs: 				5
	# of cf manipulations: 	10
	# of memory operations: 39
	# of types: 			2345



Using pass: pass_libfirm_opt_funccalls -- No improvement
	# of nodes: 			149
	# of irgs: 				5
	# of cf manipulations: 	10
	# of memory operations: 39
	# of types: 			2345



Using pass: pass_remove_stores -- Successful
	# of nodes: 			130
	# of irgs: 				5
	# of cf manipulations: 	10
	# of memory operations: 34
	# of types: 			2345



Using pass: pass_libfirm_optimize_load_store -- Successful
	# of nodes: 			91
	# of irgs: 				5
	# of cf manipulations: 	10
	# of memory operations: 23
	# of types: 			2345



Using pass: pass_libfirm_remove_tuples -- No improvement
	# of nodes: 			91
	# of irgs: 				5
	# of cf manipulations: 	10
	# of memory operations: 23
	# of types: 			2345



Using pass: pass_replace_cond_selectors -- No improvement
	# of nodes: 			91
	# of irgs: 				5
	# of cf manipulations: 	10
	# of memory operations: 23
	# of types: 			2345



Using pass: pass_libfirm_opt_tail_rec -- No improvement
	# of nodes: 			91
	# of irgs: 				5
	# of cf manipulations: 	10
	# of memory operations: 23
	# of types: 			2345



Using pass: pass_libfirm_dead_code_elimination -- No improvement
	# of nodes: 			91
	# of irgs: 				5
	# of cf manipulations: 	10
	# of memory operations: 23
	# of types: 			2345



Using pass: pass_remove_void_calls -- Successful
	# of nodes: 			81
	# of irgs: 				5
	# of cf manipulations: 	10
	# of memory operations: 20
	# of types: 			2345



Using pass: pass_libfirm_opt_funccalls -- No improvement
	# of nodes: 			81
	# of irgs: 				5
	# of cf manipulations: 	10
	# of memory operations: 20
	# of types: 			2345



Using pass: pass_libfirm_gvn_pre -- No improvement
	# of nodes: 			81
	# of irgs: 				5
	# of cf manipulations: 	10
	# of memory operations: 20
	# of types: 			2345



Using pass: pass_replace_mux_selectors -- No improvement
	# of nodes: 			81
	# of irgs: 				5
	# of cf manipulations: 	10
	# of memory operations: 20
	# of types: 			2345



Using pass: pass_replace_cond_selectors -- No improvement
	# of nodes: 			81
	# of irgs: 				5
	# of cf manipulations: 	10
	# of memory operations: 20
	# of types: 			2345



Using pass: pass_libfirm_conv_opt -- No improvement
	# of nodes: 			81
	# of irgs: 				5
	# of cf manipulations: 	10
	# of memory operations: 20
	# of types: 			2345



Using pass: pass_libfirm_do_loop_unrolling -- No improvement
	# of nodes: 			81
	# of irgs: 				5
	# of cf manipulations: 	10
	# of memory operations: 20
	# of types: 			2345



Using pass: pass_libfirm_optimize_reassociation -- No improvement
	# of nodes: 			81
	# of irgs: 				5
	# of cf manipulations: 	10
	# of memory operations: 20
	# of types: 			2345



Using pass: pass_libfirm_opt_tail_rec -- No improvement
	# of nodes: 			81
	# of irgs: 				5
	# of cf manipulations: 	10
	# of memory operations: 20
	# of types: 			2345



Using pass: pass_libfirm_opt_funccalls -- No improvement
	# of nodes: 			81
	# of irgs: 				5
	# of cf manipulations: 	10
	# of memory operations: 20
	# of types: 			2345



Using pass: pass_libfirm_conv_opt -- No improvement
	# of nodes: 			81
	# of irgs: 				5
	# of cf manipulations: 	10
	# of memory operations: 20
	# of types: 			2345



Using pass: pass_remove_stores -- No improvement
	# of nodes: 			81
	# of irgs: 				5
	# of cf manipulations: 	10
	# of memory operations: 20
	# of types: 			2345



Using pass: pass_gc_irgs_primitive -- Successful
	# of nodes: 			7
	# of irgs: 				1
	# of cf manipulations: 	2
	# of memory operations: 0
	# of types: 			2345



Using pass: pass_libfirm_do_loop_unrolling -- No improvement
	# of nodes: 			7
	# of irgs: 				1
	# of cf manipulations: 	2
	# of memory operations: 0
	# of types: 			2345



Using pass: pass_libfirm_do_loop_peeling -- No improvement
	# of nodes: 			7
	# of irgs: 				1
	# of cf manipulations: 	2
	# of memory operations: 0
	# of types: 			2345



Using pass: pass_libfirm_opt_funccalls -- No improvement
	# of nodes: 			7
	# of irgs: 				1
	# of cf manipulations: 	2
	# of memory operations: 0
	# of types: 			2345



Using pass: pass_libfirm_opt_frame -- No improvement
	# of nodes: 			7
	# of irgs: 				1
	# of cf manipulations: 	2
	# of memory operations: 0
	# of types: 			2345



Using pass: pass_gc_entitites -- No improvement
	# of nodes: 			7
	# of irgs: 				1
	# of cf manipulations: 	2
	# of memory operations: 0
	# of types: 			2345



Using pass: pass_libfirm_opt_ldst
	 :: Pass failed on irg 'main' -- No improvement
	# of nodes: 			7
	# of irgs: 				1
	# of cf manipulations: 	2
	# of memory operations: 0
	# of types: 			2345



Using pass: pass_libfirm_construct_confirms -- No improvement
	# of nodes: 			7
	# of irgs: 				1
	# of cf manipulations: 	2
	# of memory operations: 0
	# of types: 			2345



Using pass: pass_libfirm_construct_confirms -- No improvement
	# of nodes: 			7
	# of irgs: 				1
	# of cf manipulations: 	2
	# of memory operations: 0
	# of types: 			2345



Using pass: pass_libfirm_opt_funccalls -- No improvement
	# of nodes: 			7
	# of irgs: 				1
	# of cf manipulations: 	2
	# of memory operations: 0
	# of types: 			2345



Using pass: pass_libfirm_place_code -- No improvement
	# of nodes: 			7
	# of irgs: 				1
	# of cf manipulations: 	2
	# of memory operations: 0
	# of types: 			2345



Using pass: pass_libfirm_opt_blocks -- No improvement
	# of nodes: 			7
	# of irgs: 				1
	# of cf manipulations: 	2
	# of memory operations: 0
	# of types: 			2345



Using pass: pass_libfirm_combo -- No improvement
	# of nodes: 			7
	# of irgs: 				1
	# of cf manipulations: 	2
	# of memory operations: 0
	# of types: 			2345



Using pass: pass_replace_members -- No improvement
	# of nodes: 			7
	# of irgs: 				1
	# of cf manipulations: 	2
	# of memory operations: 0
	# of types: 			2345



Using pass: pass_replace_members -- No improvement
	# of nodes: 			7
	# of irgs: 				1
	# of cf manipulations: 	2
	# of memory operations: 0
	# of types: 			2345



Using pass: pass_libfirm_scalar_replacement_opt -- No improvement
	# of nodes: 			7
	# of irgs: 				1
	# of cf manipulations: 	2
	# of memory operations: 0
	# of types: 			2345



Using pass: pass_replace_switch_selectors -- No improvement
	# of nodes: 			7
	# of irgs: 				1
	# of cf manipulations: 	2
	# of memory operations: 0
	# of types: 			2345



Using pass: pass_libfirm_scalar_replacement_opt -- No improvement
	# of nodes: 			7
	# of irgs: 				1
	# of cf manipulations: 	2
	# of memory operations: 0
	# of types: 			2345



Using pass: pass_libfirm_optimize_cf -- No improvement
	# of nodes: 			7
	# of irgs: 				1
	# of cf manipulations: 	2
	# of memory operations: 0
	# of types: 			2345



Using pass: pass_replace_members -- No improvement
	# of nodes: 			7
	# of irgs: 				1
	# of cf manipulations: 	2
	# of memory operations: 0
	# of types: 			2345



Using pass: pass_libfirm_do_loop_unrolling -- No improvement
	# of nodes: 			7
	# of irgs: 				1
	# of cf manipulations: 	2
	# of memory operations: 0
	# of types: 			2345



Using pass: pass_remove_void_calls -- No improvement
	# of nodes: 			7
	# of irgs: 				1
	# of cf manipulations: 	2
	# of memory operations: 0
	# of types: 			2345



Using pass: pass_check_validity -- No improvement
	# of nodes: 			7
	# of irgs: 				1
	# of cf manipulations: 	2
	# of memory operations: 0
	# of types: 			2345



Using pass: pass_libfirm_remove_bads -- No improvement
	# of nodes: 			7
	# of irgs: 				1
	# of cf manipulations: 	2
	# of memory operations: 0
	# of types: 			2345



Using pass: pass_libfirm_do_loop_inversion -- No improvement
	# of nodes: 			7
	# of irgs: 				1
	# of cf manipulations: 	2
	# of memory operations: 0
	# of types: 			2345



Using pass: pass_gc_entitites -- No improvement
	# of nodes: 			7
	# of irgs: 				1
	# of cf manipulations: 	2
	# of memory operations: 0
	# of types: 			2345



Using pass: pass_replace_arithmetic -- No improvement
	# of nodes: 			7
	# of irgs: 				1
	# of cf manipulations: 	2
	# of memory operations: 0
	# of types: 			2345



Using pass: pass_libfirm_optimize_load_store -- No improvement
	# of nodes: 			7
	# of irgs: 				1
	# of cf manipulations: 	2
	# of memory operations: 0
	# of types: 			2345



Using pass: pass_libfirm_optimize_graph_df -- No improvement
	# of nodes: 			7
	# of irgs: 				1
	# of cf manipulations: 	2
	# of memory operations: 0
	# of types: 			2345



Using pass: pass_libfirm_do_loop_unrolling -- No improvement
	# of nodes: 			7
	# of irgs: 				1
	# of cf manipulations: 	2
	# of memory operations: 0
	# of types: 			2345



Using pass: pass_replace_loads -- No improvement
	# of nodes: 			7
	# of irgs: 				1
	# of cf manipulations: 	2
	# of memory operations: 0
	# of types: 			2345



Using pass: pass_libfirm_opt_if_conv -- No improvement
	# of nodes: 			7
	# of irgs: 				1
	# of cf manipulations: 	2
	# of memory operations: 0
	# of types: 			2345



Using pass: pass_libfirm_remove_tuples -- No improvement
	# of nodes: 			7
	# of irgs: 				1
	# of cf manipulations: 	2
	# of memory operations: 0
	# of types: 			2345



Using pass: pass_libfirm_opt_jumpthreading -- No improvement
	# of nodes: 			7
	# of irgs: 				1
	# of cf manipulations: 	2
	# of memory operations: 0
	# of types: 			2345



Using pass: pass_remove_void_calls -- No improvement
	# of nodes: 			7
	# of irgs: 				1
	# of cf manipulations: 	2
	# of memory operations: 0
	# of types: 			2345



Using pass: pass_libfirm_gvn_pre -- No improvement
	# of nodes: 			7
	# of irgs: 				1
	# of cf manipulations: 	2
	# of memory operations: 0
	# of types: 			2345



Using pass: pass_libfirm_opt_blocks -- No improvement
	# of nodes: 			7
	# of irgs: 				1
	# of cf manipulations: 	2
	# of memory operations: 0
	# of types: 			2345



Using pass: pass_libfirm_opt_funccalls -- No improvement
	# of nodes: 			7
	# of irgs: 				1
	# of cf manipulations: 	2
	# of memory operations: 0
	# of types: 			2345



Using pass: pass_remove_allocs -- No improvement
	# of nodes: 			7
	# of irgs: 				1
	# of cf manipulations: 	2
	# of memory operations: 0
	# of types: 			2345



Using pass: pass_remove_stores -- No improvement
	# of nodes: 			7
	# of irgs: 				1
	# of cf manipulations: 	2
	# of memory operations: 0
	# of types: 			2345



Using pass: pass_libfirm_place_code -- No improvement
	# of nodes: 			7
	# of irgs: 				1
	# of cf manipulations: 	2
	# of memory operations: 0
	# of types: 			2345



Using pass: pass_replace_mux_selectors -- No improvement
	# of nodes: 			7
	# of irgs: 				1
	# of cf manipulations: 	2
	# of memory operations: 0
	# of types: 			2345



Using pass: pass_libfirm_opt_funccalls -- No improvement
	# of nodes: 			7
	# of irgs: 				1
	# of cf manipulations: 	2
	# of memory operations: 0
	# of types: 			2345



Using pass: pass_libfirm_remove_unreachable -- No improvement
	# of nodes: 			7
	# of irgs: 				1
	# of cf manipulations: 	2
	# of memory operations: 0
	# of types: 			2345



Using pass: pass_libfirm_optimize_reassociation -- No improvement
	# of nodes: 			7
	# of irgs: 				1
	# of cf manipulations: 	2
	# of memory operations: 0
	# of types: 			2345



Using pass: pass_libfirm_opt_blocks -- No improvement
	# of nodes: 			7
	# of irgs: 				1
	# of cf manipulations: 	2
	# of memory operations: 0
	# of types: 			2345



Using pass: pass_libfirm_optimize_reassociation -- No improvement
	# of nodes: 			7
	# of irgs: 				1
	# of cf manipulations: 	2
	# of memory operations: 0
	# of types: 			2345



Using pass: pass_libfirm_remove_bads -- No improvement
	# of nodes: 			7
	# of irgs: 				1
	# of cf manipulations: 	2
	# of memory operations: 0
	# of types: 			2345



Using pass: pass_replace_cond_selectors -- No improvement
	# of nodes: 			7
	# of irgs: 				1
	# of cf manipulations: 	2
	# of memory operations: 0
	# of types: 			2345



Using pass: pass_replace_members -- No improvement
	# of nodes: 			7
	# of irgs: 				1
	# of cf manipulations: 	2
	# of memory operations: 0
	# of types: 			2345



Using pass: pass_libfirm_opt_bool -- No improvement
	# of nodes: 			7
	# of irgs: 				1
	# of cf manipulations: 	2
	# of memory operations: 0
	# of types: 			2345



Using pass: pass_libfirm_optimize_cf -- No improvement
	# of nodes: 			7
	# of irgs: 				1
	# of cf manipulations: 	2
	# of memory operations: 0
	# of types: 			2345



Using pass: pass_libfirm_remove_critical_cf_edges -- No improvement
	# of nodes: 			7
	# of irgs: 				1
	# of cf manipulations: 	2
	# of memory operations: 0
	# of types: 			2345



Using pass: pass_libfirm_remove_bads -- No improvement
	# of nodes: 			7
	# of irgs: 				1
	# of cf manipulations: 	2
	# of memory operations: 0
	# of types: 			2345



Using pass: pass_gc_entitites -- No improvement
	# of nodes: 			7
	# of irgs: 				1
	# of cf manipulations: 	2
	# of memory operations: 0
	# of types: 			2345



Using pass: pass_libfirm_opt_funccalls -- No improvement
	# of nodes: 			7
	# of irgs: 				1
	# of cf manipulations: 	2
	# of memory operations: 0
	# of types: 			2345



Using pass: pass_libfirm_occult_consts -- No improvement
	# of nodes: 			7
	# of irgs: 				1
	# of cf manipulations: 	2
	# of memory operations: 0
	# of types: 			2345



Using pass: pass_libfirm_normalize_n_returns -- No improvement
	# of nodes: 			7
	# of irgs: 				1
	# of cf manipulations: 	2
	# of memory operations: 0
	# of types: 			2345



Using pass: pass_libfirm_optimize_load_store -- No improvement
	# of nodes: 			7
	# of irgs: 				1
	# of cf manipulations: 	2
	# of memory operations: 0
	# of types: 			2345



Using pass: pass_replace_switch_selectors -- No improvement
	# of nodes: 			7
	# of irgs: 				1
	# of cf manipulations: 	2
	# of memory operations: 0
	# of types: 			2345




 :: 2nd reduction cycle


______________________________

No further reduction possible.

Result:
	# of nodes: 			7
	# of irgs: 				1
	# of cf manipulations: 	2
	# of memory operations: 0
	# of types: 			2345

2018-08-26 16:49:11