2018-08-23 12:19:17 -- Firmreduce -- Results

Initial Test-case size:
	# of nodes: 			937
	# of irgs: 				6
	# of cf manipulations: 	58
	# of memory operations: 148
	# of types: 			226


Using pass: pass_libfirm_optimize_cf -- Successful
	# of nodes: 			881
	# of irgs: 				6
	# of cf manipulations: 	43
	# of memory operations: 148
	# of types: 			226



Using pass: pass_libfirm_opt_jumpthreading -- Successful
	# of nodes: 			632
	# of irgs: 				6
	# of cf manipulations: 	53
	# of memory operations: 101
	# of types: 			226



Using pass: pass_libfirm_remove_tuples -- No improvement
	# of nodes: 			632
	# of irgs: 				6
	# of cf manipulations: 	53
	# of memory operations: 101
	# of types: 			226



Using pass: pass_replace_arithmetic -- Successful
	# of nodes: 			465
	# of irgs: 				6
	# of cf manipulations: 	36
	# of memory operations: 92
	# of types: 			226



Using pass: pass_replace_mux_selectors -- No improvement
	# of nodes: 			465
	# of irgs: 				6
	# of cf manipulations: 	36
	# of memory operations: 92
	# of types: 			226



Using pass: pass_replace_loads
	 :: Pass failed on irg 'r_func_2'
	 :: Pass failed on irg 'r_func_4'
	 :: Pass failed on irg 'r_func_4'
	 :: Pass failed on irg 'r_func_2'
	 :: Pass failed on irg 'r_func_3'
	 :: Pass failed on irg 'r_func_1' -- No improvement
	# of nodes: 			465
	# of irgs: 				6
	# of cf manipulations: 	36
	# of memory operations: 92
	# of types: 			226



Using pass: pass_libfirm_occult_consts -- No improvement
	# of nodes: 			465
	# of irgs: 				6
	# of cf manipulations: 	36
	# of memory operations: 92
	# of types: 			226



Using pass: pass_libfirm_do_loop_inversion -- No improvement
	# of nodes: 			465
	# of irgs: 				6
	# of cf manipulations: 	36
	# of memory operations: 92
	# of types: 			226



Using pass: pass_libfirm_combo -- Successful
	# of nodes: 			464
	# of irgs: 				6
	# of cf manipulations: 	36
	# of memory operations: 92
	# of types: 			226



Using pass: pass_replace_mux_selectors -- No improvement
	# of nodes: 			464
	# of irgs: 				6
	# of cf manipulations: 	36
	# of memory operations: 92
	# of types: 			226



Using pass: pass_libfirm_do_loop_inversion -- No improvement
	# of nodes: 			464
	# of irgs: 				6
	# of cf manipulations: 	36
	# of memory operations: 92
	# of types: 			226



Using pass: pass_libfirm_opt_jumpthreading -- No improvement
	# of nodes: 			464
	# of irgs: 				6
	# of cf manipulations: 	36
	# of memory operations: 92
	# of types: 			226



Using pass: pass_libfirm_normalize_n_returns -- Successful
	# of nodes: 			463
	# of irgs: 				6
	# of cf manipulations: 	35
	# of memory operations: 92
	# of types: 			226



Using pass: pass_remove_allocs -- Successful
	# of nodes: 			449
	# of irgs: 				6
	# of cf manipulations: 	35
	# of memory operations: 85
	# of types: 			226



Using pass: pass_libfirm_opt_jumpthreading -- Successful
	# of nodes: 			447
	# of irgs: 				6
	# of cf manipulations: 	35
	# of memory operations: 85
	# of types: 			226



Using pass: pass_check_validity -- No improvement
	# of nodes: 			447
	# of irgs: 				6
	# of cf manipulations: 	35
	# of memory operations: 85
	# of types: 			226



Using pass: pass_replace_switch_selectors -- No improvement
	# of nodes: 			447
	# of irgs: 				6
	# of cf manipulations: 	35
	# of memory operations: 85
	# of types: 			226



Using pass: pass_libfirm_normalize_n_returns -- Successful
	# of nodes: 			444
	# of irgs: 				6
	# of cf manipulations: 	34
	# of memory operations: 85
	# of types: 			226



Using pass: pass_remove_stores -- Successful
	# of nodes: 			375
	# of irgs: 				6
	# of cf manipulations: 	34
	# of memory operations: 70
	# of types: 			226



Using pass: pass_libfirm_remove_bads -- No improvement
	# of nodes: 			375
	# of irgs: 				6
	# of cf manipulations: 	34
	# of memory operations: 70
	# of types: 			226



Using pass: pass_libfirm_optimize_cf -- Successful
	# of nodes: 			372
	# of irgs: 				6
	# of cf manipulations: 	32
	# of memory operations: 70
	# of types: 			226



Using pass: pass_replace_proj_primitive -- Successful
	# of nodes: 			244
	# of irgs: 				6
	# of cf manipulations: 	23
	# of memory operations: 49
	# of types: 			226



Using pass: pass_libfirm_opt_tail_rec -- No improvement
	# of nodes: 			244
	# of irgs: 				6
	# of cf manipulations: 	23
	# of memory operations: 49
	# of types: 			226



Using pass: pass_libfirm_opt_jumpthreading -- Successful
	# of nodes: 			246
	# of irgs: 				6
	# of cf manipulations: 	24
	# of memory operations: 49
	# of types: 			226



Using pass: pass_libfirm_opt_bool -- No improvement
	# of nodes: 			246
	# of irgs: 				6
	# of cf manipulations: 	24
	# of memory operations: 49
	# of types: 			226



Using pass: pass_libfirm_remove_critical_cf_edges -- No improvement
	# of nodes: 			246
	# of irgs: 				6
	# of cf manipulations: 	24
	# of memory operations: 49
	# of types: 			226



Using pass: pass_libfirm_remove_critical_cf_edges -- No improvement
	# of nodes: 			246
	# of irgs: 				6
	# of cf manipulations: 	24
	# of memory operations: 49
	# of types: 			226



Using pass: pass_gc_entitites -- No improvement
	# of nodes: 			246
	# of irgs: 				6
	# of cf manipulations: 	24
	# of memory operations: 49
	# of types: 			226



Using pass: pass_libfirm_do_loop_unrolling -- No improvement
	# of nodes: 			246
	# of irgs: 				6
	# of cf manipulations: 	24
	# of memory operations: 49
	# of types: 			226



Using pass: pass_libfirm_occult_consts -- No improvement
	# of nodes: 			246
	# of irgs: 				6
	# of cf manipulations: 	24
	# of memory operations: 49
	# of types: 			226



Using pass: pass_libfirm_optimize_reassociation -- No improvement
	# of nodes: 			246
	# of irgs: 				6
	# of cf manipulations: 	24
	# of memory operations: 49
	# of types: 			226



Using pass: pass_libfirm_normalize_one_return -- No improvement
	# of nodes: 			246
	# of irgs: 				6
	# of cf manipulations: 	24
	# of memory operations: 49
	# of types: 			226



Using pass: pass_libfirm_do_loop_unrolling -- No improvement
	# of nodes: 			246
	# of irgs: 				6
	# of cf manipulations: 	24
	# of memory operations: 49
	# of types: 			226



Using pass: pass_replace_loads
	 :: Pass failed on irg 'r_func_2'
	 :: Pass failed on irg 'r_func_3'
	 :: Pass failed on irg 'r_func_1'
	 :: Pass failed on irg 'r_func_3'
	 :: Pass failed on irg 'r_func_4' -- No improvement
	# of nodes: 			246
	# of irgs: 				6
	# of cf manipulations: 	24
	# of memory operations: 49
	# of types: 			226



Using pass: pass_replace_proj_primitive -- Successful
	# of nodes: 			181
	# of irgs: 				6
	# of cf manipulations: 	15
	# of memory operations: 45
	# of types: 			226



Using pass: pass_gc_irgs_primitive -- Successful
	# of nodes: 			7
	# of irgs: 				1
	# of cf manipulations: 	2
	# of memory operations: 0
	# of types: 			226



Using pass: pass_libfirm_place_code -- No improvement
	# of nodes: 			7
	# of irgs: 				1
	# of cf manipulations: 	2
	# of memory operations: 0
	# of types: 			226



Using pass: pass_libfirm_opt_jumpthreading -- No improvement
	# of nodes: 			7
	# of irgs: 				1
	# of cf manipulations: 	2
	# of memory operations: 0
	# of types: 			226



Using pass: pass_libfirm_opt_jumpthreading -- No improvement
	# of nodes: 			7
	# of irgs: 				1
	# of cf manipulations: 	2
	# of memory operations: 0
	# of types: 			226



Using pass: pass_libfirm_normalize_n_returns -- No improvement
	# of nodes: 			7
	# of irgs: 				1
	# of cf manipulations: 	2
	# of memory operations: 0
	# of types: 			226



Using pass: pass_gc_irgs -- No improvement
	# of nodes: 			7
	# of irgs: 				1
	# of cf manipulations: 	2
	# of memory operations: 0
	# of types: 			226



Using pass: pass_libfirm_remove_tuples -- No improvement
	# of nodes: 			7
	# of irgs: 				1
	# of cf manipulations: 	2
	# of memory operations: 0
	# of types: 			226



Using pass: pass_replace_loads -- No improvement
	# of nodes: 			7
	# of irgs: 				1
	# of cf manipulations: 	2
	# of memory operations: 0
	# of types: 			226



Using pass: pass_libfirm_conv_opt -- No improvement
	# of nodes: 			7
	# of irgs: 				1
	# of cf manipulations: 	2
	# of memory operations: 0
	# of types: 			226



Using pass: pass_libfirm_opt_jumpthreading -- No improvement
	# of nodes: 			7
	# of irgs: 				1
	# of cf manipulations: 	2
	# of memory operations: 0
	# of types: 			226



Using pass: pass_libfirm_opt_blocks -- No improvement
	# of nodes: 			7
	# of irgs: 				1
	# of cf manipulations: 	2
	# of memory operations: 0
	# of types: 			226



Using pass: pass_libfirm_optimize_graph_df -- No improvement
	# of nodes: 			7
	# of irgs: 				1
	# of cf manipulations: 	2
	# of memory operations: 0
	# of types: 			226



Using pass: pass_remove_void_calls -- No improvement
	# of nodes: 			7
	# of irgs: 				1
	# of cf manipulations: 	2
	# of memory operations: 0
	# of types: 			226



Using pass: pass_remove_allocs -- No improvement
	# of nodes: 			7
	# of irgs: 				1
	# of cf manipulations: 	2
	# of memory operations: 0
	# of types: 			226



Using pass: pass_libfirm_opt_frame -- No improvement
	# of nodes: 			7
	# of irgs: 				1
	# of cf manipulations: 	2
	# of memory operations: 0
	# of types: 			226



Using pass: pass_libfirm_construct_confirms -- No improvement
	# of nodes: 			7
	# of irgs: 				1
	# of cf manipulations: 	2
	# of memory operations: 0
	# of types: 			226



Using pass: pass_replace_proj_primitive -- No improvement
	# of nodes: 			7
	# of irgs: 				1
	# of cf manipulations: 	2
	# of memory operations: 0
	# of types: 			226



Using pass: pass_replace_mux_selectors -- No improvement
	# of nodes: 			7
	# of irgs: 				1
	# of cf manipulations: 	2
	# of memory operations: 0
	# of types: 			226



Using pass: pass_replace_loads -- No improvement
	# of nodes: 			7
	# of irgs: 				1
	# of cf manipulations: 	2
	# of memory operations: 0
	# of types: 			226



Using pass: pass_libfirm_normalize_one_return -- No improvement
	# of nodes: 			7
	# of irgs: 				1
	# of cf manipulations: 	2
	# of memory operations: 0
	# of types: 			226



Using pass: pass_replace_members -- No improvement
	# of nodes: 			7
	# of irgs: 				1
	# of cf manipulations: 	2
	# of memory operations: 0
	# of types: 			226



Using pass: pass_libfirm_place_code -- No improvement
	# of nodes: 			7
	# of irgs: 				1
	# of cf manipulations: 	2
	# of memory operations: 0
	# of types: 			226



Using pass: pass_libfirm_do_loop_unrolling -- No improvement
	# of nodes: 			7
	# of irgs: 				1
	# of cf manipulations: 	2
	# of memory operations: 0
	# of types: 			226



Using pass: pass_check_validity -- No improvement
	# of nodes: 			7
	# of irgs: 				1
	# of cf manipulations: 	2
	# of memory operations: 0
	# of types: 			226



Using pass: pass_libfirm_remove_bads -- No improvement
	# of nodes: 			7
	# of irgs: 				1
	# of cf manipulations: 	2
	# of memory operations: 0
	# of types: 			226



Using pass: pass_libfirm_construct_confirms -- No improvement
	# of nodes: 			7
	# of irgs: 				1
	# of cf manipulations: 	2
	# of memory operations: 0
	# of types: 			226



Using pass: pass_libfirm_conv_opt -- No improvement
	# of nodes: 			7
	# of irgs: 				1
	# of cf manipulations: 	2
	# of memory operations: 0
	# of types: 			226



Using pass: pass_libfirm_remove_unreachable -- No improvement
	# of nodes: 			7
	# of irgs: 				1
	# of cf manipulations: 	2
	# of memory operations: 0
	# of types: 			226



Using pass: pass_libfirm_do_loop_peeling -- No improvement
	# of nodes: 			7
	# of irgs: 				1
	# of cf manipulations: 	2
	# of memory operations: 0
	# of types: 			226



Using pass: pass_libfirm_gvn_pre -- No improvement
	# of nodes: 			7
	# of irgs: 				1
	# of cf manipulations: 	2
	# of memory operations: 0
	# of types: 			226



Using pass: pass_libfirm_remove_critical_cf_edges -- No improvement
	# of nodes: 			7
	# of irgs: 				1
	# of cf manipulations: 	2
	# of memory operations: 0
	# of types: 			226



Using pass: pass_replace_proj_primitive -- No improvement
	# of nodes: 			7
	# of irgs: 				1
	# of cf manipulations: 	2
	# of memory operations: 0
	# of types: 			226



Using pass: pass_replace_arithmetic -- No improvement
	# of nodes: 			7
	# of irgs: 				1
	# of cf manipulations: 	2
	# of memory operations: 0
	# of types: 			226



Using pass: pass_replace_mux_selectors -- No improvement
	# of nodes: 			7
	# of irgs: 				1
	# of cf manipulations: 	2
	# of memory operations: 0
	# of types: 			226



Using pass: pass_libfirm_normalize_n_returns -- No improvement
	# of nodes: 			7
	# of irgs: 				1
	# of cf manipulations: 	2
	# of memory operations: 0
	# of types: 			226



Using pass: pass_libfirm_dead_code_elimination -- No improvement
	# of nodes: 			7
	# of irgs: 				1
	# of cf manipulations: 	2
	# of memory operations: 0
	# of types: 			226



Using pass: pass_replace_members -- No improvement
	# of nodes: 			7
	# of irgs: 				1
	# of cf manipulations: 	2
	# of memory operations: 0
	# of types: 			226



Using pass: pass_libfirm_scalar_replacement_opt -- No improvement
	# of nodes: 			7
	# of irgs: 				1
	# of cf manipulations: 	2
	# of memory operations: 0
	# of types: 			226



Using pass: pass_remove_void_calls -- No improvement
	# of nodes: 			7
	# of irgs: 				1
	# of cf manipulations: 	2
	# of memory operations: 0
	# of types: 			226



Using pass: pass_gc_entitites -- No improvement
	# of nodes: 			7
	# of irgs: 				1
	# of cf manipulations: 	2
	# of memory operations: 0
	# of types: 			226



Using pass: pass_libfirm_opt_jumpthreading -- No improvement
	# of nodes: 			7
	# of irgs: 				1
	# of cf manipulations: 	2
	# of memory operations: 0
	# of types: 			226



Using pass: pass_libfirm_normalize_n_returns -- No improvement
	# of nodes: 			7
	# of irgs: 				1
	# of cf manipulations: 	2
	# of memory operations: 0
	# of types: 			226



Using pass: pass_gc_irgs -- No improvement
	# of nodes: 			7
	# of irgs: 				1
	# of cf manipulations: 	2
	# of memory operations: 0
	# of types: 			226



Using pass: pass_libfirm_remove_bads -- No improvement
	# of nodes: 			7
	# of irgs: 				1
	# of cf manipulations: 	2
	# of memory operations: 0
	# of types: 			226



Using pass: pass_libfirm_dead_code_elimination -- No improvement
	# of nodes: 			7
	# of irgs: 				1
	# of cf manipulations: 	2
	# of memory operations: 0
	# of types: 			226



Using pass: pass_libfirm_dead_code_elimination -- No improvement
	# of nodes: 			7
	# of irgs: 				1
	# of cf manipulations: 	2
	# of memory operations: 0
	# of types: 			226



Using pass: pass_libfirm_dead_code_elimination -- No improvement
	# of nodes: 			7
	# of irgs: 				1
	# of cf manipulations: 	2
	# of memory operations: 0
	# of types: 			226



Using pass: pass_libfirm_opt_bool -- No improvement
	# of nodes: 			7
	# of irgs: 				1
	# of cf manipulations: 	2
	# of memory operations: 0
	# of types: 			226



Using pass: pass_libfirm_optimize_load_store -- No improvement
	# of nodes: 			7
	# of irgs: 				1
	# of cf manipulations: 	2
	# of memory operations: 0
	# of types: 			226



Using pass: pass_libfirm_conv_opt -- No improvement
	# of nodes: 			7
	# of irgs: 				1
	# of cf manipulations: 	2
	# of memory operations: 0
	# of types: 			226



Using pass: pass_libfirm_normalize_n_returns -- No improvement
	# of nodes: 			7
	# of irgs: 				1
	# of cf manipulations: 	2
	# of memory operations: 0
	# of types: 			226



Using pass: pass_replace_proj_primitive -- No improvement
	# of nodes: 			7
	# of irgs: 				1
	# of cf manipulations: 	2
	# of memory operations: 0
	# of types: 			226



Using pass: pass_gc_entitites -- No improvement
	# of nodes: 			7
	# of irgs: 				1
	# of cf manipulations: 	2
	# of memory operations: 0
	# of types: 			226



Using pass: pass_libfirm_normalize_one_return -- No improvement
	# of nodes: 			7
	# of irgs: 				1
	# of cf manipulations: 	2
	# of memory operations: 0
	# of types: 			226



Using pass: pass_libfirm_do_loop_peeling -- No improvement
	# of nodes: 			7
	# of irgs: 				1
	# of cf manipulations: 	2
	# of memory operations: 0
	# of types: 			226



Using pass: pass_replace_members -- No improvement
	# of nodes: 			7
	# of irgs: 				1
	# of cf manipulations: 	2
	# of memory operations: 0
	# of types: 			226



Using pass: pass_libfirm_opt_ldst
	 :: Pass failed on irg 'main' -- No improvement
	# of nodes: 			7
	# of irgs: 				1
	# of cf manipulations: 	2
	# of memory operations: 0
	# of types: 			226




 :: 2nd reduction cycle


______________________________

No further reduction possible.

Result:
	# of nodes: 			7
	# of irgs: 				1
	# of cf manipulations: 	2
	# of memory operations: 0
	# of types: 			226

