2018-08-24 08:59:57 -- Firmreduce -- Results

Initial Test-case size:
	# of nodes: 			13659
	# of irgs: 				4
	# of cf manipulations: 	274
	# of memory operations: 2069
	# of types: 			2348


Using pass: pass_libfirm_do_loop_unrolling -- No improvement
	# of nodes: 			13659
	# of irgs: 				4
	# of cf manipulations: 	274
	# of memory operations: 2069
	# of types: 			2348



Using pass: pass_replace_loads -- No improvement
	# of nodes: 			13659
	# of irgs: 				4
	# of cf manipulations: 	274
	# of memory operations: 2069
	# of types: 			2348



Using pass: pass_libfirm_optimize_load_store -- Successful
	# of nodes: 			13915
	# of irgs: 				4
	# of cf manipulations: 	402
	# of memory operations: 2069
	# of types: 			2348



Using pass: pass_replace_proj_primitive
	 :: Pass failed on irg 'r_func_2'
	 :: Pass failed on irg '_main' -- No improvement
	# of nodes: 			13915
	# of irgs: 				4
	# of cf manipulations: 	402
	# of memory operations: 2069
	# of types: 			2348



Using pass: pass_replace_switch_selectors -- No improvement
	# of nodes: 			13915
	# of irgs: 				4
	# of cf manipulations: 	402
	# of memory operations: 2069
	# of types: 			2348



Using pass: pass_replace_proj_primitive
	 :: Pass failed on irg '_main'
	 :: Pass failed on irg 'r_func_1'
	 :: Pass failed on irg 'r_func_2' -- No improvement
	# of nodes: 			13915
	# of irgs: 				4
	# of cf manipulations: 	402
	# of memory operations: 2069
	# of types: 			2348



Using pass: pass_libfirm_do_loop_unrolling -- No improvement
	# of nodes: 			13915
	# of irgs: 				4
	# of cf manipulations: 	402
	# of memory operations: 2069
	# of types: 			2348



Using pass: pass_replace_cond_selectors -- Successful
	# of nodes: 			9311
	# of irgs: 				4
	# of cf manipulations: 	272
	# of memory operations: 1474
	# of types: 			2348



Using pass: pass_libfirm_opt_tail_rec -- Successful
	# of nodes: 			9299
	# of irgs: 				4
	# of cf manipulations: 	270
	# of memory operations: 1473
	# of types: 			2348



Using pass: pass_libfirm_opt_bool -- No improvement
	# of nodes: 			9299
	# of irgs: 				4
	# of cf manipulations: 	270
	# of memory operations: 1473
	# of types: 			2348



Using pass: pass_libfirm_opt_blocks -- No improvement
	# of nodes: 			9299
	# of irgs: 				4
	# of cf manipulations: 	270
	# of memory operations: 1473
	# of types: 			2348



Using pass: pass_libfirm_opt_ldst
	 :: Pass failed on irg 'r_func_2'
	 :: Pass failed on irg 'r_func_1'
	 :: Pass failed on irg '_main'
	 :: Pass failed on irg 'main' -- No improvement
	# of nodes: 			9299
	# of irgs: 				4
	# of cf manipulations: 	270
	# of memory operations: 1473
	# of types: 			2348



Using pass: pass_replace_arithmetic -- Successful
	# of nodes: 			6359
	# of irgs: 				4
	# of cf manipulations: 	145
	# of memory operations: 1095
	# of types: 			2348



Using pass: pass_replace_loads -- No improvement
	# of nodes: 			6359
	# of irgs: 				4
	# of cf manipulations: 	145
	# of memory operations: 1095
	# of types: 			2348



Using pass: pass_libfirm_optimize_load_store -- No improvement
	# of nodes: 			6359
	# of irgs: 				4
	# of cf manipulations: 	145
	# of memory operations: 1095
	# of types: 			2348



Using pass: pass_libfirm_remove_bads -- No improvement
	# of nodes: 			6359
	# of irgs: 				4
	# of cf manipulations: 	145
	# of memory operations: 1095
	# of types: 			2348



Using pass: pass_remove_allocs
	 :: Pass failed on irg '_main'
	 :: Pass failed on irg '_main' -- Successful
	# of nodes: 			6322
	# of irgs: 				4
	# of cf manipulations: 	145
	# of memory operations: 1077
	# of types: 			2348



Using pass: pass_libfirm_do_loop_inversion -- No improvement
	# of nodes: 			6322
	# of irgs: 				4
	# of cf manipulations: 	145
	# of memory operations: 1077
	# of types: 			2348



Using pass: pass_libfirm_conv_opt -- Successful
	# of nodes: 			4787
	# of irgs: 				4
	# of cf manipulations: 	145
	# of memory operations: 1077
	# of types: 			2348



Using pass: pass_libfirm_construct_confirms -- Successful
	# of nodes: 			2866
	# of irgs: 				4
	# of cf manipulations: 	51
	# of memory operations: 724
	# of types: 			2348



Using pass: pass_libfirm_optimize_load_store -- No improvement
	# of nodes: 			2866
	# of irgs: 				4
	# of cf manipulations: 	51
	# of memory operations: 724
	# of types: 			2348



Using pass: pass_libfirm_place_code -- No improvement
	# of nodes: 			2866
	# of irgs: 				4
	# of cf manipulations: 	51
	# of memory operations: 724
	# of types: 			2348



Using pass: pass_libfirm_combo -- Successful
	# of nodes: 			2655
	# of irgs: 				4
	# of cf manipulations: 	30
	# of memory operations: 716
	# of types: 			2348



Using pass: pass_remove_void_calls -- No improvement
	# of nodes: 			2655
	# of irgs: 				4
	# of cf manipulations: 	30
	# of memory operations: 716
	# of types: 			2348



Using pass: pass_remove_stores -- Successful
	# of nodes: 			492
	# of irgs: 				4
	# of cf manipulations: 	10
	# of memory operations: 217
	# of types: 			2348



Using pass: pass_libfirm_remove_tuples -- No improvement
	# of nodes: 			492
	# of irgs: 				4
	# of cf manipulations: 	10
	# of memory operations: 217
	# of types: 			2348



Using pass: pass_libfirm_opt_frame -- No improvement
	# of nodes: 			492
	# of irgs: 				4
	# of cf manipulations: 	10
	# of memory operations: 217
	# of types: 			2348



Using pass: pass_replace_loads -- No improvement
	# of nodes: 			492
	# of irgs: 				4
	# of cf manipulations: 	10
	# of memory operations: 217
	# of types: 			2348



Using pass: pass_replace_arithmetic -- No improvement
	# of nodes: 			492
	# of irgs: 				4
	# of cf manipulations: 	10
	# of memory operations: 217
	# of types: 			2348



Using pass: pass_libfirm_opt_if_conv -- No improvement
	# of nodes: 			492
	# of irgs: 				4
	# of cf manipulations: 	10
	# of memory operations: 217
	# of types: 			2348



Using pass: pass_replace_loads -- No improvement
	# of nodes: 			492
	# of irgs: 				4
	# of cf manipulations: 	10
	# of memory operations: 217
	# of types: 			2348



Using pass: pass_replace_switch_selectors -- No improvement
	# of nodes: 			492
	# of irgs: 				4
	# of cf manipulations: 	10
	# of memory operations: 217
	# of types: 			2348



Using pass: pass_libfirm_opt_bool -- No improvement
	# of nodes: 			492
	# of irgs: 				4
	# of cf manipulations: 	10
	# of memory operations: 217
	# of types: 			2348



Using pass: pass_gc_irgs -- Successful
	# of nodes: 			187
	# of irgs: 				2
	# of cf manipulations: 	4
	# of memory operations: 82
	# of types: 			2348



Using pass: pass_libfirm_optimize_cf -- No improvement
	# of nodes: 			187
	# of irgs: 				2
	# of cf manipulations: 	4
	# of memory operations: 82
	# of types: 			2348



Using pass: pass_libfirm_optimize_load_store -- No improvement
	# of nodes: 			187
	# of irgs: 				2
	# of cf manipulations: 	4
	# of memory operations: 82
	# of types: 			2348



Using pass: pass_libfirm_optimize_load_store -- No improvement
	# of nodes: 			187
	# of irgs: 				2
	# of cf manipulations: 	4
	# of memory operations: 82
	# of types: 			2348



Using pass: pass_libfirm_dead_code_elimination -- No improvement
	# of nodes: 			187
	# of irgs: 				2
	# of cf manipulations: 	4
	# of memory operations: 82
	# of types: 			2348



Using pass: pass_replace_proj_primitive -- No improvement
	# of nodes: 			187
	# of irgs: 				2
	# of cf manipulations: 	4
	# of memory operations: 82
	# of types: 			2348



Using pass: pass_gc_entitites -- No improvement
	# of nodes: 			187
	# of irgs: 				2
	# of cf manipulations: 	4
	# of memory operations: 82
	# of types: 			2348



Using pass: pass_libfirm_optimize_load_store -- No improvement
	# of nodes: 			187
	# of irgs: 				2
	# of cf manipulations: 	4
	# of memory operations: 82
	# of types: 			2348



Using pass: pass_simplify_consts -- Successful
	# of nodes: 			179
	# of irgs: 				2
	# of cf manipulations: 	4
	# of memory operations: 82
	# of types: 			2348



Using pass: pass_libfirm_normalize_n_returns -- No improvement
	# of nodes: 			179
	# of irgs: 				2
	# of cf manipulations: 	4
	# of memory operations: 82
	# of types: 			2348



Using pass: pass_replace_loads -- No improvement
	# of nodes: 			179
	# of irgs: 				2
	# of cf manipulations: 	4
	# of memory operations: 82
	# of types: 			2348



Using pass: pass_replace_proj_primitive -- No improvement
	# of nodes: 			179
	# of irgs: 				2
	# of cf manipulations: 	4
	# of memory operations: 82
	# of types: 			2348



Using pass: pass_replace_mux_selectors -- No improvement
	# of nodes: 			179
	# of irgs: 				2
	# of cf manipulations: 	4
	# of memory operations: 82
	# of types: 			2348



Using pass: pass_libfirm_construct_confirms -- No improvement
	# of nodes: 			179
	# of irgs: 				2
	# of cf manipulations: 	4
	# of memory operations: 82
	# of types: 			2348



Using pass: pass_libfirm_combo -- No improvement
	# of nodes: 			179
	# of irgs: 				2
	# of cf manipulations: 	4
	# of memory operations: 82
	# of types: 			2348



Using pass: pass_replace_return_values -- No improvement
	# of nodes: 			179
	# of irgs: 				2
	# of cf manipulations: 	4
	# of memory operations: 82
	# of types: 			2348



Using pass: pass_gc_irgs_primitive -- No improvement
	# of nodes: 			179
	# of irgs: 				2
	# of cf manipulations: 	4
	# of memory operations: 82
	# of types: 			2348



Using pass: pass_remove_void_calls -- No improvement
	# of nodes: 			179
	# of irgs: 				2
	# of cf manipulations: 	4
	# of memory operations: 82
	# of types: 			2348



Using pass: pass_replace_mux_selectors -- No improvement
	# of nodes: 			179
	# of irgs: 				2
	# of cf manipulations: 	4
	# of memory operations: 82
	# of types: 			2348



Using pass: pass_libfirm_optimize_graph_df -- No improvement
	# of nodes: 			179
	# of irgs: 				2
	# of cf manipulations: 	4
	# of memory operations: 82
	# of types: 			2348



Using pass: pass_gc_irgs -- No improvement
	# of nodes: 			179
	# of irgs: 				2
	# of cf manipulations: 	4
	# of memory operations: 82
	# of types: 			2348



Using pass: pass_libfirm_opt_tail_rec -- No improvement
	# of nodes: 			179
	# of irgs: 				2
	# of cf manipulations: 	4
	# of memory operations: 82
	# of types: 			2348



Using pass: pass_replace_return_values -- No improvement
	# of nodes: 			179
	# of irgs: 				2
	# of cf manipulations: 	4
	# of memory operations: 82
	# of types: 			2348



Using pass: pass_libfirm_remove_tuples -- No improvement
	# of nodes: 			179
	# of irgs: 				2
	# of cf manipulations: 	4
	# of memory operations: 82
	# of types: 			2348



Using pass: pass_remove_void_calls -- No improvement
	# of nodes: 			179
	# of irgs: 				2
	# of cf manipulations: 	4
	# of memory operations: 82
	# of types: 			2348



Using pass: pass_remove_allocs -- Successful
	# of nodes: 			14
	# of irgs: 				2
	# of cf manipulations: 	4
	# of memory operations: 0
	# of types: 			2348



Using pass: pass_libfirm_normalize_n_returns -- No improvement
	# of nodes: 			14
	# of irgs: 				2
	# of cf manipulations: 	4
	# of memory operations: 0
	# of types: 			2348



Using pass: pass_libfirm_dead_code_elimination -- No improvement
	# of nodes: 			14
	# of irgs: 				2
	# of cf manipulations: 	4
	# of memory operations: 0
	# of types: 			2348



Using pass: pass_libfirm_remove_tuples -- No improvement
	# of nodes: 			14
	# of irgs: 				2
	# of cf manipulations: 	4
	# of memory operations: 0
	# of types: 			2348



Using pass: pass_libfirm_optimize_graph_df -- No improvement
	# of nodes: 			14
	# of irgs: 				2
	# of cf manipulations: 	4
	# of memory operations: 0
	# of types: 			2348



Using pass: pass_libfirm_place_code -- No improvement
	# of nodes: 			14
	# of irgs: 				2
	# of cf manipulations: 	4
	# of memory operations: 0
	# of types: 			2348



Using pass: pass_libfirm_opt_ldst
	 :: Pass failed on irg '_main'
	 :: Pass failed on irg '_main' -- No improvement
	# of nodes: 			14
	# of irgs: 				2
	# of cf manipulations: 	4
	# of memory operations: 0
	# of types: 			2348



Using pass: pass_libfirm_optimize_cf -- No improvement
	# of nodes: 			14
	# of irgs: 				2
	# of cf manipulations: 	4
	# of memory operations: 0
	# of types: 			2348



Using pass: pass_replace_cond_selectors -- No improvement
	# of nodes: 			14
	# of irgs: 				2
	# of cf manipulations: 	4
	# of memory operations: 0
	# of types: 			2348



Using pass: pass_libfirm_opt_tail_rec -- No improvement
	# of nodes: 			14
	# of irgs: 				2
	# of cf manipulations: 	4
	# of memory operations: 0
	# of types: 			2348



Using pass: pass_libfirm_construct_confirms -- No improvement
	# of nodes: 			14
	# of irgs: 				2
	# of cf manipulations: 	4
	# of memory operations: 0
	# of types: 			2348



Using pass: pass_gc_entitites -- No improvement
	# of nodes: 			14
	# of irgs: 				2
	# of cf manipulations: 	4
	# of memory operations: 0
	# of types: 			2348



Using pass: pass_libfirm_remove_critical_cf_edges -- No improvement
	# of nodes: 			14
	# of irgs: 				2
	# of cf manipulations: 	4
	# of memory operations: 0
	# of types: 			2348



Using pass: pass_replace_return_values -- No improvement
	# of nodes: 			14
	# of irgs: 				2
	# of cf manipulations: 	4
	# of memory operations: 0
	# of types: 			2348



Using pass: pass_libfirm_opt_frame -- No improvement
	# of nodes: 			14
	# of irgs: 				2
	# of cf manipulations: 	4
	# of memory operations: 0
	# of types: 			2348



Using pass: pass_libfirm_opt_ldst
	 :: Pass failed on irg 'main'
	 :: Pass failed on irg '_main' -- No improvement
	# of nodes: 			14
	# of irgs: 				2
	# of cf manipulations: 	4
	# of memory operations: 0
	# of types: 			2348



Using pass: pass_gc_irgs -- No improvement
	# of nodes: 			14
	# of irgs: 				2
	# of cf manipulations: 	4
	# of memory operations: 0
	# of types: 			2348



Using pass: pass_libfirm_construct_confirms -- No improvement
	# of nodes: 			14
	# of irgs: 				2
	# of cf manipulations: 	4
	# of memory operations: 0
	# of types: 			2348



Using pass: pass_libfirm_optimize_load_store -- No improvement
	# of nodes: 			14
	# of irgs: 				2
	# of cf manipulations: 	4
	# of memory operations: 0
	# of types: 			2348



Using pass: pass_libfirm_do_loop_peeling -- No improvement
	# of nodes: 			14
	# of irgs: 				2
	# of cf manipulations: 	4
	# of memory operations: 0
	# of types: 			2348



Using pass: pass_libfirm_remove_bads -- No improvement
	# of nodes: 			14
	# of irgs: 				2
	# of cf manipulations: 	4
	# of memory operations: 0
	# of types: 			2348



Using pass: pass_libfirm_optimize_graph_df -- No improvement
	# of nodes: 			14
	# of irgs: 				2
	# of cf manipulations: 	4
	# of memory operations: 0
	# of types: 			2348



Using pass: pass_libfirm_remove_tuples -- No improvement
	# of nodes: 			14
	# of irgs: 				2
	# of cf manipulations: 	4
	# of memory operations: 0
	# of types: 			2348



Using pass: pass_libfirm_scalar_replacement_opt -- No improvement
	# of nodes: 			14
	# of irgs: 				2
	# of cf manipulations: 	4
	# of memory operations: 0
	# of types: 			2348



Using pass: pass_libfirm_opt_bool -- No improvement
	# of nodes: 			14
	# of irgs: 				2
	# of cf manipulations: 	4
	# of memory operations: 0
	# of types: 			2348



Using pass: pass_libfirm_normalize_n_returns -- No improvement
	# of nodes: 			14
	# of irgs: 				2
	# of cf manipulations: 	4
	# of memory operations: 0
	# of types: 			2348



Using pass: pass_replace_proj_primitive -- No improvement
	# of nodes: 			14
	# of irgs: 				2
	# of cf manipulations: 	4
	# of memory operations: 0
	# of types: 			2348



Using pass: pass_gc_irgs -- No improvement
	# of nodes: 			14
	# of irgs: 				2
	# of cf manipulations: 	4
	# of memory operations: 0
	# of types: 			2348



Using pass: pass_replace_return_values -- No improvement
	# of nodes: 			14
	# of irgs: 				2
	# of cf manipulations: 	4
	# of memory operations: 0
	# of types: 			2348



Using pass: pass_libfirm_optimize_load_store -- No improvement
	# of nodes: 			14
	# of irgs: 				2
	# of cf manipulations: 	4
	# of memory operations: 0
	# of types: 			2348



Using pass: pass_libfirm_scalar_replacement_opt -- No improvement
	# of nodes: 			14
	# of irgs: 				2
	# of cf manipulations: 	4
	# of memory operations: 0
	# of types: 			2348



Using pass: pass_libfirm_opt_ldst
	 :: Pass failed on irg '_main'
	 :: Pass failed on irg 'main' -- No improvement
	# of nodes: 			14
	# of irgs: 				2
	# of cf manipulations: 	4
	# of memory operations: 0
	# of types: 			2348



Using pass: pass_libfirm_normalize_one_return -- No improvement
	# of nodes: 			14
	# of irgs: 				2
	# of cf manipulations: 	4
	# of memory operations: 0
	# of types: 			2348



Using pass: pass_check_validity -- No improvement
	# of nodes: 			14
	# of irgs: 				2
	# of cf manipulations: 	4
	# of memory operations: 0
	# of types: 			2348



Using pass: pass_libfirm_remove_bads -- No improvement
	# of nodes: 			14
	# of irgs: 				2
	# of cf manipulations: 	4
	# of memory operations: 0
	# of types: 			2348



Using pass: pass_libfirm_conv_opt -- No improvement
	# of nodes: 			14
	# of irgs: 				2
	# of cf manipulations: 	4
	# of memory operations: 0
	# of types: 			2348



Using pass: pass_libfirm_place_code -- No improvement
	# of nodes: 			14
	# of irgs: 				2
	# of cf manipulations: 	4
	# of memory operations: 0
	# of types: 			2348



Using pass: pass_libfirm_place_code -- No improvement
	# of nodes: 			14
	# of irgs: 				2
	# of cf manipulations: 	4
	# of memory operations: 0
	# of types: 			2348



Using pass: pass_libfirm_conv_opt -- No improvement
	# of nodes: 			14
	# of irgs: 				2
	# of cf manipulations: 	4
	# of memory operations: 0
	# of types: 			2348



Using pass: pass_remove_void_calls -- No improvement
	# of nodes: 			14
	# of irgs: 				2
	# of cf manipulations: 	4
	# of memory operations: 0
	# of types: 			2348



Using pass: pass_libfirm_opt_blocks -- No improvement
	# of nodes: 			14
	# of irgs: 				2
	# of cf manipulations: 	4
	# of memory operations: 0
	# of types: 			2348



Using pass: pass_libfirm_conv_opt -- No improvement
	# of nodes: 			14
	# of irgs: 				2
	# of cf manipulations: 	4
	# of memory operations: 0
	# of types: 			2348



Using pass: pass_libfirm_opt_frame -- No improvement
	# of nodes: 			14
	# of irgs: 				2
	# of cf manipulations: 	4
	# of memory operations: 0
	# of types: 			2348



Using pass: pass_remove_void_calls -- No improvement
	# of nodes: 			14
	# of irgs: 				2
	# of cf manipulations: 	4
	# of memory operations: 0
	# of types: 			2348



Using pass: pass_libfirm_remove_unreachable -- No improvement
	# of nodes: 			14
	# of irgs: 				2
	# of cf manipulations: 	4
	# of memory operations: 0
	# of types: 			2348



Using pass: pass_libfirm_do_loop_peeling -- No improvement
	# of nodes: 			14
	# of irgs: 				2
	# of cf manipulations: 	4
	# of memory operations: 0
	# of types: 			2348



Using pass: pass_libfirm_opt_jumpthreading -- No improvement
	# of nodes: 			14
	# of irgs: 				2
	# of cf manipulations: 	4
	# of memory operations: 0
	# of types: 			2348



Using pass: pass_libfirm_conv_opt -- No improvement
	# of nodes: 			14
	# of irgs: 				2
	# of cf manipulations: 	4
	# of memory operations: 0
	# of types: 			2348



Using pass: pass_libfirm_scalar_replacement_opt -- No improvement
	# of nodes: 			14
	# of irgs: 				2
	# of cf manipulations: 	4
	# of memory operations: 0
	# of types: 			2348



Using pass: pass_remove_stores -- No improvement
	# of nodes: 			14
	# of irgs: 				2
	# of cf manipulations: 	4
	# of memory operations: 0
	# of types: 			2348



Using pass: pass_libfirm_remove_critical_cf_edges -- No improvement
	# of nodes: 			14
	# of irgs: 				2
	# of cf manipulations: 	4
	# of memory operations: 0
	# of types: 			2348



Using pass: pass_libfirm_optimize_load_store -- No improvement
	# of nodes: 			14
	# of irgs: 				2
	# of cf manipulations: 	4
	# of memory operations: 0
	# of types: 			2348



Using pass: pass_libfirm_combo -- No improvement
	# of nodes: 			14
	# of irgs: 				2
	# of cf manipulations: 	4
	# of memory operations: 0
	# of types: 			2348



Using pass: pass_replace_members -- No improvement
	# of nodes: 			14
	# of irgs: 				2
	# of cf manipulations: 	4
	# of memory operations: 0
	# of types: 			2348



Using pass: pass_libfirm_remove_unreachable -- No improvement
	# of nodes: 			14
	# of irgs: 				2
	# of cf manipulations: 	4
	# of memory operations: 0
	# of types: 			2348



Using pass: pass_libfirm_opt_frame -- No improvement
	# of nodes: 			14
	# of irgs: 				2
	# of cf manipulations: 	4
	# of memory operations: 0
	# of types: 			2348



Using pass: pass_libfirm_optimize_load_store -- No improvement
	# of nodes: 			14
	# of irgs: 				2
	# of cf manipulations: 	4
	# of memory operations: 0
	# of types: 			2348



Using pass: pass_simplify_consts -- No improvement
	# of nodes: 			14
	# of irgs: 				2
	# of cf manipulations: 	4
	# of memory operations: 0
	# of types: 			2348



Using pass: pass_replace_arithmetic -- No improvement
	# of nodes: 			14
	# of irgs: 				2
	# of cf manipulations: 	4
	# of memory operations: 0
	# of types: 			2348



Using pass: pass_libfirm_remove_bads -- No improvement
	# of nodes: 			14
	# of irgs: 				2
	# of cf manipulations: 	4
	# of memory operations: 0
	# of types: 			2348



Using pass: pass_libfirm_combo -- No improvement
	# of nodes: 			14
	# of irgs: 				2
	# of cf manipulations: 	4
	# of memory operations: 0
	# of types: 			2348



Using pass: pass_libfirm_remove_unreachable -- No improvement
	# of nodes: 			14
	# of irgs: 				2
	# of cf manipulations: 	4
	# of memory operations: 0
	# of types: 			2348



Using pass: pass_libfirm_opt_jumpthreading -- No improvement
	# of nodes: 			14
	# of irgs: 				2
	# of cf manipulations: 	4
	# of memory operations: 0
	# of types: 			2348



Using pass: pass_libfirm_scalar_replacement_opt -- No improvement
	# of nodes: 			14
	# of irgs: 				2
	# of cf manipulations: 	4
	# of memory operations: 0
	# of types: 			2348



Using pass: pass_gc_irgs -- No improvement
	# of nodes: 			14
	# of irgs: 				2
	# of cf manipulations: 	4
	# of memory operations: 0
	# of types: 			2348



Using pass: pass_replace_switch_selectors -- No improvement
	# of nodes: 			14
	# of irgs: 				2
	# of cf manipulations: 	4
	# of memory operations: 0
	# of types: 			2348



Using pass: pass_gc_irgs_primitive -- Successful
	# of nodes: 			7
	# of irgs: 				1
	# of cf manipulations: 	2
	# of memory operations: 0
	# of types: 			2348



Using pass: pass_libfirm_remove_unreachable -- No improvement
	# of nodes: 			7
	# of irgs: 				1
	# of cf manipulations: 	2
	# of memory operations: 0
	# of types: 			2348



Using pass: pass_libfirm_gvn_pre -- No improvement
	# of nodes: 			7
	# of irgs: 				1
	# of cf manipulations: 	2
	# of memory operations: 0
	# of types: 			2348



Using pass: pass_libfirm_opt_funccalls -- No improvement
	# of nodes: 			7
	# of irgs: 				1
	# of cf manipulations: 	2
	# of memory operations: 0
	# of types: 			2348



Using pass: pass_libfirm_remove_critical_cf_edges -- No improvement
	# of nodes: 			7
	# of irgs: 				1
	# of cf manipulations: 	2
	# of memory operations: 0
	# of types: 			2348



Using pass: pass_check_validity -- No improvement
	# of nodes: 			7
	# of irgs: 				1
	# of cf manipulations: 	2
	# of memory operations: 0
	# of types: 			2348



Using pass: pass_libfirm_remove_tuples -- No improvement
	# of nodes: 			7
	# of irgs: 				1
	# of cf manipulations: 	2
	# of memory operations: 0
	# of types: 			2348



Using pass: pass_libfirm_opt_frame -- No improvement
	# of nodes: 			7
	# of irgs: 				1
	# of cf manipulations: 	2
	# of memory operations: 0
	# of types: 			2348



Using pass: pass_libfirm_opt_tail_rec -- No improvement
	# of nodes: 			7
	# of irgs: 				1
	# of cf manipulations: 	2
	# of memory operations: 0
	# of types: 			2348



Using pass: pass_libfirm_remove_bads -- No improvement
	# of nodes: 			7
	# of irgs: 				1
	# of cf manipulations: 	2
	# of memory operations: 0
	# of types: 			2348



Using pass: pass_replace_loads -- No improvement
	# of nodes: 			7
	# of irgs: 				1
	# of cf manipulations: 	2
	# of memory operations: 0
	# of types: 			2348



Using pass: pass_libfirm_scalar_replacement_opt -- No improvement
	# of nodes: 			7
	# of irgs: 				1
	# of cf manipulations: 	2
	# of memory operations: 0
	# of types: 			2348



Using pass: pass_libfirm_remove_critical_cf_edges -- No improvement
	# of nodes: 			7
	# of irgs: 				1
	# of cf manipulations: 	2
	# of memory operations: 0
	# of types: 			2348



Using pass: pass_libfirm_do_loop_inversion -- No improvement
	# of nodes: 			7
	# of irgs: 				1
	# of cf manipulations: 	2
	# of memory operations: 0
	# of types: 			2348



Using pass: pass_libfirm_optimize_cf -- No improvement
	# of nodes: 			7
	# of irgs: 				1
	# of cf manipulations: 	2
	# of memory operations: 0
	# of types: 			2348



Using pass: pass_libfirm_conv_opt -- No improvement
	# of nodes: 			7
	# of irgs: 				1
	# of cf manipulations: 	2
	# of memory operations: 0
	# of types: 			2348



Using pass: pass_replace_arithmetic -- No improvement
	# of nodes: 			7
	# of irgs: 				1
	# of cf manipulations: 	2
	# of memory operations: 0
	# of types: 			2348



Using pass: pass_libfirm_optimize_cf -- No improvement
	# of nodes: 			7
	# of irgs: 				1
	# of cf manipulations: 	2
	# of memory operations: 0
	# of types: 			2348



Using pass: pass_libfirm_opt_tail_rec -- No improvement
	# of nodes: 			7
	# of irgs: 				1
	# of cf manipulations: 	2
	# of memory operations: 0
	# of types: 			2348



Using pass: pass_libfirm_occult_consts -- No improvement
	# of nodes: 			7
	# of irgs: 				1
	# of cf manipulations: 	2
	# of memory operations: 0
	# of types: 			2348



Using pass: pass_libfirm_place_code -- No improvement
	# of nodes: 			7
	# of irgs: 				1
	# of cf manipulations: 	2
	# of memory operations: 0
	# of types: 			2348



Using pass: pass_libfirm_opt_ldst
	 :: Pass failed on irg 'main' -- No improvement
	# of nodes: 			7
	# of irgs: 				1
	# of cf manipulations: 	2
	# of memory operations: 0
	# of types: 			2348



Using pass: pass_libfirm_opt_ldst
	 :: Pass failed on irg 'main' -- No improvement
	# of nodes: 			7
	# of irgs: 				1
	# of cf manipulations: 	2
	# of memory operations: 0
	# of types: 			2348



Using pass: pass_libfirm_optimize_cf -- No improvement
	# of nodes: 			7
	# of irgs: 				1
	# of cf manipulations: 	2
	# of memory operations: 0
	# of types: 			2348



Using pass: pass_libfirm_remove_tuples -- No improvement
	# of nodes: 			7
	# of irgs: 				1
	# of cf manipulations: 	2
	# of memory operations: 0
	# of types: 			2348



Using pass: pass_libfirm_remove_critical_cf_edges -- No improvement
	# of nodes: 			7
	# of irgs: 				1
	# of cf manipulations: 	2
	# of memory operations: 0
	# of types: 			2348



Using pass: pass_libfirm_combo -- No improvement
	# of nodes: 			7
	# of irgs: 				1
	# of cf manipulations: 	2
	# of memory operations: 0
	# of types: 			2348



Using pass: pass_replace_loads -- No improvement
	# of nodes: 			7
	# of irgs: 				1
	# of cf manipulations: 	2
	# of memory operations: 0
	# of types: 			2348



Using pass: pass_gc_irgs -- No improvement
	# of nodes: 			7
	# of irgs: 				1
	# of cf manipulations: 	2
	# of memory operations: 0
	# of types: 			2348



Using pass: pass_libfirm_optimize_cf -- No improvement
	# of nodes: 			7
	# of irgs: 				1
	# of cf manipulations: 	2
	# of memory operations: 0
	# of types: 			2348



Using pass: pass_libfirm_gvn_pre -- No improvement
	# of nodes: 			7
	# of irgs: 				1
	# of cf manipulations: 	2
	# of memory operations: 0
	# of types: 			2348



Using pass: pass_replace_switch_selectors -- No improvement
	# of nodes: 			7
	# of irgs: 				1
	# of cf manipulations: 	2
	# of memory operations: 0
	# of types: 			2348



Using pass: pass_gc_entitites -- No improvement
	# of nodes: 			7
	# of irgs: 				1
	# of cf manipulations: 	2
	# of memory operations: 0
	# of types: 			2348



Using pass: pass_libfirm_opt_bool -- No improvement
	# of nodes: 			7
	# of irgs: 				1
	# of cf manipulations: 	2
	# of memory operations: 0
	# of types: 			2348



Using pass: pass_libfirm_normalize_n_returns -- No improvement
	# of nodes: 			7
	# of irgs: 				1
	# of cf manipulations: 	2
	# of memory operations: 0
	# of types: 			2348



Using pass: pass_libfirm_opt_ldst
	 :: Pass failed on irg 'main' -- No improvement
	# of nodes: 			7
	# of irgs: 				1
	# of cf manipulations: 	2
	# of memory operations: 0
	# of types: 			2348



Using pass: pass_libfirm_combo -- No improvement
	# of nodes: 			7
	# of irgs: 				1
	# of cf manipulations: 	2
	# of memory operations: 0
	# of types: 			2348



Using pass: pass_libfirm_do_loop_unrolling -- No improvement
	# of nodes: 			7
	# of irgs: 				1
	# of cf manipulations: 	2
	# of memory operations: 0
	# of types: 			2348



Using pass: pass_libfirm_opt_blocks -- No improvement
	# of nodes: 			7
	# of irgs: 				1
	# of cf manipulations: 	2
	# of memory operations: 0
	# of types: 			2348



Using pass: pass_libfirm_opt_frame -- No improvement
	# of nodes: 			7
	# of irgs: 				1
	# of cf manipulations: 	2
	# of memory operations: 0
	# of types: 			2348



Using pass: pass_simplify_consts -- No improvement
	# of nodes: 			7
	# of irgs: 				1
	# of cf manipulations: 	2
	# of memory operations: 0
	# of types: 			2348



Using pass: pass_libfirm_gvn_pre -- No improvement
	# of nodes: 			7
	# of irgs: 				1
	# of cf manipulations: 	2
	# of memory operations: 0
	# of types: 			2348



Using pass: pass_libfirm_opt_blocks -- No improvement
	# of nodes: 			7
	# of irgs: 				1
	# of cf manipulations: 	2
	# of memory operations: 0
	# of types: 			2348



Using pass: pass_replace_proj_primitive -- No improvement
	# of nodes: 			7
	# of irgs: 				1
	# of cf manipulations: 	2
	# of memory operations: 0
	# of types: 			2348



Using pass: pass_libfirm_opt_funccalls -- No improvement
	# of nodes: 			7
	# of irgs: 				1
	# of cf manipulations: 	2
	# of memory operations: 0
	# of types: 			2348



Using pass: pass_libfirm_opt_bool -- No improvement
	# of nodes: 			7
	# of irgs: 				1
	# of cf manipulations: 	2
	# of memory operations: 0
	# of types: 			2348



Using pass: pass_libfirm_do_loop_inversion -- No improvement
	# of nodes: 			7
	# of irgs: 				1
	# of cf manipulations: 	2
	# of memory operations: 0
	# of types: 			2348



Using pass: pass_replace_members -- No improvement
	# of nodes: 			7
	# of irgs: 				1
	# of cf manipulations: 	2
	# of memory operations: 0
	# of types: 			2348



Using pass: pass_replace_switch_selectors -- No improvement
	# of nodes: 			7
	# of irgs: 				1
	# of cf manipulations: 	2
	# of memory operations: 0
	# of types: 			2348



Using pass: pass_replace_switch_selectors -- No improvement
	# of nodes: 			7
	# of irgs: 				1
	# of cf manipulations: 	2
	# of memory operations: 0
	# of types: 			2348



Using pass: pass_libfirm_gvn_pre -- No improvement
	# of nodes: 			7
	# of irgs: 				1
	# of cf manipulations: 	2
	# of memory operations: 0
	# of types: 			2348



Using pass: pass_libfirm_opt_frame -- No improvement
	# of nodes: 			7
	# of irgs: 				1
	# of cf manipulations: 	2
	# of memory operations: 0
	# of types: 			2348



Using pass: pass_libfirm_combo -- No improvement
	# of nodes: 			7
	# of irgs: 				1
	# of cf manipulations: 	2
	# of memory operations: 0
	# of types: 			2348



Using pass: pass_libfirm_opt_parallelize_mem -- No improvement
	# of nodes: 			7
	# of irgs: 				1
	# of cf manipulations: 	2
	# of memory operations: 0
	# of types: 			2348



Using pass: pass_libfirm_opt_tail_rec -- No improvement
	# of nodes: 			7
	# of irgs: 				1
	# of cf manipulations: 	2
	# of memory operations: 0
	# of types: 			2348



Using pass: pass_libfirm_do_loop_inversion -- No improvement
	# of nodes: 			7
	# of irgs: 				1
	# of cf manipulations: 	2
	# of memory operations: 0
	# of types: 			2348



Using pass: pass_replace_arithmetic -- No improvement
	# of nodes: 			7
	# of irgs: 				1
	# of cf manipulations: 	2
	# of memory operations: 0
	# of types: 			2348



Using pass: pass_replace_switch_selectors -- No improvement
	# of nodes: 			7
	# of irgs: 				1
	# of cf manipulations: 	2
	# of memory operations: 0
	# of types: 			2348



Using pass: pass_gc_entitites -- No improvement
	# of nodes: 			7
	# of irgs: 				1
	# of cf manipulations: 	2
	# of memory operations: 0
	# of types: 			2348



Using pass: pass_libfirm_optimize_graph_df -- No improvement
	# of nodes: 			7
	# of irgs: 				1
	# of cf manipulations: 	2
	# of memory operations: 0
	# of types: 			2348




 :: 2nd reduction cycle


______________________________

No further reduction possible.

Result:
	# of nodes: 			7
	# of irgs: 				1
	# of cf manipulations: 	2
	# of memory operations: 0
	# of types: 			2348

2018-08-24 09:01:06