2018-08-23 17:06:42 -- Firmreduce -- Results

Initial Test-case size:
	# of nodes: 			12766
	# of irgs: 				101
	# of cf manipulations: 	759
	# of memory operations: 2070
	# of types: 			2449


Using pass: pass_replace_arithmetic -- Successful
	# of nodes: 			8878
	# of irgs: 				101
	# of cf manipulations: 	591
	# of memory operations: 1806
	# of types: 			2449



Using pass: pass_replace_return_values -- Successful
	# of nodes: 			8469
	# of irgs: 				101
	# of cf manipulations: 	557
	# of memory operations: 1793
	# of types: 			2449



Using pass: pass_simplify_consts -- Successful
	# of nodes: 			7926
	# of irgs: 				101
	# of cf manipulations: 	550
	# of memory operations: 1793
	# of types: 			2449



Using pass: pass_libfirm_normalize_n_returns -- Successful
	# of nodes: 			7811
	# of irgs: 				101
	# of cf manipulations: 	505
	# of memory operations: 1793
	# of types: 			2449



Using pass: pass_libfirm_do_loop_inversion -- No improvement
	# of nodes: 			7811
	# of irgs: 				101
	# of cf manipulations: 	505
	# of memory operations: 1793
	# of types: 			2449



Using pass: pass_libfirm_opt_if_conv -- Successful
	# of nodes: 			7919
	# of irgs: 				101
	# of cf manipulations: 	547
	# of memory operations: 1793
	# of types: 			2449



Using pass: pass_replace_switch_selectors -- No improvement
	# of nodes: 			7919
	# of irgs: 				101
	# of cf manipulations: 	547
	# of memory operations: 1793
	# of types: 			2449



Using pass: pass_libfirm_remove_bads -- Successful
	# of nodes: 			7917
	# of irgs: 				101
	# of cf manipulations: 	547
	# of memory operations: 1793
	# of types: 			2449



Using pass: pass_libfirm_optimize_cf -- Successful
	# of nodes: 			7726
	# of irgs: 				101
	# of cf manipulations: 	450
	# of memory operations: 1793
	# of types: 			2449



Using pass: pass_libfirm_occult_consts -- No improvement
	# of nodes: 			7726
	# of irgs: 				101
	# of cf manipulations: 	450
	# of memory operations: 1793
	# of types: 			2449



Using pass: pass_libfirm_optimize_cf -- No improvement
	# of nodes: 			7726
	# of irgs: 				101
	# of cf manipulations: 	450
	# of memory operations: 1793
	# of types: 			2449



Using pass: pass_libfirm_opt_tail_rec -- Successful
	# of nodes: 			7663
	# of irgs: 				101
	# of cf manipulations: 	442
	# of memory operations: 1793
	# of types: 			2449



Using pass: pass_libfirm_do_loop_unrolling -- No improvement
	# of nodes: 			7663
	# of irgs: 				101
	# of cf manipulations: 	442
	# of memory operations: 1793
	# of types: 			2449



Using pass: pass_libfirm_remove_critical_cf_edges -- Successful
	# of nodes: 			7787
	# of irgs: 				101
	# of cf manipulations: 	504
	# of memory operations: 1793
	# of types: 			2449



Using pass: pass_libfirm_opt_ldst
	 :: Pass failed on irg 'r_func_45'
	 :: Pass failed on irg 'r_func_89'
	 :: Pass failed on irg 'r_func_81'
	 :: Pass failed on irg 'r_func_76'
	 :: Pass failed on irg 'r_func_19'
	 :: Pass failed on irg 'r_func_2'
	 :: Pass failed on irg 'r_func_10'
	 :: Pass failed on irg 'r_func_39'
	 :: Pass failed on irg 'r_func_29'
	 :: Pass failed on irg 'r_func_75'
	 :: Pass failed on irg 'r_func_64'
	 :: Pass failed on irg 'r_func_92'
	 :: Pass failed on irg 'r_func_12'
	 :: Pass failed on irg 'r_func_63'
	 :: Pass failed on irg 'r_func_85'
	 :: Pass failed on irg 'r_func_20'
	 :: Pass failed on irg 'r_func_34'
	 :: Pass failed on irg 'r_func_15'
	 :: Pass failed on irg 'r_func_86'
	 :: Pass failed on irg 'r_func_89'
	 :: Pass failed on irg 'r_func_93'
	 :: Pass failed on irg 'r_func_87'
	 :: Pass failed on irg 'r_func_60'
	 :: Pass failed on irg 'r_func_99'
	 :: Pass failed on irg 'r_func_84'
	 :: Pass failed on irg 'r_func_49'
	 :: Pass failed on irg 'r_func_23'
	 :: Pass failed on irg 'r_func_10'
	 :: Pass failed on irg 'r_func_10'
	 :: Pass failed on irg 'r_func_27'
	 :: Pass failed on irg '_main'
	 :: Pass failed on irg 'r_func_90'
	 :: Pass failed on irg 'r_func_22'
	 :: Pass failed on irg 'r_func_16'
	 :: Pass failed on irg 'r_func_94'
	 :: Pass failed on irg 'r_func_79'
	 :: Pass failed on irg 'r_func_27'
	 :: Pass failed on irg 'r_func_21'
	 :: Pass failed on irg 'r_func_23'
	 :: Pass failed on irg 'r_func_41'
	 :: Pass failed on irg 'r_func_92'
	 :: Pass failed on irg 'r_func_87'
	 :: Pass failed on irg 'r_func_62'
	 :: Pass failed on irg 'r_func_16'
	 :: Pass failed on irg 'r_func_2'
	 :: Pass failed on irg 'r_func_99'
	 :: Pass failed on irg 'r_func_57'
	 :: Pass failed on irg 'r_func_4'
	 :: Pass failed on irg 'r_func_24'
	 :: Pass failed on irg 'r_func_52'
	 :: Pass failed on irg 'r_func_91'
	 :: Pass failed on irg 'r_func_69'
	 :: Pass failed on irg 'r_func_96'
	 :: Pass failed on irg 'r_func_70'
	 :: Pass failed on irg 'r_func_75'
	 :: Pass failed on irg 'r_func_58'
	 :: Pass failed on irg 'r_func_32'
	 :: Pass failed on irg 'r_func_47'
	 :: Pass failed on irg 'r_func_73'
	 :: Pass failed on irg 'r_func_98'
	 :: Pass failed on irg 'r_func_39'
	 :: Pass failed on irg 'r_func_11'
	 :: Pass failed on irg 'r_func_49'
	 :: Pass failed on irg 'r_func_6'
	 :: Pass failed on irg 'r_func_1'
	 :: Pass failed on irg 'r_func_22'
	 :: Pass failed on irg 'r_func_88'
	 :: Pass failed on irg 'r_func_41'
	 :: Pass failed on irg 'r_func_13'
	 :: Pass failed on irg 'r_func_34'
	 :: Pass failed on irg 'r_func_53'
	 :: Pass failed on irg 'r_func_20'
	 :: Pass failed on irg 'r_func_68'
	 :: Pass failed on irg 'r_func_10'
	 :: Pass failed on irg 'r_func_62'
	 :: Pass failed on irg 'r_func_48'
	 :: Pass failed on irg 'r_func_2'
	 :: Pass failed on irg 'r_func_95'
	 :: Pass failed on irg 'r_func_6'
	 :: Pass failed on irg 'r_func_90'
	 :: Pass failed on irg 'r_func_25'
	 :: Pass failed on irg 'r_func_31'
	 :: Pass failed on irg 'r_func_68'
	 :: Pass failed on irg 'r_func_28'
	 :: Pass failed on irg 'r_func_48'
	 :: Pass failed on irg 'r_func_35'
	 :: Pass failed on irg 'r_func_19'
	 :: Pass failed on irg 'r_func_51'
	 :: Pass failed on irg 'r_func_88'
	 :: Pass failed on irg 'r_func_25'
	 :: Pass failed on irg 'r_func_34'
	 :: Pass failed on irg 'r_func_83'
	 :: Pass failed on irg 'r_func_65'
	 :: Pass failed on irg 'r_func_87'
	 :: Pass failed on irg 'r_func_44'
	 :: Pass failed on irg 'r_func_45'
	 :: Pass failed on irg 'r_func_53'
	 :: Pass failed on irg 'r_func_13'
	 :: Pass failed on irg 'r_func_14'
	 :: Pass failed on irg 'r_func_68'
	 :: Pass failed on irg 'r_func_69' -- No improvement
	# of nodes: 			7787
	# of irgs: 				101
	# of cf manipulations: 	504
	# of memory operations: 1793
	# of types: 			2449



Using pass: pass_replace_cond_selectors -- Successful
	# of nodes: 			5160
	# of irgs: 				101
	# of cf manipulations: 	223
	# of memory operations: 1405
	# of types: 			2449



Using pass: pass_libfirm_opt_if_conv -- No improvement
	# of nodes: 			5160
	# of irgs: 				101
	# of cf manipulations: 	223
	# of memory operations: 1405
	# of types: 			2449



Using pass: pass_replace_loads
	 :: Pass failed on irg 'r_func_50'
	 :: Pass failed on irg 'r_func_89'
	 :: Pass failed on irg 'r_func_2'
	 :: Pass failed on irg 'r_func_97'
	 :: Pass failed on irg 'r_func_59'
	 :: Pass failed on irg 'r_func_38'
	 :: Pass failed on irg 'r_func_6'
	 :: Pass failed on irg 'r_func_54'
	 :: Pass failed on irg 'r_func_77'
	 :: Pass failed on irg 'r_func_78'
	 :: Pass failed on irg 'r_func_23'
	 :: Pass failed on irg 'r_func_45'
	 :: Pass failed on irg 'r_func_69'
	 :: Pass failed on irg 'r_func_60'
	 :: Pass failed on irg 'r_func_80'
	 :: Pass failed on irg 'r_func_42'
	 :: Pass failed on irg 'r_func_38'
	 :: Pass failed on irg 'r_func_23'
	 :: Pass failed on irg 'r_func_84'
	 :: Pass failed on irg 'r_func_73'
	 :: Pass failed on irg 'r_func_57'
	 :: Pass failed on irg 'r_func_12'
	 :: Pass failed on irg 'r_func_35'
	 :: Pass failed on irg 'r_func_53'
	 :: Pass failed on irg 'r_func_20'
	 :: Pass failed on irg 'r_func_61'
	 :: Pass failed on irg 'r_func_92'
	 :: Pass failed on irg 'r_func_34'
	 :: Pass failed on irg 'r_func_67'
	 :: Pass failed on irg 'r_func_2'
	 :: Pass failed on irg 'r_func_10'
	 :: Pass failed on irg 'r_func_20'
	 :: Pass failed on irg 'r_func_74'
	 :: Pass failed on irg 'r_func_54'
	 :: Pass failed on irg 'r_func_74'
	 :: Pass failed on irg 'r_func_8'
	 :: Pass failed on irg 'r_func_15'
	 :: Pass failed on irg 'r_func_73'
	 :: Pass failed on irg 'r_func_36'
	 :: Pass failed on irg 'r_func_49'
	 :: Pass failed on irg 'r_func_39'
	 :: Pass failed on irg 'r_func_35'
	 :: Pass failed on irg 'r_func_98'
	 :: Pass failed on irg 'r_func_13'
	 :: Pass failed on irg 'r_func_90'
	 :: Pass failed on irg 'r_func_42'
	 :: Pass failed on irg 'r_func_81'
	 :: Pass failed on irg 'r_func_46'
	 :: Pass failed on irg 'r_func_69'
	 :: Pass failed on irg 'r_func_21'
	 :: Pass failed on irg 'r_func_24'
	 :: Pass failed on irg 'r_func_86'
	 :: Pass failed on irg 'r_func_61'
	 :: Pass failed on irg 'r_func_23'
	 :: Pass failed on irg 'r_func_74'
	 :: Pass failed on irg 'r_func_39'
	 :: Pass failed on irg 'r_func_21'
	 :: Pass failed on irg 'r_func_79'
	 :: Pass failed on irg 'r_func_43'
	 :: Pass failed on irg 'r_func_97'
	 :: Pass failed on irg 'r_func_82'
	 :: Pass failed on irg 'r_func_37'
	 :: Pass failed on irg 'r_func_98'
	 :: Pass failed on irg 'r_func_13'
	 :: Pass failed on irg 'r_func_22'
	 :: Pass failed on irg 'r_func_46'
	 :: Pass failed on irg 'r_func_8'
	 :: Pass failed on irg 'r_func_38'
	 :: Pass failed on irg 'r_func_76'
	 :: Pass failed on irg 'r_func_23'
	 :: Pass failed on irg 'r_func_80'
	 :: Pass failed on irg 'r_func_98'
	 :: Pass failed on irg 'r_func_36'
	 :: Pass failed on irg 'r_func_55'
	 :: Pass failed on irg 'r_func_38'
	 :: Pass failed on irg 'r_func_43'
	 :: Pass failed on irg 'r_func_97'
	 :: Pass failed on irg 'r_func_92'
	 :: Pass failed on irg 'r_func_80'
	 :: Pass failed on irg 'r_func_43'
	 :: Pass failed on irg 'r_func_76'
	 :: Pass failed on irg 'r_func_62'
	 :: Pass failed on irg 'r_func_99'
	 :: Pass failed on irg 'r_func_24'
	 :: Pass failed on irg '_main'
	 :: Pass failed on irg 'r_func_91'
	 :: Pass failed on irg 'r_func_59'
	 :: Pass failed on irg 'r_func_60'
	 :: Pass failed on irg 'r_func_92'
	 :: Pass failed on irg 'r_func_74' -- No improvement
	# of nodes: 			5160
	# of irgs: 				101
	# of cf manipulations: 	223
	# of memory operations: 1405
	# of types: 			2449



Using pass: pass_replace_switch_selectors -- No improvement
	# of nodes: 			5160
	# of irgs: 				101
	# of cf manipulations: 	223
	# of memory operations: 1405
	# of types: 			2449



Using pass: pass_libfirm_do_loop_inversion -- No improvement
	# of nodes: 			5160
	# of irgs: 				101
	# of cf manipulations: 	223
	# of memory operations: 1405
	# of types: 			2449



Using pass: pass_gc_irgs_primitive
	 :: interestingness test failed on irg 'r_func_94'
	 :: interestingness test failed on irg 'r_func_65'
	 :: interestingness test failed on irg 'r_func_59'
	 :: interestingness test failed on irg 'r_func_19'
	 :: interestingness test failed on irg 'r_func_53'
	 :: interestingness test failed on irg 'r_func_59'
	 :: interestingness test failed on irg 'r_func_28'
	 :: interestingness test failed on irg 'r_func_31'
	 :: interestingness test failed on irg 'r_func_9'
	 :: interestingness test failed on irg 'r_func_81'
	 :: interestingness test failed on irg 'r_func_81'
	 :: interestingness test failed on irg 'r_func_81'
	 :: interestingness test failed on irg 'r_func_90'
	 :: interestingness test failed on irg 'r_func_28'
	 :: interestingness test failed on irg 'r_func_44'
	 :: interestingness test failed on irg 'r_func_80'
	 :: interestingness test failed on irg 'r_func_90'
	 :: interestingness test failed on irg 'r_func_49'
	 :: interestingness test failed on irg 'r_func_83'
	 :: interestingness test failed on irg 'r_func_33'
	 :: interestingness test failed on irg 'r_func_65'
	 :: interestingness test failed on irg 'r_func_45'
	 :: interestingness test failed on irg 'r_func_49'
	 :: interestingness test failed on irg 'r_func_99'
	 :: interestingness test failed on irg 'r_func_80'
	 :: interestingness test failed on irg 'r_func_53'
	 :: interestingness test failed on irg 'r_func_44'
	 :: interestingness test failed on irg 'r_func_96'
	 :: interestingness test failed on irg 'r_func_31'
	 :: interestingness test failed on irg 'r_func_51'
	 :: interestingness test failed on irg 'r_func_65'
	 :: interestingness test failed on irg 'r_func_51'
	 :: interestingness test failed on irg 'r_func_68'
	 :: interestingness test failed on irg 'r_func_51'
	 :: interestingness test failed on irg 'r_func_49'
	 :: interestingness test failed on irg 'r_func_65'
	 :: interestingness test failed on irg 'r_func_96'
	 :: interestingness test failed on irg 'r_func_30'
	 :: interestingness test failed on irg 'r_func_91'
	 :: interestingness test failed on irg 'r_func_46'
	 :: interestingness test failed on irg 'r_func_6'
	 :: interestingness test failed on irg 'r_func_9'
	 :: interestingness test failed on irg 'r_func_48'
	 :: interestingness test failed on irg 'r_func_8'
	 :: interestingness test failed on irg 'r_func_6'
	 :: interestingness test failed on irg 'r_func_90'
	 :: interestingness test failed on irg 'r_func_82'
	 :: interestingness test failed on irg 'r_func_99'
	 :: interestingness test failed on irg 'r_func_6'
	 :: interestingness test failed on irg 'r_func_51'
	 :: interestingness test failed on irg 'r_func_51'
	 :: interestingness test failed on irg 'r_func_96'
	 :: interestingness test failed on irg 'r_func_96'
	 :: interestingness test failed on irg 'r_func_33'
	 :: interestingness test failed on irg 'r_func_6'
	 :: interestingness test failed on irg 'r_func_68'
	 :: interestingness test failed on irg 'r_func_95'
	 :: interestingness test failed on irg 'r_func_45'
	 :: interestingness test failed on irg 'r_func_91'
	 :: interestingness test failed on irg 'r_func_90'
	 :: interestingness test failed on irg 'r_func_33'
	 :: interestingness test failed on irg 'r_func_6'
	 :: interestingness test failed on irg 'r_func_42'
	 :: interestingness test failed on irg 'r_func_44'
	 :: interestingness test failed on irg 'r_func_92'
	 :: interestingness test failed on irg 'r_func_31'
	 :: interestingness test failed on irg 'r_func_45'
	 :: interestingness test failed on irg 'r_func_68'
	 :: interestingness test failed on irg 'r_func_67'
	 :: interestingness test failed on irg 'r_func_43'
	 :: interestingness test failed on irg 'r_func_92'
	 :: interestingness test failed on irg 'r_func_9'
	 :: interestingness test failed on irg 'r_func_49'
	 :: interestingness test failed on irg 'r_func_95'
	 :: interestingness test failed on irg 'r_func_96'
	 :: interestingness test failed on irg 'r_func_69'
	 :: interestingness test failed on irg 'r_func_30'
	 :: interestingness test failed on irg 'r_func_65'
	 :: interestingness test failed on irg 'r_func_58'
	 :: interestingness test failed on irg 'r_func_91'
	 :: interestingness test failed on irg 'r_func_95'
	 :: interestingness test failed on irg 'r_func_44'
	 :: interestingness test failed on irg 'r_func_49'
	 :: interestingness test failed on irg 'r_func_1'
	 :: interestingness test failed on irg 'r_func_65'
	 :: interestingness test failed on irg 'r_func_48'
	 :: interestingness test failed on irg 'r_func_68'
	 :: interestingness test failed on irg 'r_func_99'
	 :: interestingness test failed on irg 'r_func_37'
	 :: interestingness test failed on irg 'r_func_3'
	 :: interestingness test failed on irg 'r_func_68'
	 :: interestingness test failed on irg 'r_func_31'
	 :: interestingness test failed on irg 'r_func_67'
	 :: interestingness test failed on irg 'r_func_37'
	 :: interestingness test failed on irg 'r_func_43'
	 :: interestingness test failed on irg 'r_func_82'
	 :: interestingness test failed on irg 'r_func_3'
	 :: interestingness test failed on irg 'r_func_58'
	 :: interestingness test failed on irg 'r_func_80'
	 :: interestingness test failed on irg 'r_func_80'
	 :: interestingness test failed on irg 'r_func_61'
	 :: interestingness test failed on irg 'r_func_59'
	 :: interestingness test failed on irg 'r_func_68'
	 :: interestingness test failed on irg 'r_func_43'
	 :: interestingness test failed on irg 'r_func_77'
	 :: interestingness test failed on irg 'r_func_82'
	 :: interestingness test failed on irg 'r_func_82'
	 :: interestingness test failed on irg 'r_func_65'
	 :: interestingness test failed on irg 'r_func_65'
	 :: interestingness test failed on irg 'r_func_58'
	 :: interestingness test failed on irg 'r_func_95'
	 :: interestingness test failed on irg 'r_func_48'
	 :: interestingness test failed on irg 'r_func_90'
	 :: interestingness test failed on irg 'r_func_37'
	 :: interestingness test failed on irg 'r_func_31'
	 :: interestingness test failed on irg 'r_func_44'
	 :: interestingness test failed on irg 'r_func_6'
	 :: interestingness test failed on irg 'r_func_82'
	 :: interestingness test failed on irg 'r_func_3'
	 :: interestingness test failed on irg 'r_func_3'
	 :: interestingness test failed on irg 'r_func_31'
	 :: interestingness test failed on irg 'r_func_65'
	 :: interestingness test failed on irg 'r_func_43'
	 :: interestingness test failed on irg 'r_func_31'
	 :: interestingness test failed on irg 'r_func_95'
	 :: interestingness test failed on irg 'r_func_68'
	 :: interestingness test failed on irg 'r_func_28'
	 :: interestingness test failed on irg 'r_func_58'
	 :: interestingness test failed on irg 'r_func_82'
	 :: interestingness test failed on irg 'r_func_95'
	 :: interestingness test failed on irg 'r_func_39'
	 :: interestingness test failed on irg 'r_func_39'
	 :: interestingness test failed on irg 'r_func_28'
	 :: interestingness test failed on irg 'r_func_67'
	 :: interestingness test failed on irg 'r_func_95'
	 :: interestingness test failed on irg 'r_func_58'
	 :: interestingness test failed on irg 'r_func_65'
	 :: interestingness test failed on irg 'r_func_54'
	 :: interestingness test failed on irg 'r_func_6'
	 :: interestingness test failed on irg 'r_func_6'
	 :: interestingness test failed on irg 'r_func_53'
	 :: interestingness test failed on irg 'r_func_68'
	 :: interestingness test failed on irg 'r_func_44'
	 :: interestingness test failed on irg 'r_func_80'
	 :: interestingness test failed on irg 'r_func_58'
	 :: interestingness test failed on irg 'r_func_28'
	 :: interestingness test failed on irg 'r_func_95'
	 :: interestingness test failed on irg 'r_func_28'
	 :: interestingness test failed on irg 'r_func_37'
	 :: interestingness test failed on irg 'r_func_54'
	 :: interestingness test failed on irg 'r_func_37'
	 :: interestingness test failed on irg 'r_func_68'
	 :: interestingness test failed on irg 'r_func_43'
	 :: interestingness test failed on irg 'r_func_3'
	 :: interestingness test failed on irg 'r_func_80'
	 :: interestingness test failed on irg 'r_func_68'
	 :: interestingness test failed on irg 'r_func_43'
	 :: interestingness test failed on irg 'r_func_39'
	 :: interestingness test failed on irg 'r_func_82'
	 :: interestingness test failed on irg 'r_func_68'
	 :: interestingness test failed on irg 'r_func_43'
	 :: interestingness test failed on irg 'r_func_28'
	 :: interestingness test failed on irg 'r_func_54'
	 :: interestingness test failed on irg 'r_func_1'
	 :: interestingness test failed on irg 'r_func_58'
	 :: interestingness test failed on irg 'r_func_58'
	 :: interestingness test failed on irg 'r_func_80'
	 :: interestingness test failed on irg 'r_func_43'
	 :: interestingness test failed on irg 'r_func_54'
	 :: interestingness test failed on irg 'r_func_44'
	 :: interestingness test failed on irg 'r_func_80'
	 :: interestingness test failed on irg 'r_func_65'
	 :: interestingness test failed on irg 'r_func_45'
	 :: interestingness test failed on irg 'r_func_91'
	 :: interestingness test failed on irg 'r_func_6'
	 :: interestingness test failed on irg 'r_func_58'
	 :: interestingness test failed on irg 'r_func_91'
	 :: interestingness test failed on irg 'r_func_6' -- Successful
	# of nodes: 			955
	# of irgs: 				19
	# of cf manipulations: 	42
	# of memory operations: 259
	# of types: 			2449



Using pass: pass_libfirm_optimize_load_store -- Successful
	# of nodes: 			714
	# of irgs: 				19
	# of cf manipulations: 	42
	# of memory operations: 201
	# of types: 			2449



Using pass: pass_libfirm_optimize_load_store -- No improvement
	# of nodes: 			714
	# of irgs: 				19
	# of cf manipulations: 	42
	# of memory operations: 201
	# of types: 			2449



Using pass: pass_libfirm_conv_opt -- No improvement
	# of nodes: 			714
	# of irgs: 				19
	# of cf manipulations: 	42
	# of memory operations: 201
	# of types: 			2449



Using pass: pass_libfirm_opt_funccalls -- No improvement
	# of nodes: 			714
	# of irgs: 				19
	# of cf manipulations: 	42
	# of memory operations: 201
	# of types: 			2449



Using pass: pass_libfirm_do_loop_unrolling -- No improvement
	# of nodes: 			714
	# of irgs: 				19
	# of cf manipulations: 	42
	# of memory operations: 201
	# of types: 			2449



Using pass: pass_gc_irgs_primitive
	 :: interestingness test failed on irg 'r_func_68'
	 :: interestingness test failed on irg 'r_func_44'
	 :: interestingness test failed on irg 'r_func_80'
	 :: interestingness test failed on irg 'r_func_68'
	 :: interestingness test failed on irg 'r_func_91'
	 :: interestingness test failed on irg 'r_func_3'
	 :: interestingness test failed on irg 'r_func_3'
	 :: interestingness test failed on irg 'r_func_3'
	 :: interestingness test failed on irg 'r_func_95'
	 :: interestingness test failed on irg 'r_func_95'
	 :: interestingness test failed on irg 'r_func_82'
	 :: interestingness test failed on irg 'r_func_44'
	 :: interestingness test failed on irg 'r_func_3'
	 :: interestingness test failed on irg 'r_func_65'
	 :: interestingness test failed on irg 'r_func_43'
	 :: interestingness test failed on irg 'r_func_1'
	 :: interestingness test failed on irg 'r_func_44' -- Successful
	# of nodes: 			694
	# of irgs: 				18
	# of cf manipulations: 	40
	# of memory operations: 196
	# of types: 			2449



Using pass: pass_libfirm_gvn_pre -- No improvement
	# of nodes: 			694
	# of irgs: 				18
	# of cf manipulations: 	40
	# of memory operations: 196
	# of types: 			2449



Using pass: pass_libfirm_normalize_one_return -- No improvement
	# of nodes: 			694
	# of irgs: 				18
	# of cf manipulations: 	40
	# of memory operations: 196
	# of types: 			2449



Using pass: pass_libfirm_do_loop_inversion -- No improvement
	# of nodes: 			694
	# of irgs: 				18
	# of cf manipulations: 	40
	# of memory operations: 196
	# of types: 			2449



Using pass: pass_gc_entitites -- No improvement
	# of nodes: 			694
	# of irgs: 				18
	# of cf manipulations: 	40
	# of memory operations: 196
	# of types: 			2449



Using pass: pass_remove_void_calls -- Successful
	# of nodes: 			644
	# of irgs: 				18
	# of cf manipulations: 	40
	# of memory operations: 182
	# of types: 			2449



Using pass: pass_libfirm_optimize_reassociation -- No improvement
	# of nodes: 			644
	# of irgs: 				18
	# of cf manipulations: 	40
	# of memory operations: 182
	# of types: 			2449



Using pass: pass_remove_allocs -- Successful
	# of nodes: 			528
	# of irgs: 				18
	# of cf manipulations: 	40
	# of memory operations: 125
	# of types: 			2449



Using pass: pass_simplify_consts -- No improvement
	# of nodes: 			528
	# of irgs: 				18
	# of cf manipulations: 	40
	# of memory operations: 125
	# of types: 			2449



Using pass: pass_libfirm_opt_funccalls -- Successful
	# of nodes: 			525
	# of irgs: 				18
	# of cf manipulations: 	40
	# of memory operations: 124
	# of types: 			2449



Using pass: pass_remove_stores -- Successful
	# of nodes: 			359
	# of irgs: 				18
	# of cf manipulations: 	40
	# of memory operations: 87
	# of types: 			2449



Using pass: pass_replace_arithmetic -- No improvement
	# of nodes: 			359
	# of irgs: 				18
	# of cf manipulations: 	40
	# of memory operations: 87
	# of types: 			2449



Using pass: pass_replace_proj_primitive -- Successful
	# of nodes: 			344
	# of irgs: 				18
	# of cf manipulations: 	40
	# of memory operations: 86
	# of types: 			2449



Using pass: pass_libfirm_do_loop_unrolling -- No improvement
	# of nodes: 			344
	# of irgs: 				18
	# of cf manipulations: 	40
	# of memory operations: 86
	# of types: 			2449



Using pass: pass_libfirm_do_loop_unrolling -- No improvement
	# of nodes: 			344
	# of irgs: 				18
	# of cf manipulations: 	40
	# of memory operations: 86
	# of types: 			2449



Using pass: pass_libfirm_opt_frame -- No improvement
	# of nodes: 			344
	# of irgs: 				18
	# of cf manipulations: 	40
	# of memory operations: 86
	# of types: 			2449



Using pass: pass_libfirm_opt_frame -- No improvement
	# of nodes: 			344
	# of irgs: 				18
	# of cf manipulations: 	40
	# of memory operations: 86
	# of types: 			2449



Using pass: pass_replace_cond_selectors -- No improvement
	# of nodes: 			344
	# of irgs: 				18
	# of cf manipulations: 	40
	# of memory operations: 86
	# of types: 			2449



Using pass: pass_replace_switch_selectors -- No improvement
	# of nodes: 			344
	# of irgs: 				18
	# of cf manipulations: 	40
	# of memory operations: 86
	# of types: 			2449



Using pass: pass_libfirm_opt_bool -- No improvement
	# of nodes: 			344
	# of irgs: 				18
	# of cf manipulations: 	40
	# of memory operations: 86
	# of types: 			2449



Using pass: pass_libfirm_opt_bool -- No improvement
	# of nodes: 			344
	# of irgs: 				18
	# of cf manipulations: 	40
	# of memory operations: 86
	# of types: 			2449



Using pass: pass_libfirm_remove_critical_cf_edges -- No improvement
	# of nodes: 			344
	# of irgs: 				18
	# of cf manipulations: 	40
	# of memory operations: 86
	# of types: 			2449



Using pass: pass_libfirm_remove_bads -- No improvement
	# of nodes: 			344
	# of irgs: 				18
	# of cf manipulations: 	40
	# of memory operations: 86
	# of types: 			2449



Using pass: pass_libfirm_remove_critical_cf_edges -- No improvement
	# of nodes: 			344
	# of irgs: 				18
	# of cf manipulations: 	40
	# of memory operations: 86
	# of types: 			2449



Using pass: pass_libfirm_combo -- No improvement
	# of nodes: 			344
	# of irgs: 				18
	# of cf manipulations: 	40
	# of memory operations: 86
	# of types: 			2449



Using pass: pass_libfirm_combo -- No improvement
	# of nodes: 			344
	# of irgs: 				18
	# of cf manipulations: 	40
	# of memory operations: 86
	# of types: 			2449



Using pass: pass_libfirm_combo -- No improvement
	# of nodes: 			344
	# of irgs: 				18
	# of cf manipulations: 	40
	# of memory operations: 86
	# of types: 			2449



Using pass: pass_replace_switch_selectors -- No improvement
	# of nodes: 			344
	# of irgs: 				18
	# of cf manipulations: 	40
	# of memory operations: 86
	# of types: 			2449



Using pass: pass_replace_cond_selectors -- No improvement
	# of nodes: 			344
	# of irgs: 				18
	# of cf manipulations: 	40
	# of memory operations: 86
	# of types: 			2449



Using pass: pass_libfirm_opt_frame -- No improvement
	# of nodes: 			344
	# of irgs: 				18
	# of cf manipulations: 	40
	# of memory operations: 86
	# of types: 			2449



Using pass: pass_libfirm_gvn_pre -- No improvement
	# of nodes: 			344
	# of irgs: 				18
	# of cf manipulations: 	40
	# of memory operations: 86
	# of types: 			2449



Using pass: pass_libfirm_conv_opt -- No improvement
	# of nodes: 			344
	# of irgs: 				18
	# of cf manipulations: 	40
	# of memory operations: 86
	# of types: 			2449



Using pass: pass_simplify_consts -- Successful
	# of nodes: 			343
	# of irgs: 				18
	# of cf manipulations: 	40
	# of memory operations: 86
	# of types: 			2449



Using pass: pass_libfirm_do_loop_inversion -- No improvement
	# of nodes: 			343
	# of irgs: 				18
	# of cf manipulations: 	40
	# of memory operations: 86
	# of types: 			2449



Using pass: pass_libfirm_opt_parallelize_mem -- No improvement
	# of nodes: 			343
	# of irgs: 				18
	# of cf manipulations: 	40
	# of memory operations: 86
	# of types: 			2449



Using pass: pass_libfirm_normalize_n_returns -- No improvement
	# of nodes: 			343
	# of irgs: 				18
	# of cf manipulations: 	40
	# of memory operations: 86
	# of types: 			2449



Using pass: pass_libfirm_opt_if_conv -- No improvement
	# of nodes: 			343
	# of irgs: 				18
	# of cf manipulations: 	40
	# of memory operations: 86
	# of types: 			2449



Using pass: pass_replace_cond_selectors -- No improvement
	# of nodes: 			343
	# of irgs: 				18
	# of cf manipulations: 	40
	# of memory operations: 86
	# of types: 			2449



Using pass: pass_remove_void_calls -- No improvement
	# of nodes: 			343
	# of irgs: 				18
	# of cf manipulations: 	40
	# of memory operations: 86
	# of types: 			2449



Using pass: pass_libfirm_combo -- No improvement
	# of nodes: 			343
	# of irgs: 				18
	# of cf manipulations: 	40
	# of memory operations: 86
	# of types: 			2449



Using pass: pass_libfirm_opt_if_conv -- No improvement
	# of nodes: 			343
	# of irgs: 				18
	# of cf manipulations: 	40
	# of memory operations: 86
	# of types: 			2449



Using pass: pass_libfirm_optimize_load_store -- Successful
	# of nodes: 			326
	# of irgs: 				18
	# of cf manipulations: 	40
	# of memory operations: 81
	# of types: 			2449



Using pass: pass_libfirm_conv_opt -- No improvement
	# of nodes: 			326
	# of irgs: 				18
	# of cf manipulations: 	40
	# of memory operations: 81
	# of types: 			2449



Using pass: pass_libfirm_occult_consts -- No improvement
	# of nodes: 			326
	# of irgs: 				18
	# of cf manipulations: 	40
	# of memory operations: 81
	# of types: 			2449



Using pass: pass_libfirm_opt_tail_rec -- No improvement
	# of nodes: 			326
	# of irgs: 				18
	# of cf manipulations: 	40
	# of memory operations: 81
	# of types: 			2449



Using pass: pass_libfirm_opt_parallelize_mem -- No improvement
	# of nodes: 			326
	# of irgs: 				18
	# of cf manipulations: 	40
	# of memory operations: 81
	# of types: 			2449



Using pass: pass_libfirm_optimize_graph_df -- No improvement
	# of nodes: 			326
	# of irgs: 				18
	# of cf manipulations: 	40
	# of memory operations: 81
	# of types: 			2449



Using pass: pass_libfirm_construct_confirms -- No improvement
	# of nodes: 			326
	# of irgs: 				18
	# of cf manipulations: 	40
	# of memory operations: 81
	# of types: 			2449



Using pass: pass_replace_loads -- No improvement
	# of nodes: 			326
	# of irgs: 				18
	# of cf manipulations: 	40
	# of memory operations: 81
	# of types: 			2449



Using pass: pass_libfirm_occult_consts -- No improvement
	# of nodes: 			326
	# of irgs: 				18
	# of cf manipulations: 	40
	# of memory operations: 81
	# of types: 			2449



Using pass: pass_libfirm_opt_funccalls -- No improvement
	# of nodes: 			326
	# of irgs: 				18
	# of cf manipulations: 	40
	# of memory operations: 81
	# of types: 			2449



Using pass: pass_libfirm_remove_tuples -- No improvement
	# of nodes: 			326
	# of irgs: 				18
	# of cf manipulations: 	40
	# of memory operations: 81
	# of types: 			2449



Using pass: pass_remove_void_calls -- No improvement
	# of nodes: 			326
	# of irgs: 				18
	# of cf manipulations: 	40
	# of memory operations: 81
	# of types: 			2449



Using pass: pass_libfirm_remove_unreachable -- No improvement
	# of nodes: 			326
	# of irgs: 				18
	# of cf manipulations: 	40
	# of memory operations: 81
	# of types: 			2449



Using pass: pass_libfirm_opt_jumpthreading -- No improvement
	# of nodes: 			326
	# of irgs: 				18
	# of cf manipulations: 	40
	# of memory operations: 81
	# of types: 			2449



Using pass: pass_libfirm_opt_ldst
	 :: Pass failed on irg 'main'
	 :: Pass failed on irg 'r_func_95'
	 :: Pass failed on irg 'r_func_43'
	 :: Pass failed on irg 'r_func_82'
	 :: Pass failed on irg 'r_func_6'
	 :: Pass failed on irg 'r_func_37'
	 :: Pass failed on irg 'r_func_28'
	 :: Pass failed on irg 'r_func_28'
	 :: Pass failed on irg 'r_func_39'
	 :: Pass failed on irg 'r_func_91'
	 :: Pass failed on irg 'r_func_1'
	 :: Pass failed on irg 'r_func_1'
	 :: Pass failed on irg 'r_func_82'
	 :: Pass failed on irg 'r_func_65'
	 :: Pass failed on irg 'r_func_39'
	 :: Pass failed on irg 'r_func_91'
	 :: Pass failed on irg 'r_func_82'
	 :: Pass failed on irg 'r_func_44' -- No improvement
	# of nodes: 			326
	# of irgs: 				18
	# of cf manipulations: 	40
	# of memory operations: 81
	# of types: 			2449



Using pass: pass_replace_members -- No improvement
	# of nodes: 			326
	# of irgs: 				18
	# of cf manipulations: 	40
	# of memory operations: 81
	# of types: 			2449



Using pass: pass_libfirm_do_loop_unrolling -- No improvement
	# of nodes: 			326
	# of irgs: 				18
	# of cf manipulations: 	40
	# of memory operations: 81
	# of types: 			2449



Using pass: pass_remove_void_calls -- No improvement
	# of nodes: 			326
	# of irgs: 				18
	# of cf manipulations: 	40
	# of memory operations: 81
	# of types: 			2449



Using pass: pass_libfirm_opt_jumpthreading -- No improvement
	# of nodes: 			326
	# of irgs: 				18
	# of cf manipulations: 	40
	# of memory operations: 81
	# of types: 			2449



Using pass: pass_libfirm_opt_tail_rec -- No improvement
	# of nodes: 			326
	# of irgs: 				18
	# of cf manipulations: 	40
	# of memory operations: 81
	# of types: 			2449



Using pass: pass_replace_cond_selectors -- No improvement
	# of nodes: 			326
	# of irgs: 				18
	# of cf manipulations: 	40
	# of memory operations: 81
	# of types: 			2449



Using pass: pass_replace_proj_primitive -- No improvement
	# of nodes: 			326
	# of irgs: 				18
	# of cf manipulations: 	40
	# of memory operations: 81
	# of types: 			2449



Using pass: pass_libfirm_optimize_reassociation -- No improvement
	# of nodes: 			326
	# of irgs: 				18
	# of cf manipulations: 	40
	# of memory operations: 81
	# of types: 			2449



Using pass: pass_libfirm_opt_ldst
	 :: Pass failed on irg 'r_func_82'
	 :: Pass failed on irg 'r_func_6'
	 :: Pass failed on irg 'r_func_43'
	 :: Pass failed on irg 'r_func_54'
	 :: Pass failed on irg 'r_func_37'
	 :: Pass failed on irg 'r_func_6'
	 :: Pass failed on irg 'r_func_3'
	 :: Pass failed on irg 'r_func_6'
	 :: Pass failed on irg 'r_func_1'
	 :: Pass failed on irg 'r_func_91'
	 :: Pass failed on irg 'r_func_28'
	 :: Pass failed on irg 'r_func_95'
	 :: Pass failed on irg 'r_func_80'
	 :: Pass failed on irg 'r_func_37'
	 :: Pass failed on irg 'r_func_54'
	 :: Pass failed on irg 'r_func_44'
	 :: Pass failed on irg 'r_func_58'
	 :: Pass failed on irg 'r_func_6' -- No improvement
	# of nodes: 			326
	# of irgs: 				18
	# of cf manipulations: 	40
	# of memory operations: 81
	# of types: 			2449



Using pass: pass_gc_irgs_primitive -- Successful
	# of nodes: 			41
	# of irgs: 				2
	# of cf manipulations: 	4
	# of memory operations: 10
	# of types: 			2449



Using pass: pass_replace_cond_selectors -- No improvement
	# of nodes: 			41
	# of irgs: 				2
	# of cf manipulations: 	4
	# of memory operations: 10
	# of types: 			2449



Using pass: pass_remove_stores -- Successful
	# of nodes: 			27
	# of irgs: 				2
	# of cf manipulations: 	4
	# of memory operations: 6
	# of types: 			2449



Using pass: pass_libfirm_optimize_cf -- No improvement
	# of nodes: 			27
	# of irgs: 				2
	# of cf manipulations: 	4
	# of memory operations: 6
	# of types: 			2449



Using pass: pass_libfirm_gvn_pre -- No improvement
	# of nodes: 			27
	# of irgs: 				2
	# of cf manipulations: 	4
	# of memory operations: 6
	# of types: 			2449



Using pass: pass_replace_loads -- No improvement
	# of nodes: 			27
	# of irgs: 				2
	# of cf manipulations: 	4
	# of memory operations: 6
	# of types: 			2449



Using pass: pass_libfirm_opt_frame -- No improvement
	# of nodes: 			27
	# of irgs: 				2
	# of cf manipulations: 	4
	# of memory operations: 6
	# of types: 			2449



Using pass: pass_libfirm_opt_parallelize_mem -- No improvement
	# of nodes: 			27
	# of irgs: 				2
	# of cf manipulations: 	4
	# of memory operations: 6
	# of types: 			2449



Using pass: pass_libfirm_normalize_one_return -- No improvement
	# of nodes: 			27
	# of irgs: 				2
	# of cf manipulations: 	4
	# of memory operations: 6
	# of types: 			2449



Using pass: pass_libfirm_opt_frame -- No improvement
	# of nodes: 			27
	# of irgs: 				2
	# of cf manipulations: 	4
	# of memory operations: 6
	# of types: 			2449



Using pass: pass_libfirm_remove_unreachable -- No improvement
	# of nodes: 			27
	# of irgs: 				2
	# of cf manipulations: 	4
	# of memory operations: 6
	# of types: 			2449



Using pass: pass_replace_switch_selectors -- No improvement
	# of nodes: 			27
	# of irgs: 				2
	# of cf manipulations: 	4
	# of memory operations: 6
	# of types: 			2449



Using pass: pass_libfirm_opt_if_conv -- No improvement
	# of nodes: 			27
	# of irgs: 				2
	# of cf manipulations: 	4
	# of memory operations: 6
	# of types: 			2449



Using pass: pass_libfirm_optimize_reassociation -- No improvement
	# of nodes: 			27
	# of irgs: 				2
	# of cf manipulations: 	4
	# of memory operations: 6
	# of types: 			2449



Using pass: pass_libfirm_remove_unreachable -- No improvement
	# of nodes: 			27
	# of irgs: 				2
	# of cf manipulations: 	4
	# of memory operations: 6
	# of types: 			2449



Using pass: pass_replace_loads -- No improvement
	# of nodes: 			27
	# of irgs: 				2
	# of cf manipulations: 	4
	# of memory operations: 6
	# of types: 			2449



Using pass: pass_libfirm_opt_parallelize_mem -- No improvement
	# of nodes: 			27
	# of irgs: 				2
	# of cf manipulations: 	4
	# of memory operations: 6
	# of types: 			2449



Using pass: pass_remove_stores -- No improvement
	# of nodes: 			27
	# of irgs: 				2
	# of cf manipulations: 	4
	# of memory operations: 6
	# of types: 			2449



Using pass: pass_libfirm_gvn_pre -- No improvement
	# of nodes: 			27
	# of irgs: 				2
	# of cf manipulations: 	4
	# of memory operations: 6
	# of types: 			2449



Using pass: pass_libfirm_opt_ldst
	 :: Pass failed on irg 'main'
	 :: Pass failed on irg 'r_func_3' -- No improvement
	# of nodes: 			27
	# of irgs: 				2
	# of cf manipulations: 	4
	# of memory operations: 6
	# of types: 			2449



Using pass: pass_libfirm_combo -- No improvement
	# of nodes: 			27
	# of irgs: 				2
	# of cf manipulations: 	4
	# of memory operations: 6
	# of types: 			2449



Using pass: pass_gc_irgs -- No improvement
	# of nodes: 			27
	# of irgs: 				2
	# of cf manipulations: 	4
	# of memory operations: 6
	# of types: 			2449



Using pass: pass_simplify_consts -- No improvement
	# of nodes: 			27
	# of irgs: 				2
	# of cf manipulations: 	4
	# of memory operations: 6
	# of types: 			2449



Using pass: pass_libfirm_normalize_n_returns -- No improvement
	# of nodes: 			27
	# of irgs: 				2
	# of cf manipulations: 	4
	# of memory operations: 6
	# of types: 			2449



Using pass: pass_replace_members -- No improvement
	# of nodes: 			27
	# of irgs: 				2
	# of cf manipulations: 	4
	# of memory operations: 6
	# of types: 			2449



Using pass: pass_replace_cond_selectors -- No improvement
	# of nodes: 			27
	# of irgs: 				2
	# of cf manipulations: 	4
	# of memory operations: 6
	# of types: 			2449



Using pass: pass_replace_cond_selectors -- No improvement
	# of nodes: 			27
	# of irgs: 				2
	# of cf manipulations: 	4
	# of memory operations: 6
	# of types: 			2449



Using pass: pass_replace_cond_selectors -- No improvement
	# of nodes: 			27
	# of irgs: 				2
	# of cf manipulations: 	4
	# of memory operations: 6
	# of types: 			2449



Using pass: pass_libfirm_optimize_graph_df -- No improvement
	# of nodes: 			27
	# of irgs: 				2
	# of cf manipulations: 	4
	# of memory operations: 6
	# of types: 			2449



Using pass: pass_replace_members -- No improvement
	# of nodes: 			27
	# of irgs: 				2
	# of cf manipulations: 	4
	# of memory operations: 6
	# of types: 			2449



Using pass: pass_libfirm_opt_funccalls -- No improvement
	# of nodes: 			27
	# of irgs: 				2
	# of cf manipulations: 	4
	# of memory operations: 6
	# of types: 			2449



Using pass: pass_libfirm_opt_funccalls -- No improvement
	# of nodes: 			27
	# of irgs: 				2
	# of cf manipulations: 	4
	# of memory operations: 6
	# of types: 			2449



Using pass: pass_libfirm_scalar_replacement_opt -- No improvement
	# of nodes: 			27
	# of irgs: 				2
	# of cf manipulations: 	4
	# of memory operations: 6
	# of types: 			2449



Using pass: pass_replace_members -- No improvement
	# of nodes: 			27
	# of irgs: 				2
	# of cf manipulations: 	4
	# of memory operations: 6
	# of types: 			2449



Using pass: pass_libfirm_scalar_replacement_opt -- No improvement
	# of nodes: 			27
	# of irgs: 				2
	# of cf manipulations: 	4
	# of memory operations: 6
	# of types: 			2449



Using pass: pass_libfirm_opt_jumpthreading -- No improvement
	# of nodes: 			27
	# of irgs: 				2
	# of cf manipulations: 	4
	# of memory operations: 6
	# of types: 			2449



Using pass: pass_libfirm_gvn_pre -- No improvement
	# of nodes: 			27
	# of irgs: 				2
	# of cf manipulations: 	4
	# of memory operations: 6
	# of types: 			2449



Using pass: pass_libfirm_remove_bads -- No improvement
	# of nodes: 			27
	# of irgs: 				2
	# of cf manipulations: 	4
	# of memory operations: 6
	# of types: 			2449



Using pass: pass_libfirm_optimize_graph_df -- No improvement
	# of nodes: 			27
	# of irgs: 				2
	# of cf manipulations: 	4
	# of memory operations: 6
	# of types: 			2449



Using pass: pass_libfirm_opt_tail_rec -- No improvement
	# of nodes: 			27
	# of irgs: 				2
	# of cf manipulations: 	4
	# of memory operations: 6
	# of types: 			2449



Using pass: pass_libfirm_remove_unreachable -- No improvement
	# of nodes: 			27
	# of irgs: 				2
	# of cf manipulations: 	4
	# of memory operations: 6
	# of types: 			2449



Using pass: pass_libfirm_optimize_reassociation -- No improvement
	# of nodes: 			27
	# of irgs: 				2
	# of cf manipulations: 	4
	# of memory operations: 6
	# of types: 			2449



Using pass: pass_libfirm_remove_tuples -- No improvement
	# of nodes: 			27
	# of irgs: 				2
	# of cf manipulations: 	4
	# of memory operations: 6
	# of types: 			2449



Using pass: pass_gc_irgs -- No improvement
	# of nodes: 			27
	# of irgs: 				2
	# of cf manipulations: 	4
	# of memory operations: 6
	# of types: 			2449



Using pass: pass_libfirm_optimize_graph_df -- No improvement
	# of nodes: 			27
	# of irgs: 				2
	# of cf manipulations: 	4
	# of memory operations: 6
	# of types: 			2449



Using pass: pass_libfirm_opt_blocks -- No improvement
	# of nodes: 			27
	# of irgs: 				2
	# of cf manipulations: 	4
	# of memory operations: 6
	# of types: 			2449



Using pass: pass_libfirm_opt_bool -- No improvement
	# of nodes: 			27
	# of irgs: 				2
	# of cf manipulations: 	4
	# of memory operations: 6
	# of types: 			2449



Using pass: pass_libfirm_dead_code_elimination -- No improvement
	# of nodes: 			27
	# of irgs: 				2
	# of cf manipulations: 	4
	# of memory operations: 6
	# of types: 			2449



Using pass: pass_libfirm_scalar_replacement_opt -- No improvement
	# of nodes: 			27
	# of irgs: 				2
	# of cf manipulations: 	4
	# of memory operations: 6
	# of types: 			2449



Using pass: pass_libfirm_opt_frame -- No improvement
	# of nodes: 			27
	# of irgs: 				2
	# of cf manipulations: 	4
	# of memory operations: 6
	# of types: 			2449



Using pass: pass_libfirm_optimize_graph_df -- No improvement
	# of nodes: 			27
	# of irgs: 				2
	# of cf manipulations: 	4
	# of memory operations: 6
	# of types: 			2449



Using pass: pass_libfirm_do_loop_inversion -- No improvement
	# of nodes: 			27
	# of irgs: 				2
	# of cf manipulations: 	4
	# of memory operations: 6
	# of types: 			2449



Using pass: pass_simplify_consts -- No improvement
	# of nodes: 			27
	# of irgs: 				2
	# of cf manipulations: 	4
	# of memory operations: 6
	# of types: 			2449



Using pass: pass_libfirm_optimize_reassociation -- No improvement
	# of nodes: 			27
	# of irgs: 				2
	# of cf manipulations: 	4
	# of memory operations: 6
	# of types: 			2449



Using pass: pass_gc_entitites -- No improvement
	# of nodes: 			27
	# of irgs: 				2
	# of cf manipulations: 	4
	# of memory operations: 6
	# of types: 			2449



Using pass: pass_simplify_consts -- No improvement
	# of nodes: 			27
	# of irgs: 				2
	# of cf manipulations: 	4
	# of memory operations: 6
	# of types: 			2449



Using pass: pass_libfirm_gvn_pre -- No improvement
	# of nodes: 			27
	# of irgs: 				2
	# of cf manipulations: 	4
	# of memory operations: 6
	# of types: 			2449



Using pass: pass_remove_stores -- No improvement
	# of nodes: 			27
	# of irgs: 				2
	# of cf manipulations: 	4
	# of memory operations: 6
	# of types: 			2449



Using pass: pass_libfirm_conv_opt -- No improvement
	# of nodes: 			27
	# of irgs: 				2
	# of cf manipulations: 	4
	# of memory operations: 6
	# of types: 			2449



Using pass: pass_libfirm_opt_jumpthreading -- No improvement
	# of nodes: 			27
	# of irgs: 				2
	# of cf manipulations: 	4
	# of memory operations: 6
	# of types: 			2449



Using pass: pass_libfirm_construct_confirms -- No improvement
	# of nodes: 			27
	# of irgs: 				2
	# of cf manipulations: 	4
	# of memory operations: 6
	# of types: 			2449



Using pass: pass_remove_void_calls -- No improvement
	# of nodes: 			27
	# of irgs: 				2
	# of cf manipulations: 	4
	# of memory operations: 6
	# of types: 			2449



Using pass: pass_libfirm_remove_tuples -- No improvement
	# of nodes: 			27
	# of irgs: 				2
	# of cf manipulations: 	4
	# of memory operations: 6
	# of types: 			2449



Using pass: pass_libfirm_optimize_graph_df -- No improvement
	# of nodes: 			27
	# of irgs: 				2
	# of cf manipulations: 	4
	# of memory operations: 6
	# of types: 			2449



Using pass: pass_libfirm_place_code -- No improvement
	# of nodes: 			27
	# of irgs: 				2
	# of cf manipulations: 	4
	# of memory operations: 6
	# of types: 			2449



Using pass: pass_libfirm_opt_funccalls -- No improvement
	# of nodes: 			27
	# of irgs: 				2
	# of cf manipulations: 	4
	# of memory operations: 6
	# of types: 			2449



Using pass: pass_libfirm_normalize_n_returns -- No improvement
	# of nodes: 			27
	# of irgs: 				2
	# of cf manipulations: 	4
	# of memory operations: 6
	# of types: 			2449



Using pass: pass_replace_switch_selectors -- No improvement
	# of nodes: 			27
	# of irgs: 				2
	# of cf manipulations: 	4
	# of memory operations: 6
	# of types: 			2449



Using pass: pass_replace_mux_selectors -- No improvement
	# of nodes: 			27
	# of irgs: 				2
	# of cf manipulations: 	4
	# of memory operations: 6
	# of types: 			2449



Using pass: pass_libfirm_construct_confirms -- No improvement
	# of nodes: 			27
	# of irgs: 				2
	# of cf manipulations: 	4
	# of memory operations: 6
	# of types: 			2449



Using pass: pass_libfirm_optimize_reassociation -- No improvement
	# of nodes: 			27
	# of irgs: 				2
	# of cf manipulations: 	4
	# of memory operations: 6
	# of types: 			2449



Using pass: pass_libfirm_gvn_pre -- No improvement
	# of nodes: 			27
	# of irgs: 				2
	# of cf manipulations: 	4
	# of memory operations: 6
	# of types: 			2449



Using pass: pass_libfirm_do_loop_unrolling -- No improvement
	# of nodes: 			27
	# of irgs: 				2
	# of cf manipulations: 	4
	# of memory operations: 6
	# of types: 			2449



Using pass: pass_libfirm_opt_tail_rec -- No improvement
	# of nodes: 			27
	# of irgs: 				2
	# of cf manipulations: 	4
	# of memory operations: 6
	# of types: 			2449



Using pass: pass_replace_proj_primitive -- No improvement
	# of nodes: 			27
	# of irgs: 				2
	# of cf manipulations: 	4
	# of memory operations: 6
	# of types: 			2449



Using pass: pass_libfirm_opt_if_conv -- No improvement
	# of nodes: 			27
	# of irgs: 				2
	# of cf manipulations: 	4
	# of memory operations: 6
	# of types: 			2449



Using pass: pass_gc_entitites -- No improvement
	# of nodes: 			27
	# of irgs: 				2
	# of cf manipulations: 	4
	# of memory operations: 6
	# of types: 			2449



Using pass: pass_replace_arithmetic -- No improvement
	# of nodes: 			27
	# of irgs: 				2
	# of cf manipulations: 	4
	# of memory operations: 6
	# of types: 			2449



Using pass: pass_libfirm_opt_parallelize_mem -- No improvement
	# of nodes: 			27
	# of irgs: 				2
	# of cf manipulations: 	4
	# of memory operations: 6
	# of types: 			2449



Using pass: pass_libfirm_optimize_graph_df -- No improvement
	# of nodes: 			27
	# of irgs: 				2
	# of cf manipulations: 	4
	# of memory operations: 6
	# of types: 			2449



Using pass: pass_libfirm_remove_bads -- No improvement
	# of nodes: 			27
	# of irgs: 				2
	# of cf manipulations: 	4
	# of memory operations: 6
	# of types: 			2449



Using pass: pass_libfirm_combo -- No improvement
	# of nodes: 			27
	# of irgs: 				2
	# of cf manipulations: 	4
	# of memory operations: 6
	# of types: 			2449



Using pass: pass_libfirm_opt_blocks -- No improvement
	# of nodes: 			27
	# of irgs: 				2
	# of cf manipulations: 	4
	# of memory operations: 6
	# of types: 			2449



Using pass: pass_remove_stores -- No improvement
	# of nodes: 			27
	# of irgs: 				2
	# of cf manipulations: 	4
	# of memory operations: 6
	# of types: 			2449



Using pass: pass_replace_members -- No improvement
	# of nodes: 			27
	# of irgs: 				2
	# of cf manipulations: 	4
	# of memory operations: 6
	# of types: 			2449



Using pass: pass_libfirm_do_loop_inversion -- No improvement
	# of nodes: 			27
	# of irgs: 				2
	# of cf manipulations: 	4
	# of memory operations: 6
	# of types: 			2449



Using pass: pass_libfirm_do_loop_inversion -- No improvement
	# of nodes: 			27
	# of irgs: 				2
	# of cf manipulations: 	4
	# of memory operations: 6
	# of types: 			2449



Using pass: pass_replace_arithmetic -- No improvement
	# of nodes: 			27
	# of irgs: 				2
	# of cf manipulations: 	4
	# of memory operations: 6
	# of types: 			2449



Using pass: pass_libfirm_remove_unreachable -- No improvement
	# of nodes: 			27
	# of irgs: 				2
	# of cf manipulations: 	4
	# of memory operations: 6
	# of types: 			2449



Using pass: pass_libfirm_construct_confirms -- No improvement
	# of nodes: 			27
	# of irgs: 				2
	# of cf manipulations: 	4
	# of memory operations: 6
	# of types: 			2449



Using pass: pass_libfirm_combo -- No improvement
	# of nodes: 			27
	# of irgs: 				2
	# of cf manipulations: 	4
	# of memory operations: 6
	# of types: 			2449



Using pass: pass_libfirm_do_loop_inversion -- No improvement
	# of nodes: 			27
	# of irgs: 				2
	# of cf manipulations: 	4
	# of memory operations: 6
	# of types: 			2449



Using pass: pass_replace_proj_primitive -- No improvement
	# of nodes: 			27
	# of irgs: 				2
	# of cf manipulations: 	4
	# of memory operations: 6
	# of types: 			2449




 :: 2nd reduction cycle

Using pass: pass_gc_irgs_primitive -- Trying irg 'r_func_94' -- No improvement
Using pass: pass_gc_irgs_primitive -- Trying irg 'r_func_65' -- No improvement
Using pass: pass_gc_irgs_primitive -- Trying irg 'r_func_59' -- No improvement
Using pass: pass_gc_irgs_primitive -- Trying irg 'r_func_19' -- No improvement
Using pass: pass_gc_irgs_primitive -- Trying irg 'r_func_53' -- No improvement
Using pass: pass_gc_irgs_primitive -- Trying irg 'r_func_59' -- No improvement
Using pass: pass_gc_irgs_primitive -- Trying irg 'r_func_28' -- No improvement
Using pass: pass_gc_irgs_primitive -- Trying irg 'r_func_31' -- No improvement
Using pass: pass_gc_irgs_primitive -- Trying irg 'r_func_9' -- No improvement
Using pass: pass_gc_irgs_primitive -- Trying irg 'r_func_81' -- No improvement
Using pass: pass_gc_irgs_primitive -- Trying irg 'r_func_81' -- No improvement
Using pass: pass_gc_irgs_primitive -- Trying irg 'r_func_81' -- No improvement
Using pass: pass_gc_irgs_primitive -- Trying irg 'r_func_90' -- No improvement
Using pass: pass_gc_irgs_primitive -- Trying irg 'r_func_28' -- No improvement
Using pass: pass_gc_irgs_primitive -- Trying irg 'r_func_44' -- No improvement
Using pass: pass_gc_irgs_primitive -- Trying irg 'r_func_80' -- No improvement
Using pass: pass_gc_irgs_primitive -- Trying irg 'r_func_90' -- No improvement
Using pass: pass_gc_irgs_primitive -- Trying irg 'r_func_49' -- No improvement
Using pass: pass_gc_irgs_primitive -- Trying irg 'r_func_83' -- No improvement
Using pass: pass_gc_irgs_primitive -- Trying irg 'r_func_33' -- No improvement
Using pass: pass_gc_irgs_primitive -- Trying irg 'r_func_65' -- No improvement
Using pass: pass_gc_irgs_primitive -- Trying irg 'r_func_45' -- No improvement
Using pass: pass_gc_irgs_primitive -- Trying irg 'r_func_49' -- No improvement
Using pass: pass_gc_irgs_primitive -- Trying irg 'r_func_99' -- No improvement
Using pass: pass_gc_irgs_primitive -- Trying irg 'r_func_80' -- No improvement
Using pass: pass_gc_irgs_primitive -- Trying irg 'r_func_53' -- No improvement
Using pass: pass_gc_irgs_primitive -- Trying irg 'r_func_44' -- No improvement
Using pass: pass_gc_irgs_primitive -- Trying irg 'r_func_96' -- No improvement
Using pass: pass_gc_irgs_primitive -- Trying irg 'r_func_31' -- No improvement
Using pass: pass_gc_irgs_primitive -- Trying irg 'r_func_51' -- No improvement
Using pass: pass_gc_irgs_primitive -- Trying irg 'r_func_65' -- No improvement
Using pass: pass_gc_irgs_primitive -- Trying irg 'r_func_51' -- No improvement
Using pass: pass_gc_irgs_primitive -- Trying irg 'r_func_68' -- No improvement
Using pass: pass_gc_irgs_primitive -- Trying irg 'r_func_51' -- No improvement
Using pass: pass_gc_irgs_primitive -- Trying irg 'r_func_49' -- No improvement
Using pass: pass_gc_irgs_primitive -- Trying irg 'r_func_65' -- No improvement
Using pass: pass_gc_irgs_primitive -- Trying irg 'r_func_96' -- No improvement
Using pass: pass_gc_irgs_primitive -- Trying irg 'r_func_30' -- No improvement
Using pass: pass_gc_irgs_primitive -- Trying irg 'r_func_91' -- No improvement
Using pass: pass_gc_irgs_primitive -- Trying irg 'r_func_46' -- No improvement
Using pass: pass_gc_irgs_primitive -- Trying irg 'r_func_6' -- No improvement
Using pass: pass_gc_irgs_primitive -- Trying irg 'r_func_9' -- No improvement
Using pass: pass_gc_irgs_primitive -- Trying irg 'r_func_48' -- No improvement
Using pass: pass_gc_irgs_primitive -- Trying irg 'r_func_8' -- No improvement
Using pass: pass_gc_irgs_primitive -- Trying irg 'r_func_6' -- No improvement
Using pass: pass_gc_irgs_primitive -- Trying irg 'r_func_90' -- No improvement
Using pass: pass_gc_irgs_primitive -- Trying irg 'r_func_82' -- No improvement
Using pass: pass_gc_irgs_primitive -- Trying irg 'r_func_99' -- No improvement
Using pass: pass_gc_irgs_primitive -- Trying irg 'r_func_6' -- No improvement
Using pass: pass_gc_irgs_primitive -- Trying irg 'r_func_51' -- No improvement
Using pass: pass_gc_irgs_primitive -- Trying irg 'r_func_51' -- No improvement
Using pass: pass_gc_irgs_primitive -- Trying irg 'r_func_96' -- No improvement
Using pass: pass_gc_irgs_primitive -- Trying irg 'r_func_96' -- No improvement
Using pass: pass_gc_irgs_primitive -- Trying irg 'r_func_33' -- No improvement
Using pass: pass_gc_irgs_primitive -- Trying irg 'r_func_6' -- No improvement
Using pass: pass_gc_irgs_primitive -- Trying irg 'r_func_68' -- No improvement
Using pass: pass_gc_irgs_primitive -- Trying irg 'r_func_95' -- No improvement
Using pass: pass_gc_irgs_primitive -- Trying irg 'r_func_45' -- No improvement
Using pass: pass_gc_irgs_primitive -- Trying irg 'r_func_91' -- No improvement
Using pass: pass_gc_irgs_primitive -- Trying irg 'r_func_90' -- No improvement
Using pass: pass_gc_irgs_primitive -- Trying irg 'r_func_33' -- No improvement
Using pass: pass_gc_irgs_primitive -- Trying irg 'r_func_6' -- No improvement
Using pass: pass_gc_irgs_primitive -- Trying irg 'r_func_42' -- No improvement
Using pass: pass_gc_irgs_primitive -- Trying irg 'r_func_44' -- No improvement
Using pass: pass_gc_irgs_primitive -- Trying irg 'r_func_92' -- No improvement
Using pass: pass_gc_irgs_primitive -- Trying irg 'r_func_31' -- No improvement
Using pass: pass_gc_irgs_primitive -- Trying irg 'r_func_45' -- No improvement
Using pass: pass_gc_irgs_primitive -- Trying irg 'r_func_68' -- No improvement
Using pass: pass_gc_irgs_primitive -- Trying irg 'r_func_67' -- No improvement
Using pass: pass_gc_irgs_primitive -- Trying irg 'r_func_43' -- No improvement
Using pass: pass_gc_irgs_primitive -- Trying irg 'r_func_92' -- No improvement
Using pass: pass_gc_irgs_primitive -- Trying irg 'r_func_9' -- No improvement
Using pass: pass_gc_irgs_primitive -- Trying irg 'r_func_49' -- No improvement
Using pass: pass_gc_irgs_primitive -- Trying irg 'r_func_95' -- No improvement
Using pass: pass_gc_irgs_primitive -- Trying irg 'r_func_96' -- No improvement
Using pass: pass_gc_irgs_primitive -- Trying irg 'r_func_69' -- No improvement
Using pass: pass_gc_irgs_primitive -- Trying irg 'r_func_30' -- No improvement
Using pass: pass_gc_irgs_primitive -- Trying irg 'r_func_65' -- No improvement
Using pass: pass_gc_irgs_primitive -- Trying irg 'r_func_58' -- No improvement
Using pass: pass_gc_irgs_primitive -- Trying irg 'r_func_91' -- No improvement
Using pass: pass_gc_irgs_primitive -- Trying irg 'r_func_95' -- No improvement
Using pass: pass_gc_irgs_primitive -- Trying irg 'r_func_44' -- No improvement
Using pass: pass_gc_irgs_primitive -- Trying irg 'r_func_49' -- No improvement
Using pass: pass_gc_irgs_primitive -- Trying irg 'r_func_1' -- No improvement
Using pass: pass_gc_irgs_primitive -- Trying irg 'r_func_65' -- No improvement
Using pass: pass_gc_irgs_primitive -- Trying irg 'r_func_48' -- No improvement
Using pass: pass_gc_irgs_primitive -- Trying irg 'r_func_68' -- No improvement
Using pass: pass_gc_irgs_primitive -- Trying irg 'r_func_99' -- No improvement
Using pass: pass_gc_irgs_primitive -- Trying irg 'r_func_37' -- No improvement
Using pass: pass_gc_irgs_primitive -- Trying irg 'r_func_3' -- No improvement
Using pass: pass_gc_irgs_primitive -- Trying irg 'r_func_68' -- No improvement
Using pass: pass_gc_irgs_primitive -- Trying irg 'r_func_31' -- No improvement
Using pass: pass_gc_irgs_primitive -- Trying irg 'r_func_67' -- No improvement
Using pass: pass_gc_irgs_primitive -- Trying irg 'r_func_37' -- No improvement
Using pass: pass_gc_irgs_primitive -- Trying irg 'r_func_43' -- No improvement
Using pass: pass_gc_irgs_primitive -- Trying irg 'r_func_82' -- No improvement
Using pass: pass_gc_irgs_primitive -- Trying irg 'r_func_3' -- No improvement
Using pass: pass_gc_irgs_primitive -- Trying irg 'r_func_58' -- No improvement
Using pass: pass_gc_irgs_primitive -- Trying irg 'r_func_80' -- No improvement
Using pass: pass_gc_irgs_primitive -- Trying irg 'r_func_80' -- No improvement
Using pass: pass_gc_irgs_primitive -- Trying irg 'r_func_61' -- No improvement
Using pass: pass_gc_irgs_primitive -- Trying irg 'r_func_59' -- No improvement
Using pass: pass_gc_irgs_primitive -- Trying irg 'r_func_68' -- No improvement
Using pass: pass_gc_irgs_primitive -- Trying irg 'r_func_43' -- No improvement
Using pass: pass_gc_irgs_primitive -- Trying irg 'r_func_77' -- No improvement
Using pass: pass_gc_irgs_primitive -- Trying irg 'r_func_82' -- No improvement
Using pass: pass_gc_irgs_primitive -- Trying irg 'r_func_82' -- No improvement
Using pass: pass_gc_irgs_primitive -- Trying irg 'r_func_65' -- No improvement
Using pass: pass_gc_irgs_primitive -- Trying irg 'r_func_65' -- No improvement
Using pass: pass_gc_irgs_primitive -- Trying irg 'r_func_58' -- No improvement
Using pass: pass_gc_irgs_primitive -- Trying irg 'r_func_95' -- No improvement
Using pass: pass_gc_irgs_primitive -- Trying irg 'r_func_48' -- No improvement
Using pass: pass_gc_irgs_primitive -- Trying irg 'r_func_90' -- No improvement
Using pass: pass_gc_irgs_primitive -- Trying irg 'r_func_37' -- No improvement
Using pass: pass_gc_irgs_primitive -- Trying irg 'r_func_31' -- No improvement
Using pass: pass_gc_irgs_primitive -- Trying irg 'r_func_44' -- No improvement
Using pass: pass_gc_irgs_primitive -- Trying irg 'r_func_6' -- No improvement
Using pass: pass_gc_irgs_primitive -- Trying irg 'r_func_82' -- No improvement
Using pass: pass_gc_irgs_primitive -- Trying irg 'r_func_3' -- No improvement
Using pass: pass_gc_irgs_primitive -- Trying irg 'r_func_3' -- No improvement
Using pass: pass_gc_irgs_primitive -- Trying irg 'r_func_31' -- No improvement
Using pass: pass_gc_irgs_primitive -- Trying irg 'r_func_65' -- No improvement
Using pass: pass_gc_irgs_primitive -- Trying irg 'r_func_43' -- No improvement
Using pass: pass_gc_irgs_primitive -- Trying irg 'r_func_31' -- No improvement
Using pass: pass_gc_irgs_primitive -- Trying irg 'r_func_95' -- No improvement
Using pass: pass_gc_irgs_primitive -- Trying irg 'r_func_68' -- No improvement
Using pass: pass_gc_irgs_primitive -- Trying irg 'r_func_28' -- No improvement
Using pass: pass_gc_irgs_primitive -- Trying irg 'r_func_58' -- No improvement
Using pass: pass_gc_irgs_primitive -- Trying irg 'r_func_82' -- No improvement
Using pass: pass_gc_irgs_primitive -- Trying irg 'r_func_95' -- No improvement
Using pass: pass_gc_irgs_primitive -- Trying irg 'r_func_39' -- No improvement
Using pass: pass_gc_irgs_primitive -- Trying irg 'r_func_39' -- No improvement
Using pass: pass_gc_irgs_primitive -- Trying irg 'r_func_28' -- No improvement
Using pass: pass_gc_irgs_primitive -- Trying irg 'r_func_67' -- No improvement
Using pass: pass_gc_irgs_primitive -- Trying irg 'r_func_95' -- No improvement
Using pass: pass_gc_irgs_primitive -- Trying irg 'r_func_58' -- No improvement
Using pass: pass_gc_irgs_primitive -- Trying irg 'r_func_65' -- No improvement
Using pass: pass_gc_irgs_primitive -- Trying irg 'r_func_54' -- No improvement
Using pass: pass_gc_irgs_primitive -- Trying irg 'r_func_6' -- No improvement
Using pass: pass_gc_irgs_primitive -- Trying irg 'r_func_6' -- No improvement
Using pass: pass_gc_irgs_primitive -- Trying irg 'r_func_53' -- No improvement
Using pass: pass_gc_irgs_primitive -- Trying irg 'r_func_68' -- No improvement
Using pass: pass_gc_irgs_primitive -- Trying irg 'r_func_44' -- No improvement
Using pass: pass_gc_irgs_primitive -- Trying irg 'r_func_80' -- No improvement
Using pass: pass_gc_irgs_primitive -- Trying irg 'r_func_58' -- No improvement
Using pass: pass_gc_irgs_primitive -- Trying irg 'r_func_28' -- No improvement
Using pass: pass_gc_irgs_primitive -- Trying irg 'r_func_95' -- No improvement
Using pass: pass_gc_irgs_primitive -- Trying irg 'r_func_28' -- No improvement
Using pass: pass_gc_irgs_primitive -- Trying irg 'r_func_37' -- No improvement
Using pass: pass_gc_irgs_primitive -- Trying irg 'r_func_54' -- No improvement
Using pass: pass_gc_irgs_primitive -- Trying irg 'r_func_37' -- No improvement
Using pass: pass_gc_irgs_primitive -- Trying irg 'r_func_68' -- No improvement
Using pass: pass_gc_irgs_primitive -- Trying irg 'r_func_43' -- No improvement
Using pass: pass_gc_irgs_primitive -- Trying irg 'r_func_3' -- No improvement
Using pass: pass_gc_irgs_primitive -- Trying irg 'r_func_80' -- No improvement
Using pass: pass_gc_irgs_primitive -- Trying irg 'r_func_68' -- No improvement
Using pass: pass_gc_irgs_primitive -- Trying irg 'r_func_43' -- No improvement
Using pass: pass_gc_irgs_primitive -- Trying irg 'r_func_39' -- No improvement
Using pass: pass_gc_irgs_primitive -- Trying irg 'r_func_82' -- No improvement
Using pass: pass_gc_irgs_primitive -- Trying irg 'r_func_68' -- No improvement
Using pass: pass_gc_irgs_primitive -- Trying irg 'r_func_43' -- No improvement
Using pass: pass_gc_irgs_primitive -- Trying irg 'r_func_28' -- No improvement
Using pass: pass_gc_irgs_primitive -- Trying irg 'r_func_54' -- No improvement
Using pass: pass_gc_irgs_primitive -- Trying irg 'r_func_1' -- No improvement
Using pass: pass_gc_irgs_primitive -- Trying irg 'r_func_58' -- No improvement
Using pass: pass_gc_irgs_primitive -- Trying irg 'r_func_58' -- No improvement
Using pass: pass_gc_irgs_primitive -- Trying irg 'r_func_80' -- No improvement
Using pass: pass_gc_irgs_primitive -- Trying irg 'r_func_43' -- No improvement
Using pass: pass_gc_irgs_primitive -- Trying irg 'r_func_54' -- No improvement
Using pass: pass_gc_irgs_primitive -- Trying irg 'r_func_44' -- No improvement
Using pass: pass_gc_irgs_primitive -- Trying irg 'r_func_80' -- No improvement
Using pass: pass_gc_irgs_primitive -- Trying irg 'r_func_65' -- No improvement
Using pass: pass_gc_irgs_primitive -- Trying irg 'r_func_45' -- No improvement
Using pass: pass_gc_irgs_primitive -- Trying irg 'r_func_91' -- No improvement
Using pass: pass_gc_irgs_primitive -- Trying irg 'r_func_6' -- No improvement
Using pass: pass_gc_irgs_primitive -- Trying irg 'r_func_58' -- No improvement
Using pass: pass_gc_irgs_primitive -- Trying irg 'r_func_91' -- No improvement
Using pass: pass_gc_irgs_primitive -- Trying irg 'r_func_6' -- No improvement
Using pass: pass_gc_irgs_primitive -- Trying irg 'r_func_68' -- No improvement
Using pass: pass_gc_irgs_primitive -- Trying irg 'r_func_44' -- No improvement
Using pass: pass_gc_irgs_primitive -- Trying irg 'r_func_80' -- No improvement
Using pass: pass_gc_irgs_primitive -- Trying irg 'r_func_68' -- No improvement
Using pass: pass_gc_irgs_primitive -- Trying irg 'r_func_91' -- No improvement
Using pass: pass_gc_irgs_primitive -- Trying irg 'r_func_3' -- No improvement
Using pass: pass_gc_irgs_primitive -- Trying irg 'r_func_3' -- No improvement
Using pass: pass_gc_irgs_primitive -- Trying irg 'r_func_3' -- No improvement
Using pass: pass_gc_irgs_primitive -- Trying irg 'r_func_95' -- No improvement
Using pass: pass_gc_irgs_primitive -- Trying irg 'r_func_95' -- No improvement
Using pass: pass_gc_irgs_primitive -- Trying irg 'r_func_82' -- No improvement
Using pass: pass_gc_irgs_primitive -- Trying irg 'r_func_44' -- No improvement
Using pass: pass_gc_irgs_primitive -- Trying irg 'r_func_3' -- No improvement
Using pass: pass_gc_irgs_primitive -- Trying irg 'r_func_65' -- No improvement
Using pass: pass_gc_irgs_primitive -- Trying irg 'r_func_43' -- No improvement
Using pass: pass_gc_irgs_primitive -- Trying irg 'r_func_1' -- No improvement
Using pass: pass_gc_irgs_primitive -- Trying irg 'r_func_44' -- No improvement

______________________________

No further reduction possible.

Result:
	# of nodes: 			27
	# of irgs: 				2
	# of cf manipulations: 	4
	# of memory operations: 6
	# of types: 			2449

2018-08-23 17:30:14