2018-08-24 09:01:22 -- Firmreduce -- Results

Initial Test-case size:
	# of nodes: 			14918
	# of irgs: 				101
	# of cf manipulations: 	764
	# of memory operations: 2478
	# of types: 			2890


Using pass: pass_replace_members -- No improvement
	# of nodes: 			14918
	# of irgs: 				101
	# of cf manipulations: 	764
	# of memory operations: 2478
	# of types: 			2890



Using pass: pass_check_validity -- No improvement
	# of nodes: 			14918
	# of irgs: 				101
	# of cf manipulations: 	764
	# of memory operations: 2478
	# of types: 			2890



Using pass: pass_libfirm_normalize_n_returns -- Successful
	# of nodes: 			14931
	# of irgs: 				101
	# of cf manipulations: 	770
	# of memory operations: 2478
	# of types: 			2890



Using pass: pass_libfirm_opt_jumpthreading
	 :: Pass failed on irg 'r_func_47'
	 :: Pass failed on irg 'r_func_47'
	 :: Pass failed on irg 'r_func_20'
	 :: Pass failed on irg 'r_func_20'
	 :: Pass failed on irg 'r_func_47'
	 :: Pass failed on irg 'r_func_20'
	 :: Pass failed on irg 'r_func_66'
	 :: Pass failed on irg 'r_func_20'
	 :: Pass failed on irg 'r_func_47'
	 :: Pass failed on irg 'r_func_71'
	 :: Pass failed on irg 'r_func_66'
	 :: Pass failed on irg 'r_func_55'
	 :: Pass failed on irg 'r_func_66'
	 :: Pass failed on irg 'r_func_47'
	 :: Pass failed on irg 'r_func_71'
	 :: Pass failed on irg 'r_func_47'
	 :: Pass failed on irg 'r_func_20'
	 :: Pass failed on irg 'r_func_20'
	 :: Pass failed on irg 'r_func_78'
	 :: Pass failed on irg 'r_func_71'
	 :: Pass failed on irg 'r_func_55'
	 :: Pass failed on irg 'r_func_47'
	 :: Pass failed on irg 'r_func_55'
	 :: Pass failed on irg 'r_func_71'
	 :: Pass failed on irg 'r_func_66'
	 :: Pass failed on irg 'r_func_47'
	 :: Pass failed on irg 'r_func_66'
	 :: Pass failed on irg 'r_func_20'
	 :: Pass failed on irg 'r_func_20'
	 :: Pass failed on irg 'r_func_66' -- Successful
	# of nodes: 			15075
	# of irgs: 				101
	# of cf manipulations: 	899
	# of memory operations: 2461
	# of types: 			2890



Using pass: pass_libfirm_normalize_one_return -- Successful
	# of nodes: 			15378
	# of irgs: 				101
	# of cf manipulations: 	976
	# of memory operations: 2461
	# of types: 			2890



Using pass: pass_libfirm_opt_bool -- No improvement
	# of nodes: 			15378
	# of irgs: 				101
	# of cf manipulations: 	976
	# of memory operations: 2461
	# of types: 			2890



Using pass: pass_libfirm_place_code -- Successful
	# of nodes: 			15404
	# of irgs: 				101
	# of cf manipulations: 	990
	# of memory operations: 2461
	# of types: 			2890



Using pass: pass_libfirm_opt_jumpthreading
	 :: Pass failed on irg 'r_func_55'
	 :: Pass failed on irg 'r_func_20'
	 :: Pass failed on irg 'r_func_20'
	 :: Pass failed on irg 'r_func_47'
	 :: Pass failed on irg 'r_func_71'
	 :: Pass failed on irg 'r_func_47' -- No improvement
	# of nodes: 			15404
	# of irgs: 				101
	# of cf manipulations: 	990
	# of memory operations: 2461
	# of types: 			2890



Using pass: pass_replace_return_values -- Successful
	# of nodes: 			11762
	# of irgs: 				101
	# of cf manipulations: 	674
	# of memory operations: 2327
	# of types: 			2890



Using pass: pass_libfirm_opt_ldst
	 :: Pass failed on irg 'r_func_39'
	 :: Pass failed on irg 'r_func_86'
	 :: Pass failed on irg 'r_func_98'
	 :: Pass failed on irg 'r_func_78'
	 :: Pass failed on irg 'r_func_82'
	 :: Pass failed on irg 'r_func_2'
	 :: Pass failed on irg 'r_func_33'
	 :: Pass failed on irg 'r_func_81'
	 :: Pass failed on irg 'r_func_21'
	 :: Pass failed on irg 'r_func_41'
	 :: Pass failed on irg 'r_func_50'
	 :: Pass failed on irg 'r_func_46'
	 :: Pass failed on irg 'r_func_96'
	 :: Pass failed on irg 'r_func_50'
	 :: Pass failed on irg 'r_func_58'
	 :: Pass failed on irg 'r_func_64'
	 :: Pass failed on irg 'r_func_75'
	 :: Pass failed on irg 'r_func_62'
	 :: Pass failed on irg 'r_func_85'
	 :: Pass failed on irg 'r_func_72'
	 :: Pass failed on irg 'r_func_77'
	 :: Pass failed on irg 'r_func_38'
	 :: Pass failed on irg 'r_func_57'
	 :: Pass failed on irg 'r_func_31'
	 :: Pass failed on irg 'r_func_61'
	 :: Pass failed on irg 'r_func_7'
	 :: Pass failed on irg 'r_func_34'
	 :: Pass failed on irg 'r_func_33'
	 :: Pass failed on irg 'r_func_98'
	 :: Pass failed on irg 'r_func_83'
	 :: Pass failed on irg 'r_func_19'
	 :: Pass failed on irg 'r_func_84'
	 :: Pass failed on irg 'r_func_27'
	 :: Pass failed on irg 'r_func_99'
	 :: Pass failed on irg 'r_func_50'
	 :: Pass failed on irg 'r_func_78'
	 :: Pass failed on irg 'r_func_77'
	 :: Pass failed on irg 'r_func_68'
	 :: Pass failed on irg 'r_func_67'
	 :: Pass failed on irg 'r_func_79'
	 :: Pass failed on irg 'r_func_4'
	 :: Pass failed on irg 'r_func_71'
	 :: Pass failed on irg 'r_func_72'
	 :: Pass failed on irg 'main'
	 :: Pass failed on irg 'r_func_18'
	 :: Pass failed on irg 'r_func_56'
	 :: Pass failed on irg 'r_func_60'
	 :: Pass failed on irg 'r_func_98'
	 :: Pass failed on irg 'r_func_17'
	 :: Pass failed on irg 'r_func_99'
	 :: Pass failed on irg 'r_func_66'
	 :: Pass failed on irg 'r_func_60'
	 :: Pass failed on irg 'r_func_57'
	 :: Pass failed on irg 'r_func_43'
	 :: Pass failed on irg 'r_func_59'
	 :: Pass failed on irg 'r_func_17'
	 :: Pass failed on irg 'r_func_39'
	 :: Pass failed on irg 'r_func_33'
	 :: Pass failed on irg 'r_func_23'
	 :: Pass failed on irg 'r_func_11'
	 :: Pass failed on irg 'r_func_81'
	 :: Pass failed on irg 'r_func_45'
	 :: Pass failed on irg 'r_func_39'
	 :: Pass failed on irg 'r_func_61'
	 :: Pass failed on irg 'r_func_38'
	 :: Pass failed on irg 'r_func_89'
	 :: Pass failed on irg 'r_func_34'
	 :: Pass failed on irg 'r_func_45'
	 :: Pass failed on irg 'r_func_8'
	 :: Pass failed on irg 'r_func_81'
	 :: Pass failed on irg 'r_func_41'
	 :: Pass failed on irg 'r_func_63'
	 :: Pass failed on irg 'r_func_18'
	 :: Pass failed on irg 'r_func_23'
	 :: Pass failed on irg 'r_func_28'
	 :: Pass failed on irg 'r_func_83'
	 :: Pass failed on irg 'r_func_34'
	 :: Pass failed on irg 'r_func_83'
	 :: Pass failed on irg 'r_func_36'
	 :: Pass failed on irg 'r_func_61'
	 :: Pass failed on irg 'r_func_34'
	 :: Pass failed on irg 'r_func_76'
	 :: Pass failed on irg 'r_func_30'
	 :: Pass failed on irg 'r_func_91'
	 :: Pass failed on irg 'r_func_8'
	 :: Pass failed on irg 'r_func_38'
	 :: Pass failed on irg 'r_func_2'
	 :: Pass failed on irg 'r_func_63'
	 :: Pass failed on irg 'r_func_62'
	 :: Pass failed on irg 'r_func_61'
	 :: Pass failed on irg 'r_func_53'
	 :: Pass failed on irg 'r_func_32'
	 :: Pass failed on irg 'r_func_37'
	 :: Pass failed on irg 'r_func_59'
	 :: Pass failed on irg 'r_func_90'
	 :: Pass failed on irg 'r_func_12'
	 :: Pass failed on irg 'r_func_2'
	 :: Pass failed on irg 'r_func_57'
	 :: Pass failed on irg 'r_func_75'
	 :: Pass failed on irg 'r_func_37'
	 :: Pass failed on irg 'r_func_85' -- No improvement
	# of nodes: 			11762
	# of irgs: 				101
	# of cf manipulations: 	674
	# of memory operations: 2327
	# of types: 			2890



Using pass: pass_libfirm_optimize_cf -- Successful
	# of nodes: 			11486
	# of irgs: 				101
	# of cf manipulations: 	545
	# of memory operations: 2327
	# of types: 			2890



Using pass: pass_libfirm_remove_unreachable -- No improvement
	# of nodes: 			11486
	# of irgs: 				101
	# of cf manipulations: 	545
	# of memory operations: 2327
	# of types: 			2890



Using pass: pass_libfirm_remove_unreachable -- No improvement
	# of nodes: 			11486
	# of irgs: 				101
	# of cf manipulations: 	545
	# of memory operations: 2327
	# of types: 			2890



Using pass: pass_libfirm_place_code -- Successful
	# of nodes: 			11686
	# of irgs: 				101
	# of cf manipulations: 	645
	# of memory operations: 2327
	# of types: 			2890



Using pass: pass_libfirm_optimize_load_store -- Successful
	# of nodes: 			11163
	# of irgs: 				101
	# of cf manipulations: 	647
	# of memory operations: 2212
	# of types: 			2890



Using pass: pass_replace_loads
	 :: Pass failed on irg 'r_func_56'
	 :: Pass failed on irg 'r_func_2'
	 :: Pass failed on irg 'r_func_29'
	 :: Pass failed on irg 'r_func_32'
	 :: Pass failed on irg 'r_func_38'
	 :: Pass failed on irg 'r_func_19'
	 :: Pass failed on irg 'r_func_70'
	 :: Pass failed on irg 'r_func_69'
	 :: Pass failed on irg 'r_func_77'
	 :: Pass failed on irg 'r_func_16'
	 :: Pass failed on irg 'r_func_95'
	 :: Pass failed on irg 'r_func_9'
	 :: Pass failed on irg 'r_func_57'
	 :: Pass failed on irg 'r_func_97'
	 :: Pass failed on irg 'r_func_60'
	 :: Pass failed on irg 'r_func_29'
	 :: Pass failed on irg 'r_func_60'
	 :: Pass failed on irg 'r_func_75'
	 :: Pass failed on irg 'r_func_35'
	 :: Pass failed on irg 'r_func_4'
	 :: Pass failed on irg 'r_func_92'
	 :: Pass failed on irg 'r_func_49'
	 :: Pass failed on irg 'r_func_43'
	 :: Pass failed on irg 'r_func_32'
	 :: Pass failed on irg 'r_func_88'
	 :: Pass failed on irg 'r_func_20'
	 :: Pass failed on irg 'r_func_63'
	 :: Pass failed on irg 'r_func_10'
	 :: Pass failed on irg 'r_func_21'
	 :: Pass failed on irg 'r_func_24'
	 :: Pass failed on irg 'r_func_57'
	 :: Pass failed on irg 'r_func_44'
	 :: Pass failed on irg 'r_func_85'
	 :: Pass failed on irg 'r_func_43'
	 :: Pass failed on irg 'r_func_99'
	 :: Pass failed on irg 'r_func_81'
	 :: Pass failed on irg 'r_func_54'
	 :: Pass failed on irg 'r_func_92'
	 :: Pass failed on irg 'r_func_61'
	 :: Pass failed on irg 'r_func_29'
	 :: Pass failed on irg 'r_func_79'
	 :: Pass failed on irg 'r_func_63'
	 :: Pass failed on irg 'r_func_84'
	 :: Pass failed on irg 'r_func_24'
	 :: Pass failed on irg 'r_func_24'
	 :: Pass failed on irg 'r_func_79'
	 :: Pass failed on irg 'r_func_89'
	 :: Pass failed on irg 'r_func_89'
	 :: Pass failed on irg 'r_func_10'
	 :: Pass failed on irg 'r_func_66'
	 :: Pass failed on irg 'r_func_57'
	 :: Pass failed on irg 'r_func_7'
	 :: Pass failed on irg 'r_func_71'
	 :: Pass failed on irg 'r_func_10'
	 :: Pass failed on irg 'r_func_40'
	 :: Pass failed on irg 'r_func_83'
	 :: Pass failed on irg 'r_func_67'
	 :: Pass failed on irg 'r_func_58'
	 :: Pass failed on irg 'r_func_31'
	 :: Pass failed on irg 'r_func_43'
	 :: Pass failed on irg 'r_func_67'
	 :: Pass failed on irg 'r_func_56'
	 :: Pass failed on irg 'r_func_32'
	 :: Pass failed on irg 'r_func_44'
	 :: Pass failed on irg 'r_func_13'
	 :: Pass failed on irg 'r_func_52'
	 :: Pass failed on irg 'r_func_39'
	 :: Pass failed on irg 'r_func_70'
	 :: Pass failed on irg 'r_func_21'
	 :: Pass failed on irg 'r_func_76'
	 :: Pass failed on irg 'r_func_67'
	 :: Pass failed on irg 'r_func_75'
	 :: Pass failed on irg 'r_func_37'
	 :: Pass failed on irg 'r_func_29'
	 :: Pass failed on irg 'r_func_96'
	 :: Pass failed on irg 'r_func_46'
	 :: Pass failed on irg 'r_func_72'
	 :: Pass failed on irg 'r_func_10'
	 :: Pass failed on irg 'r_func_56'
	 :: Pass failed on irg 'r_func_72'
	 :: Pass failed on irg 'r_func_2'
	 :: Pass failed on irg 'r_func_57'
	 :: Pass failed on irg 'r_func_36'
	 :: Pass failed on irg 'r_func_45'
	 :: Pass failed on irg 'r_func_52'
	 :: Pass failed on irg 'r_func_93'
	 :: Pass failed on irg 'r_func_31'
	 :: Pass failed on irg 'r_func_77'
	 :: Pass failed on irg 'r_func_10' -- No improvement
	# of nodes: 			11163
	# of irgs: 				101
	# of cf manipulations: 	647
	# of memory operations: 2212
	# of types: 			2890



Using pass: pass_libfirm_combo -- Successful
	# of nodes: 			11150
	# of irgs: 				101
	# of cf manipulations: 	647
	# of memory operations: 2212
	# of types: 			2890



Using pass: pass_libfirm_opt_blocks
	 :: Pass failed on irg 'r_func_13'
	 :: Pass failed on irg 'r_func_13'
	 :: Pass failed on irg 'r_func_96'
	 :: Pass failed on irg 'r_func_73'
	 :: Pass failed on irg 'r_func_13'
	 :: Pass failed on irg 'r_func_73'
	 :: Pass failed on irg 'r_func_73'
	 :: Pass failed on irg 'r_func_5'
	 :: Pass failed on irg 'r_func_73'
	 :: Pass failed on irg 'r_func_5'
	 :: Pass failed on irg 'r_func_96'
	 :: Pass failed on irg 'r_func_5'
	 :: Pass failed on irg 'r_func_13'
	 :: Pass failed on irg 'r_func_13'
	 :: Pass failed on irg 'r_func_96'
	 :: Pass failed on irg 'r_func_96'
	 :: Pass failed on irg 'r_func_5'
	 :: Pass failed on irg 'r_func_13'
	 :: Pass failed on irg 'r_func_13'
	 :: Pass failed on irg 'r_func_73'
	 :: Pass failed on irg 'r_func_73'
	 :: Pass failed on irg 'r_func_13'
	 :: Pass failed on irg 'r_func_73' -- Successful
	# of nodes: 			11033
	# of irgs: 				101
	# of cf manipulations: 	616
	# of memory operations: 2208
	# of types: 			2890



Using pass: pass_remove_void_calls -- Successful
	# of nodes: 			10691
	# of irgs: 				101
	# of cf manipulations: 	625
	# of memory operations: 2137
	# of types: 			2890



Using pass: pass_libfirm_optimize_reassociation -- Successful
	# of nodes: 			10695
	# of irgs: 				101
	# of cf manipulations: 	625
	# of memory operations: 2137
	# of types: 			2890



Using pass: pass_libfirm_opt_ldst
	 :: Pass failed on irg 'r_func_65'
	 :: Pass failed on irg 'r_func_96'
	 :: Pass failed on irg 'r_func_80'
	 :: Pass failed on irg 'r_func_57'
	 :: Pass failed on irg 'r_func_19'
	 :: Pass failed on irg 'r_func_98'
	 :: Pass failed on irg 'r_func_13'
	 :: Pass failed on irg 'r_func_60'
	 :: Pass failed on irg 'r_func_26'
	 :: Pass failed on irg 'r_func_56'
	 :: Pass failed on irg 'r_func_55'
	 :: Pass failed on irg 'r_func_35'
	 :: Pass failed on irg 'r_func_94'
	 :: Pass failed on irg 'r_func_84'
	 :: Pass failed on irg 'r_func_37'
	 :: Pass failed on irg 'r_func_79'
	 :: Pass failed on irg 'r_func_31'
	 :: Pass failed on irg 'r_func_34'
	 :: Pass failed on irg 'r_func_24'
	 :: Pass failed on irg 'r_func_40'
	 :: Pass failed on irg 'r_func_48'
	 :: Pass failed on irg 'r_func_60'
	 :: Pass failed on irg 'r_func_37'
	 :: Pass failed on irg 'r_func_33'
	 :: Pass failed on irg 'r_func_24'
	 :: Pass failed on irg 'r_func_16'
	 :: Pass failed on irg 'main'
	 :: Pass failed on irg 'r_func_19'
	 :: Pass failed on irg 'r_func_64'
	 :: Pass failed on irg 'r_func_99'
	 :: Pass failed on irg 'r_func_99'
	 :: Pass failed on irg 'r_func_69'
	 :: Pass failed on irg 'r_func_84'
	 :: Pass failed on irg 'r_func_72'
	 :: Pass failed on irg 'r_func_61'
	 :: Pass failed on irg 'r_func_17'
	 :: Pass failed on irg 'r_func_82'
	 :: Pass failed on irg 'r_func_1'
	 :: Pass failed on irg 'r_func_29'
	 :: Pass failed on irg 'r_func_14'
	 :: Pass failed on irg 'r_func_90'
	 :: Pass failed on irg 'r_func_65'
	 :: Pass failed on irg 'r_func_14'
	 :: Pass failed on irg 'r_func_48'
	 :: Pass failed on irg 'r_func_87'
	 :: Pass failed on irg 'r_func_44'
	 :: Pass failed on irg 'r_func_56'
	 :: Pass failed on irg 'r_func_47'
	 :: Pass failed on irg 'r_func_49'
	 :: Pass failed on irg 'r_func_80'
	 :: Pass failed on irg 'r_func_30'
	 :: Pass failed on irg 'r_func_50'
	 :: Pass failed on irg 'r_func_40'
	 :: Pass failed on irg 'r_func_29'
	 :: Pass failed on irg 'r_func_85'
	 :: Pass failed on irg 'r_func_55'
	 :: Pass failed on irg 'r_func_6'
	 :: Pass failed on irg 'r_func_96'
	 :: Pass failed on irg 'r_func_3'
	 :: Pass failed on irg 'r_func_64'
	 :: Pass failed on irg 'r_func_89'
	 :: Pass failed on irg 'r_func_7'
	 :: Pass failed on irg 'r_func_20'
	 :: Pass failed on irg 'r_func_16'
	 :: Pass failed on irg 'r_func_73'
	 :: Pass failed on irg 'r_func_10'
	 :: Pass failed on irg 'r_func_59'
	 :: Pass failed on irg 'r_func_46'
	 :: Pass failed on irg 'r_func_10'
	 :: Pass failed on irg '_main'
	 :: Pass failed on irg 'r_func_86'
	 :: Pass failed on irg 'r_func_1'
	 :: Pass failed on irg 'r_func_41'
	 :: Pass failed on irg 'r_func_79'
	 :: Pass failed on irg 'r_func_72'
	 :: Pass failed on irg 'r_func_67'
	 :: Pass failed on irg 'r_func_83'
	 :: Pass failed on irg 'r_func_72'
	 :: Pass failed on irg 'r_func_27'
	 :: Pass failed on irg 'r_func_37'
	 :: Pass failed on irg 'r_func_50'
	 :: Pass failed on irg 'r_func_34'
	 :: Pass failed on irg 'r_func_6'
	 :: Pass failed on irg 'r_func_73'
	 :: Pass failed on irg 'r_func_22'
	 :: Pass failed on irg 'r_func_44'
	 :: Pass failed on irg 'r_func_96'
	 :: Pass failed on irg 'r_func_31'
	 :: Pass failed on irg 'r_func_74'
	 :: Pass failed on irg 'r_func_13'
	 :: Pass failed on irg 'r_func_85'
	 :: Pass failed on irg 'r_func_72'
	 :: Pass failed on irg 'r_func_52'
	 :: Pass failed on irg 'r_func_36'
	 :: Pass failed on irg 'r_func_98'
	 :: Pass failed on irg 'r_func_45'
	 :: Pass failed on irg 'r_func_53'
	 :: Pass failed on irg 'r_func_21'
	 :: Pass failed on irg 'r_func_26'
	 :: Pass failed on irg 'r_func_8'
	 :: Pass failed on irg 'r_func_33' -- No improvement
	# of nodes: 			10695
	# of irgs: 				101
	# of cf manipulations: 	625
	# of memory operations: 2137
	# of types: 			2890



Using pass: pass_libfirm_remove_bads -- Successful
	# of nodes: 			10693
	# of irgs: 				101
	# of cf manipulations: 	625
	# of memory operations: 2137
	# of types: 			2890



Using pass: pass_libfirm_place_code -- No improvement
	# of nodes: 			10693
	# of irgs: 				101
	# of cf manipulations: 	625
	# of memory operations: 2137
	# of types: 			2890



Using pass: pass_gc_entitites -- Successful
	# of nodes: 			10693
	# of irgs: 				101
	# of cf manipulations: 	625
	# of memory operations: 2137
	# of types: 			2890



Using pass: pass_libfirm_conv_opt -- Successful
	# of nodes: 			10657
	# of irgs: 				101
	# of cf manipulations: 	625
	# of memory operations: 2137
	# of types: 			2890



Using pass: pass_replace_loads
	 :: Pass failed on irg 'r_func_4'
	 :: Pass failed on irg 'r_func_53'
	 :: Pass failed on irg 'r_func_32'
	 :: Pass failed on irg 'r_func_24'
	 :: Pass failed on irg 'r_func_44'
	 :: Pass failed on irg 'r_func_88'
	 :: Pass failed on irg 'r_func_57'
	 :: Pass failed on irg 'r_func_65'
	 :: Pass failed on irg 'r_func_36'
	 :: Pass failed on irg 'r_func_2'
	 :: Pass failed on irg 'r_func_84'
	 :: Pass failed on irg 'r_func_3'
	 :: Pass failed on irg 'r_func_46'
	 :: Pass failed on irg 'r_func_68'
	 :: Pass failed on irg 'r_func_53'
	 :: Pass failed on irg 'r_func_32'
	 :: Pass failed on irg 'r_func_56'
	 :: Pass failed on irg 'r_func_29'
	 :: Pass failed on irg 'r_func_25'
	 :: Pass failed on irg 'r_func_90'
	 :: Pass failed on irg 'r_func_49'
	 :: Pass failed on irg 'r_func_99'
	 :: Pass failed on irg 'r_func_96'
	 :: Pass failed on irg 'r_func_43'
	 :: Pass failed on irg 'r_func_22'
	 :: Pass failed on irg 'r_func_81'
	 :: Pass failed on irg 'r_func_97'
	 :: Pass failed on irg 'r_func_61'
	 :: Pass failed on irg 'r_func_81'
	 :: Pass failed on irg 'r_func_91'
	 :: Pass failed on irg 'r_func_43'
	 :: Pass failed on irg 'r_func_90'
	 :: Pass failed on irg 'r_func_4'
	 :: Pass failed on irg 'r_func_70'
	 :: Pass failed on irg 'r_func_89'
	 :: Pass failed on irg 'r_func_64'
	 :: Pass failed on irg 'r_func_99'
	 :: Pass failed on irg 'r_func_53'
	 :: Pass failed on irg 'r_func_90'
	 :: Pass failed on irg 'r_func_35'
	 :: Pass failed on irg 'r_func_29'
	 :: Pass failed on irg 'r_func_48'
	 :: Pass failed on irg 'r_func_49'
	 :: Pass failed on irg 'r_func_23'
	 :: Pass failed on irg 'r_func_26'
	 :: Pass failed on irg 'r_func_12'
	 :: Pass failed on irg 'r_func_16'
	 :: Pass failed on irg 'r_func_80'
	 :: Pass failed on irg 'r_func_19'
	 :: Pass failed on irg 'r_func_72'
	 :: Pass failed on irg 'r_func_53'
	 :: Pass failed on irg 'r_func_47'
	 :: Pass failed on irg 'r_func_97'
	 :: Pass failed on irg 'r_func_51'
	 :: Pass failed on irg 'r_func_95'
	 :: Pass failed on irg 'r_func_55'
	 :: Pass failed on irg 'r_func_47'
	 :: Pass failed on irg 'r_func_88'
	 :: Pass failed on irg 'r_func_41'
	 :: Pass failed on irg 'r_func_79'
	 :: Pass failed on irg 'r_func_58'
	 :: Pass failed on irg 'r_func_99'
	 :: Pass failed on irg 'r_func_70'
	 :: Pass failed on irg 'r_func_56'
	 :: Pass failed on irg 'r_func_71'
	 :: Pass failed on irg 'r_func_29'
	 :: Pass failed on irg 'r_func_33'
	 :: Pass failed on irg 'r_func_98'
	 :: Pass failed on irg 'r_func_55'
	 :: Pass failed on irg 'r_func_20'
	 :: Pass failed on irg 'r_func_13'
	 :: Pass failed on irg 'r_func_22'
	 :: Pass failed on irg 'r_func_98'
	 :: Pass failed on irg 'r_func_55'
	 :: Pass failed on irg 'r_func_51'
	 :: Pass failed on irg 'r_func_74'
	 :: Pass failed on irg 'r_func_8'
	 :: Pass failed on irg 'r_func_66'
	 :: Pass failed on irg 'r_func_25'
	 :: Pass failed on irg 'r_func_16'
	 :: Pass failed on irg 'r_func_90'
	 :: Pass failed on irg 'r_func_43'
	 :: Pass failed on irg 'r_func_86'
	 :: Pass failed on irg 'r_func_10'
	 :: Pass failed on irg 'r_func_17'
	 :: Pass failed on irg 'r_func_84'
	 :: Pass failed on irg 'r_func_83'
	 :: Pass failed on irg 'r_func_73'
	 :: Pass failed on irg 'r_func_35'
	 :: Pass failed on irg 'r_func_55'
	 :: Pass failed on irg 'r_func_72' -- No improvement
	# of nodes: 			10657
	# of irgs: 				101
	# of cf manipulations: 	625
	# of memory operations: 2137
	# of types: 			2890



Using pass: pass_libfirm_construct_confirms
	 :: Pass failed on irg 'r_func_82'
	 :: Pass failed on irg 'r_func_15'
	 :: Pass failed on irg 'r_func_97'
	 :: Pass failed on irg 'r_func_62'
	 :: Pass failed on irg 'r_func_88'
	 :: Pass failed on irg 'r_func_5'
	 :: Pass failed on irg 'r_func_37'
	 :: Pass failed on irg 'r_func_81'
	 :: Pass failed on irg 'r_func_25'
	 :: Pass failed on irg 'r_func_22'
	 :: Pass failed on irg 'r_func_28'
	 :: Pass failed on irg 'r_func_79'
	 :: Pass failed on irg 'r_func_17'
	 :: Pass failed on irg 'r_func_72'
	 :: Pass failed on irg 'r_func_71'
	 :: Pass failed on irg 'r_func_3'
	 :: Pass failed on irg 'r_func_57'
	 :: Pass failed on irg 'r_func_11'
	 :: Pass failed on irg 'r_func_83'
	 :: Pass failed on irg 'r_func_51'
	 :: Pass failed on irg 'r_func_68'
	 :: Pass failed on irg 'r_func_72'
	 :: Pass failed on irg 'r_func_84'
	 :: Pass failed on irg 'r_func_70'
	 :: Pass failed on irg 'r_func_88'
	 :: Pass failed on irg 'r_func_77'
	 :: Pass failed on irg 'r_func_17'
	 :: Pass failed on irg 'r_func_31'
	 :: Pass failed on irg 'r_func_56'
	 :: Pass failed on irg 'r_func_65'
	 :: Pass failed on irg 'r_func_12'
	 :: Pass failed on irg 'r_func_62'
	 :: Pass failed on irg 'r_func_89'
	 :: Pass failed on irg 'r_func_19'
	 :: Pass failed on irg 'r_func_68'
	 :: Pass failed on irg 'r_func_79'
	 :: Pass failed on irg 'r_func_22'
	 :: Pass failed on irg 'r_func_74'
	 :: Pass failed on irg 'r_func_41'
	 :: Pass failed on irg 'r_func_27'
	 :: Pass failed on irg 'r_func_85'
	 :: Pass failed on irg 'r_func_32'
	 :: Pass failed on irg 'r_func_97'
	 :: Pass failed on irg 'r_func_39'
	 :: Pass failed on irg 'r_func_94'
	 :: Pass failed on irg 'r_func_96'
	 :: Pass failed on irg 'r_func_16'
	 :: Pass failed on irg 'r_func_64'
	 :: Pass failed on irg 'r_func_4'
	 :: Pass failed on irg 'r_func_14'
	 :: Pass failed on irg 'r_func_37'
	 :: Pass failed on irg 'r_func_66'
	 :: Pass failed on irg 'r_func_90'
	 :: Pass failed on irg 'r_func_92'
	 :: Pass failed on irg 'r_func_2'
	 :: Pass failed on irg 'r_func_9'
	 :: Pass failed on irg '_main'
	 :: Pass failed on irg 'r_func_81'
	 :: Pass failed on irg 'main'
	 :: Pass failed on irg 'r_func_87'
	 :: Pass failed on irg 'r_func_38'
	 :: Pass failed on irg 'r_func_69'
	 :: Pass failed on irg 'r_func_25'
	 :: Pass failed on irg 'r_func_53'
	 :: Pass failed on irg 'r_func_90'
	 :: Pass failed on irg 'r_func_30'
	 :: Pass failed on irg 'r_func_60'
	 :: Pass failed on irg 'r_func_16'
	 :: Pass failed on irg 'r_func_34'
	 :: Pass failed on irg 'r_func_96'
	 :: Pass failed on irg 'r_func_65'
	 :: Pass failed on irg 'r_func_82'
	 :: Pass failed on irg 'r_func_1'
	 :: Pass failed on irg 'r_func_2'
	 :: Pass failed on irg 'r_func_82'
	 :: Pass failed on irg 'r_func_6'
	 :: Pass failed on irg 'r_func_19'
	 :: Pass failed on irg 'r_func_81'
	 :: Pass failed on irg 'r_func_56'
	 :: Pass failed on irg 'r_func_41'
	 :: Pass failed on irg 'r_func_26'
	 :: Pass failed on irg 'r_func_46'
	 :: Pass failed on irg 'r_func_49'
	 :: Pass failed on irg 'r_func_94'
	 :: Pass failed on irg 'r_func_16'
	 :: Pass failed on irg 'r_func_17'
	 :: Pass failed on irg 'r_func_27'
	 :: Pass failed on irg 'r_func_83'
	 :: Pass failed on irg 'r_func_54'
	 :: Pass failed on irg 'r_func_72'
	 :: Pass failed on irg 'r_func_77'
	 :: Pass failed on irg 'r_func_52'
	 :: Pass failed on irg 'r_func_57'
	 :: Pass failed on irg 'r_func_76'
	 :: Pass failed on irg 'r_func_7'
	 :: Pass failed on irg 'r_func_2'
	 :: Pass failed on irg 'r_func_70'
	 :: Pass failed on irg 'r_func_81'
	 :: Pass failed on irg 'r_func_85'
	 :: Pass failed on irg 'r_func_50'
	 :: Pass failed on irg 'r_func_28'
	 :: Pass failed on irg 'r_func_82'
	 :: Pass failed on irg 'r_func_85'
	 :: Pass failed on irg 'r_func_8'
	 :: Pass failed on irg 'r_func_53'