2018-08-23 19:44:33 -- Firmreduce -- Results

Initial Test-case size:
	# of nodes: 			13343
	# of irgs: 				101
	# of cf manipulations: 	755
	# of memory operations: 2171
	# of types: 			2578


Using pass: pass_replace_arithmetic -- Successful
	# of nodes: 			8622
	# of irgs: 				101
	# of cf manipulations: 	525
	# of memory operations: 1869
	# of types: 			2578



Using pass: pass_libfirm_do_loop_unrolling -- No improvement
	# of nodes: 			8622
	# of irgs: 				101
	# of cf manipulations: 	525
	# of memory operations: 1869
	# of types: 			2578



Using pass: pass_gc_irgs_primitive
	 :: interestingness test failed on irg 'r_func_26'
	 :: interestingness test failed on irg 'r_func_77'
	 :: interestingness test failed on irg 'r_func_74'
	 :: interestingness test failed on irg 'r_func_81'
	 :: interestingness test failed on irg 'r_func_21'
	 :: interestingness test failed on irg 'r_func_89'
	 :: interestingness test failed on irg 'r_func_58'
	 :: interestingness test failed on irg 'r_func_14'
	 :: interestingness test failed on irg 'r_func_97'
	 :: interestingness test failed on irg 'r_func_47'
	 :: interestingness test failed on irg 'r_func_27'
	 :: interestingness test failed on irg 'r_func_64'
	 :: interestingness test failed on irg 'r_func_62'
	 :: interestingness test failed on irg 'r_func_84'
	 :: interestingness test failed on irg 'r_func_57'
	 :: interestingness test failed on irg 'r_func_87'
	 :: interestingness test failed on irg 'r_func_23'
	 :: interestingness test failed on irg 'r_func_62'
	 :: interestingness test failed on irg 'r_func_89'
	 :: interestingness test failed on irg 'r_func_77'
	 :: interestingness test failed on irg 'r_func_68'
	 :: interestingness test failed on irg 'r_func_72'
	 :: interestingness test failed on irg 'r_func_77'
	 :: interestingness test failed on irg 'r_func_3'
	 :: interestingness test failed on irg 'r_func_5'
	 :: interestingness test failed on irg 'r_func_68'
	 :: interestingness test failed on irg 'r_func_57'
	 :: interestingness test failed on irg 'r_func_2'
	 :: interestingness test failed on irg 'r_func_85'
	 :: interestingness test failed on irg 'r_func_58'
	 :: interestingness test failed on irg 'r_func_41'
	 :: interestingness test failed on irg 'r_func_74'
	 :: interestingness test failed on irg 'r_func_98'
	 :: interestingness test failed on irg 'r_func_30'
	 :: interestingness test failed on irg 'r_func_9'
	 :: interestingness test failed on irg 'r_func_32'
	 :: interestingness test failed on irg 'r_func_95'
	 :: interestingness test failed on irg 'r_func_88'
	 :: interestingness test failed on irg 'r_func_82'
	 :: interestingness test failed on irg 'r_func_53'
	 :: interestingness test failed on irg 'r_func_41'
	 :: interestingness test failed on irg 'r_func_51'
	 :: interestingness test failed on irg 'r_func_51'
	 :: interestingness test failed on irg 'r_func_64'
	 :: interestingness test failed on irg 'r_func_8'
	 :: interestingness test failed on irg 'r_func_76'
	 :: interestingness test failed on irg 'r_func_94'
	 :: interestingness test failed on irg 'r_func_64'
	 :: interestingness test failed on irg 'r_func_33'
	 :: interestingness test failed on irg 'r_func_11'
	 :: interestingness test failed on irg 'r_func_74'
	 :: interestingness test failed on irg 'r_func_64'
	 :: interestingness test failed on irg 'r_func_5'
	 :: interestingness test failed on irg 'r_func_28'
	 :: interestingness test failed on irg 'r_func_87'
	 :: interestingness test failed on irg 'r_func_84'
	 :: interestingness test failed on irg 'r_func_89'
	 :: interestingness test failed on irg 'r_func_32'
	 :: interestingness test failed on irg 'r_func_92'
	 :: interestingness test failed on irg 'r_func_93'
	 :: interestingness test failed on irg 'r_func_23'
	 :: interestingness test failed on irg 'r_func_35'
	 :: interestingness test failed on irg 'r_func_98'
	 :: interestingness test failed on irg 'r_func_30'
	 :: interestingness test failed on irg 'r_func_53'
	 :: interestingness test failed on irg 'r_func_1'
	 :: interestingness test failed on irg 'r_func_37'
	 :: interestingness test failed on irg 'r_func_21'
	 :: interestingness test failed on irg 'r_func_33'
	 :: interestingness test failed on irg 'r_func_30'
	 :: interestingness test failed on irg 'r_func_72'
	 :: interestingness test failed on irg 'r_func_91'
	 :: interestingness test failed on irg 'r_func_37'
	 :: interestingness test failed on irg 'r_func_21'
	 :: interestingness test failed on irg 'r_func_20'
	 :: interestingness test failed on irg 'r_func_82'
	 :: interestingness test failed on irg 'r_func_37'
	 :: interestingness test failed on irg 'r_func_47'
	 :: interestingness test failed on irg 'r_func_40'
	 :: interestingness test failed on irg 'r_func_3'
	 :: interestingness test failed on irg 'r_func_74'
	 :: interestingness test failed on irg 'r_func_48'
	 :: interestingness test failed on irg 'r_func_70'
	 :: interestingness test failed on irg 'r_func_23'
	 :: interestingness test failed on irg 'r_func_92'
	 :: interestingness test failed on irg 'r_func_29'
	 :: interestingness test failed on irg 'r_func_36'
	 :: interestingness test failed on irg 'r_func_82'
	 :: interestingness test failed on irg 'r_func_40'
	 :: interestingness test failed on irg 'r_func_57'
	 :: interestingness test failed on irg 'r_func_13'
	 :: interestingness test failed on irg 'r_func_48'
	 :: interestingness test failed on irg 'r_func_3'
	 :: interestingness test failed on irg 'r_func_74'
	 :: interestingness test failed on irg 'r_func_1'
	 :: interestingness test failed on irg 'r_func_40'
	 :: interestingness test failed on irg 'r_func_57'
	 :: interestingness test failed on irg 'r_func_37'
	 :: interestingness test failed on irg 'r_func_91'
	 :: interestingness test failed on irg 'r_func_65'
	 :: interestingness test failed on irg 'r_func_11'
	 :: interestingness test failed on irg 'r_func_76'
	 :: interestingness test failed on irg 'r_func_97'
	 :: interestingness test failed on irg 'r_func_97'
	 :: interestingness test failed on irg 'r_func_72'
	 :: interestingness test failed on irg 'r_func_25'
	 :: interestingness test failed on irg 'r_func_53'
	 :: interestingness test failed on irg 'r_func_89'
	 :: interestingness test failed on irg 'r_func_13'
	 :: interestingness test failed on irg 'r_func_76'
	 :: interestingness test failed on irg 'r_func_76'
	 :: interestingness test failed on irg 'r_func_82'
	 :: interestingness test failed on irg 'r_func_20'
	 :: interestingness test failed on irg 'r_func_90'
	 :: interestingness test failed on irg 'r_func_74'
	 :: interestingness test failed on irg 'r_func_29'
	 :: interestingness test failed on irg 'r_func_91'
	 :: interestingness test failed on irg 'r_func_4'
	 :: interestingness test failed on irg 'r_func_98'
	 :: interestingness test failed on irg 'r_func_76'
	 :: interestingness test failed on irg 'r_func_59'
	 :: interestingness test failed on irg 'r_func_81'
	 :: interestingness test failed on irg 'r_func_23'
	 :: interestingness test failed on irg 'r_func_17'
	 :: interestingness test failed on irg 'r_func_70'
	 :: interestingness test failed on irg 'r_func_64'
	 :: interestingness test failed on irg 'r_func_66'
	 :: interestingness test failed on irg 'r_func_97'
	 :: interestingness test failed on irg 'r_func_64'
	 :: interestingness test failed on irg 'r_func_25'
	 :: interestingness test failed on irg 'r_func_74'
	 :: interestingness test failed on irg 'r_func_3'
	 :: interestingness test failed on irg 'r_func_68'
	 :: interestingness test failed on irg 'r_func_27'
	 :: interestingness test failed on irg 'r_func_48'
	 :: interestingness test failed on irg 'r_func_47'
	 :: interestingness test failed on irg 'r_func_48'
	 :: interestingness test failed on irg 'r_func_76'
	 :: interestingness test failed on irg 'r_func_68'
	 :: interestingness test failed on irg 'r_func_47'
	 :: interestingness test failed on irg 'r_func_65'
	 :: interestingness test failed on irg 'r_func_3'
	 :: interestingness test failed on irg 'r_func_65'
	 :: interestingness test failed on irg 'r_func_66'
	 :: interestingness test failed on irg 'r_func_1'
	 :: interestingness test failed on irg 'r_func_11'
	 :: interestingness test failed on irg 'r_func_59'
	 :: interestingness test failed on irg 'r_func_57'
	 :: interestingness test failed on irg 'r_func_11'
	 :: interestingness test failed on irg 'r_func_64'
	 :: interestingness test failed on irg 'r_func_23'
	 :: interestingness test failed on irg 'r_func_2'
	 :: interestingness test failed on irg 'r_func_36'
	 :: interestingness test failed on irg 'r_func_82'
	 :: interestingness test failed on irg 'r_func_53'
	 :: interestingness test failed on irg 'r_func_66'
	 :: interestingness test failed on irg 'r_func_14'
	 :: interestingness test failed on irg 'r_func_82'
	 :: interestingness test failed on irg 'r_func_82'
	 :: interestingness test failed on irg 'r_func_54'
	 :: interestingness test failed on irg 'r_func_6'
	 :: interestingness test failed on irg 'r_func_92'
	 :: interestingness test failed on irg 'r_func_77'
	 :: interestingness test failed on irg 'r_func_66'
	 :: interestingness test failed on irg 'r_func_47'
	 :: interestingness test failed on irg 'r_func_15'
	 :: interestingness test failed on irg 'r_func_29'
	 :: interestingness test failed on irg 'r_func_1'
	 :: interestingness test failed on irg 'r_func_40'
	 :: interestingness test failed on irg 'r_func_70'
	 :: interestingness test failed on irg 'r_func_47'
	 :: interestingness test failed on irg 'r_func_32'
	 :: interestingness test failed on irg 'r_func_53'
	 :: interestingness test failed on irg 'r_func_17'
	 :: interestingness test failed on irg 'r_func_1'
	 :: interestingness test failed on irg 'r_func_95'
	 :: interestingness test failed on irg 'r_func_64'
	 :: interestingness test failed on irg 'r_func_20'
	 :: interestingness test failed on irg 'r_func_15'
	 :: interestingness test failed on irg 'r_func_90'
	 :: interestingness test failed on irg 'r_func_23'
	 :: interestingness test failed on irg 'r_func_66'
	 :: interestingness test failed on irg 'r_func_97'
	 :: interestingness test failed on irg 'r_func_60'
	 :: interestingness test failed on irg 'r_func_51'
	 :: interestingness test failed on irg 'r_func_15'
	 :: interestingness test failed on irg 'r_func_95'
	 :: interestingness test failed on irg 'r_func_3'
	 :: interestingness test failed on irg 'r_func_20'
	 :: interestingness test failed on irg 'r_func_1'
	 :: interestingness test failed on irg 'r_func_29'
	 :: interestingness test failed on irg 'r_func_48'
	 :: interestingness test failed on irg 'r_func_27'
	 :: interestingness test failed on irg 'r_func_2'
	 :: interestingness test failed on irg 'r_func_59'
	 :: interestingness test failed on irg 'r_func_84'
	 :: interestingness test failed on irg 'r_func_95'
	 :: interestingness test failed on irg 'r_func_15'
	 :: interestingness test failed on irg 'r_func_32'
	 :: interestingness test failed on irg 'r_func_51'
	 :: interestingness test failed on irg 'r_func_30'
	 :: interestingness test failed on irg 'r_func_62'
	 :: interestingness test failed on irg 'r_func_94'
	 :: interestingness test failed on irg 'r_func_20'
	 :: interestingness test failed on irg 'r_func_95'
	 :: interestingness test failed on irg 'r_func_17'
	 :: interestingness test failed on irg 'r_func_15'
	 :: interestingness test failed on irg 'r_func_66'
	 :: interestingness test failed on irg 'r_func_2'
	 :: interestingness test failed on irg 'r_func_93'
	 :: interestingness test failed on irg 'r_func_72'
	 :: interestingness test failed on irg 'r_func_32'
	 :: interestingness test failed on irg 'r_func_84'
	 :: interestingness test failed on irg 'r_func_98'
	 :: interestingness test failed on irg 'r_func_28'
	 :: interestingness test failed on irg 'r_func_87'
	 :: interestingness test failed on irg 'r_func_40'
	 :: interestingness test failed on irg 'r_func_5'
	 :: interestingness test failed on irg 'r_func_25'
	 :: interestingness test failed on irg 'r_func_33'
	 :: interestingness test failed on irg 'r_func_5'
	 :: interestingness test failed on irg 'r_func_25'
	 :: interestingness test failed on irg 'r_func_25'
	 :: interestingness test failed on irg 'r_func_53'
	 :: interestingness test failed on irg 'r_func_5'
	 :: interestingness test failed on irg 'r_func_2'
	 :: interestingness test failed on irg 'r_func_64'
	 :: interestingness test failed on irg 'r_func_33'
	 :: interestingness test failed on irg 'r_func_91'
	 :: interestingness test failed on irg 'r_func_99'
	 :: interestingness test failed on irg 'r_func_40'
	 :: interestingness test failed on irg 'r_func_33'
	 :: interestingness test failed on irg 'r_func_48'
	 :: interestingness test failed on irg 'r_func_1'
	 :: interestingness test failed on irg 'r_func_17'
	 :: interestingness test failed on irg 'r_func_94'
	 :: interestingness test failed on irg 'r_func_94'
	 :: interestingness test failed on irg 'r_func_32'
	 :: interestingness test failed on irg 'r_func_87'
	 :: interestingness test failed on irg 'r_func_58'
	 :: interestingness test failed on irg 'r_func_48'
	 :: interestingness test failed on irg 'r_func_33'
	 :: interestingness test failed on irg 'r_func_29'
	 :: interestingness test failed on irg 'r_func_36'
	 :: interestingness test failed on irg 'r_func_47'
	 :: interestingness test failed on irg 'r_func_93'
	 :: interestingness test failed on irg 'r_func_65'
	 :: interestingness test failed on irg 'r_func_58'
	 :: interestingness test failed on irg 'r_func_27'
	 :: interestingness test failed on irg 'r_func_18'
	 :: interestingness test failed on irg 'r_func_2'
	 :: interestingness test failed on irg 'r_func_64'
	 :: interestingness test failed on irg 'r_func_29'
	 :: interestingness test failed on irg 'r_func_1'
	 :: interestingness test failed on irg 'r_func_40'
	 :: interestingness test failed on irg 'r_func_2'
	 :: interestingness test failed on irg 'r_func_47'
	 :: interestingness test failed on irg 'r_func_54'
	 :: interestingness test failed on irg 'r_func_92'
	 :: interestingness test failed on irg 'r_func_82'
	 :: interestingness test failed on irg 'r_func_40'
	 :: interestingness test failed on irg 'r_func_15'
	 :: interestingness test failed on irg 'r_func_25'
	 :: interestingness test failed on irg 'r_func_87'
	 :: interestingness test failed on irg 'r_func_33'
	 :: interestingness test failed on irg 'r_func_91'
	 :: interestingness test failed on irg 'r_func_95'
	 :: interestingness test failed on irg 'r_func_53'
	 :: interestingness test failed on irg 'r_func_41'
	 :: interestingness test failed on irg 'r_func_15'
	 :: interestingness test failed on irg 'r_func_15'
	 :: interestingness test failed on irg 'r_func_32'
	 :: interestingness test failed on irg 'r_func_17'
	 :: interestingness test failed on irg 'r_func_23'
	 :: interestingness test failed on irg 'r_func_5'
	 :: interestingness test failed on irg 'r_func_67'
	 :: interestingness test failed on irg 'r_func_93'
	 :: interestingness test failed on irg 'r_func_90'
	 :: interestingness test failed on irg 'r_func_64'
	 :: interestingness test failed on irg 'r_func_82'
	 :: interestingness test failed on irg 'r_func_92'
	 :: interestingness test failed on irg 'r_func_15'
	 :: interestingness test failed on irg 'r_func_67'
	 :: interestingness test failed on irg 'r_func_47'
	 :: interestingness test failed on irg 'r_func_82'
	 :: interestingness test failed on irg 'r_func_99'
	 :: interestingness test failed on irg 'r_func_14'
	 :: interestingness test failed on irg 'r_func_29'
	 :: interestingness test failed on irg 'r_func_98'
	 :: interestingness test failed on irg 'r_func_76'
	 :: interestingness test failed on irg 'r_func_35'
	 :: interestingness test failed on irg 'r_func_4'
	 :: interestingness test failed on irg 'r_func_53'
	 :: interestingness test failed on irg 'r_func_97'
	 :: interestingness test failed on irg 'r_func_53'
	 :: interestingness test failed on irg 'r_func_90'
	 :: interestingness test failed on irg 'r_func_92'
	 :: interestingness test failed on irg 'r_func_47'
	 :: interestingness test failed on irg 'r_func_94'
	 :: interestingness test failed on irg 'r_func_35'
	 :: interestingness test failed on irg 'r_func_4'
	 :: interestingness test failed on irg 'r_func_98'
	 :: interestingness test failed on irg 'r_func_6'
	 :: interestingness test failed on irg 'r_func_47'
	 :: interestingness test failed on irg 'r_func_72'
	 :: interestingness test failed on irg 'r_func_28'
	 :: interestingness test failed on irg 'r_func_28'
	 :: interestingness test failed on irg 'r_func_33'
	 :: interestingness test failed on irg 'r_func_76'
	 :: interestingness test failed on irg 'r_func_4'
	 :: interestingness test failed on irg 'r_func_86'
	 :: interestingness test failed on irg 'r_func_70'
	 :: interestingness test failed on irg 'r_func_20'
	 :: interestingness test failed on irg 'r_func_36'
	 :: interestingness test failed on irg 'r_func_67'
	 :: interestingness test failed on irg 'r_func_65'
	 :: interestingness test failed on irg 'r_func_95'
	 :: interestingness test failed on irg 'r_func_65'
	 :: interestingness test failed on irg 'r_func_82'
	 :: interestingness test failed on irg 'r_func_29'
	 :: interestingness test failed on irg 'r_func_48'
	 :: interestingness test failed on irg 'r_func_53'
	 :: interestingness test failed on irg 'r_func_87'
	 :: interestingness test failed on irg 'r_func_41'
	 :: interestingness test failed on irg 'r_func_20'
	 :: interestingness test failed on irg 'r_func_87'
	 :: interestingness test failed on irg 'r_func_36'
	 :: interestingness test failed on irg 'r_func_23'
	 :: interestingness test failed on irg 'r_func_94'
	 :: interestingness test failed on irg 'r_func_99'
	 :: interestingness test failed on irg 'r_func_67'
	 :: interestingness test failed on irg 'r_func_76'
	 :: interestingness test failed on irg 'r_func_4'
	 :: interestingness test failed on irg 'r_func_72'
	 :: interestingness test failed on irg 'r_func_6'
	 :: interestingness test failed on irg 'r_func_67'
	 :: interestingness test failed on irg 'r_func_86'
	 :: interestingness test failed on irg 'r_func_99'
	 :: interestingness test failed on irg 'r_func_97'
	 :: interestingness test failed on irg 'r_func_90'
	 :: interestingness test failed on irg 'r_func_67'
	 :: interestingness test failed on irg 'r_func_5'
	 :: interestingness test failed on irg 'r_func_28'
	 :: interestingness test failed on irg 'r_func_65'
	 :: interestingness test failed on irg 'r_func_5'
	 :: interestingness test failed on irg 'r_func_35'
	 :: interestingness test failed on irg 'r_func_90'
	 :: interestingness test failed on irg 'r_func_67'
	 :: interestingness test failed on irg 'r_func_33'
	 :: interestingness test failed on irg 'r_func_99'
	 :: interestingness test failed on irg 'r_func_20'
	 :: interestingness test failed on irg 'r_func_53'
	 :: interestingness test failed on irg 'r_func_29'
	 :: interestingness test failed on irg 'r_func_37'
	 :: interestingness test failed on irg 'r_func_53'
	 :: interestingness test failed on irg 'r_func_15'
	 :: interestingness test failed on irg 'r_func_15'
	 :: interestingness test failed on irg 'r_func_5'
	 :: interestingness test failed on irg 'r_func_62'
	 :: interestingness test failed on irg 'r_func_29'
	 :: interestingness test failed on irg 'r_func_67'
	 :: interestingness test failed on irg 'r_func_30'
	 :: interestingness test failed on irg 'r_func_25'
	 :: interestingness test failed on irg 'r_func_28'
	 :: interestingness test failed on irg 'r_func_64'
	 :: interestingness test failed on irg 'r_func_86'
	 :: interestingness test failed on irg 'r_func_23'
	 :: interestingness test failed on irg 'r_func_20'
	 :: interestingness test failed on irg 'r_func_15'
	 :: interestingness test failed on irg 'r_func_87'
	 :: interestingness test failed on irg 'r_func_48'
	 :: interestingness test failed on irg 'r_func_97'
	 :: interestingness test failed on irg 'r_func_86'
	 :: interestingness test failed on irg 'r_func_40'
	 :: interestingness test failed on irg 'r_func_33'
	 :: interestingness test failed on irg 'r_func_48'
	 :: interestingness test failed on irg 'r_func_28'
	 :: interestingness test failed on irg 'r_func_1'
	 :: interestingness test failed on irg 'r_func_64'
	 :: interestingness test failed on irg 'r_func_92'
	 :: interestingness test failed on irg 'r_func_25'
	 :: interestingness test failed on irg 'r_func_29'
	 :: interestingness test failed on irg 'r_func_95'
	 :: interestingness test failed on irg 'r_func_25'
	 :: interestingness test failed on irg 'r_func_15'
	 :: interestingness test failed on irg 'r_func_68'
	 :: interestingness test failed on irg 'r_func_33'
	 :: interestingness test failed on irg 'r_func_94'
	 :: interestingness test failed on irg 'r_func_97'
	 :: interestingness test failed on irg 'r_func_25'
	 :: interestingness test failed on irg 'r_func_25'
	 :: interestingness test failed on irg 'r_func_87'
	 :: interestingness test failed on irg 'r_func_11'
	 :: interestingness test failed on irg 'r_func_94'
	 :: interestingness test failed on irg 'r_func_30'
	 :: interestingness test failed on irg 'r_func_27'
	 :: interestingness test failed on irg 'r_func_1'
	 :: interestingness test failed on irg 'r_func_87'
	 :: interestingness test failed on irg 'r_func_2'
	 :: interestingness test failed on irg 'r_func_90'
	 :: interestingness test failed on irg 'r_func_36'
	 :: interestingness test failed on irg 'r_func_30'
	 :: interestingness test failed on irg 'r_func_99'
	 :: interestingness test failed on irg 'r_func_36'
	 :: interestingness test failed on irg 'r_func_95'
	 :: interestingness test failed on irg 'r_func_90'
	 :: interestingness test failed on irg 'r_func_5'
	 :: interestingness test failed on irg 'r_func_15'
	 :: interestingness test failed on irg 'r_func_93'
	 :: interestingness test failed on irg 'r_func_87'
	 :: interestingness test failed on irg 'r_func_53'
	 :: interestingness test failed on irg 'r_func_15'
	 :: interestingness test failed on irg 'r_func_93'
	 :: interestingness test failed on irg 'r_func_87'
	 :: interestingness test failed on irg 'r_func_32'
	 :: interestingness test failed on irg 'r_func_40'
	 :: interestingness test failed on irg 'r_func_18'
	 :: interestingness test failed on irg 'r_func_87'
	 :: interestingness test failed on irg 'r_func_6'
	 :: interestingness test failed on irg 'r_func_23'
	 :: interestingness test failed on irg 'r_func_92'
	 :: interestingness test failed on irg 'r_func_1'
	 :: interestingness test failed on irg 'r_func_90'
	 :: interestingness test failed on irg 'r_func_37'
	 :: interestingness test failed on irg 'r_func_64'
	 :: interestingness test failed on irg 'r_func_53'
	 :: interestingness test failed on irg 'r_func_1'
	 :: interestingness test failed on irg 'r_func_37'
	 :: interestingness test failed on irg 'r_func_41'
	 :: interestingness test failed on irg 'r_func_30'
	 :: interestingness test failed on irg 'r_func_40'
	 :: interestingness test failed on irg 'r_func_72'
	 :: interestingness test failed on irg 'r_func_36'
	 :: interestingness test failed on irg 'r_func_94'
	 :: interestingness test failed on irg 'r_func_86'
	 :: interestingness test failed on irg 'r_func_99'
	 :: interestingness test failed on irg 'r_func_47'
	 :: interestingness test failed on irg 'r_func_23' -- Successful
	# of nodes: 			3600
	# of irgs: 				41
	# of cf manipulations: 	240
	# of memory operations: 750
	# of types: 			2578



Using pass: pass_gc_irgs
	 :: Pass failed on irg 'r_func_6'
	 :: Pass failed on irg 'r_func_90'
	 :: Pass failed on irg 'r_func_18'
	 :: Pass failed on irg 'r_func_95'
	 :: Pass failed on irg 'r_func_11'
	 :: Pass failed on irg 'r_func_18'
	 :: Pass failed on irg 'r_func_27'
	 :: Pass failed on irg 'r_func_5'
	 :: Pass failed on irg 'r_func_6'
	 :: Pass failed on irg 'r_func_20'
	 :: Pass failed on irg 'r_func_5'
	 :: Pass failed on irg 'r_func_2'
	 :: Pass failed on irg 'r_func_37' -- Successful
	# of nodes: 			124
	# of irgs: 				2
	# of cf manipulations: 	10
	# of memory operations: 22
	# of types: 			2578



Using pass: pass_libfirm_optimize_reassociation -- No improvement
	# of nodes: 			124
	# of irgs: 				2
	# of cf manipulations: 	10
	# of memory operations: 22
	# of types: 			2578



Using pass: pass_gc_irgs_primitive -- Successful
	# of nodes: 			7
	# of irgs: 				1
	# of cf manipulations: 	2
	# of memory operations: 0
	# of types: 			2578



Using pass: pass_libfirm_scalar_replacement_opt -- No improvement
	# of nodes: 			7
	# of irgs: 				1
	# of cf manipulations: 	2
	# of memory operations: 0
	# of types: 			2578



Using pass: pass_remove_stores -- No improvement
	# of nodes: 			7
	# of irgs: 				1
	# of cf manipulations: 	2
	# of memory operations: 0
	# of types: 			2578



Using pass: pass_remove_void_calls -- No improvement
	# of nodes: 			7
	# of irgs: 				1
	# of cf manipulations: 	2
	# of memory operations: 0
	# of types: 			2578



Using pass: pass_libfirm_optimize_load_store -- No improvement
	# of nodes: 			7
	# of irgs: 				1
	# of cf manipulations: 	2
	# of memory operations: 0
	# of types: 			2578



Using pass: pass_libfirm_opt_ldst
	 :: Pass failed on irg 'main' -- No improvement
	# of nodes: 			7
	# of irgs: 				1
	# of cf manipulations: 	2
	# of memory operations: 0
	# of types: 			2578



Using pass: pass_libfirm_opt_funccalls -- No improvement
	# of nodes: 			7
	# of irgs: 				1
	# of cf manipulations: 	2
	# of memory operations: 0
	# of types: 			2578



Using pass: pass_remove_allocs -- No improvement
	# of nodes: 			7
	# of irgs: 				1
	# of cf manipulations: 	2
	# of memory operations: 0
	# of types: 			2578



Using pass: pass_simplify_consts -- No improvement
	# of nodes: 			7
	# of irgs: 				1
	# of cf manipulations: 	2
	# of memory operations: 0
	# of types: 			2578



Using pass: pass_libfirm_gvn_pre -- No improvement
	# of nodes: 			7
	# of irgs: 				1
	# of cf manipulations: 	2
	# of memory operations: 0
	# of types: 			2578



Using pass: pass_replace_members -- No improvement
	# of nodes: 			7
	# of irgs: 				1
	# of cf manipulations: 	2
	# of memory operations: 0
	# of types: 			2578



Using pass: pass_libfirm_opt_ldst
	 :: Pass failed on irg 'main' -- No improvement
	# of nodes: 			7
	# of irgs: 				1
	# of cf manipulations: 	2
	# of memory operations: 0
	# of types: 			2578



Using pass: pass_replace_loads -- No improvement
	# of nodes: 			7
	# of irgs: 				1
	# of cf manipulations: 	2
	# of memory operations: 0
	# of types: 			2578



Using pass: pass_replace_mux_selectors -- No improvement
	# of nodes: 			7
	# of irgs: 				1
	# of cf manipulations: 	2
	# of memory operations: 0
	# of types: 			2578



Using pass: pass_libfirm_conv_opt -- No improvement
	# of nodes: 			7
	# of irgs: 				1
	# of cf manipulations: 	2
	# of memory operations: 0
	# of types: 			2578



Using pass: pass_libfirm_do_loop_inversion -- No improvement
	# of nodes: 			7
	# of irgs: 				1
	# of cf manipulations: 	2
	# of memory operations: 0
	# of types: 			2578



Using pass: pass_simplify_consts -- No improvement
	# of nodes: 			7
	# of irgs: 				1
	# of cf manipulations: 	2
	# of memory operations: 0
	# of types: 			2578



Using pass: pass_libfirm_opt_bool -- No improvement
	# of nodes: 			7
	# of irgs: 				1
	# of cf manipulations: 	2
	# of memory operations: 0
	# of types: 			2578



Using pass: pass_libfirm_normalize_one_return -- No improvement
	# of nodes: 			7
	# of irgs: 				1
	# of cf manipulations: 	2
	# of memory operations: 0
	# of types: 			2578



Using pass: pass_remove_stores -- No improvement
	# of nodes: 			7
	# of irgs: 				1
	# of cf manipulations: 	2
	# of memory operations: 0
	# of types: 			2578



Using pass: pass_gc_irgs -- No improvement
	# of nodes: 			7
	# of irgs: 				1
	# of cf manipulations: 	2
	# of memory operations: 0
	# of types: 			2578



Using pass: pass_remove_allocs -- No improvement
	# of nodes: 			7
	# of irgs: 				1
	# of cf manipulations: 	2
	# of memory operations: 0
	# of types: 			2578



Using pass: pass_libfirm_remove_critical_cf_edges -- No improvement
	# of nodes: 			7
	# of irgs: 				1
	# of cf manipulations: 	2
	# of memory operations: 0
	# of types: 			2578



Using pass: pass_libfirm_conv_opt -- No improvement
	# of nodes: 			7
	# of irgs: 				1
	# of cf manipulations: 	2
	# of memory operations: 0
	# of types: 			2578



Using pass: pass_libfirm_occult_consts -- No improvement
	# of nodes: 			7
	# of irgs: 				1
	# of cf manipulations: 	2
	# of memory operations: 0
	# of types: 			2578



Using pass: pass_libfirm_conv_opt -- No improvement
	# of nodes: 			7
	# of irgs: 				1
	# of cf manipulations: 	2
	# of memory operations: 0
	# of types: 			2578



Using pass: pass_libfirm_opt_ldst
	 :: Pass failed on irg 'main' -- No improvement
	# of nodes: 			7
	# of irgs: 				1
	# of cf manipulations: 	2
	# of memory operations: 0
	# of types: 			2578



Using pass: pass_remove_void_calls -- No improvement
	# of nodes: 			7
	# of irgs: 				1
	# of cf manipulations: 	2
	# of memory operations: 0
	# of types: 			2578



Using pass: pass_libfirm_opt_bool -- No improvement
	# of nodes: 			7
	# of irgs: 				1
	# of cf manipulations: 	2
	# of memory operations: 0
	# of types: 			2578



Using pass: pass_libfirm_gvn_pre -- No improvement
	# of nodes: 			7
	# of irgs: 				1
	# of cf manipulations: 	2
	# of memory operations: 0
	# of types: 			2578



Using pass: pass_libfirm_do_loop_peeling -- No improvement
	# of nodes: 			7
	# of irgs: 				1
	# of cf manipulations: 	2
	# of memory operations: 0
	# of types: 			2578



Using pass: pass_libfirm_combo -- No improvement
	# of nodes: 			7
	# of irgs: 				1
	# of cf manipulations: 	2
	# of memory operations: 0
	# of types: 			2578



Using pass: pass_simplify_consts -- No improvement
	# of nodes: 			7
	# of irgs: 				1
	# of cf manipulations: 	2
	# of memory operations: 0
	# of types: 			2578



Using pass: pass_libfirm_opt_parallelize_mem -- No improvement
	# of nodes: 			7
	# of irgs: 				1
	# of cf manipulations: 	2
	# of memory operations: 0
	# of types: 			2578



Using pass: pass_replace_proj_primitive -- No improvement
	# of nodes: 			7
	# of irgs: 				1
	# of cf manipulations: 	2
	# of memory operations: 0
	# of types: 			2578



Using pass: pass_libfirm_construct_confirms -- No improvement
	# of nodes: 			7
	# of irgs: 				1
	# of cf manipulations: 	2
	# of memory operations: 0
	# of types: 			2578



Using pass: pass_libfirm_remove_tuples -- No improvement
	# of nodes: 			7
	# of irgs: 				1
	# of cf manipulations: 	2
	# of memory operations: 0
	# of types: 			2578



Using pass: pass_remove_void_calls -- No improvement
	# of nodes: 			7
	# of irgs: 				1
	# of cf manipulations: 	2
	# of memory operations: 0
	# of types: 			2578



Using pass: pass_libfirm_opt_jumpthreading -- No improvement
	# of nodes: 			7
	# of irgs: 				1
	# of cf manipulations: 	2
	# of memory operations: 0
	# of types: 			2578



Using pass: pass_gc_irgs_primitive -- No improvement
	# of nodes: 			7
	# of irgs: 				1
	# of cf manipulations: 	2
	# of memory operations: 0
	# of types: 			2578



Using pass: pass_libfirm_opt_funccalls -- No improvement
	# of nodes: 			7
	# of irgs: 				1
	# of cf manipulations: 	2
	# of memory operations: 0
	# of types: 			2578



Using pass: pass_libfirm_optimize_graph_df -- No improvement
	# of nodes: 			7
	# of irgs: 				1
	# of cf manipulations: 	2
	# of memory operations: 0
	# of types: 			2578



Using pass: pass_libfirm_remove_unreachable -- No improvement
	# of nodes: 			7
	# of irgs: 				1
	# of cf manipulations: 	2
	# of memory operations: 0
	# of types: 			2578



Using pass: pass_libfirm_conv_opt -- No improvement
	# of nodes: 			7
	# of irgs: 				1
	# of cf manipulations: 	2
	# of memory operations: 0
	# of types: 			2578



Using pass: pass_libfirm_conv_opt -- No improvement
	# of nodes: 			7
	# of irgs: 				1
	# of cf manipulations: 	2
	# of memory operations: 0
	# of types: 			2578



Using pass: pass_libfirm_occult_consts -- No improvement
	# of nodes: 			7
	# of irgs: 				1
	# of cf manipulations: 	2
	# of memory operations: 0
	# of types: 			2578



Using pass: pass_libfirm_optimize_reassociation -- No improvement
	# of nodes: 			7
	# of irgs: 				1
	# of cf manipulations: 	2
	# of memory operations: 0
	# of types: 			2578



Using pass: pass_libfirm_do_loop_unrolling -- No improvement
	# of nodes: 			7
	# of irgs: 				1
	# of cf manipulations: 	2
	# of memory operations: 0
	# of types: 			2578



Using pass: pass_replace_return_values -- No improvement
	# of nodes: 			7
	# of irgs: 				1
	# of cf manipulations: 	2
	# of memory operations: 0
	# of types: 			2578



Using pass: pass_libfirm_remove_bads -- No improvement
	# of nodes: 			7
	# of irgs: 				1
	# of cf manipulations: 	2
	# of memory operations: 0
	# of types: 			2578



Using pass: pass_libfirm_gvn_pre -- No improvement
	# of nodes: 			7
	# of irgs: 				1
	# of cf manipulations: 	2
	# of memory operations: 0
	# of types: 			2578



Using pass: pass_libfirm_opt_tail_rec -- No improvement
	# of nodes: 			7
	# of irgs: 				1
	# of cf manipulations: 	2
	# of memory operations: 0
	# of types: 			2578



Using pass: pass_replace_return_values -- No improvement
	# of nodes: 			7
	# of irgs: 				1
	# of cf manipulations: 	2
	# of memory operations: 0
	# of types: 			2578



Using pass: pass_libfirm_remove_unreachable -- No improvement
	# of nodes: 			7
	# of irgs: 				1
	# of cf manipulations: 	2
	# of memory operations: 0
	# of types: 			2578



Using pass: pass_libfirm_gvn_pre -- No improvement
	# of nodes: 			7
	# of irgs: 				1
	# of cf manipulations: 	2
	# of memory operations: 0
	# of types: 			2578



Using pass: pass_replace_switch_selectors -- No improvement
	# of nodes: 			7
	# of irgs: 				1
	# of cf manipulations: 	2
	# of memory operations: 0
	# of types: 			2578



Using pass: pass_libfirm_occult_consts -- No improvement
	# of nodes: 			7
	# of irgs: 				1
	# of cf manipulations: 	2
	# of memory operations: 0
	# of types: 			2578



Using pass: pass_check_validity -- No improvement
	# of nodes: 			7
	# of irgs: 				1
	# of cf manipulations: 	2
	# of memory operations: 0
	# of types: 			2578



Using pass: pass_libfirm_remove_bads -- No improvement
	# of nodes: 			7
	# of irgs: 				1
	# of cf manipulations: 	2
	# of memory operations: 0
	# of types: 			2578



Using pass: pass_libfirm_occult_consts -- No improvement
	# of nodes: 			7
	# of irgs: 				1
	# of cf manipulations: 	2
	# of memory operations: 0
	# of types: 			2578



Using pass: pass_gc_irgs -- No improvement
	# of nodes: 			7
	# of irgs: 				1
	# of cf manipulations: 	2
	# of memory operations: 0
	# of types: 			2578



Using pass: pass_gc_irgs_primitive -- No improvement
	# of nodes: 			7
	# of irgs: 				1
	# of cf manipulations: 	2
	# of memory operations: 0
	# of types: 			2578



Using pass: pass_libfirm_opt_bool -- No improvement
	# of nodes: 			7
	# of irgs: 				1
	# of cf manipulations: 	2
	# of memory operations: 0
	# of types: 			2578



Using pass: pass_libfirm_occult_consts -- No improvement
	# of nodes: 			7
	# of irgs: 				1
	# of cf manipulations: 	2
	# of memory operations: 0
	# of types: 			2578



Using pass: pass_remove_allocs -- No improvement
	# of nodes: 			7
	# of irgs: 				1
	# of cf manipulations: 	2
	# of memory operations: 0
	# of types: 			2578



Using pass: pass_libfirm_do_loop_inversion -- No improvement
	# of nodes: 			7
	# of irgs: 				1
	# of cf manipulations: 	2
	# of memory operations: 0
	# of types: 			2578



Using pass: pass_libfirm_opt_jumpthreading -- No improvement
	# of nodes: 			7
	# of irgs: 				1
	# of cf manipulations: 	2
	# of memory operations: 0
	# of types: 			2578



Using pass: pass_libfirm_gvn_pre -- No improvement
	# of nodes: 			7
	# of irgs: 				1
	# of cf manipulations: 	2
	# of memory operations: 0
	# of types: 			2578



Using pass: pass_libfirm_opt_bool -- No improvement
	# of nodes: 			7
	# of irgs: 				1
	# of cf manipulations: 	2
	# of memory operations: 0
	# of types: 			2578



Using pass: pass_remove_stores -- No improvement
	# of nodes: 			7
	# of irgs: 				1
	# of cf manipulations: 	2
	# of memory operations: 0
	# of types: 			2578



Using pass: pass_libfirm_opt_tail_rec -- No improvement
	# of nodes: 			7
	# of irgs: 				1
	# of cf manipulations: 	2
	# of memory operations: 0
	# of types: 			2578



Using pass: pass_replace_return_values -- No improvement
	# of nodes: 			7
	# of irgs: 				1
	# of cf manipulations: 	2
	# of memory operations: 0
	# of types: 			2578



Using pass: pass_libfirm_opt_ldst
	 :: Pass failed on irg 'main' -- No improvement
	# of nodes: 			7
	# of irgs: 				1
	# of cf manipulations: 	2
	# of memory operations: 0
	# of types: 			2578



Using pass: pass_libfirm_gvn_pre -- No improvement
	# of nodes: 			7
	# of irgs: 				1
	# of cf manipulations: 	2
	# of memory operations: 0
	# of types: 			2578



Using pass: pass_libfirm_occult_consts -- No improvement
	# of nodes: 			7
	# of irgs: 				1
	# of cf manipulations: 	2
	# of memory operations: 0
	# of types: 			2578



Using pass: pass_libfirm_opt_frame -- No improvement
	# of nodes: 			7
	# of irgs: 				1
	# of cf manipulations: 	2
	# of memory operations: 0
	# of types: 			2578



Using pass: pass_libfirm_gvn_pre -- No improvement
	# of nodes: 			7
	# of irgs: 				1
	# of cf manipulations: 	2
	# of memory operations: 0
	# of types: 			2578



Using pass: pass_libfirm_remove_critical_cf_edges -- No improvement
	# of nodes: 			7
	# of irgs: 				1
	# of cf manipulations: 	2
	# of memory operations: 0
	# of types: 			2578



Using pass: pass_libfirm_opt_blocks -- No improvement
	# of nodes: 			7
	# of irgs: 				1
	# of cf manipulations: 	2
	# of memory operations: 0
	# of types: 			2578



Using pass: pass_libfirm_remove_bads -- No improvement
	# of nodes: 			7
	# of irgs: 				1
	# of cf manipulations: 	2
	# of memory operations: 0
	# of types: 			2578



Using pass: pass_check_validity -- No improvement
	# of nodes: 			7
	# of irgs: 				1
	# of cf manipulations: 	2
	# of memory operations: 0
	# of types: 			2578



Using pass: pass_replace_return_values -- No improvement
	# of nodes: 			7
	# of irgs: 				1
	# of cf manipulations: 	2
	# of memory operations: 0
	# of types: 			2578



Using pass: pass_libfirm_opt_tail_rec -- No improvement
	# of nodes: 			7
	# of irgs: 				1
	# of cf manipulations: 	2
	# of memory operations: 0
	# of types: 			2578



Using pass: pass_libfirm_remove_tuples -- No improvement
	# of nodes: 			7
	# of irgs: 				1
	# of cf manipulations: 	2
	# of memory operations: 0
	# of types: 			2578



Using pass: pass_libfirm_optimize_graph_df -- No improvement
	# of nodes: 			7
	# of irgs: 				1
	# of cf manipulations: 	2
	# of memory operations: 0
	# of types: 			2578



Using pass: pass_libfirm_place_code -- No improvement
	# of nodes: 			7
	# of irgs: 				1
	# of cf manipulations: 	2
	# of memory operations: 0
	# of types: 			2578



Using pass: pass_gc_irgs_primitive -- No improvement
	# of nodes: 			7
	# of irgs: 				1
	# of cf manipulations: 	2
	# of memory operations: 0
	# of types: 			2578




 :: 2nd reduction cycle

Using pass: pass_gc_irgs_primitive -- Trying irg 'r_func_26' -- No improvement
Using pass: pass_gc_irgs_primitive -- Trying irg 'r_func_77' -- No improvement
Using pass: pass_gc_irgs_primitive -- Trying irg 'r_func_74' -- No improvement
Using pass: pass_gc_irgs_primitive -- Trying irg 'r_func_81' -- No improvement
Using pass: pass_gc_irgs_primitive -- Trying irg 'r_func_21' -- No improvement
Using pass: pass_gc_irgs_primitive -- Trying irg 'r_func_89' -- No improvement
Using pass: pass_gc_irgs_primitive -- Trying irg 'r_func_58' -- No improvement
Using pass: pass_gc_irgs_primitive -- Trying irg 'r_func_14' -- No improvement
Using pass: pass_gc_irgs_primitive -- Trying irg 'r_func_97' -- No improvement
Using pass: pass_gc_irgs_primitive -- Trying irg 'r_func_47' -- No improvement
Using pass: pass_gc_irgs_primitive -- Trying irg 'r_func_27' -- No improvement
Using pass: pass_gc_irgs_primitive -- Trying irg 'r_func_64' -- No improvement
Using pass: pass_gc_irgs_primitive -- Trying irg 'r_func_62' -- No improvement
Using pass: pass_gc_irgs_primitive -- Trying irg 'r_func_84' -- No improvement
Using pass: pass_gc_irgs_primitive -- Trying irg 'r_func_57' -- No improvement
Using pass: pass_gc_irgs_primitive -- Trying irg 'r_func_87' -- No improvement
Using pass: pass_gc_irgs_primitive -- Trying irg 'r_func_23' -- No improvement
Using pass: pass_gc_irgs_primitive -- Trying irg 'r_func_62' -- No improvement
Using pass: pass_gc_irgs_primitive -- Trying irg 'r_func_89' -- No improvement
Using pass: pass_gc_irgs_primitive -- Trying irg 'r_func_77' -- No improvement
Using pass: pass_gc_irgs_primitive -- Trying irg 'r_func_68' -- No improvement
Using pass: pass_gc_irgs_primitive -- Trying irg 'r_func_72' -- No improvement
Using pass: pass_gc_irgs_primitive -- Trying irg 'r_func_77' -- No improvement
Using pass: pass_gc_irgs_primitive -- Trying irg 'r_func_3' -- No improvement
Using pass: pass_gc_irgs_primitive -- Trying irg 'r_func_5' -- No improvement
Using pass: pass_gc_irgs_primitive -- Trying irg 'r_func_68' -- No improvement
Using pass: pass_gc_irgs_primitive -- Trying irg 'r_func_57' -- No improvement
Using pass: pass_gc_irgs_primitive -- Trying irg 'r_func_2' -- No improvement
Using pass: pass_gc_irgs_primitive -- Trying irg 'r_func_85' -- No improvement
Using pass: pass_gc_irgs_primitive -- Trying irg 'r_func_58' -- No improvement
Using pass: pass_gc_irgs_primitive -- Trying irg 'r_func_41' -- No improvement
Using pass: pass_gc_irgs_primitive -- Trying irg 'r_func_74' -- No improvement
Using pass: pass_gc_irgs_primitive -- Trying irg 'r_func_98' -- No improvement
Using pass: pass_gc_irgs_primitive -- Trying irg 'r_func_30' -- No improvement
Using pass: pass_gc_irgs_primitive -- Trying irg 'r_func_9' -- No improvement
Using pass: pass_gc_irgs_primitive -- Trying irg 'r_func_32' -- No improvement
Using pass: pass_gc_irgs_primitive -- Trying irg 'r_func_95' -- No improvement
Using pass: pass_gc_irgs_primitive -- Trying irg 'r_func_88' -- No improvement
Using pass: pass_gc_irgs_primitive -- Trying irg 'r_func_82' -- No improvement
Using pass: pass_gc_irgs_primitive -- Trying irg 'r_func_53' -- No improvement
Using pass: pass_gc_irgs_primitive -- Trying irg 'r_func_41' -- No improvement
Using pass: pass_gc_irgs_primitive -- Trying irg 'r_func_51' -- No improvement
Using pass: pass_gc_irgs_primitive -- Trying irg 'r_func_51' -- No improvement
Using pass: pass_gc_irgs_primitive -- Trying irg 'r_func_64' -- No improvement
Using pass: pass_gc_irgs_primitive -- Trying irg 'r_func_8' -- No improvement
Using pass: pass_gc_irgs_primitive -- Trying irg 'r_func_76' -- No improvement
Using pass: pass_gc_irgs_primitive -- Trying irg 'r_func_94' -- No improvement
Using pass: pass_gc_irgs_primitive -- Trying irg 'r_func_64' -- No improvement
Using pass: pass_gc_irgs_primitive -- Trying irg 'r_func_33' -- No improvement
Using pass: pass_gc_irgs_primitive -- Trying irg 'r_func_11' -- No improvement
Using pass: pass_gc_irgs_primitive -- Trying irg 'r_func_74' -- No improvement
Using pass: pass_gc_irgs_primitive -- Trying irg 'r_func_64' -- No improvement
Using pass: pass_gc_irgs_primitive -- Trying irg 'r_func_5' -- No improvement
Using pass: pass_gc_irgs_primitive -- Trying irg 'r_func_28' -- No improvement
Using pass: pass_gc_irgs_primitive -- Trying irg 'r_func_87' -- No improvement
Using pass: pass_gc_irgs_primitive -- Trying irg 'r_func_84' -- No improvement
Using pass: pass_gc_irgs_primitive -- Trying irg 'r_func_89' -- No improvement
Using pass: pass_gc_irgs_primitive -- Trying irg 'r_func_32' -- No improvement
Using pass: pass_gc_irgs_primitive -- Trying irg 'r_func_92' -- No improvement
Using pass: pass_gc_irgs_primitive -- Trying irg 'r_func_93' -- No improvement
Using pass: pass_gc_irgs_primitive -- Trying irg 'r_func_23' -- No improvement
Using pass: pass_gc_irgs_primitive -- Trying irg 'r_func_35' -- No improvement
Using pass: pass_gc_irgs_primitive -- Trying irg 'r_func_98' -- No improvement
Using pass: pass_gc_irgs_primitive -- Trying irg 'r_func_30' -- No improvement
Using pass: pass_gc_irgs_primitive -- Trying irg 'r_func_53' -- No improvement
Using pass: pass_gc_irgs_primitive -- Trying irg 'r_func_1' -- No improvement
Using pass: pass_gc_irgs_primitive -- Trying irg 'r_func_37' -- No improvement
Using pass: pass_gc_irgs_primitive -- Trying irg 'r_func_21' -- No improvement
Using pass: pass_gc_irgs_primitive -- Trying irg 'r_func_33' -- No improvement
Using pass: pass_gc_irgs_primitive -- Trying irg 'r_func_30' -- No improvement
Using pass: pass_gc_irgs_primitive -- Trying irg 'r_func_72' -- No improvement
Using pass: pass_gc_irgs_primitive -- Trying irg 'r_func_91' -- No improvement
Using pass: pass_gc_irgs_primitive -- Trying irg 'r_func_37' -- No improvement
Using pass: pass_gc_irgs_primitive -- Trying irg 'r_func_21' -- No improvement
Using pass: pass_gc_irgs_primitive -- Trying irg 'r_func_20' -- No improvement
Using pass: pass_gc_irgs_primitive -- Trying irg 'r_func_82' -- No improvement
Using pass: pass_gc_irgs_primitive -- Trying irg 'r_func_37' -- No improvement
Using pass: pass_gc_irgs_primitive -- Trying irg 'r_func_47' -- No improvement
Using pass: pass_gc_irgs_primitive -- Trying irg 'r_func_40' -- No improvement
Using pass: pass_gc_irgs_primitive -- Trying irg 'r_func_3' -- No improvement
Using pass: pass_gc_irgs_primitive -- Trying irg 'r_func_74' -- No improvement
Using pass: pass_gc_irgs_primitive -- Trying irg 'r_func_48' -- No improvement
Using pass: pass_gc_irgs_primitive -- Trying irg 'r_func_70' -- No improvement
Using pass: pass_gc_irgs_primitive -- Trying irg 'r_func_23' -- No improvement
Using pass: pass_gc_irgs_primitive -- Trying irg 'r_func_92' -- No improvement
Using pass: pass_gc_irgs_primitive -- Trying irg 'r_func_29' -- No improvement
Using pass: pass_gc_irgs_primitive -- Trying irg 'r_func_36' -- No improvement
Using pass: pass_gc_irgs_primitive -- Trying irg 'r_func_82' -- No improvement
Using pass: pass_gc_irgs_primitive -- Trying irg 'r_func_40' -- No improvement
Using pass: pass_gc_irgs_primitive -- Trying irg 'r_func_57' -- No improvement
Using pass: pass_gc_irgs_primitive -- Trying irg 'r_func_13' -- No improvement
Using pass: pass_gc_irgs_primitive -- Trying irg 'r_func_48' -- No improvement
Using pass: pass_gc_irgs_primitive -- Trying irg 'r_func_3' -- No improvement
Using pass: pass_gc_irgs_primitive -- Trying irg 'r_func_74' -- No improvement
Using pass: pass_gc_irgs_primitive -- Trying irg 'r_func_1' -- No improvement
Using pass: pass_gc_irgs_primitive -- Trying irg 'r_func_40' -- No improvement
Using pass: pass_gc_irgs_primitive -- Trying irg 'r_func_57' -- No improvement
Using pass: pass_gc_irgs_primitive -- Trying irg 'r_func_37' -- No improvement
Using pass: pass_gc_irgs_primitive -- Trying irg 'r_func_91' -- No improvement
Using pass: pass_gc_irgs_primitive -- Trying irg 'r_func_65' -- No improvement
Using pass: pass_gc_irgs_primitive -- Trying irg 'r_func_11' -- No improvement
Using pass: pass_gc_irgs_primitive -- Trying irg 'r_func_76' -- No improvement
Using pass: pass_gc_irgs_primitive -- Trying irg 'r_func_97' -- No improvement
Using pass: pass_gc_irgs_primitive -- Trying irg 'r_func_97' -- No improvement
Using pass: pass_gc_irgs_primitive -- Trying irg 'r_func_72' -- No improvement
Using pass: pass_gc_irgs_primitive -- Trying irg 'r_func_25' -- No improvement
Using pass: pass_gc_irgs_primitive -- Trying irg 'r_func_53' -- No improvement
Using pass: pass_gc_irgs_primitive -- Trying irg 'r_func_89' -- No improvement
Using pass: pass_gc_irgs_primitive -- Trying irg 'r_func_13' -- No improvement
Using pass: pass_gc_irgs_primitive -- Trying irg 'r_func_76' -- No improvement
Using pass: pass_gc_irgs_primitive -- Trying irg 'r_func_76' -- No improvement
Using pass: pass_gc_irgs_primitive -- Trying irg 'r_func_82' -- No improvement
Using pass: pass_gc_irgs_primitive -- Trying irg 'r_func_20' -- No improvement
Using pass: pass_gc_irgs_primitive -- Trying irg 'r_func_90' -- No improvement
Using pass: pass_gc_irgs_primitive -- Trying irg 'r_func_74' -- No improvement
Using pass: pass_gc_irgs_primitive -- Trying irg 'r_func_29' -- No improvement
Using pass: pass_gc_irgs_primitive -- Trying irg 'r_func_91' -- No improvement
Using pass: pass_gc_irgs_primitive -- Trying irg 'r_func_4' -- No improvement
Using pass: pass_gc_irgs_primitive -- Trying irg 'r_func_98' -- No improvement
Using pass: pass_gc_irgs_primitive -- Trying irg 'r_func_76' -- No improvement
Using pass: pass_gc_irgs_primitive -- Trying irg 'r_func_59' -- No improvement
Using pass: pass_gc_irgs_primitive -- Trying irg 'r_func_81' -- No improvement
Using pass: pass_gc_irgs_primitive -- Trying irg 'r_func_23' -- No improvement
Using pass: pass_gc_irgs_primitive -- Trying irg 'r_func_17' -- No improvement
Using pass: pass_gc_irgs_primitive -- Trying irg 'r_func_70' -- No improvement
Using pass: pass_gc_irgs_primitive -- Trying irg 'r_func_64' -- No improvement
Using pass: pass_gc_irgs_primitive -- Trying irg 'r_func_66' -- No improvement
Using pass: pass_gc_irgs_primitive -- Trying irg 'r_func_97' -- No improvement
Using pass: pass_gc_irgs_primitive -- Trying irg 'r_func_64' -- No improvement
Using pass: pass_gc_irgs_primitive -- Trying irg 'r_func_25' -- No improvement
Using pass: pass_gc_irgs_primitive -- Trying irg 'r_func_74' -- No improvement
Using pass: pass_gc_irgs_primitive -- Trying irg 'r_func_3' -- No improvement
Using pass: pass_gc_irgs_primitive -- Trying irg 'r_func_68' -- No improvement
Using pass: pass_gc_irgs_primitive -- Trying irg 'r_func_27' -- No improvement
Using pass: pass_gc_irgs_primitive -- Trying irg 'r_func_48' -- No improvement
Using pass: pass_gc_irgs_primitive -- Trying irg 'r_func_47' -- No improvement
Using pass: pass_gc_irgs_primitive -- Trying irg 'r_func_48' -- No improvement
Using pass: pass_gc_irgs_primitive -- Trying irg 'r_func_76' -- No improvement
Using pass: pass_gc_irgs_primitive -- Trying irg 'r_func_68' -- No improvement
Using pass: pass_gc_irgs_primitive -- Trying irg 'r_func_47' -- No improvement
Using pass: pass_gc_irgs_primitive -- Trying irg 'r_func_65' -- No improvement
Using pass: pass_gc_irgs_primitive -- Trying irg 'r_func_3' -- No improvement
Using pass: pass_gc_irgs_primitive -- Trying irg 'r_func_65' -- No improvement
Using pass: pass_gc_irgs_primitive -- Trying irg 'r_func_66' -- No improvement
Using pass: pass_gc_irgs_primitive -- Trying irg 'r_func_1' -- No improvement
Using pass: pass_gc_irgs_primitive -- Trying irg 'r_func_11' -- No improvement
Using pass: pass_gc_irgs_primitive -- Trying irg 'r_func_59' -- No improvement
Using pass: pass_gc_irgs_primitive -- Trying irg 'r_func_57' -- No improvement
Using pass: pass_gc_irgs_primitive -- Trying irg 'r_func_11' -- No improvement
Using pass: pass_gc_irgs_primitive -- Trying irg 'r_func_64' -- No improvement
Using pass: pass_gc_irgs_primitive -- Trying irg 'r_func_23' -- No improvement
Using pass: pass_gc_irgs_primitive -- Trying irg 'r_func_2' -- No improvement
Using pass: pass_gc_irgs_primitive -- Trying irg 'r_func_36' -- No improvement
Using pass: pass_gc_irgs_primitive -- Trying irg 'r_func_82' -- No improvement
Using pass: pass_gc_irgs_primitive -- Trying irg 'r_func_53' -- No improvement
Using pass: pass_gc_irgs_primitive -- Trying irg 'r_func_66' -- No improvement
Using pass: pass_gc_irgs_primitive -- Trying irg 'r_func_14' -- No improvement
Using pass: pass_gc_irgs_primitive -- Trying irg 'r_func_82' -- No improvement
Using pass: pass_gc_irgs_primitive -- Trying irg 'r_func_82' -- No improvement
Using pass: pass_gc_irgs_primitive -- Trying irg 'r_func_54' -- No improvement
Using pass: pass_gc_irgs_primitive -- Trying irg 'r_func_6' -- No improvement
Using pass: pass_gc_irgs_primitive -- Trying irg 'r_func_92' -- No improvement
Using pass: pass_gc_irgs_primitive -- Trying irg 'r_func_77' -- No improvement
Using pass: pass_gc_irgs_primitive -- Trying irg 'r_func_66' -- No improvement
Using pass: pass_gc_irgs_primitive -- Trying irg 'r_func_47' -- No improvement
Using pass: pass_gc_irgs_primitive -- Trying irg 'r_func_15' -- No improvement
Using pass: pass_gc_irgs_primitive -- Trying irg 'r_func_29' -- No improvement
Using pass: pass_gc_irgs_primitive -- Trying irg 'r_func_1' -- No improvement
Using pass: pass_gc_irgs_primitive -- Trying irg 'r_func_40' -- No improvement
Using pass: pass_gc_irgs_primitive -- Trying irg 'r_func_70' -- No improvement
Using pass: pass_gc_irgs_primitive -- Trying irg 'r_func_47' -- No improvement
Using pass: pass_gc_irgs_primitive -- Trying irg 'r_func_32' -- No improvement
Using pass: pass_gc_irgs_primitive -- Trying irg 'r_func_53' -- No improvement
Using pass: pass_gc_irgs_primitive -- Trying irg 'r_func_17' -- No improvement
Using pass: pass_gc_irgs_primitive -- Trying irg 'r_func_1' -- No improvement
Using pass: pass_gc_irgs_primitive -- Trying irg 'r_func_95' -- No improvement
Using pass: pass_gc_irgs_primitive -- Trying irg 'r_func_64' -- No improvement
Using pass: pass_gc_irgs_primitive -- Trying irg 'r_func_20' -- No improvement
Using pass: pass_gc_irgs_primitive -- Trying irg 'r_func_15' -- No improvement
Using pass: pass_gc_irgs_primitive -- Trying irg 'r_func_90' -- No improvement
Using pass: pass_gc_irgs_primitive -- Trying irg 'r_func_23' -- No improvement
Using pass: pass_gc_irgs_primitive -- Trying irg 'r_func_66' -- No improvement
Using pass: pass_gc_irgs_primitive -- Trying irg 'r_func_97' -- No improvement
Using pass: pass_gc_irgs_primitive -- Trying irg 'r_func_60' -- No improvement
Using pass: pass_gc_irgs_primitive -- Trying irg 'r_func_51' -- No improvement
Using pass: pass_gc_irgs_primitive -- Trying irg 'r_func_15' -- No improvement
Using pass: pass_gc_irgs_primitive -- Trying irg 'r_func_95' -- No improvement
Using pass: pass_gc_irgs_primitive -- Trying irg 'r_func_3' -- No improvement
Using pass: pass_gc_irgs_primitive -- Trying irg 'r_func_20' -- No improvement
Using pass: pass_gc_irgs_primitive -- Trying irg 'r_func_1' -- No improvement
Using pass: pass_gc_irgs_primitive -- Trying irg 'r_func_29' -- No improvement
Using pass: pass_gc_irgs_primitive -- Trying irg 'r_func_48' -- No improvement
Using pass: pass_gc_irgs_primitive -- Trying irg 'r_func_27' -- No improvement
Using pass: pass_gc_irgs_primitive -- Trying irg 'r_func_2' -- No improvement
Using pass: pass_gc_irgs_primitive -- Trying irg 'r_func_59' -- No improvement
Using pass: pass_gc_irgs_primitive -- Trying irg 'r_func_84' -- No improvement
Using pass: pass_gc_irgs_primitive -- Trying irg 'r_func_95' -- No improvement
Using pass: pass_gc_irgs_primitive -- Trying irg 'r_func_15' -- No improvement
Using pass: pass_gc_irgs_primitive -- Trying irg 'r_func_32' -- No improvement
Using pass: pass_gc_irgs_primitive -- Trying irg 'r_func_51' -- No improvement
Using pass: pass_gc_irgs_primitive -- Trying irg 'r_func_30' -- No improvement
Using pass: pass_gc_irgs_primitive -- Trying irg 'r_func_62' -- No improvement
Using pass: pass_gc_irgs_primitive -- Trying irg 'r_func_94' -- No improvement
Using pass: pass_gc_irgs_primitive -- Trying irg 'r_func_20' -- No improvement
Using pass: pass_gc_irgs_primitive -- Trying irg 'r_func_95' -- No improvement
Using pass: pass_gc_irgs_primitive -- Trying irg 'r_func_17' -- No improvement
Using pass: pass_gc_irgs_primitive -- Trying irg 'r_func_15' -- No improvement
Using pass: pass_gc_irgs_primitive -- Trying irg 'r_func_66' -- No improvement
Using pass: pass_gc_irgs_primitive -- Trying irg 'r_func_2' -- No improvement
Using pass: pass_gc_irgs_primitive -- Trying irg 'r_func_93' -- No improvement
Using pass: pass_gc_irgs_primitive -- Trying irg 'r_func_72' -- No improvement
Using pass: pass_gc_irgs_primitive -- Trying irg 'r_func_32' -- No improvement
Using pass: pass_gc_irgs_primitive -- Trying irg 'r_func_84' -- No improvement
Using pass: pass_gc_irgs_primitive -- Trying irg 'r_func_98' -- No improvement
Using pass: pass_gc_irgs_primitive -- Trying irg 'r_func_28' -- No improvement
Using pass: pass_gc_irgs_primitive -- Trying irg 'r_func_87' -- No improvement
Using pass: pass_gc_irgs_primitive -- Trying irg 'r_func_40' -- No improvement
Using pass: pass_gc_irgs_primitive -- Trying irg 'r_func_5' -- No improvement
Using pass: pass_gc_irgs_primitive -- Trying irg 'r_func_25' -- No improvement
Using pass: pass_gc_irgs_primitive -- Trying irg 'r_func_33' -- No improvement
Using pass: pass_gc_irgs_primitive -- Trying irg 'r_func_5' -- No improvement
Using pass: pass_gc_irgs_primitive -- Trying irg 'r_func_25' -- No improvement
Using pass: pass_gc_irgs_primitive -- Trying irg 'r_func_25' -- No improvement
Using pass: pass_gc_irgs_primitive -- Trying irg 'r_func_53' -- No improvement
Using pass: pass_gc_irgs_primitive -- Trying irg 'r_func_5' -- No improvement
Using pass: pass_gc_irgs_primitive -- Trying irg 'r_func_2' -- No improvement
Using pass: pass_gc_irgs_primitive -- Trying irg 'r_func_64' -- No improvement
Using pass: pass_gc_irgs_primitive -- Trying irg 'r_func_33' -- No improvement
Using pass: pass_gc_irgs_primitive -- Trying irg 'r_func_91' -- No improvement
Using pass: pass_gc_irgs_primitive -- Trying irg 'r_func_99' -- No improvement
Using pass: pass_gc_irgs_primitive -- Trying irg 'r_func_40' -- No improvement
Using pass: pass_gc_irgs_primitive -- Trying irg 'r_func_33' -- No improvement
Using pass: pass_gc_irgs_primitive -- Trying irg 'r_func_48' -- No improvement
Using pass: pass_gc_irgs_primitive -- Trying irg 'r_func_1' -- No improvement
Using pass: pass_gc_irgs_primitive -- Trying irg 'r_func_17' -- No improvement
Using pass: pass_gc_irgs_primitive -- Trying irg 'r_func_94' -- No improvement
Using pass: pass_gc_irgs_primitive -- Trying irg 'r_func_94' -- No improvement
Using pass: pass_gc_irgs_primitive -- Trying irg 'r_func_32' -- No improvement
Using pass: pass_gc_irgs_primitive -- Trying irg 'r_func_87' -- No improvement
Using pass: pass_gc_irgs_primitive -- Trying irg 'r_func_58' -- No improvement
Using pass: pass_gc_irgs_primitive -- Trying irg 'r_func_48' -- No improvement
Using pass: pass_gc_irgs_primitive -- Trying irg 'r_func_33' -- No improvement
Using pass: pass_gc_irgs_primitive -- Trying irg 'r_func_29' -- No improvement
Using pass: pass_gc_irgs_primitive -- Trying irg 'r_func_36' -- No improvement
Using pass: pass_gc_irgs_primitive -- Trying irg 'r_func_47' -- No improvement
Using pass: pass_gc_irgs_primitive -- Trying irg 'r_func_93' -- No improvement
Using pass: pass_gc_irgs_primitive -- Trying irg 'r_func_65' -- No improvement
Using pass: pass_gc_irgs_primitive -- Trying irg 'r_func_58' -- No improvement
Using pass: pass_gc_irgs_primitive -- Trying irg 'r_func_27' -- No improvement
Using pass: pass_gc_irgs_primitive -- Trying irg 'r_func_18' -- No improvement
Using pass: pass_gc_irgs_primitive -- Trying irg 'r_func_2' -- No improvement
Using pass: pass_gc_irgs_primitive -- Trying irg 'r_func_64' -- No improvement
Using pass: pass_gc_irgs_primitive -- Trying irg 'r_func_29' -- No improvement
Using pass: pass_gc_irgs_primitive -- Trying irg 'r_func_1' -- No improvement
Using pass: pass_gc_irgs_primitive -- Trying irg 'r_func_40' -- No improvement
Using pass: pass_gc_irgs_primitive -- Trying irg 'r_func_2' -- No improvement
Using pass: pass_gc_irgs_primitive -- Trying irg 'r_func_47' -- No improvement
Using pass: pass_gc_irgs_primitive -- Trying irg 'r_func_54' -- No improvement
Using pass: pass_gc_irgs_primitive -- Trying irg 'r_func_92' -- No improvement
Using pass: pass_gc_irgs_primitive -- Trying irg 'r_func_82' -- No improvement
Using pass: pass_gc_irgs_primitive -- Trying irg 'r_func_40' -- No improvement
Using pass: pass_gc_irgs_primitive -- Trying irg 'r_func_15' -- No improvement
Using pass: pass_gc_irgs_primitive -- Trying irg 'r_func_25' -- No improvement
Using pass: pass_gc_irgs_primitive -- Trying irg 'r_func_87' -- No improvement
Using pass: pass_gc_irgs_primitive -- Trying irg 'r_func_33' -- No improvement
Using pass: pass_gc_irgs_primitive -- Trying irg 'r_func_91' -- No improvement
Using pass: pass_gc_irgs_primitive -- Trying irg 'r_func_95' -- No improvement
Using pass: pass_gc_irgs_primitive -- Trying irg 'r_func_53' -- No improvement
Using pass: pass_gc_irgs_primitive -- Trying irg 'r_func_41' -- No improvement
Using pass: pass_gc_irgs_primitive -- Trying irg 'r_func_15' -- No improvement
Using pass: pass_gc_irgs_primitive -- Trying irg 'r_func_15' -- No improvement
Using pass: pass_gc_irgs_primitive -- Trying irg 'r_func_32' -- No improvement
Using pass: pass_gc_irgs_primitive -- Trying irg 'r_func_17' -- No improvement
Using pass: pass_gc_irgs_primitive -- Trying irg 'r_func_23' -- No improvement
Using pass: pass_gc_irgs_primitive -- Trying irg 'r_func_5' -- No improvement
Using pass: pass_gc_irgs_primitive -- Trying irg 'r_func_67' -- No improvement
Using pass: pass_gc_irgs_primitive -- Trying irg 'r_func_93' -- No improvement
Using pass: pass_gc_irgs_primitive -- Trying irg 'r_func_90' -- No improvement
Using pass: pass_gc_irgs_primitive -- Trying irg 'r_func_64' -- No improvement
Using pass: pass_gc_irgs_primitive -- Trying irg 'r_func_82' -- No improvement
Using pass: pass_gc_irgs_primitive -- Trying irg 'r_func_92' -- No improvement
Using pass: pass_gc_irgs_primitive -- Trying irg 'r_func_15' -- No improvement
Using pass: pass_gc_irgs_primitive -- Trying irg 'r_func_67' -- No improvement
Using pass: pass_gc_irgs_primitive -- Trying irg 'r_func_47' -- No improvement
Using pass: pass_gc_irgs_primitive -- Trying irg 'r_func_82' -- No improvement
Using pass: pass_gc_irgs_primitive -- Trying irg 'r_func_99' -- No improvement
Using pass: pass_gc_irgs_primitive -- Trying irg 'r_func_14' -- No improvement
Using pass: pass_gc_irgs_primitive -- Trying irg 'r_func_29' -- No improvement
Using pass: pass_gc_irgs_primitive -- Trying irg 'r_func_98' -- No improvement
Using pass: pass_gc_irgs_primitive -- Trying irg 'r_func_76' -- No improvement
Using pass: pass_gc_irgs_primitive -- Trying irg 'r_func_35' -- No improvement
Using pass: pass_gc_irgs_primitive -- Trying irg 'r_func_4' -- No improvement
Using pass: pass_gc_irgs_primitive -- Trying irg 'r_func_53' -- No improvement
Using pass: pass_gc_irgs_primitive -- Trying irg 'r_func_97' -- No improvement
Using pass: pass_gc_irgs_primitive -- Trying irg 'r_func_53' -- No improvement
Using pass: pass_gc_irgs_primitive -- Trying irg 'r_func_90' -- No improvement
Using pass: pass_gc_irgs_primitive -- Trying irg 'r_func_92' -- No improvement
Using pass: pass_gc_irgs_primitive -- Trying irg 'r_func_47' -- No improvement
Using pass: pass_gc_irgs_primitive -- Trying irg 'r_func_94' -- No improvement
Using pass: pass_gc_irgs_primitive -- Trying irg 'r_func_35' -- No improvement
Using pass: pass_gc_irgs_primitive -- Trying irg 'r_func_4' -- No improvement
Using pass: pass_gc_irgs_primitive -- Trying irg 'r_func_98' -- No improvement
Using pass: pass_gc_irgs_primitive -- Trying irg 'r_func_6' -- No improvement
Using pass: pass_gc_irgs_primitive -- Trying irg 'r_func_47' -- No improvement
Using pass: pass_gc_irgs_primitive -- Trying irg 'r_func_72' -- No improvement
Using pass: pass_gc_irgs_primitive -- Trying irg 'r_func_28' -- No improvement
Using pass: pass_gc_irgs_primitive -- Trying irg 'r_func_28' -- No improvement
Using pass: pass_gc_irgs_primitive -- Trying irg 'r_func_33' -- No improvement
Using pass: pass_gc_irgs_primitive -- Trying irg 'r_func_76' -- No improvement
Using pass: pass_gc_irgs_primitive -- Trying irg 'r_func_4' -- No improvement
Using pass: pass_gc_irgs_primitive -- Trying irg 'r_func_86' -- No improvement
Using pass: pass_gc_irgs_primitive -- Trying irg 'r_func_70' -- No improvement
Using pass: pass_gc_irgs_primitive -- Trying irg 'r_func_20' -- No improvement
Using pass: pass_gc_irgs_primitive -- Trying irg 'r_func_36' -- No improvement
Using pass: pass_gc_irgs_primitive -- Trying irg 'r_func_67' -- No improvement
Using pass: pass_gc_irgs_primitive -- Trying irg 'r_func_65' -- No improvement
Using pass: pass_gc_irgs_primitive -- Trying irg 'r_func_95' -- No improvement
Using pass: pass_gc_irgs_primitive -- Trying irg 'r_func_65' -- No improvement
Using pass: pass_gc_irgs_primitive -- Trying irg 'r_func_82' -- No improvement
Using pass: pass_gc_irgs_primitive -- Trying irg 'r_func_29' -- No improvement
Using pass: pass_gc_irgs_primitive -- Trying irg 'r_func_48' -- No improvement
Using pass: pass_gc_irgs_primitive -- Trying irg 'r_func_53' -- No improvement
Using pass: pass_gc_irgs_primitive -- Trying irg 'r_func_87' -- No improvement
Using pass: pass_gc_irgs_primitive -- Trying irg 'r_func_41' -- No improvement
Using pass: pass_gc_irgs_primitive -- Trying irg 'r_func_20' -- No improvement
Using pass: pass_gc_irgs_primitive -- Trying irg 'r_func_87' -- No improvement
Using pass: pass_gc_irgs_primitive -- Trying irg 'r_func_36' -- No improvement
Using pass: pass_gc_irgs_primitive -- Trying irg 'r_func_23' -- No improvement
Using pass: pass_gc_irgs_primitive -- Trying irg 'r_func_94' -- No improvement
Using pass: pass_gc_irgs_primitive -- Trying irg 'r_func_99' -- No improvement
Using pass: pass_gc_irgs_primitive -- Trying irg 'r_func_67' -- No improvement
Using pass: pass_gc_irgs_primitive -- Trying irg 'r_func_76' -- No improvement
Using pass: pass_gc_irgs_primitive -- Trying irg 'r_func_4' -- No improvement
Using pass: pass_gc_irgs_primitive -- Trying irg 'r_func_72' -- No improvement
Using pass: pass_gc_irgs_primitive -- Trying irg 'r_func_6' -- No improvement
Using pass: pass_gc_irgs_primitive -- Trying irg 'r_func_67' -- No improvement
Using pass: pass_gc_irgs_primitive -- Trying irg 'r_func_86' -- No improvement
Using pass: pass_gc_irgs_primitive -- Trying irg 'r_func_99' -- No improvement
Using pass: pass_gc_irgs_primitive -- Trying irg 'r_func_97' -- No improvement
Using pass: pass_gc_irgs_primitive -- Trying irg 'r_func_90' -- No improvement
Using pass: pass_gc_irgs_primitive -- Trying irg 'r_func_67' -- No improvement
Using pass: pass_gc_irgs_primitive -- Trying irg 'r_func_5' -- No improvement
Using pass: pass_gc_irgs_primitive -- Trying irg 'r_func_28' -- No improvement
Using pass: pass_gc_irgs_primitive -- Trying irg 'r_func_65' -- No improvement
Using pass: pass_gc_irgs_primitive -- Trying irg 'r_func_5' -- No improvement
Using pass: pass_gc_irgs_primitive -- Trying irg 'r_func_35' -- No improvement
Using pass: pass_gc_irgs_primitive -- Trying irg 'r_func_90' -- No improvement
Using pass: pass_gc_irgs_primitive -- Trying irg 'r_func_67' -- No improvement
Using pass: pass_gc_irgs_primitive -- Trying irg 'r_func_33' -- No improvement
Using pass: pass_gc_irgs_primitive -- Trying irg 'r_func_99' -- No improvement
Using pass: pass_gc_irgs_primitive -- Trying irg 'r_func_20' -- No improvement
Using pass: pass_gc_irgs_primitive -- Trying irg 'r_func_53' -- No improvement
Using pass: pass_gc_irgs_primitive -- Trying irg 'r_func_29' -- No improvement
Using pass: pass_gc_irgs_primitive -- Trying irg 'r_func_37' -- No improvement
Using pass: pass_gc_irgs_primitive -- Trying irg 'r_func_53' -- No improvement
Using pass: pass_gc_irgs_primitive -- Trying irg 'r_func_15' -- No improvement
Using pass: pass_gc_irgs_primitive -- Trying irg 'r_func_15' -- No improvement
Using pass: pass_gc_irgs_primitive -- Trying irg 'r_func_5' -- No improvement
Using pass: pass_gc_irgs_primitive -- Trying irg 'r_func_62' -- No improvement
Using pass: pass_gc_irgs_primitive -- Trying irg 'r_func_29' -- No improvement
Using pass: pass_gc_irgs_primitive -- Trying irg 'r_func_67' -- No improvement
Using pass: pass_gc_irgs_primitive -- Trying irg 'r_func_30' -- No improvement
Using pass: pass_gc_irgs_primitive -- Trying irg 'r_func_25' -- No improvement
Using pass: pass_gc_irgs_primitive -- Trying irg 'r_func_28' -- No improvement
Using pass: pass_gc_irgs_primitive -- Trying irg 'r_func_64' -- No improvement
Using pass: pass_gc_irgs_primitive -- Trying irg 'r_func_86' -- No improvement
Using pass: pass_gc_irgs_primitive -- Trying irg 'r_func_23' -- No improvement
Using pass: pass_gc_irgs_primitive -- Trying irg 'r_func_20' -- No improvement
Using pass: pass_gc_irgs_primitive -- Trying irg 'r_func_15' -- No improvement
Using pass: pass_gc_irgs_primitive -- Trying irg 'r_func_87' -- No improvement
Using pass: pass_gc_irgs_primitive -- Trying irg 'r_func_48' -- No improvement
Using pass: pass_gc_irgs_primitive -- Trying irg 'r_func_97' -- No improvement
Using pass: pass_gc_irgs_primitive -- Trying irg 'r_func_86' -- No improvement
Using pass: pass_gc_irgs_primitive -- Trying irg 'r_func_40' -- No improvement
Using pass: pass_gc_irgs_primitive -- Trying irg 'r_func_33' -- No improvement
Using pass: pass_gc_irgs_primitive -- Trying irg 'r_func_48' -- No improvement
Using pass: pass_gc_irgs_primitive -- Trying irg 'r_func_28' -- No improvement
Using pass: pass_gc_irgs_primitive -- Trying irg 'r_func_1' -- No improvement
Using pass: pass_gc_irgs_primitive -- Trying irg 'r_func_64' -- No improvement
Using pass: pass_gc_irgs_primitive -- Trying irg 'r_func_92' -- No improvement
Using pass: pass_gc_irgs_primitive -- Trying irg 'r_func_25' -- No improvement
Using pass: pass_gc_irgs_primitive -- Trying irg 'r_func_29' -- No improvement
Using pass: pass_gc_irgs_primitive -- Trying irg 'r_func_95' -- No improvement
Using pass: pass_gc_irgs_primitive -- Trying irg 'r_func_25' -- No improvement
Using pass: pass_gc_irgs_primitive -- Trying irg 'r_func_15' -- No improvement
Using pass: pass_gc_irgs_primitive -- Trying irg 'r_func_68' -- No improvement
Using pass: pass_gc_irgs_primitive -- Trying irg 'r_func_33' -- No improvement
Using pass: pass_gc_irgs_primitive -- Trying irg 'r_func_94' -- No improvement
Using pass: pass_gc_irgs_primitive -- Trying irg 'r_func_97' -- No improvement
Using pass: pass_gc_irgs_primitive -- Trying irg 'r_func_25' -- No improvement
Using pass: pass_gc_irgs_primitive -- Trying irg 'r_func_25' -- No improvement
Using pass: pass_gc_irgs_primitive -- Trying irg 'r_func_87' -- No improvement
Using pass: pass_gc_irgs_primitive -- Trying irg 'r_func_11' -- No improvement
Using pass: pass_gc_irgs_primitive -- Trying irg 'r_func_94' -- No improvement
Using pass: pass_gc_irgs_primitive -- Trying irg 'r_func_30' -- No improvement
Using pass: pass_gc_irgs_primitive -- Trying irg 'r_func_27' -- No improvement
Using pass: pass_gc_irgs_primitive -- Trying irg 'r_func_1' -- No improvement
Using pass: pass_gc_irgs_primitive -- Trying irg 'r_func_87' -- No improvement
Using pass: pass_gc_irgs_primitive -- Trying irg 'r_func_2' -- No improvement
Using pass: pass_gc_irgs_primitive -- Trying irg 'r_func_90' -- No improvement
Using pass: pass_gc_irgs_primitive -- Trying irg 'r_func_36' -- No improvement
Using pass: pass_gc_irgs_primitive -- Trying irg 'r_func_30' -- No improvement
Using pass: pass_gc_irgs_primitive -- Trying irg 'r_func_99' -- No improvement
Using pass: pass_gc_irgs_primitive -- Trying irg 'r_func_36' -- No improvement
Using pass: pass_gc_irgs_primitive -- Trying irg 'r_func_95' -- No improvement
Using pass: pass_gc_irgs_primitive -- Trying irg 'r_func_90' -- No improvement
Using pass: pass_gc_irgs_primitive -- Trying irg 'r_func_5' -- No improvement
Using pass: pass_gc_irgs_primitive -- Trying irg 'r_func_15' -- No improvement
Using pass: pass_gc_irgs_primitive -- Trying irg 'r_func_93' -- No improvement
Using pass: pass_gc_irgs_primitive -- Trying irg 'r_func_87' -- No improvement
Using pass: pass_gc_irgs_primitive -- Trying irg 'r_func_53' -- No improvement
Using pass: pass_gc_irgs_primitive -- Trying irg 'r_func_15' -- No improvement
Using pass: pass_gc_irgs_primitive -- Trying irg 'r_func_93' -- No improvement
Using pass: pass_gc_irgs_primitive -- Trying irg 'r_func_87' -- No improvement
Using pass: pass_gc_irgs_primitive -- Trying irg 'r_func_32' -- No improvement
Using pass: pass_gc_irgs_primitive -- Trying irg 'r_func_40' -- No improvement
Using pass: pass_gc_irgs_primitive -- Trying irg 'r_func_18' -- No improvement
Using pass: pass_gc_irgs_primitive -- Trying irg 'r_func_87' -- No improvement
Using pass: pass_gc_irgs_primitive -- Trying irg 'r_func_6' -- No improvement
Using pass: pass_gc_irgs_primitive -- Trying irg 'r_func_23' -- No improvement
Using pass: pass_gc_irgs_primitive -- Trying irg 'r_func_92' -- No improvement
Using pass: pass_gc_irgs_primitive -- Trying irg 'r_func_1' -- No improvement
Using pass: pass_gc_irgs_primitive -- Trying irg 'r_func_90' -- No improvement
Using pass: pass_gc_irgs_primitive -- Trying irg 'r_func_37' -- No improvement
Using pass: pass_gc_irgs_primitive -- Trying irg 'r_func_64' -- No improvement
Using pass: pass_gc_irgs_primitive -- Trying irg 'r_func_53' -- No improvement
Using pass: pass_gc_irgs_primitive -- Trying irg 'r_func_1' -- No improvement
Using pass: pass_gc_irgs_primitive -- Trying irg 'r_func_37' -- No improvement
Using pass: pass_gc_irgs_primitive -- Trying irg 'r_func_41' -- No improvement
Using pass: pass_gc_irgs_primitive -- Trying irg 'r_func_30' -- No improvement
Using pass: pass_gc_irgs_primitive -- Trying irg 'r_func_40' -- No improvement
Using pass: pass_gc_irgs_primitive -- Trying irg 'r_func_72' -- No improvement
Using pass: pass_gc_irgs_primitive -- Trying irg 'r_func_36' -- No improvement
Using pass: pass_gc_irgs_primitive -- Trying irg 'r_func_94' -- No improvement
Using pass: pass_gc_irgs_primitive -- Trying irg 'r_func_86' -- No improvement
Using pass: pass_gc_irgs_primitive -- Trying irg 'r_func_99' -- No improvement
Using pass: pass_gc_irgs_primitive -- Trying irg 'r_func_47' -- No improvement
Using pass: pass_gc_irgs_primitive -- Trying irg 'r_func_23' -- No improvement

______________________________

No further reduction possible.

Result:
	# of nodes: 			7
	# of irgs: 				1
	# of cf manipulations: 	2
	# of memory operations: 0
	# of types: 			2578

2018-08-23 19:57:40