2018-08-24 10:45:47 -- Firmreduce -- Results

Initial Test-case size:
	# of nodes: 			18156
	# of irgs: 				4
	# of cf manipulations: 	263
	# of memory operations: 2779
	# of types: 			3242


Using pass: pass_libfirm_dead_code_elimination -- No improvement
	# of nodes: 			18156
	# of irgs: 				4
	# of cf manipulations: 	263
	# of memory operations: 2779
	# of types: 			3242



Using pass: pass_replace_return_values -- Successful
	# of nodes: 			5290
	# of irgs: 				4
	# of cf manipulations: 	96
	# of memory operations: 825
	# of types: 			3242



Using pass: pass_libfirm_do_loop_unrolling -- No improvement
	# of nodes: 			5290
	# of irgs: 				4
	# of cf manipulations: 	96
	# of memory operations: 825
	# of types: 			3242



Using pass: pass_libfirm_opt_tail_rec -- No improvement
	# of nodes: 			5290
	# of irgs: 				4
	# of cf manipulations: 	96
	# of memory operations: 825
	# of types: 			3242



Using pass: pass_replace_return_values -- Successful
	# of nodes: 			797
	# of irgs: 				4
	# of cf manipulations: 	11
	# of memory operations: 229
	# of types: 			3242



Using pass: pass_libfirm_opt_ldst
	 :: Pass failed on irg 'r_func_1'
	 :: Pass failed on irg '_main'
	 :: Pass failed on irg '_main'
	 :: Pass failed on irg 'r_func_2' -- No improvement
	# of nodes: 			797
	# of irgs: 				4
	# of cf manipulations: 	11
	# of memory operations: 229
	# of types: 			3242



Using pass: pass_remove_void_calls -- No improvement
	# of nodes: 			797
	# of irgs: 				4
	# of cf manipulations: 	11
	# of memory operations: 229
	# of types: 			3242



Using pass: pass_libfirm_remove_bads -- No improvement
	# of nodes: 			797
	# of irgs: 				4
	# of cf manipulations: 	11
	# of memory operations: 229
	# of types: 			3242



Using pass: pass_remove_void_calls -- No improvement
	# of nodes: 			797
	# of irgs: 				4
	# of cf manipulations: 	11
	# of memory operations: 229
	# of types: 			3242



Using pass: pass_libfirm_normalize_one_return -- No improvement
	# of nodes: 			797
	# of irgs: 				4
	# of cf manipulations: 	11
	# of memory operations: 229
	# of types: 			3242



Using pass: pass_libfirm_opt_blocks -- No improvement
	# of nodes: 			797
	# of irgs: 				4
	# of cf manipulations: 	11
	# of memory operations: 229
	# of types: 			3242



Using pass: pass_libfirm_do_loop_inversion -- No improvement
	# of nodes: 			797
	# of irgs: 				4
	# of cf manipulations: 	11
	# of memory operations: 229
	# of types: 			3242



Using pass: pass_libfirm_opt_funccalls -- No improvement
	# of nodes: 			797
	# of irgs: 				4
	# of cf manipulations: 	11
	# of memory operations: 229
	# of types: 			3242



Using pass: pass_libfirm_place_code -- No improvement
	# of nodes: 			797
	# of irgs: 				4
	# of cf manipulations: 	11
	# of memory operations: 229
	# of types: 			3242



Using pass: pass_libfirm_gvn_pre -- No improvement
	# of nodes: 			797
	# of irgs: 				4
	# of cf manipulations: 	11
	# of memory operations: 229
	# of types: 			3242



Using pass: pass_remove_allocs
	 :: Pass failed on irg '_main'
	 :: Pass failed on irg '_main' -- Successful
	# of nodes: 			755
	# of irgs: 				4
	# of cf manipulations: 	11
	# of memory operations: 208
	# of types: 			3242



Using pass: pass_replace_loads -- No improvement
	# of nodes: 			755
	# of irgs: 				4
	# of cf manipulations: 	11
	# of memory operations: 208
	# of types: 			3242



Using pass: pass_libfirm_opt_funccalls -- No improvement
	# of nodes: 			755
	# of irgs: 				4
	# of cf manipulations: 	11
	# of memory operations: 208
	# of types: 			3242



Using pass: pass_gc_irgs_primitive -- Successful
	# of nodes: 			502
	# of irgs: 				2
	# of cf manipulations: 	7
	# of memory operations: 136
	# of types: 			3242



Using pass: pass_libfirm_conv_opt -- No improvement
	# of nodes: 			502
	# of irgs: 				2
	# of cf manipulations: 	7
	# of memory operations: 136
	# of types: 			3242



Using pass: pass_libfirm_opt_frame -- No improvement
	# of nodes: 			502
	# of irgs: 				2
	# of cf manipulations: 	7
	# of memory operations: 136
	# of types: 			3242



Using pass: pass_libfirm_normalize_one_return -- No improvement
	# of nodes: 			502
	# of irgs: 				2
	# of cf manipulations: 	7
	# of memory operations: 136
	# of types: 			3242



Using pass: pass_libfirm_opt_funccalls -- No improvement
	# of nodes: 			502
	# of irgs: 				2
	# of cf manipulations: 	7
	# of memory operations: 136
	# of types: 			3242



Using pass: pass_gc_entitites -- No improvement
	# of nodes: 			502
	# of irgs: 				2
	# of cf manipulations: 	7
	# of memory operations: 136
	# of types: 			3242



Using pass: pass_libfirm_normalize_one_return -- No improvement
	# of nodes: 			502
	# of irgs: 				2
	# of cf manipulations: 	7
	# of memory operations: 136
	# of types: 			3242



Using pass: pass_gc_entitites -- No improvement
	# of nodes: 			502
	# of irgs: 				2
	# of cf manipulations: 	7
	# of memory operations: 136
	# of types: 			3242



Using pass: pass_libfirm_opt_jumpthreading -- No improvement
	# of nodes: 			502
	# of irgs: 				2
	# of cf manipulations: 	7
	# of memory operations: 136
	# of types: 			3242



Using pass: pass_check_validity -- No improvement
	# of nodes: 			502
	# of irgs: 				2
	# of cf manipulations: 	7
	# of memory operations: 136
	# of types: 			3242



Using pass: pass_replace_proj_primitive -- Successful
	# of nodes: 			357
	# of irgs: 				2
	# of cf manipulations: 	5
	# of memory operations: 131
	# of types: 			3242



Using pass: pass_libfirm_remove_unreachable -- No improvement
	# of nodes: 			357
	# of irgs: 				2
	# of cf manipulations: 	5
	# of memory operations: 131
	# of types: 			3242



Using pass: pass_gc_irgs -- No improvement
	# of nodes: 			357
	# of irgs: 				2
	# of cf manipulations: 	5
	# of memory operations: 131
	# of types: 			3242



Using pass: pass_replace_return_values -- No improvement
	# of nodes: 			357
	# of irgs: 				2
	# of cf manipulations: 	5
	# of memory operations: 131
	# of types: 			3242



Using pass: pass_replace_return_values -- No improvement
	# of nodes: 			357
	# of irgs: 				2
	# of cf manipulations: 	5
	# of memory operations: 131
	# of types: 			3242



Using pass: pass_libfirm_opt_ldst
	 :: Pass failed on irg 'r_func_1'
	 :: Pass failed on irg 'r_func_1' -- No improvement
	# of nodes: 			357
	# of irgs: 				2
	# of cf manipulations: 	5
	# of memory operations: 131
	# of types: 			3242



Using pass: pass_libfirm_scalar_replacement_opt -- No improvement
	# of nodes: 			357
	# of irgs: 				2
	# of cf manipulations: 	5
	# of memory operations: 131
	# of types: 			3242



Using pass: pass_libfirm_do_loop_unrolling -- No improvement
	# of nodes: 			357
	# of irgs: 				2
	# of cf manipulations: 	5
	# of memory operations: 131
	# of types: 			3242



Using pass: pass_libfirm_dead_code_elimination -- No improvement
	# of nodes: 			357
	# of irgs: 				2
	# of cf manipulations: 	5
	# of memory operations: 131
	# of types: 			3242



Using pass: pass_libfirm_optimize_load_store -- No improvement
	# of nodes: 			357
	# of irgs: 				2
	# of cf manipulations: 	5
	# of memory operations: 131
	# of types: 			3242



Using pass: pass_libfirm_do_loop_peeling
	 :: Pass failed on irg 'r_func_1' -- No improvement
	# of nodes: 			357
	# of irgs: 				2
	# of cf manipulations: 	5
	# of memory operations: 131
	# of types: 			3242



Using pass: pass_libfirm_opt_jumpthreading -- No improvement
	# of nodes: 			357
	# of irgs: 				2
	# of cf manipulations: 	5
	# of memory operations: 131
	# of types: 			3242



Using pass: pass_libfirm_opt_tail_rec -- No improvement
	# of nodes: 			357
	# of irgs: 				2
	# of cf manipulations: 	5
	# of memory operations: 131
	# of types: 			3242



Using pass: pass_replace_cond_selectors -- No improvement
	# of nodes: 			357
	# of irgs: 				2
	# of cf manipulations: 	5
	# of memory operations: 131
	# of types: 			3242



Using pass: pass_libfirm_occult_consts -- No improvement
	# of nodes: 			357
	# of irgs: 				2
	# of cf manipulations: 	5
	# of memory operations: 131
	# of types: 			3242



Using pass: pass_replace_cond_selectors -- No improvement
	# of nodes: 			357
	# of irgs: 				2
	# of cf manipulations: 	5
	# of memory operations: 131
	# of types: 			3242



Using pass: pass_libfirm_optimize_load_store -- No improvement
	# of nodes: 			357
	# of irgs: 				2
	# of cf manipulations: 	5
	# of memory operations: 131
	# of types: 			3242



Using pass: pass_libfirm_combo -- No improvement
	# of nodes: 			357
	# of irgs: 				2
	# of cf manipulations: 	5
	# of memory operations: 131
	# of types: 			3242



Using pass: pass_libfirm_combo -- No improvement
	# of nodes: 			357
	# of irgs: 				2
	# of cf manipulations: 	5
	# of memory operations: 131
	# of types: 			3242



Using pass: pass_libfirm_remove_tuples -- No improvement
	# of nodes: 			357
	# of irgs: 				2
	# of cf manipulations: 	5
	# of memory operations: 131
	# of types: 			3242



Using pass: pass_libfirm_do_loop_unrolling -- No improvement
	# of nodes: 			357
	# of irgs: 				2
	# of cf manipulations: 	5
	# of memory operations: 131
	# of types: 			3242



Using pass: pass_replace_arithmetic -- No improvement
	# of nodes: 			357
	# of irgs: 				2
	# of cf manipulations: 	5
	# of memory operations: 131
	# of types: 			3242



Using pass: pass_remove_void_calls -- No improvement
	# of nodes: 			357
	# of irgs: 				2
	# of cf manipulations: 	5
	# of memory operations: 131
	# of types: 			3242



Using pass: pass_libfirm_remove_bads -- No improvement
	# of nodes: 			357
	# of irgs: 				2
	# of cf manipulations: 	5
	# of memory operations: 131
	# of types: 			3242



Using pass: pass_libfirm_do_loop_unrolling -- No improvement
	# of nodes: 			357
	# of irgs: 				2
	# of cf manipulations: 	5
	# of memory operations: 131
	# of types: 			3242



Using pass: pass_replace_members -- No improvement
	# of nodes: 			357
	# of irgs: 				2
	# of cf manipulations: 	5
	# of memory operations: 131
	# of types: 			3242



Using pass: pass_libfirm_opt_frame -- No improvement
	# of nodes: 			357
	# of irgs: 				2
	# of cf manipulations: 	5
	# of memory operations: 131
	# of types: 			3242



Using pass: pass_libfirm_gvn_pre -- No improvement
	# of nodes: 			357
	# of irgs: 				2
	# of cf manipulations: 	5
	# of memory operations: 131
	# of types: 			3242



Using pass: pass_libfirm_dead_code_elimination -- No improvement
	# of nodes: 			357
	# of irgs: 				2
	# of cf manipulations: 	5
	# of memory operations: 131
	# of types: 			3242



Using pass: pass_libfirm_dead_code_elimination -- No improvement
	# of nodes: 			357
	# of irgs: 				2
	# of cf manipulations: 	5
	# of memory operations: 131
	# of types: 			3242



Using pass: pass_libfirm_optimize_load_store -- No improvement
	# of nodes: 			357
	# of irgs: 				2
	# of cf manipulations: 	5
	# of memory operations: 131
	# of types: 			3242



Using pass: pass_libfirm_place_code -- No improvement
	# of nodes: 			357
	# of irgs: 				2
	# of cf manipulations: 	5
	# of memory operations: 131
	# of types: 			3242



Using pass: pass_replace_arithmetic -- No improvement
	# of nodes: 			357
	# of irgs: 				2
	# of cf manipulations: 	5
	# of memory operations: 131
	# of types: 			3242



Using pass: pass_libfirm_do_loop_peeling
	 :: Pass failed on irg 'r_func_1'
	 :: Pass failed on irg 'r_func_1' -- No improvement
	# of nodes: 			357
	# of irgs: 				2
	# of cf manipulations: 	5
	# of memory operations: 131
	# of types: 			3242



Using pass: pass_libfirm_optimize_cf -- No improvement
	# of nodes: 			357
	# of irgs: 				2
	# of cf manipulations: 	5
	# of memory operations: 131
	# of types: 			3242



Using pass: pass_libfirm_construct_confirms -- No improvement
	# of nodes: 			357
	# of irgs: 				2
	# of cf manipulations: 	5
	# of memory operations: 131
	# of types: 			3242



Using pass: pass_replace_proj_primitive -- No improvement
	# of nodes: 			357
	# of irgs: 				2
	# of cf manipulations: 	5
	# of memory operations: 131
	# of types: 			3242



Using pass: pass_replace_proj_primitive -- No improvement
	# of nodes: 			357
	# of irgs: 				2
	# of cf manipulations: 	5
	# of memory operations: 131
	# of types: 			3242



Using pass: pass_libfirm_opt_blocks -- No improvement
	# of nodes: 			357
	# of irgs: 				2
	# of cf manipulations: 	5
	# of memory operations: 131
	# of types: 			3242



Using pass: pass_libfirm_remove_bads -- No improvement
	# of nodes: 			357
	# of irgs: 				2
	# of cf manipulations: 	5
	# of memory operations: 131
	# of types: 			3242



Using pass: pass_libfirm_gvn_pre -- No improvement
	# of nodes: 			357
	# of irgs: 				2
	# of cf manipulations: 	5
	# of memory operations: 131
	# of types: 			3242



Using pass: pass_check_validity -- No improvement
	# of nodes: 			357
	# of irgs: 				2
	# of cf manipulations: 	5
	# of memory operations: 131
	# of types: 			3242



Using pass: pass_libfirm_opt_parallelize_mem -- No improvement
	# of nodes: 			357
	# of irgs: 				2
	# of cf manipulations: 	5
	# of memory operations: 131
	# of types: 			3242



Using pass: pass_libfirm_construct_confirms -- No improvement
	# of nodes: 			357
	# of irgs: 				2
	# of cf manipulations: 	5
	# of memory operations: 131
	# of types: 			3242



Using pass: pass_libfirm_remove_unreachable -- No improvement
	# of nodes: 			357
	# of irgs: 				2
	# of cf manipulations: 	5
	# of memory operations: 131
	# of types: 			3242



Using pass: pass_libfirm_remove_tuples -- No improvement
	# of nodes: 			357
	# of irgs: 				2
	# of cf manipulations: 	5
	# of memory operations: 131
	# of types: 			3242



Using pass: pass_libfirm_opt_blocks -- No improvement
	# of nodes: 			357
	# of irgs: 				2
	# of cf manipulations: 	5
	# of memory operations: 131
	# of types: 			3242



Using pass: pass_libfirm_conv_opt -- No improvement
	# of nodes: 			357
	# of irgs: 				2
	# of cf manipulations: 	5
	# of memory operations: 131
	# of types: 			3242



Using pass: pass_libfirm_remove_critical_cf_edges -- No improvement
	# of nodes: 			357
	# of irgs: 				2
	# of cf manipulations: 	5
	# of memory operations: 131
	# of types: 			3242



Using pass: pass_libfirm_construct_confirms -- No improvement
	# of nodes: 			357
	# of irgs: 				2
	# of cf manipulations: 	5
	# of memory operations: 131
	# of types: 			3242



Using pass: pass_libfirm_opt_jumpthreading -- No improvement
	# of nodes: 			357
	# of irgs: 				2
	# of cf manipulations: 	5
	# of memory operations: 131
	# of types: 			3242



Using pass: pass_gc_irgs -- No improvement
	# of nodes: 			357
	# of irgs: 				2
	# of cf manipulations: 	5
	# of memory operations: 131
	# of types: 			3242



Using pass: pass_replace_arithmetic -- No improvement
	# of nodes: 			357
	# of irgs: 				2
	# of cf manipulations: 	5
	# of memory operations: 131
	# of types: 			3242



Using pass: pass_libfirm_do_loop_unrolling -- No improvement
	# of nodes: 			357
	# of irgs: 				2
	# of cf manipulations: 	5
	# of memory operations: 131
	# of types: 			3242



Using pass: pass_libfirm_scalar_replacement_opt -- No improvement
	# of nodes: 			357
	# of irgs: 				2
	# of cf manipulations: 	5
	# of memory operations: 131
	# of types: 			3242



Using pass: pass_libfirm_place_code -- No improvement
	# of nodes: 			357
	# of irgs: 				2
	# of cf manipulations: 	5
	# of memory operations: 131
	# of types: 			3242



Using pass: pass_replace_mux_selectors -- No improvement
	# of nodes: 			357
	# of irgs: 				2
	# of cf manipulations: 	5
	# of memory operations: 131
	# of types: 			3242



Using pass: pass_gc_irgs_primitive -- No improvement
	# of nodes: 			357
	# of irgs: 				2
	# of cf manipulations: 	5
	# of memory operations: 131
	# of types: 			3242



Using pass: pass_libfirm_gvn_pre -- No improvement
	# of nodes: 			357
	# of irgs: 				2
	# of cf manipulations: 	5
	# of memory operations: 131
	# of types: 			3242



Using pass: pass_replace_members -- No improvement
	# of nodes: 			357
	# of irgs: 				2
	# of cf manipulations: 	5
	# of memory operations: 131
	# of types: 			3242



Using pass: pass_libfirm_gvn_pre -- No improvement
	# of nodes: 			357
	# of irgs: 				2
	# of cf manipulations: 	5
	# of memory operations: 131
	# of types: 			3242



Using pass: pass_libfirm_opt_ldst
	 :: Pass failed on irg 'r_func_1'
	 :: Pass failed on irg 'main' -- No improvement
	# of nodes: 			357
	# of irgs: 				2
	# of cf manipulations: 	5
	# of memory operations: 131
	# of types: 			3242



Using pass: pass_libfirm_opt_if_conv -- No improvement
	# of nodes: 			357
	# of irgs: 				2
	# of cf manipulations: 	5
	# of memory operations: 131
	# of types: 			3242



Using pass: pass_libfirm_opt_jumpthreading -- No improvement
	# of nodes: 			357
	# of irgs: 				2
	# of cf manipulations: 	5
	# of memory operations: 131
	# of types: 			3242




 :: 2nd reduction cycle


______________________________

No further reduction possible.

Result:
	# of nodes: 			357
	# of irgs: 				2
	# of cf manipulations: 	5
	# of memory operations: 131
	# of types: 			3242

2018-08-24 10:46:01