2018-08-26 19:11:42 -- Firmreduce -- Results

Initial Test-case size:
	# of nodes: 			957
	# of irgs: 				6
	# of cf manipulations: 	73
	# of memory operations: 138
	# of types: 			214


Using pass: pass_libfirm_do_loop_peeling
	 :: Pass failed on irg '_main'
	 :: Pass failed on irg 'r_func_1'
	 :: Pass failed on irg 'r_func_1' -- No improvement
	# of nodes: 			957
	# of irgs: 				6
	# of cf manipulations: 	73
	# of memory operations: 138
	# of types: 			214



Using pass: pass_libfirm_opt_funccalls -- No improvement
	# of nodes: 			957
	# of irgs: 				6
	# of cf manipulations: 	73
	# of memory operations: 138
	# of types: 			214



Using pass: pass_libfirm_opt_frame -- No improvement
	# of nodes: 			957
	# of irgs: 				6
	# of cf manipulations: 	73
	# of memory operations: 138
	# of types: 			214



Using pass: pass_libfirm_place_code -- No improvement
	# of nodes: 			957
	# of irgs: 				6
	# of cf manipulations: 	73
	# of memory operations: 138
	# of types: 			214



Using pass: pass_libfirm_scalar_replacement_opt -- No improvement
	# of nodes: 			957
	# of irgs: 				6
	# of cf manipulations: 	73
	# of memory operations: 138
	# of types: 			214



Using pass: pass_libfirm_opt_frame -- No improvement
	# of nodes: 			957
	# of irgs: 				6
	# of cf manipulations: 	73
	# of memory operations: 138
	# of types: 			214



Using pass: pass_gc_irgs
	 :: interestingness test failed on irg 'main'
	 :: Pass failed on irg 'r_func_4'
	 :: Pass failed on irg 'r_func_2'
	 :: interestingness test failed on irg 'main' -- No improvement
	# of nodes: 			957
	# of irgs: 				6
	# of cf manipulations: 	73
	# of memory operations: 138
	# of types: 			214



Using pass: pass_libfirm_opt_funccalls -- No improvement
	# of nodes: 			957
	# of irgs: 				6
	# of cf manipulations: 	73
	# of memory operations: 138
	# of types: 			214



Using pass: pass_libfirm_place_code -- No improvement
	# of nodes: 			957
	# of irgs: 				6
	# of cf manipulations: 	73
	# of memory operations: 138
	# of types: 			214



Using pass: pass_gc_irgs
	 :: Pass failed on irg '_main'
	 :: interestingness test failed on irg 'main'
	 :: Pass failed on irg 'r_func_2'
	 :: Pass failed on irg 'r_func_2'
	 :: Pass failed on irg '_main' -- No improvement
	# of nodes: 			957
	# of irgs: 				6
	# of cf manipulations: 	73
	# of memory operations: 138
	# of types: 			214



Using pass: pass_replace_arithmetic -- Successful
	# of nodes: 			576
	# of irgs: 				6
	# of cf manipulations: 	44
	# of memory operations: 99
	# of types: 			214



Using pass: pass_libfirm_remove_critical_cf_edges -- No improvement
	# of nodes: 			576
	# of irgs: 				6
	# of cf manipulations: 	44
	# of memory operations: 99
	# of types: 			214



Using pass: pass_libfirm_do_loop_inversion -- No improvement
	# of nodes: 			576
	# of irgs: 				6
	# of cf manipulations: 	44
	# of memory operations: 99
	# of types: 			214



Using pass: pass_libfirm_construct_confirms -- No improvement
	# of nodes: 			576
	# of irgs: 				6
	# of cf manipulations: 	44
	# of memory operations: 99
	# of types: 			214



Using pass: pass_libfirm_conv_opt -- Successful
	# of nodes: 			526
	# of irgs: 				6
	# of cf manipulations: 	44
	# of memory operations: 99
	# of types: 			214



Using pass: pass_libfirm_occult_consts -- No improvement
	# of nodes: 			526
	# of irgs: 				6
	# of cf manipulations: 	44
	# of memory operations: 99
	# of types: 			214



Using pass: pass_libfirm_remove_critical_cf_edges -- No improvement
	# of nodes: 			526
	# of irgs: 				6
	# of cf manipulations: 	44
	# of memory operations: 99
	# of types: 			214



Using pass: pass_libfirm_normalize_n_returns -- Successful
	# of nodes: 			519
	# of irgs: 				6
	# of cf manipulations: 	41
	# of memory operations: 99
	# of types: 			214



Using pass: pass_check_validity -- No improvement
	# of nodes: 			519
	# of irgs: 				6
	# of cf manipulations: 	41
	# of memory operations: 99
	# of types: 			214



Using pass: pass_libfirm_optimize_graph_df -- Successful
	# of nodes: 			511
	# of irgs: 				6
	# of cf manipulations: 	39
	# of memory operations: 99
	# of types: 			214



Using pass: pass_libfirm_opt_parallelize_mem -- Successful
	# of nodes: 			513
	# of irgs: 				6
	# of cf manipulations: 	39
	# of memory operations: 99
	# of types: 			214



Using pass: pass_libfirm_do_loop_peeling
	 :: Pass failed on irg 'r_func_1'
	 :: Pass failed on irg 'r_func_1' -- No improvement
	# of nodes: 			513
	# of irgs: 				6
	# of cf manipulations: 	39
	# of memory operations: 99
	# of types: 			214



Using pass: pass_libfirm_opt_bool -- No improvement
	# of nodes: 			513
	# of irgs: 				6
	# of cf manipulations: 	39
	# of memory operations: 99
	# of types: 			214



Using pass: pass_libfirm_remove_bads -- Successful
	# of nodes: 			509
	# of irgs: 				6
	# of cf manipulations: 	39
	# of memory operations: 99
	# of types: 			214



Using pass: pass_libfirm_combo -- Successful
	# of nodes: 			503
	# of irgs: 				6
	# of cf manipulations: 	36
	# of memory operations: 99
	# of types: 			214



Using pass: pass_remove_stores -- Successful
	# of nodes: 			405
	# of irgs: 				6
	# of cf manipulations: 	30
	# of memory operations: 78
	# of types: 			214



Using pass: pass_libfirm_do_loop_peeling
	 :: Pass failed on irg 'r_func_1'
	 :: Pass failed on irg 'r_func_1' -- No improvement
	# of nodes: 			405
	# of irgs: 				6
	# of cf manipulations: 	30
	# of memory operations: 78
	# of types: 			214



Using pass: pass_libfirm_optimize_reassociation -- No improvement
	# of nodes: 			405
	# of irgs: 				6
	# of cf manipulations: 	30
	# of memory operations: 78
	# of types: 			214



Using pass: pass_libfirm_opt_jumpthreading -- No improvement
	# of nodes: 			405
	# of irgs: 				6
	# of cf manipulations: 	30
	# of memory operations: 78
	# of types: 			214



Using pass: pass_libfirm_normalize_one_return -- No improvement
	# of nodes: 			405
	# of irgs: 				6
	# of cf manipulations: 	30
	# of memory operations: 78
	# of types: 			214



Using pass: pass_libfirm_occult_consts -- No improvement
	# of nodes: 			405
	# of irgs: 				6
	# of cf manipulations: 	30
	# of memory operations: 78
	# of types: 			214



Using pass: pass_gc_irgs
	 :: Pass failed on irg 'r_func_3'
	 :: Pass failed on irg '_main'
	 :: Pass failed on irg 'r_func_3'
	 :: Pass failed on irg 'r_func_3'
	 :: Pass failed on irg '_main'
	 :: Pass failed on irg 'r_func_3' -- No improvement
	# of nodes: 			405
	# of irgs: 				6
	# of cf manipulations: 	30
	# of memory operations: 78
	# of types: 			214



Using pass: pass_libfirm_normalize_n_returns -- Successful
	# of nodes: 			397
	# of irgs: 				6
	# of cf manipulations: 	28
	# of memory operations: 78
	# of types: 			214



Using pass: pass_libfirm_opt_ldst
	 :: Pass failed on irg 'main'
	 :: Pass failed on irg 'r_func_1'
	 :: Pass failed on irg 'r_func_2'
	 :: Pass failed on irg 'r_func_1'
	 :: Pass failed on irg 'r_func_3'
	 :: Pass failed on irg 'r_func_2' -- No improvement
	# of nodes: 			397
	# of irgs: 				6
	# of cf manipulations: 	28
	# of memory operations: 78
	# of types: 			214



Using pass: pass_libfirm_occult_consts -- No improvement
	# of nodes: 			397
	# of irgs: 				6
	# of cf manipulations: 	28
	# of memory operations: 78
	# of types: 			214



Using pass: pass_libfirm_opt_parallelize_mem -- No improvement
	# of nodes: 			397
	# of irgs: 				6
	# of cf manipulations: 	28
	# of memory operations: 78
	# of types: 			214



Using pass: pass_simplify_consts -- Successful
	# of nodes: 			330
	# of irgs: 				6
	# of cf manipulations: 	26
	# of memory operations: 76
	# of types: 			214



Using pass: pass_remove_void_calls -- Successful
	# of nodes: 			310
	# of irgs: 				6
	# of cf manipulations: 	26
	# of memory operations: 70
	# of types: 			214



Using pass: pass_libfirm_scalar_replacement_opt -- No improvement
	# of nodes: 			310
	# of irgs: 				6
	# of cf manipulations: 	26
	# of memory operations: 70
	# of types: 			214



Using pass: pass_libfirm_remove_unreachable -- No improvement
	# of nodes: 			310
	# of irgs: 				6
	# of cf manipulations: 	26
	# of memory operations: 70
	# of types: 			214



Using pass: pass_gc_entitites -- No improvement
	# of nodes: 			310
	# of irgs: 				6
	# of cf manipulations: 	26
	# of memory operations: 70
	# of types: 			214



Using pass: pass_libfirm_do_loop_peeling
	 :: Pass failed on irg 'r_func_1' -- No improvement
	# of nodes: 			310
	# of irgs: 				6
	# of cf manipulations: 	26
	# of memory operations: 70
	# of types: 			214



Using pass: pass_libfirm_do_loop_unrolling -- No improvement
	# of nodes: 			310
	# of irgs: 				6
	# of cf manipulations: 	26
	# of memory operations: 70
	# of types: 			214



Using pass: pass_libfirm_optimize_cf -- Successful
	# of nodes: 			304
	# of irgs: 				6
	# of cf manipulations: 	23
	# of memory operations: 70
	# of types: 			214



Using pass: pass_libfirm_optimize_cf -- No improvement
	# of nodes: 			304
	# of irgs: 				6
	# of cf manipulations: 	23
	# of memory operations: 70
	# of types: 			214



Using pass: pass_libfirm_remove_unreachable -- No improvement
	# of nodes: 			304
	# of irgs: 				6
	# of cf manipulations: 	23
	# of memory operations: 70
	# of types: 			214



Using pass: pass_libfirm_place_code -- Successful
	# of nodes: 			308
	# of irgs: 				6
	# of cf manipulations: 	25
	# of memory operations: 70
	# of types: 			214



Using pass: pass_gc_entitites -- No improvement
	# of nodes: 			308
	# of irgs: 				6
	# of cf manipulations: 	25
	# of memory operations: 70
	# of types: 			214



Using pass: pass_replace_arithmetic -- No improvement
	# of nodes: 			308
	# of irgs: 				6
	# of cf manipulations: 	25
	# of memory operations: 70
	# of types: 			214



Using pass: pass_libfirm_remove_tuples -- No improvement
	# of nodes: 			308
	# of irgs: 				6
	# of cf manipulations: 	25
	# of memory operations: 70
	# of types: 			214



Using pass: pass_libfirm_opt_bool -- No improvement
	# of nodes: 			308
	# of irgs: 				6
	# of cf manipulations: 	25
	# of memory operations: 70
	# of types: 			214



Using pass: pass_libfirm_opt_blocks -- Successful
	# of nodes: 			299
	# of irgs: 				6
	# of cf manipulations: 	23
	# of memory operations: 70
	# of types: 			214



Using pass: pass_libfirm_conv_opt -- No improvement
	# of nodes: 			299
	# of irgs: 				6
	# of cf manipulations: 	23
	# of memory operations: 70
	# of types: 			214



Using pass: pass_replace_members -- No improvement
	# of nodes: 			299
	# of irgs: 				6
	# of cf manipulations: 	23
	# of memory operations: 70
	# of types: 			214



Using pass: pass_replace_switch_selectors -- No improvement
	# of nodes: 			299
	# of irgs: 				6
	# of cf manipulations: 	23
	# of memory operations: 70
	# of types: 			214



Using pass: pass_libfirm_opt_blocks -- No improvement
	# of nodes: 			299
	# of irgs: 				6
	# of cf manipulations: 	23
	# of memory operations: 70
	# of types: 			214



Using pass: pass_remove_void_calls -- No improvement
	# of nodes: 			299
	# of irgs: 				6
	# of cf manipulations: 	23
	# of memory operations: 70
	# of types: 			214



Using pass: pass_libfirm_opt_frame -- No improvement
	# of nodes: 			299
	# of irgs: 				6
	# of cf manipulations: 	23
	# of memory operations: 70
	# of types: 			214



Using pass: pass_libfirm_opt_bool -- No improvement
	# of nodes: 			299
	# of irgs: 				6
	# of cf manipulations: 	23
	# of memory operations: 70
	# of types: 			214



Using pass: pass_libfirm_occult_consts -- No improvement
	# of nodes: 			299
	# of irgs: 				6
	# of cf manipulations: 	23
	# of memory operations: 70
	# of types: 			214



Using pass: pass_libfirm_optimize_graph_df -- No improvement
	# of nodes: 			299
	# of irgs: 				6
	# of cf manipulations: 	23
	# of memory operations: 70
	# of types: 			214



Using pass: pass_replace_members -- No improvement
	# of nodes: 			299
	# of irgs: 				6
	# of cf manipulations: 	23
	# of memory operations: 70
	# of types: 			214



Using pass: pass_libfirm_remove_critical_cf_edges -- No improvement
	# of nodes: 			299
	# of irgs: 				6
	# of cf manipulations: 	23
	# of memory operations: 70
	# of types: 			214



Using pass: pass_replace_return_values -- Successful
	# of nodes: 			301
	# of irgs: 				6
	# of cf manipulations: 	25
	# of memory operations: 70
	# of types: 			214



Using pass: pass_libfirm_opt_bool -- No improvement
	# of nodes: 			301
	# of irgs: 				6
	# of cf manipulations: 	25
	# of memory operations: 70
	# of types: 			214



Using pass: pass_libfirm_optimize_load_store
	 :: interestingness test failed on irg '_main'
	 :: interestingness test failed on irg '_main' -- Successful
	# of nodes: 			264
	# of irgs: 				6
	# of cf manipulations: 	25
	# of memory operations: 61
	# of types: 			214



Using pass: pass_gc_irgs_primitive -- Successful
	# of nodes: 			173
	# of irgs: 				4
	# of cf manipulations: 	17
	# of memory operations: 38
	# of types: 			214



Using pass: pass_libfirm_gvn_pre -- No improvement
	# of nodes: 			173
	# of irgs: 				4
	# of cf manipulations: 	17
	# of memory operations: 38
	# of types: 			214



Using pass: pass_libfirm_optimize_load_store
	 :: interestingness test failed on irg '_main'
	 :: interestingness test failed on irg '_main' -- No improvement
	# of nodes: 			173
	# of irgs: 				4
	# of cf manipulations: 	17
	# of memory operations: 38
	# of types: 			214



Using pass: pass_libfirm_opt_jumpthreading -- No improvement
	# of nodes: 			173
	# of irgs: 				4
	# of cf manipulations: 	17
	# of memory operations: 38
	# of types: 			214



Using pass: pass_libfirm_place_code -- No improvement
	# of nodes: 			173
	# of irgs: 				4
	# of cf manipulations: 	17
	# of memory operations: 38
	# of types: 			214



Using pass: pass_libfirm_remove_bads -- No improvement
	# of nodes: 			173
	# of irgs: 				4
	# of cf manipulations: 	17
	# of memory operations: 38
	# of types: 			214



Using pass: pass_libfirm_optimize_graph_df -- No improvement
	# of nodes: 			173
	# of irgs: 				4
	# of cf manipulations: 	17
	# of memory operations: 38
	# of types: 			214



Using pass: pass_replace_arithmetic -- No improvement
	# of nodes: 			173
	# of irgs: 				4
	# of cf manipulations: 	17
	# of memory operations: 38
	# of types: 			214



Using pass: pass_libfirm_opt_tail_rec -- Successful
	# of nodes: 			170
	# of irgs: 				4
	# of cf manipulations: 	16
	# of memory operations: 38
	# of types: 			214



Using pass: pass_libfirm_dead_code_elimination -- No improvement
	# of nodes: 			170
	# of irgs: 				4
	# of cf manipulations: 	16
	# of memory operations: 38
	# of types: 			214



Using pass: pass_replace_cond_selectors -- Successful
	# of nodes: 			114
	# of irgs: 				4
	# of cf manipulations: 	8
	# of memory operations: 31
	# of types: 			214



Using pass: pass_libfirm_dead_code_elimination -- No improvement
	# of nodes: 			114
	# of irgs: 				4
	# of cf manipulations: 	8
	# of memory operations: 31
	# of types: 			214



Using pass: pass_libfirm_optimize_load_store
	 :: interestingness test failed on irg '_main' -- Successful
	# of nodes: 			105
	# of irgs: 				4
	# of cf manipulations: 	8
	# of memory operations: 29
	# of types: 			214



Using pass: pass_replace_return_values -- Successful
	# of nodes: 			103
	# of irgs: 				4
	# of cf manipulations: 	8
	# of memory operations: 29
	# of types: 			214



Using pass: pass_libfirm_opt_funccalls -- No improvement
	# of nodes: 			103
	# of irgs: 				4
	# of cf manipulations: 	8
	# of memory operations: 29
	# of types: 			214



Using pass: pass_remove_allocs -- Successful
	# of nodes: 			62
	# of irgs: 				4
	# of cf manipulations: 	8
	# of memory operations: 9
	# of types: 			214



Using pass: pass_remove_allocs -- No improvement
	# of nodes: 			62
	# of irgs: 				4
	# of cf manipulations: 	8
	# of memory operations: 9
	# of types: 			214



Using pass: pass_libfirm_do_loop_peeling -- No improvement
	# of nodes: 			62
	# of irgs: 				4
	# of cf manipulations: 	8
	# of memory operations: 9
	# of types: 			214



Using pass: pass_libfirm_occult_consts -- No improvement
	# of nodes: 			62
	# of irgs: 				4
	# of cf manipulations: 	8
	# of memory operations: 9
	# of types: 			214



Using pass: pass_libfirm_construct_confirms -- No improvement
	# of nodes: 			62
	# of irgs: 				4
	# of cf manipulations: 	8
	# of memory operations: 9
	# of types: 			214



Using pass: pass_libfirm_normalize_one_return -- No improvement
	# of nodes: 			62
	# of irgs: 				4
	# of cf manipulations: 	8
	# of memory operations: 9
	# of types: 			214



Using pass: pass_libfirm_occult_consts -- No improvement
	# of nodes: 			62
	# of irgs: 				4
	# of cf manipulations: 	8
	# of memory operations: 9
	# of types: 			214



Using pass: pass_libfirm_conv_opt -- No improvement
	# of nodes: 			62
	# of irgs: 				4
	# of cf manipulations: 	8
	# of memory operations: 9
	# of types: 			214



Using pass: pass_libfirm_do_loop_unrolling -- No improvement
	# of nodes: 			62
	# of irgs: 				4
	# of cf manipulations: 	8
	# of memory operations: 9
	# of types: 			214



Using pass: pass_libfirm_opt_jumpthreading -- No improvement
	# of nodes: 			62
	# of irgs: 				4
	# of cf manipulations: 	8
	# of memory operations: 9
	# of types: 			214



Using pass: pass_libfirm_conv_opt -- No improvement
	# of nodes: 			62
	# of irgs: 				4
	# of cf manipulations: 	8
	# of memory operations: 9
	# of types: 			214



Using pass: pass_libfirm_opt_funccalls -- No improvement
	# of nodes: 			62
	# of irgs: 				4
	# of cf manipulations: 	8
	# of memory operations: 9
	# of types: 			214



Using pass: pass_replace_loads
	 :: Pass failed on irg '_main' -- No improvement
	# of nodes: 			62
	# of irgs: 				4
	# of cf manipulations: 	8
	# of memory operations: 9
	# of types: 			214



Using pass: pass_libfirm_remove_unreachable -- No improvement
	# of nodes: 			62
	# of irgs: 				4
	# of cf manipulations: 	8
	# of memory operations: 9
	# of types: 			214



Using pass: pass_libfirm_do_loop_unrolling -- No improvement
	# of nodes: 			62
	# of irgs: 				4
	# of cf manipulations: 	8
	# of memory operations: 9
	# of types: 			214



Using pass: pass_libfirm_normalize_n_returns -- No improvement
	# of nodes: 			62
	# of irgs: 				4
	# of cf manipulations: 	8
	# of memory operations: 9
	# of types: 			214



Using pass: pass_libfirm_opt_if_conv -- No improvement
	# of nodes: 			62
	# of irgs: 				4
	# of cf manipulations: 	8
	# of memory operations: 9
	# of types: 			214



Using pass: pass_libfirm_combo -- No improvement
	# of nodes: 			62
	# of irgs: 				4
	# of cf manipulations: 	8
	# of memory operations: 9
	# of types: 			214



Using pass: pass_libfirm_opt_ldst
	 :: Pass failed on irg 'r_func_2'
	 :: Pass failed on irg 'r_func_1'
	 :: Pass failed on irg 'main'
	 :: Pass failed on irg 'r_func_1' -- No improvement
	# of nodes: 			62
	# of irgs: 				4
	# of cf manipulations: 	8
	# of memory operations: 9
	# of types: 			214



Using pass: pass_replace_return_values -- No improvement
	# of nodes: 			62
	# of irgs: 				4
	# of cf manipulations: 	8
	# of memory operations: 9
	# of types: 			214



Using pass: pass_libfirm_normalize_n_returns -- No improvement
	# of nodes: 			62
	# of irgs: 				4
	# of cf manipulations: 	8
	# of memory operations: 9
	# of types: 			214



Using pass: pass_check_validity -- No improvement
	# of nodes: 			62
	# of irgs: 				4
	# of cf manipulations: 	8
	# of memory operations: 9
	# of types: 			214



Using pass: pass_replace_proj_primitive -- Successful
	# of nodes: 			61
	# of irgs: 				4
	# of cf manipulations: 	8
	# of memory operations: 9
	# of types: 			214



Using pass: pass_libfirm_gvn_pre -- No improvement
	# of nodes: 			61
	# of irgs: 				4
	# of cf manipulations: 	8
	# of memory operations: 9
	# of types: 			214



Using pass: pass_libfirm_do_loop_inversion -- No improvement
	# of nodes: 			61
	# of irgs: 				4
	# of cf manipulations: 	8
	# of memory operations: 9
	# of types: 			214



Using pass: pass_replace_mux_selectors -- No improvement
	# of nodes: 			61
	# of irgs: 				4
	# of cf manipulations: 	8
	# of memory operations: 9
	# of types: 			214



Using pass: pass_libfirm_do_loop_unrolling -- No improvement
	# of nodes: 			61
	# of irgs: 				4
	# of cf manipulations: 	8
	# of memory operations: 9
	# of types: 			214



Using pass: pass_libfirm_occult_consts -- No improvement
	# of nodes: 			61
	# of irgs: 				4
	# of cf manipulations: 	8
	# of memory operations: 9
	# of types: 			214



Using pass: pass_libfirm_conv_opt -- No improvement
	# of nodes: 			61
	# of irgs: 				4
	# of cf manipulations: 	8
	# of memory operations: 9
	# of types: 			214



Using pass: pass_libfirm_optimize_graph_df -- No improvement
	# of nodes: 			61
	# of irgs: 				4
	# of cf manipulations: 	8
	# of memory operations: 9
	# of types: 			214



Using pass: pass_simplify_consts -- Successful
	# of nodes: 			60
	# of irgs: 				4
	# of cf manipulations: 	8
	# of memory operations: 9
	# of types: 			214



Using pass: pass_libfirm_place_code -- No improvement
	# of nodes: 			60
	# of irgs: 				4
	# of cf manipulations: 	8
	# of memory operations: 9
	# of types: 			214



Using pass: pass_libfirm_opt_tail_rec -- No improvement
	# of nodes: 			60
	# of irgs: 				4
	# of cf manipulations: 	8
	# of memory operations: 9
	# of types: 			214



Using pass: pass_replace_mux_selectors -- No improvement
	# of nodes: 			60
	# of irgs: 				4
	# of cf manipulations: 	8
	# of memory operations: 9
	# of types: 			214



Using pass: pass_libfirm_do_loop_peeling -- No improvement
	# of nodes: 			60
	# of irgs: 				4
	# of cf manipulations: 	8
	# of memory operations: 9
	# of types: 			214



Using pass: pass_libfirm_optimize_cf -- No improvement
	# of nodes: 			60
	# of irgs: 				4
	# of cf manipulations: 	8
	# of memory operations: 9
	# of types: 			214



Using pass: pass_libfirm_opt_if_conv -- No improvement
	# of nodes: 			60
	# of irgs: 				4
	# of cf manipulations: 	8
	# of memory operations: 9
	# of types: 			214



Using pass: pass_libfirm_gvn_pre -- No improvement
	# of nodes: 			60
	# of irgs: 				4
	# of cf manipulations: 	8
	# of memory operations: 9
	# of types: 			214



Using pass: pass_libfirm_place_code -- No improvement
	# of nodes: 			60
	# of irgs: 				4
	# of cf manipulations: 	8
	# of memory operations: 9
	# of types: 			214



Using pass: pass_libfirm_normalize_one_return -- No improvement
	# of nodes: 			60
	# of irgs: 				4
	# of cf manipulations: 	8
	# of memory operations: 9
	# of types: 			214



Using pass: pass_libfirm_combo -- No improvement
	# of nodes: 			60
	# of irgs: 				4
	# of cf manipulations: 	8
	# of memory operations: 9
	# of types: 			214



Using pass: pass_libfirm_optimize_load_store
	 :: interestingness test failed on irg '_main' -- Successful
	# of nodes: 			55
	# of irgs: 				4
	# of cf manipulations: 	8
	# of memory operations: 8
	# of types: 			214



Using pass: pass_libfirm_opt_if_conv -- No improvement
	# of nodes: 			55
	# of irgs: 				4
	# of cf manipulations: 	8
	# of memory operations: 8
	# of types: 			214



Using pass: pass_libfirm_scalar_replacement_opt -- No improvement
	# of nodes: 			55
	# of irgs: 				4
	# of cf manipulations: 	8
	# of memory operations: 8
	# of types: 			214



Using pass: pass_remove_void_calls -- Successful
	# of nodes: 			44
	# of irgs: 				4
	# of cf manipulations: 	8
	# of memory operations: 4
	# of types: 			214



Using pass: pass_replace_proj_primitive -- No improvement
	# of nodes: 			44
	# of irgs: 				4
	# of cf manipulations: 	8
	# of memory operations: 4
	# of types: 			214



Using pass: pass_gc_entitites -- No improvement
	# of nodes: 			44
	# of irgs: 				4
	# of cf manipulations: 	8
	# of memory operations: 4
	# of types: 			214



Using pass: pass_libfirm_opt_if_conv -- No improvement
	# of nodes: 			44
	# of irgs: 				4
	# of cf manipulations: 	8
	# of memory operations: 4
	# of types: 			214



Using pass: pass_replace_switch_selectors -- No improvement
	# of nodes: 			44
	# of irgs: 				4
	# of cf manipulations: 	8
	# of memory operations: 4
	# of types: 			214



Using pass: pass_replace_mux_selectors -- No improvement
	# of nodes: 			44
	# of irgs: 				4
	# of cf manipulations: 	8
	# of memory operations: 4
	# of types: 			214



Using pass: pass_check_validity -- No improvement
	# of nodes: 			44
	# of irgs: 				4
	# of cf manipulations: 	8
	# of memory operations: 4
	# of types: 			214



Using pass: pass_remove_stores -- No improvement
	# of nodes: 			44
	# of irgs: 				4
	# of cf manipulations: 	8
	# of memory operations: 4
	# of types: 			214



Using pass: pass_remove_allocs -- Successful
	# of nodes: 			41
	# of irgs: 				4
	# of cf manipulations: 	8
	# of memory operations: 3
	# of types: 			214



Using pass: pass_libfirm_dead_code_elimination -- No improvement
	# of nodes: 			41
	# of irgs: 				4
	# of cf manipulations: 	8
	# of memory operations: 3
	# of types: 			214



Using pass: pass_libfirm_remove_tuples -- No improvement
	# of nodes: 			41
	# of irgs: 				4
	# of cf manipulations: 	8
	# of memory operations: 3
	# of types: 			214



Using pass: pass_libfirm_optimize_reassociation -- No improvement
	# of nodes: 			41
	# of irgs: 				4
	# of cf manipulations: 	8
	# of memory operations: 3
	# of types: 			214



Using pass: pass_libfirm_construct_confirms -- No improvement
	# of nodes: 			41
	# of irgs: 				4
	# of cf manipulations: 	8
	# of memory operations: 3
	# of types: 			214



Using pass: pass_replace_loads -- No improvement
	# of nodes: 			41
	# of irgs: 				4
	# of cf manipulations: 	8
	# of memory operations: 3
	# of types: 			214



Using pass: pass_libfirm_remove_unreachable -- No improvement
	# of nodes: 			41
	# of irgs: 				4
	# of cf manipulations: 	8
	# of memory operations: 3
	# of types: 			214



Using pass: pass_gc_entitites -- No improvement
	# of nodes: 			41
	# of irgs: 				4
	# of cf manipulations: 	8
	# of memory operations: 3
	# of types: 			214



Using pass: pass_libfirm_remove_tuples -- No improvement
	# of nodes: 			41
	# of irgs: 				4
	# of cf manipulations: 	8
	# of memory operations: 3
	# of types: 			214



Using pass: pass_replace_cond_selectors -- No improvement
	# of nodes: 			41
	# of irgs: 				4
	# of cf manipulations: 	8
	# of memory operations: 3
	# of types: 			214



Using pass: pass_libfirm_opt_ldst
	 :: Pass failed on irg 'r_func_1'
	 :: Pass failed on irg 'r_func_1'
	 :: Pass failed on irg '_main'
	 :: Pass failed on irg 'main' -- No improvement
	# of nodes: 			41
	# of irgs: 				4
	# of cf manipulations: 	8
	# of memory operations: 3
	# of types: 			214



Using pass: pass_libfirm_construct_confirms -- No improvement
	# of nodes: 			41
	# of irgs: 				4
	# of cf manipulations: 	8
	# of memory operations: 3
	# of types: 			214



Using pass: pass_replace_members -- No improvement
	# of nodes: 			41
	# of irgs: 				4
	# of cf manipulations: 	8
	# of memory operations: 3
	# of types: 			214



Using pass: pass_remove_void_calls -- Successful
	# of nodes: 			38
	# of irgs: 				4
	# of cf manipulations: 	8
	# of memory operations: 2
	# of types: 			214



Using pass: pass_gc_entitites -- No improvement
	# of nodes: 			38
	# of irgs: 				4
	# of cf manipulations: 	8
	# of memory operations: 2
	# of types: 			214



Using pass: pass_replace_switch_selectors -- No improvement
	# of nodes: 			38
	# of irgs: 				4
	# of cf manipulations: 	8
	# of memory operations: 2
	# of types: 			214



Using pass: pass_libfirm_opt_jumpthreading -- No improvement
	# of nodes: 			38
	# of irgs: 				4
	# of cf manipulations: 	8
	# of memory operations: 2
	# of types: 			214



Using pass: pass_libfirm_do_loop_unrolling -- No improvement
	# of nodes: 			38
	# of irgs: 				4
	# of cf manipulations: 	8
	# of memory operations: 2
	# of types: 			214



Using pass: pass_libfirm_opt_blocks -- No improvement
	# of nodes: 			38
	# of irgs: 				4
	# of cf manipulations: 	8
	# of memory operations: 2
	# of types: 			214



Using pass: pass_libfirm_opt_parallelize_mem -- No improvement
	# of nodes: 			38
	# of irgs: 				4
	# of cf manipulations: 	8
	# of memory operations: 2
	# of types: 			214



Using pass: pass_libfirm_optimize_load_store
	 :: interestingness test failed on irg '_main' -- No improvement
	# of nodes: 			38
	# of irgs: 				4
	# of cf manipulations: 	8
	# of memory operations: 2
	# of types: 			214



Using pass: pass_libfirm_opt_ldst
	 :: Pass failed on irg 'r_func_1'
	 :: Pass failed on irg 'main'
	 :: Pass failed on irg '_main'
	 :: Pass failed on irg 'main' -- No improvement
	# of nodes: 			38
	# of irgs: 				4
	# of cf manipulations: 	8
	# of memory operations: 2
	# of types: 			214



Using pass: pass_libfirm_construct_confirms -- No improvement
	# of nodes: 			38
	# of irgs: 				4
	# of cf manipulations: 	8
	# of memory operations: 2
	# of types: 			214



Using pass: pass_libfirm_opt_blocks -- No improvement
	# of nodes: 			38
	# of irgs: 				4
	# of cf manipulations: 	8
	# of memory operations: 2
	# of types: 			214



Using pass: pass_libfirm_scalar_replacement_opt -- No improvement
	# of nodes: 			38
	# of irgs: 				4
	# of cf manipulations: 	8
	# of memory operations: 2
	# of types: 			214



Using pass: pass_libfirm_opt_bool -- No improvement
	# of nodes: 			38
	# of irgs: 				4
	# of cf manipulations: 	8
	# of memory operations: 2
	# of types: 			214



Using pass: pass_libfirm_optimize_graph_df -- No improvement
	# of nodes: 			38
	# of irgs: 				4
	# of cf manipulations: 	8
	# of memory operations: 2
	# of types: 			214



Using pass: pass_remove_void_calls -- No improvement
	# of nodes: 			38
	# of irgs: 				4
	# of cf manipulations: 	8
	# of memory operations: 2
	# of types: 			214



Using pass: pass_remove_allocs -- Successful
	# of nodes: 			35
	# of irgs: 				4
	# of cf manipulations: 	8
	# of memory operations: 1
	# of types: 			214



Using pass: pass_libfirm_remove_tuples -- No improvement
	# of nodes: 			35
	# of irgs: 				4
	# of cf manipulations: 	8
	# of memory operations: 1
	# of types: 			214



Using pass: pass_libfirm_opt_parallelize_mem -- No improvement
	# of nodes: 			35
	# of irgs: 				4
	# of cf manipulations: 	8
	# of memory operations: 1
	# of types: 			214



Using pass: pass_libfirm_gvn_pre -- No improvement
	# of nodes: 			35
	# of irgs: 				4
	# of cf manipulations: 	8
	# of memory operations: 1
	# of types: 			214



Using pass: pass_libfirm_remove_unreachable -- No improvement
	# of nodes: 			35
	# of irgs: 				4
	# of cf manipulations: 	8
	# of memory operations: 1
	# of types: 			214



Using pass: pass_gc_irgs
	 :: interestingness test failed on irg 'main'
	 :: interestingness test failed on irg 'r_func_1' -- No improvement
	# of nodes: 			35
	# of irgs: 				4
	# of cf manipulations: 	8
	# of memory operations: 1
	# of types: 			214



Using pass: pass_gc_irgs -- Successful
	# of nodes: 			21
	# of irgs: 				2
	# of cf manipulations: 	4
	# of memory operations: 1
	# of types: 			214



Using pass: pass_libfirm_optimize_load_store -- No improvement
	# of nodes: 			21
	# of irgs: 				2
	# of cf manipulations: 	4
	# of memory operations: 1
	# of types: 			214



Using pass: pass_replace_proj_primitive -- No improvement
	# of nodes: 			21
	# of irgs: 				2
	# of cf manipulations: 	4
	# of memory operations: 1
	# of types: 			214



Using pass: pass_remove_stores -- No improvement
	# of nodes: 			21
	# of irgs: 				2
	# of cf manipulations: 	4
	# of memory operations: 1
	# of types: 			214



Using pass: pass_libfirm_opt_jumpthreading -- No improvement
	# of nodes: 			21
	# of irgs: 				2
	# of cf manipulations: 	4
	# of memory operations: 1
	# of types: 			214



Using pass: pass_replace_return_values -- No improvement
	# of nodes: 			21
	# of irgs: 				2
	# of cf manipulations: 	4
	# of memory operations: 1
	# of types: 			214



Using pass: pass_libfirm_opt_funccalls -- No improvement
	# of nodes: 			21
	# of irgs: 				2
	# of cf manipulations: 	4
	# of memory operations: 1
	# of types: 			214



Using pass: pass_libfirm_normalize_n_returns -- No improvement
	# of nodes: 			21
	# of irgs: 				2
	# of cf manipulations: 	4
	# of memory operations: 1
	# of types: 			214



Using pass: pass_libfirm_remove_bads -- No improvement
	# of nodes: 			21
	# of irgs: 				2
	# of cf manipulations: 	4
	# of memory operations: 1
	# of types: 			214



Using pass: pass_libfirm_normalize_one_return -- No improvement
	# of nodes: 			21
	# of irgs: 				2
	# of cf manipulations: 	4
	# of memory operations: 1
	# of types: 			214



Using pass: pass_libfirm_gvn_pre -- No improvement
	# of nodes: 			21
	# of irgs: 				2
	# of cf manipulations: 	4
	# of memory operations: 1
	# of types: 			214



Using pass: pass_libfirm_opt_if_conv -- No improvement
	# of nodes: 			21
	# of irgs: 				2
	# of cf manipulations: 	4
	# of memory operations: 1
	# of types: 			214



Using pass: pass_libfirm_place_code -- No improvement
	# of nodes: 			21
	# of irgs: 				2
	# of cf manipulations: 	4
	# of memory operations: 1
	# of types: 			214



Using pass: pass_libfirm_remove_unreachable -- No improvement
	# of nodes: 			21
	# of irgs: 				2
	# of cf manipulations: 	4
	# of memory operations: 1
	# of types: 			214



Using pass: pass_replace_return_values -- No improvement
	# of nodes: 			21
	# of irgs: 				2
	# of cf manipulations: 	4
	# of memory operations: 1
	# of types: 			214



Using pass: pass_libfirm_opt_bool -- No improvement
	# of nodes: 			21
	# of irgs: 				2
	# of cf manipulations: 	4
	# of memory operations: 1
	# of types: 			214



Using pass: pass_gc_irgs_primitive
	 :: interestingness test failed on irg '_main' -- No improvement
	# of nodes: 			21
	# of irgs: 				2
	# of cf manipulations: 	4
	# of memory operations: 1
	# of types: 			214



Using pass: pass_libfirm_opt_if_conv -- No improvement
	# of nodes: 			21
	# of irgs: 				2
	# of cf manipulations: 	4
	# of memory operations: 1
	# of types: 			214



Using pass: pass_libfirm_gvn_pre -- No improvement
	# of nodes: 			21
	# of irgs: 				2
	# of cf manipulations: 	4
	# of memory operations: 1
	# of types: 			214



Using pass: pass_libfirm_opt_bool -- No improvement
	# of nodes: 			21
	# of irgs: 				2
	# of cf manipulations: 	4
	# of memory operations: 1
	# of types: 			214



Using pass: pass_gc_irgs_primitive
	 :: interestingness test failed on irg '_main' -- No improvement
	# of nodes: 			21
	# of irgs: 				2
	# of cf manipulations: 	4
	# of memory operations: 1
	# of types: 			214



Using pass: pass_libfirm_opt_parallelize_mem -- No improvement
	# of nodes: 			21
	# of irgs: 				2
	# of cf manipulations: 	4
	# of memory operations: 1
	# of types: 			214



Using pass: pass_libfirm_opt_ldst
	 :: Pass failed on irg 'main'
	 :: Pass failed on irg '_main' -- No improvement
	# of nodes: 			21
	# of irgs: 				2
	# of cf manipulations: 	4
	# of memory operations: 1
	# of types: 			214



Using pass: pass_libfirm_opt_blocks -- No improvement
	# of nodes: 			21
	# of irgs: 				2
	# of cf manipulations: 	4
	# of memory operations: 1
	# of types: 			214



Using pass: pass_replace_return_values -- No improvement
	# of nodes: 			21
	# of irgs: 				2
	# of cf manipulations: 	4
	# of memory operations: 1
	# of types: 			214



Using pass: pass_libfirm_remove_tuples -- No improvement
	# of nodes: 			21
	# of irgs: 				2
	# of cf manipulations: 	4
	# of memory operations: 1
	# of types: 			214



Using pass: pass_gc_irgs -- No improvement
	# of nodes: 			21
	# of irgs: 				2
	# of cf manipulations: 	4
	# of memory operations: 1
	# of types: 			214



Using pass: pass_remove_stores -- No improvement
	# of nodes: 			21
	# of irgs: 				2
	# of cf manipulations: 	4
	# of memory operations: 1
	# of types: 			214



Using pass: pass_libfirm_place_code -- No improvement
	# of nodes: 			21
	# of irgs: 				2
	# of cf manipulations: 	4
	# of memory operations: 1
	# of types: 			214



Using pass: pass_check_validity -- No improvement
	# of nodes: 			21
	# of irgs: 				2
	# of cf manipulations: 	4
	# of memory operations: 1
	# of types: 			214



Using pass: pass_libfirm_occult_consts -- No improvement
	# of nodes: 			21
	# of irgs: 				2
	# of cf manipulations: 	4
	# of memory operations: 1
	# of types: 			214



Using pass: pass_libfirm_normalize_n_returns -- No improvement
	# of nodes: 			21
	# of irgs: 				2
	# of cf manipulations: 	4
	# of memory operations: 1
	# of types: 			214



Using pass: pass_libfirm_opt_blocks -- No improvement
	# of nodes: 			21
	# of irgs: 				2
	# of cf manipulations: 	4
	# of memory operations: 1
	# of types: 			214



Using pass: pass_libfirm_remove_tuples -- No improvement
	# of nodes: 			21
	# of irgs: 				2
	# of cf manipulations: 	4
	# of memory operations: 1
	# of types: 			214



Using pass: pass_libfirm_dead_code_elimination -- No improvement
	# of nodes: 			21
	# of irgs: 				2
	# of cf manipulations: 	4
	# of memory operations: 1
	# of types: 			214



Using pass: pass_libfirm_opt_ldst
	 :: Pass failed on irg 'main'
	 :: Pass failed on irg 'main' -- No improvement
	# of nodes: 			21
	# of irgs: 				2
	# of cf manipulations: 	4
	# of memory operations: 1
	# of types: 			214



Using pass: pass_simplify_consts -- Successful
	# of nodes: 			21
	# of irgs: 				2
	# of cf manipulations: 	4
	# of memory operations: 1
	# of types: 			214



Using pass: pass_libfirm_combo -- No improvement
	# of nodes: 			21
	# of irgs: 				2
	# of cf manipulations: 	4
	# of memory operations: 1
	# of types: 			214



Using pass: pass_replace_cond_selectors -- No improvement
	# of nodes: 			21
	# of irgs: 				2
	# of cf manipulations: 	4
	# of memory operations: 1
	# of types: 			214



Using pass: pass_libfirm_place_code -- No improvement
	# of nodes: 			21
	# of irgs: 				2
	# of cf manipulations: 	4
	# of memory operations: 1
	# of types: 			214



Using pass: pass_replace_loads
	 :: Pass failed on irg '_main' -- No improvement
	# of nodes: 			21
	# of irgs: 				2
	# of cf manipulations: 	4
	# of memory operations: 1
	# of types: 			214



Using pass: pass_libfirm_remove_bads -- No improvement
	# of nodes: 			21
	# of irgs: 				2
	# of cf manipulations: 	4
	# of memory operations: 1
	# of types: 			214



Using pass: pass_libfirm_optimize_cf -- No improvement
	# of nodes: 			21
	# of irgs: 				2
	# of cf manipulations: 	4
	# of memory operations: 1
	# of types: 			214



Using pass: pass_simplify_consts -- No improvement
	# of nodes: 			21
	# of irgs: 				2
	# of cf manipulations: 	4
	# of memory operations: 1
	# of types: 			214



Using pass: pass_libfirm_opt_if_conv -- No improvement
	# of nodes: 			21
	# of irgs: 				2
	# of cf manipulations: 	4
	# of memory operations: 1
	# of types: 			214



Using pass: pass_gc_entitites -- No improvement
	# of nodes: 			21
	# of irgs: 				2
	# of cf manipulations: 	4
	# of memory operations: 1
	# of types: 			214



Using pass: pass_libfirm_dead_code_elimination -- No improvement
	# of nodes: 			21
	# of irgs: 				2
	# of cf manipulations: 	4
	# of memory operations: 1
	# of types: 			214



Using pass: pass_libfirm_opt_frame -- No improvement
	# of nodes: 			21
	# of irgs: 				2
	# of cf manipulations: 	4
	# of memory operations: 1
	# of types: 			214



Using pass: pass_libfirm_optimize_graph_df -- No improvement
	# of nodes: 			21
	# of irgs: 				2
	# of cf manipulations: 	4
	# of memory operations: 1
	# of types: 			214



Using pass: pass_libfirm_opt_if_conv -- No improvement
	# of nodes: 			21
	# of irgs: 				2
	# of cf manipulations: 	4
	# of memory operations: 1
	# of types: 			214



Using pass: pass_replace_proj_primitive -- No improvement
	# of nodes: 			21
	# of irgs: 				2
	# of cf manipulations: 	4
	# of memory operations: 1
	# of types: 			214



Using pass: pass_gc_irgs_primitive
	 :: interestingness test failed on irg '_main' -- No improvement
	# of nodes: 			21
	# of irgs: 				2
	# of cf manipulations: 	4
	# of memory operations: 1
	# of types: 			214



Using pass: pass_remove_stores -- No improvement
	# of nodes: 			21
	# of irgs: 				2
	# of cf manipulations: 	4
	# of memory operations: 1
	# of types: 			214



Using pass: pass_replace_loads -- No improvement
	# of nodes: 			21
	# of irgs: 				2
	# of cf manipulations: 	4
	# of memory operations: 1
	# of types: 			214



Using pass: pass_libfirm_remove_bads -- No improvement
	# of nodes: 			21
	# of irgs: 				2
	# of cf manipulations: 	4
	# of memory operations: 1
	# of types: 			214



Using pass: pass_libfirm_opt_funccalls -- No improvement
	# of nodes: 			21
	# of irgs: 				2
	# of cf manipulations: 	4
	# of memory operations: 1
	# of types: 			214



Using pass: pass_libfirm_do_loop_inversion -- No improvement
	# of nodes: 			21
	# of irgs: 				2
	# of cf manipulations: 	4
	# of memory operations: 1
	# of types: 			214



Using pass: pass_libfirm_optimize_load_store
	 :: interestingness test failed on irg '_main' -- No improvement
	# of nodes: 			21
	# of irgs: 				2
	# of cf manipulations: 	4
	# of memory operations: 1
	# of types: 			214



Using pass: pass_libfirm_opt_parallelize_mem -- No improvement
	# of nodes: 			21
	# of irgs: 				2
	# of cf manipulations: 	4
	# of memory operations: 1
	# of types: 			214



Using pass: pass_libfirm_remove_unreachable -- No improvement
	# of nodes: 			21
	# of irgs: 				2
	# of cf manipulations: 	4
	# of memory operations: 1
	# of types: 			214



Using pass: pass_remove_void_calls -- No improvement
	# of nodes: 			21
	# of irgs: 				2
	# of cf manipulations: 	4
	# of memory operations: 1
	# of types: 			214



Using pass: pass_libfirm_opt_bool -- No improvement
	# of nodes: 			21
	# of irgs: 				2
	# of cf manipulations: 	4
	# of memory operations: 1
	# of types: 			214



Using pass: pass_libfirm_opt_funccalls -- No improvement
	# of nodes: 			21
	# of irgs: 				2
	# of cf manipulations: 	4
	# of memory operations: 1
	# of types: 			214



Using pass: pass_libfirm_remove_tuples -- No improvement
	# of nodes: 			21
	# of irgs: 				2
	# of cf manipulations: 	4
	# of memory operations: 1
	# of types: 			214



Using pass: pass_libfirm_place_code -- No improvement
	# of nodes: 			21
	# of irgs: 				2
	# of cf manipulations: 	4
	# of memory operations: 1
	# of types: 			214



Using pass: pass_remove_stores -- No improvement
	# of nodes: 			21
	# of irgs: 				2
	# of cf manipulations: 	4
	# of memory operations: 1
	# of types: 			214



Using pass: pass_libfirm_remove_tuples -- No improvement
	# of nodes: 			21
	# of irgs: 				2
	# of cf manipulations: 	4
	# of memory operations: 1
	# of types: 			214



Using pass: pass_libfirm_remove_critical_cf_edges -- No improvement
	# of nodes: 			21
	# of irgs: 				2
	# of cf manipulations: 	4
	# of memory operations: 1
	# of types: 			214



Using pass: pass_libfirm_normalize_n_returns -- No improvement
	# of nodes: 			21
	# of irgs: 				2
	# of cf manipulations: 	4
	# of memory operations: 1
	# of types: 			214



Using pass: pass_libfirm_optimize_reassociation -- No improvement
	# of nodes: 			21
	# of irgs: 				2
	# of cf manipulations: 	4
	# of memory operations: 1
	# of types: 			214



Using pass: pass_libfirm_opt_jumpthreading -- No improvement
	# of nodes: 			21
	# of irgs: 				2
	# of cf manipulations: 	4
	# of memory operations: 1
	# of types: 			214



Using pass: pass_libfirm_dead_code_elimination -- No improvement
	# of nodes: 			21
	# of irgs: 				2
	# of cf manipulations: 	4
	# of memory operations: 1
	# of types: 			214



Using pass: pass_remove_stores -- No improvement
	# of nodes: 			21
	# of irgs: 				2
	# of cf manipulations: 	4
	# of memory operations: 1
	# of types: 			214



Using pass: pass_libfirm_opt_frame -- No improvement
	# of nodes: 			21
	# of irgs: 				2
	# of cf manipulations: 	4
	# of memory operations: 1
	# of types: 			214



Using pass: pass_libfirm_opt_frame -- No improvement
	# of nodes: 			21
	# of irgs: 				2
	# of cf manipulations: 	4
	# of memory operations: 1
	# of types: 			214



Using pass: pass_libfirm_conv_opt -- No improvement
	# of nodes: 			21
	# of irgs: 				2
	# of cf manipulations: 	4
	# of memory operations: 1
	# of types: 			214



Using pass: pass_libfirm_dead_code_elimination -- No improvement
	# of nodes: 			21
	# of irgs: 				2
	# of cf manipulations: 	4
	# of memory operations: 1
	# of types: 			214



Using pass: pass_libfirm_opt_funccalls -- No improvement
	# of nodes: 			21
	# of irgs: 				2
	# of cf manipulations: 	4
	# of memory operations: 1
	# of types: 			214



Using pass: pass_libfirm_opt_if_conv -- No improvement
	# of nodes: 			21
	# of irgs: 				2
	# of cf manipulations: 	4
	# of memory operations: 1
	# of types: 			214



Using pass: pass_replace_return_values -- No improvement
	# of nodes: 			21
	# of irgs: 				2
	# of cf manipulations: 	4
	# of memory operations: 1
	# of types: 			214



Using pass: pass_libfirm_opt_funccalls -- No improvement
	# of nodes: 			21
	# of irgs: 				2
	# of cf manipulations: 	4
	# of memory operations: 1
	# of types: 			214



Using pass: pass_libfirm_optimize_load_store
	 :: interestingness test failed on irg '_main' -- No improvement
	# of nodes: 			21
	# of irgs: 				2
	# of cf manipulations: 	4
	# of memory operations: 1
	# of types: 			214



Using pass: pass_libfirm_do_loop_unrolling -- No improvement
	# of nodes: 			21
	# of irgs: 				2
	# of cf manipulations: 	4
	# of memory operations: 1
	# of types: 			214



Using pass: pass_libfirm_opt_if_conv -- No improvement
	# of nodes: 			21
	# of irgs: 				2
	# of cf manipulations: 	4
	# of memory operations: 1
	# of types: 			214



Using pass: pass_libfirm_opt_blocks -- No improvement
	# of nodes: 			21
	# of irgs: 				2
	# of cf manipulations: 	4
	# of memory operations: 1
	# of types: 			214



Using pass: pass_replace_cond_selectors -- No improvement
	# of nodes: 			21
	# of irgs: 				2
	# of cf manipulations: 	4
	# of memory operations: 1
	# of types: 			214



Using pass: pass_replace_arithmetic -- No improvement
	# of nodes: 			21
	# of irgs: 				2
	# of cf manipulations: 	4
	# of memory operations: 1
	# of types: 			214



Using pass: pass_gc_entitites -- No improvement
	# of nodes: 			21
	# of irgs: 				2
	# of cf manipulations: 	4
	# of memory operations: 1
	# of types: 			214



Using pass: pass_libfirm_conv_opt -- No improvement
	# of nodes: 			21
	# of irgs: 				2
	# of cf manipulations: 	4
	# of memory operations: 1
	# of types: 			214



Using pass: pass_libfirm_do_loop_inversion -- No improvement
	# of nodes: 			21
	# of irgs: 				2
	# of cf manipulations: 	4
	# of memory operations: 1
	# of types: 			214



Using pass: pass_libfirm_gvn_pre -- No improvement
	# of nodes: 			21
	# of irgs: 				2
	# of cf manipulations: 	4
	# of memory operations: 1
	# of types: 			214



Using pass: pass_libfirm_remove_tuples -- No improvement
	# of nodes: 			21
	# of irgs: 				2
	# of cf manipulations: 	4
	# of memory operations: 1
	# of types: 			214



Using pass: pass_libfirm_opt_ldst
	 :: Pass failed on irg '_main'
	 :: Pass failed on irg '_main' -- No improvement
	# of nodes: 			21
	# of irgs: 				2
	# of cf manipulations: 	4
	# of memory operations: 1
	# of types: 			214



Using pass: pass_libfirm_normalize_n_returns -- No improvement
	# of nodes: 			21
	# of irgs: 				2
	# of cf manipulations: 	4
	# of memory operations: 1
	# of types: 			214



Using pass: pass_libfirm_opt_ldst
	 :: Pass failed on irg 'main'
	 :: Pass failed on irg '_main' -- No improvement
	# of nodes: 			21
	# of irgs: 				2
	# of cf manipulations: 	4
	# of memory operations: 1
	# of types: 			214



Using pass: pass_libfirm_opt_blocks -- No improvement
	# of nodes: 			21
	# of irgs: 				2
	# of cf manipulations: 	4
	# of memory operations: 1
	# of types: 			214



Using pass: pass_libfirm_opt_tail_rec -- No improvement
	# of nodes: 			21
	# of irgs: 				2
	# of cf manipulations: 	4
	# of memory operations: 1
	# of types: 			214



Using pass: pass_libfirm_remove_critical_cf_edges -- No improvement
	# of nodes: 			21
	# of irgs: 				2
	# of cf manipulations: 	4
	# of memory operations: 1
	# of types: 			214



Using pass: pass_libfirm_occult_consts -- No improvement
	# of nodes: 			21
	# of irgs: 				2
	# of cf manipulations: 	4
	# of memory operations: 1
	# of types: 			214



Using pass: pass_libfirm_opt_parallelize_mem -- No improvement
	# of nodes: 			21
	# of irgs: 				2
	# of cf manipulations: 	4
	# of memory operations: 1
	# of types: 			214



Using pass: pass_libfirm_opt_bool -- No improvement
	# of nodes: 			21
	# of irgs: 				2
	# of cf manipulations: 	4
	# of memory operations: 1
	# of types: 			214



Using pass: pass_libfirm_remove_unreachable -- No improvement
	# of nodes: 			21
	# of irgs: 				2
	# of cf manipulations: 	4
	# of memory operations: 1
	# of types: 			214



Using pass: pass_remove_stores -- No improvement
	# of nodes: 			21
	# of irgs: 				2
	# of cf manipulations: 	4
	# of memory operations: 1
	# of types: 			214



Using pass: pass_remove_void_calls -- No improvement
	# of nodes: 			21
	# of irgs: 				2
	# of cf manipulations: 	4
	# of memory operations: 1
	# of types: 			214



Using pass: pass_libfirm_scalar_replacement_opt -- No improvement
	# of nodes: 			21
	# of irgs: 				2
	# of cf manipulations: 	4
	# of memory operations: 1
	# of types: 			214



Using pass: pass_libfirm_combo -- No improvement
	# of nodes: 			21
	# of irgs: 				2
	# of cf manipulations: 	4
	# of memory operations: 1
	# of types: 			214



Using pass: pass_libfirm_conv_opt -- No improvement
	# of nodes: 			21
	# of irgs: 				2
	# of cf manipulations: 	4
	# of memory operations: 1
	# of types: 			214



Using pass: pass_libfirm_combo -- No improvement
	# of nodes: 			21
	# of irgs: 				2
	# of cf manipulations: 	4
	# of memory operations: 1
	# of types: 			214



Using pass: pass_replace_arithmetic -- No improvement
	# of nodes: 			21
	# of irgs: 				2
	# of cf manipulations: 	4
	# of memory operations: 1
	# of types: 			214




 :: 2nd reduction cycle

Using pass: pass_gc_irgs -- Trying irg 'main' -- No improvement
Using pass: pass_gc_irgs -- Trying irg 'main' -- No improvement
Using pass: pass_gc_irgs -- Trying irg 'main' -- No improvement
Using pass: pass_libfirm_optimize_load_store -- Trying irg '_main' -- No improvement
Using pass: pass_libfirm_optimize_load_store -- Trying irg '_main' -- No improvement
Using pass: pass_libfirm_optimize_load_store -- Trying irg '_main' -- No improvement
Using pass: pass_libfirm_optimize_load_store -- Trying irg '_main' -- No improvement
Using pass: pass_libfirm_optimize_load_store -- Trying irg '_main' -- No improvement
Using pass: pass_libfirm_optimize_load_store -- Trying irg '_main' -- No improvement
Using pass: pass_libfirm_optimize_load_store -- Trying irg '_main' -- No improvement
Using pass: pass_gc_irgs -- Trying irg 'main' -- No improvement
Using pass: pass_gc_irgs -- Trying irg 'r_func_1' -- No improvement
Using pass: pass_gc_irgs_primitive -- Trying irg '_main' -- No improvement
Using pass: pass_gc_irgs_primitive -- Trying irg '_main' -- No improvement
Using pass: pass_gc_irgs_primitive -- Trying irg '_main' -- No improvement
Using pass: pass_libfirm_optimize_load_store -- Trying irg '_main' -- No improvement
Using pass: pass_libfirm_optimize_load_store -- Trying irg '_main' -- No improvement

______________________________

No further reduction possible.

Result:
	# of nodes: 			21
	# of irgs: 				2
	# of cf manipulations: 	4
	# of memory operations: 1
	# of types: 			214

2018-08-26 19:12:03