2018-08-26 19:08:05 -- Firmreduce -- Results

Initial Test-case size:
	# of nodes: 			967
	# of irgs: 				6
	# of cf manipulations: 	53
	# of memory operations: 218
	# of types: 			312


Using pass: pass_libfirm_conv_opt -- No improvement
	# of nodes: 			967
	# of irgs: 				6
	# of cf manipulations: 	53
	# of memory operations: 218
	# of types: 			312



Using pass: pass_remove_void_calls
	 :: Pass failed on irg 'r_func_1' -- No improvement
	# of nodes: 			967
	# of irgs: 				6
	# of cf manipulations: 	53
	# of memory operations: 218
	# of types: 			312



Using pass: pass_libfirm_normalize_n_returns -- Successful
	# of nodes: 			963
	# of irgs: 				6
	# of cf manipulations: 	52
	# of memory operations: 218
	# of types: 			312



Using pass: pass_libfirm_conv_opt -- No improvement
	# of nodes: 			963
	# of irgs: 				6
	# of cf manipulations: 	52
	# of memory operations: 218
	# of types: 			312



Using pass: pass_libfirm_opt_parallelize_mem -- Successful
	# of nodes: 			965
	# of irgs: 				6
	# of cf manipulations: 	52
	# of memory operations: 218
	# of types: 			312



Using pass: pass_libfirm_optimize_cf -- Successful
	# of nodes: 			951
	# of irgs: 				6
	# of cf manipulations: 	44
	# of memory operations: 218
	# of types: 			312



Using pass: pass_libfirm_opt_if_conv -- Successful
	# of nodes: 			973
	# of irgs: 				6
	# of cf manipulations: 	54
	# of memory operations: 218
	# of types: 			312



Using pass: pass_libfirm_normalize_one_return -- No improvement
	# of nodes: 			973
	# of irgs: 				6
	# of cf manipulations: 	54
	# of memory operations: 218
	# of types: 			312



Using pass: pass_replace_members -- No improvement
	# of nodes: 			973
	# of irgs: 				6
	# of cf manipulations: 	54
	# of memory operations: 218
	# of types: 			312



Using pass: pass_check_validity -- No improvement
	# of nodes: 			973
	# of irgs: 				6
	# of cf manipulations: 	54
	# of memory operations: 218
	# of types: 			312



Using pass: pass_libfirm_remove_unreachable -- No improvement
	# of nodes: 			973
	# of irgs: 				6
	# of cf manipulations: 	54
	# of memory operations: 218
	# of types: 			312



Using pass: pass_libfirm_opt_jumpthreading -- No improvement
	# of nodes: 			973
	# of irgs: 				6
	# of cf manipulations: 	54
	# of memory operations: 218
	# of types: 			312



Using pass: pass_replace_return_values
	 :: Pass failed on irg 'r_func_1'
	 :: Pass failed on irg 'r_func_1' -- Successful
	# of nodes: 			958
	# of irgs: 				6
	# of cf manipulations: 	54
	# of memory operations: 218
	# of types: 			312



Using pass: pass_remove_void_calls
	 :: Pass failed on irg 'r_func_1'
	 :: Pass failed on irg 'r_func_1'
	 :: Pass failed on irg 'r_func_1'
	 :: Pass failed on irg 'r_func_1'
	 :: Pass failed on irg 'r_func_1' -- Successful
	# of nodes: 			916
	# of irgs: 				6
	# of cf manipulations: 	54
	# of memory operations: 207
	# of types: 			312



Using pass: pass_replace_return_values
	 :: Pass failed on irg 'r_func_1' -- No improvement
	# of nodes: 			916
	# of irgs: 				6
	# of cf manipulations: 	54
	# of memory operations: 207
	# of types: 			312



Using pass: pass_libfirm_remove_tuples -- No improvement
	# of nodes: 			916
	# of irgs: 				6
	# of cf manipulations: 	54
	# of memory operations: 207
	# of types: 			312



Using pass: pass_replace_return_values
	 :: Pass failed on irg 'r_func_1' -- No improvement
	# of nodes: 			916
	# of irgs: 				6
	# of cf manipulations: 	54
	# of memory operations: 207
	# of types: 			312



Using pass: pass_replace_mux_selectors
	 :: Pass failed on irg 'r_func_1' -- No improvement
	# of nodes: 			916
	# of irgs: 				6
	# of cf manipulations: 	54
	# of memory operations: 207
	# of types: 			312



Using pass: pass_libfirm_opt_if_conv -- No improvement
	# of nodes: 			916
	# of irgs: 				6
	# of cf manipulations: 	54
	# of memory operations: 207
	# of types: 			312



Using pass: pass_libfirm_optimize_graph_df -- Successful
	# of nodes: 			914
	# of irgs: 				6
	# of cf manipulations: 	54
	# of memory operations: 207
	# of types: 			312



Using pass: pass_libfirm_dead_code_elimination -- No improvement
	# of nodes: 			914
	# of irgs: 				6
	# of cf manipulations: 	54
	# of memory operations: 207
	# of types: 			312



Using pass: pass_replace_return_values
	 :: Pass failed on irg 'r_func_1' -- No improvement
	# of nodes: 			914
	# of irgs: 				6
	# of cf manipulations: 	54
	# of memory operations: 207
	# of types: 			312



Using pass: pass_libfirm_construct_confirms -- Successful
	# of nodes: 			916
	# of irgs: 				6
	# of cf manipulations: 	54
	# of memory operations: 207
	# of types: 			312



Using pass: pass_libfirm_remove_critical_cf_edges -- No improvement
	# of nodes: 			916
	# of irgs: 				6
	# of cf manipulations: 	54
	# of memory operations: 207
	# of types: 			312



Using pass: pass_libfirm_opt_frame -- No improvement
	# of nodes: 			916
	# of irgs: 				6
	# of cf manipulations: 	54
	# of memory operations: 207
	# of types: 			312



Using pass: pass_libfirm_normalize_n_returns -- Successful
	# of nodes: 			900
	# of irgs: 				6
	# of cf manipulations: 	49
	# of memory operations: 207
	# of types: 			312



Using pass: pass_libfirm_remove_unreachable -- No improvement
	# of nodes: 			900
	# of irgs: 				6
	# of cf manipulations: 	49
	# of memory operations: 207
	# of types: 			312



Using pass: pass_libfirm_do_loop_peeling -- No improvement
	# of nodes: 			900
	# of irgs: 				6
	# of cf manipulations: 	49
	# of memory operations: 207
	# of types: 			312



Using pass: pass_libfirm_remove_critical_cf_edges -- No improvement
	# of nodes: 			900
	# of irgs: 				6
	# of cf manipulations: 	49
	# of memory operations: 207
	# of types: 			312



Using pass: pass_replace_loads
	 :: Pass failed on irg 'r_func_3'
	 :: Pass failed on irg 'r_func_4'
	 :: Pass failed on irg 'r_func_4'
	 :: Pass failed on irg 'r_func_4'
	 :: Pass failed on irg 'r_func_2' -- No improvement
	# of nodes: 			900
	# of irgs: 				6
	# of cf manipulations: 	49
	# of memory operations: 207
	# of types: 			312



Using pass: pass_libfirm_gvn_pre -- No improvement
	# of nodes: 			900
	# of irgs: 				6
	# of cf manipulations: 	49
	# of memory operations: 207
	# of types: 			312



Using pass: pass_remove_stores
	 :: Pass failed on irg 'r_func_1'
	 :: Pass failed on irg 'r_func_1' -- Successful
	# of nodes: 			801
	# of irgs: 				6
	# of cf manipulations: 	52
	# of memory operations: 183
	# of types: 			312



Using pass: pass_libfirm_do_loop_inversion -- No improvement
	# of nodes: 			801
	# of irgs: 				6
	# of cf manipulations: 	52
	# of memory operations: 183
	# of types: 			312



Using pass: pass_libfirm_opt_if_conv -- Successful
	# of nodes: 			808
	# of irgs: 				6
	# of cf manipulations: 	54
	# of memory operations: 183
	# of types: 			312



Using pass: pass_libfirm_opt_jumpthreading -- No improvement
	# of nodes: 			808
	# of irgs: 				6
	# of cf manipulations: 	54
	# of memory operations: 183
	# of types: 			312



Using pass: pass_libfirm_remove_critical_cf_edges -- No improvement
	# of nodes: 			808
	# of irgs: 				6
	# of cf manipulations: 	54
	# of memory operations: 183
	# of types: 			312



Using pass: pass_replace_members -- No improvement
	# of nodes: 			808
	# of irgs: 				6
	# of cf manipulations: 	54
	# of memory operations: 183
	# of types: 			312



Using pass: pass_simplify_consts
	 :: Pass failed on irg 'r_func_1'
	 :: Pass failed on irg 'r_func_1'
	 :: Pass failed on irg 'r_func_1' -- Successful
	# of nodes: 			784
	# of irgs: 				6
	# of cf manipulations: 	54
	# of memory operations: 183
	# of types: 			312



Using pass: pass_libfirm_occult_consts -- No improvement
	# of nodes: 			784
	# of irgs: 				6
	# of cf manipulations: 	54
	# of memory operations: 183
	# of types: 			312



Using pass: pass_libfirm_opt_bool -- No improvement
	# of nodes: 			784
	# of irgs: 				6
	# of cf manipulations: 	54
	# of memory operations: 183
	# of types: 			312



Using pass: pass_remove_void_calls -- No improvement
	# of nodes: 			784
	# of irgs: 				6
	# of cf manipulations: 	54
	# of memory operations: 183
	# of types: 			312



Using pass: pass_libfirm_remove_critical_cf_edges -- No improvement
	# of nodes: 			784
	# of irgs: 				6
	# of cf manipulations: 	54
	# of memory operations: 183
	# of types: 			312



Using pass: pass_check_validity -- No improvement
	# of nodes: 			784
	# of irgs: 				6
	# of cf manipulations: 	54
	# of memory operations: 183
	# of types: 			312



Using pass: pass_libfirm_optimize_graph_df -- No improvement
	# of nodes: 			784
	# of irgs: 				6
	# of cf manipulations: 	54
	# of memory operations: 183
	# of types: 			312



Using pass: pass_libfirm_remove_tuples -- No improvement
	# of nodes: 			784
	# of irgs: 				6
	# of cf manipulations: 	54
	# of memory operations: 183
	# of types: 			312



Using pass: pass_libfirm_do_loop_peeling
	 :: Pass failed on irg 'r_func_2'
	 :: Pass failed on irg 'r_func_2'
	 :: Pass failed on irg 'r_func_1' -- No improvement
	# of nodes: 			784
	# of irgs: 				6
	# of cf manipulations: 	54
	# of memory operations: 183
	# of types: 			312



Using pass: pass_simplify_consts
	 :: Pass failed on irg 'r_func_1' -- Successful
	# of nodes: 			780
	# of irgs: 				6
	# of cf manipulations: 	54
	# of memory operations: 183
	# of types: 			312



Using pass: pass_libfirm_optimize_graph_df -- Successful
	# of nodes: 			778
	# of irgs: 				6
	# of cf manipulations: 	54
	# of memory operations: 183
	# of types: 			312



Using pass: pass_replace_switch_selectors
	 :: Pass failed on irg 'r_func_1'
	 :: Pass failed on irg 'r_func_1' -- No improvement
	# of nodes: 			778
	# of irgs: 				6
	# of cf manipulations: 	54
	# of memory operations: 183
	# of types: 			312



Using pass: pass_libfirm_place_code -- No improvement
	# of nodes: 			778
	# of irgs: 				6
	# of cf manipulations: 	54
	# of memory operations: 183
	# of types: 			312



Using pass: pass_gc_irgs
	 :: Pass failed on irg '_main'
	 :: Pass failed on irg '_main'
	 :: interestingness test failed on irg 'main'
	 :: Pass failed on irg 'r_func_1'
	 :: Pass failed on irg 'r_func_1' -- No improvement
	# of nodes: 			778
	# of irgs: 				6
	# of cf manipulations: 	54
	# of memory operations: 183
	# of types: 			312



Using pass: pass_check_validity -- No improvement
	# of nodes: 			778
	# of irgs: 				6
	# of cf manipulations: 	54
	# of memory operations: 183
	# of types: 			312



Using pass: pass_check_validity -- No improvement
	# of nodes: 			778
	# of irgs: 				6
	# of cf manipulations: 	54
	# of memory operations: 183
	# of types: 			312



Using pass: pass_libfirm_combo -- No improvement
	# of nodes: 			778
	# of irgs: 				6
	# of cf manipulations: 	54
	# of memory operations: 183
	# of types: 			312



Using pass: pass_libfirm_gvn_pre -- No improvement
	# of nodes: 			778
	# of irgs: 				6
	# of cf manipulations: 	54
	# of memory operations: 183
	# of types: 			312



Using pass: pass_replace_cond_selectors -- Successful
	# of nodes: 			440
	# of irgs: 				6
	# of cf manipulations: 	19
	# of memory operations: 126
	# of types: 			312



Using pass: pass_remove_allocs -- Successful
	# of nodes: 			362
	# of irgs: 				6
	# of cf manipulations: 	19
	# of memory operations: 87
	# of types: 			312



Using pass: pass_libfirm_opt_parallelize_mem -- No improvement
	# of nodes: 			362
	# of irgs: 				6
	# of cf manipulations: 	19
	# of memory operations: 87
	# of types: 			312



Using pass: pass_libfirm_occult_consts -- No improvement
	# of nodes: 			362
	# of irgs: 				6
	# of cf manipulations: 	19
	# of memory operations: 87
	# of types: 			312



Using pass: pass_libfirm_do_loop_inversion -- No improvement
	# of nodes: 			362
	# of irgs: 				6
	# of cf manipulations: 	19
	# of memory operations: 87
	# of types: 			312



Using pass: pass_gc_irgs_primitive
	 :: interestingness test failed on irg '_main'
	 :: interestingness test failed on irg '_main'
	 :: interestingness test failed on irg '_main' -- Successful
	# of nodes: 			277
	# of irgs: 				4
	# of cf manipulations: 	15
	# of memory operations: 64
	# of types: 			312



Using pass: pass_libfirm_conv_opt -- No improvement
	# of nodes: 			277
	# of irgs: 				4
	# of cf manipulations: 	15
	# of memory operations: 64
	# of types: 			312



Using pass: pass_gc_irgs_primitive
	 :: interestingness test failed on irg '_main' -- Successful
	# of nodes: 			189
	# of irgs: 				3
	# of cf manipulations: 	6
	# of memory operations: 49
	# of types: 			312



Using pass: pass_libfirm_remove_tuples -- No improvement
	# of nodes: 			189
	# of irgs: 				3
	# of cf manipulations: 	6
	# of memory operations: 49
	# of types: 			312



Using pass: pass_libfirm_opt_if_conv -- No improvement
	# of nodes: 			189
	# of irgs: 				3
	# of cf manipulations: 	6
	# of memory operations: 49
	# of types: 			312



Using pass: pass_gc_entitites -- No improvement
	# of nodes: 			189
	# of irgs: 				3
	# of cf manipulations: 	6
	# of memory operations: 49
	# of types: 			312



Using pass: pass_simplify_consts -- Successful
	# of nodes: 			180
	# of irgs: 				3
	# of cf manipulations: 	6
	# of memory operations: 49
	# of types: 			312



Using pass: pass_remove_void_calls -- Successful
	# of nodes: 			171
	# of irgs: 				3
	# of cf manipulations: 	6
	# of memory operations: 46
	# of types: 			312



Using pass: pass_libfirm_opt_tail_rec -- No improvement
	# of nodes: 			171
	# of irgs: 				3
	# of cf manipulations: 	6
	# of memory operations: 46
	# of types: 			312



Using pass: pass_replace_arithmetic -- No improvement
	# of nodes: 			171
	# of irgs: 				3
	# of cf manipulations: 	6
	# of memory operations: 46
	# of types: 			312



Using pass: pass_replace_mux_selectors -- No improvement
	# of nodes: 			171
	# of irgs: 				3
	# of cf manipulations: 	6
	# of memory operations: 46
	# of types: 			312



Using pass: pass_libfirm_do_loop_unrolling -- No improvement
	# of nodes: 			171
	# of irgs: 				3
	# of cf manipulations: 	6
	# of memory operations: 46
	# of types: 			312



Using pass: pass_libfirm_optimize_load_store
	 :: interestingness test failed on irg '_main' -- No improvement
	# of nodes: 			171
	# of irgs: 				3
	# of cf manipulations: 	6
	# of memory operations: 46
	# of types: 			312



Using pass: pass_libfirm_opt_if_conv -- No improvement
	# of nodes: 			171
	# of irgs: 				3
	# of cf manipulations: 	6
	# of memory operations: 46
	# of types: 			312



Using pass: pass_libfirm_normalize_n_returns -- No improvement
	# of nodes: 			171
	# of irgs: 				3
	# of cf manipulations: 	6
	# of memory operations: 46
	# of types: 			312



Using pass: pass_libfirm_opt_funccalls -- No improvement
	# of nodes: 			171
	# of irgs: 				3
	# of cf manipulations: 	6
	# of memory operations: 46
	# of types: 			312



Using pass: pass_libfirm_scalar_replacement_opt -- No improvement
	# of nodes: 			171
	# of irgs: 				3
	# of cf manipulations: 	6
	# of memory operations: 46
	# of types: 			312



Using pass: pass_libfirm_remove_unreachable -- No improvement
	# of nodes: 			171
	# of irgs: 				3
	# of cf manipulations: 	6
	# of memory operations: 46
	# of types: 			312



Using pass: pass_remove_allocs -- No improvement
	# of nodes: 			171
	# of irgs: 				3
	# of cf manipulations: 	6
	# of memory operations: 46
	# of types: 			312



Using pass: pass_remove_void_calls -- No improvement
	# of nodes: 			171
	# of irgs: 				3
	# of cf manipulations: 	6
	# of memory operations: 46
	# of types: 			312



Using pass: pass_libfirm_occult_consts -- No improvement
	# of nodes: 			171
	# of irgs: 				3
	# of cf manipulations: 	6
	# of memory operations: 46
	# of types: 			312



Using pass: pass_libfirm_do_loop_unrolling -- No improvement
	# of nodes: 			171
	# of irgs: 				3
	# of cf manipulations: 	6
	# of memory operations: 46
	# of types: 			312



Using pass: pass_libfirm_remove_tuples -- No improvement
	# of nodes: 			171
	# of irgs: 				3
	# of cf manipulations: 	6
	# of memory operations: 46
	# of types: 			312



Using pass: pass_libfirm_do_loop_unrolling -- No improvement
	# of nodes: 			171
	# of irgs: 				3
	# of cf manipulations: 	6
	# of memory operations: 46
	# of types: 			312



Using pass: pass_libfirm_remove_bads -- No improvement
	# of nodes: 			171
	# of irgs: 				3
	# of cf manipulations: 	6
	# of memory operations: 46
	# of types: 			312



Using pass: pass_libfirm_optimize_graph_df -- No improvement
	# of nodes: 			171
	# of irgs: 				3
	# of cf manipulations: 	6
	# of memory operations: 46
	# of types: 			312



Using pass: pass_remove_void_calls -- No improvement
	# of nodes: 			171
	# of irgs: 				3
	# of cf manipulations: 	6
	# of memory operations: 46
	# of types: 			312



Using pass: pass_remove_stores -- No improvement
	# of nodes: 			171
	# of irgs: 				3
	# of cf manipulations: 	6
	# of memory operations: 46
	# of types: 			312



Using pass: pass_libfirm_remove_unreachable -- No improvement
	# of nodes: 			171
	# of irgs: 				3
	# of cf manipulations: 	6
	# of memory operations: 46
	# of types: 			312



Using pass: pass_libfirm_construct_confirms -- No improvement
	# of nodes: 			171
	# of irgs: 				3
	# of cf manipulations: 	6
	# of memory operations: 46
	# of types: 			312



Using pass: pass_libfirm_do_loop_inversion -- No improvement
	# of nodes: 			171
	# of irgs: 				3
	# of cf manipulations: 	6
	# of memory operations: 46
	# of types: 			312



Using pass: pass_libfirm_remove_critical_cf_edges -- No improvement
	# of nodes: 			171
	# of irgs: 				3
	# of cf manipulations: 	6
	# of memory operations: 46
	# of types: 			312



Using pass: pass_libfirm_scalar_replacement_opt -- No improvement
	# of nodes: 			171
	# of irgs: 				3
	# of cf manipulations: 	6
	# of memory operations: 46
	# of types: 			312



Using pass: pass_libfirm_combo -- No improvement
	# of nodes: 			171
	# of irgs: 				3
	# of cf manipulations: 	6
	# of memory operations: 46
	# of types: 			312



Using pass: pass_libfirm_combo -- No improvement
	# of nodes: 			171
	# of irgs: 				3
	# of cf manipulations: 	6
	# of memory operations: 46
	# of types: 			312



Using pass: pass_remove_void_calls -- Successful
	# of nodes: 			163
	# of irgs: 				3
	# of cf manipulations: 	6
	# of memory operations: 44
	# of types: 			312



Using pass: pass_libfirm_optimize_graph_df -- No improvement
	# of nodes: 			163
	# of irgs: 				3
	# of cf manipulations: 	6
	# of memory operations: 44
	# of types: 			312



Using pass: pass_replace_switch_selectors -- No improvement
	# of nodes: 			163
	# of irgs: 				3
	# of cf manipulations: 	6
	# of memory operations: 44
	# of types: 			312



Using pass: pass_libfirm_occult_consts -- No improvement
	# of nodes: 			163
	# of irgs: 				3
	# of cf manipulations: 	6
	# of memory operations: 44
	# of types: 			312



Using pass: pass_libfirm_remove_unreachable -- No improvement
	# of nodes: 			163
	# of irgs: 				3
	# of cf manipulations: 	6
	# of memory operations: 44
	# of types: 			312



Using pass: pass_remove_allocs -- No improvement
	# of nodes: 			163
	# of irgs: 				3
	# of cf manipulations: 	6
	# of memory operations: 44
	# of types: 			312



Using pass: pass_simplify_consts -- No improvement
	# of nodes: 			163
	# of irgs: 				3
	# of cf manipulations: 	6
	# of memory operations: 44
	# of types: 			312



Using pass: pass_replace_return_values -- No improvement
	# of nodes: 			163
	# of irgs: 				3
	# of cf manipulations: 	6
	# of memory operations: 44
	# of types: 			312



Using pass: pass_libfirm_do_loop_peeling -- No improvement
	# of nodes: 			163
	# of irgs: 				3
	# of cf manipulations: 	6
	# of memory operations: 44
	# of types: 			312



Using pass: pass_simplify_consts -- No improvement
	# of nodes: 			163
	# of irgs: 				3
	# of cf manipulations: 	6
	# of memory operations: 44
	# of types: 			312



Using pass: pass_libfirm_remove_tuples -- No improvement
	# of nodes: 			163
	# of irgs: 				3
	# of cf manipulations: 	6
	# of memory operations: 44
	# of types: 			312



Using pass: pass_replace_return_values -- No improvement
	# of nodes: 			163
	# of irgs: 				3
	# of cf manipulations: 	6
	# of memory operations: 44
	# of types: 			312



Using pass: pass_libfirm_remove_tuples -- No improvement
	# of nodes: 			163
	# of irgs: 				3
	# of cf manipulations: 	6
	# of memory operations: 44
	# of types: 			312



Using pass: pass_libfirm_opt_frame -- No improvement
	# of nodes: 			163
	# of irgs: 				3
	# of cf manipulations: 	6
	# of memory operations: 44
	# of types: 			312



Using pass: pass_replace_mux_selectors -- No improvement
	# of nodes: 			163
	# of irgs: 				3
	# of cf manipulations: 	6
	# of memory operations: 44
	# of types: 			312



Using pass: pass_check_validity -- No improvement
	# of nodes: 			163
	# of irgs: 				3
	# of cf manipulations: 	6
	# of memory operations: 44
	# of types: 			312



Using pass: pass_libfirm_do_loop_inversion -- No improvement
	# of nodes: 			163
	# of irgs: 				3
	# of cf manipulations: 	6
	# of memory operations: 44
	# of types: 			312



Using pass: pass_libfirm_optimize_graph_df -- No improvement
	# of nodes: 			163
	# of irgs: 				3
	# of cf manipulations: 	6
	# of memory operations: 44
	# of types: 			312



Using pass: pass_libfirm_opt_bool -- No improvement
	# of nodes: 			163
	# of irgs: 				3
	# of cf manipulations: 	6
	# of memory operations: 44
	# of types: 			312



Using pass: pass_gc_irgs -- Successful
	# of nodes: 			22
	# of irgs: 				2
	# of cf manipulations: 	4
	# of memory operations: 2
	# of types: 			312



Using pass: pass_libfirm_remove_critical_cf_edges -- No improvement
	# of nodes: 			22
	# of irgs: 				2
	# of cf manipulations: 	4
	# of memory operations: 2
	# of types: 			312



Using pass: pass_libfirm_opt_frame -- No improvement
	# of nodes: 			22
	# of irgs: 				2
	# of cf manipulations: 	4
	# of memory operations: 2
	# of types: 			312



Using pass: pass_replace_cond_selectors -- No improvement
	# of nodes: 			22
	# of irgs: 				2
	# of cf manipulations: 	4
	# of memory operations: 2
	# of types: 			312



Using pass: pass_libfirm_opt_parallelize_mem -- No improvement
	# of nodes: 			22
	# of irgs: 				2
	# of cf manipulations: 	4
	# of memory operations: 2
	# of types: 			312



Using pass: pass_libfirm_remove_tuples -- No improvement
	# of nodes: 			22
	# of irgs: 				2
	# of cf manipulations: 	4
	# of memory operations: 2
	# of types: 			312



Using pass: pass_libfirm_do_loop_unrolling -- No improvement
	# of nodes: 			22
	# of irgs: 				2
	# of cf manipulations: 	4
	# of memory operations: 2
	# of types: 			312



Using pass: pass_libfirm_do_loop_inversion -- No improvement
	# of nodes: 			22
	# of irgs: 				2
	# of cf manipulations: 	4
	# of memory operations: 2
	# of types: 			312



Using pass: pass_libfirm_opt_tail_rec -- No improvement
	# of nodes: 			22
	# of irgs: 				2
	# of cf manipulations: 	4
	# of memory operations: 2
	# of types: 			312



Using pass: pass_libfirm_dead_code_elimination -- No improvement
	# of nodes: 			22
	# of irgs: 				2
	# of cf manipulations: 	4
	# of memory operations: 2
	# of types: 			312



Using pass: pass_replace_members -- No improvement
	# of nodes: 			22
	# of irgs: 				2
	# of cf manipulations: 	4
	# of memory operations: 2
	# of types: 			312



Using pass: pass_libfirm_do_loop_unrolling -- No improvement
	# of nodes: 			22
	# of irgs: 				2
	# of cf manipulations: 	4
	# of memory operations: 2
	# of types: 			312



Using pass: pass_gc_entitites -- No improvement
	# of nodes: 			22
	# of irgs: 				2
	# of cf manipulations: 	4
	# of memory operations: 2
	# of types: 			312



Using pass: pass_libfirm_opt_funccalls -- No improvement
	# of nodes: 			22
	# of irgs: 				2
	# of cf manipulations: 	4
	# of memory operations: 2
	# of types: 			312



Using pass: pass_libfirm_remove_bads -- No improvement
	# of nodes: 			22
	# of irgs: 				2
	# of cf manipulations: 	4
	# of memory operations: 2
	# of types: 			312



Using pass: pass_libfirm_optimize_graph_df -- No improvement
	# of nodes: 			22
	# of irgs: 				2
	# of cf manipulations: 	4
	# of memory operations: 2
	# of types: 			312



Using pass: pass_libfirm_optimize_cf -- No improvement
	# of nodes: 			22
	# of irgs: 				2
	# of cf manipulations: 	4
	# of memory operations: 2
	# of types: 			312



Using pass: pass_replace_arithmetic -- No improvement
	# of nodes: 			22
	# of irgs: 				2
	# of cf manipulations: 	4
	# of memory operations: 2
	# of types: 			312



Using pass: pass_libfirm_gvn_pre -- No improvement
	# of nodes: 			22
	# of irgs: 				2
	# of cf manipulations: 	4
	# of memory operations: 2
	# of types: 			312



Using pass: pass_libfirm_opt_funccalls -- No improvement
	# of nodes: 			22
	# of irgs: 				2
	# of cf manipulations: 	4
	# of memory operations: 2
	# of types: 			312



Using pass: pass_libfirm_opt_parallelize_mem -- No improvement
	# of nodes: 			22
	# of irgs: 				2
	# of cf manipulations: 	4
	# of memory operations: 2
	# of types: 			312



Using pass: pass_remove_void_calls -- No improvement
	# of nodes: 			22
	# of irgs: 				2
	# of cf manipulations: 	4
	# of memory operations: 2
	# of types: 			312



Using pass: pass_replace_proj_primitive -- No improvement
	# of nodes: 			22
	# of irgs: 				2
	# of cf manipulations: 	4
	# of memory operations: 2
	# of types: 			312



Using pass: pass_replace_members -- No improvement
	# of nodes: 			22
	# of irgs: 				2
	# of cf manipulations: 	4
	# of memory operations: 2
	# of types: 			312



Using pass: pass_remove_void_calls -- No improvement
	# of nodes: 			22
	# of irgs: 				2
	# of cf manipulations: 	4
	# of memory operations: 2
	# of types: 			312



Using pass: pass_replace_cond_selectors -- No improvement
	# of nodes: 			22
	# of irgs: 				2
	# of cf manipulations: 	4
	# of memory operations: 2
	# of types: 			312



Using pass: pass_libfirm_remove_critical_cf_edges -- No improvement
	# of nodes: 			22
	# of irgs: 				2
	# of cf manipulations: 	4
	# of memory operations: 2
	# of types: 			312



Using pass: pass_libfirm_opt_ldst
	 :: Pass failed on irg '_main'
	 :: Pass failed on irg '_main' -- No improvement
	# of nodes: 			22
	# of irgs: 				2
	# of cf manipulations: 	4
	# of memory operations: 2
	# of types: 			312



Using pass: pass_remove_stores -- No improvement
	# of nodes: 			22
	# of irgs: 				2
	# of cf manipulations: 	4
	# of memory operations: 2
	# of types: 			312



Using pass: pass_gc_irgs -- No improvement
	# of nodes: 			22
	# of irgs: 				2
	# of cf manipulations: 	4
	# of memory operations: 2
	# of types: 			312



Using pass: pass_remove_void_calls -- No improvement
	# of nodes: 			22
	# of irgs: 				2
	# of cf manipulations: 	4
	# of memory operations: 2
	# of types: 			312



Using pass: pass_libfirm_place_code -- No improvement
	# of nodes: 			22
	# of irgs: 				2
	# of cf manipulations: 	4
	# of memory operations: 2
	# of types: 			312



Using pass: pass_libfirm_opt_parallelize_mem -- No improvement
	# of nodes: 			22
	# of irgs: 				2
	# of cf manipulations: 	4
	# of memory operations: 2
	# of types: 			312



Using pass: pass_libfirm_opt_frame -- No improvement
	# of nodes: 			22
	# of irgs: 				2
	# of cf manipulations: 	4
	# of memory operations: 2
	# of types: 			312



Using pass: pass_libfirm_opt_ldst
	 :: Pass failed on irg 'main'
	 :: Pass failed on irg 'main' -- No improvement
	# of nodes: 			22
	# of irgs: 				2
	# of cf manipulations: 	4
	# of memory operations: 2
	# of types: 			312



Using pass: pass_libfirm_occult_consts -- No improvement
	# of nodes: 			22
	# of irgs: 				2
	# of cf manipulations: 	4
	# of memory operations: 2
	# of types: 			312



Using pass: pass_libfirm_opt_bool -- No improvement
	# of nodes: 			22
	# of irgs: 				2
	# of cf manipulations: 	4
	# of memory operations: 2
	# of types: 			312



Using pass: pass_libfirm_conv_opt -- No improvement
	# of nodes: 			22
	# of irgs: 				2
	# of cf manipulations: 	4
	# of memory operations: 2
	# of types: 			312



Using pass: pass_replace_loads
	 :: Pass failed on irg '_main' -- No improvement
	# of nodes: 			22
	# of irgs: 				2
	# of cf manipulations: 	4
	# of memory operations: 2
	# of types: 			312



Using pass: pass_libfirm_optimize_cf -- No improvement
	# of nodes: 			22
	# of irgs: 				2
	# of cf manipulations: 	4
	# of memory operations: 2
	# of types: 			312



Using pass: pass_libfirm_remove_critical_cf_edges -- No improvement
	# of nodes: 			22
	# of irgs: 				2
	# of cf manipulations: 	4
	# of memory operations: 2
	# of types: 			312



Using pass: pass_check_validity -- No improvement
	# of nodes: 			22
	# of irgs: 				2
	# of cf manipulations: 	4
	# of memory operations: 2
	# of types: 			312



Using pass: pass_libfirm_optimize_load_store
	 :: interestingness test failed on irg '_main' -- No improvement
	# of nodes: 			22
	# of irgs: 				2
	# of cf manipulations: 	4
	# of memory operations: 2
	# of types: 			312



Using pass: pass_libfirm_do_loop_peeling -- No improvement
	# of nodes: 			22
	# of irgs: 				2
	# of cf manipulations: 	4
	# of memory operations: 2
	# of types: 			312



Using pass: pass_replace_arithmetic -- No improvement
	# of nodes: 			22
	# of irgs: 				2
	# of cf manipulations: 	4
	# of memory operations: 2
	# of types: 			312



Using pass: pass_libfirm_remove_tuples -- No improvement
	# of nodes: 			22
	# of irgs: 				2
	# of cf manipulations: 	4
	# of memory operations: 2
	# of types: 			312



Using pass: pass_libfirm_opt_frame -- No improvement
	# of nodes: 			22
	# of irgs: 				2
	# of cf manipulations: 	4
	# of memory operations: 2
	# of types: 			312



Using pass: pass_libfirm_construct_confirms -- No improvement
	# of nodes: 			22
	# of irgs: 				2
	# of cf manipulations: 	4
	# of memory operations: 2
	# of types: 			312



Using pass: pass_gc_entitites -- No improvement
	# of nodes: 			22
	# of irgs: 				2
	# of cf manipulations: 	4
	# of memory operations: 2
	# of types: 			312



Using pass: pass_replace_proj_primitive -- Successful
	# of nodes: 			22
	# of irgs: 				2
	# of cf manipulations: 	4
	# of memory operations: 2
	# of types: 			312



Using pass: pass_replace_members -- No improvement
	# of nodes: 			22
	# of irgs: 				2
	# of cf manipulations: 	4
	# of memory operations: 2
	# of types: 			312



Using pass: pass_libfirm_optimize_load_store
	 :: interestingness test failed on irg '_main' -- No improvement
	# of nodes: 			22
	# of irgs: 				2
	# of cf manipulations: 	4
	# of memory operations: 2
	# of types: 			312



Using pass: pass_gc_irgs -- No improvement
	# of nodes: 			22
	# of irgs: 				2
	# of cf manipulations: 	4
	# of memory operations: 2
	# of types: 			312



Using pass: pass_libfirm_opt_bool -- No improvement
	# of nodes: 			22
	# of irgs: 				2
	# of cf manipulations: 	4
	# of memory operations: 2
	# of types: 			312



Using pass: pass_libfirm_place_code -- No improvement
	# of nodes: 			22
	# of irgs: 				2
	# of cf manipulations: 	4
	# of memory operations: 2
	# of types: 			312



Using pass: pass_libfirm_opt_blocks -- No improvement
	# of nodes: 			22
	# of irgs: 				2
	# of cf manipulations: 	4
	# of memory operations: 2
	# of types: 			312



Using pass: pass_libfirm_remove_critical_cf_edges -- No improvement
	# of nodes: 			22
	# of irgs: 				2
	# of cf manipulations: 	4
	# of memory operations: 2
	# of types: 			312



Using pass: pass_libfirm_opt_blocks -- No improvement
	# of nodes: 			22
	# of irgs: 				2
	# of cf manipulations: 	4
	# of memory operations: 2
	# of types: 			312



Using pass: pass_replace_proj_primitive -- No improvement
	# of nodes: 			22
	# of irgs: 				2
	# of cf manipulations: 	4
	# of memory operations: 2
	# of types: 			312



Using pass: pass_simplify_consts -- No improvement
	# of nodes: 			22
	# of irgs: 				2
	# of cf manipulations: 	4
	# of memory operations: 2
	# of types: 			312



Using pass: pass_libfirm_gvn_pre -- No improvement
	# of nodes: 			22
	# of irgs: 				2
	# of cf manipulations: 	4
	# of memory operations: 2
	# of types: 			312



Using pass: pass_libfirm_opt_if_conv -- No improvement
	# of nodes: 			22
	# of irgs: 				2
	# of cf manipulations: 	4
	# of memory operations: 2
	# of types: 			312



Using pass: pass_replace_mux_selectors -- No improvement
	# of nodes: 			22
	# of irgs: 				2
	# of cf manipulations: 	4
	# of memory operations: 2
	# of types: 			312



Using pass: pass_libfirm_scalar_replacement_opt -- No improvement
	# of nodes: 			22
	# of irgs: 				2
	# of cf manipulations: 	4
	# of memory operations: 2
	# of types: 			312



Using pass: pass_simplify_consts -- Successful
	# of nodes: 			22
	# of irgs: 				2
	# of cf manipulations: 	4
	# of memory operations: 2
	# of types: 			312



Using pass: pass_libfirm_place_code -- No improvement
	# of nodes: 			22
	# of irgs: 				2
	# of cf manipulations: 	4
	# of memory operations: 2
	# of types: 			312



Using pass: pass_libfirm_do_loop_peeling -- No improvement
	# of nodes: 			22
	# of irgs: 				2
	# of cf manipulations: 	4
	# of memory operations: 2
	# of types: 			312



Using pass: pass_libfirm_optimize_graph_df -- No improvement
	# of nodes: 			22
	# of irgs: 				2
	# of cf manipulations: 	4
	# of memory operations: 2
	# of types: 			312



Using pass: pass_libfirm_dead_code_elimination -- No improvement
	# of nodes: 			22
	# of irgs: 				2
	# of cf manipulations: 	4
	# of memory operations: 2
	# of types: 			312



Using pass: pass_check_validity -- No improvement
	# of nodes: 			22
	# of irgs: 				2
	# of cf manipulations: 	4
	# of memory operations: 2
	# of types: 			312



Using pass: pass_replace_mux_selectors -- No improvement
	# of nodes: 			22
	# of irgs: 				2
	# of cf manipulations: 	4
	# of memory operations: 2
	# of types: 			312



Using pass: pass_libfirm_optimize_load_store -- No improvement
	# of nodes: 			22
	# of irgs: 				2
	# of cf manipulations: 	4
	# of memory operations: 2
	# of types: 			312



Using pass: pass_libfirm_opt_bool -- No improvement
	# of nodes: 			22
	# of irgs: 				2
	# of cf manipulations: 	4
	# of memory operations: 2
	# of types: 			312



Using pass: pass_libfirm_gvn_pre -- No improvement
	# of nodes: 			22
	# of irgs: 				2
	# of cf manipulations: 	4
	# of memory operations: 2
	# of types: 			312



Using pass: pass_libfirm_do_loop_inversion -- No improvement
	# of nodes: 			22
	# of irgs: 				2
	# of cf manipulations: 	4
	# of memory operations: 2
	# of types: 			312



Using pass: pass_replace_loads
	 :: Pass failed on irg '_main' -- No improvement
	# of nodes: 			22
	# of irgs: 				2
	# of cf manipulations: 	4
	# of memory operations: 2
	# of types: 			312



Using pass: pass_simplify_consts -- No improvement
	# of nodes: 			22
	# of irgs: 				2
	# of cf manipulations: 	4
	# of memory operations: 2
	# of types: 			312



Using pass: pass_libfirm_construct_confirms -- No improvement
	# of nodes: 			22
	# of irgs: 				2
	# of cf manipulations: 	4
	# of memory operations: 2
	# of types: 			312



Using pass: pass_libfirm_remove_unreachable -- No improvement
	# of nodes: 			22
	# of irgs: 				2
	# of cf manipulations: 	4
	# of memory operations: 2
	# of types: 			312



Using pass: pass_libfirm_optimize_graph_df -- No improvement
	# of nodes: 			22
	# of irgs: 				2
	# of cf manipulations: 	4
	# of memory operations: 2
	# of types: 			312



Using pass: pass_libfirm_optimize_cf -- No improvement
	# of nodes: 			22
	# of irgs: 				2
	# of cf manipulations: 	4
	# of memory operations: 2
	# of types: 			312



Using pass: pass_libfirm_opt_parallelize_mem -- No improvement
	# of nodes: 			22
	# of irgs: 				2
	# of cf manipulations: 	4
	# of memory operations: 2
	# of types: 			312



Using pass: pass_replace_proj_primitive -- No improvement
	# of nodes: 			22
	# of irgs: 				2
	# of cf manipulations: 	4
	# of memory operations: 2
	# of types: 			312



Using pass: pass_libfirm_opt_tail_rec -- No improvement
	# of nodes: 			22
	# of irgs: 				2
	# of cf manipulations: 	4
	# of memory operations: 2
	# of types: 			312



Using pass: pass_libfirm_remove_tuples -- No improvement
	# of nodes: 			22
	# of irgs: 				2
	# of cf manipulations: 	4
	# of memory operations: 2
	# of types: 			312



Using pass: pass_replace_mux_selectors -- No improvement
	# of nodes: 			22
	# of irgs: 				2
	# of cf manipulations: 	4
	# of memory operations: 2
	# of types: 			312



Using pass: pass_simplify_consts -- No improvement
	# of nodes: 			22
	# of irgs: 				2
	# of cf manipulations: 	4
	# of memory operations: 2
	# of types: 			312



Using pass: pass_libfirm_optimize_load_store
	 :: interestingness test failed on irg '_main' -- No improvement
	# of nodes: 			22
	# of irgs: 				2
	# of cf manipulations: 	4
	# of memory operations: 2
	# of types: 			312



Using pass: pass_libfirm_remove_unreachable -- No improvement
	# of nodes: 			22
	# of irgs: 				2
	# of cf manipulations: 	4
	# of memory operations: 2
	# of types: 			312



Using pass: pass_libfirm_opt_frame -- No improvement
	# of nodes: 			22
	# of irgs: 				2
	# of cf manipulations: 	4
	# of memory operations: 2
	# of types: 			312



Using pass: pass_simplify_consts -- No improvement
	# of nodes: 			22
	# of irgs: 				2
	# of cf manipulations: 	4
	# of memory operations: 2
	# of types: 			312



Using pass: pass_libfirm_scalar_replacement_opt -- No improvement
	# of nodes: 			22
	# of irgs: 				2
	# of cf manipulations: 	4
	# of memory operations: 2
	# of types: 			312



Using pass: pass_libfirm_gvn_pre -- No improvement
	# of nodes: 			22
	# of irgs: 				2
	# of cf manipulations: 	4
	# of memory operations: 2
	# of types: 			312



Using pass: pass_libfirm_gvn_pre -- No improvement
	# of nodes: 			22
	# of irgs: 				2
	# of cf manipulations: 	4
	# of memory operations: 2
	# of types: 			312



Using pass: pass_libfirm_remove_critical_cf_edges -- No improvement
	# of nodes: 			22
	# of irgs: 				2
	# of cf manipulations: 	4
	# of memory operations: 2
	# of types: 			312



Using pass: pass_libfirm_do_loop_unrolling -- No improvement
	# of nodes: 			22
	# of irgs: 				2
	# of cf manipulations: 	4
	# of memory operations: 2
	# of types: 			312



Using pass: pass_libfirm_optimize_reassociation -- No improvement
	# of nodes: 			22
	# of irgs: 				2
	# of cf manipulations: 	4
	# of memory operations: 2
	# of types: 			312



Using pass: pass_libfirm_scalar_replacement_opt -- No improvement
	# of nodes: 			22
	# of irgs: 				2
	# of cf manipulations: 	4
	# of memory operations: 2
	# of types: 			312



Using pass: pass_replace_proj_primitive -- No improvement
	# of nodes: 			22
	# of irgs: 				2
	# of cf manipulations: 	4
	# of memory operations: 2
	# of types: 			312



Using pass: pass_libfirm_remove_tuples -- No improvement
	# of nodes: 			22
	# of irgs: 				2
	# of cf manipulations: 	4
	# of memory operations: 2
	# of types: 			312



Using pass: pass_libfirm_opt_ldst
	 :: Pass failed on irg 'main'
	 :: Pass failed on irg '_main' -- No improvement
	# of nodes: 			22
	# of irgs: 				2
	# of cf manipulations: 	4
	# of memory operations: 2
	# of types: 			312



Using pass: pass_remove_void_calls -- No improvement
	# of nodes: 			22
	# of irgs: 				2
	# of cf manipulations: 	4
	# of memory operations: 2
	# of types: 			312



Using pass: pass_libfirm_opt_funccalls -- No improvement
	# of nodes: 			22
	# of irgs: 				2
	# of cf manipulations: 	4
	# of memory operations: 2
	# of types: 			312



Using pass: pass_replace_return_values -- No improvement
	# of nodes: 			22
	# of irgs: 				2
	# of cf manipulations: 	4
	# of memory operations: 2
	# of types: 			312



Using pass: pass_libfirm_normalize_one_return -- No improvement
	# of nodes: 			22
	# of irgs: 				2
	# of cf manipulations: 	4
	# of memory operations: 2
	# of types: 			312



Using pass: pass_libfirm_optimize_reassociation -- No improvement
	# of nodes: 			22
	# of irgs: 				2
	# of cf manipulations: 	4
	# of memory operations: 2
	# of types: 			312



Using pass: pass_replace_cond_selectors -- No improvement
	# of nodes: 			22
	# of irgs: 				2
	# of cf manipulations: 	4
	# of memory operations: 2
	# of types: 			312



Using pass: pass_libfirm_gvn_pre -- No improvement
	# of nodes: 			22
	# of irgs: 				2
	# of cf manipulations: 	4
	# of memory operations: 2
	# of types: 			312



Using pass: pass_libfirm_opt_jumpthreading -- No improvement
	# of nodes: 			22
	# of irgs: 				2
	# of cf manipulations: 	4
	# of memory operations: 2
	# of types: 			312



Using pass: pass_replace_members -- No improvement
	# of nodes: 			22
	# of irgs: 				2
	# of cf manipulations: 	4
	# of memory operations: 2
	# of types: 			312



Using pass: pass_libfirm_opt_tail_rec -- No improvement
	# of nodes: 			22
	# of irgs: 				2
	# of cf manipulations: 	4
	# of memory operations: 2
	# of types: 			312



Using pass: pass_replace_mux_selectors -- No improvement
	# of nodes: 			22
	# of irgs: 				2
	# of cf manipulations: 	4
	# of memory operations: 2
	# of types: 			312



Using pass: pass_replace_arithmetic -- No improvement
	# of nodes: 			22
	# of irgs: 				2
	# of cf manipulations: 	4
	# of memory operations: 2
	# of types: 			312



Using pass: pass_libfirm_conv_opt -- No improvement
	# of nodes: 			22
	# of irgs: 				2
	# of cf manipulations: 	4
	# of memory operations: 2
	# of types: 			312



Using pass: pass_libfirm_opt_ldst
	 :: Pass failed on irg 'main'
	 :: Pass failed on irg 'main' -- No improvement
	# of nodes: 			22
	# of irgs: 				2
	# of cf manipulations: 	4
	# of memory operations: 2
	# of types: 			312



Using pass: pass_libfirm_gvn_pre -- No improvement
	# of nodes: 			22
	# of irgs: 				2
	# of cf manipulations: 	4
	# of memory operations: 2
	# of types: 			312




 :: 2nd reduction cycle

Using pass: pass_gc_irgs -- Trying irg 'main' -- No improvement
Using pass: pass_gc_irgs_primitive -- Trying irg '_main' -- No improvement
Using pass: pass_gc_irgs_primitive -- Trying irg '_main' -- No improvement
Using pass: pass_gc_irgs_primitive -- Trying irg '_main' -- No improvement
Using pass: pass_gc_irgs_primitive -- Trying irg '_main' -- No improvement
Using pass: pass_libfirm_optimize_load_store -- Trying irg '_main' -- No improvement
Using pass: pass_libfirm_optimize_load_store -- Trying irg '_main' -- No improvement
Using pass: pass_libfirm_optimize_load_store -- Trying irg '_main' -- No improvement
Using pass: pass_libfirm_optimize_load_store -- Trying irg '_main' -- No improvement

______________________________

No further reduction possible.

Result:
	# of nodes: 			22
	# of irgs: 				2
	# of cf manipulations: 	4
	# of memory operations: 2
	# of types: 			312

2018-08-26 19:11:42