2018-08-23 21:55:28 -- Firmreduce -- Results

Initial Test-case size:
	# of nodes: 			912
	# of irgs: 				6
	# of cf manipulations: 	66
	# of memory operations: 137
	# of types: 			207


Using pass: pass_libfirm_optimize_load_store -- Successful
	# of nodes: 			921
	# of irgs: 				6
	# of cf manipulations: 	71
	# of memory operations: 137
	# of types: 			207



Using pass: pass_libfirm_opt_jumpthreading -- Successful
	# of nodes: 			923
	# of irgs: 				6
	# of cf manipulations: 	72
	# of memory operations: 137
	# of types: 			207



Using pass: pass_libfirm_opt_tail_rec -- No improvement
	# of nodes: 			923
	# of irgs: 				6
	# of cf manipulations: 	72
	# of memory operations: 137
	# of types: 			207



Using pass: pass_remove_stores -- Successful
	# of nodes: 			574
	# of irgs: 				6
	# of cf manipulations: 	48
	# of memory operations: 101
	# of types: 			207



Using pass: pass_libfirm_opt_jumpthreading -- No improvement
	# of nodes: 			574
	# of irgs: 				6
	# of cf manipulations: 	48
	# of memory operations: 101
	# of types: 			207



Using pass: pass_remove_allocs -- Successful
	# of nodes: 			538
	# of irgs: 				6
	# of cf manipulations: 	48
	# of memory operations: 85
	# of types: 			207



Using pass: pass_libfirm_remove_tuples -- No improvement
	# of nodes: 			538
	# of irgs: 				6
	# of cf manipulations: 	48
	# of memory operations: 85
	# of types: 			207



Using pass: pass_libfirm_dead_code_elimination -- No improvement
	# of nodes: 			538
	# of irgs: 				6
	# of cf manipulations: 	48
	# of memory operations: 85
	# of types: 			207



Using pass: pass_replace_return_values -- Successful
	# of nodes: 			472
	# of irgs: 				6
	# of cf manipulations: 	41
	# of memory operations: 83
	# of types: 			207



Using pass: pass_libfirm_do_loop_peeling -- No improvement
	# of nodes: 			472
	# of irgs: 				6
	# of cf manipulations: 	41
	# of memory operations: 83
	# of types: 			207



Using pass: pass_libfirm_normalize_n_returns -- Successful
	# of nodes: 			459
	# of irgs: 				6
	# of cf manipulations: 	37
	# of memory operations: 83
	# of types: 			207



Using pass: pass_replace_arithmetic -- Successful
	# of nodes: 			439
	# of irgs: 				6
	# of cf manipulations: 	38
	# of memory operations: 80
	# of types: 			207



Using pass: pass_replace_arithmetic -- No improvement
	# of nodes: 			439
	# of irgs: 				6
	# of cf manipulations: 	38
	# of memory operations: 80
	# of types: 			207



Using pass: pass_check_validity -- No improvement
	# of nodes: 			439
	# of irgs: 				6
	# of cf manipulations: 	38
	# of memory operations: 80
	# of types: 			207



Using pass: pass_libfirm_opt_jumpthreading -- No improvement
	# of nodes: 			439
	# of irgs: 				6
	# of cf manipulations: 	38
	# of memory operations: 80
	# of types: 			207



Using pass: pass_libfirm_optimize_load_store -- Successful
	# of nodes: 			397
	# of irgs: 				6
	# of cf manipulations: 	38
	# of memory operations: 71
	# of types: 			207



Using pass: pass_check_validity -- No improvement
	# of nodes: 			397
	# of irgs: 				6
	# of cf manipulations: 	38
	# of memory operations: 71
	# of types: 			207



Using pass: pass_gc_irgs
	 :: Pass failed on irg 'r_func_2'
	 :: Pass failed on irg 'r_func_3'
	 :: Pass failed on irg 'r_func_1'
	 :: Pass failed on irg 'r_func_3'
	 :: Pass failed on irg 'r_func_4'
	 :: Pass failed on irg '_main' -- No improvement
	# of nodes: 			397
	# of irgs: 				6
	# of cf manipulations: 	38
	# of memory operations: 71
	# of types: 			207



Using pass: pass_libfirm_optimize_cf -- Successful
	# of nodes: 			382
	# of irgs: 				6
	# of cf manipulations: 	31
	# of memory operations: 71
	# of types: 			207



Using pass: pass_libfirm_remove_tuples -- No improvement
	# of nodes: 			382
	# of irgs: 				6
	# of cf manipulations: 	31
	# of memory operations: 71
	# of types: 			207



Using pass: pass_libfirm_optimize_graph_df -- No improvement
	# of nodes: 			382
	# of irgs: 				6
	# of cf manipulations: 	31
	# of memory operations: 71
	# of types: 			207



Using pass: pass_libfirm_normalize_one_return -- No improvement
	# of nodes: 			382
	# of irgs: 				6
	# of cf manipulations: 	31
	# of memory operations: 71
	# of types: 			207



Using pass: pass_libfirm_optimize_load_store -- Successful
	# of nodes: 			388
	# of irgs: 				6
	# of cf manipulations: 	34
	# of memory operations: 71
	# of types: 			207



Using pass: pass_gc_entitites -- No improvement
	# of nodes: 			388
	# of irgs: 				6
	# of cf manipulations: 	34
	# of memory operations: 71
	# of types: 			207



Using pass: pass_libfirm_conv_opt -- No improvement
	# of nodes: 			388
	# of irgs: 				6
	# of cf manipulations: 	34
	# of memory operations: 71
	# of types: 			207



Using pass: pass_remove_allocs -- Successful
	# of nodes: 			339
	# of irgs: 				6
	# of cf manipulations: 	34
	# of memory operations: 55
	# of types: 			207



Using pass: pass_gc_irgs
	 :: Pass failed on irg 'r_func_4'
	 :: Pass failed on irg 'r_func_4'
	 :: Pass failed on irg 'r_func_2'
	 :: Pass failed on irg '_main'
	 :: Pass failed on irg 'r_func_3'
	 :: Pass failed on irg 'r_func_4' -- No improvement
	# of nodes: 			339
	# of irgs: 				6
	# of cf manipulations: 	34
	# of memory operations: 55
	# of types: 			207



Using pass: pass_libfirm_do_loop_unrolling -- No improvement
	# of nodes: 			339
	# of irgs: 				6
	# of cf manipulations: 	34
	# of memory operations: 55
	# of types: 			207



Using pass: pass_replace_arithmetic -- No improvement
	# of nodes: 			339
	# of irgs: 				6
	# of cf manipulations: 	34
	# of memory operations: 55
	# of types: 			207



Using pass: pass_libfirm_remove_tuples -- No improvement
	# of nodes: 			339
	# of irgs: 				6
	# of cf manipulations: 	34
	# of memory operations: 55
	# of types: 			207



Using pass: pass_replace_mux_selectors -- No improvement
	# of nodes: 			339
	# of irgs: 				6
	# of cf manipulations: 	34
	# of memory operations: 55
	# of types: 			207



Using pass: pass_remove_allocs -- Successful
	# of nodes: 			336
	# of irgs: 				6
	# of cf manipulations: 	34
	# of memory operations: 54
	# of types: 			207



Using pass: pass_remove_stores -- No improvement
	# of nodes: 			336
	# of irgs: 				6
	# of cf manipulations: 	34
	# of memory operations: 54
	# of types: 			207



Using pass: pass_libfirm_opt_tail_rec -- Successful
	# of nodes: 			323
	# of irgs: 				6
	# of cf manipulations: 	30
	# of memory operations: 54
	# of types: 			207



Using pass: pass_replace_mux_selectors -- No improvement
	# of nodes: 			323
	# of irgs: 				6
	# of cf manipulations: 	30
	# of memory operations: 54
	# of types: 			207



Using pass: pass_gc_irgs
	 :: Pass failed on irg 'r_func_1'
	 :: Pass failed on irg 'r_func_3'
	 :: Pass failed on irg 'r_func_4' -- Successful
	# of nodes: 			7
	# of irgs: 				1
	# of cf manipulations: 	2
	# of memory operations: 0
	# of types: 			207



Using pass: pass_libfirm_gvn_pre -- No improvement
	# of nodes: 			7
	# of irgs: 				1
	# of cf manipulations: 	2
	# of memory operations: 0
	# of types: 			207



Using pass: pass_libfirm_conv_opt -- No improvement
	# of nodes: 			7
	# of irgs: 				1
	# of cf manipulations: 	2
	# of memory operations: 0
	# of types: 			207



Using pass: pass_replace_loads -- No improvement
	# of nodes: 			7
	# of irgs: 				1
	# of cf manipulations: 	2
	# of memory operations: 0
	# of types: 			207



Using pass: pass_libfirm_opt_parallelize_mem -- No improvement
	# of nodes: 			7
	# of irgs: 				1
	# of cf manipulations: 	2
	# of memory operations: 0
	# of types: 			207



Using pass: pass_replace_cond_selectors -- No improvement
	# of nodes: 			7
	# of irgs: 				1
	# of cf manipulations: 	2
	# of memory operations: 0
	# of types: 			207



Using pass: pass_libfirm_opt_if_conv -- No improvement
	# of nodes: 			7
	# of irgs: 				1
	# of cf manipulations: 	2
	# of memory operations: 0
	# of types: 			207



Using pass: pass_libfirm_place_code -- No improvement
	# of nodes: 			7
	# of irgs: 				1
	# of cf manipulations: 	2
	# of memory operations: 0
	# of types: 			207



Using pass: pass_replace_loads -- No improvement
	# of nodes: 			7
	# of irgs: 				1
	# of cf manipulations: 	2
	# of memory operations: 0
	# of types: 			207



Using pass: pass_libfirm_do_loop_inversion -- No improvement
	# of nodes: 			7
	# of irgs: 				1
	# of cf manipulations: 	2
	# of memory operations: 0
	# of types: 			207



Using pass: pass_replace_proj_primitive -- No improvement
	# of nodes: 			7
	# of irgs: 				1
	# of cf manipulations: 	2
	# of memory operations: 0
	# of types: 			207



Using pass: pass_libfirm_optimize_reassociation -- No improvement
	# of nodes: 			7
	# of irgs: 				1
	# of cf manipulations: 	2
	# of memory operations: 0
	# of types: 			207



Using pass: pass_libfirm_normalize_n_returns -- No improvement
	# of nodes: 			7
	# of irgs: 				1
	# of cf manipulations: 	2
	# of memory operations: 0
	# of types: 			207



Using pass: pass_libfirm_opt_parallelize_mem -- No improvement
	# of nodes: 			7
	# of irgs: 				1
	# of cf manipulations: 	2
	# of memory operations: 0
	# of types: 			207



Using pass: pass_replace_loads -- No improvement
	# of nodes: 			7
	# of irgs: 				1
	# of cf manipulations: 	2
	# of memory operations: 0
	# of types: 			207



Using pass: pass_libfirm_opt_if_conv -- No improvement
	# of nodes: 			7
	# of irgs: 				1
	# of cf manipulations: 	2
	# of memory operations: 0
	# of types: 			207



Using pass: pass_libfirm_dead_code_elimination -- No improvement
	# of nodes: 			7
	# of irgs: 				1
	# of cf manipulations: 	2
	# of memory operations: 0
	# of types: 			207



Using pass: pass_libfirm_opt_parallelize_mem -- No improvement
	# of nodes: 			7
	# of irgs: 				1
	# of cf manipulations: 	2
	# of memory operations: 0
	# of types: 			207



Using pass: pass_libfirm_optimize_reassociation -- No improvement
	# of nodes: 			7
	# of irgs: 				1
	# of cf manipulations: 	2
	# of memory operations: 0
	# of types: 			207



Using pass: pass_libfirm_gvn_pre -- No improvement
	# of nodes: 			7
	# of irgs: 				1
	# of cf manipulations: 	2
	# of memory operations: 0
	# of types: 			207



Using pass: pass_libfirm_do_loop_unrolling -- No improvement
	# of nodes: 			7
	# of irgs: 				1
	# of cf manipulations: 	2
	# of memory operations: 0
	# of types: 			207



Using pass: pass_libfirm_opt_tail_rec -- No improvement
	# of nodes: 			7
	# of irgs: 				1
	# of cf manipulations: 	2
	# of memory operations: 0
	# of types: 			207



Using pass: pass_simplify_consts -- No improvement
	# of nodes: 			7
	# of irgs: 				1
	# of cf manipulations: 	2
	# of memory operations: 0
	# of types: 			207



Using pass: pass_replace_members -- No improvement
	# of nodes: 			7
	# of irgs: 				1
	# of cf manipulations: 	2
	# of memory operations: 0
	# of types: 			207



Using pass: pass_gc_irgs_primitive -- No improvement
	# of nodes: 			7
	# of irgs: 				1
	# of cf manipulations: 	2
	# of memory operations: 0
	# of types: 			207



Using pass: pass_gc_irgs_primitive -- No improvement
	# of nodes: 			7
	# of irgs: 				1
	# of cf manipulations: 	2
	# of memory operations: 0
	# of types: 			207



Using pass: pass_libfirm_opt_ldst
	 :: Pass failed on irg 'main' -- No improvement
	# of nodes: 			7
	# of irgs: 				1
	# of cf manipulations: 	2
	# of memory operations: 0
	# of types: 			207



Using pass: pass_libfirm_do_loop_peeling -- No improvement
	# of nodes: 			7
	# of irgs: 				1
	# of cf manipulations: 	2
	# of memory operations: 0
	# of types: 			207



Using pass: pass_libfirm_remove_tuples -- No improvement
	# of nodes: 			7
	# of irgs: 				1
	# of cf manipulations: 	2
	# of memory operations: 0
	# of types: 			207



Using pass: pass_libfirm_normalize_n_returns -- No improvement
	# of nodes: 			7
	# of irgs: 				1
	# of cf manipulations: 	2
	# of memory operations: 0
	# of types: 			207



Using pass: pass_remove_stores -- No improvement
	# of nodes: 			7
	# of irgs: 				1
	# of cf manipulations: 	2
	# of memory operations: 0
	# of types: 			207



Using pass: pass_replace_return_values -- No improvement
	# of nodes: 			7
	# of irgs: 				1
	# of cf manipulations: 	2
	# of memory operations: 0
	# of types: 			207



Using pass: pass_libfirm_opt_parallelize_mem -- No improvement
	# of nodes: 			7
	# of irgs: 				1
	# of cf manipulations: 	2
	# of memory operations: 0
	# of types: 			207



Using pass: pass_libfirm_optimize_load_store -- No improvement
	# of nodes: 			7
	# of irgs: 				1
	# of cf manipulations: 	2
	# of memory operations: 0
	# of types: 			207



Using pass: pass_libfirm_do_loop_unrolling -- No improvement
	# of nodes: 			7
	# of irgs: 				1
	# of cf manipulations: 	2
	# of memory operations: 0
	# of types: 			207



Using pass: pass_simplify_consts -- No improvement
	# of nodes: 			7
	# of irgs: 				1
	# of cf manipulations: 	2
	# of memory operations: 0
	# of types: 			207



Using pass: pass_libfirm_combo -- No improvement
	# of nodes: 			7
	# of irgs: 				1
	# of cf manipulations: 	2
	# of memory operations: 0
	# of types: 			207



Using pass: pass_replace_cond_selectors -- No improvement
	# of nodes: 			7
	# of irgs: 				1
	# of cf manipulations: 	2
	# of memory operations: 0
	# of types: 			207



Using pass: pass_remove_void_calls -- No improvement
	# of nodes: 			7
	# of irgs: 				1
	# of cf manipulations: 	2
	# of memory operations: 0
	# of types: 			207



Using pass: pass_libfirm_do_loop_unrolling -- No improvement
	# of nodes: 			7
	# of irgs: 				1
	# of cf manipulations: 	2
	# of memory operations: 0
	# of types: 			207



Using pass: pass_libfirm_place_code -- No improvement
	# of nodes: 			7
	# of irgs: 				1
	# of cf manipulations: 	2
	# of memory operations: 0
	# of types: 			207



Using pass: pass_replace_mux_selectors -- No improvement
	# of nodes: 			7
	# of irgs: 				1
	# of cf manipulations: 	2
	# of memory operations: 0
	# of types: 			207



Using pass: pass_replace_members -- No improvement
	# of nodes: 			7
	# of irgs: 				1
	# of cf manipulations: 	2
	# of memory operations: 0
	# of types: 			207



Using pass: pass_libfirm_dead_code_elimination -- No improvement
	# of nodes: 			7
	# of irgs: 				1
	# of cf manipulations: 	2
	# of memory operations: 0
	# of types: 			207



Using pass: pass_replace_loads -- No improvement
	# of nodes: 			7
	# of irgs: 				1
	# of cf manipulations: 	2
	# of memory operations: 0
	# of types: 			207



Using pass: pass_libfirm_opt_tail_rec -- No improvement
	# of nodes: 			7
	# of irgs: 				1
	# of cf manipulations: 	2
	# of memory operations: 0
	# of types: 			207



Using pass: pass_libfirm_optimize_graph_df -- No improvement
	# of nodes: 			7
	# of irgs: 				1
	# of cf manipulations: 	2
	# of memory operations: 0
	# of types: 			207



Using pass: pass_libfirm_dead_code_elimination -- No improvement
	# of nodes: 			7
	# of irgs: 				1
	# of cf manipulations: 	2
	# of memory operations: 0
	# of types: 			207



Using pass: pass_libfirm_place_code -- No improvement
	# of nodes: 			7
	# of irgs: 				1
	# of cf manipulations: 	2
	# of memory operations: 0
	# of types: 			207



Using pass: pass_libfirm_optimize_cf -- No improvement
	# of nodes: 			7
	# of irgs: 				1
	# of cf manipulations: 	2
	# of memory operations: 0
	# of types: 			207



Using pass: pass_simplify_consts -- No improvement
	# of nodes: 			7
	# of irgs: 				1
	# of cf manipulations: 	2
	# of memory operations: 0
	# of types: 			207



Using pass: pass_libfirm_construct_confirms -- No improvement
	# of nodes: 			7
	# of irgs: 				1
	# of cf manipulations: 	2
	# of memory operations: 0
	# of types: 			207



Using pass: pass_libfirm_do_loop_peeling -- No improvement
	# of nodes: 			7
	# of irgs: 				1
	# of cf manipulations: 	2
	# of memory operations: 0
	# of types: 			207



Using pass: pass_libfirm_opt_tail_rec -- No improvement
	# of nodes: 			7
	# of irgs: 				1
	# of cf manipulations: 	2
	# of memory operations: 0
	# of types: 			207



Using pass: pass_libfirm_place_code -- No improvement
	# of nodes: 			7
	# of irgs: 				1
	# of cf manipulations: 	2
	# of memory operations: 0
	# of types: 			207



Using pass: pass_replace_return_values -- No improvement
	# of nodes: 			7
	# of irgs: 				1
	# of cf manipulations: 	2
	# of memory operations: 0
	# of types: 			207



Using pass: pass_libfirm_scalar_replacement_opt -- No improvement
	# of nodes: 			7
	# of irgs: 				1
	# of cf manipulations: 	2
	# of memory operations: 0
	# of types: 			207




 :: 2nd reduction cycle


______________________________

No further reduction possible.

Result:
	# of nodes: 			7
	# of irgs: 				1
	# of cf manipulations: 	2
	# of memory operations: 0
	# of types: 			207

2018-08-23 21:55:38