2018-08-26 20:02:16 -- Firmreduce -- Results

Initial Test-case size:
	# of nodes: 			1060
	# of irgs: 				6
	# of cf manipulations: 	65
	# of memory operations: 205
	# of types: 			316


Using pass: pass_replace_proj_primitive -- Successful
	# of nodes: 			388
	# of irgs: 				6
	# of cf manipulations: 	13
	# of memory operations: 122
	# of types: 			316



Using pass: pass_libfirm_optimize_reassociation -- No improvement
	# of nodes: 			388
	# of irgs: 				6
	# of cf manipulations: 	13
	# of memory operations: 122
	# of types: 			316



Using pass: pass_libfirm_combo -- No improvement
	# of nodes: 			388
	# of irgs: 				6
	# of cf manipulations: 	13
	# of memory operations: 122
	# of types: 			316



Using pass: pass_replace_proj_primitive -- No improvement
	# of nodes: 			388
	# of irgs: 				6
	# of cf manipulations: 	13
	# of memory operations: 122
	# of types: 			316



Using pass: pass_replace_return_values -- No improvement
	# of nodes: 			388
	# of irgs: 				6
	# of cf manipulations: 	13
	# of memory operations: 122
	# of types: 			316



Using pass: pass_libfirm_normalize_one_return -- No improvement
	# of nodes: 			388
	# of irgs: 				6
	# of cf manipulations: 	13
	# of memory operations: 122
	# of types: 			316



Using pass: pass_replace_return_values -- No improvement
	# of nodes: 			388
	# of irgs: 				6
	# of cf manipulations: 	13
	# of memory operations: 122
	# of types: 			316



Using pass: pass_gc_irgs
	 :: Pass failed on irg '_main'
	 :: Pass failed on irg 'r_func_4'
	 :: Pass failed on irg '_main'
	 :: Pass failed on irg 'r_func_4'
	 :: Pass failed on irg '_main'
	 :: Pass failed on irg 'r_func_4' -- No improvement
	# of nodes: 			388
	# of irgs: 				6
	# of cf manipulations: 	13
	# of memory operations: 122
	# of types: 			316



Using pass: pass_libfirm_do_loop_peeling
	 :: Pass failed on irg 'r_func_1'
	 :: Pass failed on irg 'r_func_1'
	 :: Pass failed on irg 'r_func_1'
	 :: Pass failed on irg 'r_func_1' -- No improvement
	# of nodes: 			388
	# of irgs: 				6
	# of cf manipulations: 	13
	# of memory operations: 122
	# of types: 			316



Using pass: pass_libfirm_remove_unreachable -- No improvement
	# of nodes: 			388
	# of irgs: 				6
	# of cf manipulations: 	13
	# of memory operations: 122
	# of types: 			316



Using pass: pass_simplify_consts -- Successful
	# of nodes: 			360
	# of irgs: 				6
	# of cf manipulations: 	13
	# of memory operations: 122
	# of types: 			316



Using pass: pass_libfirm_opt_bool -- No improvement
	# of nodes: 			360
	# of irgs: 				6
	# of cf manipulations: 	13
	# of memory operations: 122
	# of types: 			316



Using pass: pass_libfirm_opt_blocks -- No improvement
	# of nodes: 			360
	# of irgs: 				6
	# of cf manipulations: 	13
	# of memory operations: 122
	# of types: 			316



Using pass: pass_libfirm_remove_bads -- No improvement
	# of nodes: 			360
	# of irgs: 				6
	# of cf manipulations: 	13
	# of memory operations: 122
	# of types: 			316



Using pass: pass_remove_void_calls -- Successful
	# of nodes: 			340
	# of irgs: 				6
	# of cf manipulations: 	13
	# of memory operations: 115
	# of types: 			316



Using pass: pass_gc_irgs_primitive
	 :: interestingness test failed on irg '_main'
	 :: interestingness test failed on irg '_main' -- Successful
	# of nodes: 			249
	# of irgs: 				5
	# of cf manipulations: 	11
	# of memory operations: 79
	# of types: 			316



Using pass: pass_libfirm_remove_unreachable -- No improvement
	# of nodes: 			249
	# of irgs: 				5
	# of cf manipulations: 	11
	# of memory operations: 79
	# of types: 			316



Using pass: pass_libfirm_remove_critical_cf_edges -- No improvement
	# of nodes: 			249
	# of irgs: 				5
	# of cf manipulations: 	11
	# of memory operations: 79
	# of types: 			316



Using pass: pass_libfirm_scalar_replacement_opt -- No improvement
	# of nodes: 			249
	# of irgs: 				5
	# of cf manipulations: 	11
	# of memory operations: 79
	# of types: 			316



Using pass: pass_libfirm_remove_bads -- No improvement
	# of nodes: 			249
	# of irgs: 				5
	# of cf manipulations: 	11
	# of memory operations: 79
	# of types: 			316



Using pass: pass_libfirm_normalize_n_returns -- No improvement
	# of nodes: 			249
	# of irgs: 				5
	# of cf manipulations: 	11
	# of memory operations: 79
	# of types: 			316



Using pass: pass_libfirm_scalar_replacement_opt -- No improvement
	# of nodes: 			249
	# of irgs: 				5
	# of cf manipulations: 	11
	# of memory operations: 79
	# of types: 			316



Using pass: pass_libfirm_optimize_load_store
	 :: interestingness test failed on irg '_main'
	 :: interestingness test failed on irg '_main'
	 :: interestingness test failed on irg '_main' -- Successful
	# of nodes: 			211
	# of irgs: 				5
	# of cf manipulations: 	11
	# of memory operations: 67
	# of types: 			316



Using pass: pass_libfirm_do_loop_unrolling -- No improvement
	# of nodes: 			211
	# of irgs: 				5
	# of cf manipulations: 	11
	# of memory operations: 67
	# of types: 			316



Using pass: pass_libfirm_optimize_load_store -- No improvement
	# of nodes: 			211
	# of irgs: 				5
	# of cf manipulations: 	11
	# of memory operations: 67
	# of types: 			316



Using pass: pass_gc_entitites -- No improvement
	# of nodes: 			211
	# of irgs: 				5
	# of cf manipulations: 	11
	# of memory operations: 67
	# of types: 			316



Using pass: pass_libfirm_place_code -- No improvement
	# of nodes: 			211
	# of irgs: 				5
	# of cf manipulations: 	11
	# of memory operations: 67
	# of types: 			316



Using pass: pass_libfirm_remove_critical_cf_edges -- No improvement
	# of nodes: 			211
	# of irgs: 				5
	# of cf manipulations: 	11
	# of memory operations: 67
	# of types: 			316



Using pass: pass_libfirm_do_loop_inversion -- No improvement
	# of nodes: 			211
	# of irgs: 				5
	# of cf manipulations: 	11
	# of memory operations: 67
	# of types: 			316



Using pass: pass_libfirm_optimize_graph_df -- Successful
	# of nodes: 			209
	# of irgs: 				5
	# of cf manipulations: 	11
	# of memory operations: 67
	# of types: 			316



Using pass: pass_libfirm_do_loop_peeling
	 :: Pass failed on irg 'r_func_1' -- No improvement
	# of nodes: 			209
	# of irgs: 				5
	# of cf manipulations: 	11
	# of memory operations: 67
	# of types: 			316



Using pass: pass_libfirm_remove_bads -- No improvement
	# of nodes: 			209
	# of irgs: 				5
	# of cf manipulations: 	11
	# of memory operations: 67
	# of types: 			316



Using pass: pass_libfirm_opt_blocks -- No improvement
	# of nodes: 			209
	# of irgs: 				5
	# of cf manipulations: 	11
	# of memory operations: 67
	# of types: 			316



Using pass: pass_gc_irgs
	 :: Pass failed on irg '_main'
	 :: interestingness test failed on irg 'r_func_1'
	 :: Pass failed on irg 'r_func_3'
	 :: interestingness test failed on irg 'r_func_1' -- No improvement
	# of nodes: 			209
	# of irgs: 				5
	# of cf manipulations: 	11
	# of memory operations: 67
	# of types: 			316



Using pass: pass_replace_cond_selectors -- No improvement
	# of nodes: 			209
	# of irgs: 				5
	# of cf manipulations: 	11
	# of memory operations: 67
	# of types: 			316



Using pass: pass_replace_loads
	 :: Pass failed on irg '_main' -- No improvement
	# of nodes: 			209
	# of irgs: 				5
	# of cf manipulations: 	11
	# of memory operations: 67
	# of types: 			316



Using pass: pass_libfirm_do_loop_inversion -- No improvement
	# of nodes: 			209
	# of irgs: 				5
	# of cf manipulations: 	11
	# of memory operations: 67
	# of types: 			316



Using pass: pass_replace_cond_selectors -- No improvement
	# of nodes: 			209
	# of irgs: 				5
	# of cf manipulations: 	11
	# of memory operations: 67
	# of types: 			316



Using pass: pass_libfirm_opt_bool -- No improvement
	# of nodes: 			209
	# of irgs: 				5
	# of cf manipulations: 	11
	# of memory operations: 67
	# of types: 			316



Using pass: pass_libfirm_remove_tuples -- No improvement
	# of nodes: 			209
	# of irgs: 				5
	# of cf manipulations: 	11
	# of memory operations: 67
	# of types: 			316



Using pass: pass_simplify_consts -- Successful
	# of nodes: 			201
	# of irgs: 				5
	# of cf manipulations: 	11
	# of memory operations: 67
	# of types: 			316



Using pass: pass_libfirm_do_loop_unrolling -- No improvement
	# of nodes: 			201
	# of irgs: 				5
	# of cf manipulations: 	11
	# of memory operations: 67
	# of types: 			316



Using pass: pass_replace_members -- No improvement
	# of nodes: 			201
	# of irgs: 				5
	# of cf manipulations: 	11
	# of memory operations: 67
	# of types: 			316



Using pass: pass_libfirm_do_loop_inversion -- No improvement
	# of nodes: 			201
	# of irgs: 				5
	# of cf manipulations: 	11
	# of memory operations: 67
	# of types: 			316



Using pass: pass_replace_mux_selectors -- No improvement
	# of nodes: 			201
	# of irgs: 				5
	# of cf manipulations: 	11
	# of memory operations: 67
	# of types: 			316



Using pass: pass_libfirm_optimize_cf -- No improvement
	# of nodes: 			201
	# of irgs: 				5
	# of cf manipulations: 	11
	# of memory operations: 67
	# of types: 			316



Using pass: pass_libfirm_gvn_pre -- No improvement
	# of nodes: 			201
	# of irgs: 				5
	# of cf manipulations: 	11
	# of memory operations: 67
	# of types: 			316



Using pass: pass_gc_irgs
	 :: interestingness test failed on irg 'r_func_1'
	 :: interestingness test failed on irg 'main'
	 :: Pass failed on irg 'r_func_3' -- No improvement
	# of nodes: 			201
	# of irgs: 				5
	# of cf manipulations: 	11
	# of memory operations: 67
	# of types: 			316



Using pass: pass_libfirm_opt_bool -- No improvement
	# of nodes: 			201
	# of irgs: 				5
	# of cf manipulations: 	11
	# of memory operations: 67
	# of types: 			316



Using pass: pass_libfirm_optimize_load_store
	 :: interestingness test failed on irg '_main'
	 :: interestingness test failed on irg '_main' -- No improvement
	# of nodes: 			201
	# of irgs: 				5
	# of cf manipulations: 	11
	# of memory operations: 67
	# of types: 			316



Using pass: pass_libfirm_construct_confirms -- No improvement
	# of nodes: 			201
	# of irgs: 				5
	# of cf manipulations: 	11
	# of memory operations: 67
	# of types: 			316



Using pass: pass_gc_irgs
	 :: interestingness test failed on irg 'r_func_1'
	 :: Pass failed on irg '_main'
	 :: interestingness test failed on irg 'r_func_1' -- No improvement
	# of nodes: 			201
	# of irgs: 				5
	# of cf manipulations: 	11
	# of memory operations: 67
	# of types: 			316



Using pass: pass_libfirm_remove_unreachable -- No improvement
	# of nodes: 			201
	# of irgs: 				5
	# of cf manipulations: 	11
	# of memory operations: 67
	# of types: 			316



Using pass: pass_libfirm_construct_confirms -- No improvement
	# of nodes: 			201
	# of irgs: 				5
	# of cf manipulations: 	11
	# of memory operations: 67
	# of types: 			316



Using pass: pass_replace_proj_primitive -- No improvement
	# of nodes: 			201
	# of irgs: 				5
	# of cf manipulations: 	11
	# of memory operations: 67
	# of types: 			316



Using pass: pass_replace_members -- No improvement
	# of nodes: 			201
	# of irgs: 				5
	# of cf manipulations: 	11
	# of memory operations: 67
	# of types: 			316



Using pass: pass_libfirm_gvn_pre -- No improvement
	# of nodes: 			201
	# of irgs: 				5
	# of cf manipulations: 	11
	# of memory operations: 67
	# of types: 			316



Using pass: pass_libfirm_opt_frame -- No improvement
	# of nodes: 			201
	# of irgs: 				5
	# of cf manipulations: 	11
	# of memory operations: 67
	# of types: 			316



Using pass: pass_libfirm_remove_critical_cf_edges -- No improvement
	# of nodes: 			201
	# of irgs: 				5
	# of cf manipulations: 	11
	# of memory operations: 67
	# of types: 			316



Using pass: pass_replace_proj_primitive -- No improvement
	# of nodes: 			201
	# of irgs: 				5
	# of cf manipulations: 	11
	# of memory operations: 67
	# of types: 			316



Using pass: pass_gc_irgs_primitive
	 :: interestingness test failed on irg '_main'
	 :: interestingness test failed on irg '_main' -- Successful
	# of nodes: 			92
	# of irgs: 				3
	# of cf manipulations: 	7
	# of memory operations: 25
	# of types: 			316



Using pass: pass_libfirm_gvn_pre -- No improvement
	# of nodes: 			92
	# of irgs: 				3
	# of cf manipulations: 	7
	# of memory operations: 25
	# of types: 			316



Using pass: pass_libfirm_opt_bool -- No improvement
	# of nodes: 			92
	# of irgs: 				3
	# of cf manipulations: 	7
	# of memory operations: 25
	# of types: 			316



Using pass: pass_replace_loads
	 :: Pass failed on irg '_main' -- No improvement
	# of nodes: 			92
	# of irgs: 				3
	# of cf manipulations: 	7
	# of memory operations: 25
	# of types: 			316



Using pass: pass_libfirm_do_loop_peeling
	 :: Pass failed on irg 'r_func_1' -- No improvement
	# of nodes: 			92
	# of irgs: 				3
	# of cf manipulations: 	7
	# of memory operations: 25
	# of types: 			316



Using pass: pass_libfirm_do_loop_unrolling -- No improvement
	# of nodes: 			92
	# of irgs: 				3
	# of cf manipulations: 	7
	# of memory operations: 25
	# of types: 			316



Using pass: pass_libfirm_remove_critical_cf_edges -- No improvement
	# of nodes: 			92
	# of irgs: 				3
	# of cf manipulations: 	7
	# of memory operations: 25
	# of types: 			316



Using pass: pass_libfirm_remove_unreachable -- No improvement
	# of nodes: 			92
	# of irgs: 				3
	# of cf manipulations: 	7
	# of memory operations: 25
	# of types: 			316



Using pass: pass_libfirm_do_loop_peeling -- No improvement
	# of nodes: 			92
	# of irgs: 				3
	# of cf manipulations: 	7
	# of memory operations: 25
	# of types: 			316



Using pass: pass_libfirm_combo -- No improvement
	# of nodes: 			92
	# of irgs: 				3
	# of cf manipulations: 	7
	# of memory operations: 25
	# of types: 			316



Using pass: pass_libfirm_normalize_n_returns -- No improvement
	# of nodes: 			92
	# of irgs: 				3
	# of cf manipulations: 	7
	# of memory operations: 25
	# of types: 			316



Using pass: pass_libfirm_opt_bool -- No improvement
	# of nodes: 			92
	# of irgs: 				3
	# of cf manipulations: 	7
	# of memory operations: 25
	# of types: 			316



Using pass: pass_libfirm_opt_frame -- No improvement
	# of nodes: 			92
	# of irgs: 				3
	# of cf manipulations: 	7
	# of memory operations: 25
	# of types: 			316



Using pass: pass_libfirm_remove_critical_cf_edges -- No improvement
	# of nodes: 			92
	# of irgs: 				3
	# of cf manipulations: 	7
	# of memory operations: 25
	# of types: 			316



Using pass: pass_libfirm_do_loop_peeling
	 :: Pass failed on irg 'r_func_1' -- No improvement
	# of nodes: 			92
	# of irgs: 				3
	# of cf manipulations: 	7
	# of memory operations: 25
	# of types: 			316



Using pass: pass_libfirm_dead_code_elimination -- No improvement
	# of nodes: 			92
	# of irgs: 				3
	# of cf manipulations: 	7
	# of memory operations: 25
	# of types: 			316



Using pass: pass_libfirm_opt_parallelize_mem -- No improvement
	# of nodes: 			92
	# of irgs: 				3
	# of cf manipulations: 	7
	# of memory operations: 25
	# of types: 			316



Using pass: pass_libfirm_opt_if_conv -- No improvement
	# of nodes: 			92
	# of irgs: 				3
	# of cf manipulations: 	7
	# of memory operations: 25
	# of types: 			316



Using pass: pass_replace_cond_selectors -- No improvement
	# of nodes: 			92
	# of irgs: 				3
	# of cf manipulations: 	7
	# of memory operations: 25
	# of types: 			316



Using pass: pass_libfirm_opt_blocks -- No improvement
	# of nodes: 			92
	# of irgs: 				3
	# of cf manipulations: 	7
	# of memory operations: 25
	# of types: 			316



Using pass: pass_check_validity -- No improvement
	# of nodes: 			92
	# of irgs: 				3
	# of cf manipulations: 	7
	# of memory operations: 25
	# of types: 			316



Using pass: pass_replace_return_values -- No improvement
	# of nodes: 			92
	# of irgs: 				3
	# of cf manipulations: 	7
	# of memory operations: 25
	# of types: 			316



Using pass: pass_libfirm_do_loop_unrolling -- No improvement
	# of nodes: 			92
	# of irgs: 				3
	# of cf manipulations: 	7
	# of memory operations: 25
	# of types: 			316



Using pass: pass_replace_proj_primitive -- No improvement
	# of nodes: 			92
	# of irgs: 				3
	# of cf manipulations: 	7
	# of memory operations: 25
	# of types: 			316



Using pass: pass_libfirm_normalize_one_return -- No improvement
	# of nodes: 			92
	# of irgs: 				3
	# of cf manipulations: 	7
	# of memory operations: 25
	# of types: 			316



Using pass: pass_libfirm_scalar_replacement_opt -- No improvement
	# of nodes: 			92
	# of irgs: 				3
	# of cf manipulations: 	7
	# of memory operations: 25
	# of types: 			316



Using pass: pass_libfirm_opt_if_conv -- No improvement
	# of nodes: 			92
	# of irgs: 				3
	# of cf manipulations: 	7
	# of memory operations: 25
	# of types: 			316



Using pass: pass_gc_irgs
	 :: Pass failed on irg '_main'
	 :: interestingness test failed on irg 'main' -- No improvement
	# of nodes: 			92
	# of irgs: 				3
	# of cf manipulations: 	7
	# of memory operations: 25
	# of types: 			316



Using pass: pass_libfirm_place_code -- No improvement
	# of nodes: 			92
	# of irgs: 				3
	# of cf manipulations: 	7
	# of memory operations: 25
	# of types: 			316



Using pass: pass_libfirm_remove_bads -- No improvement
	# of nodes: 			92
	# of irgs: 				3
	# of cf manipulations: 	7
	# of memory operations: 25
	# of types: 			316



Using pass: pass_gc_irgs
	 :: interestingness test failed on irg 'r_func_1'
	 :: Pass failed on irg '_main' -- No improvement
	# of nodes: 			92
	# of irgs: 				3
	# of cf manipulations: 	7
	# of memory operations: 25
	# of types: 			316



Using pass: pass_libfirm_do_loop_unrolling -- No improvement
	# of nodes: 			92
	# of irgs: 				3
	# of cf manipulations: 	7
	# of memory operations: 25
	# of types: 			316



Using pass: pass_libfirm_construct_confirms -- No improvement
	# of nodes: 			92
	# of irgs: 				3
	# of cf manipulations: 	7
	# of memory operations: 25
	# of types: 			316



Using pass: pass_libfirm_normalize_n_returns -- No improvement
	# of nodes: 			92
	# of irgs: 				3
	# of cf manipulations: 	7
	# of memory operations: 25
	# of types: 			316



Using pass: pass_libfirm_remove_tuples -- No improvement
	# of nodes: 			92
	# of irgs: 				3
	# of cf manipulations: 	7
	# of memory operations: 25
	# of types: 			316



Using pass: pass_gc_irgs_primitive
	 :: interestingness test failed on irg '_main' -- No improvement
	# of nodes: 			92
	# of irgs: 				3
	# of cf manipulations: 	7
	# of memory operations: 25
	# of types: 			316



Using pass: pass_libfirm_construct_confirms -- No improvement
	# of nodes: 			92
	# of irgs: 				3
	# of cf manipulations: 	7
	# of memory operations: 25
	# of types: 			316



Using pass: pass_libfirm_opt_jumpthreading -- No improvement
	# of nodes: 			92
	# of irgs: 				3
	# of cf manipulations: 	7
	# of memory operations: 25
	# of types: 			316



Using pass: pass_libfirm_remove_critical_cf_edges -- No improvement
	# of nodes: 			92
	# of irgs: 				3
	# of cf manipulations: 	7
	# of memory operations: 25
	# of types: 			316



Using pass: pass_libfirm_gvn_pre -- No improvement
	# of nodes: 			92
	# of irgs: 				3
	# of cf manipulations: 	7
	# of memory operations: 25
	# of types: 			316



Using pass: pass_simplify_consts -- No improvement
	# of nodes: 			92
	# of irgs: 				3
	# of cf manipulations: 	7
	# of memory operations: 25
	# of types: 			316



Using pass: pass_libfirm_opt_blocks -- No improvement
	# of nodes: 			92
	# of irgs: 				3
	# of cf manipulations: 	7
	# of memory operations: 25
	# of types: 			316



Using pass: pass_replace_arithmetic -- No improvement
	# of nodes: 			92
	# of irgs: 				3
	# of cf manipulations: 	7
	# of memory operations: 25
	# of types: 			316



Using pass: pass_libfirm_opt_if_conv -- No improvement
	# of nodes: 			92
	# of irgs: 				3
	# of cf manipulations: 	7
	# of memory operations: 25
	# of types: 			316



Using pass: pass_libfirm_opt_tail_rec -- No improvement
	# of nodes: 			92
	# of irgs: 				3
	# of cf manipulations: 	7
	# of memory operations: 25
	# of types: 			316



Using pass: pass_gc_irgs
	 :: interestingness test failed on irg 'main'
	 :: Pass failed on irg '_main' -- No improvement
	# of nodes: 			92
	# of irgs: 				3
	# of cf manipulations: 	7
	# of memory operations: 25
	# of types: 			316



Using pass: pass_libfirm_opt_parallelize_mem -- No improvement
	# of nodes: 			92
	# of irgs: 				3
	# of cf manipulations: 	7
	# of memory operations: 25
	# of types: 			316



Using pass: pass_gc_irgs
	 :: interestingness test failed on irg 'r_func_1'
	 :: interestingness test failed on irg 'r_func_1' -- No improvement
	# of nodes: 			92
	# of irgs: 				3
	# of cf manipulations: 	7
	# of memory operations: 25
	# of types: 			316



Using pass: pass_libfirm_opt_tail_rec -- No improvement
	# of nodes: 			92
	# of irgs: 				3
	# of cf manipulations: 	7
	# of memory operations: 25
	# of types: 			316



Using pass: pass_libfirm_optimize_cf -- No improvement
	# of nodes: 			92
	# of irgs: 				3
	# of cf manipulations: 	7
	# of memory operations: 25
	# of types: 			316



Using pass: pass_libfirm_conv_opt -- No improvement
	# of nodes: 			92
	# of irgs: 				3
	# of cf manipulations: 	7
	# of memory operations: 25
	# of types: 			316



Using pass: pass_libfirm_normalize_n_returns -- No improvement
	# of nodes: 			92
	# of irgs: 				3
	# of cf manipulations: 	7
	# of memory operations: 25
	# of types: 			316



Using pass: pass_libfirm_occult_consts -- No improvement
	# of nodes: 			92
	# of irgs: 				3
	# of cf manipulations: 	7
	# of memory operations: 25
	# of types: 			316



Using pass: pass_libfirm_remove_tuples -- No improvement
	# of nodes: 			92
	# of irgs: 				3
	# of cf manipulations: 	7
	# of memory operations: 25
	# of types: 			316



Using pass: pass_simplify_consts -- No improvement
	# of nodes: 			92
	# of irgs: 				3
	# of cf manipulations: 	7
	# of memory operations: 25
	# of types: 			316



Using pass: pass_libfirm_optimize_load_store
	 :: interestingness test failed on irg '_main' -- No improvement
	# of nodes: 			92
	# of irgs: 				3
	# of cf manipulations: 	7
	# of memory operations: 25
	# of types: 			316



Using pass: pass_libfirm_opt_funccalls -- No improvement
	# of nodes: 			92
	# of irgs: 				3
	# of cf manipulations: 	7
	# of memory operations: 25
	# of types: 			316



Using pass: pass_libfirm_opt_funccalls -- No improvement
	# of nodes: 			92
	# of irgs: 				3
	# of cf manipulations: 	7
	# of memory operations: 25
	# of types: 			316



Using pass: pass_libfirm_normalize_one_return -- No improvement
	# of nodes: 			92
	# of irgs: 				3
	# of cf manipulations: 	7
	# of memory operations: 25
	# of types: 			316



Using pass: pass_libfirm_do_loop_inversion -- No improvement
	# of nodes: 			92
	# of irgs: 				3
	# of cf manipulations: 	7
	# of memory operations: 25
	# of types: 			316



Using pass: pass_replace_members -- No improvement
	# of nodes: 			92
	# of irgs: 				3
	# of cf manipulations: 	7
	# of memory operations: 25
	# of types: 			316



Using pass: pass_libfirm_opt_tail_rec -- No improvement
	# of nodes: 			92
	# of irgs: 				3
	# of cf manipulations: 	7
	# of memory operations: 25
	# of types: 			316



Using pass: pass_replace_proj_primitive -- No improvement
	# of nodes: 			92
	# of irgs: 				3
	# of cf manipulations: 	7
	# of memory operations: 25
	# of types: 			316



Using pass: pass_remove_void_calls -- Successful
	# of nodes: 			83
	# of irgs: 				3
	# of cf manipulations: 	7
	# of memory operations: 22
	# of types: 			316



Using pass: pass_replace_cond_selectors -- No improvement
	# of nodes: 			83
	# of irgs: 				3
	# of cf manipulations: 	7
	# of memory operations: 22
	# of types: 			316



Using pass: pass_gc_irgs
	 :: interestingness test failed on irg 'r_func_1'
	 :: interestingness test failed on irg 'main' -- No improvement
	# of nodes: 			83
	# of irgs: 				3
	# of cf manipulations: 	7
	# of memory operations: 22
	# of types: 			316



Using pass: pass_replace_members -- No improvement
	# of nodes: 			83
	# of irgs: 				3
	# of cf manipulations: 	7
	# of memory operations: 22
	# of types: 			316



Using pass: pass_libfirm_dead_code_elimination -- No improvement
	# of nodes: 			83
	# of irgs: 				3
	# of cf manipulations: 	7
	# of memory operations: 22
	# of types: 			316



Using pass: pass_replace_mux_selectors -- No improvement
	# of nodes: 			83
	# of irgs: 				3
	# of cf manipulations: 	7
	# of memory operations: 22
	# of types: 			316



Using pass: pass_remove_stores -- Successful
	# of nodes: 			72
	# of irgs: 				3
	# of cf manipulations: 	7
	# of memory operations: 19
	# of types: 			316



Using pass: pass_replace_arithmetic -- No improvement
	# of nodes: 			72
	# of irgs: 				3
	# of cf manipulations: 	7
	# of memory operations: 19
	# of types: 			316



Using pass: pass_libfirm_opt_jumpthreading -- No improvement
	# of nodes: 			72
	# of irgs: 				3
	# of cf manipulations: 	7
	# of memory operations: 19
	# of types: 			316



Using pass: pass_libfirm_opt_bool -- No improvement
	# of nodes: 			72
	# of irgs: 				3
	# of cf manipulations: 	7
	# of memory operations: 19
	# of types: 			316



Using pass: pass_libfirm_opt_jumpthreading -- No improvement
	# of nodes: 			72
	# of irgs: 				3
	# of cf manipulations: 	7
	# of memory operations: 19
	# of types: 			316



Using pass: pass_replace_members -- No improvement
	# of nodes: 			72
	# of irgs: 				3
	# of cf manipulations: 	7
	# of memory operations: 19
	# of types: 			316



Using pass: pass_gc_entitites -- No improvement
	# of nodes: 			72
	# of irgs: 				3
	# of cf manipulations: 	7
	# of memory operations: 19
	# of types: 			316



Using pass: pass_gc_irgs_primitive
	 :: interestingness test failed on irg '_main' -- No improvement
	# of nodes: 			72
	# of irgs: 				3
	# of cf manipulations: 	7
	# of memory operations: 19
	# of types: 			316



Using pass: pass_libfirm_remove_bads -- No improvement
	# of nodes: 			72
	# of irgs: 				3
	# of cf manipulations: 	7
	# of memory operations: 19
	# of types: 			316



Using pass: pass_libfirm_remove_critical_cf_edges -- No improvement
	# of nodes: 			72
	# of irgs: 				3
	# of cf manipulations: 	7
	# of memory operations: 19
	# of types: 			316



Using pass: pass_libfirm_opt_jumpthreading -- No improvement
	# of nodes: 			72
	# of irgs: 				3
	# of cf manipulations: 	7
	# of memory operations: 19
	# of types: 			316



Using pass: pass_libfirm_opt_frame -- No improvement
	# of nodes: 			72
	# of irgs: 				3
	# of cf manipulations: 	7
	# of memory operations: 19
	# of types: 			316



Using pass: pass_libfirm_scalar_replacement_opt -- No improvement
	# of nodes: 			72
	# of irgs: 				3
	# of cf manipulations: 	7
	# of memory operations: 19
	# of types: 			316



Using pass: pass_libfirm_opt_if_conv -- No improvement
	# of nodes: 			72
	# of irgs: 				3
	# of cf manipulations: 	7
	# of memory operations: 19
	# of types: 			316



Using pass: pass_replace_switch_selectors -- No improvement
	# of nodes: 			72
	# of irgs: 				3
	# of cf manipulations: 	7
	# of memory operations: 19
	# of types: 			316



Using pass: pass_libfirm_scalar_replacement_opt -- No improvement
	# of nodes: 			72
	# of irgs: 				3
	# of cf manipulations: 	7
	# of memory operations: 19
	# of types: 			316



Using pass: pass_libfirm_remove_unreachable -- No improvement
	# of nodes: 			72
	# of irgs: 				3
	# of cf manipulations: 	7
	# of memory operations: 19
	# of types: 			316



Using pass: pass_gc_irgs -- Successful
	# of nodes: 			48
	# of irgs: 				2
	# of cf manipulations: 	4
	# of memory operations: 12
	# of types: 			316



Using pass: pass_gc_entitites -- No improvement
	# of nodes: 			48
	# of irgs: 				2
	# of cf manipulations: 	4
	# of memory operations: 12
	# of types: 			316



Using pass: pass_libfirm_opt_tail_rec -- No improvement
	# of nodes: 			48
	# of irgs: 				2
	# of cf manipulations: 	4
	# of memory operations: 12
	# of types: 			316



Using pass: pass_libfirm_opt_funccalls -- No improvement
	# of nodes: 			48
	# of irgs: 				2
	# of cf manipulations: 	4
	# of memory operations: 12
	# of types: 			316



Using pass: pass_libfirm_optimize_graph_df -- No improvement
	# of nodes: 			48
	# of irgs: 				2
	# of cf manipulations: 	4
	# of memory operations: 12
	# of types: 			316



Using pass: pass_simplify_consts -- No improvement
	# of nodes: 			48
	# of irgs: 				2
	# of cf manipulations: 	4
	# of memory operations: 12
	# of types: 			316



Using pass: pass_libfirm_do_loop_peeling -- No improvement
	# of nodes: 			48
	# of irgs: 				2
	# of cf manipulations: 	4
	# of memory operations: 12
	# of types: 			316



Using pass: pass_libfirm_remove_critical_cf_edges -- No improvement
	# of nodes: 			48
	# of irgs: 				2
	# of cf manipulations: 	4
	# of memory operations: 12
	# of types: 			316



Using pass: pass_libfirm_do_loop_inversion -- No improvement
	# of nodes: 			48
	# of irgs: 				2
	# of cf manipulations: 	4
	# of memory operations: 12
	# of types: 			316



Using pass: pass_libfirm_occult_consts -- No improvement
	# of nodes: 			48
	# of irgs: 				2
	# of cf manipulations: 	4
	# of memory operations: 12
	# of types: 			316



Using pass: pass_libfirm_do_loop_unrolling -- No improvement
	# of nodes: 			48
	# of irgs: 				2
	# of cf manipulations: 	4
	# of memory operations: 12
	# of types: 			316



Using pass: pass_libfirm_optimize_reassociation -- No improvement
	# of nodes: 			48
	# of irgs: 				2
	# of cf manipulations: 	4
	# of memory operations: 12
	# of types: 			316



Using pass: pass_libfirm_do_loop_inversion -- No improvement
	# of nodes: 			48
	# of irgs: 				2
	# of cf manipulations: 	4
	# of memory operations: 12
	# of types: 			316



Using pass: pass_libfirm_occult_consts -- No improvement
	# of nodes: 			48
	# of irgs: 				2
	# of cf manipulations: 	4
	# of memory operations: 12
	# of types: 			316



Using pass: pass_gc_irgs -- No improvement
	# of nodes: 			48
	# of irgs: 				2
	# of cf manipulations: 	4
	# of memory operations: 12
	# of types: 			316



Using pass: pass_replace_cond_selectors -- No improvement
	# of nodes: 			48
	# of irgs: 				2
	# of cf manipulations: 	4
	# of memory operations: 12
	# of types: 			316



Using pass: pass_libfirm_scalar_replacement_opt -- No improvement
	# of nodes: 			48
	# of irgs: 				2
	# of cf manipulations: 	4
	# of memory operations: 12
	# of types: 			316



Using pass: pass_libfirm_opt_jumpthreading -- No improvement
	# of nodes: 			48
	# of irgs: 				2
	# of cf manipulations: 	4
	# of memory operations: 12
	# of types: 			316



Using pass: pass_gc_irgs -- No improvement
	# of nodes: 			48
	# of irgs: 				2
	# of cf manipulations: 	4
	# of memory operations: 12
	# of types: 			316



Using pass: pass_replace_cond_selectors -- No improvement
	# of nodes: 			48
	# of irgs: 				2
	# of cf manipulations: 	4
	# of memory operations: 12
	# of types: 			316



Using pass: pass_libfirm_place_code -- No improvement
	# of nodes: 			48
	# of irgs: 				2
	# of cf manipulations: 	4
	# of memory operations: 12
	# of types: 			316



Using pass: pass_simplify_consts -- No improvement
	# of nodes: 			48
	# of irgs: 				2
	# of cf manipulations: 	4
	# of memory operations: 12
	# of types: 			316



Using pass: pass_libfirm_optimize_cf -- No improvement
	# of nodes: 			48
	# of irgs: 				2
	# of cf manipulations: 	4
	# of memory operations: 12
	# of types: 			316



Using pass: pass_libfirm_conv_opt -- No improvement
	# of nodes: 			48
	# of irgs: 				2
	# of cf manipulations: 	4
	# of memory operations: 12
	# of types: 			316



Using pass: pass_libfirm_do_loop_inversion -- No improvement
	# of nodes: 			48
	# of irgs: 				2
	# of cf manipulations: 	4
	# of memory operations: 12
	# of types: 			316



Using pass: pass_libfirm_place_code -- No improvement
	# of nodes: 			48
	# of irgs: 				2
	# of cf manipulations: 	4
	# of memory operations: 12
	# of types: 			316



Using pass: pass_libfirm_do_loop_unrolling -- No improvement
	# of nodes: 			48
	# of irgs: 				2
	# of cf manipulations: 	4
	# of memory operations: 12
	# of types: 			316



Using pass: pass_libfirm_construct_confirms -- No improvement
	# of nodes: 			48
	# of irgs: 				2
	# of cf manipulations: 	4
	# of memory operations: 12
	# of types: 			316



Using pass: pass_libfirm_combo -- No improvement
	# of nodes: 			48
	# of irgs: 				2
	# of cf manipulations: 	4
	# of memory operations: 12
	# of types: 			316



Using pass: pass_libfirm_do_loop_peeling -- No improvement
	# of nodes: 			48
	# of irgs: 				2
	# of cf manipulations: 	4
	# of memory operations: 12
	# of types: 			316



Using pass: pass_remove_allocs -- No improvement
	# of nodes: 			48
	# of irgs: 				2
	# of cf manipulations: 	4
	# of memory operations: 12
	# of types: 			316



Using pass: pass_libfirm_conv_opt -- No improvement
	# of nodes: 			48
	# of irgs: 				2
	# of cf manipulations: 	4
	# of memory operations: 12
	# of types: 			316



Using pass: pass_libfirm_do_loop_peeling -- No improvement
	# of nodes: 			48
	# of irgs: 				2
	# of cf manipulations: 	4
	# of memory operations: 12
	# of types: 			316



Using pass: pass_libfirm_normalize_n_returns -- No improvement
	# of nodes: 			48
	# of irgs: 				2
	# of cf manipulations: 	4
	# of memory operations: 12
	# of types: 			316



Using pass: pass_libfirm_dead_code_elimination -- No improvement
	# of nodes: 			48
	# of irgs: 				2
	# of cf manipulations: 	4
	# of memory operations: 12
	# of types: 			316



Using pass: pass_libfirm_opt_blocks -- No improvement
	# of nodes: 			48
	# of irgs: 				2
	# of cf manipulations: 	4
	# of memory operations: 12
	# of types: 			316



Using pass: pass_replace_proj_primitive -- No improvement
	# of nodes: 			48
	# of irgs: 				2
	# of cf manipulations: 	4
	# of memory operations: 12
	# of types: 			316



Using pass: pass_libfirm_opt_frame -- No improvement
	# of nodes: 			48
	# of irgs: 				2
	# of cf manipulations: 	4
	# of memory operations: 12
	# of types: 			316



Using pass: pass_replace_return_values -- No improvement
	# of nodes: 			48
	# of irgs: 				2
	# of cf manipulations: 	4
	# of memory operations: 12
	# of types: 			316



Using pass: pass_libfirm_normalize_n_returns -- No improvement
	# of nodes: 			48
	# of irgs: 				2
	# of cf manipulations: 	4
	# of memory operations: 12
	# of types: 			316



Using pass: pass_replace_cond_selectors -- No improvement
	# of nodes: 			48
	# of irgs: 				2
	# of cf manipulations: 	4
	# of memory operations: 12
	# of types: 			316



Using pass: pass_libfirm_optimize_load_store -- No improvement
	# of nodes: 			48
	# of irgs: 				2
	# of cf manipulations: 	4
	# of memory operations: 12
	# of types: 			316



Using pass: pass_gc_entitites -- No improvement
	# of nodes: 			48
	# of irgs: 				2
	# of cf manipulations: 	4
	# of memory operations: 12
	# of types: 			316



Using pass: pass_replace_arithmetic -- No improvement
	# of nodes: 			48
	# of irgs: 				2
	# of cf manipulations: 	4
	# of memory operations: 12
	# of types: 			316



Using pass: pass_libfirm_remove_unreachable -- No improvement
	# of nodes: 			48
	# of irgs: 				2
	# of cf manipulations: 	4
	# of memory operations: 12
	# of types: 			316



Using pass: pass_libfirm_opt_if_conv -- No improvement
	# of nodes: 			48
	# of irgs: 				2
	# of cf manipulations: 	4
	# of memory operations: 12
	# of types: 			316



Using pass: pass_libfirm_opt_parallelize_mem -- No improvement
	# of nodes: 			48
	# of irgs: 				2
	# of cf manipulations: 	4
	# of memory operations: 12
	# of types: 			316



Using pass: pass_check_validity -- No improvement
	# of nodes: 			48
	# of irgs: 				2
	# of cf manipulations: 	4
	# of memory operations: 12
	# of types: 			316



Using pass: pass_libfirm_gvn_pre -- No improvement
	# of nodes: 			48
	# of irgs: 				2
	# of cf manipulations: 	4
	# of memory operations: 12
	# of types: 			316



Using pass: pass_replace_proj_primitive -- No improvement
	# of nodes: 			48
	# of irgs: 				2
	# of cf manipulations: 	4
	# of memory operations: 12
	# of types: 			316



Using pass: pass_libfirm_opt_tail_rec -- No improvement
	# of nodes: 			48
	# of irgs: 				2
	# of cf manipulations: 	4
	# of memory operations: 12
	# of types: 			316



Using pass: pass_replace_switch_selectors -- No improvement
	# of nodes: 			48
	# of irgs: 				2
	# of cf manipulations: 	4
	# of memory operations: 12
	# of types: 			316



Using pass: pass_libfirm_construct_confirms -- No improvement
	# of nodes: 			48
	# of irgs: 				2
	# of cf manipulations: 	4
	# of memory operations: 12
	# of types: 			316



Using pass: pass_libfirm_opt_if_conv -- No improvement
	# of nodes: 			48
	# of irgs: 				2
	# of cf manipulations: 	4
	# of memory operations: 12
	# of types: 			316



Using pass: pass_libfirm_opt_jumpthreading -- No improvement
	# of nodes: 			48
	# of irgs: 				2
	# of cf manipulations: 	4
	# of memory operations: 12
	# of types: 			316



Using pass: pass_simplify_consts -- No improvement
	# of nodes: 			48
	# of irgs: 				2
	# of cf manipulations: 	4
	# of memory operations: 12
	# of types: 			316



Using pass: pass_libfirm_optimize_reassociation -- No improvement
	# of nodes: 			48
	# of irgs: 				2
	# of cf manipulations: 	4
	# of memory operations: 12
	# of types: 			316



Using pass: pass_libfirm_remove_critical_cf_edges -- No improvement
	# of nodes: 			48
	# of irgs: 				2
	# of cf manipulations: 	4
	# of memory operations: 12
	# of types: 			316



Using pass: pass_libfirm_conv_opt -- No improvement
	# of nodes: 			48
	# of irgs: 				2
	# of cf manipulations: 	4
	# of memory operations: 12
	# of types: 			316



Using pass: pass_libfirm_optimize_reassociation -- No improvement
	# of nodes: 			48
	# of irgs: 				2
	# of cf manipulations: 	4
	# of memory operations: 12
	# of types: 			316



Using pass: pass_libfirm_opt_blocks -- No improvement
	# of nodes: 			48
	# of irgs: 				2
	# of cf manipulations: 	4
	# of memory operations: 12
	# of types: 			316



Using pass: pass_replace_return_values -- No improvement
	# of nodes: 			48
	# of irgs: 				2
	# of cf manipulations: 	4
	# of memory operations: 12
	# of types: 			316



Using pass: pass_libfirm_opt_ldst
	 :: Pass failed on irg '_main'
	 :: Pass failed on irg 'main' -- No improvement
	# of nodes: 			48
	# of irgs: 				2
	# of cf manipulations: 	4
	# of memory operations: 12
	# of types: 			316



Using pass: pass_libfirm_remove_unreachable -- No improvement
	# of nodes: 			48
	# of irgs: 				2
	# of cf manipulations: 	4
	# of memory operations: 12
	# of types: 			316



Using pass: pass_libfirm_gvn_pre -- No improvement
	# of nodes: 			48
	# of irgs: 				2
	# of cf manipulations: 	4
	# of memory operations: 12
	# of types: 			316



Using pass: pass_libfirm_optimize_graph_df -- No improvement
	# of nodes: 			48
	# of irgs: 				2
	# of cf manipulations: 	4
	# of memory operations: 12
	# of types: 			316



Using pass: pass_libfirm_optimize_load_store
	 :: interestingness test failed on irg '_main' -- No improvement
	# of nodes: 			48
	# of irgs: 				2
	# of cf manipulations: 	4
	# of memory operations: 12
	# of types: 			316



Using pass: pass_remove_stores -- No improvement
	# of nodes: 			48
	# of irgs: 				2
	# of cf manipulations: 	4
	# of memory operations: 12
	# of types: 			316



Using pass: pass_libfirm_opt_tail_rec -- No improvement
	# of nodes: 			48
	# of irgs: 				2
	# of cf manipulations: 	4
	# of memory operations: 12
	# of types: 			316



Using pass: pass_replace_cond_selectors -- No improvement
	# of nodes: 			48
	# of irgs: 				2
	# of cf manipulations: 	4
	# of memory operations: 12
	# of types: 			316



Using pass: pass_libfirm_opt_ldst
	 :: Pass failed on irg '_main'
	 :: Pass failed on irg '_main' -- No improvement
	# of nodes: 			48
	# of irgs: 				2
	# of cf manipulations: 	4
	# of memory operations: 12
	# of types: 			316



Using pass: pass_replace_switch_selectors -- No improvement
	# of nodes: 			48
	# of irgs: 				2
	# of cf manipulations: 	4
	# of memory operations: 12
	# of types: 			316



Using pass: pass_libfirm_conv_opt -- No improvement
	# of nodes: 			48
	# of irgs: 				2
	# of cf manipulations: 	4
	# of memory operations: 12
	# of types: 			316



Using pass: pass_libfirm_opt_funccalls -- No improvement
	# of nodes: 			48
	# of irgs: 				2
	# of cf manipulations: 	4
	# of memory operations: 12
	# of types: 			316



Using pass: pass_libfirm_remove_tuples -- No improvement
	# of nodes: 			48
	# of irgs: 				2
	# of cf manipulations: 	4
	# of memory operations: 12
	# of types: 			316



Using pass: pass_simplify_consts -- No improvement
	# of nodes: 			48
	# of irgs: 				2
	# of cf manipulations: 	4
	# of memory operations: 12
	# of types: 			316



Using pass: pass_libfirm_opt_ldst
	 :: Pass failed on irg '_main'
	 :: Pass failed on irg '_main' -- No improvement
	# of nodes: 			48
	# of irgs: 				2
	# of cf manipulations: 	4
	# of memory operations: 12
	# of types: 			316



Using pass: pass_simplify_consts -- No improvement
	# of nodes: 			48
	# of irgs: 				2
	# of cf manipulations: 	4
	# of memory operations: 12
	# of types: 			316



Using pass: pass_libfirm_remove_tuples -- No improvement
	# of nodes: 			48
	# of irgs: 				2
	# of cf manipulations: 	4
	# of memory operations: 12
	# of types: 			316



Using pass: pass_gc_irgs_primitive
	 :: interestingness test failed on irg '_main' -- No improvement
	# of nodes: 			48
	# of irgs: 				2
	# of cf manipulations: 	4
	# of memory operations: 12
	# of types: 			316



Using pass: pass_libfirm_opt_ldst
	 :: Pass failed on irg '_main'
	 :: Pass failed on irg 'main' -- No improvement
	# of nodes: 			48
	# of irgs: 				2
	# of cf manipulations: 	4
	# of memory operations: 12
	# of types: 			316



Using pass: pass_gc_irgs -- No improvement
	# of nodes: 			48
	# of irgs: 				2
	# of cf manipulations: 	4
	# of memory operations: 12
	# of types: 			316



Using pass: pass_simplify_consts -- No improvement
	# of nodes: 			48
	# of irgs: 				2
	# of cf manipulations: 	4
	# of memory operations: 12
	# of types: 			316



Using pass: pass_libfirm_conv_opt -- No improvement
	# of nodes: 			48
	# of irgs: 				2
	# of cf manipulations: 	4
	# of memory operations: 12
	# of types: 			316




 :: 2nd reduction cycle

Using pass: pass_gc_irgs_primitive -- Trying irg '_main' -- No improvement
Using pass: pass_gc_irgs_primitive -- Trying irg '_main' -- No improvement
Using pass: pass_libfirm_optimize_load_store -- Trying irg '_main' -- No improvement
Using pass: pass_libfirm_optimize_load_store -- Trying irg '_main' -- No improvement
Using pass: pass_libfirm_optimize_load_store -- Trying irg '_main' -- No improvement
Using pass: pass_gc_irgs -- Trying irg 'r_func_1' -- No improvement
Using pass: pass_gc_irgs -- Trying irg 'r_func_1' -- No improvement
Using pass: pass_gc_irgs -- Trying irg 'r_func_1' -- No improvement
Using pass: pass_gc_irgs -- Trying irg 'main' -- No improvement
Using pass: pass_libfirm_optimize_load_store -- Trying irg '_main' -- No improvement
Using pass: pass_libfirm_optimize_load_store -- Trying irg '_main' -- No improvement
Using pass: pass_gc_irgs -- Trying irg 'r_func_1' -- No improvement
Using pass: pass_gc_irgs -- Trying irg 'r_func_1' -- No improvement
Using pass: pass_gc_irgs_primitive -- Trying irg '_main' -- No improvement
Using pass: pass_gc_irgs_primitive -- Trying irg '_main' -- No improvement
Using pass: pass_gc_irgs -- Trying irg 'main' -- No improvement
Using pass: pass_gc_irgs -- Trying irg 'r_func_1' -- No improvement
Using pass: pass_gc_irgs_primitive -- Trying irg '_main' -- No improvement
Using pass: pass_gc_irgs -- Trying irg 'main' -- No improvement
Using pass: pass_gc_irgs -- Trying irg 'r_func_1' -- No improvement
Using pass: pass_gc_irgs -- Trying irg 'r_func_1' -- No improvement
Using pass: pass_libfirm_optimize_load_store -- Trying irg '_main' -- No improvement
Using pass: pass_gc_irgs -- Trying irg 'r_func_1' -- No improvement
Using pass: pass_gc_irgs -- Trying irg 'main' -- No improvement
Using pass: pass_gc_irgs_primitive -- Trying irg '_main' -- No improvement
Using pass: pass_libfirm_optimize_load_store -- Trying irg '_main' -- No improvement
Using pass: pass_gc_irgs_primitive -- Trying irg '_main' -- No improvement

______________________________

No further reduction possible.

Result:
	# of nodes: 			48
	# of irgs: 				2
	# of cf manipulations: 	4
	# of memory operations: 12
	# of types: 			316

2018-08-26 20:02:28