2018-08-26 20:02:48 -- Firmreduce -- Results

Initial Test-case size:
	# of nodes: 			1524
	# of irgs: 				6
	# of cf manipulations: 	62
	# of memory operations: 255
	# of types: 			338


Using pass: pass_replace_arithmetic -- Successful
	# of nodes: 			958
	# of irgs: 				6
	# of cf manipulations: 	45
	# of memory operations: 224
	# of types: 			338



Using pass: pass_libfirm_remove_critical_cf_edges -- No improvement
	# of nodes: 			958
	# of irgs: 				6
	# of cf manipulations: 	45
	# of memory operations: 224
	# of types: 			338



Using pass: pass_libfirm_optimize_load_store -- Successful
	# of nodes: 			899
	# of irgs: 				6
	# of cf manipulations: 	45
	# of memory operations: 211
	# of types: 			338



Using pass: pass_replace_proj_primitive -- Successful
	# of nodes: 			568
	# of irgs: 				6
	# of cf manipulations: 	24
	# of memory operations: 157
	# of types: 			338



Using pass: pass_libfirm_optimize_load_store
	 :: interestingness test failed on irg '_main'
	 :: interestingness test failed on irg '_main' -- Successful
	# of nodes: 			525
	# of irgs: 				6
	# of cf manipulations: 	24
	# of memory operations: 144
	# of types: 			338



Using pass: pass_libfirm_scalar_replacement_opt -- No improvement
	# of nodes: 			525
	# of irgs: 				6
	# of cf manipulations: 	24
	# of memory operations: 144
	# of types: 			338



Using pass: pass_libfirm_opt_jumpthreading -- No improvement
	# of nodes: 			525
	# of irgs: 				6
	# of cf manipulations: 	24
	# of memory operations: 144
	# of types: 			338



Using pass: pass_libfirm_remove_tuples -- No improvement
	# of nodes: 			525
	# of irgs: 				6
	# of cf manipulations: 	24
	# of memory operations: 144
	# of types: 			338



Using pass: pass_libfirm_do_loop_peeling
	 :: Pass failed on irg 'r_func_2' -- No improvement
	# of nodes: 			525
	# of irgs: 				6
	# of cf manipulations: 	24
	# of memory operations: 144
	# of types: 			338



Using pass: pass_libfirm_optimize_load_store
	 :: interestingness test failed on irg '_main' -- No improvement
	# of nodes: 			525
	# of irgs: 				6
	# of cf manipulations: 	24
	# of memory operations: 144
	# of types: 			338



Using pass: pass_replace_members -- No improvement
	# of nodes: 			525
	# of irgs: 				6
	# of cf manipulations: 	24
	# of memory operations: 144
	# of types: 			338



Using pass: pass_libfirm_do_loop_inversion -- No improvement
	# of nodes: 			525
	# of irgs: 				6
	# of cf manipulations: 	24
	# of memory operations: 144
	# of types: 			338



Using pass: pass_libfirm_optimize_reassociation -- No improvement
	# of nodes: 			525
	# of irgs: 				6
	# of cf manipulations: 	24
	# of memory operations: 144
	# of types: 			338



Using pass: pass_libfirm_opt_ldst
	 :: Pass failed on irg '_main'
	 :: Pass failed on irg 'main'
	 :: Pass failed on irg '_main'
	 :: Pass failed on irg 'r_func_1'
	 :: Pass failed on irg 'main'
	 :: Pass failed on irg 'r_func_3' -- No improvement
	# of nodes: 			525
	# of irgs: 				6
	# of cf manipulations: 	24
	# of memory operations: 144
	# of types: 			338



Using pass: pass_replace_arithmetic -- No improvement
	# of nodes: 			525
	# of irgs: 				6
	# of cf manipulations: 	24
	# of memory operations: 144
	# of types: 			338



Using pass: pass_libfirm_dead_code_elimination -- No improvement
	# of nodes: 			525
	# of irgs: 				6
	# of cf manipulations: 	24
	# of memory operations: 144
	# of types: 			338



Using pass: pass_libfirm_place_code -- No improvement
	# of nodes: 			525
	# of irgs: 				6
	# of cf manipulations: 	24
	# of memory operations: 144
	# of types: 			338



Using pass: pass_libfirm_conv_opt -- No improvement
	# of nodes: 			525
	# of irgs: 				6
	# of cf manipulations: 	24
	# of memory operations: 144
	# of types: 			338



Using pass: pass_libfirm_conv_opt -- No improvement
	# of nodes: 			525
	# of irgs: 				6
	# of cf manipulations: 	24
	# of memory operations: 144
	# of types: 			338



Using pass: pass_libfirm_opt_jumpthreading -- No improvement
	# of nodes: 			525
	# of irgs: 				6
	# of cf manipulations: 	24
	# of memory operations: 144
	# of types: 			338



Using pass: pass_libfirm_optimize_graph_df -- No improvement
	# of nodes: 			525
	# of irgs: 				6
	# of cf manipulations: 	24
	# of memory operations: 144
	# of types: 			338



Using pass: pass_libfirm_do_loop_peeling
	 :: Pass failed on irg 'r_func_2'
	 :: Pass failed on irg 'r_func_2' -- No improvement
	# of nodes: 			525
	# of irgs: 				6
	# of cf manipulations: 	24
	# of memory operations: 144
	# of types: 			338



Using pass: pass_simplify_consts -- Successful
	# of nodes: 			482
	# of irgs: 				6
	# of cf manipulations: 	24
	# of memory operations: 143
	# of types: 			338



Using pass: pass_remove_stores -- Successful
	# of nodes: 			366
	# of irgs: 				6
	# of cf manipulations: 	24
	# of memory operations: 112
	# of types: 			338



Using pass: pass_libfirm_remove_critical_cf_edges -- No improvement
	# of nodes: 			366
	# of irgs: 				6
	# of cf manipulations: 	24
	# of memory operations: 112
	# of types: 			338



Using pass: pass_libfirm_occult_consts -- No improvement
	# of nodes: 			366
	# of irgs: 				6
	# of cf manipulations: 	24
	# of memory operations: 112
	# of types: 			338



Using pass: pass_replace_members -- No improvement
	# of nodes: 			366
	# of irgs: 				6
	# of cf manipulations: 	24
	# of memory operations: 112
	# of types: 			338



Using pass: pass_gc_irgs
	 :: interestingness test failed on irg 'main'
	 :: Pass failed on irg 'r_func_2'
	 :: Pass failed on irg 'r_func_3'
	 :: Pass failed on irg 'r_func_4'
	 :: Pass failed on irg '_main' -- No improvement
	# of nodes: 			366
	# of irgs: 				6
	# of cf manipulations: 	24
	# of memory operations: 112
	# of types: 			338



Using pass: pass_libfirm_do_loop_inversion -- No improvement
	# of nodes: 			366
	# of irgs: 				6
	# of cf manipulations: 	24
	# of memory operations: 112
	# of types: 			338



Using pass: pass_libfirm_do_loop_peeling -- No improvement
	# of nodes: 			366
	# of irgs: 				6
	# of cf manipulations: 	24
	# of memory operations: 112
	# of types: 			338



Using pass: pass_libfirm_scalar_replacement_opt -- No improvement
	# of nodes: 			366
	# of irgs: 				6
	# of cf manipulations: 	24
	# of memory operations: 112
	# of types: 			338



Using pass: pass_replace_loads
	 :: Pass failed on irg '_main'
	 :: Pass failed on irg 'r_func_1'
	 :: Pass failed on irg 'r_func_2'
	 :: Pass failed on irg 'r_func_2' -- No improvement
	# of nodes: 			366
	# of irgs: 				6
	# of cf manipulations: 	24
	# of memory operations: 112
	# of types: 			338



Using pass: pass_gc_irgs_primitive
	 :: interestingness test failed on irg '_main'
	 :: interestingness test failed on irg '_main'
	 :: interestingness test failed on irg '_main'
	 :: interestingness test failed on irg '_main'
	 :: interestingness test failed on irg '_main' -- Successful
	# of nodes: 			68
	# of irgs: 				2
	# of cf manipulations: 	4
	# of memory operations: 24
	# of types: 			338



Using pass: pass_replace_return_values -- No improvement
	# of nodes: 			68
	# of irgs: 				2
	# of cf manipulations: 	4
	# of memory operations: 24
	# of types: 			338



Using pass: pass_replace_members -- No improvement
	# of nodes: 			68
	# of irgs: 				2
	# of cf manipulations: 	4
	# of memory operations: 24
	# of types: 			338



Using pass: pass_libfirm_gvn_pre -- No improvement
	# of nodes: 			68
	# of irgs: 				2
	# of cf manipulations: 	4
	# of memory operations: 24
	# of types: 			338



Using pass: pass_libfirm_normalize_one_return -- No improvement
	# of nodes: 			68
	# of irgs: 				2
	# of cf manipulations: 	4
	# of memory operations: 24
	# of types: 			338



Using pass: pass_libfirm_opt_tail_rec -- No improvement
	# of nodes: 			68
	# of irgs: 				2
	# of cf manipulations: 	4
	# of memory operations: 24
	# of types: 			338



Using pass: pass_replace_mux_selectors -- No improvement
	# of nodes: 			68
	# of irgs: 				2
	# of cf manipulations: 	4
	# of memory operations: 24
	# of types: 			338



Using pass: pass_check_validity -- No improvement
	# of nodes: 			68
	# of irgs: 				2
	# of cf manipulations: 	4
	# of memory operations: 24
	# of types: 			338



Using pass: pass_libfirm_opt_funccalls -- No improvement
	# of nodes: 			68
	# of irgs: 				2
	# of cf manipulations: 	4
	# of memory operations: 24
	# of types: 			338



Using pass: pass_gc_entitites -- No improvement
	# of nodes: 			68
	# of irgs: 				2
	# of cf manipulations: 	4
	# of memory operations: 24
	# of types: 			338



Using pass: pass_libfirm_opt_parallelize_mem -- No improvement
	# of nodes: 			68
	# of irgs: 				2
	# of cf manipulations: 	4
	# of memory operations: 24
	# of types: 			338



Using pass: pass_libfirm_combo -- No improvement
	# of nodes: 			68
	# of irgs: 				2
	# of cf manipulations: 	4
	# of memory operations: 24
	# of types: 			338



Using pass: pass_replace_cond_selectors -- No improvement
	# of nodes: 			68
	# of irgs: 				2
	# of cf manipulations: 	4
	# of memory operations: 24
	# of types: 			338



Using pass: pass_libfirm_normalize_one_return -- No improvement
	# of nodes: 			68
	# of irgs: 				2
	# of cf manipulations: 	4
	# of memory operations: 24
	# of types: 			338



Using pass: pass_remove_void_calls -- No improvement
	# of nodes: 			68
	# of irgs: 				2
	# of cf manipulations: 	4
	# of memory operations: 24
	# of types: 			338



Using pass: pass_libfirm_remove_critical_cf_edges -- No improvement
	# of nodes: 			68
	# of irgs: 				2
	# of cf manipulations: 	4
	# of memory operations: 24
	# of types: 			338



Using pass: pass_remove_stores -- No improvement
	# of nodes: 			68
	# of irgs: 				2
	# of cf manipulations: 	4
	# of memory operations: 24
	# of types: 			338



Using pass: pass_replace_members -- No improvement
	# of nodes: 			68
	# of irgs: 				2
	# of cf manipulations: 	4
	# of memory operations: 24
	# of types: 			338



Using pass: pass_gc_entitites -- No improvement
	# of nodes: 			68
	# of irgs: 				2
	# of cf manipulations: 	4
	# of memory operations: 24
	# of types: 			338



Using pass: pass_replace_members -- No improvement
	# of nodes: 			68
	# of irgs: 				2
	# of cf manipulations: 	4
	# of memory operations: 24
	# of types: 			338



Using pass: pass_libfirm_opt_funccalls -- No improvement
	# of nodes: 			68
	# of irgs: 				2
	# of cf manipulations: 	4
	# of memory operations: 24
	# of types: 			338



Using pass: pass_libfirm_normalize_n_returns -- No improvement
	# of nodes: 			68
	# of irgs: 				2
	# of cf manipulations: 	4
	# of memory operations: 24
	# of types: 			338



Using pass: pass_libfirm_optimize_cf -- No improvement
	# of nodes: 			68
	# of irgs: 				2
	# of cf manipulations: 	4
	# of memory operations: 24
	# of types: 			338



Using pass: pass_libfirm_remove_critical_cf_edges -- No improvement
	# of nodes: 			68
	# of irgs: 				2
	# of cf manipulations: 	4
	# of memory operations: 24
	# of types: 			338



Using pass: pass_libfirm_scalar_replacement_opt -- No improvement
	# of nodes: 			68
	# of irgs: 				2
	# of cf manipulations: 	4
	# of memory operations: 24
	# of types: 			338



Using pass: pass_libfirm_optimize_cf -- No improvement
	# of nodes: 			68
	# of irgs: 				2
	# of cf manipulations: 	4
	# of memory operations: 24
	# of types: 			338



Using pass: pass_replace_members -- No improvement
	# of nodes: 			68
	# of irgs: 				2
	# of cf manipulations: 	4
	# of memory operations: 24
	# of types: 			338



Using pass: pass_libfirm_opt_jumpthreading -- No improvement
	# of nodes: 			68
	# of irgs: 				2
	# of cf manipulations: 	4
	# of memory operations: 24
	# of types: 			338



Using pass: pass_libfirm_combo -- No improvement
	# of nodes: 			68
	# of irgs: 				2
	# of cf manipulations: 	4
	# of memory operations: 24
	# of types: 			338



Using pass: pass_libfirm_dead_code_elimination -- No improvement
	# of nodes: 			68
	# of irgs: 				2
	# of cf manipulations: 	4
	# of memory operations: 24
	# of types: 			338



Using pass: pass_replace_mux_selectors -- No improvement
	# of nodes: 			68
	# of irgs: 				2
	# of cf manipulations: 	4
	# of memory operations: 24
	# of types: 			338



Using pass: pass_libfirm_do_loop_inversion -- No improvement
	# of nodes: 			68
	# of irgs: 				2
	# of cf manipulations: 	4
	# of memory operations: 24
	# of types: 			338



Using pass: pass_libfirm_conv_opt -- No improvement
	# of nodes: 			68
	# of irgs: 				2
	# of cf manipulations: 	4
	# of memory operations: 24
	# of types: 			338



Using pass: pass_replace_cond_selectors -- No improvement
	# of nodes: 			68
	# of irgs: 				2
	# of cf manipulations: 	4
	# of memory operations: 24
	# of types: 			338



Using pass: pass_libfirm_opt_parallelize_mem -- No improvement
	# of nodes: 			68
	# of irgs: 				2
	# of cf manipulations: 	4
	# of memory operations: 24
	# of types: 			338



Using pass: pass_libfirm_do_loop_inversion -- No improvement
	# of nodes: 			68
	# of irgs: 				2
	# of cf manipulations: 	4
	# of memory operations: 24
	# of types: 			338



Using pass: pass_libfirm_remove_bads -- No improvement
	# of nodes: 			68
	# of irgs: 				2
	# of cf manipulations: 	4
	# of memory operations: 24
	# of types: 			338



Using pass: pass_libfirm_do_loop_unrolling -- No improvement
	# of nodes: 			68
	# of irgs: 				2
	# of cf manipulations: 	4
	# of memory operations: 24
	# of types: 			338



Using pass: pass_libfirm_construct_confirms -- No improvement
	# of nodes: 			68
	# of irgs: 				2
	# of cf manipulations: 	4
	# of memory operations: 24
	# of types: 			338



Using pass: pass_replace_proj_primitive -- No improvement
	# of nodes: 			68
	# of irgs: 				2
	# of cf manipulations: 	4
	# of memory operations: 24
	# of types: 			338



Using pass: pass_libfirm_dead_code_elimination -- No improvement
	# of nodes: 			68
	# of irgs: 				2
	# of cf manipulations: 	4
	# of memory operations: 24
	# of types: 			338



Using pass: pass_libfirm_optimize_reassociation -- No improvement
	# of nodes: 			68
	# of irgs: 				2
	# of cf manipulations: 	4
	# of memory operations: 24
	# of types: 			338



Using pass: pass_libfirm_optimize_reassociation -- No improvement
	# of nodes: 			68
	# of irgs: 				2
	# of cf manipulations: 	4
	# of memory operations: 24
	# of types: 			338



Using pass: pass_libfirm_do_loop_peeling -- No improvement
	# of nodes: 			68
	# of irgs: 				2
	# of cf manipulations: 	4
	# of memory operations: 24
	# of types: 			338



Using pass: pass_libfirm_do_loop_unrolling -- No improvement
	# of nodes: 			68
	# of irgs: 				2
	# of cf manipulations: 	4
	# of memory operations: 24
	# of types: 			338



Using pass: pass_libfirm_optimize_load_store
	 :: interestingness test failed on irg '_main' -- No improvement
	# of nodes: 			68
	# of irgs: 				2
	# of cf manipulations: 	4
	# of memory operations: 24
	# of types: 			338



Using pass: pass_libfirm_do_loop_unrolling -- No improvement
	# of nodes: 			68
	# of irgs: 				2
	# of cf manipulations: 	4
	# of memory operations: 24
	# of types: 			338



Using pass: pass_simplify_consts -- No improvement
	# of nodes: 			68
	# of irgs: 				2
	# of cf manipulations: 	4
	# of memory operations: 24
	# of types: 			338



Using pass: pass_libfirm_opt_jumpthreading -- No improvement
	# of nodes: 			68
	# of irgs: 				2
	# of cf manipulations: 	4
	# of memory operations: 24
	# of types: 			338



Using pass: pass_replace_loads
	 :: Pass failed on irg '_main'
	 :: Pass failed on irg '_main' -- No improvement
	# of nodes: 			68
	# of irgs: 				2
	# of cf manipulations: 	4
	# of memory operations: 24
	# of types: 			338



Using pass: pass_replace_proj_primitive -- No improvement
	# of nodes: 			68
	# of irgs: 				2
	# of cf manipulations: 	4
	# of memory operations: 24
	# of types: 			338



Using pass: pass_libfirm_optimize_graph_df -- No improvement
	# of nodes: 			68
	# of irgs: 				2
	# of cf manipulations: 	4
	# of memory operations: 24
	# of types: 			338



Using pass: pass_replace_switch_selectors -- No improvement
	# of nodes: 			68
	# of irgs: 				2
	# of cf manipulations: 	4
	# of memory operations: 24
	# of types: 			338



Using pass: pass_libfirm_do_loop_unrolling -- No improvement
	# of nodes: 			68
	# of irgs: 				2
	# of cf manipulations: 	4
	# of memory operations: 24
	# of types: 			338



Using pass: pass_remove_void_calls -- No improvement
	# of nodes: 			68
	# of irgs: 				2
	# of cf manipulations: 	4
	# of memory operations: 24
	# of types: 			338



Using pass: pass_libfirm_occult_consts -- No improvement
	# of nodes: 			68
	# of irgs: 				2
	# of cf manipulations: 	4
	# of memory operations: 24
	# of types: 			338



Using pass: pass_libfirm_opt_if_conv -- No improvement
	# of nodes: 			68
	# of irgs: 				2
	# of cf manipulations: 	4
	# of memory operations: 24
	# of types: 			338



Using pass: pass_libfirm_normalize_n_returns -- No improvement
	# of nodes: 			68
	# of irgs: 				2
	# of cf manipulations: 	4
	# of memory operations: 24
	# of types: 			338



Using pass: pass_libfirm_opt_jumpthreading -- No improvement
	# of nodes: 			68
	# of irgs: 				2
	# of cf manipulations: 	4
	# of memory operations: 24
	# of types: 			338



Using pass: pass_libfirm_remove_tuples -- No improvement
	# of nodes: 			68
	# of irgs: 				2
	# of cf manipulations: 	4
	# of memory operations: 24
	# of types: 			338




 :: 2nd reduction cycle

Using pass: pass_libfirm_optimize_load_store -- Trying irg '_main' -- No improvement
Using pass: pass_libfirm_optimize_load_store -- Trying irg '_main' -- No improvement
Using pass: pass_libfirm_optimize_load_store -- Trying irg '_main' -- No improvement
Using pass: pass_gc_irgs -- Trying irg 'main' -- No improvement
Using pass: pass_gc_irgs_primitive -- Trying irg '_main' -- No improvement
Using pass: pass_gc_irgs_primitive -- Trying irg '_main' -- No improvement
Using pass: pass_gc_irgs_primitive -- Trying irg '_main' -- No improvement
Using pass: pass_gc_irgs_primitive -- Trying irg '_main' -- No improvement
Using pass: pass_gc_irgs_primitive -- Trying irg '_main' -- No improvement
Using pass: pass_libfirm_optimize_load_store -- Trying irg '_main' -- No improvement

______________________________

No further reduction possible.

Result:
	# of nodes: 			68
	# of irgs: 				2
	# of cf manipulations: 	4
	# of memory operations: 24
	# of types: 			338

2018-08-26 20:02:56