2018-08-23 20:47:14 -- Firmreduce -- Results

Initial Test-case size:
	# of nodes: 			16236
	# of irgs: 				4
	# of cf manipulations: 	268
	# of memory operations: 2411
	# of types: 			2797


Using pass: pass_replace_proj_primitive
	 :: Pass failed on irg 'r_func_2'
	 :: Pass failed on irg '_main'
	 :: Pass failed on irg '_main'
	 :: Pass failed on irg '_main' -- No improvement
	# of nodes: 			16236
	# of irgs: 				4
	# of cf manipulations: 	268
	# of memory operations: 2411
	# of types: 			2797



Using pass: pass_gc_entitites -- No improvement
	# of nodes: 			16236
	# of irgs: 				4
	# of cf manipulations: 	268
	# of memory operations: 2411
	# of types: 			2797



Using pass: pass_libfirm_conv_opt -- Successful
	# of nodes: 			10805
	# of irgs: 				4
	# of cf manipulations: 	268
	# of memory operations: 2401
	# of types: 			2797



Using pass: pass_libfirm_conv_opt -- No improvement
	# of nodes: 			10805
	# of irgs: 				4
	# of cf manipulations: 	268
	# of memory operations: 2401
	# of types: 			2797



Using pass: pass_libfirm_opt_if_conv -- Successful
	# of nodes: 			5312
	# of irgs: 				4
	# of cf manipulations: 	152
	# of memory operations: 1193
	# of types: 			2797



Using pass: pass_libfirm_opt_tail_rec -- Successful
	# of nodes: 			2684
	# of irgs: 				4
	# of cf manipulations: 	78
	# of memory operations: 593
	# of types: 			2797



Using pass: pass_replace_loads -- No improvement
	# of nodes: 			2684
	# of irgs: 				4
	# of cf manipulations: 	78
	# of memory operations: 593
	# of types: 			2797



Using pass: pass_simplify_consts -- Successful
	# of nodes: 			1081
	# of irgs: 				4
	# of cf manipulations: 	23
	# of memory operations: 332
	# of types: 			2797



Using pass: pass_remove_void_calls -- No improvement
	# of nodes: 			1081
	# of irgs: 				4
	# of cf manipulations: 	23
	# of memory operations: 332
	# of types: 			2797



Using pass: pass_libfirm_occult_consts -- No improvement
	# of nodes: 			1081
	# of irgs: 				4
	# of cf manipulations: 	23
	# of memory operations: 332
	# of types: 			2797



Using pass: pass_libfirm_occult_consts -- No improvement
	# of nodes: 			1081
	# of irgs: 				4
	# of cf manipulations: 	23
	# of memory operations: 332
	# of types: 			2797



Using pass: pass_libfirm_combo -- No improvement
	# of nodes: 			1081
	# of irgs: 				4
	# of cf manipulations: 	23
	# of memory operations: 332
	# of types: 			2797



Using pass: pass_check_validity -- No improvement
	# of nodes: 			1081
	# of irgs: 				4
	# of cf manipulations: 	23
	# of memory operations: 332
	# of types: 			2797



Using pass: pass_libfirm_scalar_replacement_opt -- No improvement
	# of nodes: 			1081
	# of irgs: 				4
	# of cf manipulations: 	23
	# of memory operations: 332
	# of types: 			2797



Using pass: pass_replace_members -- No improvement
	# of nodes: 			1081
	# of irgs: 				4
	# of cf manipulations: 	23
	# of memory operations: 332
	# of types: 			2797



Using pass: pass_replace_return_values -- No improvement
	# of nodes: 			1081
	# of irgs: 				4
	# of cf manipulations: 	23
	# of memory operations: 332
	# of types: 			2797



Using pass: pass_libfirm_occult_consts -- No improvement
	# of nodes: 			1081
	# of irgs: 				4
	# of cf manipulations: 	23
	# of memory operations: 332
	# of types: 			2797



Using pass: pass_libfirm_opt_funccalls -- No improvement
	# of nodes: 			1081
	# of irgs: 				4
	# of cf manipulations: 	23
	# of memory operations: 332
	# of types: 			2797



Using pass: pass_libfirm_optimize_cf -- Successful
	# of nodes: 			1077
	# of irgs: 				4
	# of cf manipulations: 	21
	# of memory operations: 332
	# of types: 			2797



Using pass: pass_libfirm_scalar_replacement_opt -- No improvement
	# of nodes: 			1077
	# of irgs: 				4
	# of cf manipulations: 	21
	# of memory operations: 332
	# of types: 			2797



Using pass: pass_libfirm_opt_ldst
	 :: Pass failed on irg 'main'
	 :: Pass failed on irg '_main'
	 :: Pass failed on irg 'r_func_1'
	 :: Pass failed on irg '_main' -- No improvement
	# of nodes: 			1077
	# of irgs: 				4
	# of cf manipulations: 	21
	# of memory operations: 332
	# of types: 			2797



Using pass: pass_libfirm_remove_bads -- No improvement
	# of nodes: 			1077
	# of irgs: 				4
	# of cf manipulations: 	21
	# of memory operations: 332
	# of types: 			2797



Using pass: pass_libfirm_gvn_pre -- Successful
	# of nodes: 			1080
	# of irgs: 				4
	# of cf manipulations: 	23
	# of memory operations: 332
	# of types: 			2797



Using pass: pass_libfirm_optimize_load_store -- No improvement
	# of nodes: 			1080
	# of irgs: 				4
	# of cf manipulations: 	23
	# of memory operations: 332
	# of types: 			2797



Using pass: pass_libfirm_opt_blocks -- No improvement
	# of nodes: 			1080
	# of irgs: 				4
	# of cf manipulations: 	23
	# of memory operations: 332
	# of types: 			2797



Using pass: pass_libfirm_optimize_load_store -- No improvement
	# of nodes: 			1080
	# of irgs: 				4
	# of cf manipulations: 	23
	# of memory operations: 332
	# of types: 			2797



Using pass: pass_libfirm_opt_ldst
	 :: Pass failed on irg '_main'
	 :: Pass failed on irg 'main'
	 :: Pass failed on irg 'r_func_1'
	 :: Pass failed on irg 'r_func_2' -- No improvement
	# of nodes: 			1080
	# of irgs: 				4
	# of cf manipulations: 	23
	# of memory operations: 332
	# of types: 			2797



Using pass: pass_replace_proj_primitive -- Successful
	# of nodes: 			372
	# of irgs: 				4
	# of cf manipulations: 	10
	# of memory operations: 143
	# of types: 			2797



Using pass: pass_libfirm_opt_frame -- No improvement
	# of nodes: 			372
	# of irgs: 				4
	# of cf manipulations: 	10
	# of memory operations: 143
	# of types: 			2797



Using pass: pass_libfirm_conv_opt -- No improvement
	# of nodes: 			372
	# of irgs: 				4
	# of cf manipulations: 	10
	# of memory operations: 143
	# of types: 			2797



Using pass: pass_libfirm_scalar_replacement_opt -- No improvement
	# of nodes: 			372
	# of irgs: 				4
	# of cf manipulations: 	10
	# of memory operations: 143
	# of types: 			2797



Using pass: pass_libfirm_opt_bool -- No improvement
	# of nodes: 			372
	# of irgs: 				4
	# of cf manipulations: 	10
	# of memory operations: 143
	# of types: 			2797



Using pass: pass_gc_entitites -- No improvement
	# of nodes: 			372
	# of irgs: 				4
	# of cf manipulations: 	10
	# of memory operations: 143
	# of types: 			2797



Using pass: pass_gc_irgs_primitive -- Successful
	# of nodes: 			166
	# of irgs: 				2
	# of cf manipulations: 	4
	# of memory operations: 67
	# of types: 			2797



Using pass: pass_gc_irgs_primitive -- Successful
	# of nodes: 			7
	# of irgs: 				1
	# of cf manipulations: 	2
	# of memory operations: 0
	# of types: 			2797



Using pass: pass_libfirm_opt_frame -- No improvement
	# of nodes: 			7
	# of irgs: 				1
	# of cf manipulations: 	2
	# of memory operations: 0
	# of types: 			2797



Using pass: pass_gc_entitites -- No improvement
	# of nodes: 			7
	# of irgs: 				1
	# of cf manipulations: 	2
	# of memory operations: 0
	# of types: 			2797



Using pass: pass_libfirm_opt_if_conv -- No improvement
	# of nodes: 			7
	# of irgs: 				1
	# of cf manipulations: 	2
	# of memory operations: 0
	# of types: 			2797



Using pass: pass_libfirm_conv_opt -- No improvement
	# of nodes: 			7
	# of irgs: 				1
	# of cf manipulations: 	2
	# of memory operations: 0
	# of types: 			2797



Using pass: pass_replace_mux_selectors -- No improvement
	# of nodes: 			7
	# of irgs: 				1
	# of cf manipulations: 	2
	# of memory operations: 0
	# of types: 			2797



Using pass: pass_libfirm_opt_frame -- No improvement
	# of nodes: 			7
	# of irgs: 				1
	# of cf manipulations: 	2
	# of memory operations: 0
	# of types: 			2797



Using pass: pass_replace_switch_selectors -- No improvement
	# of nodes: 			7
	# of irgs: 				1
	# of cf manipulations: 	2
	# of memory operations: 0
	# of types: 			2797



Using pass: pass_libfirm_optimize_load_store -- No improvement
	# of nodes: 			7
	# of irgs: 				1
	# of cf manipulations: 	2
	# of memory operations: 0
	# of types: 			2797



Using pass: pass_remove_void_calls -- No improvement
	# of nodes: 			7
	# of irgs: 				1
	# of cf manipulations: 	2
	# of memory operations: 0
	# of types: 			2797



Using pass: pass_libfirm_opt_funccalls -- No improvement
	# of nodes: 			7
	# of irgs: 				1
	# of cf manipulations: 	2
	# of memory operations: 0
	# of types: 			2797



Using pass: pass_gc_irgs_primitive -- No improvement
	# of nodes: 			7
	# of irgs: 				1
	# of cf manipulations: 	2
	# of memory operations: 0
	# of types: 			2797



Using pass: pass_libfirm_remove_tuples -- No improvement
	# of nodes: 			7
	# of irgs: 				1
	# of cf manipulations: 	2
	# of memory operations: 0
	# of types: 			2797



Using pass: pass_libfirm_opt_bool -- No improvement
	# of nodes: 			7
	# of irgs: 				1
	# of cf manipulations: 	2
	# of memory operations: 0
	# of types: 			2797



Using pass: pass_libfirm_remove_unreachable -- No improvement
	# of nodes: 			7
	# of irgs: 				1
	# of cf manipulations: 	2
	# of memory operations: 0
	# of types: 			2797



Using pass: pass_simplify_consts -- No improvement
	# of nodes: 			7
	# of irgs: 				1
	# of cf manipulations: 	2
	# of memory operations: 0
	# of types: 			2797



Using pass: pass_libfirm_remove_bads -- No improvement
	# of nodes: 			7
	# of irgs: 				1
	# of cf manipulations: 	2
	# of memory operations: 0
	# of types: 			2797



Using pass: pass_replace_return_values -- No improvement
	# of nodes: 			7
	# of irgs: 				1
	# of cf manipulations: 	2
	# of memory operations: 0
	# of types: 			2797



Using pass: pass_gc_irgs_primitive -- No improvement
	# of nodes: 			7
	# of irgs: 				1
	# of cf manipulations: 	2
	# of memory operations: 0
	# of types: 			2797



Using pass: pass_libfirm_scalar_replacement_opt -- No improvement
	# of nodes: 			7
	# of irgs: 				1
	# of cf manipulations: 	2
	# of memory operations: 0
	# of types: 			2797



Using pass: pass_libfirm_remove_bads -- No improvement
	# of nodes: 			7
	# of irgs: 				1
	# of cf manipulations: 	2
	# of memory operations: 0
	# of types: 			2797



Using pass: pass_libfirm_do_loop_inversion -- No improvement
	# of nodes: 			7
	# of irgs: 				1
	# of cf manipulations: 	2
	# of memory operations: 0
	# of types: 			2797



Using pass: pass_replace_members -- No improvement
	# of nodes: 			7
	# of irgs: 				1
	# of cf manipulations: 	2
	# of memory operations: 0
	# of types: 			2797



Using pass: pass_gc_entitites -- No improvement
	# of nodes: 			7
	# of irgs: 				1
	# of cf manipulations: 	2
	# of memory operations: 0
	# of types: 			2797



Using pass: pass_check_validity -- No improvement
	# of nodes: 			7
	# of irgs: 				1
	# of cf manipulations: 	2
	# of memory operations: 0
	# of types: 			2797



Using pass: pass_remove_void_calls -- No improvement
	# of nodes: 			7
	# of irgs: 				1
	# of cf manipulations: 	2
	# of memory operations: 0
	# of types: 			2797



Using pass: pass_libfirm_normalize_n_returns -- No improvement
	# of nodes: 			7
	# of irgs: 				1
	# of cf manipulations: 	2
	# of memory operations: 0
	# of types: 			2797



Using pass: pass_replace_return_values -- No improvement
	# of nodes: 			7
	# of irgs: 				1
	# of cf manipulations: 	2
	# of memory operations: 0
	# of types: 			2797



Using pass: pass_remove_allocs -- No improvement
	# of nodes: 			7
	# of irgs: 				1
	# of cf manipulations: 	2
	# of memory operations: 0
	# of types: 			2797



Using pass: pass_libfirm_remove_critical_cf_edges -- No improvement
	# of nodes: 			7
	# of irgs: 				1
	# of cf manipulations: 	2
	# of memory operations: 0
	# of types: 			2797



Using pass: pass_libfirm_opt_funccalls -- No improvement
	# of nodes: 			7
	# of irgs: 				1
	# of cf manipulations: 	2
	# of memory operations: 0
	# of types: 			2797



Using pass: pass_libfirm_occult_consts -- No improvement
	# of nodes: 			7
	# of irgs: 				1
	# of cf manipulations: 	2
	# of memory operations: 0
	# of types: 			2797



Using pass: pass_check_validity -- No improvement
	# of nodes: 			7
	# of irgs: 				1
	# of cf manipulations: 	2
	# of memory operations: 0
	# of types: 			2797



Using pass: pass_remove_stores -- No improvement
	# of nodes: 			7
	# of irgs: 				1
	# of cf manipulations: 	2
	# of memory operations: 0
	# of types: 			2797



Using pass: pass_replace_proj_primitive -- No improvement
	# of nodes: 			7
	# of irgs: 				1
	# of cf manipulations: 	2
	# of memory operations: 0
	# of types: 			2797



Using pass: pass_libfirm_opt_jumpthreading -- No improvement
	# of nodes: 			7
	# of irgs: 				1
	# of cf manipulations: 	2
	# of memory operations: 0
	# of types: 			2797



Using pass: pass_libfirm_opt_tail_rec -- No improvement
	# of nodes: 			7
	# of irgs: 				1
	# of cf manipulations: 	2
	# of memory operations: 0
	# of types: 			2797



Using pass: pass_remove_stores -- No improvement
	# of nodes: 			7
	# of irgs: 				1
	# of cf manipulations: 	2
	# of memory operations: 0
	# of types: 			2797



Using pass: pass_libfirm_remove_critical_cf_edges -- No improvement
	# of nodes: 			7
	# of irgs: 				1
	# of cf manipulations: 	2
	# of memory operations: 0
	# of types: 			2797



Using pass: pass_libfirm_opt_frame -- No improvement
	# of nodes: 			7
	# of irgs: 				1
	# of cf manipulations: 	2
	# of memory operations: 0
	# of types: 			2797



Using pass: pass_libfirm_opt_tail_rec -- No improvement
	# of nodes: 			7
	# of irgs: 				1
	# of cf manipulations: 	2
	# of memory operations: 0
	# of types: 			2797



Using pass: pass_gc_irgs_primitive -- No improvement
	# of nodes: 			7
	# of irgs: 				1
	# of cf manipulations: 	2
	# of memory operations: 0
	# of types: 			2797



Using pass: pass_libfirm_construct_confirms -- No improvement
	# of nodes: 			7
	# of irgs: 				1
	# of cf manipulations: 	2
	# of memory operations: 0
	# of types: 			2797



Using pass: pass_libfirm_scalar_replacement_opt -- No improvement
	# of nodes: 			7
	# of irgs: 				1
	# of cf manipulations: 	2
	# of memory operations: 0
	# of types: 			2797



Using pass: pass_simplify_consts -- No improvement
	# of nodes: 			7
	# of irgs: 				1
	# of cf manipulations: 	2
	# of memory operations: 0
	# of types: 			2797



Using pass: pass_remove_void_calls -- No improvement
	# of nodes: 			7
	# of irgs: 				1
	# of cf manipulations: 	2
	# of memory operations: 0
	# of types: 			2797



Using pass: pass_replace_loads -- No improvement
	# of nodes: 			7
	# of irgs: 				1
	# of cf manipulations: 	2
	# of memory operations: 0
	# of types: 			2797



Using pass: pass_libfirm_do_loop_peeling -- No improvement
	# of nodes: 			7
	# of irgs: 				1
	# of cf manipulations: 	2
	# of memory operations: 0
	# of types: 			2797



Using pass: pass_gc_irgs_primitive -- No improvement
	# of nodes: 			7
	# of irgs: 				1
	# of cf manipulations: 	2
	# of memory operations: 0
	# of types: 			2797



Using pass: pass_libfirm_dead_code_elimination -- No improvement
	# of nodes: 			7
	# of irgs: 				1
	# of cf manipulations: 	2
	# of memory operations: 0
	# of types: 			2797



Using pass: pass_replace_switch_selectors -- No improvement
	# of nodes: 			7
	# of irgs: 				1
	# of cf manipulations: 	2
	# of memory operations: 0
	# of types: 			2797



Using pass: pass_gc_irgs -- No improvement
	# of nodes: 			7
	# of irgs: 				1
	# of cf manipulations: 	2
	# of memory operations: 0
	# of types: 			2797



Using pass: pass_replace_arithmetic -- No improvement
	# of nodes: 			7
	# of irgs: 				1
	# of cf manipulations: 	2
	# of memory operations: 0
	# of types: 			2797



Using pass: pass_libfirm_do_loop_unrolling -- No improvement
	# of nodes: 			7
	# of irgs: 				1
	# of cf manipulations: 	2
	# of memory operations: 0
	# of types: 			2797



Using pass: pass_replace_arithmetic -- No improvement
	# of nodes: 			7
	# of irgs: 				1
	# of cf manipulations: 	2
	# of memory operations: 0
	# of types: 			2797



Using pass: pass_simplify_consts -- No improvement
	# of nodes: 			7
	# of irgs: 				1
	# of cf manipulations: 	2
	# of memory operations: 0
	# of types: 			2797



Using pass: pass_gc_irgs_primitive -- No improvement
	# of nodes: 			7
	# of irgs: 				1
	# of cf manipulations: 	2
	# of memory operations: 0
	# of types: 			2797



Using pass: pass_replace_loads -- No improvement
	# of nodes: 			7
	# of irgs: 				1
	# of cf manipulations: 	2
	# of memory operations: 0
	# of types: 			2797




 :: 2nd reduction cycle


______________________________

No further reduction possible.

Result:
	# of nodes: 			7
	# of irgs: 				1
	# of cf manipulations: 	2
	# of memory operations: 0
	# of types: 			2797

2018-08-23 20:48:21