2018-08-26 19:57:35 -- Firmreduce -- Results

Initial Test-case size:
	# of nodes: 			937
	# of irgs: 				6
	# of cf manipulations: 	58
	# of memory operations: 148
	# of types: 			226


Using pass: pass_replace_loads
	 :: Pass failed on irg 'r_func_1'
	 :: Pass failed on irg 'r_func_1'
	 :: Pass failed on irg '_main'
	 :: Pass failed on irg 'r_func_1' -- No improvement
	# of nodes: 			937
	# of irgs: 				6
	# of cf manipulations: 	58
	# of memory operations: 148
	# of types: 			226



Using pass: pass_libfirm_opt_tail_rec -- No improvement
	# of nodes: 			937
	# of irgs: 				6
	# of cf manipulations: 	58
	# of memory operations: 148
	# of types: 			226



Using pass: pass_libfirm_opt_funccalls -- No improvement
	# of nodes: 			937
	# of irgs: 				6
	# of cf manipulations: 	58
	# of memory operations: 148
	# of types: 			226



Using pass: pass_libfirm_opt_blocks -- Successful
	# of nodes: 			941
	# of irgs: 				6
	# of cf manipulations: 	59
	# of memory operations: 148
	# of types: 			226



Using pass: pass_libfirm_place_code -- Successful
	# of nodes: 			977
	# of irgs: 				6
	# of cf manipulations: 	78
	# of memory operations: 148
	# of types: 			226



Using pass: pass_gc_irgs_primitive
	 :: interestingness test failed on irg '_main' -- Successful
	# of nodes: 			175
	# of irgs: 				2
	# of cf manipulations: 	17
	# of memory operations: 27
	# of types: 			226



Using pass: pass_replace_arithmetic -- Successful
	# of nodes: 			127
	# of irgs: 				2
	# of cf manipulations: 	10
	# of memory operations: 27
	# of types: 			226



Using pass: pass_remove_stores -- Successful
	# of nodes: 			104
	# of irgs: 				2
	# of cf manipulations: 	10
	# of memory operations: 21
	# of types: 			226



Using pass: pass_libfirm_do_loop_peeling
	 :: Pass failed on irg '_main' -- No improvement
	# of nodes: 			104
	# of irgs: 				2
	# of cf manipulations: 	10
	# of memory operations: 21
	# of types: 			226



Using pass: pass_replace_arithmetic -- No improvement
	# of nodes: 			104
	# of irgs: 				2
	# of cf manipulations: 	10
	# of memory operations: 21
	# of types: 			226



Using pass: pass_libfirm_do_loop_unrolling -- No improvement
	# of nodes: 			104
	# of irgs: 				2
	# of cf manipulations: 	10
	# of memory operations: 21
	# of types: 			226



Using pass: pass_replace_arithmetic -- No improvement
	# of nodes: 			104
	# of irgs: 				2
	# of cf manipulations: 	10
	# of memory operations: 21
	# of types: 			226



Using pass: pass_gc_irgs_primitive
	 :: interestingness test failed on irg '_main' -- No improvement
	# of nodes: 			104
	# of irgs: 				2
	# of cf manipulations: 	10
	# of memory operations: 21
	# of types: 			226



Using pass: pass_libfirm_opt_parallelize_mem -- No improvement
	# of nodes: 			104
	# of irgs: 				2
	# of cf manipulations: 	10
	# of memory operations: 21
	# of types: 			226



Using pass: pass_libfirm_remove_bads -- No improvement
	# of nodes: 			104
	# of irgs: 				2
	# of cf manipulations: 	10
	# of memory operations: 21
	# of types: 			226



Using pass: pass_remove_stores -- No improvement
	# of nodes: 			104
	# of irgs: 				2
	# of cf manipulations: 	10
	# of memory operations: 21
	# of types: 			226



Using pass: pass_remove_void_calls -- Successful
	# of nodes: 			101
	# of irgs: 				2
	# of cf manipulations: 	10
	# of memory operations: 20
	# of types: 			226



Using pass: pass_libfirm_conv_opt -- No improvement
	# of nodes: 			101
	# of irgs: 				2
	# of cf manipulations: 	10
	# of memory operations: 20
	# of types: 			226



Using pass: pass_libfirm_conv_opt -- No improvement
	# of nodes: 			101
	# of irgs: 				2
	# of cf manipulations: 	10
	# of memory operations: 20
	# of types: 			226



Using pass: pass_libfirm_opt_ldst
	 :: Pass failed on irg '_main'
	 :: Pass failed on irg '_main' -- No improvement
	# of nodes: 			101
	# of irgs: 				2
	# of cf manipulations: 	10
	# of memory operations: 20
	# of types: 			226



Using pass: pass_libfirm_conv_opt -- No improvement
	# of nodes: 			101
	# of irgs: 				2
	# of cf manipulations: 	10
	# of memory operations: 20
	# of types: 			226



Using pass: pass_libfirm_opt_bool -- No improvement
	# of nodes: 			101
	# of irgs: 				2
	# of cf manipulations: 	10
	# of memory operations: 20
	# of types: 			226



Using pass: pass_libfirm_remove_bads -- No improvement
	# of nodes: 			101
	# of irgs: 				2
	# of cf manipulations: 	10
	# of memory operations: 20
	# of types: 			226



Using pass: pass_libfirm_opt_parallelize_mem -- Successful
	# of nodes: 			102
	# of irgs: 				2
	# of cf manipulations: 	10
	# of memory operations: 20
	# of types: 			226



Using pass: pass_libfirm_dead_code_elimination -- No improvement
	# of nodes: 			102
	# of irgs: 				2
	# of cf manipulations: 	10
	# of memory operations: 20
	# of types: 			226



Using pass: pass_libfirm_optimize_load_store -- No improvement
	# of nodes: 			102
	# of irgs: 				2
	# of cf manipulations: 	10
	# of memory operations: 20
	# of types: 			226



Using pass: pass_remove_stores -- No improvement
	# of nodes: 			102
	# of irgs: 				2
	# of cf manipulations: 	10
	# of memory operations: 20
	# of types: 			226



Using pass: pass_libfirm_remove_unreachable -- No improvement
	# of nodes: 			102
	# of irgs: 				2
	# of cf manipulations: 	10
	# of memory operations: 20
	# of types: 			226



Using pass: pass_libfirm_place_code -- No improvement
	# of nodes: 			102
	# of irgs: 				2
	# of cf manipulations: 	10
	# of memory operations: 20
	# of types: 			226



Using pass: pass_libfirm_optimize_reassociation -- No improvement
	# of nodes: 			102
	# of irgs: 				2
	# of cf manipulations: 	10
	# of memory operations: 20
	# of types: 			226



Using pass: pass_gc_irgs_primitive
	 :: interestingness test failed on irg '_main' -- No improvement
	# of nodes: 			102
	# of irgs: 				2
	# of cf manipulations: 	10
	# of memory operations: 20
	# of types: 			226



Using pass: pass_remove_stores -- No improvement
	# of nodes: 			102
	# of irgs: 				2
	# of cf manipulations: 	10
	# of memory operations: 20
	# of types: 			226



Using pass: pass_libfirm_do_loop_inversion -- No improvement
	# of nodes: 			102
	# of irgs: 				2
	# of cf manipulations: 	10
	# of memory operations: 20
	# of types: 			226



Using pass: pass_replace_loads
	 :: Pass failed on irg '_main' -- No improvement
	# of nodes: 			102
	# of irgs: 				2
	# of cf manipulations: 	10
	# of memory operations: 20
	# of types: 			226



Using pass: pass_gc_entitites -- No improvement
	# of nodes: 			102
	# of irgs: 				2
	# of cf manipulations: 	10
	# of memory operations: 20
	# of types: 			226



Using pass: pass_replace_proj_primitive -- Successful
	# of nodes: 			54
	# of irgs: 				2
	# of cf manipulations: 	4
	# of memory operations: 14
	# of types: 			226



Using pass: pass_libfirm_normalize_n_returns -- No improvement
	# of nodes: 			54
	# of irgs: 				2
	# of cf manipulations: 	4
	# of memory operations: 14
	# of types: 			226



Using pass: pass_simplify_consts -- Successful
	# of nodes: 			50
	# of irgs: 				2
	# of cf manipulations: 	4
	# of memory operations: 14
	# of types: 			226



Using pass: pass_libfirm_optimize_reassociation -- No improvement
	# of nodes: 			50
	# of irgs: 				2
	# of cf manipulations: 	4
	# of memory operations: 14
	# of types: 			226



Using pass: pass_libfirm_occult_consts -- No improvement
	# of nodes: 			50
	# of irgs: 				2
	# of cf manipulations: 	4
	# of memory operations: 14
	# of types: 			226



Using pass: pass_gc_irgs -- No improvement
	# of nodes: 			50
	# of irgs: 				2
	# of cf manipulations: 	4
	# of memory operations: 14
	# of types: 			226



Using pass: pass_gc_irgs_primitive
	 :: interestingness test failed on irg '_main' -- No improvement
	# of nodes: 			50
	# of irgs: 				2
	# of cf manipulations: 	4
	# of memory operations: 14
	# of types: 			226



Using pass: pass_libfirm_opt_bool -- No improvement
	# of nodes: 			50
	# of irgs: 				2
	# of cf manipulations: 	4
	# of memory operations: 14
	# of types: 			226



Using pass: pass_replace_return_values -- No improvement
	# of nodes: 			50
	# of irgs: 				2
	# of cf manipulations: 	4
	# of memory operations: 14
	# of types: 			226



Using pass: pass_libfirm_opt_funccalls -- No improvement
	# of nodes: 			50
	# of irgs: 				2
	# of cf manipulations: 	4
	# of memory operations: 14
	# of types: 			226



Using pass: pass_libfirm_opt_parallelize_mem -- No improvement
	# of nodes: 			50
	# of irgs: 				2
	# of cf manipulations: 	4
	# of memory operations: 14
	# of types: 			226



Using pass: pass_libfirm_opt_blocks -- No improvement
	# of nodes: 			50
	# of irgs: 				2
	# of cf manipulations: 	4
	# of memory operations: 14
	# of types: 			226



Using pass: pass_libfirm_optimize_reassociation -- No improvement
	# of nodes: 			50
	# of irgs: 				2
	# of cf manipulations: 	4
	# of memory operations: 14
	# of types: 			226



Using pass: pass_libfirm_do_loop_inversion -- No improvement
	# of nodes: 			50
	# of irgs: 				2
	# of cf manipulations: 	4
	# of memory operations: 14
	# of types: 			226



Using pass: pass_libfirm_optimize_load_store
	 :: interestingness test failed on irg '_main' -- No improvement
	# of nodes: 			50
	# of irgs: 				2
	# of cf manipulations: 	4
	# of memory operations: 14
	# of types: 			226



Using pass: pass_libfirm_opt_funccalls -- No improvement
	# of nodes: 			50
	# of irgs: 				2
	# of cf manipulations: 	4
	# of memory operations: 14
	# of types: 			226



Using pass: pass_libfirm_scalar_replacement_opt -- No improvement
	# of nodes: 			50
	# of irgs: 				2
	# of cf manipulations: 	4
	# of memory operations: 14
	# of types: 			226



Using pass: pass_libfirm_dead_code_elimination -- No improvement
	# of nodes: 			50
	# of irgs: 				2
	# of cf manipulations: 	4
	# of memory operations: 14
	# of types: 			226



Using pass: pass_libfirm_dead_code_elimination -- No improvement
	# of nodes: 			50
	# of irgs: 				2
	# of cf manipulations: 	4
	# of memory operations: 14
	# of types: 			226



Using pass: pass_replace_proj_primitive -- No improvement
	# of nodes: 			50
	# of irgs: 				2
	# of cf manipulations: 	4
	# of memory operations: 14
	# of types: 			226



Using pass: pass_replace_cond_selectors -- No improvement
	# of nodes: 			50
	# of irgs: 				2
	# of cf manipulations: 	4
	# of memory operations: 14
	# of types: 			226



Using pass: pass_libfirm_optimize_cf -- No improvement
	# of nodes: 			50
	# of irgs: 				2
	# of cf manipulations: 	4
	# of memory operations: 14
	# of types: 			226



Using pass: pass_libfirm_remove_unreachable -- No improvement
	# of nodes: 			50
	# of irgs: 				2
	# of cf manipulations: 	4
	# of memory operations: 14
	# of types: 			226



Using pass: pass_replace_cond_selectors -- No improvement
	# of nodes: 			50
	# of irgs: 				2
	# of cf manipulations: 	4
	# of memory operations: 14
	# of types: 			226



Using pass: pass_libfirm_do_loop_unrolling -- No improvement
	# of nodes: 			50
	# of irgs: 				2
	# of cf manipulations: 	4
	# of memory operations: 14
	# of types: 			226



Using pass: pass_libfirm_optimize_cf -- No improvement
	# of nodes: 			50
	# of irgs: 				2
	# of cf manipulations: 	4
	# of memory operations: 14
	# of types: 			226



Using pass: pass_libfirm_combo -- No improvement
	# of nodes: 			50
	# of irgs: 				2
	# of cf manipulations: 	4
	# of memory operations: 14
	# of types: 			226



Using pass: pass_libfirm_combo -- No improvement
	# of nodes: 			50
	# of irgs: 				2
	# of cf manipulations: 	4
	# of memory operations: 14
	# of types: 			226



Using pass: pass_libfirm_normalize_n_returns -- No improvement
	# of nodes: 			50
	# of irgs: 				2
	# of cf manipulations: 	4
	# of memory operations: 14
	# of types: 			226



Using pass: pass_replace_members -- No improvement
	# of nodes: 			50
	# of irgs: 				2
	# of cf manipulations: 	4
	# of memory operations: 14
	# of types: 			226



Using pass: pass_gc_irgs_primitive
	 :: interestingness test failed on irg '_main' -- No improvement
	# of nodes: 			50
	# of irgs: 				2
	# of cf manipulations: 	4
	# of memory operations: 14
	# of types: 			226



Using pass: pass_libfirm_occult_consts -- No improvement
	# of nodes: 			50
	# of irgs: 				2
	# of cf manipulations: 	4
	# of memory operations: 14
	# of types: 			226



Using pass: pass_libfirm_opt_blocks -- No improvement
	# of nodes: 			50
	# of irgs: 				2
	# of cf manipulations: 	4
	# of memory operations: 14
	# of types: 			226



Using pass: pass_replace_switch_selectors -- No improvement
	# of nodes: 			50
	# of irgs: 				2
	# of cf manipulations: 	4
	# of memory operations: 14
	# of types: 			226



Using pass: pass_simplify_consts -- No improvement
	# of nodes: 			50
	# of irgs: 				2
	# of cf manipulations: 	4
	# of memory operations: 14
	# of types: 			226



Using pass: pass_libfirm_remove_bads -- No improvement
	# of nodes: 			50
	# of irgs: 				2
	# of cf manipulations: 	4
	# of memory operations: 14
	# of types: 			226



Using pass: pass_libfirm_normalize_n_returns -- No improvement
	# of nodes: 			50
	# of irgs: 				2
	# of cf manipulations: 	4
	# of memory operations: 14
	# of types: 			226



Using pass: pass_libfirm_optimize_reassociation -- No improvement
	# of nodes: 			50
	# of irgs: 				2
	# of cf manipulations: 	4
	# of memory operations: 14
	# of types: 			226



Using pass: pass_libfirm_opt_frame -- No improvement
	# of nodes: 			50
	# of irgs: 				2
	# of cf manipulations: 	4
	# of memory operations: 14
	# of types: 			226



Using pass: pass_libfirm_gvn_pre -- No improvement
	# of nodes: 			50
	# of irgs: 				2
	# of cf manipulations: 	4
	# of memory operations: 14
	# of types: 			226



Using pass: pass_replace_proj_primitive -- No improvement
	# of nodes: 			50
	# of irgs: 				2
	# of cf manipulations: 	4
	# of memory operations: 14
	# of types: 			226



Using pass: pass_libfirm_opt_funccalls -- No improvement
	# of nodes: 			50
	# of irgs: 				2
	# of cf manipulations: 	4
	# of memory operations: 14
	# of types: 			226



Using pass: pass_libfirm_optimize_reassociation -- No improvement
	# of nodes: 			50
	# of irgs: 				2
	# of cf manipulations: 	4
	# of memory operations: 14
	# of types: 			226



Using pass: pass_libfirm_optimize_graph_df -- No improvement
	# of nodes: 			50
	# of irgs: 				2
	# of cf manipulations: 	4
	# of memory operations: 14
	# of types: 			226



Using pass: pass_check_validity -- No improvement
	# of nodes: 			50
	# of irgs: 				2
	# of cf manipulations: 	4
	# of memory operations: 14
	# of types: 			226



Using pass: pass_libfirm_opt_jumpthreading -- No improvement
	# of nodes: 			50
	# of irgs: 				2
	# of cf manipulations: 	4
	# of memory operations: 14
	# of types: 			226



Using pass: pass_libfirm_combo -- No improvement
	# of nodes: 			50
	# of irgs: 				2
	# of cf manipulations: 	4
	# of memory operations: 14
	# of types: 			226



Using pass: pass_libfirm_normalize_n_returns -- No improvement
	# of nodes: 			50
	# of irgs: 				2
	# of cf manipulations: 	4
	# of memory operations: 14
	# of types: 			226



Using pass: pass_gc_irgs -- No improvement
	# of nodes: 			50
	# of irgs: 				2
	# of cf manipulations: 	4
	# of memory operations: 14
	# of types: 			226



Using pass: pass_libfirm_opt_if_conv -- No improvement
	# of nodes: 			50
	# of irgs: 				2
	# of cf manipulations: 	4
	# of memory operations: 14
	# of types: 			226



Using pass: pass_replace_members -- No improvement
	# of nodes: 			50
	# of irgs: 				2
	# of cf manipulations: 	4
	# of memory operations: 14
	# of types: 			226



Using pass: pass_libfirm_do_loop_unrolling -- No improvement
	# of nodes: 			50
	# of irgs: 				2
	# of cf manipulations: 	4
	# of memory operations: 14
	# of types: 			226



Using pass: pass_replace_cond_selectors -- No improvement
	# of nodes: 			50
	# of irgs: 				2
	# of cf manipulations: 	4
	# of memory operations: 14
	# of types: 			226



Using pass: pass_libfirm_opt_blocks -- No improvement
	# of nodes: 			50
	# of irgs: 				2
	# of cf manipulations: 	4
	# of memory operations: 14
	# of types: 			226



Using pass: pass_libfirm_optimize_load_store -- No improvement
	# of nodes: 			50
	# of irgs: 				2
	# of cf manipulations: 	4
	# of memory operations: 14
	# of types: 			226



Using pass: pass_libfirm_optimize_cf -- No improvement
	# of nodes: 			50
	# of irgs: 				2
	# of cf manipulations: 	4
	# of memory operations: 14
	# of types: 			226



Using pass: pass_libfirm_optimize_load_store -- No improvement
	# of nodes: 			50
	# of irgs: 				2
	# of cf manipulations: 	4
	# of memory operations: 14
	# of types: 			226




 :: 2nd reduction cycle

Using pass: pass_gc_irgs_primitive -- Trying irg '_main' -- No improvement
Using pass: pass_gc_irgs_primitive -- Trying irg '_main' -- No improvement
Using pass: pass_gc_irgs_primitive -- Trying irg '_main' -- No improvement
Using pass: pass_gc_irgs_primitive -- Trying irg '_main' -- No improvement
Using pass: pass_libfirm_optimize_load_store -- Trying irg '_main' -- No improvement
Using pass: pass_gc_irgs_primitive -- Trying irg '_main' -- No improvement

______________________________

No further reduction possible.

Result:
	# of nodes: 			50
	# of irgs: 				2
	# of cf manipulations: 	4
	# of memory operations: 14
	# of types: 			226

2018-08-26 19:57:40