2018-08-28 14:59:45 -- Firmreduce -- Results

Initial Test-case size:
	# of nodes: 			14287
	# of irgs: 				101
	# of cf manipulations: 	759
	# of memory operations: 2362
	# of types: 			2818


Using pass: pass_libfirm_place_code
	 :: interestingness test failed on irg 'r_func_87' -- Successful
	# of nodes: 			14661
	# of irgs: 				101
	# of cf manipulations: 	946
	# of memory operations: 2362
	# of types: 			2818



Using pass: pass_replace_cond_selectors
	 :: interestingness test failed on irg 'r_func_87'
	 :: interestingness test failed on irg 'r_func_87'
	 :: interestingness test failed on irg 'r_func_87'
	 :: interestingness test failed on irg 'r_func_87'
	 :: interestingness test failed on irg 'r_func_87' -- Successful
	# of nodes: 			6785
	# of irgs: 				101
	# of cf manipulations: 	235
	# of memory operations: 1626
	# of types: 			2818



Using pass: pass_libfirm_opt_frame -- No improvement
	# of nodes: 			6785
	# of irgs: 				101
	# of cf manipulations: 	235
	# of memory operations: 1626
	# of types: 			2818



Using pass: pass_libfirm_opt_if_conv
	 :: interestingness test failed on irg 'r_func_87'
	 :: interestingness test failed on irg 'r_func_87' -- Successful
	# of nodes: 			6789
	# of irgs: 				101
	# of cf manipulations: 	236
	# of memory operations: 1626
	# of types: 			2818



Using pass: pass_libfirm_opt_tail_rec -- Successful
	# of nodes: 			6781
	# of irgs: 				101
	# of cf manipulations: 	234
	# of memory operations: 1626
	# of types: 			2818



Using pass: pass_libfirm_remove_unreachable -- No improvement
	# of nodes: 			6781
	# of irgs: 				101
	# of cf manipulations: 	234
	# of memory operations: 1626
	# of types: 			2818



Using pass: pass_libfirm_opt_ldst
	 :: Pass failed on irg 'r_func_71'
	 :: Pass failed on irg 'r_func_57'
	 :: Pass failed on irg 'r_func_72'
	 :: Pass failed on irg 'r_func_38'
	 :: Pass failed on irg 'r_func_61'
	 :: Pass failed on irg 'r_func_57'
	 :: Pass failed on irg 'r_func_39'
	 :: Pass failed on irg 'r_func_86'
	 :: Pass failed on irg 'r_func_33'
	 :: Pass failed on irg 'r_func_14'
	 :: Pass failed on irg 'r_func_83'
	 :: Pass failed on irg 'r_func_46'
	 :: Pass failed on irg 'r_func_20'
	 :: Pass failed on irg 'r_func_53'
	 :: Pass failed on irg 'r_func_21'
	 :: Pass failed on irg 'r_func_38'
	 :: Pass failed on irg 'r_func_61'
	 :: Pass failed on irg 'r_func_88'
	 :: Pass failed on irg 'r_func_41'
	 :: Pass failed on irg 'main'
	 :: Pass failed on irg 'r_func_78'
	 :: Pass failed on irg 'r_func_89'
	 :: Pass failed on irg 'r_func_96'
	 :: Pass failed on irg 'r_func_91'
	 :: Pass failed on irg 'r_func_22'
	 :: Pass failed on irg 'r_func_46'
	 :: Pass failed on irg 'r_func_85'
	 :: Pass failed on irg 'r_func_79'
	 :: Pass failed on irg 'r_func_92'
	 :: Pass failed on irg 'r_func_88'
	 :: Pass failed on irg 'r_func_56'
	 :: Pass failed on irg 'r_func_71'
	 :: Pass failed on irg 'r_func_20'
	 :: Pass failed on irg 'r_func_82'
	 :: Pass failed on irg 'r_func_15'
	 :: Pass failed on irg 'r_func_29'
	 :: Pass failed on irg 'r_func_3'
	 :: Pass failed on irg 'r_func_75'
	 :: Pass failed on irg 'r_func_23'
	 :: Pass failed on irg 'r_func_61'
	 :: Pass failed on irg 'r_func_36'
	 :: Pass failed on irg 'r_func_84'
	 :: Pass failed on irg 'r_func_31'
	 :: Pass failed on irg 'r_func_92'
	 :: Pass failed on irg 'r_func_59'
	 :: Pass failed on irg 'r_func_1'
	 :: Pass failed on irg 'r_func_72'
	 :: Pass failed on irg 'r_func_98'
	 :: Pass failed on irg 'r_func_97'
	 :: Pass failed on irg 'r_func_52'
	 :: Pass failed on irg 'r_func_59'
	 :: Pass failed on irg 'r_func_71'
	 :: Pass failed on irg 'r_func_31'
	 :: Pass failed on irg 'r_func_61'
	 :: Pass failed on irg 'r_func_77'
	 :: Pass failed on irg 'r_func_33'
	 :: Pass failed on irg 'r_func_60'
	 :: Pass failed on irg 'r_func_67'
	 :: Pass failed on irg 'r_func_78'
	 :: Pass failed on irg 'r_func_46'
	 :: Pass failed on irg 'r_func_70'
	 :: Pass failed on irg 'r_func_17'
	 :: Pass failed on irg 'r_func_86'
	 :: Pass failed on irg 'r_func_66'
	 :: Pass failed on irg 'r_func_93'
	 :: Pass failed on irg 'r_func_59'
	 :: Pass failed on irg 'r_func_65'
	 :: Pass failed on irg 'r_func_12'
	 :: Pass failed on irg 'r_func_41'
	 :: Pass failed on irg 'r_func_17'
	 :: Pass failed on irg 'r_func_26'
	 :: Pass failed on irg 'r_func_97'
	 :: Pass failed on irg 'r_func_32'
	 :: Pass failed on irg 'r_func_10'
	 :: Pass failed on irg 'r_func_54'
	 :: Pass failed on irg 'r_func_78'
	 :: Pass failed on irg 'r_func_3'
	 :: Pass failed on irg 'r_func_31'
	 :: Pass failed on irg 'r_func_75'
	 :: Pass failed on irg 'r_func_36'
	 :: Pass failed on irg 'r_func_46'
	 :: Pass failed on irg 'r_func_17'
	 :: Pass failed on irg 'r_func_57'
	 :: Pass failed on irg 'r_func_40'
	 :: Pass failed on irg 'r_func_35'
	 :: Pass failed on irg 'r_func_81'
	 :: Pass failed on irg 'r_func_39'
	 :: Pass failed on irg 'r_func_80'
	 :: Pass failed on irg 'r_func_39'
	 :: Pass failed on irg 'r_func_12'
	 :: Pass failed on irg 'r_func_46'
	 :: Pass failed on irg 'r_func_16'
	 :: Pass failed on irg 'r_func_17'
	 :: Pass failed on irg 'r_func_70'
	 :: Pass failed on irg 'r_func_76'
	 :: Pass failed on irg 'r_func_58'
	 :: Pass failed on irg 'r_func_99'
	 :: Pass failed on irg 'r_func_65'
	 :: Pass failed on irg 'r_func_36'
	 :: Pass failed on irg 'r_func_18'
	 :: Pass failed on irg 'r_func_94' -- No improvement
	# of nodes: 			6781
	# of irgs: 				101
	# of cf manipulations: 	234
	# of memory operations: 1626
	# of types: 			2818



Using pass: pass_replace_proj_primitive
	 :: interestingness test failed on irg 'r_func_87'
	 :: interestingness test failed on irg 'r_func_87'
	 :: interestingness test failed on irg 'r_func_87'
	 :: interestingness test failed on irg 'r_func_87' -- Successful
	# of nodes: 			5216
	# of irgs: 				101
	# of cf manipulations: 	217
	# of memory operations: 1559
	# of types: 			2818



Using pass: pass_libfirm_do_loop_unrolling
	 :: Pass failed on irg 'r_func_87'
	 :: Pass failed on irg 'r_func_87' -- No improvement
	# of nodes: 			5216
	# of irgs: 				101
	# of cf manipulations: 	217
	# of memory operations: 1559
	# of types: 			2818



Using pass: pass_libfirm_optimize_cf -- No improvement
	# of nodes: 			5216
	# of irgs: 				101
	# of cf manipulations: 	217
	# of memory operations: 1559
	# of types: 			2818



Using pass: pass_libfirm_do_loop_peeling
	 :: Pass failed on irg 'r_func_80'
	 :: Pass failed on irg 'r_func_31'
	 :: Pass failed on irg 'r_func_68'
	 :: Pass failed on irg 'r_func_84'
	 :: Pass failed on irg 'r_func_19'
	 :: Pass failed on irg 'r_func_80'
	 :: Pass failed on irg 'r_func_35'
	 :: Pass failed on irg 'r_func_3'
	 :: Pass failed on irg 'r_func_68'
	 :: Pass failed on irg 'r_func_3'
	 :: Pass failed on irg 'r_func_87'
	 :: Pass failed on irg 'r_func_64'
	 :: Pass failed on irg 'r_func_64'
	 :: Pass failed on irg 'r_func_87'
	 :: Pass failed on irg 'r_func_19'
	 :: Pass failed on irg 'r_func_80'
	 :: Pass failed on irg 'r_func_84' -- No improvement
	# of nodes: 			5216
	# of irgs: 				101
	# of cf manipulations: 	217
	# of memory operations: 1559
	# of types: 			2818



Using pass: pass_libfirm_opt_blocks -- No improvement
	# of nodes: 			5216
	# of irgs: 				101
	# of cf manipulations: 	217
	# of memory operations: 1559
	# of types: 			2818



Using pass: pass_libfirm_opt_bool -- No improvement
	# of nodes: 			5216
	# of irgs: 				101
	# of cf manipulations: 	217
	# of memory operations: 1559
	# of types: 			2818



Using pass: pass_libfirm_scalar_replacement_opt -- No improvement
	# of nodes: 			5216
	# of irgs: 				101
	# of cf manipulations: 	217
	# of memory operations: 1559
	# of types: 			2818



Using pass: pass_libfirm_optimize_load_store
	 :: interestingness test failed on irg 'r_func_87'
	 :: interestingness test failed on irg 'r_func_87' -- Successful
	# of nodes: 			4299
	# of irgs: 				101
	# of cf manipulations: 	217
	# of memory operations: 1223
	# of types: 			2818



Using pass: pass_libfirm_opt_funccalls -- Successful
	# of nodes: 			4268
	# of irgs: 				101
	# of cf manipulations: 	217
	# of memory operations: 1214
	# of types: 			2818



Using pass: pass_libfirm_optimize_graph_df
	 :: interestingness test failed on irg 'r_func_87'
	 :: interestingness test failed on irg 'r_func_87'
	 :: interestingness test failed on irg 'r_func_87' -- No improvement
	# of nodes: 			4268
	# of irgs: 				101
	# of cf manipulations: 	217
	# of memory operations: 1214
	# of types: 			2818



Using pass: pass_gc_irgs_primitive
	 :: interestingness test failed on irg 'r_func_87'
	 :: interestingness test failed on irg 'r_func_87'
	 :: interestingness test failed on irg 'r_func_87' -- Successful
	# of nodes: 			126
	# of irgs: 				2
	# of cf manipulations: 	9
	# of memory operations: 20
	# of types: 			2818



Using pass: pass_simplify_consts
	 :: interestingness test failed on irg 'r_func_87' -- No improvement
	# of nodes: 			126
	# of irgs: 				2
	# of cf manipulations: 	9
	# of memory operations: 20
	# of types: 			2818



Using pass: pass_replace_loads -- No improvement
	# of nodes: 			126
	# of irgs: 				2
	# of cf manipulations: 	9
	# of memory operations: 20
	# of types: 			2818



Using pass: pass_replace_mux_selectors -- No improvement
	# of nodes: 			126
	# of irgs: 				2
	# of cf manipulations: 	9
	# of memory operations: 20
	# of types: 			2818



Using pass: pass_libfirm_combo -- No improvement
	# of nodes: 			126
	# of irgs: 				2
	# of cf manipulations: 	9
	# of memory operations: 20
	# of types: 			2818



Using pass: pass_libfirm_remove_critical_cf_edges -- No improvement
	# of nodes: 			126
	# of irgs: 				2
	# of cf manipulations: 	9
	# of memory operations: 20
	# of types: 			2818



Using pass: pass_libfirm_optimize_reassociation -- No improvement
	# of nodes: 			126
	# of irgs: 				2
	# of cf manipulations: 	9
	# of memory operations: 20
	# of types: 			2818



Using pass: pass_libfirm_do_loop_inversion -- No improvement
	# of nodes: 			126
	# of irgs: 				2
	# of cf manipulations: 	9
	# of memory operations: 20
	# of types: 			2818



Using pass: pass_remove_allocs -- No improvement
	# of nodes: 			126
	# of irgs: 				2
	# of cf manipulations: 	9
	# of memory operations: 20
	# of types: 			2818



Using pass: pass_remove_stores -- No improvement
	# of nodes: 			126
	# of irgs: 				2
	# of cf manipulations: 	9
	# of memory operations: 20
	# of types: 			2818



Using pass: pass_gc_irgs -- No improvement
	# of nodes: 			126
	# of irgs: 				2
	# of cf manipulations: 	9
	# of memory operations: 20
	# of types: 			2818



Using pass: pass_replace_members -- No improvement
	# of nodes: 			126
	# of irgs: 				2
	# of cf manipulations: 	9
	# of memory operations: 20
	# of types: 			2818



Using pass: pass_libfirm_opt_jumpthreading
	 :: Pass failed on irg 'r_func_87' -- No improvement
	# of nodes: 			126
	# of irgs: 				2
	# of cf manipulations: 	9
	# of memory operations: 20
	# of types: 			2818



Using pass: pass_libfirm_remove_tuples -- No improvement
	# of nodes: 			126
	# of irgs: 				2
	# of cf manipulations: 	9
	# of memory operations: 20
	# of types: 			2818



Using pass: pass_libfirm_opt_parallelize_mem -- No improvement
	# of nodes: 			126
	# of irgs: 				2
	# of cf manipulations: 	9
	# of memory operations: 20
	# of types: 			2818



Using pass: pass_libfirm_gvn_pre -- No improvement
	# of nodes: 			126
	# of irgs: 				2
	# of cf manipulations: 	9
	# of memory operations: 20
	# of types: 			2818



Using pass: pass_libfirm_construct_confirms -- No improvement
	# of nodes: 			126
	# of irgs: 				2
	# of cf manipulations: 	9
	# of memory operations: 20
	# of types: 			2818



Using pass: pass_libfirm_normalize_one_return -- Successful
	# of nodes: 			130
	# of irgs: 				2
	# of cf manipulations: 	10
	# of memory operations: 20
	# of types: 			2818



Using pass: pass_gc_entitites -- No improvement
	# of nodes: 			130
	# of irgs: 				2
	# of cf manipulations: 	10
	# of memory operations: 20
	# of types: 			2818



Using pass: pass_replace_arithmetic -- No improvement
	# of nodes: 			130
	# of irgs: 				2
	# of cf manipulations: 	10
	# of memory operations: 20
	# of types: 			2818



Using pass: pass_libfirm_remove_bads -- No improvement
	# of nodes: 			130
	# of irgs: 				2
	# of cf manipulations: 	10
	# of memory operations: 20
	# of types: 			2818



Using pass: pass_check_validity -- No improvement
	# of nodes: 			130
	# of irgs: 				2
	# of cf manipulations: 	10
	# of memory operations: 20
	# of types: 			2818



Using pass: pass_remove_void_calls
	 :: Pass failed on irg 'r_func_87'
	 :: Pass failed on irg 'r_func_87' -- No improvement
	# of nodes: 			130
	# of irgs: 				2
	# of cf manipulations: 	10
	# of memory operations: 20
	# of types: 			2818



Using pass: pass_replace_switch_selectors -- No improvement
	# of nodes: 			130
	# of irgs: 				2
	# of cf manipulations: 	10
	# of memory operations: 20
	# of types: 			2818



Using pass: pass_replace_return_values
	 :: interestingness test failed on irg 'r_func_87' -- No improvement
	# of nodes: 			130
	# of irgs: 				2
	# of cf manipulations: 	10
	# of memory operations: 20
	# of types: 			2818



Using pass: pass_libfirm_normalize_n_returns -- Successful
	# of nodes: 			126
	# of irgs: 				2
	# of cf manipulations: 	9
	# of memory operations: 20
	# of types: 			2818



Using pass: pass_libfirm_conv_opt
	 :: interestingness test failed on irg 'r_func_87' -- No improvement
	# of nodes: 			126
	# of irgs: 				2
	# of cf manipulations: 	9
	# of memory operations: 20
	# of types: 			2818



Using pass: pass_libfirm_occult_consts -- No improvement
	# of nodes: 			126
	# of irgs: 				2
	# of cf manipulations: 	9
	# of memory operations: 20
	# of types: 			2818



Using pass: pass_libfirm_dead_code_elimination -- No improvement
	# of nodes: 			126
	# of irgs: 				2
	# of cf manipulations: 	9
	# of memory operations: 20
	# of types: 			2818



Using pass: pass_libfirm_remove_critical_cf_edges
	 :: interestingness test failed on irg 'r_func_87' -- No improvement
	# of nodes: 			126
	# of irgs: 				2
	# of cf manipulations: 	9
	# of memory operations: 20
	# of types: 			2818



Using pass: pass_libfirm_do_loop_peeling
	 :: Pass failed on irg 'r_func_87' -- No improvement
	# of nodes: 			126
	# of irgs: 				2
	# of cf manipulations: 	9
	# of memory operations: 20
	# of types: 			2818



Using pass: pass_libfirm_do_loop_inversion -- No improvement
	# of nodes: 			126
	# of irgs: 				2
	# of cf manipulations: 	9
	# of memory operations: 20
	# of types: 			2818



Using pass: pass_libfirm_optimize_cf
	 :: interestingness test failed on irg 'r_func_87' -- No improvement
	# of nodes: 			126
	# of irgs: 				2
	# of cf manipulations: 	9
	# of memory operations: 20
	# of types: 			2818



Using pass: pass_libfirm_opt_jumpthreading
	 :: Pass failed on irg 'r_func_87' -- No improvement
	# of nodes: 			126
	# of irgs: 				2
	# of cf manipulations: 	9
	# of memory operations: 20
	# of types: 			2818



Using pass: pass_replace_return_values -- No improvement
	# of nodes: 			126
	# of irgs: 				2
	# of cf manipulations: 	9
	# of memory operations: 20
	# of types: 			2818



Using pass: pass_libfirm_normalize_one_return -- Successful
	# of nodes: 			130
	# of irgs: 				2
	# of cf manipulations: 	10
	# of memory operations: 20
	# of types: 			2818



Using pass: pass_gc_irgs_primitive
	 :: interestingness test failed on irg 'r_func_87' -- No improvement
	# of nodes: 			130
	# of irgs: 				2
	# of cf manipulations: 	10
	# of memory operations: 20
	# of types: 			2818



Using pass: pass_libfirm_construct_confirms
	 :: interestingness test failed on irg 'r_func_87' -- No improvement
	# of nodes: 			130
	# of irgs: 				2
	# of cf manipulations: 	10
	# of memory operations: 20
	# of types: 			2818



Using pass: pass_libfirm_combo
	 :: interestingness test failed on irg 'r_func_87' -- No improvement
	# of nodes: 			130
	# of irgs: 				2
	# of cf manipulations: 	10
	# of memory operations: 20
	# of types: 			2818



Using pass: pass_libfirm_opt_bool -- No improvement
	# of nodes: 			130
	# of irgs: 				2
	# of cf manipulations: 	10
	# of memory operations: 20
	# of types: 			2818



Using pass: pass_gc_entitites -- No improvement
	# of nodes: 			130
	# of irgs: 				2
	# of cf manipulations: 	10
	# of memory operations: 20
	# of types: 			2818



Using pass: pass_replace_switch_selectors -- No improvement
	# of nodes: 			130
	# of irgs: 				2
	# of cf manipulations: 	10
	# of memory operations: 20
	# of types: 			2818



Using pass: pass_remove_void_calls
	 :: Pass failed on irg 'r_func_87' -- No improvement
	# of nodes: 			130
	# of irgs: 				2
	# of cf manipulations: 	10
	# of memory operations: 20
	# of types: 			2818



Using pass: pass_replace_mux_selectors -- No improvement
	# of nodes: 			130
	# of irgs: 				2
	# of cf manipulations: 	10
	# of memory operations: 20
	# of types: 			2818



Using pass: pass_libfirm_optimize_graph_df -- No improvement
	# of nodes: 			130
	# of irgs: 				2
	# of cf manipulations: 	10
	# of memory operations: 20
	# of types: 			2818



Using pass: pass_libfirm_opt_blocks -- Successful
	# of nodes: 			126
	# of irgs: 				2
	# of cf manipulations: 	9
	# of memory operations: 20
	# of types: 			2818



Using pass: pass_remove_allocs -- No improvement
	# of nodes: 			126
	# of irgs: 				2
	# of cf manipulations: 	9
	# of memory operations: 20
	# of types: 			2818



Using pass: pass_libfirm_opt_if_conv
	 :: interestingness test failed on irg 'r_func_87' -- No improvement
	# of nodes: 			126
	# of irgs: 				2
	# of cf manipulations: 	9
	# of memory operations: 20
	# of types: 			2818



Using pass: pass_libfirm_opt_funccalls -- No improvement
	# of nodes: 			126
	# of irgs: 				2
	# of cf manipulations: 	9
	# of memory operations: 20
	# of types: 			2818



Using pass: pass_remove_stores
	 :: interestingness test failed on irg 'r_func_87' -- No improvement
	# of nodes: 			126
	# of irgs: 				2
	# of cf manipulations: 	9
	# of memory operations: 20
	# of types: 			2818



Using pass: pass_libfirm_do_loop_unrolling -- No improvement
	# of nodes: 			126
	# of irgs: 				2
	# of cf manipulations: 	9
	# of memory operations: 20
	# of types: 			2818



Using pass: pass_libfirm_opt_ldst
	 :: Pass failed on irg 'main'
	 :: Pass failed on irg 'main' -- No improvement
	# of nodes: 			126
	# of irgs: 				2
	# of cf manipulations: 	9
	# of memory operations: 20
	# of types: 			2818



Using pass: pass_libfirm_place_code
	 :: interestingness test failed on irg 'r_func_87' -- No improvement
	# of nodes: 			126
	# of irgs: 				2
	# of cf manipulations: 	9
	# of memory operations: 20
	# of types: 			2818



Using pass: pass_replace_members -- No improvement
	# of nodes: 			126
	# of irgs: 				2
	# of cf manipulations: 	9
	# of memory operations: 20
	# of types: 			2818



Using pass: pass_libfirm_occult_consts
	 :: interestingness test failed on irg 'r_func_87' -- No improvement
	# of nodes: 			126
	# of irgs: 				2
	# of cf manipulations: 	9
	# of memory operations: 20
	# of types: 			2818



Using pass: pass_libfirm_gvn_pre
	 :: interestingness test failed on irg 'r_func_87' -- No improvement
	# of nodes: 			126
	# of irgs: 				2
	# of cf manipulations: 	9
	# of memory operations: 20
	# of types: 			2818



Using pass: pass_check_validity -- No improvement
	# of nodes: 			126
	# of irgs: 				2
	# of cf manipulations: 	9
	# of memory operations: 20
	# of types: 			2818



Using pass: pass_libfirm_optimize_load_store
	 :: interestingness test failed on irg 'r_func_87' -- No improvement
	# of nodes: 			126
	# of irgs: 				2
	# of cf manipulations: 	9
	# of memory operations: 20
	# of types: 			2818



Using pass: pass_simplify_consts
	 :: interestingness test failed on irg 'r_func_87' -- No improvement
	# of nodes: 			126
	# of irgs: 				2
	# of cf manipulations: 	9
	# of memory operations: 20
	# of types: 			2818



Using pass: pass_replace_cond_selectors
	 :: interestingness test failed on irg 'r_func_87' -- No improvement
	# of nodes: 			126
	# of irgs: 				2
	# of cf manipulations: 	9
	# of memory operations: 20
	# of types: 			2818



Using pass: pass_libfirm_opt_frame -- No improvement
	# of nodes: 			126
	# of irgs: 				2
	# of cf manipulations: 	9
	# of memory operations: 20
	# of types: 			2818



Using pass: pass_libfirm_remove_tuples -- No improvement
	# of nodes: 			126
	# of irgs: 				2
	# of cf manipulations: 	9
	# of memory operations: 20
	# of types: 			2818



Using pass: pass_libfirm_opt_parallelize_mem -- Successful
	# of nodes: 			127
	# of irgs: 				2
	# of cf manipulations: 	9
	# of memory operations: 20
	# of types: 			2818



Using pass: pass_replace_proj_primitive -- No improvement
	# of nodes: 			127
	# of irgs: 				2
	# of cf manipulations: 	9
	# of memory operations: 20
	# of types: 			2818



Using pass: pass_replace_loads
	 :: Pass failed on irg 'r_func_87'
	 :: Pass failed on irg 'r_func_87' -- No improvement
	# of nodes: 			127
	# of irgs: 				2
	# of cf manipulations: 	9
	# of memory operations: 20
	# of types: 			2818



Using pass: pass_replace_arithmetic
	 :: interestingness test failed on irg 'r_func_87' -- No improvement
	# of nodes: 			127
	# of irgs: 				2
	# of cf manipulations: 	9
	# of memory operations: 20
	# of types: 			2818



Using pass: pass_gc_irgs -- No improvement
	# of nodes: 			127
	# of irgs: 				2
	# of cf manipulations: 	9
	# of memory operations: 20
	# of types: 			2818



Using pass: pass_libfirm_dead_code_elimination -- No improvement
	# of nodes: 			127
	# of irgs: 				2
	# of cf manipulations: 	9
	# of memory operations: 20
	# of types: 			2818



Using pass: pass_libfirm_remove_unreachable -- No improvement
	# of nodes: 			127
	# of irgs: 				2
	# of cf manipulations: 	9
	# of memory operations: 20
	# of types: 			2818



Using pass: pass_libfirm_conv_opt -- No improvement
	# of nodes: 			127
	# of irgs: 				2
	# of cf manipulations: 	9
	# of memory operations: 20
	# of types: 			2818



Using pass: pass_libfirm_normalize_n_returns -- No improvement
	# of nodes: 			127
	# of irgs: 				2
	# of cf manipulations: 	9
	# of memory operations: 20
	# of types: 			2818



Using pass: pass_libfirm_scalar_replacement_opt -- No improvement
	# of nodes: 			127
	# of irgs: 				2
	# of cf manipulations: 	9
	# of memory operations: 20
	# of types: 			2818



Using pass: pass_libfirm_remove_bads -- No improvement
	# of nodes: 			127
	# of irgs: 				2
	# of cf manipulations: 	9
	# of memory operations: 20
	# of types: 			2818



Using pass: pass_libfirm_optimize_reassociation -- No improvement
	# of nodes: 			127
	# of irgs: 				2
	# of cf manipulations: 	9
	# of memory operations: 20
	# of types: 			2818



Using pass: pass_libfirm_opt_tail_rec -- No improvement
	# of nodes: 			127
	# of irgs: 				2
	# of cf manipulations: 	9
	# of memory operations: 20
	# of types: 			2818



Using pass: pass_libfirm_conv_opt
	 :: interestingness test failed on irg 'r_func_87' -- No improvement
	# of nodes: 			127
	# of irgs: 				2
	# of cf manipulations: 	9
	# of memory operations: 20
	# of types: 			2818



Using pass: pass_gc_entitites -- No improvement
	# of nodes: 			127
	# of irgs: 				2
	# of cf manipulations: 	9
	# of memory operations: 20
	# of types: 			2818



Using pass: pass_libfirm_construct_confirms
	 :: interestingness test failed on irg 'r_func_87' -- No improvement
	# of nodes: 			127
	# of irgs: 				2
	# of cf manipulations: 	9
	# of memory operations: 20
	# of types: 			2818



Using pass: pass_libfirm_dead_code_elimination -- No improvement
	# of nodes: 			127
	# of irgs: 				2
	# of cf manipulations: 	9
	# of memory operations: 20
	# of types: 			2818



Using pass: pass_libfirm_do_loop_unrolling
	 :: Pass failed on irg 'r_func_87'
	 :: Pass failed on irg 'r_func_87' -- No improvement
	# of nodes: 			127
	# of irgs: 				2
	# of cf manipulations: 	9
	# of memory operations: 20
	# of types: 			2818



Using pass: pass_libfirm_normalize_n_returns -- No improvement
	# of nodes: 			127
	# of irgs: 				2
	# of cf manipulations: 	9
	# of memory operations: 20
	# of types: 			2818



Using pass: pass_replace_return_values -- No improvement
	# of nodes: 			127
	# of irgs: 				2
	# of cf manipulations: 	9
	# of memory operations: 20
	# of types: 			2818



Using pass: pass_libfirm_remove_critical_cf_edges
	 :: interestingness test failed on irg 'r_func_87' -- No improvement
	# of nodes: 			127
	# of irgs: 				2
	# of cf manipulations: 	9
	# of memory operations: 20
	# of types: 			2818



Using pass: pass_libfirm_opt_jumpthreading
	 :: Pass failed on irg 'r_func_87' -- No improvement
	# of nodes: 			127
	# of irgs: 				2
	# of cf manipulations: 	9
	# of memory operations: 20
	# of types: 			2818



Using pass: pass_replace_mux_selectors -- No improvement
	# of nodes: 			127
	# of irgs: 				2
	# of cf manipulations: 	9
	# of memory operations: 20
	# of types: 			2818



Using pass: pass_libfirm_optimize_cf -- No improvement
	# of nodes: 			127
	# of irgs: 				2
	# of cf manipulations: 	9
	# of memory operations: 20
	# of types: 			2818



Using pass: pass_replace_arithmetic
	 :: interestingness test failed on irg 'r_func_87' -- No improvement
	# of nodes: 			127
	# of irgs: 				2
	# of cf manipulations: 	9
	# of memory operations: 20
	# of types: 			2818



Using pass: pass_libfirm_opt_parallelize_mem -- No improvement
	# of nodes: 			127
	# of irgs: 				2
	# of cf manipulations: 	9
	# of memory operations: 20
	# of types: 			2818



Using pass: pass_gc_irgs -- No improvement
	# of nodes: 			127
	# of irgs: 				2
	# of cf manipulations: 	9
	# of memory operations: 20
	# of types: 			2818



Using pass: pass_gc_irgs_primitive
	 :: interestingness test failed on irg 'r_func_87' -- No improvement
	# of nodes: 			127
	# of irgs: 				2
	# of cf manipulations: 	9
	# of memory operations: 20
	# of types: 			2818



Using pass: pass_replace_proj_primitive -- No improvement
	# of nodes: 			127
	# of irgs: 				2
	# of cf manipulations: 	9
	# of memory operations: 20
	# of types: 			2818



Using pass: pass_simplify_consts
	 :: interestingness test failed on irg 'r_func_87' -- No improvement
	# of nodes: 			127
	# of irgs: 				2
	# of cf manipulations: 	9
	# of memory operations: 20
	# of types: 			2818



Using pass: pass_replace_loads
	 :: Pass failed on irg 'r_func_87'
	 :: Pass failed on irg 'r_func_87' -- No improvement
	# of nodes: 			127
	# of irgs: 				2
	# of cf manipulations: 	9
	# of memory operations: 20
	# of types: 			2818



Using pass: pass_libfirm_combo
	 :: interestingness test failed on irg 'r_func_87' -- No improvement
	# of nodes: 			127
	# of irgs: 				2
	# of cf manipulations: 	9
	# of memory operations: 20
	# of types: 			2818



Using pass: pass_libfirm_opt_tail_rec -- No improvement
	# of nodes: 			127
	# of irgs: 				2
	# of cf manipulations: 	9
	# of memory operations: 20
	# of types: 			2818



Using pass: pass_libfirm_opt_blocks -- No improvement
	# of nodes: 			127
	# of irgs: 				2
	# of cf manipulations: 	9
	# of memory operations: 20
	# of types: 			2818



Using pass: pass_libfirm_optimize_reassociation -- No improvement
	# of nodes: 			127
	# of irgs: 				2
	# of cf manipulations: 	9
	# of memory operations: 20
	# of types: 			2818



Using pass: pass_replace_cond_selectors
	 :: interestingness test failed on irg 'r_func_87' -- No improvement
	# of nodes: 			127
	# of irgs: 				2
	# of cf manipulations: 	9
	# of memory operations: 20
	# of types: 			2818



Using pass: pass_libfirm_remove_tuples -- No improvement
	# of nodes: 			127
	# of irgs: 				2
	# of cf manipulations: 	9
	# of memory operations: 20
	# of types: 			2818



Using pass: pass_libfirm_occult_consts -- No improvement
	# of nodes: 			127
	# of irgs: 				2
	# of cf manipulations: 	9
	# of memory operations: 20
	# of types: 			2818



Using pass: pass_libfirm_opt_bool -- No improvement
	# of nodes: 			127
	# of irgs: 				2
	# of cf manipulations: 	9
	# of memory operations: 20
	# of types: 			2818



Using pass: pass_libfirm_remove_unreachable -- No improvement
	# of nodes: 			127
	# of irgs: 				2
	# of cf manipulations: 	9
	# of memory operations: 20
	# of types: 			2818



Using pass: pass_remove_void_calls
	 :: Pass failed on irg 'r_func_87' -- No improvement
	# of nodes: 			127
	# of irgs: 				2
	# of cf manipulations: 	9
	# of memory operations: 20
	# of types: 			2818



Using pass: pass_libfirm_opt_funccalls -- No improvement
	# of nodes: 			127
	# of irgs: 				2
	# of cf manipulations: 	9
	# of memory operations: 20
	# of types: 			2818



Using pass: pass_libfirm_do_loop_inversion -- No improvement
	# of nodes: 			127
	# of irgs: 				2
	# of cf manipulations: 	9
	# of memory operations: 20
	# of types: 			2818



Using pass: pass_replace_switch_selectors -- No improvement
	# of nodes: 			127
	# of irgs: 				2
	# of cf manipulations: 	9
	# of memory operations: 20
	# of types: 			2818



Using pass: pass_remove_stores
	 :: interestingness test failed on irg 'r_func_87' -- No improvement
	# of nodes: 			127
	# of irgs: 				2
	# of cf manipulations: 	9
	# of memory operations: 20
	# of types: 			2818



Using pass: pass_libfirm_place_code
	 :: interestingness test failed on irg 'r_func_87' -- No improvement
	# of nodes: 			127
	# of irgs: 				2
	# of cf manipulations: 	9
	# of memory operations: 20
	# of types: 			2818



Using pass: pass_replace_members -- No improvement
	# of nodes: 			127
	# of irgs: 				2
	# of cf manipulations: 	9
	# of memory operations: 20
	# of types: 			2818



Using pass: pass_libfirm_optimize_graph_df
	 :: interestingness test failed on irg 'r_func_87' -- No improvement
	# of nodes: 			127
	# of irgs: 				2
	# of cf manipulations: 	9
	# of memory operations: 20
	# of types: 			2818



Using pass: pass_libfirm_gvn_pre -- No improvement
	# of nodes: 			127
	# of irgs: 				2
	# of cf manipulations: 	9
	# of memory operations: 20
	# of types: 			2818



Using pass: pass_libfirm_normalize_one_return -- Successful
	# of nodes: 			131
	# of irgs: 				2
	# of cf manipulations: 	10
	# of memory operations: 20
	# of types: 			2818



Using pass: pass_remove_allocs -- No improvement
	# of nodes: 			131
	# of irgs: 				2
	# of cf manipulations: 	10
	# of memory operations: 20
	# of types: 			2818



Using pass: pass_libfirm_optimize_load_store
	 :: interestingness test failed on irg 'r_func_87' -- No improvement
	# of nodes: 			131
	# of irgs: 				2
	# of cf manipulations: 	10
	# of memory operations: 20
	# of types: 			2818



Using pass: pass_libfirm_scalar_replacement_opt -- No improvement
	# of nodes: 			131
	# of irgs: 				2
	# of cf manipulations: 	10
	# of memory operations: 20
	# of types: 			2818



Using pass: pass_libfirm_do_loop_peeling
	 :: Pass failed on irg 'r_func_87' -- No improvement
	# of nodes: 			131
	# of irgs: 				2
	# of cf manipulations: 	10
	# of memory operations: 20
	# of types: 			2818



Using pass: pass_libfirm_opt_frame -- No improvement
	# of nodes: 			131
	# of irgs: 				2
	# of cf manipulations: 	10
	# of memory operations: 20
	# of types: 			2818



Using pass: pass_libfirm_remove_bads -- No improvement
	# of nodes: 			131
	# of irgs: 				2
	# of cf manipulations: 	10
	# of memory operations: 20
	# of types: 			2818



Using pass: pass_libfirm_opt_ldst
	 :: Pass failed on irg 'r_func_87'
	 :: Pass failed on irg 'main' -- No improvement
	# of nodes: 			131
	# of irgs: 				2
	# of cf manipulations: 	10
	# of memory operations: 20
	# of types: 			2818



Using pass: pass_libfirm_opt_if_conv
	 :: interestingness test failed on irg 'r_func_87' -- No improvement
	# of nodes: 			131
	# of irgs: 				2
	# of cf manipulations: 	10
	# of memory operations: 20
	# of types: 			2818



Using pass: pass_check_validity -- No improvement
	# of nodes: 			131
	# of irgs: 				2
	# of cf manipulations: 	10
	# of memory operations: 20
	# of types: 			2818



Using pass: pass_libfirm_optimize_cf
	 :: interestingness test failed on irg 'r_func_87' -- No improvement
	# of nodes: 			131
	# of irgs: 				2
	# of cf manipulations: 	10
	# of memory operations: 20
	# of types: 			2818



Using pass: pass_libfirm_remove_unreachable -- No improvement
	# of nodes: 			131
	# of irgs: 				2
	# of cf manipulations: 	10
	# of memory operations: 20
	# of types: 			2818



Using pass: pass_libfirm_optimize_load_store
	 :: interestingness test failed on irg 'r_func_87' -- No improvement
	# of nodes: 			131
	# of irgs: 				2
	# of cf manipulations: 	10
	# of memory operations: 20
	# of types: 			2818



Using pass: pass_replace_return_values
	 :: interestingness test failed on irg 'r_func_87' -- No improvement
	# of nodes: 			131
	# of irgs: 				2
	# of cf manipulations: 	10
	# of memory operations: 20
	# of types: 			2818



Using pass: pass_libfirm_opt_parallelize_mem -- No improvement
	# of nodes: 			131
	# of irgs: 				2
	# of cf manipulations: 	10
	# of memory operations: 20
	# of types: 			2818



Using pass: pass_check_validity -- No improvement
	# of nodes: 			131
	# of irgs: 				2
	# of cf manipulations: 	10
	# of memory operations: 20
	# of types: 			2818



Using pass: pass_replace_switch_selectors -- No improvement
	# of nodes: 			131
	# of irgs: 				2
	# of cf manipulations: 	10
	# of memory operations: 20
	# of types: 			2818



Using pass: pass_replace_mux_selectors -- No improvement
	# of nodes: 			131
	# of irgs: 				2
	# of cf manipulations: 	10
	# of memory operations: 20
	# of types: 			2818



Using pass: pass_remove_allocs -- No improvement
	# of nodes: 			131
	# of irgs: 				2
	# of cf manipulations: 	10
	# of memory operations: 20
	# of types: 			2818



Using pass: pass_libfirm_opt_funccalls -- No improvement
	# of nodes: 			131
	# of irgs: 				2
	# of cf manipulations: 	10
	# of memory operations: 20
	# of types: 			2818



Using pass: pass_libfirm_opt_blocks -- Successful
	# of nodes: 			127
	# of irgs: 				2
	# of cf manipulations: 	9
	# of memory operations: 20
	# of types: 			2818



Using pass: pass_libfirm_construct_confirms -- No improvement
	# of nodes: 			127
	# of irgs: 				2
	# of cf manipulations: 	9
	# of memory operations: 20
	# of types: 			2818



Using pass: pass_libfirm_optimize_reassociation -- No improvement
	# of nodes: 			127
	# of irgs: 				2
	# of cf manipulations: 	9
	# of memory operations: 20
	# of types: 			2818



Using pass: pass_libfirm_remove_tuples -- No improvement
	# of nodes: 			127
	# of irgs: 				2
	# of cf manipulations: 	9
	# of memory operations: 20
	# of types: 			2818



Using pass: pass_remove_stores
	 :: interestingness test failed on irg 'r_func_87' -- No improvement
	# of nodes: 			127
	# of irgs: 				2
	# of cf manipulations: 	9
	# of memory operations: 20
	# of types: 			2818



Using pass: pass_libfirm_do_loop_unrolling
	 :: Pass failed on irg 'r_func_87'
	 :: Pass failed on irg 'r_func_87' -- No improvement
	# of nodes: 			127
	# of irgs: 				2
	# of cf manipulations: 	9
	# of memory operations: 20
	# of types: 			2818



Using pass: pass_libfirm_optimize_graph_df
	 :: interestingness test failed on irg 'r_func_87' -- No improvement
	# of nodes: 			127
	# of irgs: 				2
	# of cf manipulations: 	9
	# of memory operations: 20
	# of types: 			2818



Using pass: pass_remove_void_calls
	 :: Pass failed on irg 'r_func_87' -- No improvement
	# of nodes: 			127
	# of irgs: 				2
	# of cf manipulations: 	9
	# of memory operations: 20
	# of types: 			2818



Using pass: pass_simplify_consts
	 :: interestingness test failed on irg 'r_func_87' -- No improvement
	# of nodes: 			127
	# of irgs: 				2
	# of cf manipulations: 	9
	# of memory operations: 20
	# of types: 			2818



Using pass: pass_replace_members -- No improvement
	# of nodes: 			127
	# of irgs: 				2
	# of cf manipulations: 	9
	# of memory operations: 20
	# of types: 			2818



Using pass: pass_libfirm_dead_code_elimination -- No improvement
	# of nodes: 			127
	# of irgs: 				2
	# of cf manipulations: 	9
	# of memory operations: 20
	# of types: 			2818



Using pass: pass_gc_entitites -- No improvement
	# of nodes: 			127
	# of irgs: 				2
	# of cf manipulations: 	9
	# of memory operations: 20
	# of types: 			2818



Using pass: pass_replace_proj_primitive
	 :: interestingness test failed on irg 'r_func_87' -- No improvement
	# of nodes: 			127
	# of irgs: 				2
	# of cf manipulations: 	9
	# of memory operations: 20
	# of types: 			2818



Using pass: pass_libfirm_place_code -- No improvement
	# of nodes: 			127
	# of irgs: 				2
	# of cf manipulations: 	9
	# of memory operations: 20
	# of types: 			2818



Using pass: pass_replace_loads
	 :: Pass failed on irg 'r_func_87' -- No improvement
	# of nodes: 			127
	# of irgs: 				2
	# of cf manipulations: 	9
	# of memory operations: 20
	# of types: 			2818



Using pass: pass_gc_irgs -- No improvement
	# of nodes: 			127
	# of irgs: 				2
	# of cf manipulations: 	9
	# of memory operations: 20
	# of types: 			2818



Using pass: pass_libfirm_normalize_n_returns -- No improvement
	# of nodes: 			127
	# of irgs: 				2
	# of cf manipulations: 	9
	# of memory operations: 20
	# of types: 			2818



Using pass: pass_replace_arithmetic
	 :: interestingness test failed on irg 'r_func_87' -- No improvement
	# of nodes: 			127
	# of irgs: 				2
	# of cf manipulations: 	9
	# of memory operations: 20
	# of types: 			2818



Using pass: pass_replace_cond_selectors -- No improvement
	# of nodes: 			127
	# of irgs: 				2
	# of cf manipulations: 	9
	# of memory operations: 20
	# of types: 			2818



Using pass: pass_libfirm_conv_opt -- No improvement
	# of nodes: 			127
	# of irgs: 				2
	# of cf manipulations: 	9
	# of memory operations: 20
	# of types: 			2818



Using pass: pass_libfirm_opt_bool -- No improvement
	# of nodes: 			127
	# of irgs: 				2
	# of cf manipulations: 	9
	# of memory operations: 20
	# of types: 			2818



Using pass: pass_libfirm_scalar_replacement_opt -- No improvement
	# of nodes: 			127
	# of irgs: 				2
	# of cf manipulations: 	9
	# of memory operations: 20
	# of types: 			2818



Using pass: pass_libfirm_remove_bads -- No improvement
	# of nodes: 			127
	# of irgs: 				2
	# of cf manipulations: 	9
	# of memory operations: 20
	# of types: 			2818



Using pass: pass_libfirm_opt_if_conv
	 :: interestingness test failed on irg 'r_func_87' -- No improvement
	# of nodes: 			127
	# of irgs: 				2
	# of cf manipulations: 	9
	# of memory operations: 20
	# of types: 			2818



Using pass: pass_gc_irgs_primitive -- No improvement
	# of nodes: 			127
	# of irgs: 				2
	# of cf manipulations: 	9
	# of memory operations: 20
	# of types: 			2818



Using pass: pass_libfirm_do_loop_peeling
	 :: Pass failed on irg 'r_func_87' -- No improvement
	# of nodes: 			127
	# of irgs: 				2
	# of cf manipulations: 	9
	# of memory operations: 20
	# of types: 			2818



Using pass: pass_libfirm_remove_critical_cf_edges
	 :: interestingness test failed on irg 'r_func_87' -- No improvement
	# of nodes: 			127
	# of irgs: 				2
	# of cf manipulations: 	9
	# of memory operations: 20
	# of types: 			2818



Using pass: pass_libfirm_normalize_one_return -- Successful
	# of nodes: 			131
	# of irgs: 				2
	# of cf manipulations: 	10
	# of memory operations: 20
	# of types: 			2818



Using pass: pass_libfirm_combo -- No improvement
	# of nodes: 			131
	# of irgs: 				2
	# of cf manipulations: 	10
	# of memory operations: 20
	# of types: 			2818



Using pass: pass_libfirm_opt_ldst
	 :: Pass failed on irg 'r_func_87'
	 :: Pass failed on irg 'r_func_87' -- No improvement
	# of nodes: 			131
	# of irgs: 				2
	# of cf manipulations: 	10
	# of memory operations: 20
	# of types: 			2818



Using pass: pass_libfirm_opt_jumpthreading
	 :: Pass failed on irg 'r_func_87'
	 :: Pass failed on irg 'r_func_87' -- No improvement
	# of nodes: 			131
	# of irgs: 				2
	# of cf manipulations: 	10
	# of memory operations: 20
	# of types: 			2818



Using pass: pass_libfirm_occult_consts
	 :: interestingness test failed on irg 'r_func_87' -- No improvement
	# of nodes: 			131
	# of irgs: 				2
	# of cf manipulations: 	10
	# of memory operations: 20
	# of types: 			2818



Using pass: pass_libfirm_opt_tail_rec -- No improvement
	# of nodes: 			131
	# of irgs: 				2
	# of cf manipulations: 	10
	# of memory operations: 20
	# of types: 			2818



Using pass: pass_libfirm_opt_frame -- No improvement
	# of nodes: 			131
	# of irgs: 				2
	# of cf manipulations: 	10
	# of memory operations: 20
	# of types: 			2818



Using pass: pass_libfirm_gvn_pre
	 :: interestingness test failed on irg 'r_func_87' -- No improvement
	# of nodes: 			131
	# of irgs: 				2
	# of cf manipulations: 	10
	# of memory operations: 20
	# of types: 			2818



Using pass: pass_libfirm_do_loop_inversion -- No improvement
	# of nodes: 			131
	# of irgs: 				2
	# of cf manipulations: 	10
	# of memory operations: 20
	# of types: 			2818



Using pass: pass_libfirm_remove_critical_cf_edges -- No improvement
	# of nodes: 			131
	# of irgs: 				2
	# of cf manipulations: 	10
	# of memory operations: 20
	# of types: 			2818



Using pass: pass_remove_stores -- No improvement
	# of nodes: 			131
	# of irgs: 				2
	# of cf manipulations: 	10
	# of memory operations: 20
	# of types: 			2818



Using pass: pass_libfirm_dead_code_elimination -- No improvement
	# of nodes: 			131
	# of irgs: 				2
	# of cf manipulations: 	10
	# of memory operations: 20
	# of types: 			2818



Using pass: pass_libfirm_scalar_replacement_opt -- No improvement
	# of nodes: 			131
	# of irgs: 				2
	# of cf manipulations: 	10
	# of memory operations: 20
	# of types: 			2818



Using pass: pass_libfirm_opt_funccalls -- No improvement
	# of nodes: 			131
	# of irgs: 				2
	# of cf manipulations: 	10
	# of memory operations: 20
	# of types: 			2818



Using pass: pass_gc_irgs_primitive
	 :: interestingness test failed on irg 'r_func_87' -- No improvement
	# of nodes: 			131
	# of irgs: 				2
	# of cf manipulations: 	10
	# of memory operations: 20
	# of types: 			2818



Using pass: pass_libfirm_remove_bads -- No improvement
	# of nodes: 			131
	# of irgs: 				2
	# of cf manipulations: 	10
	# of memory operations: 20
	# of types: 			2818



Using pass: pass_libfirm_opt_bool -- No improvement
	# of nodes: 			131
	# of irgs: 				2
	# of cf manipulations: 	10
	# of memory operations: 20
	# of types: 			2818



Using pass: pass_libfirm_normalize_n_returns -- No improvement
	# of nodes: 			131
	# of irgs: 				2
	# of cf manipulations: 	10
	# of memory operations: 20
	# of types: 			2818



Using pass: pass_libfirm_remove_tuples -- No improvement
	# of nodes: 			131
	# of irgs: 				2
	# of cf manipulations: 	10
	# of memory operations: 20
	# of types: 			2818



Using pass: pass_gc_irgs -- No improvement
	# of nodes: 			131
	# of irgs: 				2
	# of cf manipulations: 	10
	# of memory operations: 20
	# of types: 			2818



Using pass: pass_libfirm_normalize_one_return -- No improvement
	# of nodes: 			131
	# of irgs: 				2
	# of cf manipulations: 	10
	# of memory operations: 20
	# of types: 			2818



Using pass: pass_libfirm_opt_parallelize_mem -- No improvement
	# of nodes: 			131
	# of irgs: 				2
	# of cf manipulations: 	10
	# of memory operations: 20
	# of types: 			2818



Using pass: pass_libfirm_do_loop_peeling
	 :: Pass failed on irg 'r_func_87' -- No improvement
	# of nodes: 			131
	# of irgs: 				2
	# of cf manipulations: 	10
	# of memory operations: 20
	# of types: 			2818



Using pass: pass_libfirm_conv_opt
	 :: interestingness test failed on irg 'r_func_87' -- No improvement
	# of nodes: 			131
	# of irgs: 				2
	# of cf manipulations: 	10
	# of memory operations: 20
	# of types: 			2818



Using pass: pass_libfirm_place_code
	 :: interestingness test failed on irg 'r_func_87' -- No improvement
	# of nodes: 			131
	# of irgs: 				2
	# of cf manipulations: 	10
	# of memory operations: 20
	# of types: 			2818



Using pass: pass_check_validity -- No improvement
	# of nodes: 			131
	# of irgs: 				2
	# of cf manipulations: 	10
	# of memory operations: 20
	# of types: 			2818



Using pass: pass_replace_cond_selectors
	 :: interestingness test failed on irg 'r_func_87' -- No improvement
	# of nodes: 			131
	# of irgs: 				2
	# of cf manipulations: 	10
	# of memory operations: 20
	# of types: 			2818



Using pass: pass_gc_entitites -- No improvement
	# of nodes: 			131
	# of irgs: 				2
	# of cf manipulations: 	10
	# of memory operations: 20
	# of types: 			2818



Using pass: pass_libfirm_remove_unreachable -- No improvement
	# of nodes: 			131
	# of irgs: 				2
	# of cf manipulations: 	10
	# of memory operations: 20
	# of types: 			2818



Using pass: pass_libfirm_combo
	 :: interestingness test failed on irg 'r_func_87' -- No improvement
	# of nodes: 			131
	# of irgs: 				2
	# of cf manipulations: 	10
	# of memory operations: 20
	# of types: 			2818



Using pass: pass_libfirm_do_loop_unrolling -- No improvement
	# of nodes: 			131
	# of irgs: 				2
	# of cf manipulations: 	10
	# of memory operations: 20
	# of types: 			2818



Using pass: pass_replace_return_values -- No improvement
	# of nodes: 			131
	# of irgs: 				2
	# of cf manipulations: 	10
	# of memory operations: 20
	# of types: 			2818



Using pass: pass_libfirm_opt_tail_rec -- No improvement
	# of nodes: 			131
	# of irgs: 				2
	# of cf manipulations: 	10
	# of memory operations: 20
	# of types: 			2818



Using pass: pass_remove_allocs -- No improvement
	# of nodes: 			131
	# of irgs: 				2
	# of cf manipulations: 	10
	# of memory operations: 20
	# of types: 			2818



Using pass: pass_replace_mux_selectors -- No improvement
	# of nodes: 			131
	# of irgs: 				2
	# of cf manipulations: 	10
	# of memory operations: 20
	# of types: 			2818



Using pass: pass_libfirm_optimize_load_store
	 :: interestingness test failed on irg 'r_func_87' -- No improvement
	# of nodes: 			131
	# of irgs: 				2
	# of cf manipulations: 	10
	# of memory operations: 20
	# of types: 			2818



Using pass: pass_libfirm_opt_blocks -- Successful
	# of nodes: 			127
	# of irgs: 				2
	# of cf manipulations: 	9
	# of memory operations: 20
	# of types: 			2818



Using pass: pass_libfirm_optimize_reassociation -- No improvement
	# of nodes: 			127
	# of irgs: 				2
	# of cf manipulations: 	9
	# of memory operations: 20
	# of types: 			2818



Using pass: pass_remove_void_calls
	 :: Pass failed on irg 'r_func_87'
	 :: Pass failed on irg 'r_func_87' -- No improvement
	# of nodes: 			127
	# of irgs: 				2
	# of cf manipulations: 	9
	# of memory operations: 20
	# of types: 			2818



Using pass: pass_libfirm_opt_ldst
	 :: Pass failed on irg 'main'
	 :: Pass failed on irg 'r_func_87' -- No improvement
	# of nodes: 			127
	# of irgs: 				2
	# of cf manipulations: 	9
	# of memory operations: 20
	# of types: 			2818



Using pass: pass_simplify_consts
	 :: interestingness test failed on irg 'r_func_87' -- No improvement
	# of nodes: 			127
	# of irgs: 				2
	# of cf manipulations: 	9
	# of memory operations: 20
	# of types: 			2818



Using pass: pass_libfirm_opt_frame -- No improvement
	# of nodes: 			127
	# of irgs: 				2
	# of cf manipulations: 	9
	# of memory operations: 20
	# of types: 			2818



Using pass: pass_replace_switch_selectors -- No improvement
	# of nodes: 			127
	# of irgs: 				2
	# of cf manipulations: 	9
	# of memory operations: 20
	# of types: 			2818



Using pass: pass_replace_arithmetic
	 :: interestingness test failed on irg 'r_func_87' -- No improvement
	# of nodes: 			127
	# of irgs: 				2
	# of cf manipulations: 	9
	# of memory operations: 20
	# of types: 			2818



Using pass: pass_replace_members -- No improvement
	# of nodes: 			127
	# of irgs: 				2
	# of cf manipulations: 	9
	# of memory operations: 20
	# of types: 			2818



Using pass: pass_replace_proj_primitive -- No improvement
	# of nodes: 			127
	# of irgs: 				2
	# of cf manipulations: 	9
	# of memory operations: 20
	# of types: 			2818



Using pass: pass_libfirm_gvn_pre
	 :: interestingness test failed on irg 'r_func_87' -- No improvement
	# of nodes: 			127
	# of irgs: 				2
	# of cf manipulations: 	9
	# of memory operations: 20
	# of types: 			2818



Using pass: pass_libfirm_opt_if_conv
	 :: interestingness test failed on irg 'r_func_87' -- No improvement
	# of nodes: 			127
	# of irgs: 				2
	# of cf manipulations: 	9
	# of memory operations: 20
	# of types: 			2818



Using pass: pass_libfirm_optimize_graph_df
	 :: interestingness test failed on irg 'r_func_87' -- No improvement
	# of nodes: 			127
	# of irgs: 				2
	# of cf manipulations: 	9
	# of memory operations: 20
	# of types: 			2818



Using pass: pass_replace_loads
	 :: Pass failed on irg 'r_func_87' -- No improvement
	# of nodes: 			127
	# of irgs: 				2
	# of cf manipulations: 	9
	# of memory operations: 20
	# of types: 			2818



Using pass: pass_libfirm_construct_confirms
	 :: interestingness test failed on irg 'r_func_87' -- No improvement
	# of nodes: 			127
	# of irgs: 				2
	# of cf manipulations: 	9
	# of memory operations: 20
	# of types: 			2818



Using pass: pass_libfirm_occult_consts
	 :: interestingness test failed on irg 'r_func_87' -- No improvement
	# of nodes: 			127
	# of irgs: 				2
	# of cf manipulations: 	9
	# of memory operations: 20
	# of types: 			2818



Using pass: pass_libfirm_optimize_cf -- No improvement
	# of nodes: 			127
	# of irgs: 				2
	# of cf manipulations: 	9
	# of memory operations: 20
	# of types: 			2818



Using pass: pass_libfirm_do_loop_inversion -- No improvement
	# of nodes: 			127
	# of irgs: 				2
	# of cf manipulations: 	9
	# of memory operations: 20
	# of types: 			2818



Using pass: pass_libfirm_opt_jumpthreading
	 :: Pass failed on irg 'r_func_87'
	 :: Pass failed on irg 'r_func_87' -- No improvement
	# of nodes: 			127
	# of irgs: 				2
	# of cf manipulations: 	9
	# of memory operations: 20
	# of types: 			2818



Using pass: pass_libfirm_do_loop_peeling
	 :: Pass failed on irg 'r_func_87' -- No improvement
	# of nodes: 			127
	# of irgs: 				2
	# of cf manipulations: 	9
	# of memory operations: 20
	# of types: 			2818



Using pass: pass_libfirm_do_loop_unrolling
	 :: Pass failed on irg 'r_func_87'
	 :: Pass failed on irg 'r_func_87' -- No improvement
	# of nodes: 			127
	# of irgs: 				2
	# of cf manipulations: 	9
	# of memory operations: 20
	# of types: 			2818



Using pass: pass_libfirm_occult_consts
	 :: interestingness test failed on irg 'r_func_87' -- No improvement
	# of nodes: 			127
	# of irgs: 				2
	# of cf manipulations: 	9
	# of memory operations: 20
	# of types: 			2818



Using pass: pass_replace_members -- No improvement
	# of nodes: 			127
	# of irgs: 				2
	# of cf manipulations: 	9
	# of memory operations: 20
	# of types: 			2818



Using pass: pass_remove_allocs -- No improvement
	# of nodes: 			127
	# of irgs: 				2
	# of cf manipulations: 	9
	# of memory operations: 20
	# of types: 			2818



Using pass: pass_libfirm_opt_frame -- No improvement
	# of nodes: 			127
	# of irgs: 				2
	# of cf manipulations: 	9
	# of memory operations: 20
	# of types: 			2818



Using pass: pass_gc_irgs_primitive -- No improvement
	# of nodes: 			127
	# of irgs: 				2
	# of cf manipulations: 	9
	# of memory operations: 20
	# of types: 			2818



Using pass: pass_libfirm_opt_blocks -- No improvement
	# of nodes: 			127
	# of irgs: 				2
	# of cf manipulations: 	9
	# of memory operations: 20
	# of types: 			2818



Using pass: pass_replace_mux_selectors -- No improvement
	# of nodes: 			127
	# of irgs: 				2
	# of cf manipulations: 	9
	# of memory operations: 20
	# of types: 			2818



Using pass: pass_libfirm_remove_bads -- No improvement
	# of nodes: 			127
	# of irgs: 				2
	# of cf manipulations: 	9
	# of memory operations: 20
	# of types: 			2818



Using pass: pass_remove_void_calls
	 :: Pass failed on irg 'r_func_87' -- No improvement
	# of nodes: 			127
	# of irgs: 				2
	# of cf manipulations: 	9
	# of memory operations: 20
	# of types: 			2818



Using pass: pass_libfirm_opt_jumpthreading -- No improvement
	# of nodes: 			127
	# of irgs: 				2
	# of cf manipulations: 	9
	# of memory operations: 20
	# of types: 			2818



Using pass: pass_simplify_consts -- No improvement
	# of nodes: 			127
	# of irgs: 				2
	# of cf manipulations: 	9
	# of memory operations: 20
	# of types: 			2818



Using pass: pass_libfirm_gvn_pre -- No improvement
	# of nodes: 			127
	# of irgs: 				2
	# of cf manipulations: 	9
	# of memory operations: 20
	# of types: 			2818



Using pass: pass_libfirm_optimize_reassociation -- No improvement
	# of nodes: 			127
	# of irgs: 				2
	# of cf manipulations: 	9
	# of memory operations: 20
	# of types: 			2818



Using pass: pass_libfirm_remove_tuples -- No improvement
	# of nodes: 			127
	# of irgs: 				2
	# of cf manipulations: 	9
	# of memory operations: 20
	# of types: 			2818



Using pass: pass_check_validity -- No improvement
	# of nodes: 			127
	# of irgs: 				2
	# of cf manipulations: 	9
	# of memory operations: 20
	# of types: 			2818



Using pass: pass_gc_entitites -- No improvement
	# of nodes: 			127
	# of irgs: 				2
	# of cf manipulations: 	9
	# of memory operations: 20
	# of types: 			2818



Using pass: pass_libfirm_normalize_one_return -- No improvement
	# of nodes: 			127
	# of irgs: 				2
	# of cf manipulations: 	9
	# of memory operations: 20
	# of types: 			2818



Using pass: pass_libfirm_do_loop_inversion -- No improvement
	# of nodes: 			127
	# of irgs: 				2
	# of cf manipulations: 	9
	# of memory operations: 20
	# of types: 			2818



Using pass: pass_replace_proj_primitive -- No improvement
	# of nodes: 			127
	# of irgs: 				2
	# of cf manipulations: 	9
	# of memory operations: 20
	# of types: 			2818



Using pass: pass_libfirm_remove_unreachable -- No improvement
	# of nodes: 			127
	# of irgs: 				2
	# of cf manipulations: 	9
	# of memory operations: 20
	# of types: 			2818



Using pass: pass_libfirm_opt_parallelize_mem -- No improvement
	# of nodes: 			127
	# of irgs: 				2
	# of cf manipulations: 	9
	# of memory operations: 20
	# of types: 			2818



Using pass: pass_libfirm_scalar_replacement_opt -- No improvement
	# of nodes: 			127
	# of irgs: 				2
	# of cf manipulations: 	9
	# of memory operations: 20
	# of types: 			2818



Using pass: pass_libfirm_opt_funccalls -- No improvement
	# of nodes: 			127
	# of irgs: 				2
	# of cf manipulations: 	9
	# of memory operations: 20
	# of types: 			2818



Using pass: pass_replace_loads
	 :: Pass failed on irg 'r_func_87'
	 :: Pass failed on irg 'r_func_87' -- No improvement
	# of nodes: 			127
	# of irgs: 				2
	# of cf manipulations: 	9
	# of memory operations: 20
	# of types: 			2818



Using pass: pass_remove_stores
	 :: interestingness test failed on irg 'r_func_87' -- No improvement
	# of nodes: 			127
	# of irgs: 				2
	# of cf manipulations: 	9
	# of memory operations: 20
	# of types: 			2818



Using pass: pass_libfirm_normalize_n_returns -- No improvement
	# of nodes: 			127
	# of irgs: 				2
	# of cf manipulations: 	9
	# of memory operations: 20
	# of types: 			2818



Using pass: pass_gc_irgs -- No improvement
	# of nodes: 			127
	# of irgs: 				2
	# of cf manipulations: 	9
	# of memory operations: 20
	# of types: 			2818



Using pass: pass_replace_return_values -- No improvement
	# of nodes: 			127
	# of irgs: 				2
	# of cf manipulations: 	9
	# of memory operations: 20
	# of types: 			2818



Using pass: pass_libfirm_opt_ldst
	 :: Pass failed on irg 'r_func_87'
	 :: Pass failed on irg 'r_func_87' -- No improvement
	# of nodes: 			127
	# of irgs: 				2
	# of cf manipulations: 	9
	# of memory operations: 20
	# of types: 			2818



Using pass: pass_libfirm_opt_tail_rec -- No improvement
	# of nodes: 			127
	# of irgs: 				2
	# of cf manipulations: 	9
	# of memory operations: 20
	# of types: 			2818



Using pass: pass_libfirm_dead_code_elimination -- No improvement
	# of nodes: 			127
	# of irgs: 				2
	# of cf manipulations: 	9
	# of memory operations: 20
	# of types: 			2818



Using pass: pass_libfirm_opt_if_conv
	 :: interestingness test failed on irg 'r_func_87' -- No improvement
	# of nodes: 			127
	# of irgs: 				2
	# of cf manipulations: 	9
	# of memory operations: 20
	# of types: 			2818



Using pass: pass_libfirm_construct_confirms -- No improvement
	# of nodes: 			127
	# of irgs: 				2
	# of cf manipulations: 	9
	# of memory operations: 20
	# of types: 			2818



Using pass: pass_libfirm_combo
	 :: interestingness test failed on irg 'r_func_87' -- No improvement
	# of nodes: 			127
	# of irgs: 				2
	# of cf manipulations: 	9
	# of memory operations: 20
	# of types: 			2818



Using pass: pass_libfirm_optimize_graph_df -- No improvement
	# of nodes: 			127
	# of irgs: 				2
	# of cf manipulations: 	9
	# of memory operations: 20
	# of types: 			2818



Using pass: pass_replace_switch_selectors -- No improvement
	# of nodes: 			127
	# of irgs: 				2
	# of cf manipulations: 	9
	# of memory operations: 20
	# of types: 			2818



Using pass: pass_libfirm_opt_bool -- No improvement
	# of nodes: 			127
	# of irgs: 				2
	# of cf manipulations: 	9
	# of memory operations: 20
	# of types: 			2818



Using pass: pass_replace_cond_selectors
	 :: interestingness test failed on irg 'r_func_87' -- No improvement
	# of nodes: 			127
	# of irgs: 				2
	# of cf manipulations: 	9
	# of memory operations: 20
	# of types: 			2818



Using pass: pass_libfirm_optimize_cf
	 :: interestingness test failed on irg 'r_func_87' -- No improvement
	# of nodes: 			127
	# of irgs: 				2
	# of cf manipulations: 	9
	# of memory operations: 20
	# of types: 			2818



Using pass: pass_replace_arithmetic -- No improvement
	# of nodes: 			127
	# of irgs: 				2
	# of cf manipulations: 	9
	# of memory operations: 20
	# of types: 			2818



Using pass: pass_libfirm_conv_opt
	 :: interestingness test failed on irg 'r_func_87' -- No improvement
	# of nodes: 			127
	# of irgs: 				2
	# of cf manipulations: 	9
	# of memory operations: 20
	# of types: 			2818



Using pass: pass_libfirm_remove_critical_cf_edges
	 :: interestingness test failed on irg 'r_func_87' -- No improvement
	# of nodes: 			127
	# of irgs: 				2
	# of cf manipulations: 	9
	# of memory operations: 20
	# of types: 			2818



Using pass: pass_libfirm_place_code
	 :: interestingness test failed on irg 'r_func_87' -- No improvement
	# of nodes: 			127
	# of irgs: 				2
	# of cf manipulations: 	9
	# of memory operations: 20
	# of types: 			2818



Using pass: pass_libfirm_optimize_load_store
	 :: interestingness test failed on irg 'r_func_87' -- No improvement
	# of nodes: 			127
	# of irgs: 				2
	# of cf manipulations: 	9
	# of memory operations: 20
	# of types: 			2818




 :: 2nd reduction cycle

Using pass: pass_libfirm_place_code -- Trying irg 'r_func_87' -- No improvement
Using pass: pass_replace_cond_selectors -- Trying irg 'r_func_87' -- Successful
Using pass: pass_replace_cond_selectors -- Trying irg 'r_func_87' -- Successful
Using pass: pass_replace_cond_selectors -- Trying irg 'r_func_87' -- Successful
Using pass: pass_replace_cond_selectors -- Trying irg 'r_func_87' -- Successful
Using pass: pass_replace_cond_selectors -- Trying irg 'r_func_87' -- Successful
Using pass: pass_libfirm_opt_if_conv -- Trying irg 'r_func_87' -- No improvement
Using pass: pass_libfirm_opt_if_conv -- Trying irg 'r_func_87' -- No improvement
Using pass: pass_replace_proj_primitive -- Trying irg 'r_func_87' -- Successful
Using pass: pass_replace_proj_primitive -- Trying irg 'r_func_87' -- Successful
Using pass: pass_replace_proj_primitive -- Trying irg 'r_func_87' -- Successful
Using pass: pass_replace_proj_primitive -- Trying irg 'r_func_87' -- Successful
Using pass: pass_libfirm_optimize_load_store -- Trying irg 'r_func_87' -- No improvement
Using pass: pass_libfirm_optimize_load_store -- Trying irg 'r_func_87' -- No improvement
Using pass: pass_libfirm_optimize_graph_df -- Trying irg 'r_func_87' -- No improvement
Using pass: pass_libfirm_optimize_graph_df -- Trying irg 'r_func_87' -- No improvement
Using pass: pass_libfirm_optimize_graph_df -- Trying irg 'r_func_87' -- No improvement
Using pass: pass_gc_irgs_primitive -- Trying irg 'r_func_87' -- No improvement
Using pass: pass_gc_irgs_primitive -- Trying irg 'r_func_87' -- No improvement
Using pass: pass_gc_irgs_primitive -- Trying irg 'r_func_87' -- No improvement
Using pass: pass_simplify_consts -- Trying irg 'r_func_87' -- Successful
Using pass: pass_replace_return_values -- Trying irg 'r_func_87' -- Successful
Using pass: pass_libfirm_conv_opt -- Trying irg 'r_func_87' -- No improvement
Using pass: pass_libfirm_remove_critical_cf_edges -- Trying irg 'r_func_87' -- No improvement
Using pass: pass_libfirm_optimize_cf -- Trying irg 'r_func_87' -- No improvement
Using pass: pass_gc_irgs_primitive -- Trying irg 'r_func_87' -- No improvement
Using pass: pass_libfirm_construct_confirms -- Trying irg 'r_func_87' -- No improvement
Using pass: pass_libfirm_combo -- Trying irg 'r_func_87' -- No improvement
Using pass: pass_libfirm_opt_if_conv -- Trying irg 'r_func_87' -- No improvement
Using pass: pass_remove_stores -- Trying irg 'r_func_87' -- Successful
Using pass: pass_libfirm_place_code -- Trying irg 'r_func_87' -- No improvement
Using pass: pass_libfirm_occult_consts -- Trying irg 'r_func_87' -- No improvement
Using pass: pass_libfirm_gvn_pre -- Trying irg 'r_func_87' -- No improvement
Using pass: pass_libfirm_optimize_load_store -- Trying irg 'r_func_87' -- No improvement
Using pass: pass_simplify_consts -- Trying irg 'r_func_87' -- Successful
Using pass: pass_replace_cond_selectors -- Trying irg 'r_func_87' -- Successful
Using pass: pass_replace_arithmetic -- Trying irg 'r_func_87' -- Successful
Using pass: pass_libfirm_conv_opt -- Trying irg 'r_func_87' -- No improvement
Using pass: pass_libfirm_construct_confirms -- Trying irg 'r_func_87' -- No improvement
Using pass: pass_libfirm_remove_critical_cf_edges -- Trying irg 'r_func_87' -- No improvement
Using pass: pass_replace_arithmetic -- Trying irg 'r_func_87' -- Successful
Using pass: pass_gc_irgs_primitive -- Trying irg 'r_func_87' -- No improvement
Using pass: pass_simplify_consts -- Trying irg 'r_func_87' -- Successful
Using pass: pass_libfirm_combo -- Trying irg 'r_func_87' -- No improvement
Using pass: pass_replace_cond_selectors -- Trying irg 'r_func_87' -- Successful
Using pass: pass_remove_stores -- Trying irg 'r_func_87' -- Successful
Using pass: pass_libfirm_place_code -- Trying irg 'r_func_87' -- No improvement
Using pass: pass_libfirm_optimize_graph_df -- Trying irg 'r_func_87' -- No improvement
Using pass: pass_libfirm_optimize_load_store -- Trying irg 'r_func_87' -- No improvement
Using pass: pass_libfirm_opt_if_conv -- Trying irg 'r_func_87' -- No improvement
Using pass: pass_libfirm_optimize_cf -- Trying irg 'r_func_87' -- No improvement
Using pass: pass_libfirm_optimize_load_store -- Trying irg 'r_func_87' -- No improvement
Using pass: pass_replace_return_values -- Trying irg 'r_func_87' -- Successful
Using pass: pass_remove_stores -- Trying irg 'r_func_87' -- Successful
Using pass: pass_libfirm_optimize_graph_df -- Trying irg 'r_func_87' -- No improvement
Using pass: pass_simplify_consts -- Trying irg 'r_func_87' -- Successful
Using pass: pass_replace_proj_primitive -- Trying irg 'r_func_87' -- Successful
Using pass: pass_replace_arithmetic -- Trying irg 'r_func_87' -- Successful
Using pass: pass_libfirm_opt_if_conv -- Trying irg 'r_func_87' -- No improvement
Using pass: pass_libfirm_remove_critical_cf_edges -- Trying irg 'r_func_87' -- No improvement
Using pass: pass_libfirm_occult_consts -- Trying irg 'r_func_87' -- No improvement
Using pass: pass_libfirm_gvn_pre -- Trying irg 'r_func_87' -- No improvement
Using pass: pass_gc_irgs_primitive -- Trying irg 'r_func_87' -- No improvement
Using pass: pass_libfirm_conv_opt -- Trying irg 'r_func_87' -- No improvement
Using pass: pass_libfirm_place_code -- Trying irg 'r_func_87' -- No improvement
Using pass: pass_replace_cond_selectors -- Trying irg 'r_func_87' -- Successful
Using pass: pass_libfirm_combo -- Trying irg 'r_func_87' -- No improvement
Using pass: pass_libfirm_optimize_load_store -- Trying irg 'r_func_87' -- No improvement
Using pass: pass_simplify_consts -- Trying irg 'r_func_87' -- Successful
Using pass: pass_replace_arithmetic -- Trying irg 'r_func_87' -- Successful
Using pass: pass_libfirm_gvn_pre -- Trying irg 'r_func_87' -- No improvement
Using pass: pass_libfirm_opt_if_conv -- Trying irg 'r_func_87' -- No improvement
Using pass: pass_libfirm_optimize_graph_df -- Trying irg 'r_func_87' -- No improvement
Using pass: pass_libfirm_construct_confirms -- Trying irg 'r_func_87' -- No improvement
Using pass: pass_libfirm_occult_consts -- Trying irg 'r_func_87' -- No improvement
Using pass: pass_libfirm_occult_consts -- Trying irg 'r_func_87' -- No improvement
Using pass: pass_remove_stores -- Trying irg 'r_func_87' -- Successful
Using pass: pass_libfirm_opt_if_conv -- Trying irg 'r_func_87' -- No improvement
Using pass: pass_libfirm_combo -- Trying irg 'r_func_87' -- No improvement
Using pass: pass_replace_cond_selectors -- Trying irg 'r_func_87' -- Successful
Using pass: pass_libfirm_optimize_cf -- Trying irg 'r_func_87' -- No improvement
Using pass: pass_libfirm_conv_opt -- Trying irg 'r_func_87' -- No improvement
Using pass: pass_libfirm_remove_critical_cf_edges -- Trying irg 'r_func_87' -- No improvement
Using pass: pass_libfirm_place_code -- Trying irg 'r_func_87' -- No improvement
Using pass: pass_libfirm_optimize_load_store -- Trying irg 'r_func_87' -- No improvement

______________________________

No further reduction possible.

Result:
	# of nodes: 			127
	# of irgs: 				2
	# of cf manipulations: 	9
	# of memory operations: 20
	# of types: 			2818

2018-08-28 15:05:25