2018-08-26 19:57:40 -- Firmreduce -- Results

Initial Test-case size:
	# of nodes: 			8122
	# of irgs: 				101
	# of cf manipulations: 	574
	# of memory operations: 1671
	# of types: 			2345


Using pass: pass_libfirm_occult_consts -- No improvement
	# of nodes: 			8122
	# of irgs: 				101
	# of cf manipulations: 	574
	# of memory operations: 1671
	# of types: 			2345



Using pass: pass_libfirm_opt_tail_rec -- Successful
	# of nodes: 			7909
	# of irgs: 				101
	# of cf manipulations: 	517
	# of memory operations: 1671
	# of types: 			2345



Using pass: pass_libfirm_normalize_n_returns -- No improvement
	# of nodes: 			7909
	# of irgs: 				101
	# of cf manipulations: 	517
	# of memory operations: 1671
	# of types: 			2345



Using pass: pass_libfirm_do_loop_unrolling -- No improvement
	# of nodes: 			7909
	# of irgs: 				101
	# of cf manipulations: 	517
	# of memory operations: 1671
	# of types: 			2345



Using pass: pass_remove_stores -- Successful
	# of nodes: 			6638
	# of irgs: 				101
	# of cf manipulations: 	564
	# of memory operations: 1334
	# of types: 			2345



Using pass: pass_remove_allocs
	 :: Pass failed on irg 'r_func_22'
	 :: Pass failed on irg 'r_func_72'
	 :: Pass failed on irg 'r_func_72'
	 :: Pass failed on irg 'r_func_22'
	 :: Pass failed on irg 'r_func_72'
	 :: Pass failed on irg 'r_func_72'
	 :: Pass failed on irg 'r_func_22'
	 :: Pass failed on irg 'r_func_22'
	 :: Pass failed on irg 'r_func_72'
	 :: Pass failed on irg 'r_func_22'
	 :: Pass failed on irg 'r_func_22'
	 :: Pass failed on irg 'r_func_72'
	 :: Pass failed on irg 'r_func_22' -- Successful
	# of nodes: 			5770
	# of irgs: 				101
	# of cf manipulations: 	540
	# of memory operations: 951
	# of types: 			2345



Using pass: pass_replace_cond_selectors -- Successful
	# of nodes: 			3339
	# of irgs: 				101
	# of cf manipulations: 	220
	# of memory operations: 719
	# of types: 			2345



Using pass: pass_remove_allocs
	 :: Pass failed on irg 'r_func_22'
	 :: Pass failed on irg 'r_func_22' -- Successful
	# of nodes: 			3291
	# of irgs: 				101
	# of cf manipulations: 	220
	# of memory operations: 695
	# of types: 			2345



Using pass: pass_check_validity -- No improvement
	# of nodes: 			3291
	# of irgs: 				101
	# of cf manipulations: 	220
	# of memory operations: 695
	# of types: 			2345



Using pass: pass_replace_loads
	 :: Pass failed on irg 'r_func_6'
	 :: Pass failed on irg 'r_func_41'
	 :: Pass failed on irg 'r_func_57'
	 :: Pass failed on irg 'r_func_31'
	 :: Pass failed on irg 'r_func_53'
	 :: Pass failed on irg 'r_func_43'
	 :: Pass failed on irg 'r_func_64'
	 :: Pass failed on irg 'r_func_52'
	 :: Pass failed on irg 'r_func_9'
	 :: Pass failed on irg 'r_func_58'
	 :: Pass failed on irg 'r_func_11'
	 :: Pass failed on irg 'r_func_81'
	 :: Pass failed on irg '_main'
	 :: Pass failed on irg 'r_func_26'
	 :: Pass failed on irg 'r_func_6'
	 :: Pass failed on irg 'r_func_42'
	 :: Pass failed on irg 'r_func_70'
	 :: Pass failed on irg 'r_func_80'
	 :: Pass failed on irg 'r_func_95'
	 :: Pass failed on irg 'r_func_74'
	 :: Pass failed on irg 'r_func_18'
	 :: Pass failed on irg 'r_func_46'
	 :: Pass failed on irg 'r_func_20'
	 :: Pass failed on irg 'r_func_11'
	 :: Pass failed on irg 'r_func_31'
	 :: Pass failed on irg 'r_func_35'
	 :: Pass failed on irg 'r_func_32'
	 :: Pass failed on irg 'r_func_45'
	 :: Pass failed on irg 'r_func_67'
	 :: Pass failed on irg 'r_func_49'
	 :: Pass failed on irg 'r_func_70'
	 :: Pass failed on irg 'r_func_28'
	 :: Pass failed on irg 'r_func_33'
	 :: Pass failed on irg 'r_func_50'
	 :: Pass failed on irg 'r_func_81'
	 :: Pass failed on irg 'r_func_56'
	 :: Pass failed on irg 'r_func_17'
	 :: Pass failed on irg 'r_func_90'
	 :: Pass failed on irg 'r_func_38'
	 :: Pass failed on irg 'r_func_63'
	 :: Pass failed on irg 'r_func_29'
	 :: Pass failed on irg 'r_func_21'
	 :: Pass failed on irg 'r_func_26'
	 :: Pass failed on irg 'r_func_78'
	 :: Pass failed on irg 'r_func_94'
	 :: Pass failed on irg 'r_func_65'
	 :: Pass failed on irg 'r_func_20'
	 :: Pass failed on irg 'r_func_2'
	 :: Pass failed on irg 'r_func_58'
	 :: Pass failed on irg 'r_func_46'
	 :: Pass failed on irg 'r_func_75'
	 :: Pass failed on irg 'r_func_23'
	 :: Pass failed on irg 'r_func_23'
	 :: Pass failed on irg 'r_func_51'
	 :: Pass failed on irg 'r_func_67'
	 :: Pass failed on irg 'r_func_13'
	 :: Pass failed on irg 'r_func_52'
	 :: Pass failed on irg 'r_func_42'
	 :: Pass failed on irg 'r_func_47'
	 :: Pass failed on irg 'r_func_10'
	 :: Pass failed on irg 'r_func_90'
	 :: Pass failed on irg 'r_func_47'
	 :: Pass failed on irg 'r_func_15'
	 :: Pass failed on irg 'r_func_28'
	 :: Pass failed on irg 'r_func_65'
	 :: Pass failed on irg 'r_func_53'
	 :: Pass failed on irg 'r_func_70'
	 :: Pass failed on irg 'r_func_70'
	 :: Pass failed on irg 'r_func_70'
	 :: Pass failed on irg 'r_func_12'
	 :: Pass failed on irg 'r_func_32'
	 :: Pass failed on irg 'r_func_91'
	 :: Pass failed on irg 'r_func_31'
	 :: Pass failed on irg 'r_func_81'
	 :: Pass failed on irg 'r_func_67'
	 :: Pass failed on irg 'r_func_55'
	 :: Pass failed on irg 'r_func_19'
	 :: Pass failed on irg 'r_func_6'
	 :: Pass failed on irg 'r_func_84'
	 :: Pass failed on irg 'r_func_73'
	 :: Pass failed on irg 'r_func_76'
	 :: Pass failed on irg 'r_func_55'
	 :: Pass failed on irg 'r_func_34'
	 :: Pass failed on irg 'r_func_71'
	 :: Pass failed on irg 'r_func_78'
	 :: Pass failed on irg 'r_func_6'
	 :: Pass failed on irg 'r_func_75'
	 :: Pass failed on irg 'r_func_26'
	 :: Pass failed on irg 'r_func_28'
	 :: Pass failed on irg 'r_func_15'
	 :: Pass failed on irg 'r_func_96'
	 :: Pass failed on irg 'r_func_51'
	 :: Pass failed on irg 'r_func_37'
	 :: Pass failed on irg 'r_func_14'
	 :: Pass failed on irg 'r_func_59'
	 :: Pass failed on irg 'r_func_70'
	 :: Pass failed on irg 'r_func_46'
	 :: Pass failed on irg 'r_func_45' -- No improvement
	# of nodes: 			3291
	# of irgs: 				101
	# of cf manipulations: 	220
	# of memory operations: 695
	# of types: 			2345



Using pass: pass_libfirm_optimize_graph_df -- No improvement
	# of nodes: 			3291
	# of irgs: 				101
	# of cf manipulations: 	220
	# of memory operations: 695
	# of types: 			2345



Using pass: pass_libfirm_optimize_reassociation -- No improvement
	# of nodes: 			3291
	# of irgs: 				101
	# of cf manipulations: 	220
	# of memory operations: 695
	# of types: 			2345



Using pass: pass_libfirm_combo -- No improvement
	# of nodes: 			3291
	# of irgs: 				101
	# of cf manipulations: 	220
	# of memory operations: 695
	# of types: 			2345



Using pass: pass_libfirm_scalar_replacement_opt -- No improvement
	# of nodes: 			3291
	# of irgs: 				101
	# of cf manipulations: 	220
	# of memory operations: 695
	# of types: 			2345



Using pass: pass_replace_cond_selectors -- No improvement
	# of nodes: 			3291
	# of irgs: 				101
	# of cf manipulations: 	220
	# of memory operations: 695
	# of types: 			2345



Using pass: pass_libfirm_remove_bads -- No improvement
	# of nodes: 			3291
	# of irgs: 				101
	# of cf manipulations: 	220
	# of memory operations: 695
	# of types: 			2345



Using pass: pass_libfirm_optimize_cf -- No improvement
	# of nodes: 			3291
	# of irgs: 				101
	# of cf manipulations: 	220
	# of memory operations: 695
	# of types: 			2345



Using pass: pass_libfirm_optimize_graph_df -- No improvement
	# of nodes: 			3291
	# of irgs: 				101
	# of cf manipulations: 	220
	# of memory operations: 695
	# of types: 			2345



Using pass: pass_libfirm_dead_code_elimination -- No improvement
	# of nodes: 			3291
	# of irgs: 				101
	# of cf manipulations: 	220
	# of memory operations: 695
	# of types: 			2345



Using pass: pass_libfirm_do_loop_peeling
	 :: Pass failed on irg 'r_func_92'
	 :: Pass failed on irg 'r_func_72'
	 :: Pass failed on irg 'r_func_85'
	 :: Pass failed on irg 'r_func_32'
	 :: Pass failed on irg 'r_func_92'
	 :: Pass failed on irg 'r_func_85'
	 :: Pass failed on irg 'r_func_39'
	 :: Pass failed on irg 'r_func_54'
	 :: Pass failed on irg 'r_func_16'
	 :: Pass failed on irg 'r_func_39'
	 :: Pass failed on irg 'r_func_72'
	 :: Pass failed on irg 'r_func_54'
	 :: Pass failed on irg 'r_func_85'
	 :: Pass failed on irg 'r_func_72'
	 :: Pass failed on irg 'r_func_39'
	 :: Pass failed on irg 'r_func_16'
	 :: Pass failed on irg 'r_func_13'
	 :: Pass failed on irg 'r_func_30'
	 :: Pass failed on irg 'r_func_72'
	 :: Pass failed on irg 'r_func_92'
	 :: Pass failed on irg 'r_func_39'
	 :: Pass failed on irg 'r_func_92' -- No improvement
	# of nodes: 			3291
	# of irgs: 				101
	# of cf manipulations: 	220
	# of memory operations: 695
	# of types: 			2345



Using pass: pass_libfirm_remove_bads -- No improvement
	# of nodes: 			3291
	# of irgs: 				101
	# of cf manipulations: 	220
	# of memory operations: 695
	# of types: 			2345



Using pass: pass_libfirm_opt_tail_rec -- Successful
	# of nodes: 			3287
	# of irgs: 				101
	# of cf manipulations: 	219
	# of memory operations: 695
	# of types: 			2345



Using pass: pass_libfirm_opt_ldst
	 :: Pass failed on irg 'r_func_83'
	 :: Pass failed on irg 'r_func_76'
	 :: Pass failed on irg 'r_func_95'
	 :: Pass failed on irg 'r_func_75'
	 :: Pass failed on irg 'r_func_66'
	 :: Pass failed on irg 'r_func_73'
	 :: Pass failed on irg 'r_func_72'
	 :: Pass failed on irg 'r_func_83'
	 :: Pass failed on irg 'r_func_2'
	 :: Pass failed on irg 'r_func_59'
	 :: Pass failed on irg 'r_func_55'
	 :: Pass failed on irg 'r_func_60'
	 :: Pass failed on irg 'r_func_24'
	 :: Pass failed on irg 'r_func_32'
	 :: Pass failed on irg 'r_func_45'
	 :: Pass failed on irg 'r_func_41'
	 :: Pass failed on irg 'r_func_17'
	 :: Pass failed on irg 'r_func_90'
	 :: Pass failed on irg 'r_func_36'
	 :: Pass failed on irg 'r_func_16'
	 :: Pass failed on irg 'r_func_25'
	 :: Pass failed on irg 'r_func_78'
	 :: Pass failed on irg 'r_func_87'
	 :: Pass failed on irg 'r_func_40'
	 :: Pass failed on irg 'r_func_94'
	 :: Pass failed on irg 'r_func_3'
	 :: Pass failed on irg 'r_func_37'
	 :: Pass failed on irg 'r_func_21'
	 :: Pass failed on irg 'r_func_77'
	 :: Pass failed on irg 'r_func_64'
	 :: Pass failed on irg 'r_func_41'
	 :: Pass failed on irg 'r_func_81'
	 :: Pass failed on irg 'r_func_88'
	 :: Pass failed on irg 'r_func_3'
	 :: Pass failed on irg 'r_func_66'
	 :: Pass failed on irg 'r_func_57'
	 :: Pass failed on irg 'r_func_74'
	 :: Pass failed on irg 'r_func_87'
	 :: Pass failed on irg 'r_func_61'
	 :: Pass failed on irg 'r_func_81'
	 :: Pass failed on irg 'r_func_58'
	 :: Pass failed on irg 'r_func_3'
	 :: Pass failed on irg 'r_func_12'
	 :: Pass failed on irg 'r_func_90'
	 :: Pass failed on irg 'r_func_76'
	 :: Pass failed on irg 'r_func_42'
	 :: Pass failed on irg 'r_func_91'
	 :: Pass failed on irg 'r_func_41'
	 :: Pass failed on irg 'r_func_59'
	 :: Pass failed on irg 'r_func_33'
	 :: Pass failed on irg 'r_func_29'
	 :: Pass failed on irg 'r_func_15'
	 :: Pass failed on irg 'r_func_90'
	 :: Pass failed on irg 'r_func_96'
	 :: Pass failed on irg 'r_func_62'
	 :: Pass failed on irg 'r_func_5'
	 :: Pass failed on irg 'r_func_26'
	 :: Pass failed on irg 'r_func_47'
	 :: Pass failed on irg 'r_func_31'
	 :: Pass failed on irg 'r_func_60'
	 :: Pass failed on irg 'r_func_56'
	 :: Pass failed on irg 'r_func_89'
	 :: Pass failed on irg 'r_func_92'
	 :: Pass failed on irg 'r_func_56'
	 :: Pass failed on irg 'r_func_40'
	 :: Pass failed on irg 'r_func_41'
	 :: Pass failed on irg 'r_func_44'
	 :: Pass failed on irg 'r_func_5'
	 :: Pass failed on irg 'r_func_58'
	 :: Pass failed on irg 'r_func_50'
	 :: Pass failed on irg 'r_func_9'
	 :: Pass failed on irg 'r_func_4'
	 :: Pass failed on irg 'r_func_62'
	 :: Pass failed on irg 'r_func_41'
	 :: Pass failed on irg 'r_func_88'
	 :: Pass failed on irg 'r_func_65'
	 :: Pass failed on irg 'r_func_35'
	 :: Pass failed on irg 'r_func_55'
	 :: Pass failed on irg 'r_func_50'
	 :: Pass failed on irg 'r_func_43'
	 :: Pass failed on irg 'r_func_65'
	 :: Pass failed on irg 'r_func_92'
	 :: Pass failed on irg 'r_func_39'
	 :: Pass failed on irg 'r_func_41'
	 :: Pass failed on irg 'r_func_30'
	 :: Pass failed on irg 'r_func_82'
	 :: Pass failed on irg 'r_func_79'
	 :: Pass failed on irg 'r_func_41'
	 :: Pass failed on irg 'r_func_4'
	 :: Pass failed on irg 'main'
	 :: Pass failed on irg 'r_func_15'
	 :: Pass failed on irg 'r_func_68'
	 :: Pass failed on irg 'r_func_50'
	 :: Pass failed on irg 'r_func_43'
	 :: Pass failed on irg 'r_func_66'
	 :: Pass failed on irg 'r_func_22'
	 :: Pass failed on irg 'r_func_1'
	 :: Pass failed on irg 'r_func_72'
	 :: Pass failed on irg 'r_func_43'
	 :: Pass failed on irg 'r_func_70'
	 :: Pass failed on irg 'r_func_69' -- No improvement
	# of nodes: 			3287
	# of irgs: 				101
	# of cf manipulations: 	219
	# of memory operations: 695
	# of types: 			2345



Using pass: pass_libfirm_opt_ldst
	 :: Pass failed on irg 'r_func_13'
	 :: Pass failed on irg 'r_func_86'
	 :: Pass failed on irg 'r_func_41'
	 :: Pass failed on irg 'r_func_19'
	 :: Pass failed on irg 'r_func_14'
	 :: Pass failed on irg 'r_func_32'
	 :: Pass failed on irg 'main'
	 :: Pass failed on irg 'r_func_7'
	 :: Pass failed on irg 'r_func_53'
	 :: Pass failed on irg 'r_func_53'
	 :: Pass failed on irg 'r_func_26'
	 :: Pass failed on irg 'r_func_87'
	 :: Pass failed on irg 'r_func_42'
	 :: Pass failed on irg 'r_func_70'
	 :: Pass failed on irg 'r_func_67'
	 :: Pass failed on irg 'r_func_91'
	 :: Pass failed on irg 'r_func_58'
	 :: Pass failed on irg 'main'
	 :: Pass failed on irg 'r_func_76'
	 :: Pass failed on irg 'r_func_63'
	 :: Pass failed on irg 'r_func_34'
	 :: Pass failed on irg 'r_func_20'
	 :: Pass failed on irg 'r_func_49'
	 :: Pass failed on irg 'r_func_64'
	 :: Pass failed on irg 'r_func_18'
	 :: Pass failed on irg 'r_func_83'
	 :: Pass failed on irg 'r_func_50'
	 :: Pass failed on irg 'r_func_10'
	 :: Pass failed on irg 'r_func_67'
	 :: Pass failed on irg 'r_func_4'
	 :: Pass failed on irg 'r_func_33'
	 :: Pass failed on irg 'r_func_13'
	 :: Pass failed on irg 'r_func_37'
	 :: Pass failed on irg 'r_func_21'
	 :: Pass failed on irg 'r_func_64'
	 :: Pass failed on irg 'r_func_68'
	 :: Pass failed on irg 'r_func_12'
	 :: Pass failed on irg 'r_func_30'
	 :: Pass failed on irg 'r_func_48'
	 :: Pass failed on irg 'r_func_95'
	 :: Pass failed on irg 'r_func_77'
	 :: Pass failed on irg 'r_func_44'
	 :: Pass failed on irg 'r_func_79'
	 :: Pass failed on irg 'r_func_84'
	 :: Pass failed on irg 'r_func_67'
	 :: Pass failed on irg 'r_func_45'
	 :: Pass failed on irg 'r_func_49'
	 :: Pass failed on irg 'r_func_23'
	 :: Pass failed on irg 'r_func_3'
	 :: Pass failed on irg 'r_func_98'
	 :: Pass failed on irg 'r_func_95'
	 :: Pass failed on irg 'r_func_30'
	 :: Pass failed on irg 'r_func_86'
	 :: Pass failed on irg 'main'
	 :: Pass failed on irg 'r_func_86'
	 :: Pass failed on irg 'r_func_33'
	 :: Pass failed on irg 'r_func_3'
	 :: Pass failed on irg 'r_func_55'
	 :: Pass failed on irg 'r_func_63'
	 :: Pass failed on irg 'r_func_94'
	 :: Pass failed on irg 'r_func_59'
	 :: Pass failed on irg 'r_func_62'
	 :: Pass failed on irg 'r_func_96'
	 :: Pass failed on irg 'r_func_93'
	 :: Pass failed on irg 'r_func_95'
	 :: Pass failed on irg 'r_func_31'
	 :: Pass failed on irg 'r_func_88'
	 :: Pass failed on irg 'r_func_28'
	 :: Pass failed on irg 'r_func_53'
	 :: Pass failed on irg 'r_func_73'
	 :: Pass failed on irg 'r_func_54'
	 :: Pass failed on irg 'r_func_1'
	 :: Pass failed on irg 'r_func_14'
	 :: Pass failed on irg 'r_func_5'
	 :: Pass failed on irg 'r_func_61'
	 :: Pass failed on irg 'r_func_73'
	 :: Pass failed on irg 'r_func_70'
	 :: Pass failed on irg 'r_func_27'
	 :: Pass failed on irg 'r_func_51'
	 :: Pass failed on irg 'r_func_30'
	 :: Pass failed on irg 'r_func_42'
	 :: Pass failed on irg 'r_func_68'
	 :: Pass failed on irg 'r_func_21'
	 :: Pass failed on irg 'r_func_69'
	 :: Pass failed on irg 'r_func_56'
	 :: Pass failed on irg 'r_func_13'
	 :: Pass failed on irg 'r_func_80'
	 :: Pass failed on irg 'r_func_33'
	 :: Pass failed on irg 'r_func_36'
	 :: Pass failed on irg 'r_func_3'
	 :: Pass failed on irg 'r_func_70'
	 :: Pass failed on irg 'r_func_50'
	 :: Pass failed on irg 'r_func_43'
	 :: Pass failed on irg 'r_func_37'
	 :: Pass failed on irg 'r_func_29'
	 :: Pass failed on irg 'r_func_6'
	 :: Pass failed on irg 'r_func_28'
	 :: Pass failed on irg 'r_func_67'
	 :: Pass failed on irg 'r_func_1'
	 :: Pass failed on irg 'r_func_23'
	 :: Pass failed on irg 'r_func_76' -- No improvement
	# of nodes: 			3287
	# of irgs: 				101
	# of cf manipulations: 	219
	# of memory operations: 695
	# of types: 			2345



Using pass: pass_libfirm_opt_frame -- No improvement
	# of nodes: 			3287
	# of irgs: 				101
	# of cf manipulations: 	219
	# of memory operations: 695
	# of types: 			2345



Using pass: pass_libfirm_opt_funccalls -- No improvement
	# of nodes: 			3287
	# of irgs: 				101
	# of cf manipulations: 	219
	# of memory operations: 695
	# of types: 			2345



Using pass: pass_libfirm_remove_unreachable -- No improvement
	# of nodes: 			3287
	# of irgs: 				101
	# of cf manipulations: 	219
	# of memory operations: 695
	# of types: 			2345



Using pass: pass_libfirm_optimize_graph_df -- No improvement
	# of nodes: 			3287
	# of irgs: 				101
	# of cf manipulations: 	219
	# of memory operations: 695
	# of types: 			2345



Using pass: pass_libfirm_dead_code_elimination -- No improvement
	# of nodes: 			3287
	# of irgs: 				101
	# of cf manipulations: 	219
	# of memory operations: 695
	# of types: 			2345



Using pass: pass_gc_irgs_primitive
	 :: interestingness test failed on irg '_main'
	 :: interestingness test failed on irg '_main'
	 :: interestingness test failed on irg '_main'
	 :: interestingness test failed on irg '_main'
	 :: interestingness test failed on irg '_main'
	 :: interestingness test failed on irg '_main'
	 :: interestingness test failed on irg '_main' -- Successful
	# of nodes: 			34
	# of irgs: 				2
	# of cf manipulations: 	4
	# of memory operations: 6
	# of types: 			2345



Using pass: pass_replace_switch_selectors -- No improvement
	# of nodes: 			34
	# of irgs: 				2
	# of cf manipulations: 	4
	# of memory operations: 6
	# of types: 			2345



Using pass: pass_libfirm_opt_frame -- No improvement
	# of nodes: 			34
	# of irgs: 				2
	# of cf manipulations: 	4
	# of memory operations: 6
	# of types: 			2345



Using pass: pass_libfirm_normalize_one_return -- No improvement
	# of nodes: 			34
	# of irgs: 				2
	# of cf manipulations: 	4
	# of memory operations: 6
	# of types: 			2345



Using pass: pass_libfirm_do_loop_peeling -- No improvement
	# of nodes: 			34
	# of irgs: 				2
	# of cf manipulations: 	4
	# of memory operations: 6
	# of types: 			2345



Using pass: pass_replace_switch_selectors -- No improvement
	# of nodes: 			34
	# of irgs: 				2
	# of cf manipulations: 	4
	# of memory operations: 6
	# of types: 			2345



Using pass: pass_libfirm_optimize_reassociation -- No improvement
	# of nodes: 			34
	# of irgs: 				2
	# of cf manipulations: 	4
	# of memory operations: 6
	# of types: 			2345



Using pass: pass_replace_arithmetic -- No improvement
	# of nodes: 			34
	# of irgs: 				2
	# of cf manipulations: 	4
	# of memory operations: 6
	# of types: 			2345



Using pass: pass_libfirm_optimize_load_store -- Successful
	# of nodes: 			26
	# of irgs: 				2
	# of cf manipulations: 	4
	# of memory operations: 4
	# of types: 			2345



Using pass: pass_replace_return_values -- Successful
	# of nodes: 			26
	# of irgs: 				2
	# of cf manipulations: 	4
	# of memory operations: 4
	# of types: 			2345



Using pass: pass_libfirm_opt_ldst
	 :: Pass failed on irg '_main'
	 :: Pass failed on irg 'main' -- No improvement
	# of nodes: 			26
	# of irgs: 				2
	# of cf manipulations: 	4
	# of memory operations: 4
	# of types: 			2345



Using pass: pass_remove_void_calls -- No improvement
	# of nodes: 			26
	# of irgs: 				2
	# of cf manipulations: 	4
	# of memory operations: 4
	# of types: 			2345



Using pass: pass_libfirm_optimize_reassociation -- No improvement
	# of nodes: 			26
	# of irgs: 				2
	# of cf manipulations: 	4
	# of memory operations: 4
	# of types: 			2345



Using pass: pass_simplify_consts -- No improvement
	# of nodes: 			26
	# of irgs: 				2
	# of cf manipulations: 	4
	# of memory operations: 4
	# of types: 			2345



Using pass: pass_libfirm_opt_bool -- No improvement
	# of nodes: 			26
	# of irgs: 				2
	# of cf manipulations: 	4
	# of memory operations: 4
	# of types: 			2345



Using pass: pass_libfirm_optimize_reassociation -- No improvement
	# of nodes: 			26
	# of irgs: 				2
	# of cf manipulations: 	4
	# of memory operations: 4
	# of types: 			2345



Using pass: pass_replace_cond_selectors -- No improvement
	# of nodes: 			26
	# of irgs: 				2
	# of cf manipulations: 	4
	# of memory operations: 4
	# of types: 			2345



Using pass: pass_libfirm_opt_funccalls -- No improvement
	# of nodes: 			26
	# of irgs: 				2
	# of cf manipulations: 	4
	# of memory operations: 4
	# of types: 			2345



Using pass: pass_replace_mux_selectors -- No improvement
	# of nodes: 			26
	# of irgs: 				2
	# of cf manipulations: 	4
	# of memory operations: 4
	# of types: 			2345



Using pass: pass_replace_members -- No improvement
	# of nodes: 			26
	# of irgs: 				2
	# of cf manipulations: 	4
	# of memory operations: 4
	# of types: 			2345



Using pass: pass_libfirm_do_loop_unrolling -- No improvement
	# of nodes: 			26
	# of irgs: 				2
	# of cf manipulations: 	4
	# of memory operations: 4
	# of types: 			2345



Using pass: pass_libfirm_optimize_cf -- No improvement
	# of nodes: 			26
	# of irgs: 				2
	# of cf manipulations: 	4
	# of memory operations: 4
	# of types: 			2345



Using pass: pass_libfirm_do_loop_inversion -- No improvement
	# of nodes: 			26
	# of irgs: 				2
	# of cf manipulations: 	4
	# of memory operations: 4
	# of types: 			2345



Using pass: pass_replace_return_values -- No improvement
	# of nodes: 			26
	# of irgs: 				2
	# of cf manipulations: 	4
	# of memory operations: 4
	# of types: 			2345



Using pass: pass_remove_stores -- No improvement
	# of nodes: 			26
	# of irgs: 				2
	# of cf manipulations: 	4
	# of memory operations: 4
	# of types: 			2345



Using pass: pass_libfirm_do_loop_unrolling -- No improvement
	# of nodes: 			26
	# of irgs: 				2
	# of cf manipulations: 	4
	# of memory operations: 4
	# of types: 			2345



Using pass: pass_replace_mux_selectors -- No improvement
	# of nodes: 			26
	# of irgs: 				2
	# of cf manipulations: 	4
	# of memory operations: 4
	# of types: 			2345



Using pass: pass_gc_irgs_primitive
	 :: interestingness test failed on irg '_main' -- No improvement
	# of nodes: 			26
	# of irgs: 				2
	# of cf manipulations: 	4
	# of memory operations: 4
	# of types: 			2345



Using pass: pass_replace_mux_selectors -- No improvement
	# of nodes: 			26
	# of irgs: 				2
	# of cf manipulations: 	4
	# of memory operations: 4
	# of types: 			2345



Using pass: pass_replace_loads
	 :: Pass failed on irg '_main'
	 :: Pass failed on irg '_main' -- No improvement
	# of nodes: 			26
	# of irgs: 				2
	# of cf manipulations: 	4
	# of memory operations: 4
	# of types: 			2345



Using pass: pass_libfirm_opt_funccalls -- No improvement
	# of nodes: 			26
	# of irgs: 				2
	# of cf manipulations: 	4
	# of memory operations: 4
	# of types: 			2345



Using pass: pass_gc_irgs -- No improvement
	# of nodes: 			26
	# of irgs: 				2
	# of cf manipulations: 	4
	# of memory operations: 4
	# of types: 			2345



Using pass: pass_libfirm_opt_funccalls -- No improvement
	# of nodes: 			26
	# of irgs: 				2
	# of cf manipulations: 	4
	# of memory operations: 4
	# of types: 			2345



Using pass: pass_libfirm_opt_if_conv -- No improvement
	# of nodes: 			26
	# of irgs: 				2
	# of cf manipulations: 	4
	# of memory operations: 4
	# of types: 			2345



Using pass: pass_libfirm_construct_confirms -- No improvement
	# of nodes: 			26
	# of irgs: 				2
	# of cf manipulations: 	4
	# of memory operations: 4
	# of types: 			2345



Using pass: pass_libfirm_optimize_reassociation -- No improvement
	# of nodes: 			26
	# of irgs: 				2
	# of cf manipulations: 	4
	# of memory operations: 4
	# of types: 			2345



Using pass: pass_libfirm_remove_unreachable -- No improvement
	# of nodes: 			26
	# of irgs: 				2
	# of cf manipulations: 	4
	# of memory operations: 4
	# of types: 			2345



Using pass: pass_libfirm_opt_bool -- No improvement
	# of nodes: 			26
	# of irgs: 				2
	# of cf manipulations: 	4
	# of memory operations: 4
	# of types: 			2345



Using pass: pass_libfirm_place_code -- No improvement
	# of nodes: 			26
	# of irgs: 				2
	# of cf manipulations: 	4
	# of memory operations: 4
	# of types: 			2345



Using pass: pass_libfirm_do_loop_peeling -- No improvement
	# of nodes: 			26
	# of irgs: 				2
	# of cf manipulations: 	4
	# of memory operations: 4
	# of types: 			2345



Using pass: pass_libfirm_construct_confirms -- No improvement
	# of nodes: 			26
	# of irgs: 				2
	# of cf manipulations: 	4
	# of memory operations: 4
	# of types: 			2345



Using pass: pass_libfirm_opt_bool -- No improvement
	# of nodes: 			26
	# of irgs: 				2
	# of cf manipulations: 	4
	# of memory operations: 4
	# of types: 			2345



Using pass: pass_libfirm_combo -- No improvement
	# of nodes: 			26
	# of irgs: 				2
	# of cf manipulations: 	4
	# of memory operations: 4
	# of types: 			2345



Using pass: pass_libfirm_optimize_reassociation -- No improvement
	# of nodes: 			26
	# of irgs: 				2
	# of cf manipulations: 	4
	# of memory operations: 4
	# of types: 			2345



Using pass: pass_libfirm_opt_if_conv -- No improvement
	# of nodes: 			26
	# of irgs: 				2
	# of cf manipulations: 	4
	# of memory operations: 4
	# of types: 			2345



Using pass: pass_replace_switch_selectors -- No improvement
	# of nodes: 			26
	# of irgs: 				2
	# of cf manipulations: 	4
	# of memory operations: 4
	# of types: 			2345



Using pass: pass_simplify_consts -- No improvement
	# of nodes: 			26
	# of irgs: 				2
	# of cf manipulations: 	4
	# of memory operations: 4
	# of types: 			2345



Using pass: pass_libfirm_opt_if_conv -- No improvement
	# of nodes: 			26
	# of irgs: 				2
	# of cf manipulations: 	4
	# of memory operations: 4
	# of types: 			2345



Using pass: pass_libfirm_opt_bool -- No improvement
	# of nodes: 			26
	# of irgs: 				2
	# of cf manipulations: 	4
	# of memory operations: 4
	# of types: 			2345



Using pass: pass_libfirm_opt_funccalls -- No improvement
	# of nodes: 			26
	# of irgs: 				2
	# of cf manipulations: 	4
	# of memory operations: 4
	# of types: 			2345



Using pass: pass_replace_members -- No improvement
	# of nodes: 			26
	# of irgs: 				2
	# of cf manipulations: 	4
	# of memory operations: 4
	# of types: 			2345



Using pass: pass_gc_irgs -- No improvement
	# of nodes: 			26
	# of irgs: 				2
	# of cf manipulations: 	4
	# of memory operations: 4
	# of types: 			2345



Using pass: pass_libfirm_remove_bads -- No improvement
	# of nodes: 			26
	# of irgs: 				2
	# of cf manipulations: 	4
	# of memory operations: 4
	# of types: 			2345



Using pass: pass_libfirm_combo -- No improvement
	# of nodes: 			26
	# of irgs: 				2
	# of cf manipulations: 	4
	# of memory operations: 4
	# of types: 			2345



Using pass: pass_replace_members -- No improvement
	# of nodes: 			26
	# of irgs: 				2
	# of cf manipulations: 	4
	# of memory operations: 4
	# of types: 			2345



Using pass: pass_libfirm_opt_jumpthreading -- No improvement
	# of nodes: 			26
	# of irgs: 				2
	# of cf manipulations: 	4
	# of memory operations: 4
	# of types: 			2345



Using pass: pass_libfirm_remove_critical_cf_edges -- No improvement
	# of nodes: 			26
	# of irgs: 				2
	# of cf manipulations: 	4
	# of memory operations: 4
	# of types: 			2345



Using pass: pass_libfirm_opt_tail_rec -- No improvement
	# of nodes: 			26
	# of irgs: 				2
	# of cf manipulations: 	4
	# of memory operations: 4
	# of types: 			2345



Using pass: pass_libfirm_remove_unreachable -- No improvement
	# of nodes: 			26
	# of irgs: 				2
	# of cf manipulations: 	4
	# of memory operations: 4
	# of types: 			2345



Using pass: pass_libfirm_opt_tail_rec -- No improvement
	# of nodes: 			26
	# of irgs: 				2
	# of cf manipulations: 	4
	# of memory operations: 4
	# of types: 			2345



Using pass: pass_simplify_consts -- No improvement
	# of nodes: 			26
	# of irgs: 				2
	# of cf manipulations: 	4
	# of memory operations: 4
	# of types: 			2345



Using pass: pass_libfirm_normalize_n_returns -- No improvement
	# of nodes: 			26
	# of irgs: 				2
	# of cf manipulations: 	4
	# of memory operations: 4
	# of types: 			2345



Using pass: pass_libfirm_remove_bads -- No improvement
	# of nodes: 			26
	# of irgs: 				2
	# of cf manipulations: 	4
	# of memory operations: 4
	# of types: 			2345




 :: 2nd reduction cycle

Using pass: pass_gc_irgs_primitive -- Trying irg '_main' -- No improvement
Using pass: pass_gc_irgs_primitive -- Trying irg '_main' -- No improvement
Using pass: pass_gc_irgs_primitive -- Trying irg '_main' -- No improvement
Using pass: pass_gc_irgs_primitive -- Trying irg '_main' -- No improvement
Using pass: pass_gc_irgs_primitive -- Trying irg '_main' -- No improvement
Using pass: pass_gc_irgs_primitive -- Trying irg '_main' -- No improvement
Using pass: pass_gc_irgs_primitive -- Trying irg '_main' -- No improvement
Using pass: pass_gc_irgs_primitive -- Trying irg '_main' -- No improvement

______________________________

No further reduction possible.

Result:
	# of nodes: 			26
	# of irgs: 				2
	# of cf manipulations: 	4
	# of memory operations: 4
	# of types: 			2345

2018-08-26 20:02:05