2018-08-24 11:29:00 -- Firmreduce -- Results

Initial Test-case size:
	# of nodes: 			13195
	# of irgs: 				101
	# of cf manipulations: 	756
	# of memory operations: 2156
	# of types: 			2556


Using pass: pass_libfirm_gvn_pre -- Successful
	# of nodes: 			13532
	# of irgs: 				101
	# of cf manipulations: 	921
	# of memory operations: 2156
	# of types: 			2556



Using pass: pass_libfirm_normalize_n_returns -- Successful
	# of nodes: 			13519
	# of irgs: 				101
	# of cf manipulations: 	914
	# of memory operations: 2156
	# of types: 			2556



Using pass: pass_check_validity -- No improvement
	# of nodes: 			13519
	# of irgs: 				101
	# of cf manipulations: 	914
	# of memory operations: 2156
	# of types: 			2556



Using pass: pass_libfirm_remove_unreachable -- Successful
	# of nodes: 			13513
	# of irgs: 				101
	# of cf manipulations: 	914
	# of memory operations: 2156
	# of types: 			2556



Using pass: pass_libfirm_normalize_one_return -- Successful
	# of nodes: 			13809
	# of irgs: 				101
	# of cf manipulations: 	989
	# of memory operations: 2156
	# of types: 			2556



Using pass: pass_libfirm_optimize_graph_df -- Successful
	# of nodes: 			11001
	# of irgs: 				101
	# of cf manipulations: 	881
	# of memory operations: 1944
	# of types: 			2556



Using pass: pass_replace_return_values -- Successful
	# of nodes: 			10078
	# of irgs: 				101
	# of cf manipulations: 	677
	# of memory operations: 1938
	# of types: 			2556



Using pass: pass_libfirm_opt_parallelize_mem -- Successful
	# of nodes: 			10139
	# of irgs: 				101
	# of cf manipulations: 	677
	# of memory operations: 1938
	# of types: 			2556



Using pass: pass_replace_proj_primitive
	 :: Pass failed on irg 'r_func_92' -- Successful
	# of nodes: 			5027
	# of irgs: 				101
	# of cf manipulations: 	208
	# of memory operations: 1478
	# of types: 			2556



Using pass: pass_replace_arithmetic -- No improvement
	# of nodes: 			5027
	# of irgs: 				101
	# of cf manipulations: 	208
	# of memory operations: 1478
	# of types: 			2556



Using pass: pass_libfirm_do_loop_inversion -- No improvement
	# of nodes: 			5027
	# of irgs: 				101
	# of cf manipulations: 	208
	# of memory operations: 1478
	# of types: 			2556



Using pass: pass_gc_entitites -- No improvement
	# of nodes: 			5027
	# of irgs: 				101
	# of cf manipulations: 	208
	# of memory operations: 1478
	# of types: 			2556



Using pass: pass_libfirm_opt_jumpthreading -- No improvement
	# of nodes: 			5027
	# of irgs: 				101
	# of cf manipulations: 	208
	# of memory operations: 1478
	# of types: 			2556



Using pass: pass_libfirm_optimize_graph_df -- No improvement
	# of nodes: 			5027
	# of irgs: 				101
	# of cf manipulations: 	208
	# of memory operations: 1478
	# of types: 			2556



Using pass: pass_remove_stores -- Successful
	# of nodes: 			4160
	# of irgs: 				101
	# of cf manipulations: 	208
	# of memory operations: 1185
	# of types: 			2556



Using pass: pass_libfirm_opt_funccalls -- Successful
	# of nodes: 			4149
	# of irgs: 				101
	# of cf manipulations: 	208
	# of memory operations: 1182
	# of types: 			2556



Using pass: pass_gc_irgs_primitive
	 :: interestingness test failed on irg 'r_func_2'
	 :: interestingness test failed on irg 'r_func_32'
	 :: interestingness test failed on irg 'r_func_89'
	 :: interestingness test failed on irg 'r_func_75'
	 :: interestingness test failed on irg 'r_func_24'
	 :: interestingness test failed on irg 'r_func_30'
	 :: interestingness test failed on irg 'r_func_34'
	 :: interestingness test failed on irg 'r_func_25'
	 :: interestingness test failed on irg 'r_func_58'
	 :: interestingness test failed on irg 'r_func_27'
	 :: interestingness test failed on irg 'r_func_26'
	 :: interestingness test failed on irg 'r_func_95'
	 :: interestingness test failed on irg 'r_func_84'
	 :: interestingness test failed on irg 'r_func_78'
	 :: interestingness test failed on irg 'r_func_84'
	 :: interestingness test failed on irg 'r_func_17'
	 :: interestingness test failed on irg 'r_func_50'
	 :: interestingness test failed on irg 'r_func_47'
	 :: interestingness test failed on irg 'r_func_73'
	 :: interestingness test failed on irg 'r_func_82'
	 :: interestingness test failed on irg 'r_func_6'
	 :: interestingness test failed on irg 'r_func_73'
	 :: interestingness test failed on irg 'r_func_75'
	 :: interestingness test failed on irg 'r_func_10'
	 :: interestingness test failed on irg 'r_func_83'
	 :: interestingness test failed on irg 'r_func_96'
	 :: interestingness test failed on irg 'r_func_46'
	 :: interestingness test failed on irg 'r_func_49'
	 :: interestingness test failed on irg 'r_func_58'
	 :: interestingness test failed on irg 'r_func_19'
	 :: interestingness test failed on irg 'r_func_39'
	 :: interestingness test failed on irg 'r_func_22'
	 :: interestingness test failed on irg 'r_func_47'
	 :: interestingness test failed on irg 'r_func_57'
	 :: interestingness test failed on irg 'r_func_91'
	 :: interestingness test failed on irg 'r_func_17'
	 :: interestingness test failed on irg 'r_func_24'
	 :: interestingness test failed on irg 'r_func_19'
	 :: interestingness test failed on irg 'r_func_46'
	 :: interestingness test failed on irg 'r_func_33'
	 :: interestingness test failed on irg 'r_func_49'
	 :: interestingness test failed on irg 'r_func_30'
	 :: interestingness test failed on irg 'r_func_49'
	 :: interestingness test failed on irg 'r_func_34'
	 :: interestingness test failed on irg 'r_func_44'
	 :: interestingness test failed on irg 'r_func_49'
	 :: interestingness test failed on irg 'r_func_11'
	 :: interestingness test failed on irg 'r_func_34'
	 :: interestingness test failed on irg 'r_func_13'
	 :: interestingness test failed on irg 'r_func_10'
	 :: interestingness test failed on irg 'r_func_13'
	 :: interestingness test failed on irg 'r_func_6'
	 :: interestingness test failed on irg 'r_func_24'
	 :: interestingness test failed on irg 'r_func_35'
	 :: interestingness test failed on irg 'r_func_34'
	 :: interestingness test failed on irg 'r_func_57'
	 :: interestingness test failed on irg 'r_func_33'
	 :: interestingness test failed on irg 'r_func_24'
	 :: interestingness test failed on irg 'r_func_47'
	 :: interestingness test failed on irg 'r_func_21'
	 :: interestingness test failed on irg 'r_func_27'
	 :: interestingness test failed on irg 'r_func_13'
	 :: interestingness test failed on irg 'r_func_24'
	 :: interestingness test failed on irg 'r_func_98'
	 :: interestingness test failed on irg 'r_func_84'
	 :: interestingness test failed on irg 'r_func_45'
	 :: interestingness test failed on irg 'r_func_32'
	 :: interestingness test failed on irg 'r_func_75'
	 :: interestingness test failed on irg 'r_func_17'
	 :: interestingness test failed on irg 'r_func_35'
	 :: interestingness test failed on irg 'r_func_34'
	 :: interestingness test failed on irg 'r_func_45'
	 :: interestingness test failed on irg 'r_func_13'
	 :: interestingness test failed on irg 'r_func_37'
	 :: interestingness test failed on irg 'r_func_49'
	 :: interestingness test failed on irg 'r_func_13'
	 :: interestingness test failed on irg 'r_func_75'
	 :: interestingness test failed on irg 'r_func_58'
	 :: interestingness test failed on irg 'r_func_34'
	 :: interestingness test failed on irg 'r_func_50'
	 :: interestingness test failed on irg 'r_func_19'
	 :: interestingness test failed on irg 'r_func_61'
	 :: interestingness test failed on irg 'r_func_45'
	 :: interestingness test failed on irg 'r_func_37'
	 :: interestingness test failed on irg 'r_func_50'
	 :: interestingness test failed on irg 'r_func_98'
	 :: interestingness test failed on irg 'r_func_97'
	 :: interestingness test failed on irg 'r_func_98'
	 :: interestingness test failed on irg 'r_func_65'
	 :: interestingness test failed on irg 'r_func_22'
	 :: interestingness test failed on irg 'r_func_30'
	 :: interestingness test failed on irg 'r_func_4'
	 :: interestingness test failed on irg 'r_func_21'
	 :: interestingness test failed on irg 'r_func_11'
	 :: interestingness test failed on irg 'r_func_3'
	 :: interestingness test failed on irg 'r_func_34'
	 :: interestingness test failed on irg 'r_func_34'
	 :: interestingness test failed on irg 'r_func_37'
	 :: interestingness test failed on irg 'r_func_50'
	 :: interestingness test failed on irg 'r_func_46'
	 :: interestingness test failed on irg 'r_func_82'
	 :: interestingness test failed on irg 'r_func_78'
	 :: interestingness test failed on irg 'r_func_4'
	 :: interestingness test failed on irg 'r_func_65'
	 :: interestingness test failed on irg 'r_func_13'
	 :: interestingness test failed on irg 'r_func_57'
	 :: interestingness test failed on irg 'r_func_13'
	 :: interestingness test failed on irg 'r_func_21'
	 :: interestingness test failed on irg 'r_func_13'
	 :: interestingness test failed on irg 'r_func_13'
	 :: interestingness test failed on irg 'r_func_46'
	 :: interestingness test failed on irg 'r_func_61'
	 :: interestingness test failed on irg 'r_func_98'
	 :: interestingness test failed on irg 'r_func_35'
	 :: interestingness test failed on irg 'r_func_65'
	 :: interestingness test failed on irg 'r_func_21'
	 :: interestingness test failed on irg 'r_func_80'
	 :: interestingness test failed on irg 'r_func_61'
	 :: interestingness test failed on irg 'r_func_45'
	 :: interestingness test failed on irg 'r_func_80'
	 :: interestingness test failed on irg 'r_func_48'
	 :: interestingness test failed on irg 'r_func_46'
	 :: interestingness test failed on irg 'r_func_82'
	 :: interestingness test failed on irg 'r_func_78'
	 :: interestingness test failed on irg 'r_func_22'
	 :: interestingness test failed on irg 'r_func_32'
	 :: interestingness test failed on irg 'r_func_61'
	 :: interestingness test failed on irg 'r_func_42'
	 :: interestingness test failed on irg 'r_func_27'
	 :: interestingness test failed on irg 'r_func_68'
	 :: interestingness test failed on irg 'r_func_19'
	 :: interestingness test failed on irg 'r_func_42'
	 :: interestingness test failed on irg 'r_func_13'
	 :: interestingness test failed on irg 'r_func_61'
	 :: interestingness test failed on irg 'r_func_42'
	 :: interestingness test failed on irg 'r_func_46'
	 :: interestingness test failed on irg 'r_func_19'
	 :: interestingness test failed on irg 'r_func_27'
	 :: interestingness test failed on irg 'r_func_50'
	 :: interestingness test failed on irg 'r_func_75'
	 :: interestingness test failed on irg 'r_func_82'
	 :: interestingness test failed on irg 'r_func_49'
	 :: interestingness test failed on irg 'r_func_34'
	 :: interestingness test failed on irg 'r_func_11'
	 :: interestingness test failed on irg 'r_func_19'
	 :: interestingness test failed on irg 'r_func_35'
	 :: interestingness test failed on irg 'r_func_68'
	 :: interestingness test failed on irg 'r_func_61'
	 :: interestingness test failed on irg 'r_func_95'
	 :: interestingness test failed on irg 'r_func_97'
	 :: interestingness test failed on irg 'r_func_22'
	 :: interestingness test failed on irg 'r_func_98'
	 :: interestingness test failed on irg 'r_func_75'
	 :: interestingness test failed on irg 'r_func_47'
	 :: interestingness test failed on irg 'r_func_80'
	 :: interestingness test failed on irg 'r_func_50'
	 :: interestingness test failed on irg 'r_func_75'
	 :: interestingness test failed on irg 'r_func_97'
	 :: interestingness test failed on irg 'r_func_98'
	 :: interestingness test failed on irg 'r_func_73'
	 :: interestingness test failed on irg 'r_func_98'
	 :: interestingness test failed on irg 'r_func_22'
	 :: interestingness test failed on irg 'r_func_35'
	 :: interestingness test failed on irg 'r_func_82'
	 :: interestingness test failed on irg 'r_func_82'
	 :: interestingness test failed on irg 'r_func_48'
	 :: interestingness test failed on irg 'r_func_11'
	 :: interestingness test failed on irg 'r_func_78'
	 :: interestingness test failed on irg 'r_func_22'
	 :: interestingness test failed on irg 'r_func_58'
	 :: interestingness test failed on irg 'r_func_22'
	 :: interestingness test failed on irg 'r_func_45'
	 :: interestingness test failed on irg 'r_func_84'
	 :: interestingness test failed on irg 'r_func_45'
	 :: interestingness test failed on irg 'r_func_27'
	 :: interestingness test failed on irg 'r_func_30'
	 :: interestingness test failed on irg 'r_func_53'
	 :: interestingness test failed on irg 'r_func_46'
	 :: interestingness test failed on irg 'r_func_95' -- Successful
	# of nodes: 			1431
	# of irgs: 				36
	# of cf manipulations: 	74
	# of memory operations: 404
	# of types: 			2556



Using pass: pass_libfirm_scalar_replacement_opt -- No improvement
	# of nodes: 			1431
	# of irgs: 				36
	# of cf manipulations: 	74
	# of memory operations: 404
	# of types: 			2556



Using pass: pass_replace_return_values -- No improvement
	# of nodes: 			1431
	# of irgs: 				36
	# of cf manipulations: 	74
	# of memory operations: 404
	# of types: 			2556



Using pass: pass_libfirm_opt_parallelize_mem -- No improvement
	# of nodes: 			1431
	# of irgs: 				36
	# of cf manipulations: 	74
	# of memory operations: 404
	# of types: 			2556



Using pass: pass_libfirm_do_loop_peeling
	 :: Pass failed on irg 'r_func_47'
	 :: Pass failed on irg 'r_func_47'
	 :: Pass failed on irg 'r_func_84' -- No improvement
	# of nodes: 			1431
	# of irgs: 				36
	# of cf manipulations: 	74
	# of memory operations: 404
	# of types: 			2556



Using pass: pass_libfirm_optimize_cf -- No improvement
	# of nodes: 			1431
	# of irgs: 				36
	# of cf manipulations: 	74
	# of memory operations: 404
	# of types: 			2556



Using pass: pass_libfirm_normalize_n_returns -- No improvement
	# of nodes: 			1431
	# of irgs: 				36
	# of cf manipulations: 	74
	# of memory operations: 404
	# of types: 			2556



Using pass: pass_libfirm_optimize_graph_df -- No improvement
	# of nodes: 			1431
	# of irgs: 				36
	# of cf manipulations: 	74
	# of memory operations: 404
	# of types: 			2556



Using pass: pass_libfirm_opt_tail_rec -- No improvement
	# of nodes: 			1431
	# of irgs: 				36
	# of cf manipulations: 	74
	# of memory operations: 404
	# of types: 			2556



Using pass: pass_libfirm_scalar_replacement_opt -- No improvement
	# of nodes: 			1431
	# of irgs: 				36
	# of cf manipulations: 	74
	# of memory operations: 404
	# of types: 			2556



Using pass: pass_libfirm_opt_ldst
	 :: Pass failed on irg 'r_func_78'
	 :: Pass failed on irg 'r_func_35'
	 :: Pass failed on irg 'r_func_11'
	 :: Pass failed on irg 'r_func_3'
	 :: Pass failed on irg 'r_func_30'
	 :: Pass failed on irg 'r_func_48'
	 :: Pass failed on irg 'r_func_46'
	 :: Pass failed on irg 'r_func_21'
	 :: Pass failed on irg 'r_func_53'
	 :: Pass failed on irg 'r_func_3'
	 :: Pass failed on irg 'r_func_46'
	 :: Pass failed on irg 'r_func_21'
	 :: Pass failed on irg 'r_func_19'
	 :: Pass failed on irg 'r_func_49'
	 :: Pass failed on irg 'r_func_13'
	 :: Pass failed on irg 'r_func_61'
	 :: Pass failed on irg 'r_func_95'
	 :: Pass failed on irg 'r_func_78'
	 :: Pass failed on irg 'r_func_47'
	 :: Pass failed on irg 'r_func_35'
	 :: Pass failed on irg 'r_func_98'
	 :: Pass failed on irg 'r_func_61'
	 :: Pass failed on irg 'r_func_48'
	 :: Pass failed on irg 'r_func_45'
	 :: Pass failed on irg 'r_func_42'
	 :: Pass failed on irg 'r_func_53'
	 :: Pass failed on irg 'r_func_19'
	 :: Pass failed on irg 'r_func_3'
	 :: Pass failed on irg 'main'
	 :: Pass failed on irg 'r_func_80'
	 :: Pass failed on irg 'r_func_61'
	 :: Pass failed on irg 'r_func_47'
	 :: Pass failed on irg 'r_func_30'
	 :: Pass failed on irg 'r_func_42'
	 :: Pass failed on irg 'r_func_95'
	 :: Pass failed on irg 'r_func_84' -- No improvement
	# of nodes: 			1431
	# of irgs: 				36
	# of cf manipulations: 	74
	# of memory operations: 404
	# of types: 			2556



Using pass: pass_libfirm_opt_ldst
	 :: Pass failed on irg 'r_func_97'
	 :: Pass failed on irg 'r_func_35'
	 :: Pass failed on irg 'main'
	 :: Pass failed on irg 'r_func_57'
	 :: Pass failed on irg 'r_func_75'
	 :: Pass failed on irg 'r_func_45'
	 :: Pass failed on irg 'r_func_34'
	 :: Pass failed on irg 'r_func_84'
	 :: Pass failed on irg 'r_func_95'
	 :: Pass failed on irg 'r_func_95'
	 :: Pass failed on irg 'r_func_82'
	 :: Pass failed on irg 'r_func_48'
	 :: Pass failed on irg 'r_func_58'
	 :: Pass failed on irg 'r_func_78'
	 :: Pass failed on irg 'r_func_47'
	 :: Pass failed on irg 'r_func_57'
	 :: Pass failed on irg 'r_func_59'
	 :: Pass failed on irg 'r_func_57'
	 :: Pass failed on irg 'r_func_49'
	 :: Pass failed on irg 'r_func_30'
	 :: Pass failed on irg 'r_func_34'
	 :: Pass failed on irg 'r_func_12'
	 :: Pass failed on irg 'r_func_75'
	 :: Pass failed on irg 'r_func_30'
	 :: Pass failed on irg 'r_func_78'
	 :: Pass failed on irg 'r_func_27'
	 :: Pass failed on irg 'r_func_45'
	 :: Pass failed on irg 'r_func_49'
	 :: Pass failed on irg 'r_func_30'
	 :: Pass failed on irg 'r_func_68'
	 :: Pass failed on irg 'r_func_30'
	 :: Pass failed on irg 'r_func_49'
	 :: Pass failed on irg 'r_func_53'
	 :: Pass failed on irg 'r_func_80'
	 :: Pass failed on irg 'r_func_49'
	 :: Pass failed on irg 'r_func_68' -- No improvement
	# of nodes: 			1431
	# of irgs: 				36
	# of cf manipulations: 	74
	# of memory operations: 404
	# of types: 			2556



Using pass: pass_libfirm_normalize_n_returns -- No improvement
	# of nodes: 			1431
	# of irgs: 				36
	# of cf manipulations: 	74
	# of memory operations: 404
	# of types: 			2556



Using pass: pass_libfirm_normalize_one_return -- No improvement
	# of nodes: 			1431
	# of irgs: 				36
	# of cf manipulations: 	74
	# of memory operations: 404
	# of types: 			2556



Using pass: pass_libfirm_scalar_replacement_opt -- No improvement
	# of nodes: 			1431
	# of irgs: 				36
	# of cf manipulations: 	74
	# of memory operations: 404
	# of types: 			2556



Using pass: pass_remove_void_calls -- Successful
	# of nodes: 			1291
	# of irgs: 				36
	# of cf manipulations: 	74
	# of memory operations: 368
	# of types: 			2556



Using pass: pass_remove_void_calls -- No improvement
	# of nodes: 			1291
	# of irgs: 				36
	# of cf manipulations: 	74
	# of memory operations: 368
	# of types: 			2556



Using pass: pass_libfirm_opt_bool -- No improvement
	# of nodes: 			1291
	# of irgs: 				36
	# of cf manipulations: 	74
	# of memory operations: 368
	# of types: 			2556



Using pass: pass_replace_loads
	 :: Pass failed on irg 'r_func_35'
	 :: Pass failed on irg 'r_func_34'
	 :: Pass failed on irg 'r_func_45'
	 :: Pass failed on irg 'r_func_59'
	 :: Pass failed on irg 'r_func_98'
	 :: Pass failed on irg 'r_func_84'
	 :: Pass failed on irg 'r_func_57'
	 :: Pass failed on irg 'r_func_80'
	 :: Pass failed on irg 'r_func_22'
	 :: Pass failed on irg 'r_func_97'
	 :: Pass failed on irg 'r_func_22'
	 :: Pass failed on irg 'r_func_22'
	 :: Pass failed on irg 'r_func_11'
	 :: Pass failed on irg 'r_func_47'
	 :: Pass failed on irg 'r_func_19'
	 :: Pass failed on irg 'r_func_68'
	 :: Pass failed on irg 'r_func_3'
	 :: Pass failed on irg 'r_func_82'
	 :: Pass failed on irg 'r_func_58'
	 :: Pass failed on irg 'r_func_59'
	 :: Pass failed on irg 'r_func_98'
	 :: Pass failed on irg 'r_func_68'
	 :: Pass failed on irg 'r_func_12'
	 :: Pass failed on irg 'r_func_27'
	 :: Pass failed on irg 'r_func_58'
	 :: Pass failed on irg 'r_func_21'
	 :: Pass failed on irg 'r_func_95'
	 :: Pass failed on irg 'r_func_82'
	 :: Pass failed on irg 'r_func_46'
	 :: Pass failed on irg 'r_func_53'
	 :: Pass failed on irg 'r_func_75'
	 :: Pass failed on irg 'r_func_48'
	 :: Pass failed on irg 'r_func_19'
	 :: Pass failed on irg 'r_func_53'
	 :: Pass failed on irg 'r_func_4'
	 :: Pass failed on irg 'r_func_59' -- No improvement
	# of nodes: 			1291
	# of irgs: 				36
	# of cf manipulations: 	74
	# of memory operations: 368
	# of types: 			2556



Using pass: pass_replace_return_values -- No improvement
	# of nodes: 			1291
	# of irgs: 				36
	# of cf manipulations: 	74
	# of memory operations: 368
	# of types: 			2556



Using pass: pass_gc_irgs -- Successful
	# of nodes: 			106
	# of irgs: 				2
	# of cf manipulations: 	4
	# of memory operations: 38
	# of types: 			2556



Using pass: pass_check_validity -- No improvement
	# of nodes: 			106
	# of irgs: 				2
	# of cf manipulations: 	4
	# of memory operations: 38
	# of types: 			2556



Using pass: pass_remove_void_calls -- No improvement
	# of nodes: 			106
	# of irgs: 				2
	# of cf manipulations: 	4
	# of memory operations: 38
	# of types: 			2556



Using pass: pass_gc_entitites -- No improvement
	# of nodes: 			106
	# of irgs: 				2
	# of cf manipulations: 	4
	# of memory operations: 38
	# of types: 			2556



Using pass: pass_libfirm_gvn_pre -- No improvement
	# of nodes: 			106
	# of irgs: 				2
	# of cf manipulations: 	4
	# of memory operations: 38
	# of types: 			2556



Using pass: pass_libfirm_do_loop_inversion -- No improvement
	# of nodes: 			106
	# of irgs: 				2
	# of cf manipulations: 	4
	# of memory operations: 38
	# of types: 			2556



Using pass: pass_libfirm_opt_tail_rec -- No improvement
	# of nodes: 			106
	# of irgs: 				2
	# of cf manipulations: 	4
	# of memory operations: 38
	# of types: 			2556



Using pass: pass_libfirm_do_loop_inversion -- No improvement
	# of nodes: 			106
	# of irgs: 				2
	# of cf manipulations: 	4
	# of memory operations: 38
	# of types: 			2556



Using pass: pass_libfirm_do_loop_inversion -- No improvement
	# of nodes: 			106
	# of irgs: 				2
	# of cf manipulations: 	4
	# of memory operations: 38
	# of types: 			2556



Using pass: pass_libfirm_gvn_pre -- No improvement
	# of nodes: 			106
	# of irgs: 				2
	# of cf manipulations: 	4
	# of memory operations: 38
	# of types: 			2556



Using pass: pass_libfirm_do_loop_peeling -- No improvement
	# of nodes: 			106
	# of irgs: 				2
	# of cf manipulations: 	4
	# of memory operations: 38
	# of types: 			2556



Using pass: pass_libfirm_opt_parallelize_mem -- Successful
	# of nodes: 			107
	# of irgs: 				2
	# of cf manipulations: 	4
	# of memory operations: 38
	# of types: 			2556



Using pass: pass_libfirm_combo -- No improvement
	# of nodes: 			107
	# of irgs: 				2
	# of cf manipulations: 	4
	# of memory operations: 38
	# of types: 			2556



Using pass: pass_libfirm_do_loop_unrolling -- No improvement
	# of nodes: 			107
	# of irgs: 				2
	# of cf manipulations: 	4
	# of memory operations: 38
	# of types: 			2556



Using pass: pass_simplify_consts -- Successful
	# of nodes: 			103
	# of irgs: 				2
	# of cf manipulations: 	4
	# of memory operations: 38
	# of types: 			2556



Using pass: pass_gc_irgs_primitive -- No improvement
	# of nodes: 			103
	# of irgs: 				2
	# of cf manipulations: 	4
	# of memory operations: 38
	# of types: 			2556



Using pass: pass_libfirm_opt_frame -- No improvement
	# of nodes: 			103
	# of irgs: 				2
	# of cf manipulations: 	4
	# of memory operations: 38
	# of types: 			2556



Using pass: pass_libfirm_optimize_cf -- No improvement
	# of nodes: 			103
	# of irgs: 				2
	# of cf manipulations: 	4
	# of memory operations: 38
	# of types: 			2556



Using pass: pass_libfirm_opt_funccalls -- No improvement
	# of nodes: 			103
	# of irgs: 				2
	# of cf manipulations: 	4
	# of memory operations: 38
	# of types: 			2556



Using pass: pass_libfirm_do_loop_inversion -- No improvement
	# of nodes: 			103
	# of irgs: 				2
	# of cf manipulations: 	4
	# of memory operations: 38
	# of types: 			2556



Using pass: pass_check_validity -- No improvement
	# of nodes: 			103
	# of irgs: 				2
	# of cf manipulations: 	4
	# of memory operations: 38
	# of types: 			2556



Using pass: pass_libfirm_do_loop_inversion -- No improvement
	# of nodes: 			103
	# of irgs: 				2
	# of cf manipulations: 	4
	# of memory operations: 38
	# of types: 			2556



Using pass: pass_libfirm_normalize_n_returns -- No improvement
	# of nodes: 			103
	# of irgs: 				2
	# of cf manipulations: 	4
	# of memory operations: 38
	# of types: 			2556



Using pass: pass_libfirm_optimize_reassociation -- No improvement
	# of nodes: 			103
	# of irgs: 				2
	# of cf manipulations: 	4
	# of memory operations: 38
	# of types: 			2556



Using pass: pass_libfirm_opt_parallelize_mem -- No improvement
	# of nodes: 			103
	# of irgs: 				2
	# of cf manipulations: 	4
	# of memory operations: 38
	# of types: 			2556



Using pass: pass_libfirm_do_loop_unrolling -- No improvement
	# of nodes: 			103
	# of irgs: 				2
	# of cf manipulations: 	4
	# of memory operations: 38
	# of types: 			2556



Using pass: pass_libfirm_optimize_load_store -- Successful
	# of nodes: 			72
	# of irgs: 				2
	# of cf manipulations: 	4
	# of memory operations: 27
	# of types: 			2556



Using pass: pass_libfirm_dead_code_elimination -- No improvement
	# of nodes: 			72
	# of irgs: 				2
	# of cf manipulations: 	4
	# of memory operations: 27
	# of types: 			2556



Using pass: pass_libfirm_optimize_load_store -- No improvement
	# of nodes: 			72
	# of irgs: 				2
	# of cf manipulations: 	4
	# of memory operations: 27
	# of types: 			2556



Using pass: pass_libfirm_opt_blocks -- No improvement
	# of nodes: 			72
	# of irgs: 				2
	# of cf manipulations: 	4
	# of memory operations: 27
	# of types: 			2556



Using pass: pass_libfirm_opt_parallelize_mem -- Successful
	# of nodes: 			69
	# of irgs: 				2
	# of cf manipulations: 	4
	# of memory operations: 27
	# of types: 			2556



Using pass: pass_libfirm_remove_critical_cf_edges -- No improvement
	# of nodes: 			69
	# of irgs: 				2
	# of cf manipulations: 	4
	# of memory operations: 27
	# of types: 			2556



Using pass: pass_libfirm_combo -- No improvement
	# of nodes: 			69
	# of irgs: 				2
	# of cf manipulations: 	4
	# of memory operations: 27
	# of types: 			2556



Using pass: pass_libfirm_opt_ldst
	 :: Pass failed on irg 'main'
	 :: Pass failed on irg 'main' -- No improvement
	# of nodes: 			69
	# of irgs: 				2
	# of cf manipulations: 	4
	# of memory operations: 27
	# of types: 			2556



Using pass: pass_libfirm_remove_tuples -- No improvement
	# of nodes: 			69
	# of irgs: 				2
	# of cf manipulations: 	4
	# of memory operations: 27
	# of types: 			2556



Using pass: pass_libfirm_normalize_one_return -- No improvement
	# of nodes: 			69
	# of irgs: 				2
	# of cf manipulations: 	4
	# of memory operations: 27
	# of types: 			2556



Using pass: pass_libfirm_gvn_pre -- No improvement
	# of nodes: 			69
	# of irgs: 				2
	# of cf manipulations: 	4
	# of memory operations: 27
	# of types: 			2556



Using pass: pass_libfirm_opt_funccalls -- No improvement
	# of nodes: 			69
	# of irgs: 				2
	# of cf manipulations: 	4
	# of memory operations: 27
	# of types: 			2556



Using pass: pass_libfirm_gvn_pre -- No improvement
	# of nodes: 			69
	# of irgs: 				2
	# of cf manipulations: 	4
	# of memory operations: 27
	# of types: 			2556



Using pass: pass_libfirm_do_loop_inversion -- No improvement
	# of nodes: 			69
	# of irgs: 				2
	# of cf manipulations: 	4
	# of memory operations: 27
	# of types: 			2556



Using pass: pass_libfirm_remove_bads -- No improvement
	# of nodes: 			69
	# of irgs: 				2
	# of cf manipulations: 	4
	# of memory operations: 27
	# of types: 			2556



Using pass: pass_replace_proj_primitive -- No improvement
	# of nodes: 			69
	# of irgs: 				2
	# of cf manipulations: 	4
	# of memory operations: 27
	# of types: 			2556



Using pass: pass_libfirm_opt_ldst
	 :: Pass failed on irg 'main'
	 :: Pass failed on irg 'r_func_49' -- No improvement
	# of nodes: 			69
	# of irgs: 				2
	# of cf manipulations: 	4
	# of memory operations: 27
	# of types: 			2556



Using pass: pass_libfirm_optimize_graph_df -- No improvement
	# of nodes: 			69
	# of irgs: 				2
	# of cf manipulations: 	4
	# of memory operations: 27
	# of types: 			2556



Using pass: pass_remove_allocs -- Successful
	# of nodes: 			14
	# of irgs: 				2
	# of cf manipulations: 	4
	# of memory operations: 0
	# of types: 			2556



Using pass: pass_libfirm_opt_ldst
	 :: Pass failed on irg 'r_func_49'
	 :: Pass failed on irg 'r_func_49' -- No improvement
	# of nodes: 			14
	# of irgs: 				2
	# of cf manipulations: 	4
	# of memory operations: 0
	# of types: 			2556



Using pass: pass_replace_return_values -- No improvement
	# of nodes: 			14
	# of irgs: 				2
	# of cf manipulations: 	4
	# of memory operations: 0
	# of types: 			2556



Using pass: pass_replace_arithmetic -- No improvement
	# of nodes: 			14
	# of irgs: 				2
	# of cf manipulations: 	4
	# of memory operations: 0
	# of types: 			2556



Using pass: pass_libfirm_do_loop_peeling -- No improvement
	# of nodes: 			14
	# of irgs: 				2
	# of cf manipulations: 	4
	# of memory operations: 0
	# of types: 			2556



Using pass: pass_libfirm_optimize_load_store -- No improvement
	# of nodes: 			14
	# of irgs: 				2
	# of cf manipulations: 	4
	# of memory operations: 0
	# of types: 			2556



Using pass: pass_libfirm_opt_bool -- No improvement
	# of nodes: 			14
	# of irgs: 				2
	# of cf manipulations: 	4
	# of memory operations: 0
	# of types: 			2556



Using pass: pass_replace_switch_selectors -- No improvement
	# of nodes: 			14
	# of irgs: 				2
	# of cf manipulations: 	4
	# of memory operations: 0
	# of types: 			2556



Using pass: pass_gc_irgs_primitive -- No improvement
	# of nodes: 			14
	# of irgs: 				2
	# of cf manipulations: 	4
	# of memory operations: 0
	# of types: 			2556



Using pass: pass_libfirm_do_loop_inversion -- No improvement
	# of nodes: 			14
	# of irgs: 				2
	# of cf manipulations: 	4
	# of memory operations: 0
	# of types: 			2556



Using pass: pass_gc_irgs_primitive -- Successful
	# of nodes: 			7
	# of irgs: 				1
	# of cf manipulations: 	2
	# of memory operations: 0
	# of types: 			2556



Using pass: pass_check_validity -- No improvement
	# of nodes: 			7
	# of irgs: 				1
	# of cf manipulations: 	2
	# of memory operations: 0
	# of types: 			2556



Using pass: pass_replace_proj_primitive -- No improvement
	# of nodes: 			7
	# of irgs: 				1
	# of cf manipulations: 	2
	# of memory operations: 0
	# of types: 			2556



Using pass: pass_replace_cond_selectors -- No improvement
	# of nodes: 			7
	# of irgs: 				1
	# of cf manipulations: 	2
	# of memory operations: 0
	# of types: 			2556



Using pass: pass_libfirm_do_loop_peeling -- No improvement
	# of nodes: 			7
	# of irgs: 				1
	# of cf manipulations: 	2
	# of memory operations: 0
	# of types: 			2556



Using pass: pass_libfirm_opt_funccalls -- No improvement
	# of nodes: 			7
	# of irgs: 				1
	# of cf manipulations: 	2
	# of memory operations: 0
	# of types: 			2556



Using pass: pass_libfirm_opt_funccalls -- No improvement
	# of nodes: 			7
	# of irgs: 				1
	# of cf manipulations: 	2
	# of memory operations: 0
	# of types: 			2556



Using pass: pass_replace_mux_selectors -- No improvement
	# of nodes: 			7
	# of irgs: 				1
	# of cf manipulations: 	2
	# of memory operations: 0
	# of types: 			2556



Using pass: pass_libfirm_do_loop_inversion -- No improvement
	# of nodes: 			7
	# of irgs: 				1
	# of cf manipulations: 	2
	# of memory operations: 0
	# of types: 			2556



Using pass: pass_gc_entitites -- No improvement
	# of nodes: 			7
	# of irgs: 				1
	# of cf manipulations: 	2
	# of memory operations: 0
	# of types: 			2556



Using pass: pass_gc_irgs -- No improvement
	# of nodes: 			7
	# of irgs: 				1
	# of cf manipulations: 	2
	# of memory operations: 0
	# of types: 			2556



Using pass: pass_libfirm_opt_if_conv -- No improvement
	# of nodes: 			7
	# of irgs: 				1
	# of cf manipulations: 	2
	# of memory operations: 0
	# of types: 			2556



Using pass: pass_libfirm_construct_confirms -- No improvement
	# of nodes: 			7
	# of irgs: 				1
	# of cf manipulations: 	2
	# of memory operations: 0
	# of types: 			2556



Using pass: pass_check_validity -- No improvement
	# of nodes: 			7
	# of irgs: 				1
	# of cf manipulations: 	2
	# of memory operations: 0
	# of types: 			2556



Using pass: pass_libfirm_remove_critical_cf_edges -- No improvement
	# of nodes: 			7
	# of irgs: 				1
	# of cf manipulations: 	2
	# of memory operations: 0
	# of types: 			2556



Using pass: pass_libfirm_optimize_graph_df -- No improvement
	# of nodes: 			7
	# of irgs: 				1
	# of cf manipulations: 	2
	# of memory operations: 0
	# of types: 			2556



Using pass: pass_libfirm_do_loop_unrolling -- No improvement
	# of nodes: 			7
	# of irgs: 				1
	# of cf manipulations: 	2
	# of memory operations: 0
	# of types: 			2556



Using pass: pass_libfirm_do_loop_inversion -- No improvement
	# of nodes: 			7
	# of irgs: 				1
	# of cf manipulations: 	2
	# of memory operations: 0
	# of types: 			2556



Using pass: pass_libfirm_optimize_graph_df -- No improvement
	# of nodes: 			7
	# of irgs: 				1
	# of cf manipulations: 	2
	# of memory operations: 0
	# of types: 			2556



Using pass: pass_replace_cond_selectors -- No improvement
	# of nodes: 			7
	# of irgs: 				1
	# of cf manipulations: 	2
	# of memory operations: 0
	# of types: 			2556



Using pass: pass_libfirm_optimize_cf -- No improvement
	# of nodes: 			7
	# of irgs: 				1
	# of cf manipulations: 	2
	# of memory operations: 0
	# of types: 			2556



Using pass: pass_gc_irgs -- No improvement
	# of nodes: 			7
	# of irgs: 				1
	# of cf manipulations: 	2
	# of memory operations: 0
	# of types: 			2556



Using pass: pass_libfirm_optimize_cf -- No improvement
	# of nodes: 			7
	# of irgs: 				1
	# of cf manipulations: 	2
	# of memory operations: 0
	# of types: 			2556



Using pass: pass_libfirm_combo -- No improvement
	# of nodes: 			7
	# of irgs: 				1
	# of cf manipulations: 	2
	# of memory operations: 0
	# of types: 			2556



Using pass: pass_libfirm_gvn_pre -- No improvement
	# of nodes: 			7
	# of irgs: 				1
	# of cf manipulations: 	2
	# of memory operations: 0
	# of types: 			2556



Using pass: pass_replace_return_values -- No improvement
	# of nodes: 			7
	# of irgs: 				1
	# of cf manipulations: 	2
	# of memory operations: 0
	# of types: 			2556



Using pass: pass_libfirm_gvn_pre -- No improvement
	# of nodes: 			7
	# of irgs: 				1
	# of cf manipulations: 	2
	# of memory operations: 0
	# of types: 			2556



Using pass: pass_libfirm_remove_critical_cf_edges -- No improvement
	# of nodes: 			7
	# of irgs: 				1
	# of cf manipulations: 	2
	# of memory operations: 0
	# of types: 			2556



Using pass: pass_libfirm_occult_consts -- No improvement
	# of nodes: 			7
	# of irgs: 				1
	# of cf manipulations: 	2
	# of memory operations: 0
	# of types: 			2556



Using pass: pass_check_validity -- No improvement
	# of nodes: 			7
	# of irgs: 				1
	# of cf manipulations: 	2
	# of memory operations: 0
	# of types: 			2556



Using pass: pass_replace_switch_selectors -- No improvement
	# of nodes: 			7
	# of irgs: 				1
	# of cf manipulations: 	2
	# of memory operations: 0
	# of types: 			2556



Using pass: pass_replace_cond_selectors -- No improvement
	# of nodes: 			7
	# of irgs: 				1
	# of cf manipulations: 	2
	# of memory operations: 0
	# of types: 			2556



Using pass: pass_libfirm_optimize_graph_df -- No improvement
	# of nodes: 			7
	# of irgs: 				1
	# of cf manipulations: 	2
	# of memory operations: 0
	# of types: 			2556



Using pass: pass_libfirm_optimize_cf -- No improvement
	# of nodes: 			7
	# of irgs: 				1
	# of cf manipulations: 	2
	# of memory operations: 0
	# of types: 			2556



Using pass: pass_libfirm_normalize_n_returns -- No improvement
	# of nodes: 			7
	# of irgs: 				1
	# of cf manipulations: 	2
	# of memory operations: 0
	# of types: 			2556



Using pass: pass_libfirm_optimize_reassociation -- No improvement
	# of nodes: 			7
	# of irgs: 				1
	# of cf manipulations: 	2
	# of memory operations: 0
	# of types: 			2556



Using pass: pass_libfirm_opt_bool -- No improvement
	# of nodes: 			7
	# of irgs: 				1
	# of cf manipulations: 	2
	# of memory operations: 0
	# of types: 			2556



Using pass: pass_simplify_consts -- No improvement
	# of nodes: 			7
	# of irgs: 				1
	# of cf manipulations: 	2
	# of memory operations: 0
	# of types: 			2556



Using pass: pass_replace_members -- No improvement
	# of nodes: 			7
	# of irgs: 				1
	# of cf manipulations: 	2
	# of memory operations: 0
	# of types: 			2556



Using pass: pass_libfirm_opt_blocks -- No improvement
	# of nodes: 			7
	# of irgs: 				1
	# of cf manipulations: 	2
	# of memory operations: 0
	# of types: 			2556



Using pass: pass_libfirm_opt_parallelize_mem -- No improvement
	# of nodes: 			7
	# of irgs: 				1
	# of cf manipulations: 	2
	# of memory operations: 0
	# of types: 			2556



Using pass: pass_libfirm_opt_jumpthreading -- No improvement
	# of nodes: 			7
	# of irgs: 				1
	# of cf manipulations: 	2
	# of memory operations: 0
	# of types: 			2556



Using pass: pass_libfirm_normalize_n_returns -- No improvement
	# of nodes: 			7
	# of irgs: 				1
	# of cf manipulations: 	2
	# of memory operations: 0
	# of types: 			2556



Using pass: pass_libfirm_optimize_cf -- No improvement
	# of nodes: 			7
	# of irgs: 				1
	# of cf manipulations: 	2
	# of memory operations: 0
	# of types: 			2556



Using pass: pass_gc_entitites -- No improvement
	# of nodes: 			7
	# of irgs: 				1
	# of cf manipulations: 	2
	# of memory operations: 0
	# of types: 			2556



Using pass: pass_replace_mux_selectors -- No improvement
	# of nodes: 			7
	# of irgs: 				1
	# of cf manipulations: 	2
	# of memory operations: 0
	# of types: 			2556



Using pass: pass_libfirm_remove_critical_cf_edges -- No improvement
	# of nodes: 			7
	# of irgs: 				1
	# of cf manipulations: 	2
	# of memory operations: 0
	# of types: 			2556



Using pass: pass_libfirm_remove_unreachable -- No improvement
	# of nodes: 			7
	# of irgs: 				1
	# of cf manipulations: 	2
	# of memory operations: 0
	# of types: 			2556




 :: 2nd reduction cycle

Using pass: pass_gc_irgs_primitive -- Trying irg 'r_func_2' -- No improvement
Using pass: pass_gc_irgs_primitive -- Trying irg 'r_func_32' -- No improvement
Using pass: pass_gc_irgs_primitive -- Trying irg 'r_func_89' -- No improvement
Using pass: pass_gc_irgs_primitive -- Trying irg 'r_func_75' -- No improvement
Using pass: pass_gc_irgs_primitive -- Trying irg 'r_func_24' -- No improvement
Using pass: pass_gc_irgs_primitive -- Trying irg 'r_func_30' -- No improvement
Using pass: pass_gc_irgs_primitive -- Trying irg 'r_func_34' -- No improvement
Using pass: pass_gc_irgs_primitive -- Trying irg 'r_func_25' -- No improvement
Using pass: pass_gc_irgs_primitive -- Trying irg 'r_func_58' -- No improvement
Using pass: pass_gc_irgs_primitive -- Trying irg 'r_func_27' -- No improvement
Using pass: pass_gc_irgs_primitive -- Trying irg 'r_func_26' -- No improvement
Using pass: pass_gc_irgs_primitive -- Trying irg 'r_func_95' -- No improvement
Using pass: pass_gc_irgs_primitive -- Trying irg 'r_func_84' -- No improvement
Using pass: pass_gc_irgs_primitive -- Trying irg 'r_func_78' -- No improvement
Using pass: pass_gc_irgs_primitive -- Trying irg 'r_func_84' -- No improvement
Using pass: pass_gc_irgs_primitive -- Trying irg 'r_func_17' -- No improvement
Using pass: pass_gc_irgs_primitive -- Trying irg 'r_func_50' -- No improvement
Using pass: pass_gc_irgs_primitive -- Trying irg 'r_func_47' -- No improvement
Using pass: pass_gc_irgs_primitive -- Trying irg 'r_func_73' -- No improvement
Using pass: pass_gc_irgs_primitive -- Trying irg 'r_func_82' -- No improvement
Using pass: pass_gc_irgs_primitive -- Trying irg 'r_func_6' -- No improvement
Using pass: pass_gc_irgs_primitive -- Trying irg 'r_func_73' -- No improvement
Using pass: pass_gc_irgs_primitive -- Trying irg 'r_func_75' -- No improvement
Using pass: pass_gc_irgs_primitive -- Trying irg 'r_func_10' -- No improvement
Using pass: pass_gc_irgs_primitive -- Trying irg 'r_func_83' -- No improvement
Using pass: pass_gc_irgs_primitive -- Trying irg 'r_func_96' -- No improvement
Using pass: pass_gc_irgs_primitive -- Trying irg 'r_func_46' -- No improvement
Using pass: pass_gc_irgs_primitive -- Trying irg 'r_func_49' -- No improvement
Using pass: pass_gc_irgs_primitive -- Trying irg 'r_func_58' -- No improvement
Using pass: pass_gc_irgs_primitive -- Trying irg 'r_func_19' -- No improvement
Using pass: pass_gc_irgs_primitive -- Trying irg 'r_func_39' -- No improvement
Using pass: pass_gc_irgs_primitive -- Trying irg 'r_func_22' -- No improvement
Using pass: pass_gc_irgs_primitive -- Trying irg 'r_func_47' -- No improvement
Using pass: pass_gc_irgs_primitive -- Trying irg 'r_func_57' -- No improvement
Using pass: pass_gc_irgs_primitive -- Trying irg 'r_func_91' -- No improvement
Using pass: pass_gc_irgs_primitive -- Trying irg 'r_func_17' -- No improvement
Using pass: pass_gc_irgs_primitive -- Trying irg 'r_func_24' -- No improvement
Using pass: pass_gc_irgs_primitive -- Trying irg 'r_func_19' -- No improvement
Using pass: pass_gc_irgs_primitive -- Trying irg 'r_func_46' -- No improvement
Using pass: pass_gc_irgs_primitive -- Trying irg 'r_func_33' -- No improvement
Using pass: pass_gc_irgs_primitive -- Trying irg 'r_func_49' -- No improvement
Using pass: pass_gc_irgs_primitive -- Trying irg 'r_func_30' -- No improvement
Using pass: pass_gc_irgs_primitive -- Trying irg 'r_func_49' -- No improvement
Using pass: pass_gc_irgs_primitive -- Trying irg 'r_func_34' -- No improvement
Using pass: pass_gc_irgs_primitive -- Trying irg 'r_func_44' -- No improvement
Using pass: pass_gc_irgs_primitive -- Trying irg 'r_func_49' -- No improvement
Using pass: pass_gc_irgs_primitive -- Trying irg 'r_func_11' -- No improvement
Using pass: pass_gc_irgs_primitive -- Trying irg 'r_func_34' -- No improvement
Using pass: pass_gc_irgs_primitive -- Trying irg 'r_func_13' -- No improvement
Using pass: pass_gc_irgs_primitive -- Trying irg 'r_func_10' -- No improvement
Using pass: pass_gc_irgs_primitive -- Trying irg 'r_func_13' -- No improvement
Using pass: pass_gc_irgs_primitive -- Trying irg 'r_func_6' -- No improvement
Using pass: pass_gc_irgs_primitive -- Trying irg 'r_func_24' -- No improvement
Using pass: pass_gc_irgs_primitive -- Trying irg 'r_func_35' -- No improvement
Using pass: pass_gc_irgs_primitive -- Trying irg 'r_func_34' -- No improvement
Using pass: pass_gc_irgs_primitive -- Trying irg 'r_func_57' -- No improvement
Using pass: pass_gc_irgs_primitive -- Trying irg 'r_func_33' -- No improvement
Using pass: pass_gc_irgs_primitive -- Trying irg 'r_func_24' -- No improvement
Using pass: pass_gc_irgs_primitive -- Trying irg 'r_func_47' -- No improvement
Using pass: pass_gc_irgs_primitive -- Trying irg 'r_func_21' -- No improvement
Using pass: pass_gc_irgs_primitive -- Trying irg 'r_func_27' -- No improvement
Using pass: pass_gc_irgs_primitive -- Trying irg 'r_func_13' -- No improvement
Using pass: pass_gc_irgs_primitive -- Trying irg 'r_func_24' -- No improvement
Using pass: pass_gc_irgs_primitive -- Trying irg 'r_func_98' -- No improvement
Using pass: pass_gc_irgs_primitive -- Trying irg 'r_func_84' -- No improvement
Using pass: pass_gc_irgs_primitive -- Trying irg 'r_func_45' -- No improvement
Using pass: pass_gc_irgs_primitive -- Trying irg 'r_func_32' -- No improvement
Using pass: pass_gc_irgs_primitive -- Trying irg 'r_func_75' -- No improvement
Using pass: pass_gc_irgs_primitive -- Trying irg 'r_func_17' -- No improvement
Using pass: pass_gc_irgs_primitive -- Trying irg 'r_func_35' -- No improvement
Using pass: pass_gc_irgs_primitive -- Trying irg 'r_func_34' -- No improvement
Using pass: pass_gc_irgs_primitive -- Trying irg 'r_func_45' -- No improvement
Using pass: pass_gc_irgs_primitive -- Trying irg 'r_func_13' -- No improvement
Using pass: pass_gc_irgs_primitive -- Trying irg 'r_func_37' -- No improvement
Using pass: pass_gc_irgs_primitive -- Trying irg 'r_func_49' -- No improvement
Using pass: pass_gc_irgs_primitive -- Trying irg 'r_func_13' -- No improvement
Using pass: pass_gc_irgs_primitive -- Trying irg 'r_func_75' -- No improvement
Using pass: pass_gc_irgs_primitive -- Trying irg 'r_func_58' -- No improvement
Using pass: pass_gc_irgs_primitive -- Trying irg 'r_func_34' -- No improvement
Using pass: pass_gc_irgs_primitive -- Trying irg 'r_func_50' -- No improvement
Using pass: pass_gc_irgs_primitive -- Trying irg 'r_func_19' -- No improvement
Using pass: pass_gc_irgs_primitive -- Trying irg 'r_func_61' -- No improvement
Using pass: pass_gc_irgs_primitive -- Trying irg 'r_func_45' -- No improvement
Using pass: pass_gc_irgs_primitive -- Trying irg 'r_func_37' -- No improvement
Using pass: pass_gc_irgs_primitive -- Trying irg 'r_func_50' -- No improvement
Using pass: pass_gc_irgs_primitive -- Trying irg 'r_func_98' -- No improvement
Using pass: pass_gc_irgs_primitive -- Trying irg 'r_func_97' -- No improvement
Using pass: pass_gc_irgs_primitive -- Trying irg 'r_func_98' -- No improvement
Using pass: pass_gc_irgs_primitive -- Trying irg 'r_func_65' -- No improvement
Using pass: pass_gc_irgs_primitive -- Trying irg 'r_func_22' -- No improvement
Using pass: pass_gc_irgs_primitive -- Trying irg 'r_func_30' -- No improvement
Using pass: pass_gc_irgs_primitive -- Trying irg 'r_func_4' -- No improvement
Using pass: pass_gc_irgs_primitive -- Trying irg 'r_func_21' -- No improvement
Using pass: pass_gc_irgs_primitive -- Trying irg 'r_func_11' -- No improvement
Using pass: pass_gc_irgs_primitive -- Trying irg 'r_func_3' -- No improvement
Using pass: pass_gc_irgs_primitive -- Trying irg 'r_func_34' -- No improvement
Using pass: pass_gc_irgs_primitive -- Trying irg 'r_func_34' -- No improvement
Using pass: pass_gc_irgs_primitive -- Trying irg 'r_func_37' -- No improvement
Using pass: pass_gc_irgs_primitive -- Trying irg 'r_func_50' -- No improvement
Using pass: pass_gc_irgs_primitive -- Trying irg 'r_func_46' -- No improvement
Using pass: pass_gc_irgs_primitive -- Trying irg 'r_func_82' -- No improvement
Using pass: pass_gc_irgs_primitive -- Trying irg 'r_func_78' -- No improvement
Using pass: pass_gc_irgs_primitive -- Trying irg 'r_func_4' -- No improvement
Using pass: pass_gc_irgs_primitive -- Trying irg 'r_func_65' -- No improvement
Using pass: pass_gc_irgs_primitive -- Trying irg 'r_func_13' -- No improvement
Using pass: pass_gc_irgs_primitive -- Trying irg 'r_func_57' -- No improvement
Using pass: pass_gc_irgs_primitive -- Trying irg 'r_func_13' -- No improvement
Using pass: pass_gc_irgs_primitive -- Trying irg 'r_func_21' -- No improvement
Using pass: pass_gc_irgs_primitive -- Trying irg 'r_func_13' -- No improvement
Using pass: pass_gc_irgs_primitive -- Trying irg 'r_func_13' -- No improvement
Using pass: pass_gc_irgs_primitive -- Trying irg 'r_func_46' -- No improvement
Using pass: pass_gc_irgs_primitive -- Trying irg 'r_func_61' -- No improvement
Using pass: pass_gc_irgs_primitive -- Trying irg 'r_func_98' -- No improvement
Using pass: pass_gc_irgs_primitive -- Trying irg 'r_func_35' -- No improvement
Using pass: pass_gc_irgs_primitive -- Trying irg 'r_func_65' -- No improvement
Using pass: pass_gc_irgs_primitive -- Trying irg 'r_func_21' -- No improvement
Using pass: pass_gc_irgs_primitive -- Trying irg 'r_func_80' -- No improvement
Using pass: pass_gc_irgs_primitive -- Trying irg 'r_func_61' -- No improvement
Using pass: pass_gc_irgs_primitive -- Trying irg 'r_func_45' -- No improvement
Using pass: pass_gc_irgs_primitive -- Trying irg 'r_func_80' -- No improvement
Using pass: pass_gc_irgs_primitive -- Trying irg 'r_func_48' -- No improvement
Using pass: pass_gc_irgs_primitive -- Trying irg 'r_func_46' -- No improvement
Using pass: pass_gc_irgs_primitive -- Trying irg 'r_func_82' -- No improvement
Using pass: pass_gc_irgs_primitive -- Trying irg 'r_func_78' -- No improvement
Using pass: pass_gc_irgs_primitive -- Trying irg 'r_func_22' -- No improvement
Using pass: pass_gc_irgs_primitive -- Trying irg 'r_func_32' -- No improvement
Using pass: pass_gc_irgs_primitive -- Trying irg 'r_func_61' -- No improvement
Using pass: pass_gc_irgs_primitive -- Trying irg 'r_func_42' -- No improvement
Using pass: pass_gc_irgs_primitive -- Trying irg 'r_func_27' -- No improvement
Using pass: pass_gc_irgs_primitive -- Trying irg 'r_func_68' -- No improvement
Using pass: pass_gc_irgs_primitive -- Trying irg 'r_func_19' -- No improvement
Using pass: pass_gc_irgs_primitive -- Trying irg 'r_func_42' -- No improvement
Using pass: pass_gc_irgs_primitive -- Trying irg 'r_func_13' -- No improvement
Using pass: pass_gc_irgs_primitive -- Trying irg 'r_func_61' -- No improvement
Using pass: pass_gc_irgs_primitive -- Trying irg 'r_func_42' -- No improvement
Using pass: pass_gc_irgs_primitive -- Trying irg 'r_func_46' -- No improvement
Using pass: pass_gc_irgs_primitive -- Trying irg 'r_func_19' -- No improvement
Using pass: pass_gc_irgs_primitive -- Trying irg 'r_func_27' -- No improvement
Using pass: pass_gc_irgs_primitive -- Trying irg 'r_func_50' -- No improvement
Using pass: pass_gc_irgs_primitive -- Trying irg 'r_func_75' -- No improvement
Using pass: pass_gc_irgs_primitive -- Trying irg 'r_func_82' -- No improvement
Using pass: pass_gc_irgs_primitive -- Trying irg 'r_func_49' -- No improvement
Using pass: pass_gc_irgs_primitive -- Trying irg 'r_func_34' -- No improvement
Using pass: pass_gc_irgs_primitive -- Trying irg 'r_func_11' -- No improvement
Using pass: pass_gc_irgs_primitive -- Trying irg 'r_func_19' -- No improvement
Using pass: pass_gc_irgs_primitive -- Trying irg 'r_func_35' -- No improvement
Using pass: pass_gc_irgs_primitive -- Trying irg 'r_func_68' -- No improvement
Using pass: pass_gc_irgs_primitive -- Trying irg 'r_func_61' -- No improvement
Using pass: pass_gc_irgs_primitive -- Trying irg 'r_func_95' -- No improvement
Using pass: pass_gc_irgs_primitive -- Trying irg 'r_func_97' -- No improvement
Using pass: pass_gc_irgs_primitive -- Trying irg 'r_func_22' -- No improvement
Using pass: pass_gc_irgs_primitive -- Trying irg 'r_func_98' -- No improvement
Using pass: pass_gc_irgs_primitive -- Trying irg 'r_func_75' -- No improvement
Using pass: pass_gc_irgs_primitive -- Trying irg 'r_func_47' -- No improvement
Using pass: pass_gc_irgs_primitive -- Trying irg 'r_func_80' -- No improvement
Using pass: pass_gc_irgs_primitive -- Trying irg 'r_func_50' -- No improvement
Using pass: pass_gc_irgs_primitive -- Trying irg 'r_func_75' -- No improvement
Using pass: pass_gc_irgs_primitive -- Trying irg 'r_func_97' -- No improvement
Using pass: pass_gc_irgs_primitive -- Trying irg 'r_func_98' -- No improvement
Using pass: pass_gc_irgs_primitive -- Trying irg 'r_func_73' -- No improvement
Using pass: pass_gc_irgs_primitive -- Trying irg 'r_func_98' -- No improvement
Using pass: pass_gc_irgs_primitive -- Trying irg 'r_func_22' -- No improvement
Using pass: pass_gc_irgs_primitive -- Trying irg 'r_func_35' -- No improvement
Using pass: pass_gc_irgs_primitive -- Trying irg 'r_func_82' -- No improvement
Using pass: pass_gc_irgs_primitive -- Trying irg 'r_func_82' -- No improvement
Using pass: pass_gc_irgs_primitive -- Trying irg 'r_func_48' -- No improvement
Using pass: pass_gc_irgs_primitive -- Trying irg 'r_func_11' -- No improvement
Using pass: pass_gc_irgs_primitive -- Trying irg 'r_func_78' -- No improvement
Using pass: pass_gc_irgs_primitive -- Trying irg 'r_func_22' -- No improvement
Using pass: pass_gc_irgs_primitive -- Trying irg 'r_func_58' -- No improvement
Using pass: pass_gc_irgs_primitive -- Trying irg 'r_func_22' -- No improvement
Using pass: pass_gc_irgs_primitive -- Trying irg 'r_func_45' -- No improvement
Using pass: pass_gc_irgs_primitive -- Trying irg 'r_func_84' -- No improvement
Using pass: pass_gc_irgs_primitive -- Trying irg 'r_func_45' -- No improvement
Using pass: pass_gc_irgs_primitive -- Trying irg 'r_func_27' -- No improvement
Using pass: pass_gc_irgs_primitive -- Trying irg 'r_func_30' -- No improvement
Using pass: pass_gc_irgs_primitive -- Trying irg 'r_func_53' -- No improvement
Using pass: pass_gc_irgs_primitive -- Trying irg 'r_func_46' -- No improvement
Using pass: pass_gc_irgs_primitive -- Trying irg 'r_func_95' -- No improvement

______________________________

No further reduction possible.

Result:
	# of nodes: 			7
	# of irgs: 				1
	# of cf manipulations: 	2
	# of memory operations: 0
	# of types: 			2556

2018-08-24 12:01:49