2018-08-24 07:03:13 -- Firmreduce -- Results

Initial Test-case size:
	# of nodes: 			1805
	# of irgs: 				6
	# of cf manipulations: 	60
	# of memory operations: 329
	# of types: 			398


Using pass: pass_libfirm_conv_opt -- Successful
	# of nodes: 			1483
	# of irgs: 				6
	# of cf manipulations: 	60
	# of memory operations: 326
	# of types: 			398



Using pass: pass_libfirm_do_loop_inversion -- No improvement
	# of nodes: 			1483
	# of irgs: 				6
	# of cf manipulations: 	60
	# of memory operations: 326
	# of types: 			398



Using pass: pass_replace_cond_selectors -- Successful
	# of nodes: 			365
	# of irgs: 				6
	# of cf manipulations: 	14
	# of memory operations: 94
	# of types: 			398



Using pass: pass_libfirm_optimize_reassociation -- No improvement
	# of nodes: 			365
	# of irgs: 				6
	# of cf manipulations: 	14
	# of memory operations: 94
	# of types: 			398



Using pass: pass_simplify_consts -- Successful
	# of nodes: 			343
	# of irgs: 				6
	# of cf manipulations: 	14
	# of memory operations: 94
	# of types: 			398



Using pass: pass_remove_stores -- Successful
	# of nodes: 			254
	# of irgs: 				6
	# of cf manipulations: 	14
	# of memory operations: 75
	# of types: 			398



Using pass: pass_libfirm_gvn_pre -- No improvement
	# of nodes: 			254
	# of irgs: 				6
	# of cf manipulations: 	14
	# of memory operations: 75
	# of types: 			398



Using pass: pass_gc_entitites -- No improvement
	# of nodes: 			254
	# of irgs: 				6
	# of cf manipulations: 	14
	# of memory operations: 75
	# of types: 			398



Using pass: pass_remove_stores -- No improvement
	# of nodes: 			254
	# of irgs: 				6
	# of cf manipulations: 	14
	# of memory operations: 75
	# of types: 			398



Using pass: pass_libfirm_dead_code_elimination -- No improvement
	# of nodes: 			254
	# of irgs: 				6
	# of cf manipulations: 	14
	# of memory operations: 75
	# of types: 			398



Using pass: pass_libfirm_opt_frame -- No improvement
	# of nodes: 			254
	# of irgs: 				6
	# of cf manipulations: 	14
	# of memory operations: 75
	# of types: 			398



Using pass: pass_libfirm_optimize_reassociation -- No improvement
	# of nodes: 			254
	# of irgs: 				6
	# of cf manipulations: 	14
	# of memory operations: 75
	# of types: 			398



Using pass: pass_check_validity -- No improvement
	# of nodes: 			254
	# of irgs: 				6
	# of cf manipulations: 	14
	# of memory operations: 75
	# of types: 			398



Using pass: pass_libfirm_optimize_reassociation -- No improvement
	# of nodes: 			254
	# of irgs: 				6
	# of cf manipulations: 	14
	# of memory operations: 75
	# of types: 			398



Using pass: pass_libfirm_conv_opt -- No improvement
	# of nodes: 			254
	# of irgs: 				6
	# of cf manipulations: 	14
	# of memory operations: 75
	# of types: 			398



Using pass: pass_libfirm_opt_jumpthreading -- No improvement
	# of nodes: 			254
	# of irgs: 				6
	# of cf manipulations: 	14
	# of memory operations: 75
	# of types: 			398



Using pass: pass_libfirm_opt_frame -- No improvement
	# of nodes: 			254
	# of irgs: 				6
	# of cf manipulations: 	14
	# of memory operations: 75
	# of types: 			398



Using pass: pass_libfirm_optimize_reassociation -- No improvement
	# of nodes: 			254
	# of irgs: 				6
	# of cf manipulations: 	14
	# of memory operations: 75
	# of types: 			398



Using pass: pass_libfirm_normalize_one_return -- No improvement
	# of nodes: 			254
	# of irgs: 				6
	# of cf manipulations: 	14
	# of memory operations: 75
	# of types: 			398



Using pass: pass_libfirm_occult_consts -- No improvement
	# of nodes: 			254
	# of irgs: 				6
	# of cf manipulations: 	14
	# of memory operations: 75
	# of types: 			398



Using pass: pass_replace_loads
	 :: Pass failed on irg 'r_func_1' -- No improvement
	# of nodes: 			254
	# of irgs: 				6
	# of cf manipulations: 	14
	# of memory operations: 75
	# of types: 			398



Using pass: pass_replace_members -- No improvement
	# of nodes: 			254
	# of irgs: 				6
	# of cf manipulations: 	14
	# of memory operations: 75
	# of types: 			398



Using pass: pass_libfirm_occult_consts -- No improvement
	# of nodes: 			254
	# of irgs: 				6
	# of cf manipulations: 	14
	# of memory operations: 75
	# of types: 			398



Using pass: pass_libfirm_scalar_replacement_opt -- No improvement
	# of nodes: 			254
	# of irgs: 				6
	# of cf manipulations: 	14
	# of memory operations: 75
	# of types: 			398



Using pass: pass_libfirm_gvn_pre -- No improvement
	# of nodes: 			254
	# of irgs: 				6
	# of cf manipulations: 	14
	# of memory operations: 75
	# of types: 			398



Using pass: pass_replace_arithmetic -- No improvement
	# of nodes: 			254
	# of irgs: 				6
	# of cf manipulations: 	14
	# of memory operations: 75
	# of types: 			398



Using pass: pass_libfirm_place_code -- No improvement
	# of nodes: 			254
	# of irgs: 				6
	# of cf manipulations: 	14
	# of memory operations: 75
	# of types: 			398



Using pass: pass_libfirm_opt_if_conv -- No improvement
	# of nodes: 			254
	# of irgs: 				6
	# of cf manipulations: 	14
	# of memory operations: 75
	# of types: 			398



Using pass: pass_libfirm_construct_confirms -- No improvement
	# of nodes: 			254
	# of irgs: 				6
	# of cf manipulations: 	14
	# of memory operations: 75
	# of types: 			398



Using pass: pass_gc_irgs_primitive
	 :: interestingness test failed on irg 'r_func_1'
	 :: interestingness test failed on irg 'r_func_1' -- No improvement
	# of nodes: 			254
	# of irgs: 				6
	# of cf manipulations: 	14
	# of memory operations: 75
	# of types: 			398



Using pass: pass_libfirm_opt_blocks -- No improvement
	# of nodes: 			254
	# of irgs: 				6
	# of cf manipulations: 	14
	# of memory operations: 75
	# of types: 			398



Using pass: pass_gc_irgs_primitive
	 :: interestingness test failed on irg 'r_func_2'
	 :: interestingness test failed on irg 'r_func_2' -- Successful
	# of nodes: 			242
	# of irgs: 				5
	# of cf manipulations: 	12
	# of memory operations: 73
	# of types: 			398



Using pass: pass_remove_allocs -- Successful
	# of nodes: 			163
	# of irgs: 				5
	# of cf manipulations: 	12
	# of memory operations: 35
	# of types: 			398



Using pass: pass_gc_entitites -- No improvement
	# of nodes: 			163
	# of irgs: 				5
	# of cf manipulations: 	12
	# of memory operations: 35
	# of types: 			398



Using pass: pass_replace_loads
	 :: Pass failed on irg 'r_func_4'
	 :: Pass failed on irg 'r_func_4'
	 :: Pass failed on irg 'r_func_4'
	 :: Pass failed on irg 'r_func_2' -- No improvement
	# of nodes: 			163
	# of irgs: 				5
	# of cf manipulations: 	12
	# of memory operations: 35
	# of types: 			398



Using pass: pass_libfirm_do_loop_inversion -- No improvement
	# of nodes: 			163
	# of irgs: 				5
	# of cf manipulations: 	12
	# of memory operations: 35
	# of types: 			398



Using pass: pass_replace_members -- No improvement
	# of nodes: 			163
	# of irgs: 				5
	# of cf manipulations: 	12
	# of memory operations: 35
	# of types: 			398



Using pass: pass_libfirm_normalize_n_returns -- No improvement
	# of nodes: 			163
	# of irgs: 				5
	# of cf manipulations: 	12
	# of memory operations: 35
	# of types: 			398



Using pass: pass_replace_switch_selectors -- No improvement
	# of nodes: 			163
	# of irgs: 				5
	# of cf manipulations: 	12
	# of memory operations: 35
	# of types: 			398



Using pass: pass_replace_loads
	 :: Pass failed on irg 'r_func_4'
	 :: Pass failed on irg 'r_func_4'
	 :: Pass failed on irg 'r_func_3'
	 :: Pass failed on irg 'r_func_4'
	 :: Pass failed on irg 'r_func_4' -- No improvement
	# of nodes: 			163
	# of irgs: 				5
	# of cf manipulations: 	12
	# of memory operations: 35
	# of types: 			398



Using pass: pass_libfirm_construct_confirms -- No improvement
	# of nodes: 			163
	# of irgs: 				5
	# of cf manipulations: 	12
	# of memory operations: 35
	# of types: 			398



Using pass: pass_remove_stores -- No improvement
	# of nodes: 			163
	# of irgs: 				5
	# of cf manipulations: 	12
	# of memory operations: 35
	# of types: 			398



Using pass: pass_gc_entitites -- No improvement
	# of nodes: 			163
	# of irgs: 				5
	# of cf manipulations: 	12
	# of memory operations: 35
	# of types: 			398



Using pass: pass_libfirm_remove_critical_cf_edges -- No improvement
	# of nodes: 			163
	# of irgs: 				5
	# of cf manipulations: 	12
	# of memory operations: 35
	# of types: 			398



Using pass: pass_libfirm_occult_consts -- No improvement
	# of nodes: 			163
	# of irgs: 				5
	# of cf manipulations: 	12
	# of memory operations: 35
	# of types: 			398



Using pass: pass_libfirm_opt_jumpthreading -- No improvement
	# of nodes: 			163
	# of irgs: 				5
	# of cf manipulations: 	12
	# of memory operations: 35
	# of types: 			398



Using pass: pass_libfirm_opt_bool -- No improvement
	# of nodes: 			163
	# of irgs: 				5
	# of cf manipulations: 	12
	# of memory operations: 35
	# of types: 			398



Using pass: pass_libfirm_normalize_n_returns -- No improvement
	# of nodes: 			163
	# of irgs: 				5
	# of cf manipulations: 	12
	# of memory operations: 35
	# of types: 			398



Using pass: pass_libfirm_conv_opt -- No improvement
	# of nodes: 			163
	# of irgs: 				5
	# of cf manipulations: 	12
	# of memory operations: 35
	# of types: 			398



Using pass: pass_libfirm_combo -- No improvement
	# of nodes: 			163
	# of irgs: 				5
	# of cf manipulations: 	12
	# of memory operations: 35
	# of types: 			398



Using pass: pass_simplify_consts -- No improvement
	# of nodes: 			163
	# of irgs: 				5
	# of cf manipulations: 	12
	# of memory operations: 35
	# of types: 			398



Using pass: pass_replace_mux_selectors -- No improvement
	# of nodes: 			163
	# of irgs: 				5
	# of cf manipulations: 	12
	# of memory operations: 35
	# of types: 			398



Using pass: pass_libfirm_opt_bool -- No improvement
	# of nodes: 			163
	# of irgs: 				5
	# of cf manipulations: 	12
	# of memory operations: 35
	# of types: 			398



Using pass: pass_libfirm_opt_if_conv -- No improvement
	# of nodes: 			163
	# of irgs: 				5
	# of cf manipulations: 	12
	# of memory operations: 35
	# of types: 			398



Using pass: pass_libfirm_remove_bads -- No improvement
	# of nodes: 			163
	# of irgs: 				5
	# of cf manipulations: 	12
	# of memory operations: 35
	# of types: 			398



Using pass: pass_libfirm_construct_confirms -- No improvement
	# of nodes: 			163
	# of irgs: 				5
	# of cf manipulations: 	12
	# of memory operations: 35
	# of types: 			398



Using pass: pass_gc_entitites -- No improvement
	# of nodes: 			163
	# of irgs: 				5
	# of cf manipulations: 	12
	# of memory operations: 35
	# of types: 			398



Using pass: pass_replace_arithmetic -- No improvement
	# of nodes: 			163
	# of irgs: 				5
	# of cf manipulations: 	12
	# of memory operations: 35
	# of types: 			398



Using pass: pass_libfirm_remove_tuples -- No improvement
	# of nodes: 			163
	# of irgs: 				5
	# of cf manipulations: 	12
	# of memory operations: 35
	# of types: 			398



Using pass: pass_libfirm_remove_bads -- No improvement
	# of nodes: 			163
	# of irgs: 				5
	# of cf manipulations: 	12
	# of memory operations: 35
	# of types: 			398



Using pass: pass_libfirm_opt_jumpthreading -- No improvement
	# of nodes: 			163
	# of irgs: 				5
	# of cf manipulations: 	12
	# of memory operations: 35
	# of types: 			398



Using pass: pass_libfirm_remove_bads -- No improvement
	# of nodes: 			163
	# of irgs: 				5
	# of cf manipulations: 	12
	# of memory operations: 35
	# of types: 			398



Using pass: pass_libfirm_scalar_replacement_opt -- No improvement
	# of nodes: 			163
	# of irgs: 				5
	# of cf manipulations: 	12
	# of memory operations: 35
	# of types: 			398



Using pass: pass_libfirm_opt_frame -- No improvement
	# of nodes: 			163
	# of irgs: 				5
	# of cf manipulations: 	12
	# of memory operations: 35
	# of types: 			398



Using pass: pass_libfirm_scalar_replacement_opt -- No improvement
	# of nodes: 			163
	# of irgs: 				5
	# of cf manipulations: 	12
	# of memory operations: 35
	# of types: 			398



Using pass: pass_simplify_consts -- Successful
	# of nodes: 			162
	# of irgs: 				5
	# of cf manipulations: 	12
	# of memory operations: 35
	# of types: 			398



Using pass: pass_replace_return_values -- No improvement
	# of nodes: 			162
	# of irgs: 				5
	# of cf manipulations: 	12
	# of memory operations: 35
	# of types: 			398



Using pass: pass_libfirm_opt_if_conv -- No improvement
	# of nodes: 			162
	# of irgs: 				5
	# of cf manipulations: 	12
	# of memory operations: 35
	# of types: 			398



Using pass: pass_replace_switch_selectors -- No improvement
	# of nodes: 			162
	# of irgs: 				5
	# of cf manipulations: 	12
	# of memory operations: 35
	# of types: 			398



Using pass: pass_replace_mux_selectors -- No improvement
	# of nodes: 			162
	# of irgs: 				5
	# of cf manipulations: 	12
	# of memory operations: 35
	# of types: 			398



Using pass: pass_replace_switch_selectors -- No improvement
	# of nodes: 			162
	# of irgs: 				5
	# of cf manipulations: 	12
	# of memory operations: 35
	# of types: 			398



Using pass: pass_libfirm_construct_confirms -- No improvement
	# of nodes: 			162
	# of irgs: 				5
	# of cf manipulations: 	12
	# of memory operations: 35
	# of types: 			398



Using pass: pass_replace_loads
	 :: Pass failed on irg 'r_func_1'
	 :: Pass failed on irg 'r_func_3' -- No improvement
	# of nodes: 			162
	# of irgs: 				5
	# of cf manipulations: 	12
	# of memory operations: 35
	# of types: 			398



Using pass: pass_libfirm_scalar_replacement_opt -- No improvement
	# of nodes: 			162
	# of irgs: 				5
	# of cf manipulations: 	12
	# of memory operations: 35
	# of types: 			398



Using pass: pass_libfirm_remove_unreachable -- No improvement
	# of nodes: 			162
	# of irgs: 				5
	# of cf manipulations: 	12
	# of memory operations: 35
	# of types: 			398



Using pass: pass_libfirm_normalize_n_returns -- No improvement
	# of nodes: 			162
	# of irgs: 				5
	# of cf manipulations: 	12
	# of memory operations: 35
	# of types: 			398



Using pass: pass_replace_mux_selectors -- No improvement
	# of nodes: 			162
	# of irgs: 				5
	# of cf manipulations: 	12
	# of memory operations: 35
	# of types: 			398



Using pass: pass_libfirm_opt_jumpthreading -- No improvement
	# of nodes: 			162
	# of irgs: 				5
	# of cf manipulations: 	12
	# of memory operations: 35
	# of types: 			398



Using pass: pass_libfirm_occult_consts -- No improvement
	# of nodes: 			162
	# of irgs: 				5
	# of cf manipulations: 	12
	# of memory operations: 35
	# of types: 			398



Using pass: pass_libfirm_opt_bool -- No improvement
	# of nodes: 			162
	# of irgs: 				5
	# of cf manipulations: 	12
	# of memory operations: 35
	# of types: 			398



Using pass: pass_libfirm_optimize_cf -- No improvement
	# of nodes: 			162
	# of irgs: 				5
	# of cf manipulations: 	12
	# of memory operations: 35
	# of types: 			398



Using pass: pass_libfirm_opt_funccalls -- No improvement
	# of nodes: 			162
	# of irgs: 				5
	# of cf manipulations: 	12
	# of memory operations: 35
	# of types: 			398



Using pass: pass_gc_entitites -- No improvement
	# of nodes: 			162
	# of irgs: 				5
	# of cf manipulations: 	12
	# of memory operations: 35
	# of types: 			398



Using pass: pass_libfirm_normalize_n_returns -- No improvement
	# of nodes: 			162
	# of irgs: 				5
	# of cf manipulations: 	12
	# of memory operations: 35
	# of types: 			398



Using pass: pass_libfirm_normalize_one_return -- No improvement
	# of nodes: 			162
	# of irgs: 				5
	# of cf manipulations: 	12
	# of memory operations: 35
	# of types: 			398



Using pass: pass_libfirm_opt_ldst
	 :: Pass failed on irg 'r_func_2'
	 :: Pass failed on irg 'r_func_2'
	 :: Pass failed on irg 'r_func_3'
	 :: Pass failed on irg 'r_func_3'
	 :: Pass failed on irg 'r_func_1' -- No improvement
	# of nodes: 			162
	# of irgs: 				5
	# of cf manipulations: 	12
	# of memory operations: 35
	# of types: 			398



Using pass: pass_replace_switch_selectors -- No improvement
	# of nodes: 			162
	# of irgs: 				5
	# of cf manipulations: 	12
	# of memory operations: 35
	# of types: 			398



Using pass: pass_replace_members -- No improvement
	# of nodes: 			162
	# of irgs: 				5
	# of cf manipulations: 	12
	# of memory operations: 35
	# of types: 			398



Using pass: pass_check_validity -- No improvement
	# of nodes: 			162
	# of irgs: 				5
	# of cf manipulations: 	12
	# of memory operations: 35
	# of types: 			398



Using pass: pass_libfirm_optimize_graph_df -- No improvement
	# of nodes: 			162
	# of irgs: 				5
	# of cf manipulations: 	12
	# of memory operations: 35
	# of types: 			398



Using pass: pass_check_validity -- No improvement
	# of nodes: 			162
	# of irgs: 				5
	# of cf manipulations: 	12
	# of memory operations: 35
	# of types: 			398



Using pass: pass_replace_cond_selectors -- No improvement
	# of nodes: 			162
	# of irgs: 				5
	# of cf manipulations: 	12
	# of memory operations: 35
	# of types: 			398



Using pass: pass_libfirm_conv_opt -- No improvement
	# of nodes: 			162
	# of irgs: 				5
	# of cf manipulations: 	12
	# of memory operations: 35
	# of types: 			398



Using pass: pass_remove_void_calls -- Successful
	# of nodes: 			157
	# of irgs: 				5
	# of cf manipulations: 	12
	# of memory operations: 34
	# of types: 			398



Using pass: pass_replace_proj_primitive -- Successful
	# of nodes: 			138
	# of irgs: 				5
	# of cf manipulations: 	12
	# of memory operations: 34
	# of types: 			398



Using pass: pass_libfirm_normalize_n_returns -- No improvement
	# of nodes: 			138
	# of irgs: 				5
	# of cf manipulations: 	12
	# of memory operations: 34
	# of types: 			398



Using pass: pass_libfirm_remove_critical_cf_edges -- No improvement
	# of nodes: 			138
	# of irgs: 				5
	# of cf manipulations: 	12
	# of memory operations: 34
	# of types: 			398



Using pass: pass_libfirm_remove_bads -- No improvement
	# of nodes: 			138
	# of irgs: 				5
	# of cf manipulations: 	12
	# of memory operations: 34
	# of types: 			398



Using pass: pass_replace_mux_selectors -- No improvement
	# of nodes: 			138
	# of irgs: 				5
	# of cf manipulations: 	12
	# of memory operations: 34
	# of types: 			398



Using pass: pass_libfirm_opt_jumpthreading -- No improvement
	# of nodes: 			138
	# of irgs: 				5
	# of cf manipulations: 	12
	# of memory operations: 34
	# of types: 			398



Using pass: pass_libfirm_dead_code_elimination -- No improvement
	# of nodes: 			138
	# of irgs: 				5
	# of cf manipulations: 	12
	# of memory operations: 34
	# of types: 			398



Using pass: pass_libfirm_opt_bool -- No improvement
	# of nodes: 			138
	# of irgs: 				5
	# of cf manipulations: 	12
	# of memory operations: 34
	# of types: 			398



Using pass: pass_libfirm_opt_funccalls -- No improvement
	# of nodes: 			138
	# of irgs: 				5
	# of cf manipulations: 	12
	# of memory operations: 34
	# of types: 			398



Using pass: pass_libfirm_optimize_cf -- No improvement
	# of nodes: 			138
	# of irgs: 				5
	# of cf manipulations: 	12
	# of memory operations: 34
	# of types: 			398



Using pass: pass_libfirm_combo -- No improvement
	# of nodes: 			138
	# of irgs: 				5
	# of cf manipulations: 	12
	# of memory operations: 34
	# of types: 			398



Using pass: pass_libfirm_opt_ldst
	 :: Pass failed on irg 'r_func_4'
	 :: Pass failed on irg 'r_func_4'
	 :: Pass failed on irg 'r_func_3'
	 :: Pass failed on irg 'r_func_4'
	 :: Pass failed on irg 'r_func_2' -- No improvement
	# of nodes: 			138
	# of irgs: 				5
	# of cf manipulations: 	12
	# of memory operations: 34
	# of types: 			398



Using pass: pass_replace_mux_selectors -- No improvement
	# of nodes: 			138
	# of irgs: 				5
	# of cf manipulations: 	12
	# of memory operations: 34
	# of types: 			398



Using pass: pass_libfirm_optimize_graph_df -- No improvement
	# of nodes: 			138
	# of irgs: 				5
	# of cf manipulations: 	12
	# of memory operations: 34
	# of types: 			398



Using pass: pass_gc_irgs_primitive -- Successful
	# of nodes: 			83
	# of irgs: 				3
	# of cf manipulations: 	7
	# of memory operations: 21
	# of types: 			398



Using pass: pass_gc_irgs -- Successful
	# of nodes: 			47
	# of irgs: 				2
	# of cf manipulations: 	5
	# of memory operations: 10
	# of types: 			398



Using pass: pass_remove_stores -- No improvement
	# of nodes: 			47
	# of irgs: 				2
	# of cf manipulations: 	5
	# of memory operations: 10
	# of types: 			398



Using pass: pass_remove_stores -- No improvement
	# of nodes: 			47
	# of irgs: 				2
	# of cf manipulations: 	5
	# of memory operations: 10
	# of types: 			398



Using pass: pass_libfirm_opt_ldst
	 :: Pass failed on irg 'r_func_1'
	 :: Pass failed on irg 'r_func_1' -- No improvement
	# of nodes: 			47
	# of irgs: 				2
	# of cf manipulations: 	5
	# of memory operations: 10
	# of types: 			398



Using pass: pass_libfirm_construct_confirms -- No improvement
	# of nodes: 			47
	# of irgs: 				2
	# of cf manipulations: 	5
	# of memory operations: 10
	# of types: 			398



Using pass: pass_libfirm_opt_blocks -- No improvement
	# of nodes: 			47
	# of irgs: 				2
	# of cf manipulations: 	5
	# of memory operations: 10
	# of types: 			398



Using pass: pass_libfirm_scalar_replacement_opt -- No improvement
	# of nodes: 			47
	# of irgs: 				2
	# of cf manipulations: 	5
	# of memory operations: 10
	# of types: 			398



Using pass: pass_libfirm_remove_critical_cf_edges -- No improvement
	# of nodes: 			47
	# of irgs: 				2
	# of cf manipulations: 	5
	# of memory operations: 10
	# of types: 			398



Using pass: pass_replace_proj_primitive -- No improvement
	# of nodes: 			47
	# of irgs: 				2
	# of cf manipulations: 	5
	# of memory operations: 10
	# of types: 			398



Using pass: pass_check_validity -- No improvement
	# of nodes: 			47
	# of irgs: 				2
	# of cf manipulations: 	5
	# of memory operations: 10
	# of types: 			398



Using pass: pass_simplify_consts -- Successful
	# of nodes: 			47
	# of irgs: 				2
	# of cf manipulations: 	5
	# of memory operations: 10
	# of types: 			398



Using pass: pass_libfirm_combo -- No improvement
	# of nodes: 			47
	# of irgs: 				2
	# of cf manipulations: 	5
	# of memory operations: 10
	# of types: 			398



Using pass: pass_simplify_consts -- No improvement
	# of nodes: 			47
	# of irgs: 				2
	# of cf manipulations: 	5
	# of memory operations: 10
	# of types: 			398



Using pass: pass_libfirm_remove_unreachable -- No improvement
	# of nodes: 			47
	# of irgs: 				2
	# of cf manipulations: 	5
	# of memory operations: 10
	# of types: 			398



Using pass: pass_libfirm_place_code -- No improvement
	# of nodes: 			47
	# of irgs: 				2
	# of cf manipulations: 	5
	# of memory operations: 10
	# of types: 			398



Using pass: pass_libfirm_opt_tail_rec -- No improvement
	# of nodes: 			47
	# of irgs: 				2
	# of cf manipulations: 	5
	# of memory operations: 10
	# of types: 			398



Using pass: pass_remove_allocs -- Successful
	# of nodes: 			36
	# of irgs: 				2
	# of cf manipulations: 	5
	# of memory operations: 5
	# of types: 			398



Using pass: pass_replace_switch_selectors -- No improvement
	# of nodes: 			36
	# of irgs: 				2
	# of cf manipulations: 	5
	# of memory operations: 5
	# of types: 			398



Using pass: pass_libfirm_opt_jumpthreading -- No improvement
	# of nodes: 			36
	# of irgs: 				2
	# of cf manipulations: 	5
	# of memory operations: 5
	# of types: 			398



Using pass: pass_libfirm_opt_jumpthreading -- No improvement
	# of nodes: 			36
	# of irgs: 				2
	# of cf manipulations: 	5
	# of memory operations: 5
	# of types: 			398



Using pass: pass_libfirm_optimize_reassociation -- No improvement
	# of nodes: 			36
	# of irgs: 				2
	# of cf manipulations: 	5
	# of memory operations: 5
	# of types: 			398



Using pass: pass_remove_allocs -- No improvement
	# of nodes: 			36
	# of irgs: 				2
	# of cf manipulations: 	5
	# of memory operations: 5
	# of types: 			398



Using pass: pass_libfirm_combo -- No improvement
	# of nodes: 			36
	# of irgs: 				2
	# of cf manipulations: 	5
	# of memory operations: 5
	# of types: 			398



Using pass: pass_replace_loads
	 :: Pass failed on irg 'r_func_1'
	 :: Pass failed on irg 'r_func_1' -- No improvement
	# of nodes: 			36
	# of irgs: 				2
	# of cf manipulations: 	5
	# of memory operations: 5
	# of types: 			398



Using pass: pass_gc_irgs_primitive -- Successful
	# of nodes: 			7
	# of irgs: 				1
	# of cf manipulations: 	2
	# of memory operations: 0
	# of types: 			398



Using pass: pass_libfirm_opt_jumpthreading -- No improvement
	# of nodes: 			7
	# of irgs: 				1
	# of cf manipulations: 	2
	# of memory operations: 0
	# of types: 			398



Using pass: pass_libfirm_do_loop_unrolling -- No improvement
	# of nodes: 			7
	# of irgs: 				1
	# of cf manipulations: 	2
	# of memory operations: 0
	# of types: 			398



Using pass: pass_libfirm_conv_opt -- No improvement
	# of nodes: 			7
	# of irgs: 				1
	# of cf manipulations: 	2
	# of memory operations: 0
	# of types: 			398



Using pass: pass_replace_proj_primitive -- No improvement
	# of nodes: 			7
	# of irgs: 				1
	# of cf manipulations: 	2
	# of memory operations: 0
	# of types: 			398



Using pass: pass_libfirm_do_loop_unrolling -- No improvement
	# of nodes: 			7
	# of irgs: 				1
	# of cf manipulations: 	2
	# of memory operations: 0
	# of types: 			398



Using pass: pass_gc_irgs_primitive -- No improvement
	# of nodes: 			7
	# of irgs: 				1
	# of cf manipulations: 	2
	# of memory operations: 0
	# of types: 			398



Using pass: pass_replace_proj_primitive -- No improvement
	# of nodes: 			7
	# of irgs: 				1
	# of cf manipulations: 	2
	# of memory operations: 0
	# of types: 			398



Using pass: pass_replace_return_values -- No improvement
	# of nodes: 			7
	# of irgs: 				1
	# of cf manipulations: 	2
	# of memory operations: 0
	# of types: 			398



Using pass: pass_libfirm_optimize_load_store -- No improvement
	# of nodes: 			7
	# of irgs: 				1
	# of cf manipulations: 	2
	# of memory operations: 0
	# of types: 			398



Using pass: pass_check_validity -- No improvement
	# of nodes: 			7
	# of irgs: 				1
	# of cf manipulations: 	2
	# of memory operations: 0
	# of types: 			398



Using pass: pass_libfirm_conv_opt -- No improvement
	# of nodes: 			7
	# of irgs: 				1
	# of cf manipulations: 	2
	# of memory operations: 0
	# of types: 			398



Using pass: pass_replace_switch_selectors -- No improvement
	# of nodes: 			7
	# of irgs: 				1
	# of cf manipulations: 	2
	# of memory operations: 0
	# of types: 			398



Using pass: pass_libfirm_do_loop_inversion -- No improvement
	# of nodes: 			7
	# of irgs: 				1
	# of cf manipulations: 	2
	# of memory operations: 0
	# of types: 			398



Using pass: pass_libfirm_opt_funccalls -- No improvement
	# of nodes: 			7
	# of irgs: 				1
	# of cf manipulations: 	2
	# of memory operations: 0
	# of types: 			398



Using pass: pass_replace_switch_selectors -- No improvement
	# of nodes: 			7
	# of irgs: 				1
	# of cf manipulations: 	2
	# of memory operations: 0
	# of types: 			398



Using pass: pass_libfirm_do_loop_peeling -- No improvement
	# of nodes: 			7
	# of irgs: 				1
	# of cf manipulations: 	2
	# of memory operations: 0
	# of types: 			398



Using pass: pass_libfirm_occult_consts -- No improvement
	# of nodes: 			7
	# of irgs: 				1
	# of cf manipulations: 	2
	# of memory operations: 0
	# of types: 			398



Using pass: pass_libfirm_opt_frame -- No improvement
	# of nodes: 			7
	# of irgs: 				1
	# of cf manipulations: 	2
	# of memory operations: 0
	# of types: 			398



Using pass: pass_libfirm_place_code -- No improvement
	# of nodes: 			7
	# of irgs: 				1
	# of cf manipulations: 	2
	# of memory operations: 0
	# of types: 			398



Using pass: pass_gc_irgs -- No improvement
	# of nodes: 			7
	# of irgs: 				1
	# of cf manipulations: 	2
	# of memory operations: 0
	# of types: 			398



Using pass: pass_libfirm_optimize_reassociation -- No improvement
	# of nodes: 			7
	# of irgs: 				1
	# of cf manipulations: 	2
	# of memory operations: 0
	# of types: 			398



Using pass: pass_remove_stores -- No improvement
	# of nodes: 			7
	# of irgs: 				1
	# of cf manipulations: 	2
	# of memory operations: 0
	# of types: 			398



Using pass: pass_libfirm_normalize_one_return -- No improvement
	# of nodes: 			7
	# of irgs: 				1
	# of cf manipulations: 	2
	# of memory operations: 0
	# of types: 			398



Using pass: pass_replace_cond_selectors -- No improvement
	# of nodes: 			7
	# of irgs: 				1
	# of cf manipulations: 	2
	# of memory operations: 0
	# of types: 			398



Using pass: pass_libfirm_opt_if_conv -- No improvement
	# of nodes: 			7
	# of irgs: 				1
	# of cf manipulations: 	2
	# of memory operations: 0
	# of types: 			398



Using pass: pass_simplify_consts -- No improvement
	# of nodes: 			7
	# of irgs: 				1
	# of cf manipulations: 	2
	# of memory operations: 0
	# of types: 			398



Using pass: pass_libfirm_normalize_one_return -- No improvement
	# of nodes: 			7
	# of irgs: 				1
	# of cf manipulations: 	2
	# of memory operations: 0
	# of types: 			398



Using pass: pass_remove_allocs -- No improvement
	# of nodes: 			7
	# of irgs: 				1
	# of cf manipulations: 	2
	# of memory operations: 0
	# of types: 			398



Using pass: pass_simplify_consts -- No improvement
	# of nodes: 			7
	# of irgs: 				1
	# of cf manipulations: 	2
	# of memory operations: 0
	# of types: 			398



Using pass: pass_libfirm_conv_opt -- No improvement
	# of nodes: 			7
	# of irgs: 				1
	# of cf manipulations: 	2
	# of memory operations: 0
	# of types: 			398



Using pass: pass_replace_mux_selectors -- No improvement
	# of nodes: 			7
	# of irgs: 				1
	# of cf manipulations: 	2
	# of memory operations: 0
	# of types: 			398



Using pass: pass_libfirm_opt_parallelize_mem -- No improvement
	# of nodes: 			7
	# of irgs: 				1
	# of cf manipulations: 	2
	# of memory operations: 0
	# of types: 			398



Using pass: pass_replace_members -- No improvement
	# of nodes: 			7
	# of irgs: 				1
	# of cf manipulations: 	2
	# of memory operations: 0
	# of types: 			398



Using pass: pass_libfirm_occult_consts -- No improvement
	# of nodes: 			7
	# of irgs: 				1
	# of cf manipulations: 	2
	# of memory operations: 0
	# of types: 			398



Using pass: pass_libfirm_opt_tail_rec -- No improvement
	# of nodes: 			7
	# of irgs: 				1
	# of cf manipulations: 	2
	# of memory operations: 0
	# of types: 			398



Using pass: pass_simplify_consts -- No improvement
	# of nodes: 			7
	# of irgs: 				1
	# of cf manipulations: 	2
	# of memory operations: 0
	# of types: 			398



Using pass: pass_replace_members -- No improvement
	# of nodes: 			7
	# of irgs: 				1
	# of cf manipulations: 	2
	# of memory operations: 0
	# of types: 			398



Using pass: pass_replace_proj_primitive -- No improvement
	# of nodes: 			7
	# of irgs: 				1
	# of cf manipulations: 	2
	# of memory operations: 0
	# of types: 			398



Using pass: pass_libfirm_scalar_replacement_opt -- No improvement
	# of nodes: 			7
	# of irgs: 				1
	# of cf manipulations: 	2
	# of memory operations: 0
	# of types: 			398



Using pass: pass_libfirm_conv_opt -- No improvement
	# of nodes: 			7
	# of irgs: 				1
	# of cf manipulations: 	2
	# of memory operations: 0
	# of types: 			398



Using pass: pass_simplify_consts -- No improvement
	# of nodes: 			7
	# of irgs: 				1
	# of cf manipulations: 	2
	# of memory operations: 0
	# of types: 			398



Using pass: pass_libfirm_opt_funccalls -- No improvement
	# of nodes: 			7
	# of irgs: 				1
	# of cf manipulations: 	2
	# of memory operations: 0
	# of types: 			398



Using pass: pass_libfirm_do_loop_inversion -- No improvement
	# of nodes: 			7
	# of irgs: 				1
	# of cf manipulations: 	2
	# of memory operations: 0
	# of types: 			398



Using pass: pass_libfirm_combo -- No improvement
	# of nodes: 			7
	# of irgs: 				1
	# of cf manipulations: 	2
	# of memory operations: 0
	# of types: 			398



Using pass: pass_libfirm_remove_bads -- No improvement
	# of nodes: 			7
	# of irgs: 				1
	# of cf manipulations: 	2
	# of memory operations: 0
	# of types: 			398



Using pass: pass_replace_members -- No improvement
	# of nodes: 			7
	# of irgs: 				1
	# of cf manipulations: 	2
	# of memory operations: 0
	# of types: 			398



Using pass: pass_libfirm_optimize_reassociation -- No improvement
	# of nodes: 			7
	# of irgs: 				1
	# of cf manipulations: 	2
	# of memory operations: 0
	# of types: 			398



Using pass: pass_remove_allocs -- No improvement
	# of nodes: 			7
	# of irgs: 				1
	# of cf manipulations: 	2
	# of memory operations: 0
	# of types: 			398



Using pass: pass_libfirm_opt_jumpthreading -- No improvement
	# of nodes: 			7
	# of irgs: 				1
	# of cf manipulations: 	2
	# of memory operations: 0
	# of types: 			398



Using pass: pass_replace_proj_primitive -- No improvement
	# of nodes: 			7
	# of irgs: 				1
	# of cf manipulations: 	2
	# of memory operations: 0
	# of types: 			398




 :: 2nd reduction cycle

Using pass: pass_gc_irgs_primitive -- Trying irg 'r_func_1' -- No improvement
Using pass: pass_gc_irgs_primitive -- Trying irg 'r_func_1' -- No improvement
Using pass: pass_gc_irgs_primitive -- Trying irg 'r_func_2' -- No improvement
Using pass: pass_gc_irgs_primitive -- Trying irg 'r_func_2' -- No improvement

______________________________

No further reduction possible.

Result:
	# of nodes: 			7
	# of irgs: 				1
	# of cf manipulations: 	2
	# of memory operations: 0
	# of types: 			398

2018-08-24 07:03:26