2018-08-24 10:19:41 -- Firmreduce -- Results

Initial Test-case size:
	# of nodes: 			1493
	# of irgs: 				6
	# of cf manipulations: 	64
	# of memory operations: 255
	# of types: 			316


Using pass: pass_libfirm_opt_parallelize_mem -- Successful
	# of nodes: 			1498
	# of irgs: 				6
	# of cf manipulations: 	64
	# of memory operations: 255
	# of types: 			316



Using pass: pass_libfirm_conv_opt -- Successful
	# of nodes: 			1340
	# of irgs: 				6
	# of cf manipulations: 	64
	# of memory operations: 255
	# of types: 			316



Using pass: pass_libfirm_opt_bool -- No improvement
	# of nodes: 			1340
	# of irgs: 				6
	# of cf manipulations: 	64
	# of memory operations: 255
	# of types: 			316



Using pass: pass_libfirm_dead_code_elimination -- No improvement
	# of nodes: 			1340
	# of irgs: 				6
	# of cf manipulations: 	64
	# of memory operations: 255
	# of types: 			316



Using pass: pass_libfirm_dead_code_elimination -- No improvement
	# of nodes: 			1340
	# of irgs: 				6
	# of cf manipulations: 	64
	# of memory operations: 255
	# of types: 			316



Using pass: pass_libfirm_opt_tail_rec -- Successful
	# of nodes: 			1091
	# of irgs: 				6
	# of cf manipulations: 	55
	# of memory operations: 207
	# of types: 			316



Using pass: pass_libfirm_opt_jumpthreading -- Successful
	# of nodes: 			1107
	# of irgs: 				6
	# of cf manipulations: 	63
	# of memory operations: 207
	# of types: 			316



Using pass: pass_libfirm_optimize_graph_df -- No improvement
	# of nodes: 			1107
	# of irgs: 				6
	# of cf manipulations: 	63
	# of memory operations: 207
	# of types: 			316



Using pass: pass_libfirm_optimize_graph_df -- Successful
	# of nodes: 			1071
	# of irgs: 				6
	# of cf manipulations: 	63
	# of memory operations: 207
	# of types: 			316



Using pass: pass_libfirm_optimize_load_store -- Successful
	# of nodes: 			1052
	# of irgs: 				6
	# of cf manipulations: 	63
	# of memory operations: 205
	# of types: 			316



Using pass: pass_libfirm_opt_blocks -- Successful
	# of nodes: 			1060
	# of irgs: 				6
	# of cf manipulations: 	65
	# of memory operations: 205
	# of types: 			316



Using pass: pass_libfirm_remove_unreachable -- No improvement
	# of nodes: 			1060
	# of irgs: 				6
	# of cf manipulations: 	65
	# of memory operations: 205
	# of types: 			316



Using pass: pass_libfirm_opt_tail_rec -- No improvement
	# of nodes: 			1060
	# of irgs: 				6
	# of cf manipulations: 	65
	# of memory operations: 205
	# of types: 			316



Using pass: pass_libfirm_remove_tuples -- No improvement
	# of nodes: 			1060
	# of irgs: 				6
	# of cf manipulations: 	65
	# of memory operations: 205
	# of types: 			316



Using pass: pass_remove_void_calls -- No improvement
	# of nodes: 			1060
	# of irgs: 				6
	# of cf manipulations: 	65
	# of memory operations: 205
	# of types: 			316



Using pass: pass_check_validity -- No improvement
	# of nodes: 			1060
	# of irgs: 				6
	# of cf manipulations: 	65
	# of memory operations: 205
	# of types: 			316



Using pass: pass_libfirm_do_loop_inversion -- No improvement
	# of nodes: 			1060
	# of irgs: 				6
	# of cf manipulations: 	65
	# of memory operations: 205
	# of types: 			316



Using pass: pass_libfirm_occult_consts -- No improvement
	# of nodes: 			1060
	# of irgs: 				6
	# of cf manipulations: 	65
	# of memory operations: 205
	# of types: 			316



Using pass: pass_libfirm_do_loop_peeling
	 :: Pass failed on irg 'r_func_2'
	 :: Pass failed on irg 'r_func_1'
	 :: Pass failed on irg 'r_func_1'
	 :: Pass failed on irg 'r_func_4'
	 :: Pass failed on irg 'r_func_2' -- No improvement
	# of nodes: 			1060
	# of irgs: 				6
	# of cf manipulations: 	65
	# of memory operations: 205
	# of types: 			316



Using pass: pass_libfirm_opt_if_conv -- Successful
	# of nodes: 			1076
	# of irgs: 				6
	# of cf manipulations: 	69
	# of memory operations: 205
	# of types: 			316



Using pass: pass_libfirm_opt_bool -- No improvement
	# of nodes: 			1076
	# of irgs: 				6
	# of cf manipulations: 	69
	# of memory operations: 205
	# of types: 			316



Using pass: pass_libfirm_normalize_n_returns -- Successful
	# of nodes: 			1060
	# of irgs: 				6
	# of cf manipulations: 	65
	# of memory operations: 205
	# of types: 			316



Using pass: pass_libfirm_remove_tuples -- No improvement
	# of nodes: 			1060
	# of irgs: 				6
	# of cf manipulations: 	65
	# of memory operations: 205
	# of types: 			316



Using pass: pass_libfirm_remove_critical_cf_edges -- No improvement
	# of nodes: 			1060
	# of irgs: 				6
	# of cf manipulations: 	65
	# of memory operations: 205
	# of types: 			316



Using pass: pass_libfirm_dead_code_elimination -- No improvement
	# of nodes: 			1060
	# of irgs: 				6
	# of cf manipulations: 	65
	# of memory operations: 205
	# of types: 			316



Using pass: pass_replace_switch_selectors -- No improvement
	# of nodes: 			1060
	# of irgs: 				6
	# of cf manipulations: 	65
	# of memory operations: 205
	# of types: 			316



Using pass: pass_libfirm_opt_blocks -- Successful
	# of nodes: 			1060
	# of irgs: 				6
	# of cf manipulations: 	65
	# of memory operations: 205
	# of types: 			316



Using pass: pass_libfirm_remove_unreachable -- No improvement
	# of nodes: 			1060
	# of irgs: 				6
	# of cf manipulations: 	65
	# of memory operations: 205
	# of types: 			316



Using pass: pass_replace_loads
	 :: Pass failed on irg 'r_func_3'
	 :: Pass failed on irg 'r_func_1'
	 :: Pass failed on irg '_main'
	 :: Pass failed on irg 'r_func_2' -- No improvement
	# of nodes: 			1060
	# of irgs: 				6
	# of cf manipulations: 	65
	# of memory operations: 205
	# of types: 			316



Using pass: pass_replace_loads
	 :: Pass failed on irg 'r_func_2'
	 :: Pass failed on irg 'r_func_1'
	 :: Pass failed on irg 'r_func_4'
	 :: Pass failed on irg 'r_func_3'
	 :: Pass failed on irg 'r_func_1' -- No improvement
	# of nodes: 			1060
	# of irgs: 				6
	# of cf manipulations: 	65
	# of memory operations: 205
	# of types: 			316



Using pass: pass_libfirm_gvn_pre -- No improvement
	# of nodes: 			1060
	# of irgs: 				6
	# of cf manipulations: 	65
	# of memory operations: 205
	# of types: 			316



Using pass: pass_libfirm_optimize_load_store -- No improvement
	# of nodes: 			1060
	# of irgs: 				6
	# of cf manipulations: 	65
	# of memory operations: 205
	# of types: 			316



Using pass: pass_libfirm_opt_bool -- No improvement
	# of nodes: 			1060
	# of irgs: 				6
	# of cf manipulations: 	65
	# of memory operations: 205
	# of types: 			316



Using pass: pass_libfirm_opt_tail_rec -- Successful
	# of nodes: 			1052
	# of irgs: 				6
	# of cf manipulations: 	63
	# of memory operations: 205
	# of types: 			316



Using pass: pass_gc_entitites -- Successful
	# of nodes: 			1052
	# of irgs: 				6
	# of cf manipulations: 	63
	# of memory operations: 205
	# of types: 			316



Using pass: pass_libfirm_remove_critical_cf_edges -- No improvement
	# of nodes: 			1052
	# of irgs: 				6
	# of cf manipulations: 	63
	# of memory operations: 205
	# of types: 			316



Using pass: pass_replace_loads
	 :: Pass failed on irg '_main'
	 :: Pass failed on irg 'r_func_4'
	 :: Pass failed on irg '_main'
	 :: Pass failed on irg 'r_func_3' -- No improvement
	# of nodes: 			1052
	# of irgs: 				6
	# of cf manipulations: 	63
	# of memory operations: 205
	# of types: 			316



Using pass: pass_libfirm_optimize_reassociation -- Successful
	# of nodes: 			1053
	# of irgs: 				6
	# of cf manipulations: 	63
	# of memory operations: 205
	# of types: 			316



Using pass: pass_replace_switch_selectors -- No improvement
	# of nodes: 			1053
	# of irgs: 				6
	# of cf manipulations: 	63
	# of memory operations: 205
	# of types: 			316



Using pass: pass_replace_proj_primitive -- Successful
	# of nodes: 			388
	# of irgs: 				6
	# of cf manipulations: 	13
	# of memory operations: 122
	# of types: 			316



Using pass: pass_replace_mux_selectors -- No improvement
	# of nodes: 			388
	# of irgs: 				6
	# of cf manipulations: 	13
	# of memory operations: 122
	# of types: 			316



Using pass: pass_libfirm_combo -- No improvement
	# of nodes: 			388
	# of irgs: 				6
	# of cf manipulations: 	13
	# of memory operations: 122
	# of types: 			316



Using pass: pass_libfirm_normalize_n_returns -- No improvement
	# of nodes: 			388
	# of irgs: 				6
	# of cf manipulations: 	13
	# of memory operations: 122
	# of types: 			316



Using pass: pass_libfirm_do_loop_unrolling -- No improvement
	# of nodes: 			388
	# of irgs: 				6
	# of cf manipulations: 	13
	# of memory operations: 122
	# of types: 			316



Using pass: pass_check_validity -- No improvement
	# of nodes: 			388
	# of irgs: 				6
	# of cf manipulations: 	13
	# of memory operations: 122
	# of types: 			316



Using pass: pass_replace_members -- No improvement
	# of nodes: 			388
	# of irgs: 				6
	# of cf manipulations: 	13
	# of memory operations: 122
	# of types: 			316



Using pass: pass_check_validity -- No improvement
	# of nodes: 			388
	# of irgs: 				6
	# of cf manipulations: 	13
	# of memory operations: 122
	# of types: 			316



Using pass: pass_libfirm_remove_unreachable -- No improvement
	# of nodes: 			388
	# of irgs: 				6
	# of cf manipulations: 	13
	# of memory operations: 122
	# of types: 			316



Using pass: pass_libfirm_gvn_pre -- No improvement
	# of nodes: 			388
	# of irgs: 				6
	# of cf manipulations: 	13
	# of memory operations: 122
	# of types: 			316



Using pass: pass_libfirm_dead_code_elimination -- No improvement
	# of nodes: 			388
	# of irgs: 				6
	# of cf manipulations: 	13
	# of memory operations: 122
	# of types: 			316



Using pass: pass_libfirm_opt_ldst
	 :: Pass failed on irg 'main'
	 :: Pass failed on irg 'r_func_4'
	 :: Pass failed on irg 'r_func_4'
	 :: Pass failed on irg 'main'
	 :: Pass failed on irg 'r_func_3'
	 :: Pass failed on irg 'r_func_3' -- No improvement
	# of nodes: 			388
	# of irgs: 				6
	# of cf manipulations: 	13
	# of memory operations: 122
	# of types: 			316



Using pass: pass_libfirm_do_loop_inversion -- No improvement
	# of nodes: 			388
	# of irgs: 				6
	# of cf manipulations: 	13
	# of memory operations: 122
	# of types: 			316



Using pass: pass_remove_allocs -- Successful
	# of nodes: 			219
	# of irgs: 				6
	# of cf manipulations: 	13
	# of memory operations: 53
	# of types: 			316



Using pass: pass_libfirm_opt_frame -- No improvement
	# of nodes: 			219
	# of irgs: 				6
	# of cf manipulations: 	13
	# of memory operations: 53
	# of types: 			316



Using pass: pass_libfirm_opt_tail_rec -- No improvement
	# of nodes: 			219
	# of irgs: 				6
	# of cf manipulations: 	13
	# of memory operations: 53
	# of types: 			316



Using pass: pass_libfirm_place_code -- No improvement
	# of nodes: 			219
	# of irgs: 				6
	# of cf manipulations: 	13
	# of memory operations: 53
	# of types: 			316



Using pass: pass_libfirm_do_loop_unrolling -- No improvement
	# of nodes: 			219
	# of irgs: 				6
	# of cf manipulations: 	13
	# of memory operations: 53
	# of types: 			316



Using pass: pass_replace_members -- No improvement
	# of nodes: 			219
	# of irgs: 				6
	# of cf manipulations: 	13
	# of memory operations: 53
	# of types: 			316



Using pass: pass_libfirm_opt_funccalls -- No improvement
	# of nodes: 			219
	# of irgs: 				6
	# of cf manipulations: 	13
	# of memory operations: 53
	# of types: 			316



Using pass: pass_gc_irgs_primitive
	 :: interestingness test failed on irg 'r_func_4'
	 :: interestingness test failed on irg 'r_func_2'
	 :: interestingness test failed on irg 'r_func_2' -- No improvement
	# of nodes: 			219
	# of irgs: 				6
	# of cf manipulations: 	13
	# of memory operations: 53
	# of types: 			316



Using pass: pass_gc_irgs_primitive
	 :: interestingness test failed on irg 'r_func_2'
	 :: interestingness test failed on irg 'r_func_1'
	 :: interestingness test failed on irg 'r_func_1'
	 :: interestingness test failed on irg 'r_func_1' -- Successful
	# of nodes: 			179
	# of irgs: 				5
	# of cf manipulations: 	11
	# of memory operations: 44
	# of types: 			316



Using pass: pass_gc_entitites -- No improvement
	# of nodes: 			179
	# of irgs: 				5
	# of cf manipulations: 	11
	# of memory operations: 44
	# of types: 			316



Using pass: pass_replace_switch_selectors -- No improvement
	# of nodes: 			179
	# of irgs: 				5
	# of cf manipulations: 	11
	# of memory operations: 44
	# of types: 			316



Using pass: pass_libfirm_do_loop_peeling
	 :: Pass failed on irg 'r_func_1' -- No improvement
	# of nodes: 			179
	# of irgs: 				5
	# of cf manipulations: 	11
	# of memory operations: 44
	# of types: 			316



Using pass: pass_libfirm_do_loop_inversion -- No improvement
	# of nodes: 			179
	# of irgs: 				5
	# of cf manipulations: 	11
	# of memory operations: 44
	# of types: 			316



Using pass: pass_replace_switch_selectors -- No improvement
	# of nodes: 			179
	# of irgs: 				5
	# of cf manipulations: 	11
	# of memory operations: 44
	# of types: 			316



Using pass: pass_gc_entitites -- No improvement
	# of nodes: 			179
	# of irgs: 				5
	# of cf manipulations: 	11
	# of memory operations: 44
	# of types: 			316



Using pass: pass_libfirm_scalar_replacement_opt -- No improvement
	# of nodes: 			179
	# of irgs: 				5
	# of cf manipulations: 	11
	# of memory operations: 44
	# of types: 			316



Using pass: pass_libfirm_do_loop_peeling -- No improvement
	# of nodes: 			179
	# of irgs: 				5
	# of cf manipulations: 	11
	# of memory operations: 44
	# of types: 			316



Using pass: pass_libfirm_opt_frame -- No improvement
	# of nodes: 			179
	# of irgs: 				5
	# of cf manipulations: 	11
	# of memory operations: 44
	# of types: 			316



Using pass: pass_libfirm_remove_bads -- No improvement
	# of nodes: 			179
	# of irgs: 				5
	# of cf manipulations: 	11
	# of memory operations: 44
	# of types: 			316



Using pass: pass_libfirm_occult_consts -- No improvement
	# of nodes: 			179
	# of irgs: 				5
	# of cf manipulations: 	11
	# of memory operations: 44
	# of types: 			316



Using pass: pass_libfirm_opt_blocks -- No improvement
	# of nodes: 			179
	# of irgs: 				5
	# of cf manipulations: 	11
	# of memory operations: 44
	# of types: 			316



Using pass: pass_libfirm_remove_bads -- No improvement
	# of nodes: 			179
	# of irgs: 				5
	# of cf manipulations: 	11
	# of memory operations: 44
	# of types: 			316



Using pass: pass_libfirm_do_loop_unrolling -- No improvement
	# of nodes: 			179
	# of irgs: 				5
	# of cf manipulations: 	11
	# of memory operations: 44
	# of types: 			316



Using pass: pass_libfirm_place_code -- No improvement
	# of nodes: 			179
	# of irgs: 				5
	# of cf manipulations: 	11
	# of memory operations: 44
	# of types: 			316



Using pass: pass_simplify_consts -- Successful
	# of nodes: 			170
	# of irgs: 				5
	# of cf manipulations: 	11
	# of memory operations: 44
	# of types: 			316



Using pass: pass_libfirm_opt_frame -- No improvement
	# of nodes: 			170
	# of irgs: 				5
	# of cf manipulations: 	11
	# of memory operations: 44
	# of types: 			316



Using pass: pass_libfirm_opt_bool -- No improvement
	# of nodes: 			170
	# of irgs: 				5
	# of cf manipulations: 	11
	# of memory operations: 44
	# of types: 			316



Using pass: pass_libfirm_do_loop_peeling -- No improvement
	# of nodes: 			170
	# of irgs: 				5
	# of cf manipulations: 	11
	# of memory operations: 44
	# of types: 			316



Using pass: pass_libfirm_opt_parallelize_mem -- Successful
	# of nodes: 			172
	# of irgs: 				5
	# of cf manipulations: 	11
	# of memory operations: 44
	# of types: 			316



Using pass: pass_libfirm_normalize_one_return -- No improvement
	# of nodes: 			172
	# of irgs: 				5
	# of cf manipulations: 	11
	# of memory operations: 44
	# of types: 			316



Using pass: pass_libfirm_remove_tuples -- No improvement
	# of nodes: 			172
	# of irgs: 				5
	# of cf manipulations: 	11
	# of memory operations: 44
	# of types: 			316



Using pass: pass_simplify_consts -- No improvement
	# of nodes: 			172
	# of irgs: 				5
	# of cf manipulations: 	11
	# of memory operations: 44
	# of types: 			316



Using pass: pass_simplify_consts -- No improvement
	# of nodes: 			172
	# of irgs: 				5
	# of cf manipulations: 	11
	# of memory operations: 44
	# of types: 			316



Using pass: pass_replace_switch_selectors -- No improvement
	# of nodes: 			172
	# of irgs: 				5
	# of cf manipulations: 	11
	# of memory operations: 44
	# of types: 			316



Using pass: pass_libfirm_optimize_cf -- No improvement
	# of nodes: 			172
	# of irgs: 				5
	# of cf manipulations: 	11
	# of memory operations: 44
	# of types: 			316



Using pass: pass_libfirm_gvn_pre -- Successful
	# of nodes: 			170
	# of irgs: 				5
	# of cf manipulations: 	11
	# of memory operations: 43
	# of types: 			316



Using pass: pass_libfirm_normalize_n_returns -- No improvement
	# of nodes: 			170
	# of irgs: 				5
	# of cf manipulations: 	11
	# of memory operations: 43
	# of types: 			316



Using pass: pass_libfirm_normalize_one_return -- No improvement
	# of nodes: 			170
	# of irgs: 				5
	# of cf manipulations: 	11
	# of memory operations: 43
	# of types: 			316



Using pass: pass_libfirm_normalize_n_returns -- No improvement
	# of nodes: 			170
	# of irgs: 				5
	# of cf manipulations: 	11
	# of memory operations: 43
	# of types: 			316



Using pass: pass_libfirm_construct_confirms -- No improvement
	# of nodes: 			170
	# of irgs: 				5
	# of cf manipulations: 	11
	# of memory operations: 43
	# of types: 			316



Using pass: pass_replace_mux_selectors -- No improvement
	# of nodes: 			170
	# of irgs: 				5
	# of cf manipulations: 	11
	# of memory operations: 43
	# of types: 			316



Using pass: pass_libfirm_conv_opt -- No improvement
	# of nodes: 			170
	# of irgs: 				5
	# of cf manipulations: 	11
	# of memory operations: 43
	# of types: 			316



Using pass: pass_libfirm_remove_unreachable -- No improvement
	# of nodes: 			170
	# of irgs: 				5
	# of cf manipulations: 	11
	# of memory operations: 43
	# of types: 			316



Using pass: pass_remove_void_calls -- Successful
	# of nodes: 			147
	# of irgs: 				5
	# of cf manipulations: 	11
	# of memory operations: 35
	# of types: 			316



Using pass: pass_gc_irgs -- Successful
	# of nodes: 			47
	# of irgs: 				2
	# of cf manipulations: 	4
	# of memory operations: 10
	# of types: 			316



Using pass: pass_remove_stores -- Successful
	# of nodes: 			34
	# of irgs: 				2
	# of cf manipulations: 	4
	# of memory operations: 5
	# of types: 			316



Using pass: pass_gc_irgs_primitive -- Successful
	# of nodes: 			7
	# of irgs: 				1
	# of cf manipulations: 	2
	# of memory operations: 0
	# of types: 			316



Using pass: pass_libfirm_place_code -- No improvement
	# of nodes: 			7
	# of irgs: 				1
	# of cf manipulations: 	2
	# of memory operations: 0
	# of types: 			316



Using pass: pass_libfirm_optimize_reassociation -- No improvement
	# of nodes: 			7
	# of irgs: 				1
	# of cf manipulations: 	2
	# of memory operations: 0
	# of types: 			316



Using pass: pass_libfirm_construct_confirms -- No improvement
	# of nodes: 			7
	# of irgs: 				1
	# of cf manipulations: 	2
	# of memory operations: 0
	# of types: 			316



Using pass: pass_libfirm_place_code -- No improvement
	# of nodes: 			7
	# of irgs: 				1
	# of cf manipulations: 	2
	# of memory operations: 0
	# of types: 			316



Using pass: pass_libfirm_opt_bool -- No improvement
	# of nodes: 			7
	# of irgs: 				1
	# of cf manipulations: 	2
	# of memory operations: 0
	# of types: 			316



Using pass: pass_libfirm_remove_tuples -- No improvement
	# of nodes: 			7
	# of irgs: 				1
	# of cf manipulations: 	2
	# of memory operations: 0
	# of types: 			316



Using pass: pass_replace_proj_primitive -- No improvement
	# of nodes: 			7
	# of irgs: 				1
	# of cf manipulations: 	2
	# of memory operations: 0
	# of types: 			316



Using pass: pass_remove_allocs -- No improvement
	# of nodes: 			7
	# of irgs: 				1
	# of cf manipulations: 	2
	# of memory operations: 0
	# of types: 			316



Using pass: pass_libfirm_construct_confirms -- No improvement
	# of nodes: 			7
	# of irgs: 				1
	# of cf manipulations: 	2
	# of memory operations: 0
	# of types: 			316



Using pass: pass_replace_arithmetic -- No improvement
	# of nodes: 			7
	# of irgs: 				1
	# of cf manipulations: 	2
	# of memory operations: 0
	# of types: 			316



Using pass: pass_gc_entitites -- No improvement
	# of nodes: 			7
	# of irgs: 				1
	# of cf manipulations: 	2
	# of memory operations: 0
	# of types: 			316



Using pass: pass_libfirm_gvn_pre -- No improvement
	# of nodes: 			7
	# of irgs: 				1
	# of cf manipulations: 	2
	# of memory operations: 0
	# of types: 			316



Using pass: pass_libfirm_conv_opt -- No improvement
	# of nodes: 			7
	# of irgs: 				1
	# of cf manipulations: 	2
	# of memory operations: 0
	# of types: 			316



Using pass: pass_libfirm_opt_ldst
	 :: Pass failed on irg 'main' -- No improvement
	# of nodes: 			7
	# of irgs: 				1
	# of cf manipulations: 	2
	# of memory operations: 0
	# of types: 			316



Using pass: pass_libfirm_optimize_load_store -- No improvement
	# of nodes: 			7
	# of irgs: 				1
	# of cf manipulations: 	2
	# of memory operations: 0
	# of types: 			316



Using pass: pass_replace_loads -- No improvement
	# of nodes: 			7
	# of irgs: 				1
	# of cf manipulations: 	2
	# of memory operations: 0
	# of types: 			316



Using pass: pass_replace_switch_selectors -- No improvement
	# of nodes: 			7
	# of irgs: 				1
	# of cf manipulations: 	2
	# of memory operations: 0
	# of types: 			316



Using pass: pass_check_validity -- No improvement
	# of nodes: 			7
	# of irgs: 				1
	# of cf manipulations: 	2
	# of memory operations: 0
	# of types: 			316



Using pass: pass_remove_void_calls -- No improvement
	# of nodes: 			7
	# of irgs: 				1
	# of cf manipulations: 	2
	# of memory operations: 0
	# of types: 			316



Using pass: pass_libfirm_do_loop_inversion -- No improvement
	# of nodes: 			7
	# of irgs: 				1
	# of cf manipulations: 	2
	# of memory operations: 0
	# of types: 			316



Using pass: pass_libfirm_remove_bads -- No improvement
	# of nodes: 			7
	# of irgs: 				1
	# of cf manipulations: 	2
	# of memory operations: 0
	# of types: 			316



Using pass: pass_libfirm_opt_funccalls -- No improvement
	# of nodes: 			7
	# of irgs: 				1
	# of cf manipulations: 	2
	# of memory operations: 0
	# of types: 			316



Using pass: pass_libfirm_opt_parallelize_mem -- No improvement
	# of nodes: 			7
	# of irgs: 				1
	# of cf manipulations: 	2
	# of memory operations: 0
	# of types: 			316



Using pass: pass_remove_stores -- No improvement
	# of nodes: 			7
	# of irgs: 				1
	# of cf manipulations: 	2
	# of memory operations: 0
	# of types: 			316



Using pass: pass_libfirm_opt_blocks -- No improvement
	# of nodes: 			7
	# of irgs: 				1
	# of cf manipulations: 	2
	# of memory operations: 0
	# of types: 			316



Using pass: pass_libfirm_combo -- No improvement
	# of nodes: 			7
	# of irgs: 				1
	# of cf manipulations: 	2
	# of memory operations: 0
	# of types: 			316



Using pass: pass_remove_allocs -- No improvement
	# of nodes: 			7
	# of irgs: 				1
	# of cf manipulations: 	2
	# of memory operations: 0
	# of types: 			316



Using pass: pass_libfirm_remove_unreachable -- No improvement
	# of nodes: 			7
	# of irgs: 				1
	# of cf manipulations: 	2
	# of memory operations: 0
	# of types: 			316



Using pass: pass_libfirm_opt_frame -- No improvement
	# of nodes: 			7
	# of irgs: 				1
	# of cf manipulations: 	2
	# of memory operations: 0
	# of types: 			316



Using pass: pass_libfirm_remove_critical_cf_edges -- No improvement
	# of nodes: 			7
	# of irgs: 				1
	# of cf manipulations: 	2
	# of memory operations: 0
	# of types: 			316



Using pass: pass_libfirm_remove_critical_cf_edges -- No improvement
	# of nodes: 			7
	# of irgs: 				1
	# of cf manipulations: 	2
	# of memory operations: 0
	# of types: 			316



Using pass: pass_libfirm_remove_critical_cf_edges -- No improvement
	# of nodes: 			7
	# of irgs: 				1
	# of cf manipulations: 	2
	# of memory operations: 0
	# of types: 			316



Using pass: pass_libfirm_remove_bads -- No improvement
	# of nodes: 			7
	# of irgs: 				1
	# of cf manipulations: 	2
	# of memory operations: 0
	# of types: 			316



Using pass: pass_libfirm_conv_opt -- No improvement
	# of nodes: 			7
	# of irgs: 				1
	# of cf manipulations: 	2
	# of memory operations: 0
	# of types: 			316



Using pass: pass_libfirm_opt_jumpthreading -- No improvement
	# of nodes: 			7
	# of irgs: 				1
	# of cf manipulations: 	2
	# of memory operations: 0
	# of types: 			316



Using pass: pass_gc_irgs_primitive -- No improvement
	# of nodes: 			7
	# of irgs: 				1
	# of cf manipulations: 	2
	# of memory operations: 0
	# of types: 			316



Using pass: pass_libfirm_do_loop_inversion -- No improvement
	# of nodes: 			7
	# of irgs: 				1
	# of cf manipulations: 	2
	# of memory operations: 0
	# of types: 			316



Using pass: pass_libfirm_conv_opt -- No improvement
	# of nodes: 			7
	# of irgs: 				1
	# of cf manipulations: 	2
	# of memory operations: 0
	# of types: 			316



Using pass: pass_replace_cond_selectors -- No improvement
	# of nodes: 			7
	# of irgs: 				1
	# of cf manipulations: 	2
	# of memory operations: 0
	# of types: 			316



Using pass: pass_remove_allocs -- No improvement
	# of nodes: 			7
	# of irgs: 				1
	# of cf manipulations: 	2
	# of memory operations: 0
	# of types: 			316



Using pass: pass_replace_members -- No improvement
	# of nodes: 			7
	# of irgs: 				1
	# of cf manipulations: 	2
	# of memory operations: 0
	# of types: 			316



Using pass: pass_libfirm_construct_confirms -- No improvement
	# of nodes: 			7
	# of irgs: 				1
	# of cf manipulations: 	2
	# of memory operations: 0
	# of types: 			316



Using pass: pass_gc_irgs -- No improvement
	# of nodes: 			7
	# of irgs: 				1
	# of cf manipulations: 	2
	# of memory operations: 0
	# of types: 			316



Using pass: pass_libfirm_opt_ldst
	 :: Pass failed on irg 'main' -- No improvement
	# of nodes: 			7
	# of irgs: 				1
	# of cf manipulations: 	2
	# of memory operations: 0
	# of types: 			316



Using pass: pass_libfirm_place_code -- No improvement
	# of nodes: 			7
	# of irgs: 				1
	# of cf manipulations: 	2
	# of memory operations: 0
	# of types: 			316



Using pass: pass_replace_arithmetic -- No improvement
	# of nodes: 			7
	# of irgs: 				1
	# of cf manipulations: 	2
	# of memory operations: 0
	# of types: 			316



Using pass: pass_replace_cond_selectors -- No improvement
	# of nodes: 			7
	# of irgs: 				1
	# of cf manipulations: 	2
	# of memory operations: 0
	# of types: 			316



Using pass: pass_libfirm_remove_critical_cf_edges -- No improvement
	# of nodes: 			7
	# of irgs: 				1
	# of cf manipulations: 	2
	# of memory operations: 0
	# of types: 			316



Using pass: pass_libfirm_opt_parallelize_mem -- No improvement
	# of nodes: 			7
	# of irgs: 				1
	# of cf manipulations: 	2
	# of memory operations: 0
	# of types: 			316



Using pass: pass_libfirm_do_loop_peeling -- No improvement
	# of nodes: 			7
	# of irgs: 				1
	# of cf manipulations: 	2
	# of memory operations: 0
	# of types: 			316



Using pass: pass_libfirm_opt_blocks -- No improvement
	# of nodes: 			7
	# of irgs: 				1
	# of cf manipulations: 	2
	# of memory operations: 0
	# of types: 			316



Using pass: pass_gc_irgs -- No improvement
	# of nodes: 			7
	# of irgs: 				1
	# of cf manipulations: 	2
	# of memory operations: 0
	# of types: 			316



Using pass: pass_libfirm_optimize_load_store -- No improvement
	# of nodes: 			7
	# of irgs: 				1
	# of cf manipulations: 	2
	# of memory operations: 0
	# of types: 			316



Using pass: pass_remove_void_calls -- No improvement
	# of nodes: 			7
	# of irgs: 				1
	# of cf manipulations: 	2
	# of memory operations: 0
	# of types: 			316



Using pass: pass_replace_switch_selectors -- No improvement
	# of nodes: 			7
	# of irgs: 				1
	# of cf manipulations: 	2
	# of memory operations: 0
	# of types: 			316



Using pass: pass_libfirm_normalize_one_return -- No improvement
	# of nodes: 			7
	# of irgs: 				1
	# of cf manipulations: 	2
	# of memory operations: 0
	# of types: 			316



Using pass: pass_libfirm_remove_critical_cf_edges -- No improvement
	# of nodes: 			7
	# of irgs: 				1
	# of cf manipulations: 	2
	# of memory operations: 0
	# of types: 			316



Using pass: pass_libfirm_construct_confirms -- No improvement
	# of nodes: 			7
	# of irgs: 				1
	# of cf manipulations: 	2
	# of memory operations: 0
	# of types: 			316



Using pass: pass_gc_entitites -- No improvement
	# of nodes: 			7
	# of irgs: 				1
	# of cf manipulations: 	2
	# of memory operations: 0
	# of types: 			316



Using pass: pass_libfirm_place_code -- No improvement
	# of nodes: 			7
	# of irgs: 				1
	# of cf manipulations: 	2
	# of memory operations: 0
	# of types: 			316



Using pass: pass_libfirm_opt_jumpthreading -- No improvement
	# of nodes: 			7
	# of irgs: 				1
	# of cf manipulations: 	2
	# of memory operations: 0
	# of types: 			316



Using pass: pass_replace_arithmetic -- No improvement
	# of nodes: 			7
	# of irgs: 				1
	# of cf manipulations: 	2
	# of memory operations: 0
	# of types: 			316



Using pass: pass_libfirm_opt_funccalls -- No improvement
	# of nodes: 			7
	# of irgs: 				1
	# of cf manipulations: 	2
	# of memory operations: 0
	# of types: 			316



Using pass: pass_gc_irgs -- No improvement
	# of nodes: 			7
	# of irgs: 				1
	# of cf manipulations: 	2
	# of memory operations: 0
	# of types: 			316



Using pass: pass_libfirm_opt_tail_rec -- No improvement
	# of nodes: 			7
	# of irgs: 				1
	# of cf manipulations: 	2
	# of memory operations: 0
	# of types: 			316



Using pass: pass_remove_void_calls -- No improvement
	# of nodes: 			7
	# of irgs: 				1
	# of cf manipulations: 	2
	# of memory operations: 0
	# of types: 			316



Using pass: pass_libfirm_dead_code_elimination -- No improvement
	# of nodes: 			7
	# of irgs: 				1
	# of cf manipulations: 	2
	# of memory operations: 0
	# of types: 			316



Using pass: pass_libfirm_opt_funccalls -- No improvement
	# of nodes: 			7
	# of irgs: 				1
	# of cf manipulations: 	2
	# of memory operations: 0
	# of types: 			316



Using pass: pass_libfirm_optimize_load_store -- No improvement
	# of nodes: 			7
	# of irgs: 				1
	# of cf manipulations: 	2
	# of memory operations: 0
	# of types: 			316



Using pass: pass_replace_cond_selectors -- No improvement
	# of nodes: 			7
	# of irgs: 				1
	# of cf manipulations: 	2
	# of memory operations: 0
	# of types: 			316



Using pass: pass_check_validity -- No improvement
	# of nodes: 			7
	# of irgs: 				1
	# of cf manipulations: 	2
	# of memory operations: 0
	# of types: 			316



Using pass: pass_libfirm_opt_ldst
	 :: Pass failed on irg 'main' -- No improvement
	# of nodes: 			7
	# of irgs: 				1
	# of cf manipulations: 	2
	# of memory operations: 0
	# of types: 			316



Using pass: pass_remove_stores -- No improvement
	# of nodes: 			7
	# of irgs: 				1
	# of cf manipulations: 	2
	# of memory operations: 0
	# of types: 			316



Using pass: pass_libfirm_dead_code_elimination -- No improvement
	# of nodes: 			7
	# of irgs: 				1
	# of cf manipulations: 	2
	# of memory operations: 0
	# of types: 			316



Using pass: pass_libfirm_do_loop_inversion -- No improvement
	# of nodes: 			7
	# of irgs: 				1
	# of cf manipulations: 	2
	# of memory operations: 0
	# of types: 			316



Using pass: pass_replace_mux_selectors -- No improvement
	# of nodes: 			7
	# of irgs: 				1
	# of cf manipulations: 	2
	# of memory operations: 0
	# of types: 			316



Using pass: pass_replace_proj_primitive -- No improvement
	# of nodes: 			7
	# of irgs: 				1
	# of cf manipulations: 	2
	# of memory operations: 0
	# of types: 			316



Using pass: pass_libfirm_remove_critical_cf_edges -- No improvement
	# of nodes: 			7
	# of irgs: 				1
	# of cf manipulations: 	2
	# of memory operations: 0
	# of types: 			316



Using pass: pass_libfirm_dead_code_elimination -- No improvement
	# of nodes: 			7
	# of irgs: 				1
	# of cf manipulations: 	2
	# of memory operations: 0
	# of types: 			316



Using pass: pass_libfirm_normalize_one_return -- No improvement
	# of nodes: 			7
	# of irgs: 				1
	# of cf manipulations: 	2
	# of memory operations: 0
	# of types: 			316



Using pass: pass_libfirm_remove_unreachable -- No improvement
	# of nodes: 			7
	# of irgs: 				1
	# of cf manipulations: 	2
	# of memory operations: 0
	# of types: 			316



Using pass: pass_libfirm_normalize_n_returns -- No improvement
	# of nodes: 			7
	# of irgs: 				1
	# of cf manipulations: 	2
	# of memory operations: 0
	# of types: 			316



Using pass: pass_libfirm_remove_bads -- No improvement
	# of nodes: 			7
	# of irgs: 				1
	# of cf manipulations: 	2
	# of memory operations: 0
	# of types: 			316



Using pass: pass_gc_irgs -- No improvement
	# of nodes: 			7
	# of irgs: 				1
	# of cf manipulations: 	2
	# of memory operations: 0
	# of types: 			316



Using pass: pass_replace_cond_selectors -- No improvement
	# of nodes: 			7
	# of irgs: 				1
	# of cf manipulations: 	2
	# of memory operations: 0
	# of types: 			316




 :: 2nd reduction cycle

Using pass: pass_gc_irgs_primitive -- Trying irg 'r_func_4' -- No improvement
Using pass: pass_gc_irgs_primitive -- Trying irg 'r_func_2' -- No improvement
Using pass: pass_gc_irgs_primitive -- Trying irg 'r_func_2' -- No improvement
Using pass: pass_gc_irgs_primitive -- Trying irg 'r_func_2' -- No improvement
Using pass: pass_gc_irgs_primitive -- Trying irg 'r_func_1' -- No improvement
Using pass: pass_gc_irgs_primitive -- Trying irg 'r_func_1' -- No improvement
Using pass: pass_gc_irgs_primitive -- Trying irg 'r_func_1' -- No improvement

______________________________

No further reduction possible.

Result:
	# of nodes: 			7
	# of irgs: 				1
	# of cf manipulations: 	2
	# of memory operations: 0
	# of types: 			316

2018-08-24 10:20:05