2018-08-26 19:16:40 -- Firmreduce -- Results

Initial Test-case size:
	# of nodes: 			5596
	# of irgs: 				101
	# of cf manipulations: 	214
	# of memory operations: 1281
	# of types: 			2416


Using pass: pass_remove_allocs -- No improvement
	# of nodes: 			5596
	# of irgs: 				101
	# of cf manipulations: 	214
	# of memory operations: 1281
	# of types: 			2416



Using pass: pass_libfirm_place_code -- No improvement
	# of nodes: 			5596
	# of irgs: 				101
	# of cf manipulations: 	214
	# of memory operations: 1281
	# of types: 			2416



Using pass: pass_libfirm_opt_if_conv -- No improvement
	# of nodes: 			5596
	# of irgs: 				101
	# of cf manipulations: 	214
	# of memory operations: 1281
	# of types: 			2416



Using pass: pass_libfirm_conv_opt -- Successful
	# of nodes: 			5587
	# of irgs: 				101
	# of cf manipulations: 	214
	# of memory operations: 1281
	# of types: 			2416



Using pass: pass_replace_switch_selectors -- No improvement
	# of nodes: 			5587
	# of irgs: 				101
	# of cf manipulations: 	214
	# of memory operations: 1281
	# of types: 			2416



Using pass: pass_replace_members -- No improvement
	# of nodes: 			5587
	# of irgs: 				101
	# of cf manipulations: 	214
	# of memory operations: 1281
	# of types: 			2416



Using pass: pass_libfirm_optimize_cf -- No improvement
	# of nodes: 			5587
	# of irgs: 				101
	# of cf manipulations: 	214
	# of memory operations: 1281
	# of types: 			2416



Using pass: pass_libfirm_place_code -- No improvement
	# of nodes: 			5587
	# of irgs: 				101
	# of cf manipulations: 	214
	# of memory operations: 1281
	# of types: 			2416



Using pass: pass_libfirm_opt_blocks -- No improvement
	# of nodes: 			5587
	# of irgs: 				101
	# of cf manipulations: 	214
	# of memory operations: 1281
	# of types: 			2416



Using pass: pass_libfirm_scalar_replacement_opt -- No improvement
	# of nodes: 			5587
	# of irgs: 				101
	# of cf manipulations: 	214
	# of memory operations: 1281
	# of types: 			2416



Using pass: pass_remove_void_calls -- Successful
	# of nodes: 			5316
	# of irgs: 				101
	# of cf manipulations: 	211
	# of memory operations: 1225
	# of types: 			2416



Using pass: pass_libfirm_normalize_n_returns -- No improvement
	# of nodes: 			5316
	# of irgs: 				101
	# of cf manipulations: 	211
	# of memory operations: 1225
	# of types: 			2416



Using pass: pass_remove_stores -- Successful
	# of nodes: 			4032
	# of irgs: 				101
	# of cf manipulations: 	211
	# of memory operations: 964
	# of types: 			2416



Using pass: pass_libfirm_opt_jumpthreading -- No improvement
	# of nodes: 			4032
	# of irgs: 				101
	# of cf manipulations: 	211
	# of memory operations: 964
	# of types: 			2416



Using pass: pass_libfirm_remove_tuples -- No improvement
	# of nodes: 			4032
	# of irgs: 				101
	# of cf manipulations: 	211
	# of memory operations: 964
	# of types: 			2416



Using pass: pass_libfirm_construct_confirms -- No improvement
	# of nodes: 			4032
	# of irgs: 				101
	# of cf manipulations: 	211
	# of memory operations: 964
	# of types: 			2416



Using pass: pass_replace_proj_primitive -- Successful
	# of nodes: 			3538
	# of irgs: 				101
	# of cf manipulations: 	211
	# of memory operations: 960
	# of types: 			2416



Using pass: pass_libfirm_opt_jumpthreading -- No improvement
	# of nodes: 			3538
	# of irgs: 				101
	# of cf manipulations: 	211
	# of memory operations: 960
	# of types: 			2416



Using pass: pass_libfirm_normalize_n_returns -- No improvement
	# of nodes: 			3538
	# of irgs: 				101
	# of cf manipulations: 	211
	# of memory operations: 960
	# of types: 			2416



Using pass: pass_replace_proj_primitive -- Successful
	# of nodes: 			3526
	# of irgs: 				101
	# of cf manipulations: 	211
	# of memory operations: 960
	# of types: 			2416



Using pass: pass_libfirm_opt_frame -- No improvement
	# of nodes: 			3526
	# of irgs: 				101
	# of cf manipulations: 	211
	# of memory operations: 960
	# of types: 			2416



Using pass: pass_check_validity -- No improvement
	# of nodes: 			3526
	# of irgs: 				101
	# of cf manipulations: 	211
	# of memory operations: 960
	# of types: 			2416



Using pass: pass_libfirm_scalar_replacement_opt -- No improvement
	# of nodes: 			3526
	# of irgs: 				101
	# of cf manipulations: 	211
	# of memory operations: 960
	# of types: 			2416



Using pass: pass_libfirm_opt_funccalls -- No improvement
	# of nodes: 			3526
	# of irgs: 				101
	# of cf manipulations: 	211
	# of memory operations: 960
	# of types: 			2416



Using pass: pass_libfirm_opt_blocks -- No improvement
	# of nodes: 			3526
	# of irgs: 				101
	# of cf manipulations: 	211
	# of memory operations: 960
	# of types: 			2416



Using pass: pass_libfirm_occult_consts -- No improvement
	# of nodes: 			3526
	# of irgs: 				101
	# of cf manipulations: 	211
	# of memory operations: 960
	# of types: 			2416



Using pass: pass_gc_entitites -- No improvement
	# of nodes: 			3526
	# of irgs: 				101
	# of cf manipulations: 	211
	# of memory operations: 960
	# of types: 			2416



Using pass: pass_libfirm_conv_opt -- No improvement
	# of nodes: 			3526
	# of irgs: 				101
	# of cf manipulations: 	211
	# of memory operations: 960
	# of types: 			2416



Using pass: pass_libfirm_dead_code_elimination -- No improvement
	# of nodes: 			3526
	# of irgs: 				101
	# of cf manipulations: 	211
	# of memory operations: 960
	# of types: 			2416



Using pass: pass_libfirm_do_loop_peeling
	 :: Pass failed on irg 'r_func_15'
	 :: Pass failed on irg 'r_func_18'
	 :: Pass failed on irg 'r_func_87'
	 :: Pass failed on irg 'r_func_5'
	 :: Pass failed on irg 'r_func_70'
	 :: Pass failed on irg 'r_func_70'
	 :: Pass failed on irg 'r_func_15'
	 :: Pass failed on irg 'r_func_70' -- No improvement
	# of nodes: 			3526
	# of irgs: 				101
	# of cf manipulations: 	211
	# of memory operations: 960
	# of types: 			2416



Using pass: pass_libfirm_opt_blocks -- No improvement
	# of nodes: 			3526
	# of irgs: 				101
	# of cf manipulations: 	211
	# of memory operations: 960
	# of types: 			2416



Using pass: pass_libfirm_optimize_reassociation -- No improvement
	# of nodes: 			3526
	# of irgs: 				101
	# of cf manipulations: 	211
	# of memory operations: 960
	# of types: 			2416



Using pass: pass_replace_mux_selectors -- No improvement
	# of nodes: 			3526
	# of irgs: 				101
	# of cf manipulations: 	211
	# of memory operations: 960
	# of types: 			2416



Using pass: pass_replace_cond_selectors -- No improvement
	# of nodes: 			3526
	# of irgs: 				101
	# of cf manipulations: 	211
	# of memory operations: 960
	# of types: 			2416



Using pass: pass_libfirm_optimize_graph_df -- No improvement
	# of nodes: 			3526
	# of irgs: 				101
	# of cf manipulations: 	211
	# of memory operations: 960
	# of types: 			2416



Using pass: pass_libfirm_dead_code_elimination -- No improvement
	# of nodes: 			3526
	# of irgs: 				101
	# of cf manipulations: 	211
	# of memory operations: 960
	# of types: 			2416



Using pass: pass_libfirm_opt_ldst
	 :: Pass failed on irg 'r_func_88'
	 :: Pass failed on irg 'r_func_42'
	 :: Pass failed on irg 'r_func_71'
	 :: Pass failed on irg 'r_func_14'
	 :: Pass failed on irg 'r_func_50'
	 :: Pass failed on irg 'r_func_66'
	 :: Pass failed on irg 'r_func_5'
	 :: Pass failed on irg 'r_func_81'
	 :: Pass failed on irg 'r_func_88'
	 :: Pass failed on irg 'r_func_55'
	 :: Pass failed on irg 'r_func_40'
	 :: Pass failed on irg 'r_func_37'
	 :: Pass failed on irg 'r_func_72'
	 :: Pass failed on irg 'r_func_39'
	 :: Pass failed on irg 'r_func_89'
	 :: Pass failed on irg 'r_func_19'
	 :: Pass failed on irg 'r_func_62'
	 :: Pass failed on irg 'r_func_14'
	 :: Pass failed on irg 'r_func_83'
	 :: Pass failed on irg 'r_func_71'
	 :: Pass failed on irg 'r_func_19'
	 :: Pass failed on irg 'r_func_16'
	 :: Pass failed on irg 'r_func_96'
	 :: Pass failed on irg 'r_func_98'
	 :: Pass failed on irg 'r_func_22'
	 :: Pass failed on irg 'r_func_16'
	 :: Pass failed on irg 'r_func_97'
	 :: Pass failed on irg 'r_func_5'
	 :: Pass failed on irg 'r_func_44'
	 :: Pass failed on irg 'r_func_55'
	 :: Pass failed on irg 'r_func_71'
	 :: Pass failed on irg 'r_func_75'
	 :: Pass failed on irg '_main'
	 :: Pass failed on irg 'r_func_30'
	 :: Pass failed on irg 'r_func_84'
	 :: Pass failed on irg 'r_func_48'
	 :: Pass failed on irg 'r_func_3'
	 :: Pass failed on irg 'r_func_60'
	 :: Pass failed on irg 'r_func_27'
	 :: Pass failed on irg 'r_func_14'
	 :: Pass failed on irg 'r_func_76'
	 :: Pass failed on irg 'r_func_78'
	 :: Pass failed on irg 'r_func_84'
	 :: Pass failed on irg 'r_func_39'
	 :: Pass failed on irg 'r_func_93'
	 :: Pass failed on irg 'r_func_26'
	 :: Pass failed on irg 'r_func_67'
	 :: Pass failed on irg 'r_func_61'
	 :: Pass failed on irg 'r_func_56'
	 :: Pass failed on irg 'r_func_17'
	 :: Pass failed on irg 'r_func_58'
	 :: Pass failed on irg 'r_func_7'
	 :: Pass failed on irg 'r_func_96'
	 :: Pass failed on irg 'r_func_92'
	 :: Pass failed on irg 'r_func_91'
	 :: Pass failed on irg 'r_func_38'
	 :: Pass failed on irg 'r_func_3'
	 :: Pass failed on irg 'r_func_70'
	 :: Pass failed on irg 'r_func_30'
	 :: Pass failed on irg 'r_func_47'
	 :: Pass failed on irg 'r_func_2'
	 :: Pass failed on irg 'r_func_85'
	 :: Pass failed on irg 'r_func_5'
	 :: Pass failed on irg 'r_func_70'
	 :: Pass failed on irg 'r_func_2'
	 :: Pass failed on irg 'r_func_66'
	 :: Pass failed on irg 'r_func_84'
	 :: Pass failed on irg 'r_func_19'
	 :: Pass failed on irg 'r_func_40'
	 :: Pass failed on irg 'r_func_69'
	 :: Pass failed on irg 'r_func_49'
	 :: Pass failed on irg 'r_func_62'
	 :: Pass failed on irg 'r_func_89'
	 :: Pass failed on irg 'r_func_72'
	 :: Pass failed on irg 'r_func_7'
	 :: Pass failed on irg 'r_func_7'
	 :: Pass failed on irg 'r_func_90'
	 :: Pass failed on irg 'r_func_11'
	 :: Pass failed on irg 'r_func_70'
	 :: Pass failed on irg 'r_func_22'
	 :: Pass failed on irg 'r_func_66'
	 :: Pass failed on irg 'r_func_64'
	 :: Pass failed on irg 'r_func_27'
	 :: Pass failed on irg 'r_func_96'
	 :: Pass failed on irg 'r_func_59'
	 :: Pass failed on irg 'r_func_64'
	 :: Pass failed on irg 'r_func_36'
	 :: Pass failed on irg 'r_func_93'
	 :: Pass failed on irg 'r_func_91'
	 :: Pass failed on irg 'r_func_9'
	 :: Pass failed on irg 'r_func_14'
	 :: Pass failed on irg 'r_func_39'
	 :: Pass failed on irg 'r_func_74'
	 :: Pass failed on irg 'r_func_65'
	 :: Pass failed on irg 'r_func_64'
	 :: Pass failed on irg 'r_func_81'
	 :: Pass failed on irg 'r_func_6'
	 :: Pass failed on irg 'r_func_46'
	 :: Pass failed on irg 'r_func_93'
	 :: Pass failed on irg 'r_func_34'
	 :: Pass failed on irg 'r_func_37' -- No improvement
	# of nodes: 			3526
	# of irgs: 				101
	# of cf manipulations: 	211
	# of memory operations: 960
	# of types: 			2416



Using pass: pass_libfirm_conv_opt -- No improvement
	# of nodes: 			3526
	# of irgs: 				101
	# of cf manipulations: 	211
	# of memory operations: 960
	# of types: 			2416



Using pass: pass_libfirm_opt_jumpthreading -- No improvement
	# of nodes: 			3526
	# of irgs: 				101
	# of cf manipulations: 	211
	# of memory operations: 960
	# of types: 			2416



Using pass: pass_check_validity -- No improvement
	# of nodes: 			3526
	# of irgs: 				101
	# of cf manipulations: 	211
	# of memory operations: 960
	# of types: 			2416



Using pass: pass_libfirm_opt_bool -- No improvement
	# of nodes: 			3526
	# of irgs: 				101
	# of cf manipulations: 	211
	# of memory operations: 960
	# of types: 			2416



Using pass: pass_libfirm_opt_parallelize_mem -- Successful
	# of nodes: 			3582
	# of irgs: 				101
	# of cf manipulations: 	211
	# of memory operations: 960
	# of types: 			2416



Using pass: pass_libfirm_do_loop_unrolling -- No improvement
	# of nodes: 			3582
	# of irgs: 				101
	# of cf manipulations: 	211
	# of memory operations: 960
	# of types: 			2416



Using pass: pass_check_validity -- No improvement
	# of nodes: 			3582
	# of irgs: 				101
	# of cf manipulations: 	211
	# of memory operations: 960
	# of types: 			2416



Using pass: pass_check_validity -- No improvement
	# of nodes: 			3582
	# of irgs: 				101
	# of cf manipulations: 	211
	# of memory operations: 960
	# of types: 			2416



Using pass: pass_remove_stores -- No improvement
	# of nodes: 			3582
	# of irgs: 				101
	# of cf manipulations: 	211
	# of memory operations: 960
	# of types: 			2416



Using pass: pass_libfirm_remove_bads -- No improvement
	# of nodes: 			3582
	# of irgs: 				101
	# of cf manipulations: 	211
	# of memory operations: 960
	# of types: 			2416



Using pass: pass_libfirm_conv_opt -- No improvement
	# of nodes: 			3582
	# of irgs: 				101
	# of cf manipulations: 	211
	# of memory operations: 960
	# of types: 			2416



Using pass: pass_gc_irgs
	 :: interestingness test failed on irg 'r_func_5'
	 :: Pass failed on irg 'r_func_60'
	 :: interestingness test failed on irg 'r_func_13'
	 :: interestingness test failed on irg 'r_func_71'
	 :: interestingness test failed on irg 'r_func_59'
	 :: Pass failed on irg 'r_func_33'
	 :: interestingness test failed on irg 'r_func_9'
	 :: Pass failed on irg 'r_func_12'
	 :: interestingness test failed on irg 'r_func_85'
	 :: interestingness test failed on irg 'r_func_31'
	 :: interestingness test failed on irg 'main'
	 :: interestingness test failed on irg 'r_func_28'
	 :: interestingness test failed on irg 'r_func_7'
	 :: interestingness test failed on irg 'r_func_31'
	 :: interestingness test failed on irg 'r_func_66'
	 :: Pass failed on irg 'r_func_45'
	 :: interestingness test failed on irg 'r_func_55'
	 :: interestingness test failed on irg 'r_func_98'
	 :: interestingness test failed on irg 'r_func_95'
	 :: interestingness test failed on irg 'r_func_59'
	 :: interestingness test failed on irg 'r_func_15'
	 :: Pass failed on irg 'r_func_33'
	 :: Pass failed on irg 'r_func_96'
	 :: interestingness test failed on irg 'r_func_76'
	 :: Pass failed on irg 'r_func_24'
	 :: interestingness test failed on irg 'r_func_5'
	 :: interestingness test failed on irg 'r_func_75'
	 :: interestingness test failed on irg 'r_func_50'
	 :: interestingness test failed on irg 'r_func_62'
	 :: Pass failed on irg 'r_func_16'
	 :: Pass failed on irg 'r_func_45'
	 :: interestingness test failed on irg 'r_func_30'
	 :: Pass failed on irg 'r_func_33'
	 :: Pass failed on irg 'r_func_33'
	 :: interestingness test failed on irg 'r_func_28'
	 :: interestingness test failed on irg 'r_func_47'
	 :: interestingness test failed on irg 'r_func_50'
	 :: Pass failed on irg 'r_func_33'
	 :: interestingness test failed on irg 'r_func_25'
	 :: Pass failed on irg 'r_func_91'
	 :: interestingness test failed on irg 'r_func_83'
	 :: interestingness test failed on irg 'r_func_38'
	 :: interestingness test failed on irg 'r_func_27'
	 :: interestingness test failed on irg 'r_func_71'
	 :: Pass failed on irg 'r_func_1'
	 :: interestingness test failed on irg 'r_func_82'
	 :: interestingness test failed on irg 'r_func_14'
	 :: interestingness test failed on irg 'r_func_11'
	 :: interestingness test failed on irg 'r_func_72'
	 :: interestingness test failed on irg 'r_func_7'
	 :: interestingness test failed on irg 'r_func_2'
	 :: interestingness test failed on irg 'r_func_8'
	 :: interestingness test failed on irg 'r_func_67'
	 :: interestingness test failed on irg 'r_func_30'
	 :: Pass failed on irg 'r_func_16'
	 :: Pass failed on irg 'r_func_40'
	 :: interestingness test failed on irg 'r_func_15'
	 :: interestingness test failed on irg 'r_func_21'
	 :: interestingness test failed on irg 'r_func_99' -- No improvement
	# of nodes: 			3582
	# of irgs: 				101
	# of cf manipulations: 	211
	# of memory operations: 960
	# of types: 			2416



Using pass: pass_libfirm_optimize_graph_df -- No improvement
	# of nodes: 			3582
	# of irgs: 				101
	# of cf manipulations: 	211
	# of memory operations: 960
	# of types: 			2416



Using pass: pass_replace_return_values -- No improvement
	# of nodes: 			3582
	# of irgs: 				101
	# of cf manipulations: 	211
	# of memory operations: 960
	# of types: 			2416



Using pass: pass_libfirm_gvn_pre -- Successful
	# of nodes: 			3580
	# of irgs: 				101
	# of cf manipulations: 	211
	# of memory operations: 959
	# of types: 			2416



Using pass: pass_libfirm_conv_opt -- No improvement
	# of nodes: 			3580
	# of irgs: 				101
	# of cf manipulations: 	211
	# of memory operations: 959
	# of types: 			2416



Using pass: pass_remove_allocs -- Successful
	# of nodes: 			1992
	# of irgs: 				101
	# of cf manipulations: 	211
	# of memory operations: 346
	# of types: 			2416



Using pass: pass_replace_mux_selectors -- No improvement
	# of nodes: 			1992
	# of irgs: 				101
	# of cf manipulations: 	211
	# of memory operations: 346
	# of types: 			2416



Using pass: pass_replace_arithmetic -- No improvement
	# of nodes: 			1992
	# of irgs: 				101
	# of cf manipulations: 	211
	# of memory operations: 346
	# of types: 			2416



Using pass: pass_libfirm_opt_blocks -- No improvement
	# of nodes: 			1992
	# of irgs: 				101
	# of cf manipulations: 	211
	# of memory operations: 346
	# of types: 			2416



Using pass: pass_libfirm_opt_ldst
	 :: Pass failed on irg 'r_func_69'
	 :: Pass failed on irg 'r_func_17'
	 :: Pass failed on irg 'r_func_47'
	 :: Pass failed on irg 'r_func_84'
	 :: Pass failed on irg 'r_func_74'
	 :: Pass failed on irg 'r_func_22'
	 :: Pass failed on irg 'main'
	 :: Pass failed on irg 'r_func_34'
	 :: Pass failed on irg 'r_func_76'
	 :: Pass failed on irg 'r_func_74'
	 :: Pass failed on irg 'r_func_2'
	 :: Pass failed on irg 'r_func_18'
	 :: Pass failed on irg 'r_func_51'
	 :: Pass failed on irg 'r_func_15'
	 :: Pass failed on irg 'r_func_92'
	 :: Pass failed on irg 'r_func_5'
	 :: Pass failed on irg 'r_func_93'
	 :: Pass failed on irg 'r_func_17'
	 :: Pass failed on irg 'main'
	 :: Pass failed on irg 'r_func_65'
	 :: Pass failed on irg 'r_func_20'
	 :: Pass failed on irg 'r_func_55'
	 :: Pass failed on irg 'r_func_91'
	 :: Pass failed on irg 'r_func_95'
	 :: Pass failed on irg 'r_func_66'
	 :: Pass failed on irg 'r_func_38'
	 :: Pass failed on irg 'r_func_2'
	 :: Pass failed on irg 'r_func_90'
	 :: Pass failed on irg 'r_func_65'
	 :: Pass failed on irg 'r_func_71'
	 :: Pass failed on irg 'r_func_90'
	 :: Pass failed on irg 'r_func_49'
	 :: Pass failed on irg 'r_func_30'
	 :: Pass failed on irg 'r_func_89'
	 :: Pass failed on irg 'r_func_66'
	 :: Pass failed on irg 'r_func_68'
	 :: Pass failed on irg 'r_func_72'
	 :: Pass failed on irg 'r_func_71'
	 :: Pass failed on irg 'r_func_78'
	 :: Pass failed on irg 'r_func_26'
	 :: Pass failed on irg 'r_func_67'
	 :: Pass failed on irg 'r_func_78'
	 :: Pass failed on irg 'r_func_87'
	 :: Pass failed on irg 'r_func_88'
	 :: Pass failed on irg 'r_func_38'
	 :: Pass failed on irg 'r_func_40'
	 :: Pass failed on irg 'main'
	 :: Pass failed on irg 'r_func_43'
	 :: Pass failed on irg 'r_func_55'
	 :: Pass failed on irg 'r_func_25'
	 :: Pass failed on irg 'r_func_16'
	 :: Pass failed on irg 'r_func_5'
	 :: Pass failed on irg 'r_func_48'
	 :: Pass failed on irg 'r_func_48'
	 :: Pass failed on irg 'r_func_75'
	 :: Pass failed on irg '_main'
	 :: Pass failed on irg 'r_func_37'
	 :: Pass failed on irg 'r_func_76'
	 :: Pass failed on irg 'r_func_79'
	 :: Pass failed on irg 'r_func_7'
	 :: Pass failed on irg 'r_func_87'
	 :: Pass failed on irg 'r_func_43'
	 :: Pass failed on irg 'r_func_2'
	 :: Pass failed on irg 'r_func_81'
	 :: Pass failed on irg 'r_func_83'
	 :: Pass failed on irg 'r_func_78'
	 :: Pass failed on irg 'r_func_65'
	 :: Pass failed on irg 'r_func_85'
	 :: Pass failed on irg 'r_func_25'
	 :: Pass failed on irg 'r_func_70'
	 :: Pass failed on irg 'r_func_5'
	 :: Pass failed on irg 'r_func_6'
	 :: Pass failed on irg 'r_func_81'
	 :: Pass failed on irg 'r_func_65'
	 :: Pass failed on irg 'r_func_77'
	 :: Pass failed on irg 'r_func_8'
	 :: Pass failed on irg 'r_func_86'
	 :: Pass failed on irg 'r_func_14'
	 :: Pass failed on irg 'r_func_3'
	 :: Pass failed on irg 'r_func_78'
	 :: Pass failed on irg '_main'
	 :: Pass failed on irg 'r_func_17'
	 :: Pass failed on irg 'r_func_38'
	 :: Pass failed on irg 'r_func_9'
	 :: Pass failed on irg '_main'
	 :: Pass failed on irg 'r_func_29'
	 :: Pass failed on irg 'r_func_15'
	 :: Pass failed on irg 'r_func_47'
	 :: Pass failed on irg 'r_func_84'
	 :: Pass failed on irg 'r_func_21'
	 :: Pass failed on irg 'r_func_50'
	 :: Pass failed on irg 'r_func_90'
	 :: Pass failed on irg 'r_func_80'
	 :: Pass failed on irg 'r_func_56'
	 :: Pass failed on irg 'r_func_65'
	 :: Pass failed on irg 'r_func_1'
	 :: Pass failed on irg 'r_func_55'
	 :: Pass failed on irg 'r_func_63'
	 :: Pass failed on irg 'r_func_52'
	 :: Pass failed on irg 'r_func_21'
	 :: Pass failed on irg 'r_func_51' -- No improvement
	# of nodes: 			1992
	# of irgs: 				101
	# of cf manipulations: 	211
	# of memory operations: 346
	# of types: 			2416



Using pass: pass_libfirm_opt_funccalls -- No improvement
	# of nodes: 			1992
	# of irgs: 				101
	# of cf manipulations: 	211
	# of memory operations: 346
	# of types: 			2416



Using pass: pass_libfirm_remove_tuples -- No improvement
	# of nodes: 			1992
	# of irgs: 				101
	# of cf manipulations: 	211
	# of memory operations: 346
	# of types: 			2416



Using pass: pass_libfirm_normalize_n_returns -- No improvement
	# of nodes: 			1992
	# of irgs: 				101
	# of cf manipulations: 	211
	# of memory operations: 346
	# of types: 			2416



Using pass: pass_libfirm_dead_code_elimination -- No improvement
	# of nodes: 			1992
	# of irgs: 				101
	# of cf manipulations: 	211
	# of memory operations: 346
	# of types: 			2416



Using pass: pass_libfirm_opt_funccalls -- No improvement
	# of nodes: 			1992
	# of irgs: 				101
	# of cf manipulations: 	211
	# of memory operations: 346
	# of types: 			2416



Using pass: pass_libfirm_opt_blocks -- No improvement
	# of nodes: 			1992
	# of irgs: 				101
	# of cf manipulations: 	211
	# of memory operations: 346
	# of types: 			2416



Using pass: pass_replace_loads
	 :: Pass failed on irg 'r_func_40'
	 :: Pass failed on irg 'r_func_53'
	 :: Pass failed on irg 'r_func_98'
	 :: Pass failed on irg 'r_func_58'
	 :: Pass failed on irg 'r_func_22'
	 :: Pass failed on irg 'r_func_85'
	 :: Pass failed on irg 'r_func_65'
	 :: Pass failed on irg 'r_func_79'
	 :: Pass failed on irg 'r_func_80'
	 :: Pass failed on irg 'r_func_66'
	 :: Pass failed on irg 'r_func_26'
	 :: Pass failed on irg 'r_func_66'
	 :: Pass failed on irg 'r_func_6'
	 :: Pass failed on irg 'r_func_17'
	 :: Pass failed on irg 'r_func_40'
	 :: Pass failed on irg 'r_func_26'
	 :: Pass failed on irg 'r_func_17'
	 :: Pass failed on irg 'r_func_60'
	 :: Pass failed on irg 'r_func_28'
	 :: Pass failed on irg 'r_func_35'
	 :: Pass failed on irg 'r_func_8'
	 :: Pass failed on irg 'r_func_79'
	 :: Pass failed on irg 'r_func_76'
	 :: Pass failed on irg 'r_func_71'
	 :: Pass failed on irg 'r_func_10'
	 :: Pass failed on irg 'r_func_50'
	 :: Pass failed on irg 'r_func_13'
	 :: Pass failed on irg 'r_func_4'
	 :: Pass failed on irg 'r_func_44'
	 :: Pass failed on irg 'r_func_28'
	 :: Pass failed on irg 'r_func_99'
	 :: Pass failed on irg 'r_func_9'
	 :: Pass failed on irg 'r_func_43'
	 :: Pass failed on irg 'r_func_56'
	 :: Pass failed on irg 'r_func_16'
	 :: Pass failed on irg 'r_func_51'
	 :: Pass failed on irg 'r_func_23'
	 :: Pass failed on irg 'r_func_43'
	 :: Pass failed on irg 'r_func_53'
	 :: Pass failed on irg 'r_func_41'
	 :: Pass failed on irg 'r_func_42'
	 :: Pass failed on irg 'r_func_72'
	 :: Pass failed on irg 'r_func_12'
	 :: Pass failed on irg 'r_func_87'
	 :: Pass failed on irg 'r_func_6'
	 :: Pass failed on irg 'r_func_34'
	 :: Pass failed on irg 'r_func_4'
	 :: Pass failed on irg 'r_func_50'
	 :: Pass failed on irg 'r_func_14'
	 :: Pass failed on irg 'r_func_85'
	 :: Pass failed on irg 'r_func_56'
	 :: Pass failed on irg 'r_func_60'
	 :: Pass failed on irg 'r_func_6'
	 :: Pass failed on irg 'r_func_79'
	 :: Pass failed on irg 'r_func_9'
	 :: Pass failed on irg 'r_func_70'
	 :: Pass failed on irg 'r_func_76'
	 :: Pass failed on irg 'r_func_56'
	 :: Pass failed on irg 'r_func_4'
	 :: Pass failed on irg 'r_func_75'
	 :: Pass failed on irg 'r_func_70'
	 :: Pass failed on irg 'r_func_92'
	 :: Pass failed on irg 'r_func_52'
	 :: Pass failed on irg 'r_func_33'
	 :: Pass failed on irg 'r_func_98'
	 :: Pass failed on irg 'r_func_92'
	 :: Pass failed on irg 'r_func_94'
	 :: Pass failed on irg 'r_func_2'
	 :: Pass failed on irg 'r_func_44'
	 :: Pass failed on irg 'r_func_58'
	 :: Pass failed on irg 'r_func_92'
	 :: Pass failed on irg 'r_func_62'
	 :: Pass failed on irg 'r_func_95'
	 :: Pass failed on irg 'r_func_94'
	 :: Pass failed on irg 'r_func_77'
	 :: Pass failed on irg 'r_func_44'
	 :: Pass failed on irg 'r_func_70'
	 :: Pass failed on irg 'r_func_76'
	 :: Pass failed on irg 'r_func_95'
	 :: Pass failed on irg 'r_func_53'
	 :: Pass failed on irg 'r_func_43'
	 :: Pass failed on irg 'r_func_81'
	 :: Pass failed on irg 'r_func_74'
	 :: Pass failed on irg 'r_func_40'
	 :: Pass failed on irg 'r_func_27'
	 :: Pass failed on irg 'r_func_31'
	 :: Pass failed on irg 'r_func_65'
	 :: Pass failed on irg 'r_func_66'
	 :: Pass failed on irg 'r_func_25'
	 :: Pass failed on irg 'r_func_95'
	 :: Pass failed on irg 'r_func_55'
	 :: Pass failed on irg 'r_func_3'
	 :: Pass failed on irg 'r_func_67'
	 :: Pass failed on irg 'r_func_59'
	 :: Pass failed on irg 'r_func_60'
	 :: Pass failed on irg 'r_func_85'
	 :: Pass failed on irg 'r_func_21'
	 :: Pass failed on irg 'r_func_72' -- No improvement
	# of nodes: 			1992
	# of irgs: 				101
	# of cf manipulations: 	211
	# of memory operations: 346
	# of types: 			2416



Using pass: pass_libfirm_do_loop_inversion -- No improvement
	# of nodes: 			1992
	# of irgs: 				101
	# of cf manipulations: 	211
	# of memory operations: 346
	# of types: 			2416



Using pass: pass_libfirm_opt_tail_rec -- No improvement
	# of nodes: 			1992
	# of irgs: 				101
	# of cf manipulations: 	211
	# of memory operations: 346
	# of types: 			2416



Using pass: pass_libfirm_optimize_load_store
	 :: interestingness test failed on irg '_main'
	 :: interestingness test failed on irg '_main'
	 :: interestingness test failed on irg '_main'
	 :: interestingness test failed on irg '_main'
	 :: interestingness test failed on irg '_main'
	 :: interestingness test failed on irg '_main' -- Successful
	# of nodes: 			927
	# of irgs: 				101
	# of cf manipulations: 	211
	# of memory operations: 42
	# of types: 			2416



Using pass: pass_check_validity -- No improvement
	# of nodes: 			927
	# of irgs: 				101
	# of cf manipulations: 	211
	# of memory operations: 42
	# of types: 			2416



Using pass: pass_remove_stores -- No improvement
	# of nodes: 			927
	# of irgs: 				101
	# of cf manipulations: 	211
	# of memory operations: 42
	# of types: 			2416



Using pass: pass_libfirm_do_loop_inversion -- No improvement
	# of nodes: 			927
	# of irgs: 				101
	# of cf manipulations: 	211
	# of memory operations: 42
	# of types: 			2416



Using pass: pass_libfirm_construct_confirms -- No improvement
	# of nodes: 			927
	# of irgs: 				101
	# of cf manipulations: 	211
	# of memory operations: 42
	# of types: 			2416



Using pass: pass_replace_loads -- No improvement
	# of nodes: 			927
	# of irgs: 				101
	# of cf manipulations: 	211
	# of memory operations: 42
	# of types: 			2416



Using pass: pass_libfirm_remove_critical_cf_edges -- No improvement
	# of nodes: 			927
	# of irgs: 				101
	# of cf manipulations: 	211
	# of memory operations: 42
	# of types: 			2416



Using pass: pass_libfirm_scalar_replacement_opt -- No improvement
	# of nodes: 			927
	# of irgs: 				101
	# of cf manipulations: 	211
	# of memory operations: 42
	# of types: 			2416



Using pass: pass_libfirm_do_loop_peeling
	 :: Pass failed on irg 'r_func_11'
	 :: Pass failed on irg 'r_func_18'
	 :: Pass failed on irg 'r_func_5'
	 :: Pass failed on irg 'r_func_13'
	 :: Pass failed on irg 'r_func_82'
	 :: Pass failed on irg 'r_func_18'
	 :: Pass failed on irg 'r_func_82'
	 :: Pass failed on irg 'r_func_18'
	 :: Pass failed on irg 'r_func_15'
	 :: Pass failed on irg 'r_func_15' -- No improvement
	# of nodes: 			927
	# of irgs: 				101
	# of cf manipulations: 	211
	# of memory operations: 42
	# of types: 			2416



Using pass: pass_libfirm_normalize_one_return -- No improvement
	# of nodes: 			927
	# of irgs: 				101
	# of cf manipulations: 	211
	# of memory operations: 42
	# of types: 			2416



Using pass: pass_libfirm_do_loop_unrolling -- No improvement
	# of nodes: 			927
	# of irgs: 				101
	# of cf manipulations: 	211
	# of memory operations: 42
	# of types: 			2416



Using pass: pass_libfirm_optimize_graph_df -- Successful
	# of nodes: 			872
	# of irgs: 				101
	# of cf manipulations: 	211
	# of memory operations: 42
	# of types: 			2416



Using pass: pass_libfirm_optimize_load_store -- No improvement
	# of nodes: 			872
	# of irgs: 				101
	# of cf manipulations: 	211
	# of memory operations: 42
	# of types: 			2416



Using pass: pass_replace_members -- No improvement
	# of nodes: 			872
	# of irgs: 				101
	# of cf manipulations: 	211
	# of memory operations: 42
	# of types: 			2416



Using pass: pass_remove_stores -- Successful
	# of nodes: 			868
	# of irgs: 				101
	# of cf manipulations: 	211
	# of memory operations: 41
	# of types: 			2416



Using pass: pass_replace_members -- No improvement
	# of nodes: 			868
	# of irgs: 				101
	# of cf manipulations: 	211
	# of memory operations: 41
	# of types: 			2416



Using pass: pass_libfirm_normalize_n_returns -- No improvement
	# of nodes: 			868
	# of irgs: 				101
	# of cf manipulations: 	211
	# of memory operations: 41
	# of types: 			2416



Using pass: pass_libfirm_do_loop_inversion -- No improvement
	# of nodes: 			868
	# of irgs: 				101
	# of cf manipulations: 	211
	# of memory operations: 41
	# of types: 			2416



Using pass: pass_libfirm_normalize_one_return -- No improvement
	# of nodes: 			868
	# of irgs: 				101
	# of cf manipulations: 	211
	# of memory operations: 41
	# of types: 			2416



Using pass: pass_libfirm_opt_funccalls -- Successful
	# of nodes: 			759
	# of irgs: 				101
	# of cf manipulations: 	211
	# of memory operations: 11
	# of types: 			2416



Using pass: pass_gc_entitites -- No improvement
	# of nodes: 			759
	# of irgs: 				101
	# of cf manipulations: 	211
	# of memory operations: 11
	# of types: 			2416



Using pass: pass_libfirm_opt_funccalls -- No improvement
	# of nodes: 			759
	# of irgs: 				101
	# of cf manipulations: 	211
	# of memory operations: 11
	# of types: 			2416



Using pass: pass_libfirm_opt_jumpthreading -- No improvement
	# of nodes: 			759
	# of irgs: 				101
	# of cf manipulations: 	211
	# of memory operations: 11
	# of types: 			2416



Using pass: pass_replace_loads
	 :: Pass failed on irg '_main'
	 :: Pass failed on irg '_main' -- No improvement
	# of nodes: 			759
	# of irgs: 				101
	# of cf manipulations: 	211
	# of memory operations: 11
	# of types: 			2416



Using pass: pass_libfirm_combo -- No improvement
	# of nodes: 			759
	# of irgs: 				101
	# of cf manipulations: 	211
	# of memory operations: 11
	# of types: 			2416



Using pass: pass_replace_arithmetic -- No improvement
	# of nodes: 			759
	# of irgs: 				101
	# of cf manipulations: 	211
	# of memory operations: 11
	# of types: 			2416



Using pass: pass_replace_loads
	 :: Pass failed on irg '_main' -- No improvement
	# of nodes: 			759
	# of irgs: 				101
	# of cf manipulations: 	211
	# of memory operations: 11
	# of types: 			2416



Using pass: pass_libfirm_opt_funccalls -- No improvement
	# of nodes: 			759
	# of irgs: 				101
	# of cf manipulations: 	211
	# of memory operations: 11
	# of types: 			2416



Using pass: pass_libfirm_optimize_reassociation -- No improvement
	# of nodes: 			759
	# of irgs: 				101
	# of cf manipulations: 	211
	# of memory operations: 11
	# of types: 			2416



Using pass: pass_libfirm_opt_bool -- No improvement
	# of nodes: 			759
	# of irgs: 				101
	# of cf manipulations: 	211
	# of memory operations: 11
	# of types: 			2416



Using pass: pass_libfirm_remove_critical_cf_edges -- No improvement
	# of nodes: 			759
	# of irgs: 				101
	# of cf manipulations: 	211
	# of memory operations: 11
	# of types: 			2416



Using pass: pass_libfirm_opt_tail_rec -- No improvement
	# of nodes: 			759
	# of irgs: 				101
	# of cf manipulations: 	211
	# of memory operations: 11
	# of types: 			2416



Using pass: pass_gc_entitites -- No improvement
	# of nodes: 			759
	# of irgs: 				101
	# of cf manipulations: 	211
	# of memory operations: 11
	# of types: 			2416



Using pass: pass_replace_cond_selectors -- No improvement
	# of nodes: 			759
	# of irgs: 				101
	# of cf manipulations: 	211
	# of memory operations: 11
	# of types: 			2416



Using pass: pass_libfirm_optimize_cf -- No improvement
	# of nodes: 			759
	# of irgs: 				101
	# of cf manipulations: 	211
	# of memory operations: 11
	# of types: 			2416



Using pass: pass_check_validity -- No improvement
	# of nodes: 			759
	# of irgs: 				101
	# of cf manipulations: 	211
	# of memory operations: 11
	# of types: 			2416



Using pass: pass_replace_cond_selectors -- No improvement
	# of nodes: 			759
	# of irgs: 				101
	# of cf manipulations: 	211
	# of memory operations: 11
	# of types: 			2416



Using pass: pass_libfirm_opt_jumpthreading -- No improvement
	# of nodes: 			759
	# of irgs: 				101
	# of cf manipulations: 	211
	# of memory operations: 11
	# of types: 			2416



Using pass: pass_libfirm_optimize_cf -- No improvement
	# of nodes: 			759
	# of irgs: 				101
	# of cf manipulations: 	211
	# of memory operations: 11
	# of types: 			2416



Using pass: pass_libfirm_remove_critical_cf_edges -- No improvement
	# of nodes: 			759
	# of irgs: 				101
	# of cf manipulations: 	211
	# of memory operations: 11
	# of types: 			2416



Using pass: pass_libfirm_remove_critical_cf_edges -- No improvement
	# of nodes: 			759
	# of irgs: 				101
	# of cf manipulations: 	211
	# of memory operations: 11
	# of types: 			2416



Using pass: pass_replace_switch_selectors -- No improvement
	# of nodes: 			759
	# of irgs: 				101
	# of cf manipulations: 	211
	# of memory operations: 11
	# of types: 			2416



Using pass: pass_libfirm_remove_tuples -- No improvement
	# of nodes: 			759
	# of irgs: 				101
	# of cf manipulations: 	211
	# of memory operations: 11
	# of types: 			2416



Using pass: pass_libfirm_optimize_reassociation -- No improvement
	# of nodes: 			759
	# of irgs: 				101
	# of cf manipulations: 	211
	# of memory operations: 11
	# of types: 			2416



Using pass: pass_libfirm_remove_tuples -- No improvement
	# of nodes: 			759
	# of irgs: 				101
	# of cf manipulations: 	211
	# of memory operations: 11
	# of types: 			2416



Using pass: pass_libfirm_place_code -- No improvement
	# of nodes: 			759
	# of irgs: 				101
	# of cf manipulations: 	211
	# of memory operations: 11
	# of types: 			2416



Using pass: pass_gc_entitites -- No improvement
	# of nodes: 			759
	# of irgs: 				101
	# of cf manipulations: 	211
	# of memory operations: 11
	# of types: 			2416



Using pass: pass_libfirm_do_loop_inversion -- No improvement
	# of nodes: 			759
	# of irgs: 				101
	# of cf manipulations: 	211
	# of memory operations: 11
	# of types: 			2416



Using pass: pass_replace_arithmetic -- No improvement
	# of nodes: 			759
	# of irgs: 				101
	# of cf manipulations: 	211
	# of memory operations: 11
	# of types: 			2416



Using pass: pass_libfirm_opt_blocks -- No improvement
	# of nodes: 			759
	# of irgs: 				101
	# of cf manipulations: 	211
	# of memory operations: 11
	# of types: 			2416



Using pass: pass_remove_void_calls -- Successful
	# of nodes: 			756
	# of irgs: 				101
	# of cf manipulations: 	211
	# of memory operations: 10
	# of types: 			2416



Using pass: pass_remove_allocs -- Successful
	# of nodes: 			730
	# of irgs: 				101
	# of cf manipulations: 	211
	# of memory operations: 1
	# of types: 			2416



Using pass: pass_replace_cond_selectors -- No improvement
	# of nodes: 			730
	# of irgs: 				101
	# of cf manipulations: 	211
	# of memory operations: 1
	# of types: 			2416



Using pass: pass_remove_stores -- No improvement
	# of nodes: 			730
	# of irgs: 				101
	# of cf manipulations: 	211
	# of memory operations: 1
	# of types: 			2416



Using pass: pass_gc_irgs
	 :: interestingness test failed on irg 'r_func_50'
	 :: interestingness test failed on irg 'r_func_67'
	 :: interestingness test failed on irg 'r_func_4'
	 :: interestingness test failed on irg 'r_func_38'
	 :: interestingness test failed on irg 'r_func_42'
	 :: interestingness test failed on irg 'r_func_24'
	 :: interestingness test failed on irg 'r_func_24'
	 :: interestingness test failed on irg 'r_func_96'
	 :: interestingness test failed on irg 'r_func_99'
	 :: interestingness test failed on irg 'r_func_92'
	 :: interestingness test failed on irg 'r_func_47'
	 :: interestingness test failed on irg 'r_func_56'
	 :: interestingness test failed on irg 'r_func_46'
	 :: interestingness test failed on irg 'r_func_76'
	 :: interestingness test failed on irg 'r_func_92'
	 :: interestingness test failed on irg 'r_func_9'
	 :: interestingness test failed on irg 'r_func_48'
	 :: interestingness test failed on irg 'r_func_84'
	 :: interestingness test failed on irg 'r_func_72'
	 :: interestingness test failed on irg 'r_func_53'
	 :: interestingness test failed on irg 'r_func_62'
	 :: interestingness test failed on irg 'r_func_89'
	 :: interestingness test failed on irg 'r_func_77'
	 :: interestingness test failed on irg 'r_func_95'
	 :: interestingness test failed on irg 'r_func_56'
	 :: interestingness test failed on irg 'r_func_81'
	 :: interestingness test failed on irg 'r_func_47'
	 :: interestingness test failed on irg 'r_func_15'
	 :: interestingness test failed on irg 'r_func_9'
	 :: interestingness test failed on irg 'r_func_69' -- Successful
	# of nodes: 			18
	# of irgs: 				2
	# of cf manipulations: 	4
	# of memory operations: 1
	# of types: 			2416



Using pass: pass_libfirm_normalize_n_returns -- No improvement
	# of nodes: 			18
	# of irgs: 				2
	# of cf manipulations: 	4
	# of memory operations: 1
	# of types: 			2416



Using pass: pass_libfirm_combo -- No improvement
	# of nodes: 			18
	# of irgs: 				2
	# of cf manipulations: 	4
	# of memory operations: 1
	# of types: 			2416



Using pass: pass_libfirm_do_loop_inversion -- No improvement
	# of nodes: 			18
	# of irgs: 				2
	# of cf manipulations: 	4
	# of memory operations: 1
	# of types: 			2416



Using pass: pass_simplify_consts -- Successful
	# of nodes: 			18
	# of irgs: 				2
	# of cf manipulations: 	4
	# of memory operations: 1
	# of types: 			2416



Using pass: pass_libfirm_optimize_load_store -- No improvement
	# of nodes: 			18
	# of irgs: 				2
	# of cf manipulations: 	4
	# of memory operations: 1
	# of types: 			2416



Using pass: pass_replace_cond_selectors -- No improvement
	# of nodes: 			18
	# of irgs: 				2
	# of cf manipulations: 	4
	# of memory operations: 1
	# of types: 			2416



Using pass: pass_replace_loads -- No improvement
	# of nodes: 			18
	# of irgs: 				2
	# of cf manipulations: 	4
	# of memory operations: 1
	# of types: 			2416



Using pass: pass_libfirm_do_loop_unrolling -- No improvement
	# of nodes: 			18
	# of irgs: 				2
	# of cf manipulations: 	4
	# of memory operations: 1
	# of types: 			2416



Using pass: pass_replace_loads -- No improvement
	# of nodes: 			18
	# of irgs: 				2
	# of cf manipulations: 	4
	# of memory operations: 1
	# of types: 			2416



Using pass: pass_libfirm_opt_blocks -- No improvement
	# of nodes: 			18
	# of irgs: 				2
	# of cf manipulations: 	4
	# of memory operations: 1
	# of types: 			2416



Using pass: pass_libfirm_opt_frame -- No improvement
	# of nodes: 			18
	# of irgs: 				2
	# of cf manipulations: 	4
	# of memory operations: 1
	# of types: 			2416



Using pass: pass_libfirm_conv_opt -- No improvement
	# of nodes: 			18
	# of irgs: 				2
	# of cf manipulations: 	4
	# of memory operations: 1
	# of types: 			2416



Using pass: pass_libfirm_dead_code_elimination -- No improvement
	# of nodes: 			18
	# of irgs: 				2
	# of cf manipulations: 	4
	# of memory operations: 1
	# of types: 			2416



Using pass: pass_libfirm_opt_blocks -- No improvement
	# of nodes: 			18
	# of irgs: 				2
	# of cf manipulations: 	4
	# of memory operations: 1
	# of types: 			2416



Using pass: pass_replace_cond_selectors -- No improvement
	# of nodes: 			18
	# of irgs: 				2
	# of cf manipulations: 	4
	# of memory operations: 1
	# of types: 			2416



Using pass: pass_libfirm_do_loop_inversion -- No improvement
	# of nodes: 			18
	# of irgs: 				2
	# of cf manipulations: 	4
	# of memory operations: 1
	# of types: 			2416



Using pass: pass_libfirm_place_code -- No improvement
	# of nodes: 			18
	# of irgs: 				2
	# of cf manipulations: 	4
	# of memory operations: 1
	# of types: 			2416



Using pass: pass_remove_allocs -- No improvement
	# of nodes: 			18
	# of irgs: 				2
	# of cf manipulations: 	4
	# of memory operations: 1
	# of types: 			2416



Using pass: pass_libfirm_remove_tuples -- No improvement
	# of nodes: 			18
	# of irgs: 				2
	# of cf manipulations: 	4
	# of memory operations: 1
	# of types: 			2416



Using pass: pass_libfirm_opt_bool -- No improvement
	# of nodes: 			18
	# of irgs: 				2
	# of cf manipulations: 	4
	# of memory operations: 1
	# of types: 			2416



Using pass: pass_libfirm_opt_jumpthreading -- No improvement
	# of nodes: 			18
	# of irgs: 				2
	# of cf manipulations: 	4
	# of memory operations: 1
	# of types: 			2416



Using pass: pass_libfirm_place_code -- No improvement
	# of nodes: 			18
	# of irgs: 				2
	# of cf manipulations: 	4
	# of memory operations: 1
	# of types: 			2416



Using pass: pass_libfirm_remove_critical_cf_edges -- No improvement
	# of nodes: 			18
	# of irgs: 				2
	# of cf manipulations: 	4
	# of memory operations: 1
	# of types: 			2416



Using pass: pass_replace_switch_selectors -- No improvement
	# of nodes: 			18
	# of irgs: 				2
	# of cf manipulations: 	4
	# of memory operations: 1
	# of types: 			2416



Using pass: pass_replace_proj_primitive -- No improvement
	# of nodes: 			18
	# of irgs: 				2
	# of cf manipulations: 	4
	# of memory operations: 1
	# of types: 			2416



Using pass: pass_libfirm_place_code -- No improvement
	# of nodes: 			18
	# of irgs: 				2
	# of cf manipulations: 	4
	# of memory operations: 1
	# of types: 			2416



Using pass: pass_replace_cond_selectors -- No improvement
	# of nodes: 			18
	# of irgs: 				2
	# of cf manipulations: 	4
	# of memory operations: 1
	# of types: 			2416



Using pass: pass_libfirm_dead_code_elimination -- No improvement
	# of nodes: 			18
	# of irgs: 				2
	# of cf manipulations: 	4
	# of memory operations: 1
	# of types: 			2416



Using pass: pass_libfirm_remove_critical_cf_edges -- No improvement
	# of nodes: 			18
	# of irgs: 				2
	# of cf manipulations: 	4
	# of memory operations: 1
	# of types: 			2416



Using pass: pass_gc_entitites -- No improvement
	# of nodes: 			18
	# of irgs: 				2
	# of cf manipulations: 	4
	# of memory operations: 1
	# of types: 			2416



Using pass: pass_libfirm_do_loop_peeling -- No improvement
	# of nodes: 			18
	# of irgs: 				2
	# of cf manipulations: 	4
	# of memory operations: 1
	# of types: 			2416



Using pass: pass_replace_switch_selectors -- No improvement
	# of nodes: 			18
	# of irgs: 				2
	# of cf manipulations: 	4
	# of memory operations: 1
	# of types: 			2416



Using pass: pass_replace_arithmetic -- No improvement
	# of nodes: 			18
	# of irgs: 				2
	# of cf manipulations: 	4
	# of memory operations: 1
	# of types: 			2416



Using pass: pass_replace_members -- No improvement
	# of nodes: 			18
	# of irgs: 				2
	# of cf manipulations: 	4
	# of memory operations: 1
	# of types: 			2416



Using pass: pass_replace_mux_selectors -- No improvement
	# of nodes: 			18
	# of irgs: 				2
	# of cf manipulations: 	4
	# of memory operations: 1
	# of types: 			2416



Using pass: pass_remove_void_calls -- No improvement
	# of nodes: 			18
	# of irgs: 				2
	# of cf manipulations: 	4
	# of memory operations: 1
	# of types: 			2416



Using pass: pass_replace_arithmetic -- No improvement
	# of nodes: 			18
	# of irgs: 				2
	# of cf manipulations: 	4
	# of memory operations: 1
	# of types: 			2416



Using pass: pass_libfirm_opt_blocks -- No improvement
	# of nodes: 			18
	# of irgs: 				2
	# of cf manipulations: 	4
	# of memory operations: 1
	# of types: 			2416



Using pass: pass_libfirm_opt_parallelize_mem -- No improvement
	# of nodes: 			18
	# of irgs: 				2
	# of cf manipulations: 	4
	# of memory operations: 1
	# of types: 			2416



Using pass: pass_remove_stores -- No improvement
	# of nodes: 			18
	# of irgs: 				2
	# of cf manipulations: 	4
	# of memory operations: 1
	# of types: 			2416



Using pass: pass_libfirm_opt_tail_rec -- No improvement
	# of nodes: 			18
	# of irgs: 				2
	# of cf manipulations: 	4
	# of memory operations: 1
	# of types: 			2416



Using pass: pass_remove_stores -- No improvement
	# of nodes: 			18
	# of irgs: 				2
	# of cf manipulations: 	4
	# of memory operations: 1
	# of types: 			2416



Using pass: pass_libfirm_place_code -- No improvement
	# of nodes: 			18
	# of irgs: 				2
	# of cf manipulations: 	4
	# of memory operations: 1
	# of types: 			2416



Using pass: pass_libfirm_opt_bool -- No improvement
	# of nodes: 			18
	# of irgs: 				2
	# of cf manipulations: 	4
	# of memory operations: 1
	# of types: 			2416



Using pass: pass_libfirm_optimize_reassociation -- No improvement
	# of nodes: 			18
	# of irgs: 				2
	# of cf manipulations: 	4
	# of memory operations: 1
	# of types: 			2416



Using pass: pass_libfirm_opt_blocks -- No improvement
	# of nodes: 			18
	# of irgs: 				2
	# of cf manipulations: 	4
	# of memory operations: 1
	# of types: 			2416



Using pass: pass_libfirm_optimize_cf -- No improvement
	# of nodes: 			18
	# of irgs: 				2
	# of cf manipulations: 	4
	# of memory operations: 1
	# of types: 			2416



Using pass: pass_libfirm_opt_if_conv -- No improvement
	# of nodes: 			18
	# of irgs: 				2
	# of cf manipulations: 	4
	# of memory operations: 1
	# of types: 			2416



Using pass: pass_libfirm_do_loop_peeling -- No improvement
	# of nodes: 			18
	# of irgs: 				2
	# of cf manipulations: 	4
	# of memory operations: 1
	# of types: 			2416



Using pass: pass_libfirm_do_loop_peeling -- No improvement
	# of nodes: 			18
	# of irgs: 				2
	# of cf manipulations: 	4
	# of memory operations: 1
	# of types: 			2416



Using pass: pass_libfirm_do_loop_peeling -- No improvement
	# of nodes: 			18
	# of irgs: 				2
	# of cf manipulations: 	4
	# of memory operations: 1
	# of types: 			2416



Using pass: pass_replace_proj_primitive -- No improvement
	# of nodes: 			18
	# of irgs: 				2
	# of cf manipulations: 	4
	# of memory operations: 1
	# of types: 			2416



Using pass: pass_simplify_consts -- No improvement
	# of nodes: 			18
	# of irgs: 				2
	# of cf manipulations: 	4
	# of memory operations: 1
	# of types: 			2416



Using pass: pass_libfirm_scalar_replacement_opt -- No improvement
	# of nodes: 			18
	# of irgs: 				2
	# of cf manipulations: 	4
	# of memory operations: 1
	# of types: 			2416



Using pass: pass_remove_stores -- No improvement
	# of nodes: 			18
	# of irgs: 				2
	# of cf manipulations: 	4
	# of memory operations: 1
	# of types: 			2416



Using pass: pass_libfirm_opt_ldst
	 :: Pass failed on irg '_main'
	 :: Pass failed on irg 'main' -- No improvement
	# of nodes: 			18
	# of irgs: 				2
	# of cf manipulations: 	4
	# of memory operations: 1
	# of types: 			2416



Using pass: pass_libfirm_normalize_n_returns -- No improvement
	# of nodes: 			18
	# of irgs: 				2
	# of cf manipulations: 	4
	# of memory operations: 1
	# of types: 			2416



Using pass: pass_replace_loads
	 :: Pass failed on irg '_main'
	 :: Pass failed on irg '_main' -- No improvement
	# of nodes: 			18
	# of irgs: 				2
	# of cf manipulations: 	4
	# of memory operations: 1
	# of types: 			2416



Using pass: pass_replace_members -- No improvement
	# of nodes: 			18
	# of irgs: 				2
	# of cf manipulations: 	4
	# of memory operations: 1
	# of types: 			2416



Using pass: pass_replace_arithmetic -- No improvement
	# of nodes: 			18
	# of irgs: 				2
	# of cf manipulations: 	4
	# of memory operations: 1
	# of types: 			2416



Using pass: pass_gc_irgs -- No improvement
	# of nodes: 			18
	# of irgs: 				2
	# of cf manipulations: 	4
	# of memory operations: 1
	# of types: 			2416



Using pass: pass_libfirm_do_loop_unrolling -- No improvement
	# of nodes: 			18
	# of irgs: 				2
	# of cf manipulations: 	4
	# of memory operations: 1
	# of types: 			2416




 :: 2nd reduction cycle

Using pass: pass_gc_irgs -- Trying irg 'r_func_5' -- No improvement
Using pass: pass_gc_irgs -- Trying irg 'r_func_13' -- No improvement
Using pass: pass_gc_irgs -- Trying irg 'r_func_71' -- No improvement
Using pass: pass_gc_irgs -- Trying irg 'r_func_59' -- No improvement
Using pass: pass_gc_irgs -- Trying irg 'r_func_9' -- No improvement
Using pass: pass_gc_irgs -- Trying irg 'r_func_85' -- No improvement
Using pass: pass_gc_irgs -- Trying irg 'r_func_31' -- No improvement
Using pass: pass_gc_irgs -- Trying irg 'main' -- No improvement
Using pass: pass_gc_irgs -- Trying irg 'r_func_28' -- No improvement
Using pass: pass_gc_irgs -- Trying irg 'r_func_7' -- No improvement
Using pass: pass_gc_irgs -- Trying irg 'r_func_31' -- No improvement
Using pass: pass_gc_irgs -- Trying irg 'r_func_66' -- No improvement
Using pass: pass_gc_irgs -- Trying irg 'r_func_55' -- No improvement
Using pass: pass_gc_irgs -- Trying irg 'r_func_98' -- No improvement
Using pass: pass_gc_irgs -- Trying irg 'r_func_95' -- No improvement
Using pass: pass_gc_irgs -- Trying irg 'r_func_59' -- No improvement
Using pass: pass_gc_irgs -- Trying irg 'r_func_15' -- No improvement
Using pass: pass_gc_irgs -- Trying irg 'r_func_76' -- No improvement
Using pass: pass_gc_irgs -- Trying irg 'r_func_5' -- No improvement
Using pass: pass_gc_irgs -- Trying irg 'r_func_75' -- No improvement
Using pass: pass_gc_irgs -- Trying irg 'r_func_50' -- No improvement
Using pass: pass_gc_irgs -- Trying irg 'r_func_62' -- No improvement
Using pass: pass_gc_irgs -- Trying irg 'r_func_30' -- No improvement
Using pass: pass_gc_irgs -- Trying irg 'r_func_28' -- No improvement
Using pass: pass_gc_irgs -- Trying irg 'r_func_47' -- No improvement
Using pass: pass_gc_irgs -- Trying irg 'r_func_50' -- No improvement
Using pass: pass_gc_irgs -- Trying irg 'r_func_25' -- No improvement
Using pass: pass_gc_irgs -- Trying irg 'r_func_83' -- No improvement
Using pass: pass_gc_irgs -- Trying irg 'r_func_38' -- No improvement
Using pass: pass_gc_irgs -- Trying irg 'r_func_27' -- No improvement
Using pass: pass_gc_irgs -- Trying irg 'r_func_71' -- No improvement
Using pass: pass_gc_irgs -- Trying irg 'r_func_82' -- No improvement
Using pass: pass_gc_irgs -- Trying irg 'r_func_14' -- No improvement
Using pass: pass_gc_irgs -- Trying irg 'r_func_11' -- No improvement
Using pass: pass_gc_irgs -- Trying irg 'r_func_72' -- No improvement
Using pass: pass_gc_irgs -- Trying irg 'r_func_7' -- No improvement
Using pass: pass_gc_irgs -- Trying irg 'r_func_2' -- No improvement
Using pass: pass_gc_irgs -- Trying irg 'r_func_8' -- No improvement
Using pass: pass_gc_irgs -- Trying irg 'r_func_67' -- No improvement
Using pass: pass_gc_irgs -- Trying irg 'r_func_30' -- No improvement
Using pass: pass_gc_irgs -- Trying irg 'r_func_15' -- No improvement
Using pass: pass_gc_irgs -- Trying irg 'r_func_21' -- No improvement
Using pass: pass_gc_irgs -- Trying irg 'r_func_99' -- No improvement
Using pass: pass_libfirm_optimize_load_store -- Trying irg '_main' -- No improvement
Using pass: pass_libfirm_optimize_load_store -- Trying irg '_main' -- No improvement
Using pass: pass_libfirm_optimize_load_store -- Trying irg '_main' -- No improvement
Using pass: pass_libfirm_optimize_load_store -- Trying irg '_main' -- No improvement
Using pass: pass_libfirm_optimize_load_store -- Trying irg '_main' -- No improvement
Using pass: pass_libfirm_optimize_load_store -- Trying irg '_main' -- No improvement
Using pass: pass_gc_irgs -- Trying irg 'r_func_50' -- No improvement
Using pass: pass_gc_irgs -- Trying irg 'r_func_67' -- No improvement
Using pass: pass_gc_irgs -- Trying irg 'r_func_4' -- No improvement
Using pass: pass_gc_irgs -- Trying irg 'r_func_38' -- No improvement
Using pass: pass_gc_irgs -- Trying irg 'r_func_42' -- No improvement
Using pass: pass_gc_irgs -- Trying irg 'r_func_24' -- No improvement
Using pass: pass_gc_irgs -- Trying irg 'r_func_24' -- No improvement
Using pass: pass_gc_irgs -- Trying irg 'r_func_96' -- No improvement
Using pass: pass_gc_irgs -- Trying irg 'r_func_99' -- No improvement
Using pass: pass_gc_irgs -- Trying irg 'r_func_92' -- No improvement
Using pass: pass_gc_irgs -- Trying irg 'r_func_47' -- No improvement
Using pass: pass_gc_irgs -- Trying irg 'r_func_56' -- No improvement
Using pass: pass_gc_irgs -- Trying irg 'r_func_46' -- No improvement
Using pass: pass_gc_irgs -- Trying irg 'r_func_76' -- No improvement
Using pass: pass_gc_irgs -- Trying irg 'r_func_92' -- No improvement
Using pass: pass_gc_irgs -- Trying irg 'r_func_9' -- No improvement
Using pass: pass_gc_irgs -- Trying irg 'r_func_48' -- No improvement
Using pass: pass_gc_irgs -- Trying irg 'r_func_84' -- No improvement
Using pass: pass_gc_irgs -- Trying irg 'r_func_72' -- No improvement
Using pass: pass_gc_irgs -- Trying irg 'r_func_53' -- No improvement
Using pass: pass_gc_irgs -- Trying irg 'r_func_62' -- No improvement
Using pass: pass_gc_irgs -- Trying irg 'r_func_89' -- No improvement
Using pass: pass_gc_irgs -- Trying irg 'r_func_77' -- No improvement
Using pass: pass_gc_irgs -- Trying irg 'r_func_95' -- No improvement
Using pass: pass_gc_irgs -- Trying irg 'r_func_56' -- No improvement
Using pass: pass_gc_irgs -- Trying irg 'r_func_81' -- No improvement
Using pass: pass_gc_irgs -- Trying irg 'r_func_47' -- No improvement
Using pass: pass_gc_irgs -- Trying irg 'r_func_15' -- No improvement
Using pass: pass_gc_irgs -- Trying irg 'r_func_9' -- No improvement
Using pass: pass_gc_irgs -- Trying irg 'r_func_69' -- No improvement

______________________________

No further reduction possible.

Result:
	# of nodes: 			18
	# of irgs: 				2
	# of cf manipulations: 	4
	# of memory operations: 1
	# of types: 			2416

2018-08-26 19:25:44