2018-08-24 07:58:04 -- Firmreduce -- Results

Initial Test-case size:
	# of nodes: 			14350
	# of irgs: 				101
	# of cf manipulations: 	754
	# of memory operations: 2378
	# of types: 			2741


Using pass: pass_libfirm_optimize_reassociation -- Successful
	# of nodes: 			14356
	# of irgs: 				101
	# of cf manipulations: 	754
	# of memory operations: 2378
	# of types: 			2741



Using pass: pass_libfirm_opt_jumpthreading
	 :: Pass failed on irg 'r_func_56'
	 :: Pass failed on irg 'r_func_23'
	 :: Pass failed on irg 'r_func_52'
	 :: Pass failed on irg 'r_func_56'
	 :: Pass failed on irg 'r_func_33'
	 :: Pass failed on irg 'r_func_52'
	 :: Pass failed on irg 'r_func_84'
	 :: Pass failed on irg 'r_func_56'
	 :: Pass failed on irg 'r_func_9'
	 :: Pass failed on irg 'r_func_52'
	 :: Pass failed on irg 'r_func_52'
	 :: Pass failed on irg 'r_func_56'
	 :: Pass failed on irg 'r_func_56'
	 :: Pass failed on irg 'r_func_56'
	 :: Pass failed on irg 'r_func_84'
	 :: Pass failed on irg 'r_func_52'
	 :: Pass failed on irg 'r_func_9'
	 :: Pass failed on irg 'r_func_23'
	 :: Pass failed on irg 'r_func_33'
	 :: Pass failed on irg 'r_func_56'
	 :: Pass failed on irg 'r_func_48'
	 :: Pass failed on irg 'r_func_48'
	 :: Pass failed on irg 'r_func_23'
	 :: Pass failed on irg 'r_func_52'
	 :: Pass failed on irg 'r_func_48'
	 :: Pass failed on irg 'r_func_84'
	 :: Pass failed on irg 'r_func_52'
	 :: Pass failed on irg 'r_func_9'
	 :: Pass failed on irg 'r_func_84'
	 :: Pass failed on irg 'r_func_56'
	 :: Pass failed on irg 'r_func_56'
	 :: Pass failed on irg 'r_func_23'
	 :: Pass failed on irg 'r_func_23'
	 :: Pass failed on irg 'r_func_56'
	 :: Pass failed on irg 'r_func_48'
	 :: Pass failed on irg 'r_func_33'
	 :: Pass failed on irg 'r_func_23'
	 :: Pass failed on irg 'r_func_84'
	 :: Pass failed on irg 'r_func_9'
	 :: Pass failed on irg 'r_func_84'
	 :: Pass failed on irg 'r_func_23'
	 :: Pass failed on irg 'r_func_56'
	 :: Pass failed on irg 'r_func_84'
	 :: Pass failed on irg 'r_func_9'
	 :: Pass failed on irg 'r_func_48'
	 :: Pass failed on irg 'r_func_52'
	 :: Pass failed on irg 'r_func_33'
	 :: Pass failed on irg 'r_func_84'
	 :: Pass failed on irg 'r_func_84'
	 :: Pass failed on irg 'r_func_9'
	 :: Pass failed on irg 'r_func_56'
	 :: Pass failed on irg 'r_func_23'
	 :: Pass failed on irg 'r_func_23' -- Successful
	# of nodes: 			14576
	# of irgs: 				101
	# of cf manipulations: 	907
	# of memory operations: 2363
	# of types: 			2741



Using pass: pass_libfirm_normalize_one_return -- Successful
	# of nodes: 			14819
	# of irgs: 				101
	# of cf manipulations: 	968
	# of memory operations: 2363
	# of types: 			2741



Using pass: pass_libfirm_normalize_one_return -- No improvement
	# of nodes: 			14819
	# of irgs: 				101
	# of cf manipulations: 	968
	# of memory operations: 2363
	# of types: 			2741



Using pass: pass_libfirm_remove_unreachable -- No improvement
	# of nodes: 			14819
	# of irgs: 				101
	# of cf manipulations: 	968
	# of memory operations: 2363
	# of types: 			2741



Using pass: pass_remove_allocs
	 :: Pass failed on irg 'r_func_79'
	 :: Pass failed on irg 'r_func_8'
	 :: Pass failed on irg 'r_func_79' -- Successful
	# of nodes: 			14722
	# of irgs: 				101
	# of cf manipulations: 	960
	# of memory operations: 2355
	# of types: 			2741



Using pass: pass_replace_return_values -- Successful
	# of nodes: 			10915
	# of irgs: 				101
	# of cf manipulations: 	624
	# of memory operations: 2155
	# of types: 			2741



Using pass: pass_libfirm_remove_bads -- No improvement
	# of nodes: 			10915
	# of irgs: 				101
	# of cf manipulations: 	624
	# of memory operations: 2155
	# of types: 			2741



Using pass: pass_libfirm_opt_if_conv -- Successful
	# of nodes: 			10919
	# of irgs: 				101
	# of cf manipulations: 	625
	# of memory operations: 2155
	# of types: 			2741



Using pass: pass_libfirm_opt_jumpthreading -- No improvement
	# of nodes: 			10919
	# of irgs: 				101
	# of cf manipulations: 	625
	# of memory operations: 2155
	# of types: 			2741



Using pass: pass_libfirm_opt_blocks
	 :: Pass failed on irg 'r_func_82'
	 :: Pass failed on irg 'r_func_82'
	 :: Pass failed on irg 'r_func_62'
	 :: Pass failed on irg 'r_func_62'
	 :: Pass failed on irg 'r_func_62'
	 :: Pass failed on irg 'r_func_82'
	 :: Pass failed on irg 'r_func_95'
	 :: Pass failed on irg 'r_func_82'
	 :: Pass failed on irg 'r_func_82'
	 :: Pass failed on irg 'r_func_82'
	 :: Pass failed on irg 'r_func_95'
	 :: Pass failed on irg 'r_func_95'
	 :: Pass failed on irg 'r_func_95'
	 :: Pass failed on irg 'r_func_95'
	 :: Pass failed on irg 'r_func_95'
	 :: Pass failed on irg 'r_func_82'
	 :: Pass failed on irg 'r_func_62'
	 :: Pass failed on irg 'r_func_95' -- Successful
	# of nodes: 			10796
	# of irgs: 				101
	# of cf manipulations: 	583
	# of memory operations: 2155
	# of types: 			2741



Using pass: pass_libfirm_do_loop_peeling
	 :: Pass failed on irg 'r_func_87'
	 :: Pass failed on irg 'r_func_55'
	 :: Pass failed on irg 'r_func_79'
	 :: Pass failed on irg 'r_func_10'
	 :: Pass failed on irg 'r_func_91'
	 :: Pass failed on irg 'r_func_28'
	 :: Pass failed on irg 'r_func_19'
	 :: Pass failed on irg 'r_func_13'
	 :: Pass failed on irg 'r_func_25'
	 :: Pass failed on irg 'r_func_3'
	 :: Pass failed on irg 'r_func_3'
	 :: Pass failed on irg 'r_func_11'
	 :: Pass failed on irg 'r_func_64'
	 :: Pass failed on irg 'r_func_55'
	 :: Pass failed on irg 'r_func_28'
	 :: Pass failed on irg 'r_func_19'
	 :: Pass failed on irg 'r_func_46'
	 :: Pass failed on irg 'r_func_10'
	 :: Pass failed on irg 'r_func_19'
	 :: Pass failed on irg 'r_func_16'
	 :: Pass failed on irg 'r_func_59'
	 :: Pass failed on irg 'r_func_58'
	 :: Pass failed on irg 'r_func_21'
	 :: Pass failed on irg 'r_func_99'
	 :: Pass failed on irg 'r_func_6'
	 :: Pass failed on irg 'r_func_54'
	 :: Pass failed on irg 'r_func_79'
	 :: Pass failed on irg 'r_func_8'
	 :: Pass failed on irg 'r_func_49'
	 :: Pass failed on irg 'r_func_3'
	 :: Pass failed on irg 'r_func_25'
	 :: Pass failed on irg 'r_func_99'
	 :: Pass failed on irg 'r_func_7' -- No improvement
	# of nodes: 			10796
	# of irgs: 				101
	# of cf manipulations: 	583
	# of memory operations: 2155
	# of types: 			2741



Using pass: pass_libfirm_opt_bool -- No improvement
	# of nodes: 			10796
	# of irgs: 				101
	# of cf manipulations: 	583
	# of memory operations: 2155
	# of types: 			2741



Using pass: pass_replace_arithmetic -- Successful
	# of nodes: 			9120
	# of irgs: 				101
	# of cf manipulations: 	525
	# of memory operations: 2044
	# of types: 			2741



Using pass: pass_libfirm_opt_if_conv -- Successful
	# of nodes: 			9149
	# of irgs: 				101
	# of cf manipulations: 	536
	# of memory operations: 2044
	# of types: 			2741



Using pass: pass_libfirm_do_loop_peeling
	 :: Pass failed on irg 'r_func_58'
	 :: Pass failed on irg 'r_func_8'
	 :: Pass failed on irg 'r_func_4'
	 :: Pass failed on irg 'r_func_87'
	 :: Pass failed on irg 'r_func_49'
	 :: Pass failed on irg 'r_func_6'
	 :: Pass failed on irg 'r_func_19'
	 :: Pass failed on irg 'r_func_19'
	 :: Pass failed on irg 'r_func_86'
	 :: Pass failed on irg 'r_func_46'
	 :: Pass failed on irg 'r_func_71'
	 :: Pass failed on irg 'r_func_79'
	 :: Pass failed on irg 'r_func_55'
	 :: Pass failed on irg 'r_func_49'
	 :: Pass failed on irg 'r_func_25'
	 :: Pass failed on irg 'r_func_77'
	 :: Pass failed on irg 'r_func_55'
	 :: Pass failed on irg 'r_func_26'
	 :: Pass failed on irg 'r_func_91'
	 :: Pass failed on irg 'r_func_26'
	 :: Pass failed on irg 'r_func_29'
	 :: Pass failed on irg 'r_func_46'
	 :: Pass failed on irg 'r_func_77'
	 :: Pass failed on irg 'r_func_28'
	 :: Pass failed on irg 'r_func_10'
	 :: Pass failed on irg 'r_func_16'
	 :: Pass failed on irg 'r_func_29'
	 :: Pass failed on irg 'r_func_14'
	 :: Pass failed on irg 'r_func_86'
	 :: Pass failed on irg 'r_func_58'
	 :: Pass failed on irg 'r_func_51'
	 :: Pass failed on irg 'r_func_96'
	 :: Pass failed on irg 'r_func_59'
	 :: Pass failed on irg 'r_func_11'
	 :: Pass failed on irg 'r_func_3'
	 :: Pass failed on irg 'r_func_46'
	 :: Pass failed on irg 'r_func_25' -- No improvement
	# of nodes: 			9149
	# of irgs: 				101
	# of cf manipulations: 	536
	# of memory operations: 2044
	# of types: 			2741



Using pass: pass_libfirm_do_loop_inversion -- No improvement
	# of nodes: 			9149
	# of irgs: 				101
	# of cf manipulations: 	536
	# of memory operations: 2044
	# of types: 			2741



Using pass: pass_simplify_consts -- Successful
	# of nodes: 			8611
	# of irgs: 				101
	# of cf manipulations: 	536
	# of memory operations: 2041
	# of types: 			2741



Using pass: pass_libfirm_remove_unreachable -- No improvement
	# of nodes: 			8611
	# of irgs: 				101
	# of cf manipulations: 	536
	# of memory operations: 2041
	# of types: 			2741



Using pass: pass_replace_switch_selectors -- No improvement
	# of nodes: 			8611
	# of irgs: 				101
	# of cf manipulations: 	536
	# of memory operations: 2041
	# of types: 			2741



Using pass: pass_libfirm_optimize_graph_df -- No improvement
	# of nodes: 			8611
	# of irgs: 				101
	# of cf manipulations: 	536
	# of memory operations: 2041
	# of types: 			2741



Using pass: pass_libfirm_opt_tail_rec -- Successful
	# of nodes: 			8470
	# of irgs: 				101
	# of cf manipulations: 	489
	# of memory operations: 2041
	# of types: 			2741



Using pass: pass_libfirm_optimize_graph_df -- No improvement
	# of nodes: 			8470
	# of irgs: 				101
	# of cf manipulations: 	489
	# of memory operations: 2041
	# of types: 			2741



Using pass: pass_libfirm_construct_confirms
	 :: Pass failed on irg 'r_func_19'
	 :: Pass failed on irg 'r_func_71'
	 :: Pass failed on irg 'r_func_74'
	 :: Pass failed on irg 'r_func_97'
	 :: Pass failed on irg 'r_func_84'
	 :: Pass failed on irg 'r_func_67'
	 :: Pass failed on irg 'r_func_77'
	 :: Pass failed on irg 'main'
	 :: Pass failed on irg 'r_func_89'
	 :: Pass failed on irg 'r_func_77'
	 :: Pass failed on irg 'r_func_38'
	 :: Pass failed on irg 'r_func_92'
	 :: Pass failed on irg 'r_func_42'
	 :: Pass failed on irg 'r_func_56'
	 :: Pass failed on irg 'r_func_80'
	 :: Pass failed on irg 'r_func_26'
	 :: Pass failed on irg 'r_func_81'
	 :: Pass failed on irg 'r_func_17'
	 :: Pass failed on irg 'r_func_46'
	 :: Pass failed on irg 'r_func_41'
	 :: Pass failed on irg 'r_func_54'
	 :: Pass failed on irg 'r_func_22'
	 :: Pass failed on irg 'main'
	 :: Pass failed on irg 'r_func_42'
	 :: Pass failed on irg 'r_func_15'
	 :: Pass failed on irg 'r_func_70'
	 :: Pass failed on irg 'r_func_56'
	 :: Pass failed on irg 'r_func_66'
	 :: Pass failed on irg 'r_func_82'
	 :: Pass failed on irg 'r_func_90'
	 :: Pass failed on irg 'r_func_35'
	 :: Pass failed on irg 'r_func_15'
	 :: Pass failed on irg '_main'
	 :: Pass failed on irg 'r_func_31'
	 :: Pass failed on irg 'r_func_34'
	 :: Pass failed on irg 'r_func_79