2018-07-10 10:11:03 -- Firmreduce -- Results

Initial Test-case size:
	# of nodes: 			3931
	# of irgs: 				101
	# of cf manipulations: 	243
	# of memory operations: 1143
	# of types: 			2425


Using pass: pass_libfirm_optimize_reassociation -- No improvement
Using pass: pass_libfirm_opt_bool -- No improvement
Using pass: pass_libfirm_opt_blocks -- No improvement
Using pass: pass_libfirm_gvn_pre -- No improvement
Using pass: pass_gc_irgs
	 :: Pass failed on irg 'r_func_96'
	 :: Reproducer test failed on irg 'r_func_25'
	 :: Pass failed on irg 'r_func_16'
	 :: Reproducer test failed on irg 'r_func_17'
	 :: Pass failed on irg 'r_func_24'
	 :: Reproducer test failed on irg 'r_func_65'
	 :: Reproducer test failed on irg 'r_func_17'
	 :: Pass failed on irg 'r_func_9'
	 :: Reproducer test failed on irg 'r_func_65'
	 :: Reproducer test failed on irg 'r_func_69'
	 :: Pass failed on irg 'r_func_77'
	 :: Reproducer test failed on irg 'r_func_46'
	 :: Pass failed on irg 'r_func_39'
	 :: Reproducer test failed on irg 'r_func_53'
	 :: Reproducer test failed on irg 'main'
	 :: Pass failed on irg 'r_func_2'
	 :: Reproducer test failed on irg 'r_func_25'
	 :: Reproducer test failed on irg 'r_func_36'
	 :: Reproducer test failed on irg 'r_func_3'
	 :: Pass failed on irg 'r_func_91'
	 :: Pass failed on irg 'r_func_23'
	 :: Pass failed on irg 'r_func_62'
	 :: Pass failed on irg 'r_func_77'
	 :: Pass failed on irg '_main'
	 :: Reproducer test failed on irg 'r_func_86'
	 :: Pass failed on irg 'r_func_62'
	 :: Pass failed on irg 'r_func_8'
	 :: Reproducer test failed on irg 'r_func_49'
	 :: Reproducer test failed on irg 'r_func_73'
	 :: Reproducer test failed on irg 'r_func_57'
	 :: Pass failed on irg 'r_func_9'
	 :: Pass failed on irg 'r_func_34'
	 :: Pass failed on irg 'r_func_48'
	 :: Pass failed on irg 'r_func_92'
	 :: Reproducer test failed on irg 'r_func_51'
	 :: Reproducer test failed on irg 'r_func_72'
	 :: Reproducer test failed on irg 'r_func_57'
	 :: Reproducer test failed on irg 'r_func_68'
	 :: Reproducer test failed on irg 'r_func_82'
	 :: Pass failed on irg 'r_func_21'
	 :: Pass failed on irg 'r_func_2'
	 :: Pass failed on irg 'r_func_58'
	 :: Pass failed on irg 'r_func_34'
	 :: Pass failed on irg 'r_func_41'
	 :: Reproducer test failed on irg 'r_func_78'
	 :: Reproducer test failed on irg 'main'
	 :: Pass failed on irg 'r_func_10'
	 :: Reproducer test failed on irg 'r_func_69'
	 :: Pass failed on irg 'r_func_1'
	 :: Reproducer test failed on irg 'r_func_80'
	 :: Reproducer test failed on irg 'r_func_60'
	 :: Reproducer test failed on irg 'r_func_25'
	 :: Pass failed on irg 'r_func_41'
	 :: Reproducer test failed on irg 'r_func_36'
	 :: Pass failed on irg 'r_func_92'
	 :: Pass failed on irg 'r_func_94'
	 :: Pass failed on irg 'r_func_64'
	 :: Pass failed on irg '_main'
	 :: Reproducer test failed on irg 'r_func_42'
	 :: Reproducer test failed on irg 'r_func_36'
	 :: Pass failed on irg 'r_func_23'
	 :: Reproducer test failed on irg 'r_func_17'
	 :: Pass failed on irg 'r_func_70'
	 :: Pass failed on irg 'r_func_71'
	 :: Pass failed on irg 'r_func_8'
	 :: Reproducer test failed on irg 'r_func_20'
	 :: Reproducer test failed on irg 'r_func_43'
	 :: Reproducer test failed on irg 'r_func_65' -- No improvement
Using pass: pass_libfirm_optimize_load_store -- Successful
Using pass: pass_remove_allocs -- Successful
Using pass: pass_libfirm_do_loop_unrolling -- No improvement
Using pass: pass_libfirm_normalize_one_return -- No improvement
Using pass: pass_replace_loads
	 :: Pass failed on irg 'r_func_92'
	 :: Pass failed on irg 'r_func_92'
	 :: Pass failed on irg 'r_func_1'
	 :: Pass failed on irg 'r_func_98' -- No improvement
Using pass: pass_libfirm_opt_frame -- No improvement
Using pass: pass_libfirm_remove_bads -- No improvement
Using pass: pass_libfirm_construct_confirms -- No improvement
Using pass: pass_replace_cond_selectors -- Successful
Using pass: pass_libfirm_place_code -- No improvement
Using pass: pass_libfirm_conv_opt -- No improvement
Using pass: pass_libfirm_do_loop_inversion -- No improvement
Using pass: pass_libfirm_occult_consts -- No improvement
Using pass: pass_gc_irgs_primitive
	 :: Reproducer test failed on irg '_main'
	 :: Reproducer test failed on irg '_main'
	 :: Reproducer test failed on irg '_main' -- Successful
Using pass: pass_simplify_consts -- Successful
Using pass: pass_libfirm_opt_funccalls -- No improvement
Using pass: pass_replace_switch_selectors -- No improvement
Using pass: pass_replace_members -- No improvement
Using pass: pass_libfirm_optimize_graph_df -- No improvement
Using pass: pass_libfirm_opt_tail_rec -- No improvement
Using pass: pass_libfirm_opt_jumpthreading -- No improvement
Using pass: pass_check_validity -- No improvement
Using pass: pass_gc_entitites -- No improvement
Using pass: pass_remove_stores -- No improvement
Using pass: pass_remove_void_calls
	 :: Reproducer test failed on irg 'r_func_11' -- Successful
Using pass: pass_replace_return_values -- No improvement
Using pass: pass_libfirm_remove_tuples -- No improvement
Using pass: pass_libfirm_dead_code_elimination -- No improvement
Using pass: pass_libfirm_opt_ldst
	 :: Pass failed on irg 'r_func_21'
	 :: Pass failed on irg 'main'
	 :: Pass failed on irg 'r_func_11' -- No improvement
Using pass: pass_libfirm_opt_parallelize_mem -- No improvement
Using pass: pass_replace_mux_selectors -- No improvement
Using pass: pass_libfirm_remove_unreachable -- No improvement
Using pass: pass_libfirm_scalar_replacement_opt -- No improvement
Using pass: pass_libfirm_opt_if_conv -- No improvement
Using pass: pass_libfirm_remove_critical_cf_edges -- No improvement
Using pass: pass_libfirm_combo -- No improvement
Using pass: pass_libfirm_do_loop_peeling -- No improvement
Using pass: pass_replace_proj_primitive -- No improvement
Using pass: pass_libfirm_optimize_cf -- No improvement
Using pass: pass_replace_arithmetic -- No improvement
Using pass: pass_libfirm_normalize_n_returns -- No improvement
Using pass: pass_libfirm_remove_tuples -- No improvement
Using pass: pass_libfirm_normalize_one_return -- No improvement
Using pass: pass_libfirm_optimize_reassociation -- No improvement
Using pass: pass_libfirm_opt_tail_rec -- No improvement
Using pass: pass_libfirm_opt_if_conv -- No improvement
Using pass: pass_simplify_consts -- No improvement
Using pass: pass_libfirm_optimize_graph_df -- No improvement
Using pass: pass_remove_stores -- No improvement
Using pass: pass_libfirm_remove_unreachable -- No improvement
Using pass: pass_replace_loads -- No improvement
Using pass: pass_replace_proj_primitive -- No improvement
Using pass: pass_gc_entitites -- No improvement
Using pass: pass_libfirm_opt_jumpthreading -- No improvement
Using pass: pass_libfirm_remove_bads -- No improvement
Using pass: pass_remove_allocs -- No improvement
Using pass: pass_libfirm_occult_consts -- No improvement
Using pass: pass_libfirm_remove_critical_cf_edges -- No improvement
Using pass: pass_replace_switch_selectors -- No improvement
Using pass: pass_libfirm_optimize_cf -- No improvement
Using pass: pass_libfirm_opt_parallelize_mem -- No improvement
Using pass: pass_libfirm_scalar_replacement_opt -- No improvement
Using pass: pass_libfirm_construct_confirms -- No improvement
Using pass: pass_libfirm_optimize_load_store -- No improvement
Using pass: pass_gc_irgs
	 :: Reproducer test failed on irg 'r_func_21'
	 :: Reproducer test failed on irg 'r_func_21' -- No improvement
Using pass: pass_libfirm_gvn_pre -- No improvement
Using pass: pass_libfirm_opt_funccalls -- No improvement
Using pass: pass_replace_return_values -- No improvement
Using pass: pass_libfirm_combo -- No improvement
Using pass: pass_libfirm_do_loop_peeling -- No improvement
Using pass: pass_libfirm_opt_blocks -- No improvement
Using pass: pass_libfirm_conv_opt -- No improvement
Using pass: pass_remove_void_calls
	 :: Reproducer test failed on irg 'r_func_11'
	 :: Reproducer test failed on irg 'r_func_11' -- No improvement
Using pass: pass_libfirm_opt_frame -- No improvement
Using pass: pass_gc_irgs_primitive
	 :: Reproducer test failed on irg 'r_func_11'
	 :: Reproducer test failed on irg 'r_func_11' -- No improvement
Using pass: pass_libfirm_normalize_n_returns -- No improvement
Using pass: pass_replace_cond_selectors -- No improvement
Using pass: pass_replace_members -- No improvement
Using pass: pass_replace_mux_selectors -- No improvement
Using pass: pass_replace_arithmetic -- No improvement
Using pass: pass_libfirm_do_loop_unrolling -- No improvement
Using pass: pass_check_validity -- No improvement
Using pass: pass_libfirm_place_code -- No improvement
Using pass: pass_libfirm_dead_code_elimination -- No improvement
Using pass: pass_libfirm_opt_bool -- No improvement
Using pass: pass_libfirm_opt_ldst
	 :: Pass failed on irg 'r_func_11'
	 :: Pass failed on irg 'r_func_11'
	 :: Pass failed on irg 'main' -- No improvement
Using pass: pass_libfirm_do_loop_inversion -- No improvement

 :: 2nd reduction cycle

Using pass: pass_gc_irgs -- Trying irg 'r_func_25
' -- No improvement
Using pass: pass_gc_irgs -- Trying irg 'r_func_17
' -- No improvement
Using pass: pass_gc_irgs -- Trying irg 'r_func_65
' -- No improvement
Using pass: pass_gc_irgs -- Trying irg 'r_func_17
' -- No improvement
Using pass: pass_gc_irgs -- Trying irg 'r_func_65
' -- No improvement
Using pass: pass_gc_irgs -- Trying irg 'r_func_69
' -- No improvement
Using pass: pass_gc_irgs -- Trying irg 'r_func_46
' -- No improvement
Using pass: pass_gc_irgs -- Trying irg 'r_func_53
' -- No improvement
Using pass: pass_gc_irgs -- Trying irg 'main
' -- No improvement
Using pass: pass_gc_irgs -- Trying irg 'r_func_25
' -- No improvement
Using pass: pass_gc_irgs -- Trying irg 'r_func_36
' -- No improvement
Using pass: pass_gc_irgs -- Trying irg 'r_func_3
' -- No improvement
Using pass: pass_gc_irgs -- Trying irg 'r_func_86
' -- No improvement
Using pass: pass_gc_irgs -- Trying irg 'r_func_49
' -- No improvement
Using pass: pass_gc_irgs -- Trying irg 'r_func_73
' -- No improvement
Using pass: pass_gc_irgs -- Trying irg 'r_func_57
' -- No improvement
Using pass: pass_gc_irgs -- Trying irg 'r_func_51
' -- No improvement
Using pass: pass_gc_irgs -- Trying irg 'r_func_72
' -- No improvement
Using pass: pass_gc_irgs -- Trying irg 'r_func_57
' -- No improvement
Using pass: pass_gc_irgs -- Trying irg 'r_func_68
' -- No improvement
Using pass: pass_gc_irgs -- Trying irg 'r_func_82
' -- No improvement
Using pass: pass_gc_irgs -- Trying irg 'r_func_78
' -- No improvement
Using pass: pass_gc_irgs -- Trying irg 'main
' -- No improvement
Using pass: pass_gc_irgs -- Trying irg 'r_func_69
' -- No improvement
Using pass: pass_gc_irgs -- Trying irg 'r_func_80
' -- No improvement
Using pass: pass_gc_irgs -- Trying irg 'r_func_60
' -- No improvement
Using pass: pass_gc_irgs -- Trying irg 'r_func_25
' -- No improvement
Using pass: pass_gc_irgs -- Trying irg 'r_func_36
' -- No improvement
Using pass: pass_gc_irgs -- Trying irg 'r_func_42
' -- No improvement
Using pass: pass_gc_irgs -- Trying irg 'r_func_36
' -- No improvement
Using pass: pass_gc_irgs -- Trying irg 'r_func_17
' -- No improvement
Using pass: pass_gc_irgs -- Trying irg 'r_func_20
' -- No improvement
Using pass: pass_gc_irgs -- Trying irg 'r_func_43
' -- No improvement
Using pass: pass_gc_irgs -- Trying irg 'r_func_65
' -- No improvement
Using pass: pass_gc_irgs_primitive -- Trying irg '_main
' -- No improvement
Using pass: pass_gc_irgs_primitive -- Trying irg '_main
' -- No improvement
Using pass: pass_gc_irgs_primitive -- Trying irg '_main
' -- No improvement
Using pass: pass_remove_void_calls -- Trying irg 'r_func_11
' -- Successful
Using pass: pass_gc_irgs -- Trying irg 'r_func_21
' -- No improvement
Using pass: pass_gc_irgs -- Trying irg 'r_func_21
' -- No improvement
Using pass: pass_remove_void_calls -- Trying irg 'r_func_11
' -- Successful
Using pass: pass_remove_void_calls -- Trying irg 'r_func_11
' -- Successful
Using pass: pass_gc_irgs_primitive -- Trying irg 'r_func_11
' -- No improvement
Using pass: pass_gc_irgs_primitive -- Trying irg 'r_func_11
' -- No improvement

______________________________

No further reduction possible.

Result:
	# of nodes: 			24
	# of irgs: 				3
	# of cf manipulations: 	6
	# of memory operations: 1
	# of types: 			2327

