2018-06-26 11:07:18 -- Firmreduce -- Results

Initial Test-case size:
	# of nodes: 			6923
	# of irgs: 				101
	# of cf manipulations: 	510
	# of memory operations: 1395
	# of types: 			2153


Using pass: pass_libfirm_conv_opt -- Successful
Using pass: pass_remove_stores -- No improvement
Using pass: pass_gc_entitites -- Successful
Using pass: pass_replace_proj_primitive
	 :: Pass failed on irg 'r_func_79'
	 :: Pass failed on irg 'r_func_79'
	 :: Pass failed on irg 'r_func_79'
	 :: Pass failed on irg 'r_func_45'
	 :: Pass failed on irg 'r_func_79'
	 :: Pass failed on irg 'r_func_24'
	 :: Pass failed on irg 'r_func_67'
	 :: Pass failed on irg 'r_func_96' -- Successful
Using pass: pass_libfirm_scalar_replacement_opt -- Successful
Using pass: pass_replace_members -- No improvement
Using pass: pass_replace_arithmetic -- Successful
Using pass: pass_libfirm_do_loop_peeling
	 :: Pass failed on irg 'r_func_25'
	 :: Pass failed on irg 'r_func_55'
	 :: Pass failed on irg 'r_func_87'
	 :: Pass failed on irg 'r_func_14'
	 :: Pass failed on irg 'r_func_26'
	 :: Pass failed on irg 'r_func_86'
	 :: Pass failed on irg 'r_func_7'
	 :: Pass failed on irg 'r_func_59'
	 :: Pass failed on irg 'r_func_7'
	 :: Pass failed on irg 'r_func_55'
	 :: Pass failed on irg 'r_func_49'
	 :: Pass failed on irg 'r_func_49'
	 :: Pass failed on irg 'r_func_8'
	 :: Pass failed on irg 'r_func_77'
	 :: Pass failed on irg 'r_func_11'
	 :: Pass failed on irg 'r_func_43'
	 :: Pass failed on irg 'r_func_26'
	 :: Pass failed on irg 'r_func_4'
	 :: Pass failed on irg 'r_func_26'
	 :: Pass failed on irg 'r_func_19'
	 :: Pass failed on irg 'r_func_16'
	 :: Pass failed on irg 'r_func_86'
	 :: Pass failed on irg 'r_func_11'
	 :: Pass failed on irg 'r_func_19'
	 :: Pass failed on irg 'r_func_3'
	 :: Pass failed on irg 'r_func_43'
	 :: Pass failed on irg 'r_func_14' -- No improvement
Using pass: pass_libfirm_opt_frame -- No improvement
Using pass: pass_libfirm_dead_code_elimination -- No improvement
Using pass: pass_libfirm_place_code -- Successful
Using pass: pass_gc_irgs
	 :: Reproducer test failed on irg 'r_func_47'
	 :: Reproducer test failed on irg 'main'
	 :: Reproducer test failed on irg 'main'
	 :: Pass failed on irg 'r_func_57'
	 :: Pass failed on irg 'r_func_48'
	 :: Pass failed on irg 'r_func_57'
	 :: Pass failed on irg 'r_func_17'
	 :: Pass failed on irg 'r_func_37'
	 :: Pass failed on irg 'r_func_7'
	 :: Pass failed on irg 'r_func_86'
	 :: Pass failed on irg 'r_func_23'
	 :: Reproducer test failed on irg 'r_func_62'
	 :: Pass failed on irg 'r_func_53'
	 :: Reproducer test failed on irg 'r_func_58'
	 :: Pass failed on irg 'r_func_96'
	 :: Reproducer test failed on irg 'r_func_14'
	 :: Pass failed on irg 'r_func_61'
	 :: Reproducer test failed on irg 'r_func_51'
	 :: Reproducer test failed on irg 'r_func_75'
	 :: Pass failed on irg 'r_func_26'
	 :: Pass failed on irg 'r_func_37'
	 :: Pass failed on irg 'r_func_95'
	 :: Pass failed on irg 'r_func_11'
	 :: Pass failed on irg 'r_func_52'
	 :: Reproducer test failed on irg 'r_func_18'
	 :: Reproducer test failed on irg 'r_func_80'
	 :: Pass failed on irg 'r_func_87'
	 :: Pass failed on irg 'r_func_74'
	 :: Pass failed on irg 'r_func_90'
	 :: Reproducer test failed on irg 'main'
	 :: Pass failed on irg 'r_func_57'
	 :: Reproducer test failed on irg 'r_func_36'
	 :: Pass failed on irg 'r_func_99'
	 :: Pass failed on irg 'r_func_56'
	 :: Pass failed on irg 'r_func_59'
	 :: Reproducer test failed on irg 'r_func_12'
	 :: Pass failed on irg 'r_func_79'
	 :: Pass failed on irg 'r_func_77'
	 :: Pass failed on irg 'r_func_15'
	 :: Pass failed on irg 'r_func_53'
	 :: Pass failed on irg 'r_func_28'
	 :: Pass failed on irg 'r_func_38'
	 :: Pass failed on irg 'r_func_81'
	 :: Pass failed on irg 'r_func_81'
	 :: Pass failed on irg 'r_func_63'
	 :: Pass failed on irg 'r_func_77'
	 :: Pass failed on irg 'r_func_96'
	 :: Pass failed on irg 'r_func_23'
	 :: Pass failed on irg 'r_func_94'
	 :: Reproducer test failed on irg 'r_func_36'
	 :: Pass failed on irg 'r_func_15'
	 :: Pass failed on irg 'r_func_30'
	 :: Reproducer test failed on irg 'r_func_97'
	 :: Pass failed on irg 'r_func_27'
	 :: Pass failed on irg 'r_func_48'
	 :: Pass failed on irg 'r_func_15'
	 :: Reproducer test failed on irg 'r_func_73'
	 :: Pass failed on irg 'r_func_34'
	 :: Pass failed on irg 'r_func_89'
	 :: Reproducer test failed on irg 'r_func_62'
	 :: Pass failed on irg 'r_func_33'
	 :: Pass failed on irg 'r_func_11'
	 :: Pass failed on irg 'r_func_65'
	 :: Pass failed on irg 'r_func_98'
	 :: Pass failed on irg 'r_func_33'
	 :: Pass failed on irg 'r_func_23'
	 :: Pass failed on irg 'r_func_9'
	 :: Reproducer test failed on irg 'r_func_12'
	 :: Reproducer test failed on irg 'r_func_66'
	 :: Pass failed on irg 'r_func_25'
	 :: Reproducer test failed on irg 'r_func_31'
	 :: Pass failed on irg 'r_func_94'
	 :: Pass failed on irg 'r_func_29'
	 :: Pass failed on irg 'r_func_11'
	 :: Pass failed on irg 'r_func_41'
	 :: Pass failed on irg 'r_func_92'
	 :: Reproducer test failed on irg 'r_func_54'
	 :: Pass failed on irg 'r_func_2'
	 :: Pass failed on irg 'r_func_15'
	 :: Reproducer test failed on irg 'r_func_14' -- No improvement
Using pass: pass_libfirm_opt_blocks
	 :: Pass failed on irg 'r_func_52'
	 :: Pass failed on irg 'r_func_52' -- Successful
Using pass: pass_replace_cond_selectors
	 :: Reproducer test failed on irg 'r_func_41'
	 :: Reproducer test failed on irg 'r_func_76'
	 :: Reproducer test failed on irg 'r_func_38'
	 :: Reproducer test failed on irg 'r_func_53'
	 :: Reproducer test failed on irg 'r_func_88'
	 :: Reproducer test failed on irg 'r_func_60'
	 :: Reproducer test failed on irg 'r_func_41'
	 :: Reproducer test failed on irg 'r_func_77'
	 :: Reproducer test failed on irg 'r_func_19'
	 :: Reproducer test failed on irg 'r_func_25'
	 :: Reproducer test failed on irg 'r_func_55'
	 :: Reproducer test failed on irg 'r_func_67'
	 :: Reproducer test failed on irg 'r_func_88'
	 :: Reproducer test failed on irg 'r_func_94'
	 :: Reproducer test failed on irg 'r_func_98'
	 :: Reproducer test failed on irg 'r_func_90'
	 :: Reproducer test failed on irg 'r_func_57'
	 :: Reproducer test failed on irg 'r_func_53'
	 :: Reproducer test failed on irg 'r_func_61'
	 :: Reproducer test failed on irg 'r_func_27'
	 :: Reproducer test failed on irg 'r_func_98'
	 :: Reproducer test failed on irg 'r_func_67'
	 :: Reproducer test failed on irg 'r_func_59'
	 :: Reproducer test failed on irg 'r_func_98'
	 :: Reproducer test failed on irg 'r_func_4'
	 :: Reproducer test failed on irg 'r_func_79'
	 :: Reproducer test failed on irg 'r_func_89'
	 :: Reproducer test failed on irg 'r_func_64'
	 :: Reproducer test failed on irg 'r_func_86'
	 :: Reproducer test failed on irg 'r_func_31'
	 :: Reproducer test failed on irg 'r_func_55'
	 :: Reproducer test failed on irg 'r_func_4'
	 :: Reproducer test failed on irg 'r_func_88'
	 :: Reproducer test failed on irg 'r_func_55'
	 :: Reproducer test failed on irg 'r_func_7'
	 :: Reproducer test failed on irg 'r_func_66'
	 :: Reproducer test failed on irg 'r_func_71'
	 :: Reproducer test failed on irg 'r_func_64'
	 :: Reproducer test failed on irg 'r_func_86'
	 :: Reproducer test failed on irg 'r_func_57'
	 :: Reproducer test failed on irg 'r_func_19' -- No improvement
Using pass: pass_libfirm_opt_if_conv -- Successful
Using pass: pass_replace_mux_selectors -- No improvement
Using pass: pass_replace_switch_selectors -- No improvement
Using pass: pass_remove_void_calls
	 :: Reproducer test failed on irg '_main'
	 :: Reproducer test failed on irg '_main' -- Successful
Using pass: pass_libfirm_remove_critical_cf_edges -- No improvement
Using pass: pass_libfirm_optimize_reassociation -- Successful
Using pass: pass_libfirm_normalize_n_returns -- Successful
Using pass: pass_libfirm_combo -- Successful
Using pass: pass_libfirm_remove_unreachable -- No improvement
Using pass: pass_libfirm_opt_jumpthreading -- No improvement
Using pass: pass_libfirm_gvn_pre -- Successful
Using pass: pass_replace_loads
	 :: Pass failed on irg 'r_func_15'
	 :: Pass failed on irg 'r_func_14'
	 :: Pass failed on irg 'r_func_88'
	 :: Pass failed on irg 'r_func_46'
	 :: Pass failed on irg 'r_func_14'
	 :: Pass failed on irg 'r_func_3'
	 :: Pass failed on irg 'r_func_60'
	 :: Pass failed on irg 'r_func_28'
	 :: Pass failed on irg 'r_func_80'
	 :: Pass failed on irg 'r_func_12'
	 :: Pass failed on irg 'r_func_11'
	 :: Pass failed on irg 'r_func_91'
	 :: Pass failed on irg 'r_func_83'
	 :: Pass failed on irg 'r_func_44'
	 :: Pass failed on irg 'r_func_79'
	 :: Pass failed on irg 'r_func_78'
	 :: Pass failed on irg 'r_func_19'
	 :: Pass failed on irg 'r_func_33'
	 :: Pass failed on irg 'r_func_40'
	 :: Pass failed on irg 'r_func_90'
	 :: Pass failed on irg 'r_func_26'
	 :: Pass failed on irg 'r_func_68'
	 :: Pass failed on irg 'r_func_19'
	 :: Pass failed on irg 'r_func_95'
	 :: Pass failed on irg 'r_func_19'
	 :: Pass failed on irg 'r_func_8'
	 :: Pass failed on irg 'r_func_81'
	 :: Pass failed on irg 'r_func_27'
	 :: Pass failed on irg 'r_func_48'
	 :: Pass failed on irg 'r_func_55'
	 :: Pass failed on irg 'r_func_77'
	 :: Pass failed on irg 'r_func_63'
	 :: Pass failed on irg 'r_func_30'
	 :: Pass failed on irg 'r_func_50'
	 :: Pass failed on irg 'r_func_33'
	 :: Pass failed on irg 'r_func_34'
	 :: Pass failed on irg 'r_func_44'
	 :: Pass failed on irg 'r_func_80'
	 :: Pass failed on irg 'r_func_13'
	 :: Pass failed on irg 'r_func_55'
	 :: Pass failed on irg 'r_func_96'
	 :: Pass failed on irg 'r_func_14'
	 :: Pass failed on irg 'r_func_39'
	 :: Pass failed on irg 'r_func_18'
	 :: Pass failed on irg 'r_func_14'
	 :: Pass failed on irg 'r_func_79'
	 :: Pass failed on irg 'r_func_74'
	 :: Pass failed on irg 'r_func_40'
	 :: Pass failed on irg 'r_func_46'
	 :: Pass failed on irg 'r_func_93'
	 :: Pass failed on irg 'r_func_1'
	 :: Pass failed on irg 'r_func_32'
	 :: Pass failed on irg 'r_func_1'
	 :: Pass failed on irg 'r_func_82'
	 :: Pass failed on irg 'r_func_59'
	 :: Pass failed on irg 'r_func_49'
	 :: Pass failed on irg 'r_func_2'
	 :: Pass failed on irg 'r_func_1'
	 :: Pass failed on irg 'r_func_78'
	 :: Pass failed on irg 'r_func_72'
	 :: Pass failed on irg 'r_func_32'
	 :: Pass failed on irg 'r_func_88'
	 :: Pass failed on irg 'r_func_65'
	 :: Pass failed on irg 'r_func_31'
	 :: Pass failed on irg 'r_func_65'
	 :: Pass failed on irg 'r_func_87'
	 :: Pass failed on irg 'r_func_46'
	 :: Pass failed on irg 'r_func_61'
	 :: Pass failed on irg 'r_func_27'
	 :: Pass failed on irg 'r_func_45'
	 :: Pass failed on irg 'r_func_9'
	 :: Pass failed on irg 'r_func_57'
	 :: Pass failed on irg 'r_func_2'
	 :: Pass failed on irg 'r_func_48'
	 :: Pass failed on irg 'r_func_89'
	 :: Pass failed on irg 'r_func_3'
	 :: Pass failed on irg 'r_func_97'
	 :: Pass failed on irg 'r_func_13'
	 :: Pass failed on irg 'r_func_18'
	 :: Pass failed on irg 'r_func_15'
	 :: Pass failed on irg 'r_func_62'
	 :: Pass failed on irg 'r_func_80'
	 :: Pass failed on irg 'r_func_23'
	 :: Pass failed on irg 'r_func_78'
	 :: Pass failed on irg 'r_func_31'
	 :: Pass failed on irg 'r_func_21' -- No improvement
Using pass: pass_libfirm_opt_ldst
	 :: Pass failed on irg 'r_func_80'
	 :: Pass failed on irg 'r_func_81'
	 :: Pass failed on irg 'r_func_74'
	 :: Pass failed on irg 'r_func_27'
	 :: Pass failed on irg 'r_func_28'
	 :: Pass failed on irg 'r_func_39'
	 :: Pass failed on irg 'r_func_81'
	 :: Pass failed on irg 'r_func_65'
	 :: Pass failed on irg 'r_func_46'
	 :: Pass failed on irg 'r_func_47'
	 :: Pass failed on irg 'r_func_42'
	 :: Pass failed on irg 'r_func_27'
	 :: Pass failed on irg 'r_func_83'
	 :: Pass failed on irg 'r_func_48'
	 :: Pass failed on irg 'r_func_59'
	 :: Pass failed on irg 'r_func_13'
	 :: Pass failed on irg 'r_func_52'
	 :: Pass failed on irg 'r_func_71'
	 :: Pass failed on irg 'r_func_52'
	 :: Pass failed on irg 'r_func_18'
	 :: Pass failed on irg 'r_func_61'
	 :: Pass failed on irg 'r_func_48'
	 :: Pass failed on irg 'r_func_20'
	 :: Pass failed on irg 'r_func_68'
	 :: Pass failed on irg 'r_func_39'
	 :: Pass failed on irg 'r_func_40'
	 :: Pass failed on irg 'r_func_3'
	 :: Pass failed on irg 'r_func_28'
	 :: Pass failed on irg 'r_func_18'
	 :: Pass failed on irg 'r_func_14'
	 :: Pass failed on irg 'r_func_74'
	 :: Pass failed on irg 'r_func_65'
	 :: Pass failed on irg 'r_func_95'
	 :: Pass failed on irg 'r_func_47'
	 :: Pass failed on irg 'r_func_58'
	 :: Pass failed on irg 'r_func_23'
	 :: Pass failed on irg 'r_func_52'
	 :: Pass failed on irg 'r_func_4'
	 :: Pass failed on irg 'r_func_88'
	 :: Pass failed on irg 'r_func_64'
	 :: Pass failed on irg 'r_func_52'
	 :: Pass failed on irg 'r_func_97'
	 :: Pass failed on irg 'r_func_91'
	 :: Pass failed on irg '_main'
	 :: Pass failed on irg 'r_func_44'
	 :: Pass failed on irg 'r_func_16'
	 :: Pass failed on irg 'r_func_80'
	 :: Pass failed on irg 'r_func_96'
	 :: Pass failed on irg 'r_func_53'
	 :: Pass failed on irg 'r_func_32'
	 :: Pass failed on irg 'r_func_80'
	 :: Pass failed on irg 'r_func_14'
	 :: Pass failed on irg 'r_func_80'
	 :: Pass failed on irg 'r_func_67'
	 :: Pass failed on irg 'r_func_48'
	 :: Pass failed on irg 'r_func_18'
	 :: Pass failed on irg 'r_func_73'
	 :: Pass failed on irg 'r_func_18'
	 :: Pass failed on irg 'r_func_12'
	 :: Pass failed on irg 'r_func_57'
	 :: Pass failed on irg 'r_func_32'
	 :: Pass failed on irg 'r_func_86'
	 :: Pass failed on irg 'r_func_21'
	 :: Pass failed on irg 'r_func_93'
	 :: Pass failed on irg 'r_func_99'
	 :: Pass failed on irg 'r_func_80'
	 :: Pass failed on irg 'r_func_15'
	 :: Pass failed on irg 'r_func_51'
	 :: Pass failed on irg 'r_func_84'
	 :: Pass failed on irg 'r_func_70'
	 :: Pass failed on irg 'r_func_14'
	 :: Pass failed on irg 'r_func_35'
	 :: Pass failed on irg 'r_func_66'
	 :: Pass failed on irg 'r_func_72'
	 :: Pass failed on irg 'r_func_1'
	 :: Pass failed on irg 'r_func_76'
	 :: Pass failed on irg 'r_func_54'
	 :: Pass failed on irg 'r_func_82'
	 :: Pass failed on irg 'r_func_37'
	 :: Pass failed on irg 'r_func_6'
	 :: Pass failed on irg 'r_func_13'
	 :: Pass failed on irg 'r_func_17'
	 :: Pass failed on irg 'r_func_87'
	 :: Pass failed on irg 'r_func_59'
	 :: Pass failed on irg 'r_func_50'
	 :: Pass failed on irg 'r_func_35'
	 :: Pass failed on irg 'r_func_77'
	 :: Pass failed on irg 'r_func_22'
	 :: Pass failed on irg 'r_func_19'
	 :: Pass failed on irg 'r_func_56'
	 :: Pass failed on irg 'r_func_79'
	 :: Pass failed on irg 'r_func_17'
	 :: Pass failed on irg 'r_func_41'
	 :: Pass failed on irg '_main'
	 :: Pass failed on irg 'r_func_9'
	 :: Pass failed on irg 'r_func_40'
	 :: Pass failed on irg 'r_func_80'
	 :: Pass failed on irg 'r_func_92'
	 :: Pass failed on irg 'r_func_57'
	 :: Pass failed on irg 'r_func_29'
	 :: Pass failed on irg 'r_func_61' -- No improvement
Using pass: pass_libfirm_opt_funccalls -- No improvement
Using pass: pass_libfirm_opt_parallelize_mem -- No improvement
Using pass: pass_replace_return_values -- No improvement
Using pass: pass_libfirm_optimize_load_store -- Successful
Using pass: pass_libfirm_opt_bool -- No improvement
Using pass: pass_remove_allocs -- Successful
Using pass: pass_libfirm_remove_tuples -- No improvement
Using pass: pass_libfirm_optimize_cf -- Successful
Using pass: pass_libfirm_normalize_one_return -- No improvement
Using pass: pass_libfirm_do_loop_inversion -- No improvement
Using pass: pass_libfirm_occult_consts -- No improvement
Using pass: pass_simplify_consts -- Successful
Using pass: pass_libfirm_do_loop_unrolling -- No improvement
Using pass: pass_libfirm_construct_confirms -- No improvement
Using pass: pass_libfirm_remove_bads -- No improvement
Using pass: pass_gc_irgs_primitive
	 :: Reproducer test failed on irg '_main'
	 :: Reproducer test failed on irg '_main'
	 :: Reproducer test failed on irg 'r_func_1'
	 :: Reproducer test failed on irg '_main'
	 :: Reproducer test failed on irg '_main' -- Successful
Using pass: pass_libfirm_optimize_graph_df -- Successful
Using pass: pass_libfirm_opt_tail_rec -- No improvement
Using pass: pass_libfirm_optimize_load_store -- No improvement
Using pass: pass_libfirm_opt_funccalls -- No improvement
Using pass: pass_libfirm_place_code -- No improvement
Using pass: pass_replace_members -- No improvement
Using pass: pass_replace_arithmetic -- No improvement
Using pass: pass_libfirm_occult_consts -- No improvement
Using pass: pass_libfirm_opt_parallelize_mem -- No improvement
Using pass: pass_libfirm_gvn_pre -- No improvement
Using pass: pass_replace_cond_selectors -- No improvement
Using pass: pass_libfirm_optimize_reassociation -- No improvement
Using pass: pass_libfirm_do_loop_unrolling -- No improvement
Using pass: pass_remove_stores -- No improvement
Using pass: pass_libfirm_combo -- No improvement
Using pass: pass_libfirm_do_loop_inversion -- No improvement
Using pass: pass_libfirm_remove_critical_cf_edges -- No improvement
Using pass: pass_replace_return_values -- No improvement
Using pass: pass_libfirm_remove_bads -- No improvement
Using pass: pass_libfirm_do_loop_peeling -- No improvement
Using pass: pass_libfirm_construct_confirms -- No improvement
Using pass: pass_gc_irgs
	 :: Reproducer test failed on irg 'main'
	 :: Reproducer test failed on irg 'main' -- No improvement
Using pass: pass_libfirm_opt_ldst
	 :: Pass failed on irg 'main'
	 :: Pass failed on irg 'main'
	 :: Pass failed on irg 'main' -- No improvement
Using pass: pass_gc_irgs_primitive -- No improvement
Using pass: pass_libfirm_opt_frame -- No improvement
Using pass: pass_replace_mux_selectors -- No improvement
Using pass: pass_libfirm_opt_tail_rec -- No improvement
Using pass: pass_libfirm_remove_unreachable -- No improvement
Using pass: pass_replace_loads -- No improvement
Using pass: pass_libfirm_remove_tuples -- No improvement
Using pass: pass_libfirm_conv_opt -- No improvement
Using pass: pass_libfirm_normalize_one_return -- No improvement
Using pass: pass_remove_void_calls -- No improvement
Using pass: pass_replace_proj_primitive -- No improvement
Using pass: pass_libfirm_dead_code_elimination -- No improvement
Using pass: pass_libfirm_normalize_n_returns -- No improvement
Using pass: pass_libfirm_opt_jumpthreading -- No improvement
Using pass: pass_libfirm_optimize_cf -- No improvement
Using pass: pass_replace_switch_selectors -- No improvement
Using pass: pass_libfirm_opt_if_conv -- No improvement
Using pass: pass_simplify_consts -- No improvement
Using pass: pass_libfirm_opt_bool -- No improvement
Using pass: pass_remove_allocs -- No improvement
Using pass: pass_libfirm_scalar_replacement_opt -- No improvement
Using pass: pass_libfirm_optimize_graph_df -- No improvement
Using pass: pass_gc_entitites -- No improvement
Using pass: pass_libfirm_opt_blocks -- No improvement

 :: 2nd reduction cycle

Using pass: pass_gc_irgs -- Trying irg 'r_func_47
' -- No improvement
Using pass: pass_gc_irgs -- Trying irg 'main
' -- No improvement
Using pass: pass_gc_irgs -- Trying irg 'main
' -- No improvement
Using pass: pass_gc_irgs -- Trying irg 'r_func_62
' -- No improvement
Using pass: pass_gc_irgs -- Trying irg 'r_func_58
' -- No improvement
Using pass: pass_gc_irgs -- Trying irg 'r_func_14
' -- No improvement
Using pass: pass_gc_irgs -- Trying irg 'r_func_51
' -- No improvement
Using pass: pass_gc_irgs -- Trying irg 'r_func_75
' -- No improvement
Using pass: pass_gc_irgs -- Trying irg 'r_func_18
' -- No improvement
Using pass: pass_gc_irgs -- Trying irg 'r_func_80
' -- No improvement
Using pass: pass_gc_irgs -- Trying irg 'main
' -- No improvement
Using pass: pass_gc_irgs -- Trying irg 'r_func_36
' -- No improvement
Using pass: pass_gc_irgs -- Trying irg 'r_func_12
' -- No improvement
Using pass: pass_gc_irgs -- Trying irg 'r_func_36
' -- No improvement
Using pass: pass_gc_irgs -- Trying irg 'r_func_97
' -- No improvement
Using pass: pass_gc_irgs -- Trying irg 'r_func_73
' -- No improvement
Using pass: pass_gc_irgs -- Trying irg 'r_func_62
' -- No improvement
Using pass: pass_gc_irgs -- Trying irg 'r_func_12
' -- No improvement
Using pass: pass_gc_irgs -- Trying irg 'r_func_66
' -- No improvement
Using pass: pass_gc_irgs -- Trying irg 'r_func_31
' -- No improvement
Using pass: pass_gc_irgs -- Trying irg 'r_func_54
' -- No improvement
Using pass: pass_gc_irgs -- Trying irg 'r_func_14
' -- No improvement
Using pass: pass_replace_cond_selectors -- Trying irg 'r_func_41
' -- Failed
Using pass: pass_replace_cond_selectors -- Trying irg 'r_func_76
' -- Failed
Using pass: pass_replace_cond_selectors -- Trying irg 'r_func_38
' -- Failed
Using pass: pass_replace_cond_selectors -- Trying irg 'r_func_53
' -- Failed
Using pass: pass_replace_cond_selectors -- Trying irg 'r_func_88
' -- Failed
Using pass: pass_replace_cond_selectors -- Trying irg 'r_func_60
' -- Failed
Using pass: pass_replace_cond_selectors -- Trying irg 'r_func_41
' -- Failed
Using pass: pass_replace_cond_selectors -- Trying irg 'r_func_77
' -- Failed
Using pass: pass_replace_cond_selectors -- Trying irg 'r_func_19
' -- Failed
Using pass: pass_replace_cond_selectors -- Trying irg 'r_func_25
' -- Failed
Using pass: pass_replace_cond_selectors -- Trying irg 'r_func_55
' -- Failed
Using pass: pass_replace_cond_selectors -- Trying irg 'r_func_67
' -- Failed
Using pass: pass_replace_cond_selectors -- Trying irg 'r_func_88
' -- Failed
Using pass: pass_replace_cond_selectors -- Trying irg 'r_func_94
' -- Failed
Using pass: pass_replace_cond_selectors -- Trying irg 'r_func_98
' -- Failed
Using pass: pass_replace_cond_selectors -- Trying irg 'r_func_90
' -- Failed
Using pass: pass_replace_cond_selectors -- Trying irg 'r_func_57
' -- Failed
Using pass: pass_replace_cond_selectors -- Trying irg 'r_func_53
' -- Failed
Using pass: pass_replace_cond_selectors -- Trying irg 'r_func_61
' -- Failed
Using pass: pass_replace_cond_selectors -- Trying irg 'r_func_27
' -- Failed
Using pass: pass_replace_cond_selectors -- Trying irg 'r_func_98
' -- Failed
Using pass: pass_replace_cond_selectors -- Trying irg 'r_func_67
' -- Failed
Using pass: pass_replace_cond_selectors -- Trying irg 'r_func_59
' -- Failed
Using pass: pass_replace_cond_selectors -- Trying irg 'r_func_98
' -- Failed
Using pass: pass_replace_cond_selectors -- Trying irg 'r_func_4
' -- Failed
Using pass: pass_replace_cond_selectors -- Trying irg 'r_func_79
' -- Failed
Using pass: pass_replace_cond_selectors -- Trying irg 'r_func_89
' -- Failed
Using pass: pass_replace_cond_selectors -- Trying irg 'r_func_64
' -- Failed
Using pass: pass_replace_cond_selectors -- Trying irg 'r_func_86
' -- Failed
Using pass: pass_replace_cond_selectors -- Trying irg 'r_func_31
' -- Failed
Using pass: pass_replace_cond_selectors -- Trying irg 'r_func_55
' -- Failed
Using pass: pass_replace_cond_selectors -- Trying irg 'r_func_4
' -- Failed
Using pass: pass_replace_cond_selectors -- Trying irg 'r_func_88
' -- Failed
Using pass: pass_replace_cond_selectors -- Trying irg 'r_func_55
' -- Failed
Using pass: pass_replace_cond_selectors -- Trying irg 'r_func_7
' -- Failed
Using pass: pass_replace_cond_selectors -- Trying irg 'r_func_66
' -- Failed
Using pass: pass_replace_cond_selectors -- Trying irg 'r_func_71
' -- Failed
Using pass: pass_replace_cond_selectors -- Trying irg 'r_func_64
' -- Failed
Using pass: pass_replace_cond_selectors -- Trying irg 'r_func_86
' -- Failed
Using pass: pass_replace_cond_selectors -- Trying irg 'r_func_57
' -- Failed
Using pass: pass_replace_cond_selectors -- Trying irg 'r_func_19
' -- Failed
Using pass: pass_remove_void_calls -- Trying irg '_main
' -- Failed
Using pass: pass_remove_void_calls -- Trying irg '_main
' -- Failed
Using pass: pass_gc_irgs_primitive -- Trying irg '_main
' -- No improvement
Using pass: pass_gc_irgs_primitive -- Trying irg '_main
' -- No improvement
Using pass: pass_gc_irgs_primitive -- Trying irg 'r_func_1
' -- No improvement
Using pass: pass_gc_irgs_primitive -- Trying irg '_main
' -- No improvement
Using pass: pass_gc_irgs_primitive -- Trying irg '_main
' -- No improvement
Using pass: pass_gc_irgs -- Trying irg 'main
' -- No improvement
Using pass: pass_gc_irgs -- Trying irg 'main
' -- No improvement

______________________________

No further reduction possible.

Result:
	# of nodes: 			24
	# of irgs: 				3
	# of cf manipulations: 	6
	# of memory operations: 1
	# of types: 			2055

