2018-07-03 08:25:17 -- Firmreduce -- Results

Initial Test-case size:
	# of nodes: 			27
	# of irgs: 				3
	# of cf manipulations: 	6
	# of memory operations: 2
	# of types: 			2055


Using pass: pass_libfirm_opt_if_conv -- No improvement
Using pass: pass_replace_mux_selectors -- No improvement
Using pass: pass_simplify_consts -- No improvement
Using pass: pass_libfirm_optimize_graph_df -- No improvement
Using pass: pass_libfirm_normalize_one_return -- No improvement
Using pass: pass_libfirm_opt_tail_rec -- No improvement
Using pass: pass_libfirm_opt_blocks -- No improvement
Using pass: pass_libfirm_remove_critical_cf_edges -- No improvement
Using pass: pass_libfirm_opt_frame -- No improvement
Using pass: pass_replace_cond_selectors -- No improvement
Using pass: pass_libfirm_combo -- No improvement
Using pass: pass_gc_irgs_primitive
	 :: Reproducer test failed on irg 'r_func_13' -- No improvement
Using pass: pass_remove_stores -- No improvement
Using pass: pass_replace_switch_selectors -- No improvement
Using pass: pass_remove_void_calls
	 :: Reproducer test failed on irg 'r_func_13' -- No improvement
Using pass: pass_gc_entitites -- No improvement
Using pass: pass_libfirm_opt_jumpthreading -- No improvement
Using pass: pass_libfirm_conv_opt -- No improvement
Using pass: pass_libfirm_remove_bads -- No improvement
Using pass: pass_libfirm_do_loop_inversion -- No improvement
Using pass: pass_libfirm_dead_code_elimination -- No improvement
Using pass: pass_libfirm_opt_bool -- No improvement
Using pass: pass_libfirm_optimize_load_store -- No improvement
Using pass: pass_replace_arithmetic -- No improvement
Using pass: pass_libfirm_gvn_pre -- No improvement
Using pass: pass_check_validity -- No improvement
Using pass: pass_libfirm_remove_tuples -- No improvement
Using pass: pass_libfirm_occult_consts -- No improvement
Using pass: pass_libfirm_scalar_replacement_opt -- No improvement
Using pass: pass_libfirm_normalize_n_returns -- No improvement
Using pass: pass_remove_allocs -- No improvement
Using pass: pass_libfirm_opt_funccalls -- No improvement
Using pass: pass_replace_loads -- No improvement
Using pass: pass_libfirm_opt_ldst
	 :: Pass failed on irg 'r_func_33'
	 :: Pass failed on irg 'r_func_33'
	 :: Pass failed on irg 'r_func_33' -- No improvement
Using pass: pass_libfirm_optimize_cf -- No improvement
Using pass: pass_libfirm_do_loop_unrolling -- No improvement
Using pass: pass_libfirm_do_loop_peeling -- No improvement
Using pass: pass_replace_return_values -- No improvement
Using pass: pass_libfirm_opt_parallelize_mem -- No improvement
Using pass: pass_libfirm_optimize_reassociation -- No improvement
Using pass: pass_replace_members -- No improvement
Using pass: pass_replace_proj_primitive -- No improvement
Using pass: pass_libfirm_place_code -- No improvement
Using pass: pass_libfirm_construct_confirms -- No improvement
Using pass: pass_gc_irgs
	 :: Reproducer test failed on irg 'r_func_33'
	 :: Reproducer test failed on irg 'main' -- No improvement
Using pass: pass_libfirm_remove_unreachable -- No improvement

 :: 2nd reduction cycle

Using pass: pass_gc_irgs_primitive -- Trying irg 'r_func_13
' -- No improvement
Using pass: pass_remove_void_calls -- Trying irg 'r_func_13
' -- Successful
Using pass: pass_gc_irgs -- Trying irg 'r_func_33
' -- No improvement
Using pass: pass_gc_irgs -- Trying irg 'main
' -- No improvement

______________________________

No further reduction possible.

Result:
	# of nodes: 			24
	# of irgs: 				3
	# of cf manipulations: 	6
	# of memory operations: 1
	# of types: 			2055

