2018-08-24 07:02:18 -- Firmreduce -- Results

Initial Test-case size:
	# of nodes: 			15822
	# of irgs: 				4
	# of cf manipulations: 	276
	# of memory operations: 2366
	# of types: 			2641


Using pass: pass_replace_proj_primitive
	 :: Pass failed on irg 'r_func_1'
	 :: Pass failed on irg 'r_func_2' -- No improvement
	# of nodes: 			15822
	# of irgs: 				4
	# of cf manipulations: 	276
	# of memory operations: 2366
	# of types: 			2641



Using pass: pass_libfirm_remove_bads -- No improvement
	# of nodes: 			15822
	# of irgs: 				4
	# of cf manipulations: 	276
	# of memory operations: 2366
	# of types: 			2641



Using pass: pass_libfirm_normalize_n_returns -- Successful
	# of nodes: 			15827
	# of irgs: 				4
	# of cf manipulations: 	278
	# of memory operations: 2366
	# of types: 			2641



Using pass: pass_remove_allocs
	 :: Pass failed on irg 'r_func_1'
	 :: Pass failed on irg '_main'
	 :: Pass failed on irg 'r_func_1' -- No improvement
	# of nodes: 			15827
	# of irgs: 				4
	# of cf manipulations: 	278
	# of memory operations: 2366
	# of types: 			2641



Using pass: pass_libfirm_opt_jumpthreading
	 :: Pass failed on irg 'r_func_2'
	 :: Pass failed on irg 'r_func_1'
	 :: Pass failed on irg 'r_func_1' -- No improvement
	# of nodes: 			15827
	# of irgs: 				4
	# of cf manipulations: 	278
	# of memory operations: 2366
	# of types: 			2641



Using pass: pass_libfirm_combo -- Successful
	# of nodes: 			2595
	# of irgs: 				4
	# of cf manipulations: 	23
	# of memory operations: 605
	# of types: 			2641



Using pass: pass_libfirm_optimize_graph_df -- Successful
	# of nodes: 			2254
	# of irgs: 				4
	# of cf manipulations: 	23
	# of memory operations: 605
	# of types: 			2641



Using pass: pass_libfirm_conv_opt -- Successful
	# of nodes: 			2253
	# of irgs: 				4
	# of cf manipulations: 	23
	# of memory operations: 605
	# of types: 			2641



Using pass: pass_replace_cond_selectors -- Successful
	# of nodes: 			762
	# of irgs: 				4
	# of cf manipulations: 	14
	# of memory operations: 192
	# of types: 			2641



Using pass: pass_libfirm_opt_if_conv -- Successful
	# of nodes: 			766
	# of irgs: 				4
	# of cf manipulations: 	16
	# of memory operations: 192
	# of types: 			2641



Using pass: pass_replace_return_values -- No improvement
	# of nodes: 			766
	# of irgs: 				4
	# of cf manipulations: 	16
	# of memory operations: 192
	# of types: 			2641



Using pass: pass_check_validity -- No improvement
	# of nodes: 			766
	# of irgs: 				4
	# of cf manipulations: 	16
	# of memory operations: 192
	# of types: 			2641



Using pass: pass_libfirm_normalize_n_returns -- No improvement
	# of nodes: 			766
	# of irgs: 				4
	# of cf manipulations: 	16
	# of memory operations: 192
	# of types: 			2641



Using pass: pass_simplify_consts -- Successful
	# of nodes: 			478
	# of irgs: 				4
	# of cf manipulations: 	10
	# of memory operations: 137
	# of types: 			2641



Using pass: pass_libfirm_do_loop_unrolling -- No improvement
	# of nodes: 			478
	# of irgs: 				4
	# of cf manipulations: 	10
	# of memory operations: 137
	# of types: 			2641



Using pass: pass_check_validity -- No improvement
	# of nodes: 			478
	# of irgs: 				4
	# of cf manipulations: 	10
	# of memory operations: 137
	# of types: 			2641



Using pass: pass_libfirm_optimize_cf -- No improvement
	# of nodes: 			478
	# of irgs: 				4
	# of cf manipulations: 	10
	# of memory operations: 137
	# of types: 			2641



Using pass: pass_check_validity -- No improvement
	# of nodes: 			478
	# of irgs: 				4
	# of cf manipulations: 	10
	# of memory operations: 137
	# of types: 			2641



Using pass: pass_check_validity -- No improvement
	# of nodes: 			478
	# of irgs: 				4
	# of cf manipulations: 	10
	# of memory operations: 137
	# of types: 			2641



Using pass: pass_replace_loads -- No improvement
	# of nodes: 			478
	# of irgs: 				4
	# of cf manipulations: 	10
	# of memory operations: 137
	# of types: 			2641



Using pass: pass_libfirm_construct_confirms -- No improvement
	# of nodes: 			478
	# of irgs: 				4
	# of cf manipulations: 	10
	# of memory operations: 137
	# of types: 			2641



Using pass: pass_libfirm_opt_jumpthreading -- No improvement
	# of nodes: 			478
	# of irgs: 				4
	# of cf manipulations: 	10
	# of memory operations: 137
	# of types: 			2641



Using pass: pass_replace_loads -- No improvement
	# of nodes: 			478
	# of irgs: 				4
	# of cf manipulations: 	10
	# of memory operations: 137
	# of types: 			2641



Using pass: pass_libfirm_do_loop_peeling
	 :: Pass failed on irg '_main' -- No improvement
	# of nodes: 			478
	# of irgs: 				4
	# of cf manipulations: 	10
	# of memory operations: 137
	# of types: 			2641



Using pass: pass_replace_loads -- No improvement
	# of nodes: 			478
	# of irgs: 				4
	# of cf manipulations: 	10
	# of memory operations: 137
	# of types: 			2641



Using pass: pass_libfirm_opt_funccalls -- No improvement
	# of nodes: 			478
	# of irgs: 				4
	# of cf manipulations: 	10
	# of memory operations: 137
	# of types: 			2641



Using pass: pass_remove_allocs -- Successful
	# of nodes: 			462
	# of irgs: 				4
	# of cf manipulations: 	10
	# of memory operations: 129
	# of types: 			2641



Using pass: pass_libfirm_remove_bads -- No improvement
	# of nodes: 			462
	# of irgs: 				4
	# of cf manipulations: 	10
	# of memory operations: 129
	# of types: 			2641



Using pass: pass_libfirm_optimize_cf -- No improvement
	# of nodes: 			462
	# of irgs: 				4
	# of cf manipulations: 	10
	# of memory operations: 129
	# of types: 			2641



Using pass: pass_replace_switch_selectors -- No improvement
	# of nodes: 			462
	# of irgs: 				4
	# of cf manipulations: 	10
	# of memory operations: 129
	# of types: 			2641



Using pass: pass_libfirm_remove_critical_cf_edges -- No improvement
	# of nodes: 			462
	# of irgs: 				4
	# of cf manipulations: 	10
	# of memory operations: 129
	# of types: 			2641



Using pass: pass_libfirm_opt_if_conv -- No improvement
	# of nodes: 			462
	# of irgs: 				4
	# of cf manipulations: 	10
	# of memory operations: 129
	# of types: 			2641



Using pass: pass_replace_cond_selectors -- No improvement
	# of nodes: 			462
	# of irgs: 				4
	# of cf manipulations: 	10
	# of memory operations: 129
	# of types: 			2641



Using pass: pass_libfirm_remove_critical_cf_edges -- No improvement
	# of nodes: 			462
	# of irgs: 				4
	# of cf manipulations: 	10
	# of memory operations: 129
	# of types: 			2641



Using pass: pass_libfirm_do_loop_unrolling -- No improvement
	# of nodes: 			462
	# of irgs: 				4
	# of cf manipulations: 	10
	# of memory operations: 129
	# of types: 			2641



Using pass: pass_libfirm_conv_opt -- No improvement
	# of nodes: 			462
	# of irgs: 				4
	# of cf manipulations: 	10
	# of memory operations: 129
	# of types: 			2641



Using pass: pass_replace_cond_selectors -- No improvement
	# of nodes: 			462
	# of irgs: 				4
	# of cf manipulations: 	10
	# of memory operations: 129
	# of types: 			2641



Using pass: pass_check_validity -- No improvement
	# of nodes: 			462
	# of irgs: 				4
	# of cf manipulations: 	10
	# of memory operations: 129
	# of types: 			2641



Using pass: pass_libfirm_opt_blocks -- No improvement
	# of nodes: 			462
	# of irgs: 				4
	# of cf manipulations: 	10
	# of memory operations: 129
	# of types: 			2641



Using pass: pass_gc_entitites -- No improvement
	# of nodes: 			462
	# of irgs: 				4
	# of cf manipulations: 	10
	# of memory operations: 129
	# of types: 			2641



Using pass: pass_libfirm_remove_bads -- No improvement
	# of nodes: 			462
	# of irgs: 				4
	# of cf manipulations: 	10
	# of memory operations: 129
	# of types: 			2641



Using pass: pass_libfirm_combo -- No improvement
	# of nodes: 			462
	# of irgs: 				4
	# of cf manipulations: 	10
	# of memory operations: 129
	# of types: 			2641



Using pass: pass_gc_entitites -- No improvement
	# of nodes: 			462
	# of irgs: 				4
	# of cf manipulations: 	10
	# of memory operations: 129
	# of types: 			2641



Using pass: pass_libfirm_do_loop_peeling
	 :: Pass failed on irg 'r_func_2'
	 :: Pass failed on irg 'r_func_2'
	 :: Pass failed on irg 'r_func_2' -- No improvement
	# of nodes: 			462
	# of irgs: 				4
	# of cf manipulations: 	10
	# of memory operations: 129
	# of types: 			2641



Using pass: pass_libfirm_construct_confirms -- No improvement
	# of nodes: 			462
	# of irgs: 				4
	# of cf manipulations: 	10
	# of memory operations: 129
	# of types: 			2641



Using pass: pass_simplify_consts -- Successful
	# of nodes: 			435
	# of irgs: 				4
	# of cf manipulations: 	10
	# of memory operations: 129
	# of types: 			2641



Using pass: pass_replace_proj_primitive -- Successful
	# of nodes: 			354
	# of irgs: 				4
	# of cf manipulations: 	10
	# of memory operations: 127
	# of types: 			2641



Using pass: pass_libfirm_do_loop_unrolling -- No improvement
	# of nodes: 			354
	# of irgs: 				4
	# of cf manipulations: 	10
	# of memory operations: 127
	# of types: 			2641



Using pass: pass_remove_void_calls -- No improvement
	# of nodes: 			354
	# of irgs: 				4
	# of cf manipulations: 	10
	# of memory operations: 127
	# of types: 			2641



Using pass: pass_libfirm_combo -- No improvement
	# of nodes: 			354
	# of irgs: 				4
	# of cf manipulations: 	10
	# of memory operations: 127
	# of types: 			2641



Using pass: pass_libfirm_do_loop_inversion -- No improvement
	# of nodes: 			354
	# of irgs: 				4
	# of cf manipulations: 	10
	# of memory operations: 127
	# of types: 			2641



Using pass: pass_remove_allocs -- Successful
	# of nodes: 			196
	# of irgs: 				4
	# of cf manipulations: 	10
	# of memory operations: 50
	# of types: 			2641



Using pass: pass_libfirm_gvn_pre -- No improvement
	# of nodes: 			196
	# of irgs: 				4
	# of cf manipulations: 	10
	# of memory operations: 50
	# of types: 			2641



Using pass: pass_libfirm_do_loop_peeling
	 :: Pass failed on irg '_main' -- No improvement
	# of nodes: 			196
	# of irgs: 				4
	# of cf manipulations: 	10
	# of memory operations: 50
	# of types: 			2641



Using pass: pass_libfirm_opt_frame -- No improvement
	# of nodes: 			196
	# of irgs: 				4
	# of cf manipulations: 	10
	# of memory operations: 50
	# of types: 			2641



Using pass: pass_libfirm_normalize_n_returns -- No improvement
	# of nodes: 			196
	# of irgs: 				4
	# of cf manipulations: 	10
	# of memory operations: 50
	# of types: 			2641



Using pass: pass_libfirm_opt_jumpthreading -- No improvement
	# of nodes: 			196
	# of irgs: 				4
	# of cf manipulations: 	10
	# of memory operations: 50
	# of types: 			2641



Using pass: pass_libfirm_opt_bool -- No improvement
	# of nodes: 			196
	# of irgs: 				4
	# of cf manipulations: 	10
	# of memory operations: 50
	# of types: 			2641



Using pass: pass_replace_cond_selectors -- No improvement
	# of nodes: 			196
	# of irgs: 				4
	# of cf manipulations: 	10
	# of memory operations: 50
	# of types: 			2641



Using pass: pass_libfirm_opt_blocks -- No improvement
	# of nodes: 			196
	# of irgs: 				4
	# of cf manipulations: 	10
	# of memory operations: 50
	# of types: 			2641



Using pass: pass_libfirm_remove_critical_cf_edges -- No improvement
	# of nodes: 			196
	# of irgs: 				4
	# of cf manipulations: 	10
	# of memory operations: 50
	# of types: 			2641



Using pass: pass_libfirm_opt_parallelize_mem -- No improvement
	# of nodes: 			196
	# of irgs: 				4
	# of cf manipulations: 	10
	# of memory operations: 50
	# of types: 			2641



Using pass: pass_libfirm_opt_if_conv -- No improvement
	# of nodes: 			196
	# of irgs: 				4
	# of cf manipulations: 	10
	# of memory operations: 50
	# of types: 			2641



Using pass: pass_libfirm_optimize_load_store -- No improvement
	# of nodes: 			196
	# of irgs: 				4
	# of cf manipulations: 	10
	# of memory operations: 50
	# of types: 			2641



Using pass: pass_libfirm_opt_blocks -- No improvement
	# of nodes: 			196
	# of irgs: 				4
	# of cf manipulations: 	10
	# of memory operations: 50
	# of types: 			2641



Using pass: pass_gc_irgs_primitive -- Successful
	# of nodes: 			136
	# of irgs: 				3
	# of cf manipulations: 	8
	# of memory operations: 34
	# of types: 			2641



Using pass: pass_replace_arithmetic -- No improvement
	# of nodes: 			136
	# of irgs: 				3
	# of cf manipulations: 	8
	# of memory operations: 34
	# of types: 			2641



Using pass: pass_check_validity -- No improvement
	# of nodes: 			136
	# of irgs: 				3
	# of cf manipulations: 	8
	# of memory operations: 34
	# of types: 			2641



Using pass: pass_libfirm_construct_confirms -- No improvement
	# of nodes: 			136
	# of irgs: 				3
	# of cf manipulations: 	8
	# of memory operations: 34
	# of types: 			2641



Using pass: pass_libfirm_conv_opt -- No improvement
	# of nodes: 			136
	# of irgs: 				3
	# of cf manipulations: 	8
	# of memory operations: 34
	# of types: 			2641



Using pass: pass_libfirm_opt_tail_rec -- No improvement
	# of nodes: 			136
	# of irgs: 				3
	# of cf manipulations: 	8
	# of memory operations: 34
	# of types: 			2641



Using pass: pass_replace_proj_primitive -- No improvement
	# of nodes: 			136
	# of irgs: 				3
	# of cf manipulations: 	8
	# of memory operations: 34
	# of types: 			2641



Using pass: pass_libfirm_occult_consts -- No improvement
	# of nodes: 			136
	# of irgs: 				3
	# of cf manipulations: 	8
	# of memory operations: 34
	# of types: 			2641



Using pass: pass_replace_cond_selectors -- No improvement
	# of nodes: 			136
	# of irgs: 				3
	# of cf manipulations: 	8
	# of memory operations: 34
	# of types: 			2641



Using pass: pass_remove_allocs -- No improvement
	# of nodes: 			136
	# of irgs: 				3
	# of cf manipulations: 	8
	# of memory operations: 34
	# of types: 			2641



Using pass: pass_remove_allocs -- No improvement
	# of nodes: 			136
	# of irgs: 				3
	# of cf manipulations: 	8
	# of memory operations: 34
	# of types: 			2641



Using pass: pass_libfirm_opt_parallelize_mem -- No improvement
	# of nodes: 			136
	# of irgs: 				3
	# of cf manipulations: 	8
	# of memory operations: 34
	# of types: 			2641



Using pass: pass_replace_mux_selectors -- No improvement
	# of nodes: 			136
	# of irgs: 				3
	# of cf manipulations: 	8
	# of memory operations: 34
	# of types: 			2641



Using pass: pass_gc_entitites -- No improvement
	# of nodes: 			136
	# of irgs: 				3
	# of cf manipulations: 	8
	# of memory operations: 34
	# of types: 			2641



Using pass: pass_gc_irgs_primitive -- Successful
	# of nodes: 			7
	# of irgs: 				1
	# of cf manipulations: 	2
	# of memory operations: 0
	# of types: 			2641



Using pass: pass_libfirm_dead_code_elimination -- No improvement
	# of nodes: 			7
	# of irgs: 				1
	# of cf manipulations: 	2
	# of memory operations: 0
	# of types: 			2641



Using pass: pass_replace_arithmetic -- No improvement
	# of nodes: 			7
	# of irgs: 				1
	# of cf manipulations: 	2
	# of memory operations: 0
	# of types: 			2641



Using pass: pass_libfirm_optimize_reassociation -- No improvement
	# of nodes: 			7
	# of irgs: 				1
	# of cf manipulations: 	2
	# of memory operations: 0
	# of types: 			2641



Using pass: pass_libfirm_opt_if_conv -- No improvement
	# of nodes: 			7
	# of irgs: 				1
	# of cf manipulations: 	2
	# of memory operations: 0
	# of types: 			2641



Using pass: pass_libfirm_optimize_cf -- No improvement
	# of nodes: 			7
	# of irgs: 				1
	# of cf manipulations: 	2
	# of memory operations: 0
	# of types: 			2641



Using pass: pass_replace_loads -- No improvement
	# of nodes: 			7
	# of irgs: 				1
	# of cf manipulations: 	2
	# of memory operations: 0
	# of types: 			2641



Using pass: pass_replace_members -- No improvement
	# of nodes: 			7
	# of irgs: 				1
	# of cf manipulations: 	2
	# of memory operations: 0
	# of types: 			2641



Using pass: pass_remove_void_calls -- No improvement
	# of nodes: 			7
	# of irgs: 				1
	# of cf manipulations: 	2
	# of memory operations: 0
	# of types: 			2641



Using pass: pass_libfirm_remove_tuples -- No improvement
	# of nodes: 			7
	# of irgs: 				1
	# of cf manipulations: 	2
	# of memory operations: 0
	# of types: 			2641



Using pass: pass_replace_proj_primitive -- No improvement
	# of nodes: 			7
	# of irgs: 				1
	# of cf manipulations: 	2
	# of memory operations: 0
	# of types: 			2641



Using pass: pass_libfirm_opt_parallelize_mem -- No improvement
	# of nodes: 			7
	# of irgs: 				1
	# of cf manipulations: 	2
	# of memory operations: 0
	# of types: 			2641



Using pass: pass_libfirm_opt_bool -- No improvement
	# of nodes: 			7
	# of irgs: 				1
	# of cf manipulations: 	2
	# of memory operations: 0
	# of types: 			2641



Using pass: pass_libfirm_combo -- No improvement
	# of nodes: 			7
	# of irgs: 				1
	# of cf manipulations: 	2
	# of memory operations: 0
	# of types: 			2641



Using pass: pass_libfirm_remove_bads -- No improvement
	# of nodes: 			7
	# of irgs: 				1
	# of cf manipulations: 	2
	# of memory operations: 0
	# of types: 			2641



Using pass: pass_libfirm_occult_consts -- No improvement
	# of nodes: 			7
	# of irgs: 				1
	# of cf manipulations: 	2
	# of memory operations: 0
	# of types: 			2641



Using pass: pass_check_validity -- No improvement
	# of nodes: 			7
	# of irgs: 				1
	# of cf manipulations: 	2
	# of memory operations: 0
	# of types: 			2641



Using pass: pass_libfirm_optimize_load_store -- No improvement
	# of nodes: 			7
	# of irgs: 				1
	# of cf manipulations: 	2
	# of memory operations: 0
	# of types: 			2641



Using pass: pass_libfirm_combo -- No improvement
	# of nodes: 			7
	# of irgs: 				1
	# of cf manipulations: 	2
	# of memory operations: 0
	# of types: 			2641



Using pass: pass_libfirm_opt_parallelize_mem -- No improvement
	# of nodes: 			7
	# of irgs: 				1
	# of cf manipulations: 	2
	# of memory operations: 0
	# of types: 			2641



Using pass: pass_libfirm_do_loop_unrolling -- No improvement
	# of nodes: 			7
	# of irgs: 				1
	# of cf manipulations: 	2
	# of memory operations: 0
	# of types: 			2641



Using pass: pass_libfirm_dead_code_elimination -- No improvement
	# of nodes: 			7
	# of irgs: 				1
	# of cf manipulations: 	2
	# of memory operations: 0
	# of types: 			2641



Using pass: pass_libfirm_do_loop_inversion -- No improvement
	# of nodes: 			7
	# of irgs: 				1
	# of cf manipulations: 	2
	# of memory operations: 0
	# of types: 			2641



Using pass: pass_libfirm_combo -- No improvement
	# of nodes: 			7
	# of irgs: 				1
	# of cf manipulations: 	2
	# of memory operations: 0
	# of types: 			2641



Using pass: pass_remove_stores -- No improvement
	# of nodes: 			7
	# of irgs: 				1
	# of cf manipulations: 	2
	# of memory operations: 0
	# of types: 			2641



Using pass: pass_libfirm_opt_jumpthreading -- No improvement
	# of nodes: 			7
	# of irgs: 				1
	# of cf manipulations: 	2
	# of memory operations: 0
	# of types: 			2641



Using pass: pass_libfirm_normalize_one_return -- No improvement
	# of nodes: 			7
	# of irgs: 				1
	# of cf manipulations: 	2
	# of memory operations: 0
	# of types: 			2641



Using pass: pass_remove_stores -- No improvement
	# of nodes: 			7
	# of irgs: 				1
	# of cf manipulations: 	2
	# of memory operations: 0
	# of types: 			2641



Using pass: pass_libfirm_remove_unreachable -- No improvement
	# of nodes: 			7
	# of irgs: 				1
	# of cf manipulations: 	2
	# of memory operations: 0
	# of types: 			2641



Using pass: pass_libfirm_occult_consts -- No improvement
	# of nodes: 			7
	# of irgs: 				1
	# of cf manipulations: 	2
	# of memory operations: 0
	# of types: 			2641



Using pass: pass_replace_cond_selectors -- No improvement
	# of nodes: 			7
	# of irgs: 				1
	# of cf manipulations: 	2
	# of memory operations: 0
	# of types: 			2641



Using pass: pass_gc_entitites -- No improvement
	# of nodes: 			7
	# of irgs: 				1
	# of cf manipulations: 	2
	# of memory operations: 0
	# of types: 			2641



Using pass: pass_libfirm_opt_bool -- No improvement
	# of nodes: 			7
	# of irgs: 				1
	# of cf manipulations: 	2
	# of memory operations: 0
	# of types: 			2641



Using pass: pass_libfirm_do_loop_unrolling -- No improvement
	# of nodes: 			7
	# of irgs: 				1
	# of cf manipulations: 	2
	# of memory operations: 0
	# of types: 			2641



Using pass: pass_replace_loads -- No improvement
	# of nodes: 			7
	# of irgs: 				1
	# of cf manipulations: 	2
	# of memory operations: 0
	# of types: 			2641



Using pass: pass_libfirm_do_loop_peeling -- No improvement
	# of nodes: 			7
	# of irgs: 				1
	# of cf manipulations: 	2
	# of memory operations: 0
	# of types: 			2641



Using pass: pass_libfirm_construct_confirms -- No improvement
	# of nodes: 			7
	# of irgs: 				1
	# of cf manipulations: 	2
	# of memory operations: 0
	# of types: 			2641



Using pass: pass_libfirm_scalar_replacement_opt -- No improvement
	# of nodes: 			7
	# of irgs: 				1
	# of cf manipulations: 	2
	# of memory operations: 0
	# of types: 			2641



Using pass: pass_libfirm_do_loop_inversion -- No improvement
	# of nodes: 			7
	# of irgs: 				1
	# of cf manipulations: 	2
	# of memory operations: 0
	# of types: 			2641



Using pass: pass_libfirm_do_loop_inversion -- No improvement
	# of nodes: 			7
	# of irgs: 				1
	# of cf manipulations: 	2
	# of memory operations: 0
	# of types: 			2641



Using pass: pass_replace_switch_selectors -- No improvement
	# of nodes: 			7
	# of irgs: 				1
	# of cf manipulations: 	2
	# of memory operations: 0
	# of types: 			2641



Using pass: pass_libfirm_gvn_pre -- No improvement
	# of nodes: 			7
	# of irgs: 				1
	# of cf manipulations: 	2
	# of memory operations: 0
	# of types: 			2641



Using pass: pass_remove_void_calls -- No improvement
	# of nodes: 			7
	# of irgs: 				1
	# of cf manipulations: 	2
	# of memory operations: 0
	# of types: 			2641



Using pass: pass_gc_irgs -- No improvement
	# of nodes: 			7
	# of irgs: 				1
	# of cf manipulations: 	2
	# of memory operations: 0
	# of types: 			2641



Using pass: pass_replace_cond_selectors -- No improvement
	# of nodes: 			7
	# of irgs: 				1
	# of cf manipulations: 	2
	# of memory operations: 0
	# of types: 			2641



Using pass: pass_libfirm_do_loop_inversion -- No improvement
	# of nodes: 			7
	# of irgs: 				1
	# of cf manipulations: 	2
	# of memory operations: 0
	# of types: 			2641



Using pass: pass_remove_void_calls -- No improvement
	# of nodes: 			7
	# of irgs: 				1
	# of cf manipulations: 	2
	# of memory operations: 0
	# of types: 			2641



Using pass: pass_libfirm_conv_opt -- No improvement
	# of nodes: 			7
	# of irgs: 				1
	# of cf manipulations: 	2
	# of memory operations: 0
	# of types: 			2641



Using pass: pass_remove_stores -- No improvement
	# of nodes: 			7
	# of irgs: 				1
	# of cf manipulations: 	2
	# of memory operations: 0
	# of types: 			2641



Using pass: pass_libfirm_combo -- No improvement
	# of nodes: 			7
	# of irgs: 				1
	# of cf manipulations: 	2
	# of memory operations: 0
	# of types: 			2641



Using pass: pass_libfirm_gvn_pre -- No improvement
	# of nodes: 			7
	# of irgs: 				1
	# of cf manipulations: 	2
	# of memory operations: 0
	# of types: 			2641



Using pass: pass_libfirm_do_loop_peeling -- No improvement
	# of nodes: 			7
	# of irgs: 				1
	# of cf manipulations: 	2
	# of memory operations: 0
	# of types: 			2641



Using pass: pass_remove_allocs -- No improvement
	# of nodes: 			7
	# of irgs: 				1
	# of cf manipulations: 	2
	# of memory operations: 0
	# of types: 			2641



Using pass: pass_gc_irgs -- No improvement
	# of nodes: 			7
	# of irgs: 				1
	# of cf manipulations: 	2
	# of memory operations: 0
	# of types: 			2641



Using pass: pass_remove_allocs -- No improvement
	# of nodes: 			7
	# of irgs: 				1
	# of cf manipulations: 	2
	# of memory operations: 0
	# of types: 			2641



Using pass: pass_remove_stores -- No improvement
	# of nodes: 			7
	# of irgs: 				1
	# of cf manipulations: 	2
	# of memory operations: 0
	# of types: 			2641



Using pass: pass_replace_proj_primitive -- No improvement
	# of nodes: 			7
	# of irgs: 				1
	# of cf manipulations: 	2
	# of memory operations: 0
	# of types: 			2641



Using pass: pass_libfirm_opt_ldst
	 :: Pass failed on irg 'main' -- No improvement
	# of nodes: 			7
	# of irgs: 				1
	# of cf manipulations: 	2
	# of memory operations: 0
	# of types: 			2641



Using pass: pass_libfirm_construct_confirms -- No improvement
	# of nodes: 			7
	# of irgs: 				1
	# of cf manipulations: 	2
	# of memory operations: 0
	# of types: 			2641




 :: 2nd reduction cycle


______________________________

No further reduction possible.

Result:
	# of nodes: 			7
	# of irgs: 				1
	# of cf manipulations: 	2
	# of memory operations: 0
	# of types: 			2641

2018-08-24 07:03:01