2018-08-24 11:03:02 -- Firmreduce -- Results

Initial Test-case size:
	# of nodes: 			937
	# of irgs: 				6
	# of cf manipulations: 	58
	# of memory operations: 148
	# of types: 			226


Using pass: pass_gc_irgs_primitive
	 :: interestingness test failed on irg 'r_func_4'
	 :: interestingness test failed on irg 'r_func_1' -- No improvement
	# of nodes: 			937
	# of irgs: 				6
	# of cf manipulations: 	58
	# of memory operations: 148
	# of types: 			226



Using pass: pass_gc_irgs_primitive
	 :: interestingness test failed on irg 'r_func_3'
	 :: interestingness test failed on irg 'r_func_2' -- No improvement
	# of nodes: 			937
	# of irgs: 				6
	# of cf manipulations: 	58
	# of memory operations: 148
	# of types: 			226



Using pass: pass_libfirm_do_loop_unrolling -- No improvement
	# of nodes: 			937
	# of irgs: 				6
	# of cf manipulations: 	58
	# of memory operations: 148
	# of types: 			226



Using pass: pass_libfirm_optimize_cf -- Successful
	# of nodes: 			884
	# of irgs: 				6
	# of cf manipulations: 	44
	# of memory operations: 148
	# of types: 			226



Using pass: pass_replace_proj_primitive
	 :: Pass failed on irg 'r_func_1' -- Successful
	# of nodes: 			311
	# of irgs: 				6
	# of cf manipulations: 	22
	# of memory operations: 63
	# of types: 			226



Using pass: pass_libfirm_dead_code_elimination -- No improvement
	# of nodes: 			311
	# of irgs: 				6
	# of cf manipulations: 	22
	# of memory operations: 63
	# of types: 			226



Using pass: pass_check_validity -- No improvement
	# of nodes: 			311
	# of irgs: 				6
	# of cf manipulations: 	22
	# of memory operations: 63
	# of types: 			226



Using pass: pass_libfirm_opt_frame -- No improvement
	# of nodes: 			311
	# of irgs: 				6
	# of cf manipulations: 	22
	# of memory operations: 63
	# of types: 			226



Using pass: pass_libfirm_remove_tuples -- No improvement
	# of nodes: 			311
	# of irgs: 				6
	# of cf manipulations: 	22
	# of memory operations: 63
	# of types: 			226



Using pass: pass_remove_stores -- Successful
	# of nodes: 			221
	# of irgs: 				6
	# of cf manipulations: 	21
	# of memory operations: 47
	# of types: 			226



Using pass: pass_libfirm_remove_bads -- No improvement
	# of nodes: 			221
	# of irgs: 				6
	# of cf manipulations: 	21
	# of memory operations: 47
	# of types: 			226



Using pass: pass_replace_switch_selectors -- No improvement
	# of nodes: 			221
	# of irgs: 				6
	# of cf manipulations: 	21
	# of memory operations: 47
	# of types: 			226



Using pass: pass_replace_cond_selectors -- Successful
	# of nodes: 			190
	# of irgs: 				6
	# of cf manipulations: 	15
	# of memory operations: 47
	# of types: 			226



Using pass: pass_libfirm_place_code -- No improvement
	# of nodes: 			190
	# of irgs: 				6
	# of cf manipulations: 	15
	# of memory operations: 47
	# of types: 			226



Using pass: pass_libfirm_gvn_pre -- No improvement
	# of nodes: 			190
	# of irgs: 				6
	# of cf manipulations: 	15
	# of memory operations: 47
	# of types: 			226



Using pass: pass_libfirm_remove_bads -- No improvement
	# of nodes: 			190
	# of irgs: 				6
	# of cf manipulations: 	15
	# of memory operations: 47
	# of types: 			226



Using pass: pass_libfirm_optimize_graph_df -- No improvement
	# of nodes: 			190
	# of irgs: 				6
	# of cf manipulations: 	15
	# of memory operations: 47
	# of types: 			226



Using pass: pass_remove_allocs -- Successful
	# of nodes: 			122
	# of irgs: 				6
	# of cf manipulations: 	15
	# of memory operations: 19
	# of types: 			226



Using pass: pass_replace_arithmetic -- No improvement
	# of nodes: 			122
	# of irgs: 				6
	# of cf manipulations: 	15
	# of memory operations: 19
	# of types: 			226



Using pass: pass_gc_irgs_primitive
	 :: interestingness test failed on irg 'r_func_2'
	 :: interestingness test failed on irg 'r_func_3'
	 :: interestingness test failed on irg 'r_func_3' -- Successful
	# of nodes: 			110
	# of irgs: 				5
	# of cf manipulations: 	12
	# of memory operations: 18
	# of types: 			226



Using pass: pass_replace_loads
	 :: Pass failed on irg 'r_func_1'
	 :: Pass failed on irg 'r_func_1'
	 :: Pass failed on irg 'r_func_1' -- No improvement
	# of nodes: 			110
	# of irgs: 				5
	# of cf manipulations: 	12
	# of memory operations: 18
	# of types: 			226



Using pass: pass_simplify_consts -- Successful
	# of nodes: 			107
	# of irgs: 				5
	# of cf manipulations: 	12
	# of memory operations: 18
	# of types: 			226



Using pass: pass_gc_entitites -- No improvement
	# of nodes: 			107
	# of irgs: 				5
	# of cf manipulations: 	12
	# of memory operations: 18
	# of types: 			226



Using pass: pass_libfirm_remove_unreachable -- No improvement
	# of nodes: 			107
	# of irgs: 				5
	# of cf manipulations: 	12
	# of memory operations: 18
	# of types: 			226



Using pass: pass_libfirm_place_code -- No improvement
	# of nodes: 			107
	# of irgs: 				5
	# of cf manipulations: 	12
	# of memory operations: 18
	# of types: 			226



Using pass: pass_remove_void_calls -- Successful
	# of nodes: 			79
	# of irgs: 				5
	# of cf manipulations: 	12
	# of memory operations: 11
	# of types: 			226



Using pass: pass_libfirm_opt_blocks -- No improvement
	# of nodes: 			79
	# of irgs: 				5
	# of cf manipulations: 	12
	# of memory operations: 11
	# of types: 			226



Using pass: pass_libfirm_optimize_reassociation -- No improvement
	# of nodes: 			79
	# of irgs: 				5
	# of cf manipulations: 	12
	# of memory operations: 11
	# of types: 			226



Using pass: pass_libfirm_do_loop_peeling
	 :: Pass failed on irg 'r_func_4'
	 :: Pass failed on irg 'r_func_1' -- No improvement
	# of nodes: 			79
	# of irgs: 				5
	# of cf manipulations: 	12
	# of memory operations: 11
	# of types: 			226



Using pass: pass_replace_return_values -- No improvement
	# of nodes: 			79
	# of irgs: 				5
	# of cf manipulations: 	12
	# of memory operations: 11
	# of types: 			226



Using pass: pass_libfirm_opt_ldst
	 :: Pass failed on irg 'r_func_4'
	 :: Pass failed on irg 'r_func_3'
	 :: Pass failed on irg 'r_func_4'
	 :: Pass failed on irg 'r_func_3'
	 :: Pass failed on irg 'main' -- No improvement
	# of nodes: 			79
	# of irgs: 				5
	# of cf manipulations: 	12
	# of memory operations: 11
	# of types: 			226



Using pass: pass_replace_switch_selectors -- No improvement
	# of nodes: 			79
	# of irgs: 				5
	# of cf manipulations: 	12
	# of memory operations: 11
	# of types: 			226



Using pass: pass_replace_members -- No improvement
	# of nodes: 			79
	# of irgs: 				5
	# of cf manipulations: 	12
	# of memory operations: 11
	# of types: 			226



Using pass: pass_libfirm_remove_bads -- No improvement
	# of nodes: 			79
	# of irgs: 				5
	# of cf manipulations: 	12
	# of memory operations: 11
	# of types: 			226



Using pass: pass_libfirm_combo -- No improvement
	# of nodes: 			79
	# of irgs: 				5
	# of cf manipulations: 	12
	# of memory operations: 11
	# of types: 			226



Using pass: pass_gc_entitites -- No improvement
	# of nodes: 			79
	# of irgs: 				5
	# of cf manipulations: 	12
	# of memory operations: 11
	# of types: 			226



Using pass: pass_libfirm_optimize_load_store -- Successful
	# of nodes: 			49
	# of irgs: 				5
	# of cf manipulations: 	12
	# of memory operations: 4
	# of types: 			226



Using pass: pass_gc_irgs -- Successful
	# of nodes: 			7
	# of irgs: 				1
	# of cf manipulations: 	2
	# of memory operations: 0
	# of types: 			226



Using pass: pass_replace_loads -- No improvement
	# of nodes: 			7
	# of irgs: 				1
	# of cf manipulations: 	2
	# of memory operations: 0
	# of types: 			226



Using pass: pass_libfirm_remove_tuples -- No improvement
	# of nodes: 			7
	# of irgs: 				1
	# of cf manipulations: 	2
	# of memory operations: 0
	# of types: 			226



Using pass: pass_libfirm_optimize_reassociation -- No improvement
	# of nodes: 			7
	# of irgs: 				1
	# of cf manipulations: 	2
	# of memory operations: 0
	# of types: 			226



Using pass: pass_libfirm_normalize_one_return -- No improvement
	# of nodes: 			7
	# of irgs: 				1
	# of cf manipulations: 	2
	# of memory operations: 0
	# of types: 			226



Using pass: pass_libfirm_place_code -- No improvement
	# of nodes: 			7
	# of irgs: 				1
	# of cf manipulations: 	2
	# of memory operations: 0
	# of types: 			226



Using pass: pass_libfirm_conv_opt -- No improvement
	# of nodes: 			7
	# of irgs: 				1
	# of cf manipulations: 	2
	# of memory operations: 0
	# of types: 			226



Using pass: pass_libfirm_place_code -- No improvement
	# of nodes: 			7
	# of irgs: 				1
	# of cf manipulations: 	2
	# of memory operations: 0
	# of types: 			226



Using pass: pass_replace_arithmetic -- No improvement
	# of nodes: 			7
	# of irgs: 				1
	# of cf manipulations: 	2
	# of memory operations: 0
	# of types: 			226



Using pass: pass_libfirm_conv_opt -- No improvement
	# of nodes: 			7
	# of irgs: 				1
	# of cf manipulations: 	2
	# of memory operations: 0
	# of types: 			226



Using pass: pass_libfirm_optimize_cf -- No improvement
	# of nodes: 			7
	# of irgs: 				1
	# of cf manipulations: 	2
	# of memory operations: 0
	# of types: 			226



Using pass: pass_libfirm_remove_unreachable -- No improvement
	# of nodes: 			7
	# of irgs: 				1
	# of cf manipulations: 	2
	# of memory operations: 0
	# of types: 			226



Using pass: pass_remove_void_calls -- No improvement
	# of nodes: 			7
	# of irgs: 				1
	# of cf manipulations: 	2
	# of memory operations: 0
	# of types: 			226



Using pass: pass_libfirm_opt_frame -- No improvement
	# of nodes: 			7
	# of irgs: 				1
	# of cf manipulations: 	2
	# of memory operations: 0
	# of types: 			226



Using pass: pass_libfirm_do_loop_inversion -- No improvement
	# of nodes: 			7
	# of irgs: 				1
	# of cf manipulations: 	2
	# of memory operations: 0
	# of types: 			226



Using pass: pass_libfirm_dead_code_elimination -- No improvement
	# of nodes: 			7
	# of irgs: 				1
	# of cf manipulations: 	2
	# of memory operations: 0
	# of types: 			226



Using pass: pass_libfirm_scalar_replacement_opt -- No improvement
	# of nodes: 			7
	# of irgs: 				1
	# of cf manipulations: 	2
	# of memory operations: 0
	# of types: 			226



Using pass: pass_replace_mux_selectors -- No improvement
	# of nodes: 			7
	# of irgs: 				1
	# of cf manipulations: 	2
	# of memory operations: 0
	# of types: 			226



Using pass: pass_replace_return_values -- No improvement
	# of nodes: 			7
	# of irgs: 				1
	# of cf manipulations: 	2
	# of memory operations: 0
	# of types: 			226



Using pass: pass_libfirm_do_loop_inversion -- No improvement
	# of nodes: 			7
	# of irgs: 				1
	# of cf manipulations: 	2
	# of memory operations: 0
	# of types: 			226



Using pass: pass_libfirm_opt_parallelize_mem -- No improvement
	# of nodes: 			7
	# of irgs: 				1
	# of cf manipulations: 	2
	# of memory operations: 0
	# of types: 			226



Using pass: pass_libfirm_opt_parallelize_mem -- No improvement
	# of nodes: 			7
	# of irgs: 				1
	# of cf manipulations: 	2
	# of memory operations: 0
	# of types: 			226



Using pass: pass_libfirm_place_code -- No improvement
	# of nodes: 			7
	# of irgs: 				1
	# of cf manipulations: 	2
	# of memory operations: 0
	# of types: 			226



Using pass: pass_replace_proj_primitive -- No improvement
	# of nodes: 			7
	# of irgs: 				1
	# of cf manipulations: 	2
	# of memory operations: 0
	# of types: 			226



Using pass: pass_libfirm_remove_tuples -- No improvement
	# of nodes: 			7
	# of irgs: 				1
	# of cf manipulations: 	2
	# of memory operations: 0
	# of types: 			226



Using pass: pass_libfirm_place_code -- No improvement
	# of nodes: 			7
	# of irgs: 				1
	# of cf manipulations: 	2
	# of memory operations: 0
	# of types: 			226



Using pass: pass_libfirm_remove_bads -- No improvement
	# of nodes: 			7
	# of irgs: 				1
	# of cf manipulations: 	2
	# of memory operations: 0
	# of types: 			226



Using pass: pass_libfirm_remove_critical_cf_edges -- No improvement
	# of nodes: 			7
	# of irgs: 				1
	# of cf manipulations: 	2
	# of memory operations: 0
	# of types: 			226



Using pass: pass_libfirm_opt_tail_rec -- No improvement
	# of nodes: 			7
	# of irgs: 				1
	# of cf manipulations: 	2
	# of memory operations: 0
	# of types: 			226



Using pass: pass_libfirm_opt_jumpthreading -- No improvement
	# of nodes: 			7
	# of irgs: 				1
	# of cf manipulations: 	2
	# of memory operations: 0
	# of types: 			226



Using pass: pass_libfirm_optimize_load_store -- No improvement
	# of nodes: 			7
	# of irgs: 				1
	# of cf manipulations: 	2
	# of memory operations: 0
	# of types: 			226



Using pass: pass_remove_allocs -- No improvement
	# of nodes: 			7
	# of irgs: 				1
	# of cf manipulations: 	2
	# of memory operations: 0
	# of types: 			226



Using pass: pass_libfirm_opt_tail_rec -- No improvement
	# of nodes: 			7
	# of irgs: 				1
	# of cf manipulations: 	2
	# of memory operations: 0
	# of types: 			226



Using pass: pass_libfirm_opt_jumpthreading -- No improvement
	# of nodes: 			7
	# of irgs: 				1
	# of cf manipulations: 	2
	# of memory operations: 0
	# of types: 			226



Using pass: pass_libfirm_do_loop_unrolling -- No improvement
	# of nodes: 			7
	# of irgs: 				1
	# of cf manipulations: 	2
	# of memory operations: 0
	# of types: 			226



Using pass: pass_libfirm_opt_jumpthreading -- No improvement
	# of nodes: 			7
	# of irgs: 				1
	# of cf manipulations: 	2
	# of memory operations: 0
	# of types: 			226



Using pass: pass_replace_arithmetic -- No improvement
	# of nodes: 			7
	# of irgs: 				1
	# of cf manipulations: 	2
	# of memory operations: 0
	# of types: 			226



Using pass: pass_remove_void_calls -- No improvement
	# of nodes: 			7
	# of irgs: 				1
	# of cf manipulations: 	2
	# of memory operations: 0
	# of types: 			226



Using pass: pass_remove_void_calls -- No improvement
	# of nodes: 			7
	# of irgs: 				1
	# of cf manipulations: 	2
	# of memory operations: 0
	# of types: 			226



Using pass: pass_libfirm_opt_parallelize_mem -- No improvement
	# of nodes: 			7
	# of irgs: 				1
	# of cf manipulations: 	2
	# of memory operations: 0
	# of types: 			226



Using pass: pass_libfirm_construct_confirms -- No improvement
	# of nodes: 			7
	# of irgs: 				1
	# of cf manipulations: 	2
	# of memory operations: 0
	# of types: 			226



Using pass: pass_libfirm_opt_blocks -- No improvement
	# of nodes: 			7
	# of irgs: 				1
	# of cf manipulations: 	2
	# of memory operations: 0
	# of types: 			226



Using pass: pass_libfirm_normalize_one_return -- No improvement
	# of nodes: 			7
	# of irgs: 				1
	# of cf manipulations: 	2
	# of memory operations: 0
	# of types: 			226



Using pass: pass_libfirm_do_loop_unrolling -- No improvement
	# of nodes: 			7
	# of irgs: 				1
	# of cf manipulations: 	2
	# of memory operations: 0
	# of types: 			226



Using pass: pass_remove_void_calls -- No improvement
	# of nodes: 			7
	# of irgs: 				1
	# of cf manipulations: 	2
	# of memory operations: 0
	# of types: 			226



Using pass: pass_libfirm_optimize_load_store -- No improvement
	# of nodes: 			7
	# of irgs: 				1
	# of cf manipulations: 	2
	# of memory operations: 0
	# of types: 			226



Using pass: pass_replace_cond_selectors -- No improvement
	# of nodes: 			7
	# of irgs: 				1
	# of cf manipulations: 	2
	# of memory operations: 0
	# of types: 			226



Using pass: pass_gc_irgs -- No improvement
	# of nodes: 			7
	# of irgs: 				1
	# of cf manipulations: 	2
	# of memory operations: 0
	# of types: 			226



Using pass: pass_remove_stores -- No improvement
	# of nodes: 			7
	# of irgs: 				1
	# of cf manipulations: 	2
	# of memory operations: 0
	# of types: 			226



Using pass: pass_libfirm_gvn_pre -- No improvement
	# of nodes: 			7
	# of irgs: 				1
	# of cf manipulations: 	2
	# of memory operations: 0
	# of types: 			226



Using pass: pass_libfirm_gvn_pre -- No improvement
	# of nodes: 			7
	# of irgs: 				1
	# of cf manipulations: 	2
	# of memory operations: 0
	# of types: 			226



Using pass: pass_libfirm_remove_bads -- No improvement
	# of nodes: 			7
	# of irgs: 				1
	# of cf manipulations: 	2
	# of memory operations: 0
	# of types: 			226



Using pass: pass_gc_irgs_primitive -- No improvement
	# of nodes: 			7
	# of irgs: 				1
	# of cf manipulations: 	2
	# of memory operations: 0
	# of types: 			226



Using pass: pass_libfirm_opt_parallelize_mem -- No improvement
	# of nodes: 			7
	# of irgs: 				1
	# of cf manipulations: 	2
	# of memory operations: 0
	# of types: 			226



Using pass: pass_libfirm_optimize_reassociation -- No improvement
	# of nodes: 			7
	# of irgs: 				1
	# of cf manipulations: 	2
	# of memory operations: 0
	# of types: 			226




 :: 2nd reduction cycle

Using pass: pass_gc_irgs_primitive -- Trying irg 'r_func_4' -- No improvement
Using pass: pass_gc_irgs_primitive -- Trying irg 'r_func_1' -- No improvement
Using pass: pass_gc_irgs_primitive -- Trying irg 'r_func_3' -- No improvement
Using pass: pass_gc_irgs_primitive -- Trying irg 'r_func_2' -- No improvement
Using pass: pass_gc_irgs_primitive -- Trying irg 'r_func_2' -- No improvement
Using pass: pass_gc_irgs_primitive -- Trying irg 'r_func_3' -- No improvement
Using pass: pass_gc_irgs_primitive -- Trying irg 'r_func_3' -- No improvement

______________________________

No further reduction possible.

Result:
	# of nodes: 			7
	# of irgs: 				1
	# of cf manipulations: 	2
	# of memory operations: 0
	# of types: 			226

2018-08-24 11:03:19