2018-08-28 14:57:26 -- Firmreduce -- Results

Initial Test-case size:
	# of nodes: 			13206
	# of irgs: 				101
	# of cf manipulations: 	765
	# of memory operations: 2129
	# of types: 			2562


Using pass: pass_libfirm_optimize_graph_df
	 :: interestingness test failed on irg 'r_func_48'
	 :: interestingness test failed on irg 'r_func_48'
	 :: interestingness test failed on irg 'r_func_48'
	 :: interestingness test failed on irg 'r_func_48'
	 :: interestingness test failed on irg 'r_func_48'
	 :: interestingness test failed on irg 'r_func_48'
	 :: interestingness test failed on irg 'r_func_48'
	 :: interestingness test failed on irg 'r_func_48' -- Successful
	# of nodes: 			10752
	# of irgs: 				101
	# of cf manipulations: 	696
	# of memory operations: 1981
	# of types: 			2562



Using pass: pass_gc_irgs_primitive
	 :: interestingness test failed on irg 'r_func_48'
	 :: interestingness test failed on irg 'r_func_48'
	 :: interestingness test failed on irg 'r_func_48'
	 :: interestingness test failed on irg 'r_func_48'
	 :: interestingness test failed on irg 'r_func_48' -- Successful
	# of nodes: 			251
	# of irgs: 				3
	# of cf manipulations: 	17
	# of memory operations: 43
	# of types: 			2562



Using pass: pass_gc_entitites -- No improvement
	# of nodes: 			251
	# of irgs: 				3
	# of cf manipulations: 	17
	# of memory operations: 43
	# of types: 			2562



Using pass: pass_remove_allocs -- No improvement
	# of nodes: 			251
	# of irgs: 				3
	# of cf manipulations: 	17
	# of memory operations: 43
	# of types: 			2562



Using pass: pass_remove_void_calls -- No improvement
	# of nodes: 			251
	# of irgs: 				3
	# of cf manipulations: 	17
	# of memory operations: 43
	# of types: 			2562



Using pass: pass_simplify_consts
	 :: interestingness test failed on irg 'r_func_48' -- No improvement
	# of nodes: 			251
	# of irgs: 				3
	# of cf manipulations: 	17
	# of memory operations: 43
	# of types: 			2562



Using pass: pass_libfirm_remove_unreachable -- No improvement
	# of nodes: 			251
	# of irgs: 				3
	# of cf manipulations: 	17
	# of memory operations: 43
	# of types: 			2562



Using pass: pass_replace_mux_selectors -- No improvement
	# of nodes: 			251
	# of irgs: 				3
	# of cf manipulations: 	17
	# of memory operations: 43
	# of types: 			2562



Using pass: pass_replace_proj_primitive
	 :: interestingness test failed on irg 'r_func_48'
	 :: interestingness test failed on irg 'r_func_48' -- No improvement
	# of nodes: 			251
	# of irgs: 				3
	# of cf manipulations: 	17
	# of memory operations: 43
	# of types: 			2562



Using pass: pass_libfirm_combo
	 :: interestingness test failed on irg 'r_func_48'
	 :: interestingness test failed on irg 'r_func_48' -- No improvement
	# of nodes: 			251
	# of irgs: 				3
	# of cf manipulations: 	17
	# of memory operations: 43
	# of types: 			2562



Using pass: pass_libfirm_opt_ldst
	 :: Pass failed on irg 'r_func_48'
	 :: Pass failed on irg 'r_func_51'
	 :: Pass failed on irg 'r_func_48' -- No improvement
	# of nodes: 			251
	# of irgs: 				3
	# of cf manipulations: 	17
	# of memory operations: 43
	# of types: 			2562



Using pass: pass_libfirm_opt_funccalls -- No improvement
	# of nodes: 			251
	# of irgs: 				3
	# of cf manipulations: 	17
	# of memory operations: 43
	# of types: 			2562



Using pass: pass_libfirm_do_loop_inversion -- No improvement
	# of nodes: 			251
	# of irgs: 				3
	# of cf manipulations: 	17
	# of memory operations: 43
	# of types: 			2562



Using pass: pass_libfirm_dead_code_elimination -- No improvement
	# of nodes: 			251
	# of irgs: 				3
	# of cf manipulations: 	17
	# of memory operations: 43
	# of types: 			2562



Using pass: pass_libfirm_place_code
	 :: interestingness test failed on irg 'r_func_48' -- Successful
	# of nodes: 			253
	# of irgs: 				3
	# of cf manipulations: 	18
	# of memory operations: 43
	# of types: 			2562



Using pass: pass_replace_loads
	 :: Pass failed on irg 'r_func_51'
	 :: Pass failed on irg 'r_func_48' -- No improvement
	# of nodes: 			253
	# of irgs: 				3
	# of cf manipulations: 	18
	# of memory operations: 43
	# of types: 			2562



Using pass: pass_libfirm_opt_frame -- No improvement
	# of nodes: 			253
	# of irgs: 				3
	# of cf manipulations: 	18
	# of memory operations: 43
	# of types: 			2562



Using pass: pass_gc_irgs
	 :: interestingness test failed on irg 'main'
	 :: Pass failed on irg 'r_func_48' -- No improvement
	# of nodes: 			253
	# of irgs: 				3
	# of cf manipulations: 	18
	# of memory operations: 43
	# of types: 			2562



Using pass: pass_libfirm_do_loop_unrolling
	 :: Pass failed on irg 'r_func_48' -- No improvement
	# of nodes: 			253
	# of irgs: 				3
	# of cf manipulations: 	18
	# of memory operations: 43
	# of types: 			2562



Using pass: pass_libfirm_do_loop_peeling -- No improvement
	# of nodes: 			253
	# of irgs: 				3
	# of cf manipulations: 	18
	# of memory operations: 43
	# of types: 			2562



Using pass: pass_libfirm_opt_jumpthreading
	 :: Pass failed on irg 'r_func_48'
	 :: Pass failed on irg 'r_func_48' -- No improvement
	# of nodes: 			253
	# of irgs: 				3
	# of cf manipulations: 	18
	# of memory operations: 43
	# of types: 			2562



Using pass: pass_replace_members -- No improvement
	# of nodes: 			253
	# of irgs: 				3
	# of cf manipulations: 	18
	# of memory operations: 43
	# of types: 			2562



Using pass: pass_check_validity -- No improvement
	# of nodes: 			253
	# of irgs: 				3
	# of cf manipulations: 	18
	# of memory operations: 43
	# of types: 			2562



Using pass: pass_libfirm_optimize_load_store
	 :: interestingness test failed on irg 'r_func_48' -- No improvement
	# of nodes: 			253
	# of irgs: 				3
	# of cf manipulations: 	18
	# of memory operations: 43
	# of types: 			2562



Using pass: pass_libfirm_remove_bads -- No improvement
	# of nodes: 			253
	# of irgs: 				3
	# of cf manipulations: 	18
	# of memory operations: 43
	# of types: 			2562



Using pass: pass_libfirm_conv_opt -- No improvement
	# of nodes: 			253
	# of irgs: 				3
	# of cf manipulations: 	18
	# of memory operations: 43
	# of types: 			2562



Using pass: pass_libfirm_optimize_reassociation -- No improvement
	# of nodes: 			253
	# of irgs: 				3
	# of cf manipulations: 	18
	# of memory operations: 43
	# of types: 			2562



Using pass: pass_libfirm_optimize_cf
	 :: interestingness test failed on irg 'r_func_48' -- Successful
	# of nodes: 			251
	# of irgs: 				3
	# of cf manipulations: 	16
	# of memory operations: 43
	# of types: 			2562



Using pass: pass_libfirm_normalize_one_return -- Successful
	# of nodes: 			255
	# of irgs: 				3
	# of cf manipulations: 	17
	# of memory operations: 43
	# of types: 			2562



Using pass: pass_libfirm_opt_bool -- No improvement
	# of nodes: 			255
	# of irgs: 				3
	# of cf manipulations: 	17
	# of memory operations: 43
	# of types: 			2562



Using pass: pass_libfirm_normalize_n_returns -- Successful
	# of nodes: 			251
	# of irgs: 				3
	# of cf manipulations: 	16
	# of memory operations: 43
	# of types: 			2562



Using pass: pass_libfirm_remove_tuples -- No improvement
	# of nodes: 			251
	# of irgs: 				3
	# of cf manipulations: 	16
	# of memory operations: 43
	# of types: 			2562



Using pass: pass_libfirm_scalar_replacement_opt -- No improvement
	# of nodes: 			251
	# of irgs: 				3
	# of cf manipulations: 	16
	# of memory operations: 43
	# of types: 			2562



Using pass: pass_libfirm_construct_confirms
	 :: interestingness test failed on irg 'r_func_48'
	 :: interestingness test failed on irg 'r_func_48' -- Successful
	# of nodes: 			259
	# of irgs: 				3
	# of cf manipulations: 	19
	# of memory operations: 43
	# of types: 			2562



Using pass: pass_libfirm_occult_consts -- No improvement
	# of nodes: 			259
	# of irgs: 				3
	# of cf manipulations: 	19
	# of memory operations: 43
	# of types: 			2562



Using pass: pass_replace_return_values
	 :: Pass failed on irg 'r_func_51' -- No improvement
	# of nodes: 			259
	# of irgs: 				3
	# of cf manipulations: 	19
	# of memory operations: 43
	# of types: 			2562



Using pass: pass_replace_switch_selectors -- No improvement
	# of nodes: 			259
	# of irgs: 				3
	# of cf manipulations: 	19
	# of memory operations: 43
	# of types: 			2562



Using pass: pass_libfirm_opt_blocks -- No improvement
	# of nodes: 			259
	# of irgs: 				3
	# of cf manipulations: 	19
	# of memory operations: 43
	# of types: 			2562



Using pass: pass_libfirm_opt_parallelize_mem -- Successful
	# of nodes: 			260
	# of irgs: 				3
	# of cf manipulations: 	19
	# of memory operations: 43
	# of types: 			2562



Using pass: pass_replace_arithmetic
	 :: interestingness test failed on irg 'r_func_48'
	 :: Pass failed on irg 'r_func_51' -- No improvement
	# of nodes: 			260
	# of irgs: 				3
	# of cf manipulations: 	19
	# of memory operations: 43
	# of types: 			2562



Using pass: pass_libfirm_opt_if_conv
	 :: interestingness test failed on irg 'r_func_48' -- No improvement
	# of nodes: 			260
	# of irgs: 				3
	# of cf manipulations: 	19
	# of memory operations: 43
	# of types: 			2562



Using pass: pass_replace_cond_selectors -- Successful
	# of nodes: 			173
	# of irgs: 				3
	# of cf manipulations: 	11
	# of memory operations: 30
	# of types: 			2562



Using pass: pass_libfirm_remove_critical_cf_edges
	 :: interestingness test failed on irg 'r_func_48' -- No improvement
	# of nodes: 			173
	# of irgs: 				3
	# of cf manipulations: 	11
	# of memory operations: 30
	# of types: 			2562



Using pass: pass_libfirm_opt_tail_rec -- No improvement
	# of nodes: 			173
	# of irgs: 				3
	# of cf manipulations: 	11
	# of memory operations: 30
	# of types: 			2562



Using pass: pass_libfirm_gvn_pre -- No improvement
	# of nodes: 			173
	# of irgs: 				3
	# of cf manipulations: 	11
	# of memory operations: 30
	# of types: 			2562



Using pass: pass_remove_stores -- Successful
	# of nodes: 			149
	# of irgs: 				3
	# of cf manipulations: 	11
	# of memory operations: 25
	# of types: 			2562



Using pass: pass_libfirm_remove_bads -- No improvement
	# of nodes: 			149
	# of irgs: 				3
	# of cf manipulations: 	11
	# of memory operations: 25
	# of types: 			2562



Using pass: pass_libfirm_place_code -- No improvement
	# of nodes: 			149
	# of irgs: 				3
	# of cf manipulations: 	11
	# of memory operations: 25
	# of types: 			2562



Using pass: pass_libfirm_opt_jumpthreading
	 :: Pass failed on irg 'r_func_48' -- No improvement
	# of nodes: 			149
	# of irgs: 				3
	# of cf manipulations: 	11
	# of memory operations: 25
	# of types: 			2562



Using pass: pass_libfirm_remove_tuples -- No improvement
	# of nodes: 			149
	# of irgs: 				3
	# of cf manipulations: 	11
	# of memory operations: 25
	# of types: 			2562



Using pass: pass_libfirm_combo
	 :: interestingness test failed on irg 'r_func_48' -- No improvement
	# of nodes: 			149
	# of irgs: 				3
	# of cf manipulations: 	11
	# of memory operations: 25
	# of types: 			2562



Using pass: pass_gc_entitites -- No improvement
	# of nodes: 			149
	# of irgs: 				3
	# of cf manipulations: 	11
	# of memory operations: 25
	# of types: 			2562



Using pass: pass_libfirm_optimize_load_store
	 :: interestingness test failed on irg 'r_func_48' -- No improvement
	# of nodes: 			149
	# of irgs: 				3
	# of cf manipulations: 	11
	# of memory operations: 25
	# of types: 			2562



Using pass: pass_libfirm_optimize_cf
	 :: interestingness test failed on irg 'r_func_48' -- No improvement
	# of nodes: 			149
	# of irgs: 				3
	# of cf manipulations: 	11
	# of memory operations: 25
	# of types: 			2562



Using pass: pass_replace_members -- No improvement
	# of nodes: 			149
	# of irgs: 				3
	# of cf manipulations: 	11
	# of memory operations: 25
	# of types: 			2562



Using pass: pass_libfirm_scalar_replacement_opt -- No improvement
	# of nodes: 			149
	# of irgs: 				3
	# of cf manipulations: 	11
	# of memory operations: 25
	# of types: 			2562



Using pass: pass_libfirm_remove_unreachable -- No improvement
	# of nodes: 			149
	# of irgs: 				3
	# of cf manipulations: 	11
	# of memory operations: 25
	# of types: 			2562



Using pass: pass_libfirm_do_loop_peeling
	 :: Pass failed on irg 'r_func_48'
	 :: Pass failed on irg 'r_func_48' -- No improvement
	# of nodes: 			149
	# of irgs: 				3
	# of cf manipulations: 	11
	# of memory operations: 25
	# of types: 			2562



Using pass: pass_remove_allocs -- No improvement
	# of nodes: 			149
	# of irgs: 				3
	# of cf manipulations: 	11
	# of memory operations: 25
	# of types: 			2562



Using pass: pass_libfirm_optimize_graph_df
	 :: interestingness test failed on irg 'r_func_48' -- No improvement
	# of nodes: 			149
	# of irgs: 				3
	# of cf manipulations: 	11
	# of memory operations: 25
	# of types: 			2562



Using pass: pass_libfirm_opt_tail_rec -- No improvement
	# of nodes: 			149
	# of irgs: 				3
	# of cf manipulations: 	11
	# of memory operations: 25
	# of types: 			2562



Using pass: pass_libfirm_opt_funccalls -- No improvement
	# of nodes: 			149
	# of irgs: 				3
	# of cf manipulations: 	11
	# of memory operations: 25
	# of types: 			2562



Using pass: pass_libfirm_conv_opt
	 :: interestingness test failed on irg 'r_func_48' -- No improvement
	# of nodes: 			149
	# of irgs: 				3
	# of cf manipulations: 	11
	# of memory operations: 25
	# of types: 			2562



Using pass: pass_libfirm_opt_parallelize_mem -- No improvement
	# of nodes: 			149
	# of irgs: 				3
	# of cf manipulations: 	11
	# of memory operations: 25
	# of types: 			2562



Using pass: pass_gc_irgs_primitive -- No improvement
	# of nodes: 			149
	# of irgs: 				3
	# of cf manipulations: 	11
	# of memory operations: 25
	# of types: 			2562



Using pass: pass_libfirm_occult_consts
	 :: interestingness test failed on irg 'r_func_48' -- No improvement
	# of nodes: 			149
	# of irgs: 				3
	# of cf manipulations: 	11
	# of memory operations: 25
	# of types: 			2562



Using pass: pass_replace_loads
	 :: Pass failed on irg 'r_func_51'
	 :: Pass failed on irg 'r_func_48' -- No improvement
	# of nodes: 			149
	# of irgs: 				3
	# of cf manipulations: 	11
	# of memory operations: 25
	# of types: 			2562



Using pass: pass_libfirm_dead_code_elimination -- No improvement
	# of nodes: 			149
	# of irgs: 				3
	# of cf manipulations: 	11
	# of memory operations: 25
	# of types: 			2562



Using pass: pass_replace_arithmetic
	 :: interestingness test failed on irg 'r_func_48' -- No improvement
	# of nodes: 			149
	# of irgs: 				3
	# of cf manipulations: 	11
	# of memory operations: 25
	# of types: 			2562



Using pass: pass_gc_irgs
	 :: interestingness test failed on irg 'main'
	 :: interestingness test failed on irg 'main' -- No improvement
	# of nodes: 			149
	# of irgs: 				3
	# of cf manipulations: 	11
	# of memory operations: 25
	# of types: 			2562



Using pass: pass_libfirm_opt_bool -- No improvement
	# of nodes: 			149
	# of irgs: 				3
	# of cf manipulations: 	11
	# of memory operations: 25
	# of types: 			2562



Using pass: pass_libfirm_gvn_pre
	 :: interestingness test failed on irg 'r_func_48' -- No improvement
	# of nodes: 			149
	# of irgs: 				3
	# of cf manipulations: 	11
	# of memory operations: 25
	# of types: 			2562



Using pass: pass_remove_void_calls -- No improvement
	# of nodes: 			149
	# of irgs: 				3
	# of cf manipulations: 	11
	# of memory operations: 25
	# of types: 			2562



Using pass: pass_simplify_consts
	 :: interestingness test failed on irg 'r_func_48' -- No improvement
	# of nodes: 			149
	# of irgs: 				3
	# of cf manipulations: 	11
	# of memory operations: 25
	# of types: 			2562



Using pass: pass_replace_switch_selectors -- No improvement
	# of nodes: 			149
	# of irgs: 				3
	# of cf manipulations: 	11
	# of memory operations: 25
	# of types: 			2562



Using pass: pass_replace_proj_primitive
	 :: interestingness test failed on irg 'r_func_48'
	 :: interestingness test failed on irg 'r_func_48' -- Successful
	# of nodes: 			143
	# of irgs: 				3
	# of cf manipulations: 	11
	# of memory operations: 24
	# of types: 			2562



Using pass: pass_libfirm_do_loop_unrolling
	 :: Pass failed on irg 'r_func_48'
	 :: Pass failed on irg 'r_func_48'
	 :: Pass failed on irg 'r_func_48' -- No improvement
	# of nodes: 			143
	# of irgs: 				3
	# of cf manipulations: 	11
	# of memory operations: 24
	# of types: 			2562



Using pass: pass_libfirm_remove_critical_cf_edges
	 :: interestingness test failed on irg 'r_func_48' -- No improvement
	# of nodes: 			143
	# of irgs: 				3
	# of cf manipulations: 	11
	# of memory operations: 24
	# of types: 			2562



Using pass: pass_libfirm_opt_ldst
	 :: Pass failed on irg 'main'
	 :: Pass failed on irg 'main'
	 :: Pass failed on irg 'r_func_48' -- No improvement
	# of nodes: 			143
	# of irgs: 				3
	# of cf manipulations: 	11
	# of memory operations: 24
	# of types: 			2562



Using pass: pass_libfirm_opt_if_conv
	 :: interestingness test failed on irg 'r_func_48' -- No improvement
	# of nodes: 			143
	# of irgs: 				3
	# of cf manipulations: 	11
	# of memory operations: 24
	# of types: 			2562



Using pass: pass_libfirm_construct_confirms
	 :: interestingness test failed on irg 'r_func_48' -- No improvement
	# of nodes: 			143
	# of irgs: 				3
	# of cf manipulations: 	11
	# of memory operations: 24
	# of types: 			2562



Using pass: pass_libfirm_normalize_one_return -- No improvement
	# of nodes: 			143
	# of irgs: 				3
	# of cf manipulations: 	11
	# of memory operations: 24
	# of types: 			2562



Using pass: pass_libfirm_normalize_n_returns -- No improvement
	# of nodes: 			143
	# of irgs: 				3
	# of cf manipulations: 	11
	# of memory operations: 24
	# of types: 			2562



Using pass: pass_libfirm_opt_blocks -- No improvement
	# of nodes: 			143
	# of irgs: 				3
	# of cf manipulations: 	11
	# of memory operations: 24
	# of types: 			2562



Using pass: pass_remove_stores
	 :: interestingness test failed on irg 'r_func_48'
	 :: interestingness test failed on irg 'r_func_48' -- No improvement
	# of nodes: 			143
	# of irgs: 				3
	# of cf manipulations: 	11
	# of memory operations: 24
	# of types: 			2562



Using pass: pass_check_validity -- No improvement
	# of nodes: 			143
	# of irgs: 				3
	# of cf manipulations: 	11
	# of memory operations: 24
	# of types: 			2562



Using pass: pass_libfirm_opt_frame -- No improvement
	# of nodes: 			143
	# of irgs: 				3
	# of cf manipulations: 	11
	# of memory operations: 24
	# of types: 			2562



Using pass: pass_libfirm_do_loop_inversion -- No improvement
	# of nodes: 			143
	# of irgs: 				3
	# of cf manipulations: 	11
	# of memory operations: 24
	# of types: 			2562



Using pass: pass_replace_cond_selectors
	 :: interestingness test failed on irg 'r_func_48' -- No improvement
	# of nodes: 			143
	# of irgs: 				3
	# of cf manipulations: 	11
	# of memory operations: 24
	# of types: 			2562



Using pass: pass_replace_mux_selectors -- No improvement
	# of nodes: 			143
	# of irgs: 				3
	# of cf manipulations: 	11
	# of memory operations: 24
	# of types: 			2562



Using pass: pass_libfirm_optimize_reassociation -- No improvement
	# of nodes: 			143
	# of irgs: 				3
	# of cf manipulations: 	11
	# of memory operations: 24
	# of types: 			2562



Using pass: pass_replace_return_values
	 :: interestingness test failed on irg 'r_func_48' -- No improvement
	# of nodes: 			143
	# of irgs: 				3
	# of cf manipulations: 	11
	# of memory operations: 24
	# of types: 			2562



Using pass: pass_libfirm_construct_confirms
	 :: interestingness test failed on irg 'r_func_48' -- No improvement
	# of nodes: 			143
	# of irgs: 				3
	# of cf manipulations: 	11
	# of memory operations: 24
	# of types: 			2562



Using pass: pass_libfirm_remove_unreachable -- No improvement
	# of nodes: 			143
	# of irgs: 				3
	# of cf manipulations: 	11
	# of memory operations: 24
	# of types: 			2562



Using pass: pass_libfirm_optimize_reassociation -- No improvement
	# of nodes: 			143
	# of irgs: 				3
	# of cf manipulations: 	11
	# of memory operations: 24
	# of types: 			2562



Using pass: pass_libfirm_remove_critical_cf_edges
	 :: interestingness test failed on irg 'r_func_48' -- No improvement
	# of nodes: 			143
	# of irgs: 				3
	# of cf manipulations: 	11
	# of memory operations: 24
	# of types: 			2562



Using pass: pass_libfirm_optimize_graph_df -- No improvement
	# of nodes: 			143
	# of irgs: 				3
	# of cf manipulations: 	11
	# of memory operations: 24
	# of types: 			2562



Using pass: pass_replace_loads
	 :: Pass failed on irg 'r_func_48'
	 :: Pass failed on irg 'r_func_51'
	 :: Pass failed on irg 'r_func_48' -- No improvement
	# of nodes: 			143
	# of irgs: 				3
	# of cf manipulations: 	11
	# of memory operations: 24
	# of types: 			2562



Using pass: pass_remove_allocs -- Successful
	# of nodes: 			120
	# of irgs: 				3
	# of cf manipulations: 	11
	# of memory operations: 14
	# of types: 			2562



Using pass: pass_libfirm_do_loop_unrolling
	 :: Pass failed on irg 'r_func_48'
	 :: Pass failed on irg 'r_func_48' -- No improvement
	# of nodes: 			120
	# of irgs: 				3
	# of cf manipulations: 	11
	# of memory operations: 14
	# of types: 			2562



Using pass: pass_libfirm_opt_parallelize_mem -- No improvement
	# of nodes: 			120
	# of irgs: 				3
	# of cf manipulations: 	11
	# of memory operations: 14
	# of types: 			2562



Using pass: pass_remove_void_calls -- No improvement
	# of nodes: 			120
	# of irgs: 				3
	# of cf manipulations: 	11
	# of memory operations: 14
	# of types: 			2562



Using pass: pass_libfirm_opt_frame -- No improvement
	# of nodes: 			120
	# of irgs: 				3
	# of cf manipulations: 	11
	# of memory operations: 14
	# of types: 			2562



Using pass: pass_libfirm_opt_bool -- No improvement
	# of nodes: 			120
	# of irgs: 				3
	# of cf manipulations: 	11
	# of memory operations: 14
	# of types: 			2562



Using pass: pass_libfirm_remove_tuples -- No improvement
	# of nodes: 			120
	# of irgs: 				3
	# of cf manipulations: 	11
	# of memory operations: 14
	# of types: 			2562



Using pass: pass_libfirm_occult_consts
	 :: interestingness test failed on irg 'r_func_48'
	 :: interestingness test failed on irg 'r_func_48' -- No improvement
	# of nodes: 			120
	# of irgs: 				3
	# of cf manipulations: 	11
	# of memory operations: 14
	# of types: 			2562



Using pass: pass_libfirm_opt_tail_rec -- No improvement
	# of nodes: 			120
	# of irgs: 				3
	# of cf manipulations: 	11
	# of memory operations: 14
	# of types: 			2562



Using pass: pass_gc_irgs
	 :: interestingness test failed on irg 'main'
	 :: Pass failed on irg 'r_func_48' -- No improvement
	# of nodes: 			120
	# of irgs: 				3
	# of cf manipulations: 	11
	# of memory operations: 14
	# of types: 			2562



Using pass: pass_libfirm_combo
	 :: interestingness test failed on irg 'r_func_48' -- No improvement
	# of nodes: 			120
	# of irgs: 				3
	# of cf manipulations: 	11
	# of memory operations: 14
	# of types: 			2562



Using pass: pass_libfirm_do_loop_inversion -- No improvement
	# of nodes: 			120
	# of irgs: 				3
	# of cf manipulations: 	11
	# of memory operations: 14
	# of types: 			2562



Using pass: pass_libfirm_opt_ldst
	 :: Pass failed on irg 'main'
	 :: Pass failed on irg 'r_func_48'
	 :: Pass failed on irg 'main' -- No improvement
	# of nodes: 			120
	# of irgs: 				3
	# of cf manipulations: 	11
	# of memory operations: 14
	# of types: 			2562



Using pass: pass_libfirm_opt_blocks -- No improvement
	# of nodes: 			120
	# of irgs: 				3
	# of cf manipulations: 	11
	# of memory operations: 14
	# of types: 			2562



Using pass: pass_replace_proj_primitive
	 :: interestingness test failed on irg 'r_func_48' -- No improvement
	# of nodes: 			120
	# of irgs: 				3
	# of cf manipulations: 	11
	# of memory operations: 14
	# of types: 			2562



Using pass: pass_libfirm_normalize_n_returns -- No improvement
	# of nodes: 			120
	# of irgs: 				3
	# of cf manipulations: 	11
	# of memory operations: 14
	# of types: 			2562



Using pass: pass_libfirm_optimize_cf -- No improvement
	# of nodes: 			120
	# of irgs: 				3
	# of cf manipulations: 	11
	# of memory operations: 14
	# of types: 			2562



Using pass: pass_replace_members -- No improvement
	# of nodes: 			120
	# of irgs: 				3
	# of cf manipulations: 	11
	# of memory operations: 14
	# of types: 			2562



Using pass: pass_simplify_consts
	 :: interestingness test failed on irg 'r_func_48' -- Successful
	# of nodes: 			120
	# of irgs: 				3
	# of cf manipulations: 	11
	# of memory operations: 14
	# of types: 			2562



Using pass: pass_libfirm_scalar_replacement_opt -- No improvement
	# of nodes: 			120
	# of irgs: 				3
	# of cf manipulations: 	11
	# of memory operations: 14
	# of types: 			2562



Using pass: pass_libfirm_normalize_one_return -- Successful
	# of nodes: 			124
	# of irgs: 				3
	# of cf manipulations: 	12
	# of memory operations: 14
	# of types: 			2562



Using pass: pass_replace_return_values
	 :: interestingness test failed on irg 'r_func_48' -- No improvement
	# of nodes: 			124
	# of irgs: 				3
	# of cf manipulations: 	12
	# of memory operations: 14
	# of types: 			2562



Using pass: pass_libfirm_place_code
	 :: interestingness test failed on irg 'r_func_48' -- No improvement
	# of nodes: 			124
	# of irgs: 				3
	# of cf manipulations: 	12
	# of memory operations: 14
	# of types: 			2562



Using pass: pass_libfirm_optimize_load_store
	 :: interestingness test failed on irg 'r_func_48' -- No improvement
	# of nodes: 			124
	# of irgs: 				3
	# of cf manipulations: 	12
	# of memory operations: 14
	# of types: 			2562



Using pass: pass_replace_arithmetic -- No improvement
	# of nodes: 			124
	# of irgs: 				3
	# of cf manipulations: 	12
	# of memory operations: 14
	# of types: 			2562



Using pass: pass_libfirm_opt_if_conv
	 :: interestingness test failed on irg 'r_func_48' -- No improvement
	# of nodes: 			124
	# of irgs: 				3
	# of cf manipulations: 	12
	# of memory operations: 14
	# of types: 			2562



Using pass: pass_libfirm_opt_jumpthreading -- No improvement
	# of nodes: 			124
	# of irgs: 				3
	# of cf manipulations: 	12
	# of memory operations: 14
	# of types: 			2562



Using pass: pass_remove_stores
	 :: interestingness test failed on irg 'r_func_48' -- No improvement
	# of nodes: 			124
	# of irgs: 				3
	# of cf manipulations: 	12
	# of memory operations: 14
	# of types: 			2562



Using pass: pass_check_validity -- No improvement
	# of nodes: 			124
	# of irgs: 				3
	# of cf manipulations: 	12
	# of memory operations: 14
	# of types: 			2562



Using pass: pass_libfirm_conv_opt -- No improvement
	# of nodes: 			124
	# of irgs: 				3
	# of cf manipulations: 	12
	# of memory operations: 14
	# of types: 			2562



Using pass: pass_libfirm_opt_funccalls -- No improvement
	# of nodes: 			124
	# of irgs: 				3
	# of cf manipulations: 	12
	# of memory operations: 14
	# of types: 			2562



Using pass: pass_replace_cond_selectors
	 :: interestingness test failed on irg 'r_func_48' -- No improvement
	# of nodes: 			124
	# of irgs: 				3
	# of cf manipulations: 	12
	# of memory operations: 14
	# of types: 			2562



Using pass: pass_libfirm_dead_code_elimination -- No improvement
	# of nodes: 			124
	# of irgs: 				3
	# of cf manipulations: 	12
	# of memory operations: 14
	# of types: 			2562



Using pass: pass_libfirm_remove_bads -- No improvement
	# of nodes: 			124
	# of irgs: 				3
	# of cf manipulations: 	12
	# of memory operations: 14
	# of types: 			2562



Using pass: pass_gc_irgs_primitive
	 :: interestingness test failed on irg 'r_func_48' -- No improvement
	# of nodes: 			124
	# of irgs: 				3
	# of cf manipulations: 	12
	# of memory operations: 14
	# of types: 			2562



Using pass: pass_gc_entitites -- No improvement
	# of nodes: 			124
	# of irgs: 				3
	# of cf manipulations: 	12
	# of memory operations: 14
	# of types: 			2562



Using pass: pass_replace_mux_selectors -- No improvement
	# of nodes: 			124
	# of irgs: 				3
	# of cf manipulations: 	12
	# of memory operations: 14
	# of types: 			2562



Using pass: pass_replace_switch_selectors -- No improvement
	# of nodes: 			124
	# of irgs: 				3
	# of cf manipulations: 	12
	# of memory operations: 14
	# of types: 			2562



Using pass: pass_libfirm_gvn_pre
	 :: interestingness test failed on irg 'r_func_48' -- No improvement
	# of nodes: 			124
	# of irgs: 				3
	# of cf manipulations: 	12
	# of memory operations: 14
	# of types: 			2562



Using pass: pass_libfirm_do_loop_peeling -- No improvement
	# of nodes: 			124
	# of irgs: 				3
	# of cf manipulations: 	12
	# of memory operations: 14
	# of types: 			2562



Using pass: pass_libfirm_normalize_one_return -- No improvement
	# of nodes: 			124
	# of irgs: 				3
	# of cf manipulations: 	12
	# of memory operations: 14
	# of types: 			2562



Using pass: pass_gc_irgs_primitive
	 :: interestingness test failed on irg 'r_func_48' -- Successful
	# of nodes: 			112
	# of irgs: 				2
	# of cf manipulations: 	10
	# of memory operations: 12
	# of types: 			2562



Using pass: pass_libfirm_opt_funccalls -- No improvement
	# of nodes: 			112
	# of irgs: 				2
	# of cf manipulations: 	10
	# of memory operations: 12
	# of types: 			2562



Using pass: pass_replace_members -- No improvement
	# of nodes: 			112
	# of irgs: 				2
	# of cf manipulations: 	10
	# of memory operations: 12
	# of types: 			2562



Using pass: pass_libfirm_place_code
	 :: interestingness test failed on irg 'r_func_48' -- No improvement
	# of nodes: 			112
	# of irgs: 				2
	# of cf manipulations: 	10
	# of memory operations: 12
	# of types: 			2562



Using pass: pass_replace_switch_selectors -- No improvement
	# of nodes: 			112
	# of irgs: 				2
	# of cf manipulations: 	10
	# of memory operations: 12
	# of types: 			2562



Using pass: pass_libfirm_combo
	 :: interestingness test failed on irg 'r_func_48' -- No improvement
	# of nodes: 			112
	# of irgs: 				2
	# of cf manipulations: 	10
	# of memory operations: 12
	# of types: 			2562



Using pass: pass_libfirm_gvn_pre
	 :: interestingness test failed on irg 'r_func_48' -- No improvement
	# of nodes: 			112
	# of irgs: 				2
	# of cf manipulations: 	10
	# of memory operations: 12
	# of types: 			2562



Using pass: pass_libfirm_occult_consts -- No improvement
	# of nodes: 			112
	# of irgs: 				2
	# of cf manipulations: 	10
	# of memory operations: 12
	# of types: 			2562



Using pass: pass_libfirm_optimize_cf
	 :: interestingness test failed on irg 'r_func_48' -- No improvement
	# of nodes: 			112
	# of irgs: 				2
	# of cf manipulations: 	10
	# of memory operations: 12
	# of types: 			2562



Using pass: pass_remove_void_calls -- No improvement
	# of nodes: 			112
	# of irgs: 				2
	# of cf manipulations: 	10
	# of memory operations: 12
	# of types: 			2562



Using pass: pass_check_validity -- No improvement
	# of nodes: 			112
	# of irgs: 				2
	# of cf manipulations: 	10
	# of memory operations: 12
	# of types: 			2562



Using pass: pass_gc_entitites -- No improvement
	# of nodes: 			112
	# of irgs: 				2
	# of cf manipulations: 	10
	# of memory operations: 12
	# of types: 			2562



Using pass: pass_libfirm_optimize_load_store
	 :: interestingness test failed on irg 'r_func_48' -- No improvement
	# of nodes: 			112
	# of irgs: 				2
	# of cf manipulations: 	10
	# of memory operations: 12
	# of types: 			2562



Using pass: pass_libfirm_opt_if_conv
	 :: interestingness test failed on irg 'r_func_48' -- No improvement
	# of nodes: 			112
	# of irgs: 				2
	# of cf manipulations: 	10
	# of memory operations: 12
	# of types: 			2562



Using pass: pass_simplify_consts
	 :: interestingness test failed on irg 'r_func_48' -- No improvement
	# of nodes: 			112
	# of irgs: 				2
	# of cf manipulations: 	10
	# of memory operations: 12
	# of types: 			2562



Using pass: pass_replace_arithmetic
	 :: interestingness test failed on irg 'r_func_48' -- No improvement
	# of nodes: 			112
	# of irgs: 				2
	# of cf manipulations: 	10
	# of memory operations: 12
	# of types: 			2562



Using pass: pass_libfirm_opt_blocks -- Successful
	# of nodes: 			108
	# of irgs: 				2
	# of cf manipulations: 	9
	# of memory operations: 12
	# of types: 			2562



Using pass: pass_replace_cond_selectors -- No improvement
	# of nodes: 			108
	# of irgs: 				2
	# of cf manipulations: 	9
	# of memory operations: 12
	# of types: 			2562



Using pass: pass_libfirm_opt_tail_rec -- No improvement
	# of nodes: 			108
	# of irgs: 				2
	# of cf manipulations: 	9
	# of memory operations: 12
	# of types: 			2562



Using pass: pass_libfirm_optimize_reassociation -- No improvement
	# of nodes: 			108
	# of irgs: 				2
	# of cf manipulations: 	9
	# of memory operations: 12
	# of types: 			2562



Using pass: pass_libfirm_conv_opt
	 :: interestingness test failed on irg 'r_func_48' -- No improvement
	# of nodes: 			108
	# of irgs: 				2
	# of cf manipulations: 	9
	# of memory operations: 12
	# of types: 			2562



Using pass: pass_gc_irgs -- No improvement
	# of nodes: 			108
	# of irgs: 				2
	# of cf manipulations: 	9
	# of memory operations: 12
	# of types: 			2562



Using pass: pass_libfirm_remove_bads -- No improvement
	# of nodes: 			108
	# of irgs: 				2
	# of cf manipulations: 	9
	# of memory operations: 12
	# of types: 			2562



Using pass: pass_libfirm_dead_code_elimination -- No improvement
	# of nodes: 			108
	# of irgs: 				2
	# of cf manipulations: 	9
	# of memory operations: 12
	# of types: 			2562



Using pass: pass_replace_return_values
	 :: interestingness test failed on irg 'r_func_48' -- No improvement
	# of nodes: 			108
	# of irgs: 				2
	# of cf manipulations: 	9
	# of memory operations: 12
	# of types: 			2562



Using pass: pass_remove_stores -- No improvement
	# of nodes: 			108
	# of irgs: 				2
	# of cf manipulations: 	9
	# of memory operations: 12
	# of types: 			2562



Using pass: pass_libfirm_opt_frame -- No improvement
	# of nodes: 			108
	# of irgs: 				2
	# of cf manipulations: 	9
	# of memory operations: 12
	# of types: 			2562



Using pass: pass_libfirm_remove_critical_cf_edges
	 :: interestingness test failed on irg 'r_func_48' -- No improvement
	# of nodes: 			108
	# of irgs: 				2
	# of cf manipulations: 	9
	# of memory operations: 12
	# of types: 			2562



Using pass: pass_libfirm_remove_unreachable -- No improvement
	# of nodes: 			108
	# of irgs: 				2
	# of cf manipulations: 	9
	# of memory operations: 12
	# of types: 			2562



Using pass: pass_replace_mux_selectors -- No improvement
	# of nodes: 			108
	# of irgs: 				2
	# of cf manipulations: 	9
	# of memory operations: 12
	# of types: 			2562



Using pass: pass_remove_allocs -- No improvement
	# of nodes: 			108
	# of irgs: 				2
	# of cf manipulations: 	9
	# of memory operations: 12
	# of types: 			2562



Using pass: pass_replace_loads
	 :: Pass failed on irg 'r_func_48'
	 :: Pass failed on irg 'r_func_48' -- No improvement
	# of nodes: 			108
	# of irgs: 				2
	# of cf manipulations: 	9
	# of memory operations: 12
	# of types: 			2562



Using pass: pass_libfirm_scalar_replacement_opt -- No improvement
	# of nodes: 			108
	# of irgs: 				2
	# of cf manipulations: 	9
	# of memory operations: 12
	# of types: 			2562



Using pass: pass_libfirm_opt_parallelize_mem -- No improvement
	# of nodes: 			108
	# of irgs: 				2
	# of cf manipulations: 	9
	# of memory operations: 12
	# of types: 			2562



Using pass: pass_libfirm_do_loop_inversion -- No improvement
	# of nodes: 			108
	# of irgs: 				2
	# of cf manipulations: 	9
	# of memory operations: 12
	# of types: 			2562



Using pass: pass_libfirm_do_loop_unrolling -- No improvement
	# of nodes: 			108
	# of irgs: 				2
	# of cf manipulations: 	9
	# of memory operations: 12
	# of types: 			2562



Using pass: pass_libfirm_opt_ldst
	 :: Pass failed on irg 'main'
	 :: Pass failed on irg 'r_func_48' -- No improvement
	# of nodes: 			108
	# of irgs: 				2
	# of cf manipulations: 	9
	# of memory operations: 12
	# of types: 			2562



Using pass: pass_libfirm_construct_confirms
	 :: interestingness test failed on irg 'r_func_48' -- No improvement
	# of nodes: 			108
	# of irgs: 				2
	# of cf manipulations: 	9
	# of memory operations: 12
	# of types: 			2562



Using pass: pass_libfirm_do_loop_peeling
	 :: Pass failed on irg 'r_func_48'
	 :: Pass failed on irg 'r_func_48' -- No improvement
	# of nodes: 			108
	# of irgs: 				2
	# of cf manipulations: 	9
	# of memory operations: 12
	# of types: 			2562



Using pass: pass_libfirm_remove_tuples -- No improvement
	# of nodes: 			108
	# of irgs: 				2
	# of cf manipulations: 	9
	# of memory operations: 12
	# of types: 			2562



Using pass: pass_replace_proj_primitive
	 :: interestingness test failed on irg 'r_func_48' -- No improvement
	# of nodes: 			108
	# of irgs: 				2
	# of cf manipulations: 	9
	# of memory operations: 12
	# of types: 			2562



Using pass: pass_libfirm_optimize_graph_df -- No improvement
	# of nodes: 			108
	# of irgs: 				2
	# of cf manipulations: 	9
	# of memory operations: 12
	# of types: 			2562



Using pass: pass_libfirm_opt_jumpthreading
	 :: Pass failed on irg 'r_func_48'
	 :: Pass failed on irg 'r_func_48' -- No improvement
	# of nodes: 			108
	# of irgs: 				2
	# of cf manipulations: 	9
	# of memory operations: 12
	# of types: 			2562



Using pass: pass_libfirm_opt_bool -- No improvement
	# of nodes: 			108
	# of irgs: 				2
	# of cf manipulations: 	9
	# of memory operations: 12
	# of types: 			2562



Using pass: pass_libfirm_normalize_n_returns -- No improvement
	# of nodes: 			108
	# of irgs: 				2
	# of cf manipulations: 	9
	# of memory operations: 12
	# of types: 			2562



Using pass: pass_remove_stores
	 :: interestingness test failed on irg 'r_func_48' -- No improvement
	# of nodes: 			108
	# of irgs: 				2
	# of cf manipulations: 	9
	# of memory operations: 12
	# of types: 			2562



Using pass: pass_libfirm_normalize_n_returns -- No improvement
	# of nodes: 			108
	# of irgs: 				2
	# of cf manipulations: 	9
	# of memory operations: 12
	# of types: 			2562



Using pass: pass_replace_mux_selectors -- No improvement
	# of nodes: 			108
	# of irgs: 				2
	# of cf manipulations: 	9
	# of memory operations: 12
	# of types: 			2562



Using pass: pass_libfirm_opt_ldst
	 :: Pass failed on irg 'r_func_48'
	 :: Pass failed on irg 'r_func_48' -- No improvement
	# of nodes: 			108
	# of irgs: 				2
	# of cf manipulations: 	9
	# of memory operations: 12
	# of types: 			2562



Using pass: pass_libfirm_opt_tail_rec -- No improvement
	# of nodes: 			108
	# of irgs: 				2
	# of cf manipulations: 	9
	# of memory operations: 12
	# of types: 			2562



Using pass: pass_remove_void_calls -- No improvement
	# of nodes: 			108
	# of irgs: 				2
	# of cf manipulations: 	9
	# of memory operations: 12
	# of types: 			2562



Using pass: pass_libfirm_do_loop_unrolling -- No improvement
	# of nodes: 			108
	# of irgs: 				2
	# of cf manipulations: 	9
	# of memory operations: 12
	# of types: 			2562



Using pass: pass_libfirm_occult_consts
	 :: interestingness test failed on irg 'r_func_48' -- No improvement
	# of nodes: 			108
	# of irgs: 				2
	# of cf manipulations: 	9
	# of memory operations: 12
	# of types: 			2562



Using pass: pass_gc_irgs_primitive
	 :: interestingness test failed on irg 'r_func_48' -- No improvement
	# of nodes: 			108
	# of irgs: 				2
	# of cf manipulations: 	9
	# of memory operations: 12
	# of types: 			2562



Using pass: pass_libfirm_remove_bads -- No improvement
	# of nodes: 			108
	# of irgs: 				2
	# of cf manipulations: 	9
	# of memory operations: 12
	# of types: 			2562



Using pass: pass_libfirm_opt_parallelize_mem -- No improvement
	# of nodes: 			108
	# of irgs: 				2
	# of cf manipulations: 	9
	# of memory operations: 12
	# of types: 			2562



Using pass: pass_libfirm_opt_funccalls -- No improvement
	# of nodes: 			108
	# of irgs: 				2
	# of cf manipulations: 	9
	# of memory operations: 12
	# of types: 			2562



Using pass: pass_libfirm_do_loop_peeling -- No improvement
	# of nodes: 			108
	# of irgs: 				2
	# of cf manipulations: 	9
	# of memory operations: 12
	# of types: 			2562



Using pass: pass_replace_members -- No improvement
	# of nodes: 			108
	# of irgs: 				2
	# of cf manipulations: 	9
	# of memory operations: 12
	# of types: 			2562



Using pass: pass_libfirm_opt_bool -- No improvement
	# of nodes: 			108
	# of irgs: 				2
	# of cf manipulations: 	9
	# of memory operations: 12
	# of types: 			2562



Using pass: pass_replace_proj_primitive -- No improvement
	# of nodes: 			108
	# of irgs: 				2
	# of cf manipulations: 	9
	# of memory operations: 12
	# of types: 			2562



Using pass: pass_libfirm_scalar_replacement_opt -- No improvement
	# of nodes: 			108
	# of irgs: 				2
	# of cf manipulations: 	9
	# of memory operations: 12
	# of types: 			2562



Using pass: pass_gc_entitites -- No improvement
	# of nodes: 			108
	# of irgs: 				2
	# of cf manipulations: 	9
	# of memory operations: 12
	# of types: 			2562



Using pass: pass_libfirm_normalize_one_return -- No improvement
	# of nodes: 			108
	# of irgs: 				2
	# of cf manipulations: 	9
	# of memory operations: 12
	# of types: 			2562



Using pass: pass_simplify_consts
	 :: interestingness test failed on irg 'r_func_48' -- No improvement
	# of nodes: 			108
	# of irgs: 				2
	# of cf manipulations: 	9
	# of memory operations: 12
	# of types: 			2562



Using pass: pass_replace_return_values
	 :: interestingness test failed on irg 'r_func_48' -- No improvement
	# of nodes: 			108
	# of irgs: 				2
	# of cf manipulations: 	9
	# of memory operations: 12
	# of types: 			2562



Using pass: pass_libfirm_opt_blocks -- No improvement
	# of nodes: 			108
	# of irgs: 				2
	# of cf manipulations: 	9
	# of memory operations: 12
	# of types: 			2562



Using pass: pass_gc_irgs -- No improvement
	# of nodes: 			108
	# of irgs: 				2
	# of cf manipulations: 	9
	# of memory operations: 12
	# of types: 			2562



Using pass: pass_libfirm_opt_jumpthreading
	 :: Pass failed on irg 'r_func_48'
	 :: Pass failed on irg 'r_func_48' -- No improvement
	# of nodes: 			108
	# of irgs: 				2
	# of cf manipulations: 	9
	# of memory operations: 12
	# of types: 			2562



Using pass: pass_libfirm_optimize_cf
	 :: interestingness test failed on irg 'r_func_48' -- No improvement
	# of nodes: 			108
	# of irgs: 				2
	# of cf manipulations: 	9
	# of memory operations: 12
	# of types: 			2562



Using pass: pass_libfirm_opt_if_conv
	 :: interestingness test failed on irg 'r_func_48' -- No improvement
	# of nodes: 			108
	# of irgs: 				2
	# of cf manipulations: 	9
	# of memory operations: 12
	# of types: 			2562



Using pass: pass_libfirm_opt_frame -- No improvement
	# of nodes: 			108
	# of irgs: 				2
	# of cf manipulations: 	9
	# of memory operations: 12
	# of types: 			2562



Using pass: pass_libfirm_optimize_reassociation -- No improvement
	# of nodes: 			108
	# of irgs: 				2
	# of cf manipulations: 	9
	# of memory operations: 12
	# of types: 			2562



Using pass: pass_replace_cond_selectors
	 :: interestingness test failed on irg 'r_func_48' -- No improvement
	# of nodes: 			108
	# of irgs: 				2
	# of cf manipulations: 	9
	# of memory operations: 12
	# of types: 			2562



Using pass: pass_remove_allocs -- No improvement
	# of nodes: 			108
	# of irgs: 				2
	# of cf manipulations: 	9
	# of memory operations: 12
	# of types: 			2562



Using pass: pass_libfirm_remove_tuples -- No improvement
	# of nodes: 			108
	# of irgs: 				2
	# of cf manipulations: 	9
	# of memory operations: 12
	# of types: 			2562



Using pass: pass_replace_arithmetic
	 :: interestingness test failed on irg 'r_func_48' -- No improvement
	# of nodes: 			108
	# of irgs: 				2
	# of cf manipulations: 	9
	# of memory operations: 12
	# of types: 			2562



Using pass: pass_replace_loads
	 :: Pass failed on irg 'r_func_48'
	 :: Pass failed on irg 'r_func_48' -- No improvement
	# of nodes: 			108
	# of irgs: 				2
	# of cf manipulations: 	9
	# of memory operations: 12
	# of types: 			2562



Using pass: pass_libfirm_optimize_graph_df -- No improvement
	# of nodes: 			108
	# of irgs: 				2
	# of cf manipulations: 	9
	# of memory operations: 12
	# of types: 			2562



Using pass: pass_check_validity -- No improvement
	# of nodes: 			108
	# of irgs: 				2
	# of cf manipulations: 	9
	# of memory operations: 12
	# of types: 			2562



Using pass: pass_libfirm_place_code -- No improvement
	# of nodes: 			108
	# of irgs: 				2
	# of cf manipulations: 	9
	# of memory operations: 12
	# of types: 			2562



Using pass: pass_libfirm_gvn_pre -- No improvement
	# of nodes: 			108
	# of irgs: 				2
	# of cf manipulations: 	9
	# of memory operations: 12
	# of types: 			2562



Using pass: pass_libfirm_dead_code_elimination -- No improvement
	# of nodes: 			108
	# of irgs: 				2
	# of cf manipulations: 	9
	# of memory operations: 12
	# of types: 			2562



Using pass: pass_libfirm_optimize_load_store -- No improvement
	# of nodes: 			108
	# of irgs: 				2
	# of cf manipulations: 	9
	# of memory operations: 12
	# of types: 			2562



Using pass: pass_replace_switch_selectors -- No improvement
	# of nodes: 			108
	# of irgs: 				2
	# of cf manipulations: 	9
	# of memory operations: 12
	# of types: 			2562



Using pass: pass_libfirm_remove_critical_cf_edges
	 :: interestingness test failed on irg 'r_func_48' -- No improvement
	# of nodes: 			108
	# of irgs: 				2
	# of cf manipulations: 	9
	# of memory operations: 12
	# of types: 			2562



Using pass: pass_libfirm_conv_opt
	 :: interestingness test failed on irg 'r_func_48' -- No improvement
	# of nodes: 			108
	# of irgs: 				2
	# of cf manipulations: 	9
	# of memory operations: 12
	# of types: 			2562



Using pass: pass_libfirm_do_loop_inversion -- No improvement
	# of nodes: 			108
	# of irgs: 				2
	# of cf manipulations: 	9
	# of memory operations: 12
	# of types: 			2562



Using pass: pass_libfirm_combo
	 :: interestingness test failed on irg 'r_func_48' -- No improvement
	# of nodes: 			108
	# of irgs: 				2
	# of cf manipulations: 	9
	# of memory operations: 12
	# of types: 			2562



Using pass: pass_libfirm_construct_confirms
	 :: interestingness test failed on irg 'r_func_48' -- No improvement
	# of nodes: 			108
	# of irgs: 				2
	# of cf manipulations: 	9
	# of memory operations: 12
	# of types: 			2562



Using pass: pass_libfirm_remove_unreachable -- No improvement
	# of nodes: 			108
	# of irgs: 				2
	# of cf manipulations: 	9
	# of memory operations: 12
	# of types: 			2562




 :: 2nd reduction cycle

Using pass: pass_libfirm_optimize_graph_df -- Trying irg 'r_func_48' -- No improvement
Using pass: pass_libfirm_optimize_graph_df -- Trying irg 'r_func_48' -- No improvement
Using pass: pass_libfirm_optimize_graph_df -- Trying irg 'r_func_48' -- No improvement
Using pass: pass_libfirm_optimize_graph_df -- Trying irg 'r_func_48' -- No improvement
Using pass: pass_libfirm_optimize_graph_df -- Trying irg 'r_func_48' -- No improvement
Using pass: pass_libfirm_optimize_graph_df -- Trying irg 'r_func_48' -- No improvement
Using pass: pass_libfirm_optimize_graph_df -- Trying irg 'r_func_48' -- No improvement
Using pass: pass_libfirm_optimize_graph_df -- Trying irg 'r_func_48' -- No improvement
Using pass: pass_gc_irgs_primitive -- Trying irg 'r_func_48' -- No improvement
Using pass: pass_gc_irgs_primitive -- Trying irg 'r_func_48' -- No improvement
Using pass: pass_gc_irgs_primitive -- Trying irg 'r_func_48' -- No improvement
Using pass: pass_gc_irgs_primitive -- Trying irg 'r_func_48' -- No improvement
Using pass: pass_gc_irgs_primitive -- Trying irg 'r_func_48' -- No improvement
Using pass: pass_simplify_consts -- Trying irg 'r_func_48' -- Successful
Using pass: pass_replace_proj_primitive -- Trying irg 'r_func_48' -- Successful
Using pass: pass_replace_proj_primitive -- Trying irg 'r_func_48' -- Successful
Using pass: pass_libfirm_combo -- Trying irg 'r_func_48' -- No improvement
Using pass: pass_libfirm_combo -- Trying irg 'r_func_48' -- No improvement
Using pass: pass_libfirm_place_code -- Trying irg 'r_func_48' -- No improvement
Using pass: pass_gc_irgs -- Trying irg 'main' -- No improvement
Using pass: pass_libfirm_optimize_load_store -- Trying irg 'r_func_48' -- No improvement
Using pass: pass_libfirm_optimize_cf -- Trying irg 'r_func_48' -- No improvement
Using pass: pass_libfirm_construct_confirms -- Trying irg 'r_func_48' -- No improvement
Using pass: pass_libfirm_construct_confirms -- Trying irg 'r_func_48' -- No improvement
Using pass: pass_replace_arithmetic -- Trying irg 'r_func_48' -- Successful
Using pass: pass_libfirm_opt_if_conv -- Trying irg 'r_func_48' -- No improvement
Using pass: pass_libfirm_remove_critical_cf_edges -- Trying irg 'r_func_48' -- No improvement
Using pass: pass_libfirm_combo -- Trying irg 'r_func_48' -- No improvement
Using pass: pass_libfirm_optimize_load_store -- Trying irg 'r_func_48' -- No improvement
Using pass: pass_libfirm_optimize_cf -- Trying irg 'r_func_48' -- No improvement
Using pass: pass_libfirm_optimize_graph_df -- Trying irg 'r_func_48' -- No improvement
Using pass: pass_libfirm_conv_opt -- Trying irg 'r_func_48' -- No improvement
Using pass: pass_libfirm_occult_consts -- Trying irg 'r_func_48' -- No improvement
Using pass: pass_replace_arithmetic -- Trying irg 'r_func_48' -- Successful
Using pass: pass_gc_irgs -- Trying irg 'main' -- No improvement
Using pass: pass_gc_irgs -- Trying irg 'main' -- No improvement
Using pass: pass_libfirm_gvn_pre -- Trying irg 'r_func_48' -- No improvement
Using pass: pass_simplify_consts -- Trying irg 'r_func_48' -- Successful
Using pass: pass_replace_proj_primitive -- Trying irg 'r_func_48' -- Successful
Using pass: pass_replace_proj_primitive -- Trying irg 'r_func_48' -- Successful
Using pass: pass_libfirm_remove_critical_cf_edges -- Trying irg 'r_func_48' -- No improvement
Using pass: pass_libfirm_opt_if_conv -- Trying irg 'r_func_48' -- No improvement
Using pass: pass_libfirm_construct_confirms -- Trying irg 'r_func_48' -- No improvement
Using pass: pass_remove_stores -- Trying irg 'r_func_48' -- Successful
Using pass: pass_remove_stores -- Trying irg 'r_func_48' -- Successful
Using pass: pass_replace_cond_selectors -- Trying irg 'r_func_48' -- Successful
Using pass: pass_replace_return_values -- Trying irg 'r_func_48' -- Successful
Using pass: pass_libfirm_construct_confirms -- Trying irg 'r_func_48' -- No improvement
Using pass: pass_libfirm_remove_critical_cf_edges -- Trying irg 'r_func_48' -- No improvement
Using pass: pass_libfirm_occult_consts -- Trying irg 'r_func_48' -- No improvement
Using pass: pass_libfirm_occult_consts -- Trying irg 'r_func_48' -- No improvement
Using pass: pass_gc_irgs -- Trying irg 'main' -- No improvement
Using pass: pass_libfirm_combo -- Trying irg 'r_func_48' -- No improvement
Using pass: pass_replace_proj_primitive -- Trying irg 'r_func_48' -- Successful
Using pass: pass_simplify_consts -- Trying irg 'r_func_48' -- Successful
Using pass: pass_replace_return_values -- Trying irg 'r_func_48' -- Successful
Using pass: pass_libfirm_place_code -- Trying irg 'r_func_48' -- No improvement
Using pass: pass_libfirm_optimize_load_store -- Trying irg 'r_func_48' -- No improvement
Using pass: pass_libfirm_opt_if_conv -- Trying irg 'r_func_48' -- No improvement
Using pass: pass_remove_stores -- Trying irg 'r_func_48' -- Successful
Using pass: pass_replace_cond_selectors -- Trying irg 'r_func_48' -- Successful
Using pass: pass_gc_irgs_primitive -- Trying irg 'r_func_48' -- No improvement
Using pass: pass_libfirm_gvn_pre -- Trying irg 'r_func_48' -- No improvement
Using pass: pass_gc_irgs_primitive -- Trying irg 'r_func_48' -- No improvement
Using pass: pass_libfirm_place_code -- Trying irg 'r_func_48' -- No improvement
Using pass: pass_libfirm_combo -- Trying irg 'r_func_48' -- No improvement
Using pass: pass_libfirm_gvn_pre -- Trying irg 'r_func_48' -- No improvement
Using pass: pass_libfirm_optimize_cf -- Trying irg 'r_func_48' -- No improvement
Using pass: pass_libfirm_optimize_load_store -- Trying irg 'r_func_48' -- No improvement
Using pass: pass_libfirm_opt_if_conv -- Trying irg 'r_func_48' -- No improvement
Using pass: pass_simplify_consts -- Trying irg 'r_func_48' -- Successful
Using pass: pass_replace_arithmetic -- Trying irg 'r_func_48' -- Successful
Using pass: pass_libfirm_conv_opt -- Trying irg 'r_func_48' -- No improvement
Using pass: pass_replace_return_values -- Trying irg 'r_func_48' -- Successful
Using pass: pass_libfirm_remove_critical_cf_edges -- Trying irg 'r_func_48' -- No improvement
Using pass: pass_libfirm_construct_confirms -- Trying irg 'r_func_48' -- No improvement
Using pass: pass_replace_proj_primitive -- Trying irg 'r_func_48' -- Successful
Using pass: pass_remove_stores -- Trying irg 'r_func_48' -- Successful
Using pass: pass_libfirm_occult_consts -- Trying irg 'r_func_48' -- No improvement
Using pass: pass_gc_irgs_primitive -- Trying irg 'r_func_48' -- No improvement
Using pass: pass_simplify_consts -- Trying irg 'r_func_48' -- Successful
Using pass: pass_replace_return_values -- Trying irg 'r_func_48' -- Successful
Using pass: pass_libfirm_optimize_cf -- Trying irg 'r_func_48' -- No improvement
Using pass: pass_libfirm_opt_if_conv -- Trying irg 'r_func_48' -- No improvement
Using pass: pass_replace_cond_selectors -- Trying irg 'r_func_48' -- Successful
Using pass: pass_replace_arithmetic -- Trying irg 'r_func_48' -- Successful
Using pass: pass_libfirm_remove_critical_cf_edges -- Trying irg 'r_func_48' -- No improvement
Using pass: pass_libfirm_conv_opt -- Trying irg 'r_func_48' -- No improvement
Using pass: pass_libfirm_combo -- Trying irg 'r_func_48' -- No improvement
Using pass: pass_libfirm_construct_confirms -- Trying irg 'r_func_48' -- No improvement

______________________________

No further reduction possible.

Result:
	# of nodes: 			108
	# of irgs: 				2
	# of cf manipulations: 	9
	# of memory operations: 12
	# of types: 			2562

2018-08-28 14:59:45