2018-08-24 10:45:24 -- Firmreduce -- Results

Initial Test-case size:
	# of nodes: 			937
	# of irgs: 				6
	# of cf manipulations: 	58
	# of memory operations: 148
	# of types: 			226


Using pass: pass_remove_stores -- Successful
	# of nodes: 			771
	# of irgs: 				6
	# of cf manipulations: 	48
	# of memory operations: 127
	# of types: 			226



Using pass: pass_libfirm_do_loop_unrolling -- No improvement
	# of nodes: 			771
	# of irgs: 				6
	# of cf manipulations: 	48
	# of memory operations: 127
	# of types: 			226



Using pass: pass_gc_irgs_primitive
	 :: interestingness test failed on irg 'r_func_2'
	 :: interestingness test failed on irg 'r_func_4'
	 :: interestingness test failed on irg 'r_func_1' -- No improvement
	# of nodes: 			771
	# of irgs: 				6
	# of cf manipulations: 	48
	# of memory operations: 127
	# of types: 			226



Using pass: pass_libfirm_opt_funccalls -- No improvement
	# of nodes: 			771
	# of irgs: 				6
	# of cf manipulations: 	48
	# of memory operations: 127
	# of types: 			226



Using pass: pass_libfirm_opt_bool -- No improvement
	# of nodes: 			771
	# of irgs: 				6
	# of cf manipulations: 	48
	# of memory operations: 127
	# of types: 			226



Using pass: pass_libfirm_opt_blocks -- Successful
	# of nodes: 			773
	# of irgs: 				6
	# of cf manipulations: 	48
	# of memory operations: 127
	# of types: 			226



Using pass: pass_libfirm_place_code -- Successful
	# of nodes: 			795
	# of irgs: 				6
	# of cf manipulations: 	60
	# of memory operations: 127
	# of types: 			226



Using pass: pass_libfirm_optimize_graph_df -- No improvement
	# of nodes: 			795
	# of irgs: 				6
	# of cf manipulations: 	60
	# of memory operations: 127
	# of types: 			226



Using pass: pass_libfirm_do_loop_peeling
	 :: Pass failed on irg 'r_func_4'
	 :: Pass failed on irg 'r_func_2'
	 :: Pass failed on irg 'r_func_3'
	 :: Pass failed on irg 'r_func_4'
	 :: Pass failed on irg '_main'
	 :: Pass failed on irg 'r_func_4' -- No improvement
	# of nodes: 			795
	# of irgs: 				6
	# of cf manipulations: 	60
	# of memory operations: 127
	# of types: 			226



Using pass: pass_replace_cond_selectors -- Successful
	# of nodes: 			333
	# of irgs: 				6
	# of cf manipulations: 	20
	# of memory operations: 71
	# of types: 			226



Using pass: pass_libfirm_do_loop_peeling
	 :: Pass failed on irg 'r_func_3'
	 :: Pass failed on irg '_main' -- No improvement
	# of nodes: 			333
	# of irgs: 				6
	# of cf manipulations: 	20
	# of memory operations: 71
	# of types: 			226



Using pass: pass_libfirm_dead_code_elimination -- No improvement
	# of nodes: 			333
	# of irgs: 				6
	# of cf manipulations: 	20
	# of memory operations: 71
	# of types: 			226



Using pass: pass_libfirm_opt_parallelize_mem -- No improvement
	# of nodes: 			333
	# of irgs: 				6
	# of cf manipulations: 	20
	# of memory operations: 71
	# of types: 			226



Using pass: pass_libfirm_opt_funccalls -- No improvement
	# of nodes: 			333
	# of irgs: 				6
	# of cf manipulations: 	20
	# of memory operations: 71
	# of types: 			226



Using pass: pass_libfirm_optimize_graph_df -- No improvement
	# of nodes: 			333
	# of irgs: 				6
	# of cf manipulations: 	20
	# of memory operations: 71
	# of types: 			226



Using pass: pass_libfirm_opt_parallelize_mem -- No improvement
	# of nodes: 			333
	# of irgs: 				6
	# of cf manipulations: 	20
	# of memory operations: 71
	# of types: 			226



Using pass: pass_libfirm_optimize_load_store -- Successful
	# of nodes: 			323
	# of irgs: 				6
	# of cf manipulations: 	20
	# of memory operations: 69
	# of types: 			226



Using pass: pass_libfirm_scalar_replacement_opt -- No improvement
	# of nodes: 			323
	# of irgs: 				6
	# of cf manipulations: 	20
	# of memory operations: 69
	# of types: 			226



Using pass: pass_libfirm_opt_bool -- No improvement
	# of nodes: 			323
	# of irgs: 				6
	# of cf manipulations: 	20
	# of memory operations: 69
	# of types: 			226



Using pass: pass_replace_arithmetic -- Successful
	# of nodes: 			304
	# of irgs: 				6
	# of cf manipulations: 	20
	# of memory operations: 69
	# of types: 			226



Using pass: pass_libfirm_normalize_one_return -- No improvement
	# of nodes: 			304
	# of irgs: 				6
	# of cf manipulations: 	20
	# of memory operations: 69
	# of types: 			226



Using pass: pass_libfirm_conv_opt -- No improvement
	# of nodes: 			304
	# of irgs: 				6
	# of cf manipulations: 	20
	# of memory operations: 69
	# of types: 			226



Using pass: pass_replace_arithmetic -- No improvement
	# of nodes: 			304
	# of irgs: 				6
	# of cf manipulations: 	20
	# of memory operations: 69
	# of types: 			226



Using pass: pass_libfirm_normalize_one_return -- No improvement
	# of nodes: 			304
	# of irgs: 				6
	# of cf manipulations: 	20
	# of memory operations: 69
	# of types: 			226



Using pass: pass_libfirm_remove_bads -- No improvement
	# of nodes: 			304
	# of irgs: 				6
	# of cf manipulations: 	20
	# of memory operations: 69
	# of types: 			226



Using pass: pass_libfirm_opt_tail_rec -- No improvement
	# of nodes: 			304
	# of irgs: 				6
	# of cf manipulations: 	20
	# of memory operations: 69
	# of types: 			226



Using pass: pass_gc_entitites -- No improvement
	# of nodes: 			304
	# of irgs: 				6
	# of cf manipulations: 	20
	# of memory operations: 69
	# of types: 			226



Using pass: pass_libfirm_opt_bool -- No improvement
	# of nodes: 			304
	# of irgs: 				6
	# of cf manipulations: 	20
	# of memory operations: 69
	# of types: 			226



Using pass: pass_libfirm_do_loop_inversion -- No improvement
	# of nodes: 			304
	# of irgs: 				6
	# of cf manipulations: 	20
	# of memory operations: 69
	# of types: 			226



Using pass: pass_libfirm_occult_consts -- No improvement
	# of nodes: 			304
	# of irgs: 				6
	# of cf manipulations: 	20
	# of memory operations: 69
	# of types: 			226



Using pass: pass_libfirm_remove_critical_cf_edges -- No improvement
	# of nodes: 			304
	# of irgs: 				6
	# of cf manipulations: 	20
	# of memory operations: 69
	# of types: 			226



Using pass: pass_libfirm_gvn_pre -- No improvement
	# of nodes: 			304
	# of irgs: 				6
	# of cf manipulations: 	20
	# of memory operations: 69
	# of types: 			226



Using pass: pass_libfirm_opt_frame -- No improvement
	# of nodes: 			304
	# of irgs: 				6
	# of cf manipulations: 	20
	# of memory operations: 69
	# of types: 			226



Using pass: pass_libfirm_normalize_n_returns -- No improvement
	# of nodes: 			304
	# of irgs: 				6
	# of cf manipulations: 	20
	# of memory operations: 69
	# of types: 			226



Using pass: pass_gc_entitites -- No improvement
	# of nodes: 			304
	# of irgs: 				6
	# of cf manipulations: 	20
	# of memory operations: 69
	# of types: 			226



Using pass: pass_libfirm_opt_jumpthreading -- No improvement
	# of nodes: 			304
	# of irgs: 				6
	# of cf manipulations: 	20
	# of memory operations: 69
	# of types: 			226



Using pass: pass_remove_allocs -- Successful
	# of nodes: 			280
	# of irgs: 				6
	# of cf manipulations: 	20
	# of memory operations: 60
	# of types: 			226



Using pass: pass_replace_arithmetic -- No improvement
	# of nodes: 			280
	# of irgs: 				6
	# of cf manipulations: 	20
	# of memory operations: 60
	# of types: 			226



Using pass: pass_libfirm_optimize_cf -- Successful
	# of nodes: 			276
	# of irgs: 				6
	# of cf manipulations: 	18
	# of memory operations: 60
	# of types: 			226



Using pass: pass_libfirm_normalize_one_return -- No improvement
	# of nodes: 			276
	# of irgs: 				6
	# of cf manipulations: 	18
	# of memory operations: 60
	# of types: 			226



Using pass: pass_libfirm_remove_tuples -- No improvement
	# of nodes: 			276
	# of irgs: 				6
	# of cf manipulations: 	18
	# of memory operations: 60
	# of types: 			226



Using pass: pass_libfirm_opt_bool -- No improvement
	# of nodes: 			276
	# of irgs: 				6
	# of cf manipulations: 	18
	# of memory operations: 60
	# of types: 			226



Using pass: pass_libfirm_remove_tuples -- No improvement
	# of nodes: 			276
	# of irgs: 				6
	# of cf manipulations: 	18
	# of memory operations: 60
	# of types: 			226



Using pass: pass_libfirm_opt_if_conv -- No improvement
	# of nodes: 			276
	# of irgs: 				6
	# of cf manipulations: 	18
	# of memory operations: 60
	# of types: 			226



Using pass: pass_gc_irgs_primitive
	 :: interestingness test failed on irg 'r_func_1' -- No improvement
	# of nodes: 			276
	# of irgs: 				6
	# of cf manipulations: 	18
	# of memory operations: 60
	# of types: 			226



Using pass: pass_libfirm_do_loop_unrolling -- No improvement
	# of nodes: 			276
	# of irgs: 				6
	# of cf manipulations: 	18
	# of memory operations: 60
	# of types: 			226



Using pass: pass_replace_arithmetic -- No improvement
	# of nodes: 			276
	# of irgs: 				6
	# of cf manipulations: 	18
	# of memory operations: 60
	# of types: 			226



Using pass: pass_libfirm_scalar_replacement_opt -- No improvement
	# of nodes: 			276
	# of irgs: 				6
	# of cf manipulations: 	18
	# of memory operations: 60
	# of types: 			226



Using pass: pass_gc_entitites -- No improvement
	# of nodes: 			276
	# of irgs: 				6
	# of cf manipulations: 	18
	# of memory operations: 60
	# of types: 			226



Using pass: pass_gc_entitites -- No improvement
	# of nodes: 			276
	# of irgs: 				6
	# of cf manipulations: 	18
	# of memory operations: 60
	# of types: 			226



Using pass: pass_libfirm_opt_blocks -- No improvement
	# of nodes: 			276
	# of irgs: 				6
	# of cf manipulations: 	18
	# of memory operations: 60
	# of types: 			226



Using pass: pass_remove_stores -- No improvement
	# of nodes: 			276
	# of irgs: 				6
	# of cf manipulations: 	18
	# of memory operations: 60
	# of types: 			226



Using pass: pass_replace_loads
	 :: Pass failed on irg 'r_func_4'
	 :: Pass failed on irg 'r_func_2'
	 :: Pass failed on irg 'r_func_3'
	 :: Pass failed on irg 'r_func_3' -- No improvement
	# of nodes: 			276
	# of irgs: 				6
	# of cf manipulations: 	18
	# of memory operations: 60
	# of types: 			226



Using pass: pass_libfirm_combo -- No improvement
	# of nodes: 			276
	# of irgs: 				6
	# of cf manipulations: 	18
	# of memory operations: 60
	# of types: 			226



Using pass: pass_libfirm_optimize_cf -- No improvement
	# of nodes: 			276
	# of irgs: 				6
	# of cf manipulations: 	18
	# of memory operations: 60
	# of types: 			226



Using pass: pass_simplify_consts -- Successful
	# of nodes: 			270
	# of irgs: 				6
	# of cf manipulations: 	20
	# of memory operations: 60
	# of types: 			226



Using pass: pass_libfirm_combo -- No improvement
	# of nodes: 			270
	# of irgs: 				6
	# of cf manipulations: 	20
	# of memory operations: 60
	# of types: 			226



Using pass: pass_libfirm_combo -- No improvement
	# of nodes: 			270
	# of irgs: 				6
	# of cf manipulations: 	20
	# of memory operations: 60
	# of types: 			226



Using pass: pass_replace_cond_selectors -- Successful
	# of nodes: 			246
	# of irgs: 				6
	# of cf manipulations: 	15
	# of memory operations: 60
	# of types: 			226



Using pass: pass_check_validity -- No improvement
	# of nodes: 			246
	# of irgs: 				6
	# of cf manipulations: 	15
	# of memory operations: 60
	# of types: 			226



Using pass: pass_libfirm_do_loop_unrolling -- No improvement
	# of nodes: 			246
	# of irgs: 				6
	# of cf manipulations: 	15
	# of memory operations: 60
	# of types: 			226



Using pass: pass_libfirm_remove_critical_cf_edges -- No improvement
	# of nodes: 			246
	# of irgs: 				6
	# of cf manipulations: 	15
	# of memory operations: 60
	# of types: 			226



Using pass: pass_libfirm_combo -- No improvement
	# of nodes: 			246
	# of irgs: 				6
	# of cf manipulations: 	15
	# of memory operations: 60
	# of types: 			226



Using pass: pass_libfirm_do_loop_inversion -- No improvement
	# of nodes: 			246
	# of irgs: 				6
	# of cf manipulations: 	15
	# of memory operations: 60
	# of types: 			226



Using pass: pass_replace_arithmetic -- No improvement
	# of nodes: 			246
	# of irgs: 				6
	# of cf manipulations: 	15
	# of memory operations: 60
	# of types: 			226



Using pass: pass_libfirm_normalize_one_return -- No improvement
	# of nodes: 			246
	# of irgs: 				6
	# of cf manipulations: 	15
	# of memory operations: 60
	# of types: 			226



Using pass: pass_remove_allocs -- No improvement
	# of nodes: 			246
	# of irgs: 				6
	# of cf manipulations: 	15
	# of memory operations: 60
	# of types: 			226



Using pass: pass_remove_void_calls -- Successful
	# of nodes: 			224
	# of irgs: 				6
	# of cf manipulations: 	15
	# of memory operations: 55
	# of types: 			226



Using pass: pass_replace_switch_selectors -- No improvement
	# of nodes: 			224
	# of irgs: 				6
	# of cf manipulations: 	15
	# of memory operations: 55
	# of types: 			226



Using pass: pass_libfirm_normalize_one_return -- No improvement
	# of nodes: 			224
	# of irgs: 				6
	# of cf manipulations: 	15
	# of memory operations: 55
	# of types: 			226



Using pass: pass_libfirm_optimize_load_store -- Successful
	# of nodes: 			192
	# of irgs: 				6
	# of cf manipulations: 	15
	# of memory operations: 48
	# of types: 			226



Using pass: pass_libfirm_remove_critical_cf_edges -- No improvement
	# of nodes: 			192
	# of irgs: 				6
	# of cf manipulations: 	15
	# of memory operations: 48
	# of types: 			226



Using pass: pass_gc_entitites -- No improvement
	# of nodes: 			192
	# of irgs: 				6
	# of cf manipulations: 	15
	# of memory operations: 48
	# of types: 			226



Using pass: pass_libfirm_conv_opt -- No improvement
	# of nodes: 			192
	# of irgs: 				6
	# of cf manipulations: 	15
	# of memory operations: 48
	# of types: 			226



Using pass: pass_libfirm_remove_unreachable -- No improvement
	# of nodes: 			192
	# of irgs: 				6
	# of cf manipulations: 	15
	# of memory operations: 48
	# of types: 			226



Using pass: pass_gc_irgs -- Successful
	# of nodes: 			7
	# of irgs: 				1
	# of cf manipulations: 	2
	# of memory operations: 0
	# of types: 			226



Using pass: pass_libfirm_opt_jumpthreading -- No improvement
	# of nodes: 			7
	# of irgs: 				1
	# of cf manipulations: 	2
	# of memory operations: 0
	# of types: 			226



Using pass: pass_libfirm_optimize_load_store -- No improvement
	# of nodes: 			7
	# of irgs: 				1
	# of cf manipulations: 	2
	# of memory operations: 0
	# of types: 			226



Using pass: pass_libfirm_opt_parallelize_mem -- No improvement
	# of nodes: 			7
	# of irgs: 				1
	# of cf manipulations: 	2
	# of memory operations: 0
	# of types: 			226



Using pass: pass_libfirm_occult_consts -- No improvement
	# of nodes: 			7
	# of irgs: 				1
	# of cf manipulations: 	2
	# of memory operations: 0
	# of types: 			226



Using pass: pass_replace_members -- No improvement
	# of nodes: 			7
	# of irgs: 				1
	# of cf manipulations: 	2
	# of memory operations: 0
	# of types: 			226



Using pass: pass_libfirm_optimize_reassociation -- No improvement
	# of nodes: 			7
	# of irgs: 				1
	# of cf manipulations: 	2
	# of memory operations: 0
	# of types: 			226



Using pass: pass_replace_mux_selectors -- No improvement
	# of nodes: 			7
	# of irgs: 				1
	# of cf manipulations: 	2
	# of memory operations: 0
	# of types: 			226



Using pass: pass_libfirm_opt_jumpthreading -- No improvement
	# of nodes: 			7
	# of irgs: 				1
	# of cf manipulations: 	2
	# of memory operations: 0
	# of types: 			226



Using pass: pass_remove_allocs -- No improvement
	# of nodes: 			7
	# of irgs: 				1
	# of cf manipulations: 	2
	# of memory operations: 0
	# of types: 			226



Using pass: pass_libfirm_combo -- No improvement
	# of nodes: 			7
	# of irgs: 				1
	# of cf manipulations: 	2
	# of memory operations: 0
	# of types: 			226



Using pass: pass_libfirm_optimize_load_store -- No improvement
	# of nodes: 			7
	# of irgs: 				1
	# of cf manipulations: 	2
	# of memory operations: 0
	# of types: 			226



Using pass: pass_libfirm_normalize_one_return -- No improvement
	# of nodes: 			7
	# of irgs: 				1
	# of cf manipulations: 	2
	# of memory operations: 0
	# of types: 			226



Using pass: pass_libfirm_do_loop_unrolling -- No improvement
	# of nodes: 			7
	# of irgs: 				1
	# of cf manipulations: 	2
	# of memory operations: 0
	# of types: 			226



Using pass: pass_libfirm_opt_ldst
	 :: Pass failed on irg 'main' -- No improvement
	# of nodes: 			7
	# of irgs: 				1
	# of cf manipulations: 	2
	# of memory operations: 0
	# of types: 			226



Using pass: pass_libfirm_optimize_graph_df -- No improvement
	# of nodes: 			7
	# of irgs: 				1
	# of cf manipulations: 	2
	# of memory operations: 0
	# of types: 			226



Using pass: pass_libfirm_construct_confirms -- No improvement
	# of nodes: 			7
	# of irgs: 				1
	# of cf manipulations: 	2
	# of memory operations: 0
	# of types: 			226



Using pass: pass_libfirm_conv_opt -- No improvement
	# of nodes: 			7
	# of irgs: 				1
	# of cf manipulations: 	2
	# of memory operations: 0
	# of types: 			226



Using pass: pass_gc_irgs -- No improvement
	# of nodes: 			7
	# of irgs: 				1
	# of cf manipulations: 	2
	# of memory operations: 0
	# of types: 			226



Using pass: pass_libfirm_optimize_load_store -- No improvement
	# of nodes: 			7
	# of irgs: 				1
	# of cf manipulations: 	2
	# of memory operations: 0
	# of types: 			226



Using pass: pass_libfirm_normalize_one_return -- No improvement
	# of nodes: 			7
	# of irgs: 				1
	# of cf manipulations: 	2
	# of memory operations: 0
	# of types: 			226



Using pass: pass_libfirm_opt_if_conv -- No improvement
	# of nodes: 			7
	# of irgs: 				1
	# of cf manipulations: 	2
	# of memory operations: 0
	# of types: 			226



Using pass: pass_libfirm_remove_unreachable -- No improvement
	# of nodes: 			7
	# of irgs: 				1
	# of cf manipulations: 	2
	# of memory operations: 0
	# of types: 			226



Using pass: pass_libfirm_dead_code_elimination -- No improvement
	# of nodes: 			7
	# of irgs: 				1
	# of cf manipulations: 	2
	# of memory operations: 0
	# of types: 			226



Using pass: pass_libfirm_do_loop_inversion -- No improvement
	# of nodes: 			7
	# of irgs: 				1
	# of cf manipulations: 	2
	# of memory operations: 0
	# of types: 			226



Using pass: pass_libfirm_opt_parallelize_mem -- No improvement
	# of nodes: 			7
	# of irgs: 				1
	# of cf manipulations: 	2
	# of memory operations: 0
	# of types: 			226



Using pass: pass_replace_members -- No improvement
	# of nodes: 			7
	# of irgs: 				1
	# of cf manipulations: 	2
	# of memory operations: 0
	# of types: 			226



Using pass: pass_replace_loads -- No improvement
	# of nodes: 			7
	# of irgs: 				1
	# of cf manipulations: 	2
	# of memory operations: 0
	# of types: 			226



Using pass: pass_libfirm_opt_frame -- No improvement
	# of nodes: 			7
	# of irgs: 				1
	# of cf manipulations: 	2
	# of memory operations: 0
	# of types: 			226



Using pass: pass_libfirm_opt_tail_rec -- No improvement
	# of nodes: 			7
	# of irgs: 				1
	# of cf manipulations: 	2
	# of memory operations: 0
	# of types: 			226



Using pass: pass_gc_irgs -- No improvement
	# of nodes: 			7
	# of irgs: 				1
	# of cf manipulations: 	2
	# of memory operations: 0
	# of types: 			226



Using pass: pass_libfirm_optimize_cf -- No improvement
	# of nodes: 			7
	# of irgs: 				1
	# of cf manipulations: 	2
	# of memory operations: 0
	# of types: 			226



Using pass: pass_libfirm_opt_parallelize_mem -- No improvement
	# of nodes: 			7
	# of irgs: 				1
	# of cf manipulations: 	2
	# of memory operations: 0
	# of types: 			226



Using pass: pass_libfirm_opt_tail_rec -- No improvement
	# of nodes: 			7
	# of irgs: 				1
	# of cf manipulations: 	2
	# of memory operations: 0
	# of types: 			226



Using pass: pass_gc_irgs_primitive -- No improvement
	# of nodes: 			7
	# of irgs: 				1
	# of cf manipulations: 	2
	# of memory operations: 0
	# of types: 			226



Using pass: pass_replace_mux_selectors -- No improvement
	# of nodes: 			7
	# of irgs: 				1
	# of cf manipulations: 	2
	# of memory operations: 0
	# of types: 			226



Using pass: pass_libfirm_do_loop_unrolling -- No improvement
	# of nodes: 			7
	# of irgs: 				1
	# of cf manipulations: 	2
	# of memory operations: 0
	# of types: 			226



Using pass: pass_libfirm_dead_code_elimination -- No improvement
	# of nodes: 			7
	# of irgs: 				1
	# of cf manipulations: 	2
	# of memory operations: 0
	# of types: 			226



Using pass: pass_libfirm_dead_code_elimination -- No improvement
	# of nodes: 			7
	# of irgs: 				1
	# of cf manipulations: 	2
	# of memory operations: 0
	# of types: 			226



Using pass: pass_libfirm_place_code -- No improvement
	# of nodes: 			7
	# of irgs: 				1
	# of cf manipulations: 	2
	# of memory operations: 0
	# of types: 			226



Using pass: pass_libfirm_optimize_load_store -- No improvement
	# of nodes: 			7
	# of irgs: 				1
	# of cf manipulations: 	2
	# of memory operations: 0
	# of types: 			226



Using pass: pass_check_validity -- No improvement
	# of nodes: 			7
	# of irgs: 				1
	# of cf manipulations: 	2
	# of memory operations: 0
	# of types: 			226



Using pass: pass_libfirm_scalar_replacement_opt -- No improvement
	# of nodes: 			7
	# of irgs: 				1
	# of cf manipulations: 	2
	# of memory operations: 0
	# of types: 			226



Using pass: pass_libfirm_opt_parallelize_mem -- No improvement
	# of nodes: 			7
	# of irgs: 				1
	# of cf manipulations: 	2
	# of memory operations: 0
	# of types: 			226



Using pass: pass_replace_cond_selectors -- No improvement
	# of nodes: 			7
	# of irgs: 				1
	# of cf manipulations: 	2
	# of memory operations: 0
	# of types: 			226



Using pass: pass_gc_irgs -- No improvement
	# of nodes: 			7
	# of irgs: 				1
	# of cf manipulations: 	2
	# of memory operations: 0
	# of types: 			226



Using pass: pass_libfirm_opt_funccalls -- No improvement
	# of nodes: 			7
	# of irgs: 				1
	# of cf manipulations: 	2
	# of memory operations: 0
	# of types: 			226



Using pass: pass_libfirm_remove_tuples -- No improvement
	# of nodes: 			7
	# of irgs: 				1
	# of cf manipulations: 	2
	# of memory operations: 0
	# of types: 			226



Using pass: pass_libfirm_optimize_graph_df -- No improvement
	# of nodes: 			7
	# of irgs: 				1
	# of cf manipulations: 	2
	# of memory operations: 0
	# of types: 			226



Using pass: pass_libfirm_gvn_pre -- No improvement
	# of nodes: 			7
	# of irgs: 				1
	# of cf manipulations: 	2
	# of memory operations: 0
	# of types: 			226



Using pass: pass_libfirm_normalize_n_returns -- No improvement
	# of nodes: 			7
	# of irgs: 				1
	# of cf manipulations: 	2
	# of memory operations: 0
	# of types: 			226



Using pass: pass_libfirm_optimize_reassociation -- No improvement
	# of nodes: 			7
	# of irgs: 				1
	# of cf manipulations: 	2
	# of memory operations: 0
	# of types: 			226



Using pass: pass_gc_irgs_primitive -- No improvement
	# of nodes: 			7
	# of irgs: 				1
	# of cf manipulations: 	2
	# of memory operations: 0
	# of types: 			226



Using pass: pass_simplify_consts -- No improvement
	# of nodes: 			7
	# of irgs: 				1
	# of cf manipulations: 	2
	# of memory operations: 0
	# of types: 			226



Using pass: pass_libfirm_opt_tail_rec -- No improvement
	# of nodes: 			7
	# of irgs: 				1
	# of cf manipulations: 	2
	# of memory operations: 0
	# of types: 			226



Using pass: pass_libfirm_opt_parallelize_mem -- No improvement
	# of nodes: 			7
	# of irgs: 				1
	# of cf manipulations: 	2
	# of memory operations: 0
	# of types: 			226



Using pass: pass_simplify_consts -- No improvement
	# of nodes: 			7
	# of irgs: 				1
	# of cf manipulations: 	2
	# of memory operations: 0
	# of types: 			226



Using pass: pass_libfirm_remove_unreachable -- No improvement
	# of nodes: 			7
	# of irgs: 				1
	# of cf manipulations: 	2
	# of memory operations: 0
	# of types: 			226



Using pass: pass_gc_irgs_primitive -- No improvement
	# of nodes: 			7
	# of irgs: 				1
	# of cf manipulations: 	2
	# of memory operations: 0
	# of types: 			226



Using pass: pass_replace_mux_selectors -- No improvement
	# of nodes: 			7
	# of irgs: 				1
	# of cf manipulations: 	2
	# of memory operations: 0
	# of types: 			226



Using pass: pass_libfirm_opt_parallelize_mem -- No improvement
	# of nodes: 			7
	# of irgs: 				1
	# of cf manipulations: 	2
	# of memory operations: 0
	# of types: 			226



Using pass: pass_libfirm_construct_confirms -- No improvement
	# of nodes: 			7
	# of irgs: 				1
	# of cf manipulations: 	2
	# of memory operations: 0
	# of types: 			226



Using pass: pass_replace_switch_selectors -- No improvement
	# of nodes: 			7
	# of irgs: 				1
	# of cf manipulations: 	2
	# of memory operations: 0
	# of types: 			226




 :: 2nd reduction cycle

Using pass: pass_gc_irgs_primitive -- Trying irg 'r_func_2' -- No improvement
Using pass: pass_gc_irgs_primitive -- Trying irg 'r_func_4' -- No improvement
Using pass: pass_gc_irgs_primitive -- Trying irg 'r_func_1' -- No improvement
Using pass: pass_gc_irgs_primitive -- Trying irg 'r_func_1' -- No improvement

______________________________

No further reduction possible.

Result:
	# of nodes: 			7
	# of irgs: 				1
	# of cf manipulations: 	2
	# of memory operations: 0
	# of types: 			226

2018-08-24 10:45:33