2018-08-23 20:33:10 -- Firmreduce -- Results

Initial Test-case size:
	# of nodes: 			14350
	# of irgs: 				101
	# of cf manipulations: 	754
	# of memory operations: 2378
	# of types: 			2741


Using pass: pass_replace_return_values -- Successful
	# of nodes: 			10930
	# of irgs: 				101
	# of cf manipulations: 	623
	# of memory operations: 2156
	# of types: 			2741



Using pass: pass_libfirm_occult_consts -- Successful
	# of nodes: 			10922
	# of irgs: 				101
	# of cf manipulations: 	623
	# of memory operations: 2156
	# of types: 			2741



Using pass: pass_simplify_consts -- Successful
	# of nodes: 			9522
	# of irgs: 				101
	# of cf manipulations: 	586
	# of memory operations: 2140
	# of types: 			2741



Using pass: pass_gc_irgs
	 :: Pass failed on irg 'r_func_21'
	 :: Pass failed on irg 'r_func_43' -- Successful
	# of nodes: 			109
	# of irgs: 				2
	# of cf manipulations: 	9
	# of memory operations: 24
	# of types: 			2741



Using pass: pass_libfirm_construct_confirms -- No improvement
	# of nodes: 			109
	# of irgs: 				2
	# of cf manipulations: 	9
	# of memory operations: 24
	# of types: 			2741



Using pass: pass_libfirm_opt_jumpthreading -- No improvement
	# of nodes: 			109
	# of irgs: 				2
	# of cf manipulations: 	9
	# of memory operations: 24
	# of types: 			2741



Using pass: pass_libfirm_gvn_pre -- No improvement
	# of nodes: 			109
	# of irgs: 				2
	# of cf manipulations: 	9
	# of memory operations: 24
	# of types: 			2741



Using pass: pass_libfirm_scalar_replacement_opt -- No improvement
	# of nodes: 			109
	# of irgs: 				2
	# of cf manipulations: 	9
	# of memory operations: 24
	# of types: 			2741



Using pass: pass_libfirm_opt_if_conv -- No improvement
	# of nodes: 			109
	# of irgs: 				2
	# of cf manipulations: 	9
	# of memory operations: 24
	# of types: 			2741



Using pass: pass_libfirm_opt_bool -- No improvement
	# of nodes: 			109
	# of irgs: 				2
	# of cf manipulations: 	9
	# of memory operations: 24
	# of types: 			2741



Using pass: pass_replace_arithmetic -- No improvement
	# of nodes: 			109
	# of irgs: 				2
	# of cf manipulations: 	9
	# of memory operations: 24
	# of types: 			2741



Using pass: pass_libfirm_do_loop_inversion -- No improvement
	# of nodes: 			109
	# of irgs: 				2
	# of cf manipulations: 	9
	# of memory operations: 24
	# of types: 			2741



Using pass: pass_gc_irgs -- No improvement
	# of nodes: 			109
	# of irgs: 				2
	# of cf manipulations: 	9
	# of memory operations: 24
	# of types: 			2741



Using pass: pass_libfirm_normalize_one_return -- No improvement
	# of nodes: 			109
	# of irgs: 				2
	# of cf manipulations: 	9
	# of memory operations: 24
	# of types: 			2741



Using pass: pass_gc_irgs -- No improvement
	# of nodes: 			109
	# of irgs: 				2
	# of cf manipulations: 	9
	# of memory operations: 24
	# of types: 			2741



Using pass: pass_libfirm_optimize_reassociation -- No improvement
	# of nodes: 			109
	# of irgs: 				2
	# of cf manipulations: 	9
	# of memory operations: 24
	# of types: 			2741



Using pass: pass_libfirm_remove_unreachable -- No improvement
	# of nodes: 			109
	# of irgs: 				2
	# of cf manipulations: 	9
	# of memory operations: 24
	# of types: 			2741



Using pass: pass_libfirm_opt_jumpthreading -- No improvement
	# of nodes: 			109
	# of irgs: 				2
	# of cf manipulations: 	9
	# of memory operations: 24
	# of types: 			2741



Using pass: pass_libfirm_opt_ldst
	 :: Pass failed on irg 'main'
	 :: Pass failed on irg 'r_func_95' -- No improvement
	# of nodes: 			109
	# of irgs: 				2
	# of cf manipulations: 	9
	# of memory operations: 24
	# of types: 			2741



Using pass: pass_libfirm_opt_funccalls -- No improvement
	# of nodes: 			109
	# of irgs: 				2
	# of cf manipulations: 	9
	# of memory operations: 24
	# of types: 			2741



Using pass: pass_libfirm_do_loop_unrolling -- No improvement
	# of nodes: 			109
	# of irgs: 				2
	# of cf manipulations: 	9
	# of memory operations: 24
	# of types: 			2741



Using pass: pass_gc_entitites -- Successful
	# of nodes: 			109
	# of irgs: 				2
	# of cf manipulations: 	9
	# of memory operations: 24
	# of types: 			2741



Using pass: pass_libfirm_remove_unreachable -- No improvement
	# of nodes: 			109
	# of irgs: 				2
	# of cf manipulations: 	9
	# of memory operations: 24
	# of types: 			2741



Using pass: pass_libfirm_remove_critical_cf_edges -- No improvement
	# of nodes: 			109
	# of irgs: 				2
	# of cf manipulations: 	9
	# of memory operations: 24
	# of types: 			2741



Using pass: pass_libfirm_combo -- No improvement
	# of nodes: 			109
	# of irgs: 				2
	# of cf manipulations: 	9
	# of memory operations: 24
	# of types: 			2741



Using pass: pass_libfirm_normalize_n_returns -- Successful
	# of nodes: 			108
	# of irgs: 				2
	# of cf manipulations: 	8
	# of memory operations: 24
	# of types: 			2741



Using pass: pass_libfirm_opt_ldst
	 :: Pass failed on irg 'r_func_95'
	 :: Pass failed on irg 'main' -- No improvement
	# of nodes: 			108
	# of irgs: 				2
	# of cf manipulations: 	8
	# of memory operations: 24
	# of types: 			2741



Using pass: pass_remove_allocs -- No improvement
	# of nodes: 			108
	# of irgs: 				2
	# of cf manipulations: 	8
	# of memory operations: 24
	# of types: 			2741



Using pass: pass_libfirm_opt_funccalls -- No improvement
	# of nodes: 			108
	# of irgs: 				2
	# of cf manipulations: 	8
	# of memory operations: 24
	# of types: 			2741



Using pass: pass_replace_loads
	 :: Pass failed on irg 'r_func_95'
	 :: Pass failed on irg 'r_func_95' -- No improvement
	# of nodes: 			108
	# of irgs: 				2
	# of cf manipulations: 	8
	# of memory operations: 24
	# of types: 			2741



Using pass: pass_libfirm_optimize_load_store -- No improvement
	# of nodes: 			108
	# of irgs: 				2
	# of cf manipulations: 	8
	# of memory operations: 24
	# of types: 			2741



Using pass: pass_libfirm_opt_if_conv -- Successful
	# of nodes: 			109
	# of irgs: 				2
	# of cf manipulations: 	9
	# of memory operations: 24
	# of types: 			2741



Using pass: pass_libfirm_opt_tail_rec -- Successful
	# of nodes: 			106
	# of irgs: 				2
	# of cf manipulations: 	8
	# of memory operations: 24
	# of types: 			2741



Using pass: pass_libfirm_do_loop_inversion -- No improvement
	# of nodes: 			106
	# of irgs: 				2
	# of cf manipulations: 	8
	# of memory operations: 24
	# of types: 			2741



Using pass: pass_remove_allocs -- No improvement
	# of nodes: 			106
	# of irgs: 				2
	# of cf manipulations: 	8
	# of memory operations: 24
	# of types: 			2741



Using pass: pass_remove_allocs -- No improvement
	# of nodes: 			106
	# of irgs: 				2
	# of cf manipulations: 	8
	# of memory operations: 24
	# of types: 			2741



Using pass: pass_libfirm_opt_jumpthreading -- No improvement
	# of nodes: 			106
	# of irgs: 				2
	# of cf manipulations: 	8
	# of memory operations: 24
	# of types: 			2741



Using pass: pass_libfirm_opt_if_conv -- Successful
	# of nodes: 			109
	# of irgs: 				2
	# of cf manipulations: 	9
	# of memory operations: 24
	# of types: 			2741



Using pass: pass_libfirm_dead_code_elimination -- No improvement
	# of nodes: 			109
	# of irgs: 				2
	# of cf manipulations: 	9
	# of memory operations: 24
	# of types: 			2741



Using pass: pass_libfirm_dead_code_elimination -- No improvement
	# of nodes: 			109
	# of irgs: 				2
	# of cf manipulations: 	9
	# of memory operations: 24
	# of types: 			2741



Using pass: pass_libfirm_opt_frame -- No improvement
	# of nodes: 			109
	# of irgs: 				2
	# of cf manipulations: 	9
	# of memory operations: 24
	# of types: 			2741



Using pass: pass_libfirm_remove_bads -- No improvement
	# of nodes: 			109
	# of irgs: 				2
	# of cf manipulations: 	9
	# of memory operations: 24
	# of types: 			2741



Using pass: pass_libfirm_gvn_pre -- No improvement
	# of nodes: 			109
	# of irgs: 				2
	# of cf manipulations: 	9
	# of memory operations: 24
	# of types: 			2741



Using pass: pass_libfirm_opt_tail_rec -- No improvement
	# of nodes: 			109
	# of irgs: 				2
	# of cf manipulations: 	9
	# of memory operations: 24
	# of types: 			2741



Using pass: pass_libfirm_opt_jumpthreading -- No improvement
	# of nodes: 			109
	# of irgs: 				2
	# of cf manipulations: 	9
	# of memory operations: 24
	# of types: 			2741



Using pass: pass_check_validity -- No improvement
	# of nodes: 			109
	# of irgs: 				2
	# of cf manipulations: 	9
	# of memory operations: 24
	# of types: 			2741



Using pass: pass_libfirm_place_code -- No improvement
	# of nodes: 			109
	# of irgs: 				2
	# of cf manipulations: 	9
	# of memory operations: 24
	# of types: 			2741



Using pass: pass_libfirm_remove_bads -- No improvement
	# of nodes: 			109
	# of irgs: 				2
	# of cf manipulations: 	9
	# of memory operations: 24
	# of types: 			2741



Using pass: pass_libfirm_opt_blocks -- No improvement
	# of nodes: 			109
	# of irgs: 				2
	# of cf manipulations: 	9
	# of memory operations: 24
	# of types: 			2741



Using pass: pass_replace_cond_selectors -- No improvement
	# of nodes: 			109
	# of irgs: 				2
	# of cf manipulations: 	9
	# of memory operations: 24
	# of types: 			2741



Using pass: pass_replace_members -- No improvement
	# of nodes: 			109
	# of irgs: 				2
	# of cf manipulations: 	9
	# of memory operations: 24
	# of types: 			2741



Using pass: pass_libfirm_optimize_cf -- Successful
	# of nodes: 			107
	# of irgs: 				2
	# of cf manipulations: 	8
	# of memory operations: 24
	# of types: 			2741



Using pass: pass_libfirm_optimize_graph_df -- No improvement
	# of nodes: 			107
	# of irgs: 				2
	# of cf manipulations: 	8
	# of memory operations: 24
	# of types: 			2741



Using pass: pass_libfirm_optimize_load_store -- Successful
	# of nodes: 			93
	# of irgs: 				2
	# of cf manipulations: 	9
	# of memory operations: 20
	# of types: 			2741



Using pass: pass_gc_entitites -- No improvement
	# of nodes: 			93
	# of irgs: 				2
	# of cf manipulations: 	9
	# of memory operations: 20
	# of types: 			2741



Using pass: pass_libfirm_optimize_load_store -- No improvement
	# of nodes: 			93
	# of irgs: 				2
	# of cf manipulations: 	9
	# of memory operations: 20
	# of types: 			2741



Using pass: pass_libfirm_remove_bads -- No improvement
	# of nodes: 			93
	# of irgs: 				2
	# of cf manipulations: 	9
	# of memory operations: 20
	# of types: 			2741



Using pass: pass_libfirm_optimize_load_store -- No improvement
	# of nodes: 			93
	# of irgs: 				2
	# of cf manipulations: 	9
	# of memory operations: 20
	# of types: 			2741



Using pass: pass_libfirm_dead_code_elimination -- No improvement
	# of nodes: 			93
	# of irgs: 				2
	# of cf manipulations: 	9
	# of memory operations: 20
	# of types: 			2741



Using pass: pass_replace_mux_selectors -- No improvement
	# of nodes: 			93
	# of irgs: 				2
	# of cf manipulations: 	9
	# of memory operations: 20
	# of types: 			2741



Using pass: pass_libfirm_opt_jumpthreading -- No improvement
	# of nodes: 			93
	# of irgs: 				2
	# of cf manipulations: 	9
	# of memory operations: 20
	# of types: 			2741



Using pass: pass_libfirm_optimize_cf -- Successful
	# of nodes: 			85
	# of irgs: 				2
	# of cf manipulations: 	7
	# of memory operations: 20
	# of types: 			2741



Using pass: pass_simplify_consts -- No improvement
	# of nodes: 			85
	# of irgs: 				2
	# of cf manipulations: 	7
	# of memory operations: 20
	# of types: 			2741



Using pass: pass_libfirm_gvn_pre -- No improvement
	# of nodes: 			85
	# of irgs: 				2
	# of cf manipulations: 	7
	# of memory operations: 20
	# of types: 			2741



Using pass: pass_replace_arithmetic -- No improvement
	# of nodes: 			85
	# of irgs: 				2
	# of cf manipulations: 	7
	# of memory operations: 20
	# of types: 			2741



Using pass: pass_libfirm_gvn_pre -- No improvement
	# of nodes: 			85
	# of irgs: 				2
	# of cf manipulations: 	7
	# of memory operations: 20
	# of types: 			2741



Using pass: pass_replace_mux_selectors -- No improvement
	# of nodes: 			85
	# of irgs: 				2
	# of cf manipulations: 	7
	# of memory operations: 20
	# of types: 			2741



Using pass: pass_gc_irgs -- No improvement
	# of nodes: 			85
	# of irgs: 				2
	# of cf manipulations: 	7
	# of memory operations: 20
	# of types: 			2741



Using pass: pass_libfirm_dead_code_elimination -- No improvement
	# of nodes: 			85
	# of irgs: 				2
	# of cf manipulations: 	7
	# of memory operations: 20
	# of types: 			2741



Using pass: pass_libfirm_normalize_one_return -- No improvement
	# of nodes: 			85
	# of irgs: 				2
	# of cf manipulations: 	7
	# of memory operations: 20
	# of types: 			2741



Using pass: pass_libfirm_conv_opt -- No improvement
	# of nodes: 			85
	# of irgs: 				2
	# of cf manipulations: 	7
	# of memory operations: 20
	# of types: 			2741



Using pass: pass_libfirm_optimize_load_store -- Successful
	# of nodes: 			80
	# of irgs: 				2
	# of cf manipulations: 	7
	# of memory operations: 19
	# of types: 			2741



Using pass: pass_libfirm_do_loop_peeling -- No improvement
	# of nodes: 			80
	# of irgs: 				2
	# of cf manipulations: 	7
	# of memory operations: 19
	# of types: 			2741



Using pass: pass_libfirm_remove_unreachable -- No improvement
	# of nodes: 			80
	# of irgs: 				2
	# of cf manipulations: 	7
	# of memory operations: 19
	# of types: 			2741



Using pass: pass_remove_stores -- No improvement
	# of nodes: 			80
	# of irgs: 				2
	# of cf manipulations: 	7
	# of memory operations: 19
	# of types: 			2741



Using pass: pass_replace_mux_selectors -- No improvement
	# of nodes: 			80
	# of irgs: 				2
	# of cf manipulations: 	7
	# of memory operations: 19
	# of types: 			2741



Using pass: pass_replace_arithmetic -- No improvement
	# of nodes: 			80
	# of irgs: 				2
	# of cf manipulations: 	7
	# of memory operations: 19
	# of types: 			2741



Using pass: pass_libfirm_optimize_cf -- No improvement
	# of nodes: 			80
	# of irgs: 				2
	# of cf manipulations: 	7
	# of memory operations: 19
	# of types: 			2741



Using pass: pass_libfirm_remove_tuples -- No improvement
	# of nodes: 			80
	# of irgs: 				2
	# of cf manipulations: 	7
	# of memory operations: 19
	# of types: 			2741



Using pass: pass_replace_switch_selectors -- No improvement
	# of nodes: 			80
	# of irgs: 				2
	# of cf manipulations: 	7
	# of memory operations: 19
	# of types: 			2741



Using pass: pass_check_validity -- No improvement
	# of nodes: 			80
	# of irgs: 				2
	# of cf manipulations: 	7
	# of memory operations: 19
	# of types: 			2741



Using pass: pass_libfirm_normalize_n_returns -- Successful
	# of nodes: 			77
	# of irgs: 				2
	# of cf manipulations: 	6
	# of memory operations: 19
	# of types: 			2741



Using pass: pass_replace_cond_selectors -- No improvement
	# of nodes: 			77
	# of irgs: 				2
	# of cf manipulations: 	6
	# of memory operations: 19
	# of types: 			2741



Using pass: pass_replace_cond_selectors -- Successful
	# of nodes: 			50
	# of irgs: 				2
	# of cf manipulations: 	4
	# of memory operations: 13
	# of types: 			2741



Using pass: pass_gc_entitites -- No improvement
	# of nodes: 			50
	# of irgs: 				2
	# of cf manipulations: 	4
	# of memory operations: 13
	# of types: 			2741



Using pass: pass_libfirm_gvn_pre -- No improvement
	# of nodes: 			50
	# of irgs: 				2
	# of cf manipulations: 	4
	# of memory operations: 13
	# of types: 			2741



Using pass: pass_libfirm_opt_bool -- No improvement
	# of nodes: 			50
	# of irgs: 				2
	# of cf manipulations: 	4
	# of memory operations: 13
	# of types: 			2741



Using pass: pass_replace_proj_primitive -- Successful
	# of nodes: 			45
	# of irgs: 				2
	# of cf manipulations: 	4
	# of memory operations: 13
	# of types: 			2741



Using pass: pass_libfirm_do_loop_unrolling -- No improvement
	# of nodes: 			45
	# of irgs: 				2
	# of cf manipulations: 	4
	# of memory operations: 13
	# of types: 			2741



Using pass: pass_replace_members -- No improvement
	# of nodes: 			45
	# of irgs: 				2
	# of cf manipulations: 	4
	# of memory operations: 13
	# of types: 			2741



Using pass: pass_libfirm_dead_code_elimination -- No improvement
	# of nodes: 			45
	# of irgs: 				2
	# of cf manipulations: 	4
	# of memory operations: 13
	# of types: 			2741



Using pass: pass_simplify_consts -- Successful
	# of nodes: 			44
	# of irgs: 				2
	# of cf manipulations: 	4
	# of memory operations: 13
	# of types: 			2741



Using pass: pass_check_validity -- No improvement
	# of nodes: 			44
	# of irgs: 				2
	# of cf manipulations: 	4
	# of memory operations: 13
	# of types: 			2741



Using pass: pass_libfirm_normalize_n_returns -- No improvement
	# of nodes: 			44
	# of irgs: 				2
	# of cf manipulations: 	4
	# of memory operations: 13
	# of types: 			2741



Using pass: pass_libfirm_opt_jumpthreading -- No improvement
	# of nodes: 			44
	# of irgs: 				2
	# of cf manipulations: 	4
	# of memory operations: 13
	# of types: 			2741



Using pass: pass_libfirm_opt_frame -- No improvement
	# of nodes: 			44
	# of irgs: 				2
	# of cf manipulations: 	4
	# of memory operations: 13
	# of types: 			2741



Using pass: pass_libfirm_conv_opt -- No improvement
	# of nodes: 			44
	# of irgs: 				2
	# of cf manipulations: 	4
	# of memory operations: 13
	# of types: 			2741



Using pass: pass_replace_switch_selectors -- No improvement
	# of nodes: 			44
	# of irgs: 				2
	# of cf manipulations: 	4
	# of memory operations: 13
	# of types: 			2741



Using pass: pass_libfirm_do_loop_inversion -- No improvement
	# of nodes: 			44
	# of irgs: 				2
	# of cf manipulations: 	4
	# of memory operations: 13
	# of types: 			2741



Using pass: pass_remove_void_calls -- No improvement
	# of nodes: 			44
	# of irgs: 				2
	# of cf manipulations: 	4
	# of memory operations: 13
	# of types: 			2741



Using pass: pass_replace_switch_selectors -- No improvement
	# of nodes: 			44
	# of irgs: 				2
	# of cf manipulations: 	4
	# of memory operations: 13
	# of types: 			2741



Using pass: pass_libfirm_optimize_cf -- No improvement
	# of nodes: 			44
	# of irgs: 				2
	# of cf manipulations: 	4
	# of memory operations: 13
	# of types: 			2741



Using pass: pass_gc_entitites -- No improvement
	# of nodes: 			44
	# of irgs: 				2
	# of cf manipulations: 	4
	# of memory operations: 13
	# of types: 			2741



Using pass: pass_libfirm_opt_funccalls -- No improvement
	# of nodes: 			44
	# of irgs: 				2
	# of cf manipulations: 	4
	# of memory operations: 13
	# of types: 			2741



Using pass: pass_gc_irgs_primitive -- Successful
	# of nodes: 			7
	# of irgs: 				1
	# of cf manipulations: 	2
	# of memory operations: 0
	# of types: 			2741



Using pass: pass_libfirm_opt_frame -- No improvement
	# of nodes: 			7
	# of irgs: 				1
	# of cf manipulations: 	2
	# of memory operations: 0
	# of types: 			2741



Using pass: pass_replace_switch_selectors -- No improvement
	# of nodes: 			7
	# of irgs: 				1
	# of cf manipulations: 	2
	# of memory operations: 0
	# of types: 			2741



Using pass: pass_libfirm_optimize_cf -- No improvement
	# of nodes: 			7
	# of irgs: 				1
	# of cf manipulations: 	2
	# of memory operations: 0
	# of types: 			2741



Using pass: pass_replace_proj_primitive -- No improvement
	# of nodes: 			7
	# of irgs: 				1
	# of cf manipulations: 	2
	# of memory operations: 0
	# of types: 			2741



Using pass: pass_libfirm_opt_jumpthreading -- No improvement
	# of nodes: 			7
	# of irgs: 				1
	# of cf manipulations: 	2
	# of memory operations: 0
	# of types: 			2741



Using pass: pass_replace_return_values -- No improvement
	# of nodes: 			7
	# of irgs: 				1
	# of cf manipulations: 	2
	# of memory operations: 0
	# of types: 			2741



Using pass: pass_libfirm_opt_if_conv -- No improvement
	# of nodes: 			7
	# of irgs: 				1
	# of cf manipulations: 	2
	# of memory operations: 0
	# of types: 			2741



Using pass: pass_libfirm_do_loop_inversion -- No improvement
	# of nodes: 			7
	# of irgs: 				1
	# of cf manipulations: 	2
	# of memory operations: 0
	# of types: 			2741



Using pass: pass_replace_loads -- No improvement
	# of nodes: 			7
	# of irgs: 				1
	# of cf manipulations: 	2
	# of memory operations: 0
	# of types: 			2741



Using pass: pass_replace_proj_primitive -- No improvement
	# of nodes: 			7
	# of irgs: 				1
	# of cf manipulations: 	2
	# of memory operations: 0
	# of types: 			2741



Using pass: pass_libfirm_scalar_replacement_opt -- No improvement
	# of nodes: 			7
	# of irgs: 				1
	# of cf manipulations: 	2
	# of memory operations: 0
	# of types: 			2741



Using pass: pass_libfirm_do_loop_inversion -- No improvement
	# of nodes: 			7
	# of irgs: 				1
	# of cf manipulations: 	2
	# of memory operations: 0
	# of types: 			2741



Using pass: pass_libfirm_opt_if_conv -- No improvement
	# of nodes: 			7
	# of irgs: 				1
	# of cf manipulations: 	2
	# of memory operations: 0
	# of types: 			2741



Using pass: pass_replace_members -- No improvement
	# of nodes: 			7
	# of irgs: 				1
	# of cf manipulations: 	2
	# of memory operations: 0
	# of types: 			2741



Using pass: pass_libfirm_remove_critical_cf_edges -- No improvement
	# of nodes: 			7
	# of irgs: 				1
	# of cf manipulations: 	2
	# of memory operations: 0
	# of types: 			2741



Using pass: pass_remove_void_calls -- No improvement
	# of nodes: 			7
	# of irgs: 				1
	# of cf manipulations: 	2
	# of memory operations: 0
	# of types: 			2741



Using pass: pass_libfirm_optimize_graph_df -- No improvement
	# of nodes: 			7
	# of irgs: 				1
	# of cf manipulations: 	2
	# of memory operations: 0
	# of types: 			2741



Using pass: pass_remove_allocs -- No improvement
	# of nodes: 			7
	# of irgs: 				1
	# of cf manipulations: 	2
	# of memory operations: 0
	# of types: 			2741



Using pass: pass_libfirm_gvn_pre -- No improvement
	# of nodes: 			7
	# of irgs: 				1
	# of cf manipulations: 	2
	# of memory operations: 0
	# of types: 			2741



Using pass: pass_gc_irgs -- No improvement
	# of nodes: 			7
	# of irgs: 				1
	# of cf manipulations: 	2
	# of memory operations: 0
	# of types: 			2741



Using pass: pass_simplify_consts -- No improvement
	# of nodes: 			7
	# of irgs: 				1
	# of cf manipulations: 	2
	# of memory operations: 0
	# of types: 			2741



Using pass: pass_libfirm_optimize_load_store -- No improvement
	# of nodes: 			7
	# of irgs: 				1
	# of cf manipulations: 	2
	# of memory operations: 0
	# of types: 			2741



Using pass: pass_remove_stores -- No improvement
	# of nodes: 			7
	# of irgs: 				1
	# of cf manipulations: 	2
	# of memory operations: 0
	# of types: 			2741



Using pass: pass_libfirm_place_code -- No improvement
	# of nodes: 			7
	# of irgs: 				1
	# of cf manipulations: 	2
	# of memory operations: 0
	# of types: 			2741



Using pass: pass_libfirm_opt_funccalls -- No improvement
	# of nodes: 			7
	# of irgs: 				1
	# of cf manipulations: 	2
	# of memory operations: 0
	# of types: 			2741



Using pass: pass_libfirm_optimize_reassociation -- No improvement
	# of nodes: 			7
	# of irgs: 				1
	# of cf manipulations: 	2
	# of memory operations: 0
	# of types: 			2741



Using pass: pass_libfirm_remove_bads -- No improvement
	# of nodes: 			7
	# of irgs: 				1
	# of cf manipulations: 	2
	# of memory operations: 0
	# of types: 			2741



Using pass: pass_libfirm_remove_bads -- No improvement
	# of nodes: 			7
	# of irgs: 				1
	# of cf manipulations: 	2
	# of memory operations: 0
	# of types: 			2741



Using pass: pass_libfirm_do_loop_inversion -- No improvement
	# of nodes: 			7
	# of irgs: 				1
	# of cf manipulations: 	2
	# of memory operations: 0
	# of types: 			2741



Using pass: pass_replace_members -- No improvement
	# of nodes: 			7
	# of irgs: 				1
	# of cf manipulations: 	2
	# of memory operations: 0
	# of types: 			2741



Using pass: pass_remove_void_calls -- No improvement
	# of nodes: 			7
	# of irgs: 				1
	# of cf manipulations: 	2
	# of memory operations: 0
	# of types: 			2741



Using pass: pass_libfirm_optimize_load_store -- No improvement
	# of nodes: 			7
	# of irgs: 				1
	# of cf manipulations: 	2
	# of memory operations: 0
	# of types: 			2741



Using pass: pass_libfirm_remove_unreachable -- No improvement
	# of nodes: 			7
	# of irgs: 				1
	# of cf manipulations: 	2
	# of memory operations: 0
	# of types: 			2741



Using pass: pass_libfirm_occult_consts -- No improvement
	# of nodes: 			7
	# of irgs: 				1
	# of cf manipulations: 	2
	# of memory operations: 0
	# of types: 			2741



Using pass: pass_libfirm_optimize_graph_df -- No improvement
	# of nodes: 			7
	# of irgs: 				1
	# of cf manipulations: 	2
	# of memory operations: 0
	# of types: 			2741



Using pass: pass_replace_cond_selectors -- No improvement
	# of nodes: 			7
	# of irgs: 				1
	# of cf manipulations: 	2
	# of memory operations: 0
	# of types: 			2741



Using pass: pass_replace_return_values -- No improvement
	# of nodes: 			7
	# of irgs: 				1
	# of cf manipulations: 	2
	# of memory operations: 0
	# of types: 			2741



Using pass: pass_simplify_consts -- No improvement
	# of nodes: 			7
	# of irgs: 				1
	# of cf manipulations: 	2
	# of memory operations: 0
	# of types: 			2741



Using pass: pass_replace_mux_selectors -- No improvement
	# of nodes: 			7
	# of irgs: 				1
	# of cf manipulations: 	2
	# of memory operations: 0
	# of types: 			2741



Using pass: pass_gc_irgs -- No improvement
	# of nodes: 			7
	# of irgs: 				1
	# of cf manipulations: 	2
	# of memory operations: 0
	# of types: 			2741



Using pass: pass_replace_switch_selectors -- No improvement
	# of nodes: 			7
	# of irgs: 				1
	# of cf manipulations: 	2
	# of memory operations: 0
	# of types: 			2741



Using pass: pass_libfirm_opt_funccalls -- No improvement
	# of nodes: 			7
	# of irgs: 				1
	# of cf manipulations: 	2
	# of memory operations: 0
	# of types: 			2741



Using pass: pass_libfirm_conv_opt -- No improvement
	# of nodes: 			7
	# of irgs: 				1
	# of cf manipulations: 	2
	# of memory operations: 0
	# of types: 			2741



Using pass: pass_remove_void_calls -- No improvement
	# of nodes: 			7
	# of irgs: 				1
	# of cf manipulations: 	2
	# of memory operations: 0
	# of types: 			2741



Using pass: pass_gc_irgs -- No improvement
	# of nodes: 			7
	# of irgs: 				1
	# of cf manipulations: 	2
	# of memory operations: 0
	# of types: 			2741



Using pass: pass_libfirm_opt_tail_rec -- No improvement
	# of nodes: 			7
	# of irgs: 				1
	# of cf manipulations: 	2
	# of memory operations: 0
	# of types: 			2741



Using pass: pass_gc_irgs_primitive -- No improvement
	# of nodes: 			7
	# of irgs: 				1
	# of cf manipulations: 	2
	# of memory operations: 0
	# of types: 			2741



Using pass: pass_simplify_consts -- No improvement
	# of nodes: 			7
	# of irgs: 				1
	# of cf manipulations: 	2
	# of memory operations: 0
	# of types: 			2741



Using pass: pass_libfirm_opt_if_conv -- No improvement
	# of nodes: 			7
	# of irgs: 				1
	# of cf manipulations: 	2
	# of memory operations: 0
	# of types: 			2741



Using pass: pass_libfirm_scalar_replacement_opt -- No improvement
	# of nodes: 			7
	# of irgs: 				1
	# of cf manipulations: 	2
	# of memory operations: 0
	# of types: 			2741



Using pass: pass_replace_proj_primitive -- No improvement
	# of nodes: 			7
	# of irgs: 				1
	# of cf manipulations: 	2
	# of memory operations: 0
	# of types: 			2741



Using pass: pass_libfirm_optimize_graph_df -- No improvement
	# of nodes: 			7
	# of irgs: 				1
	# of cf manipulations: 	2
	# of memory operations: 0
	# of types: 			2741



Using pass: pass_libfirm_remove_tuples -- No improvement
	# of nodes: 			7
	# of irgs: 				1
	# of cf manipulations: 	2
	# of memory operations: 0
	# of types: 			2741



Using pass: pass_libfirm_remove_bads -- No improvement
	# of nodes: 			7
	# of irgs: 				1
	# of cf manipulations: 	2
	# of memory operations: 0
	# of types: 			2741



Using pass: pass_libfirm_remove_bads -- No improvement
	# of nodes: 			7
	# of irgs: 				1
	# of cf manipulations: 	2
	# of memory operations: 0
	# of types: 			2741



Using pass: pass_libfirm_opt_funccalls -- No improvement
	# of nodes: 			7
	# of irgs: 				1
	# of cf manipulations: 	2
	# of memory operations: 0
	# of types: 			2741



Using pass: pass_libfirm_dead_code_elimination -- No improvement
	# of nodes: 			7
	# of irgs: 				1
	# of cf manipulations: 	2
	# of memory operations: 0
	# of types: 			2741



Using pass: pass_libfirm_construct_confirms -- No improvement
	# of nodes: 			7
	# of irgs: 				1
	# of cf manipulations: 	2
	# of memory operations: 0
	# of types: 			2741



Using pass: pass_libfirm_opt_parallelize_mem -- No improvement
	# of nodes: 			7
	# of irgs: 				1
	# of cf manipulations: 	2
	# of memory operations: 0
	# of types: 			2741



Using pass: pass_libfirm_opt_funccalls -- No improvement
	# of nodes: 			7
	# of irgs: 				1
	# of cf manipulations: 	2
	# of memory operations: 0
	# of types: 			2741



Using pass: pass_replace_cond_selectors -- No improvement
	# of nodes: 			7
	# of irgs: 				1
	# of cf manipulations: 	2
	# of memory operations: 0
	# of types: 			2741



Using pass: pass_libfirm_opt_blocks -- No improvement
	# of nodes: 			7
	# of irgs: 				1
	# of cf manipulations: 	2
	# of memory operations: 0
	# of types: 			2741



Using pass: pass_check_validity -- No improvement
	# of nodes: 			7
	# of irgs: 				1
	# of cf manipulations: 	2
	# of memory operations: 0
	# of types: 			2741



Using pass: pass_libfirm_opt_frame -- No improvement
	# of nodes: 			7
	# of irgs: 				1
	# of cf manipulations: 	2
	# of memory operations: 0
	# of types: 			2741



Using pass: pass_gc_irgs -- No improvement
	# of nodes: 			7
	# of irgs: 				1
	# of cf manipulations: 	2
	# of memory operations: 0
	# of types: 			2741



Using pass: pass_libfirm_opt_blocks -- No improvement
	# of nodes: 			7
	# of irgs: 				1
	# of cf manipulations: 	2
	# of memory operations: 0
	# of types: 			2741



Using pass: pass_replace_loads -- No improvement
	# of nodes: 			7
	# of irgs: 				1
	# of cf manipulations: 	2
	# of memory operations: 0
	# of types: 			2741



Using pass: pass_libfirm_normalize_one_return -- No improvement
	# of nodes: 			7
	# of irgs: 				1
	# of cf manipulations: 	2
	# of memory operations: 0
	# of types: 			2741



Using pass: pass_libfirm_do_loop_inversion -- No improvement
	# of nodes: 			7
	# of irgs: 				1
	# of cf manipulations: 	2
	# of memory operations: 0
	# of types: 			2741



Using pass: pass_libfirm_do_loop_unrolling -- No improvement
	# of nodes: 			7
	# of irgs: 				1
	# of cf manipulations: 	2
	# of memory operations: 0
	# of types: 			2741



Using pass: pass_replace_cond_selectors -- No improvement
	# of nodes: 			7
	# of irgs: 				1
	# of cf manipulations: 	2
	# of memory operations: 0
	# of types: 			2741



Using pass: pass_remove_void_calls -- No improvement
	# of nodes: 			7
	# of irgs: 				1
	# of cf manipulations: 	2
	# of memory operations: 0
	# of types: 			2741



Using pass: pass_libfirm_optimize_cf -- No improvement
	# of nodes: 			7
	# of irgs: 				1
	# of cf manipulations: 	2
	# of memory operations: 0
	# of types: 			2741



Using pass: pass_libfirm_opt_jumpthreading -- No improvement
	# of nodes: 			7
	# of irgs: 				1
	# of cf manipulations: 	2
	# of memory operations: 0
	# of types: 			2741



Using pass: pass_replace_arithmetic -- No improvement
	# of nodes: 			7
	# of irgs: 				1
	# of cf manipulations: 	2
	# of memory operations: 0
	# of types: 			2741



Using pass: pass_libfirm_opt_funccalls -- No improvement
	# of nodes: 			7
	# of irgs: 				1
	# of cf manipulations: 	2
	# of memory operations: 0
	# of types: 			2741



Using pass: pass_libfirm_opt_parallelize_mem -- No improvement
	# of nodes: 			7
	# of irgs: 				1
	# of cf manipulations: 	2
	# of memory operations: 0
	# of types: 			2741



Using pass: pass_replace_members -- No improvement
	# of nodes: 			7
	# of irgs: 				1
	# of cf manipulations: 	2
	# of memory operations: 0
	# of types: 			2741



Using pass: pass_gc_irgs_primitive -- No improvement
	# of nodes: 			7
	# of irgs: 				1
	# of cf manipulations: 	2
	# of memory operations: 0
	# of types: 			2741




 :: 2nd reduction cycle


______________________________

No further reduction possible.

Result:
	# of nodes: 			7
	# of irgs: 				1
	# of cf manipulations: 	2
	# of memory operations: 0
	# of types: 			2741

2018-08-23 20:47:14