2018-08-24 06:55:16 -- Firmreduce -- Results

Initial Test-case size:
	# of nodes: 			1093
	# of irgs: 				6
	# of cf manipulations: 	64
	# of memory operations: 177
	# of types: 			252


Using pass: pass_replace_proj_primitive -- Successful
	# of nodes: 			573
	# of irgs: 				6
	# of cf manipulations: 	23
	# of memory operations: 135
	# of types: 			252



Using pass: pass_libfirm_opt_funccalls -- No improvement
	# of nodes: 			573
	# of irgs: 				6
	# of cf manipulations: 	23
	# of memory operations: 135
	# of types: 			252



Using pass: pass_replace_mux_selectors -- No improvement
	# of nodes: 			573
	# of irgs: 				6
	# of cf manipulations: 	23
	# of memory operations: 135
	# of types: 			252



Using pass: pass_libfirm_combo -- Successful
	# of nodes: 			531
	# of irgs: 				6
	# of cf manipulations: 	18
	# of memory operations: 135
	# of types: 			252



Using pass: pass_libfirm_conv_opt -- Successful
	# of nodes: 			507
	# of irgs: 				6
	# of cf manipulations: 	18
	# of memory operations: 135
	# of types: 			252



Using pass: pass_check_validity -- No improvement
	# of nodes: 			507
	# of irgs: 				6
	# of cf manipulations: 	18
	# of memory operations: 135
	# of types: 			252



Using pass: pass_replace_loads
	 :: Pass failed on irg 'r_func_3'
	 :: Pass failed on irg 'r_func_2'
	 :: Pass failed on irg 'r_func_1'
	 :: Pass failed on irg 'r_func_3'
	 :: Pass failed on irg 'r_func_2'
	 :: Pass failed on irg '_main' -- No improvement
	# of nodes: 			507
	# of irgs: 				6
	# of cf manipulations: 	18
	# of memory operations: 135
	# of types: 			252



Using pass: pass_check_validity -- No improvement
	# of nodes: 			507
	# of irgs: 				6
	# of cf manipulations: 	18
	# of memory operations: 135
	# of types: 			252



Using pass: pass_libfirm_opt_blocks -- No improvement
	# of nodes: 			507
	# of irgs: 				6
	# of cf manipulations: 	18
	# of memory operations: 135
	# of types: 			252



Using pass: pass_libfirm_dead_code_elimination -- No improvement
	# of nodes: 			507
	# of irgs: 				6
	# of cf manipulations: 	18
	# of memory operations: 135
	# of types: 			252



Using pass: pass_libfirm_opt_ldst
	 :: Pass failed on irg 'r_func_1'
	 :: Pass failed on irg 'r_func_2'
	 :: Pass failed on irg 'r_func_3'
	 :: Pass failed on irg '_main'
	 :: Pass failed on irg 'r_func_3'
	 :: Pass failed on irg '_main' -- No improvement
	# of nodes: 			507
	# of irgs: 				6
	# of cf manipulations: 	18
	# of memory operations: 135
	# of types: 			252



Using pass: pass_libfirm_opt_if_conv -- Successful
	# of nodes: 			513
	# of irgs: 				6
	# of cf manipulations: 	20
	# of memory operations: 135
	# of types: 			252



Using pass: pass_libfirm_opt_funccalls -- No improvement
	# of nodes: 			513
	# of irgs: 				6
	# of cf manipulations: 	20
	# of memory operations: 135
	# of types: 			252



Using pass: pass_replace_mux_selectors -- No improvement
	# of nodes: 			513
	# of irgs: 				6
	# of cf manipulations: 	20
	# of memory operations: 135
	# of types: 			252



Using pass: pass_libfirm_opt_funccalls -- No improvement
	# of nodes: 			513
	# of irgs: 				6
	# of cf manipulations: 	20
	# of memory operations: 135
	# of types: 			252



Using pass: pass_replace_members -- No improvement
	# of nodes: 			513
	# of irgs: 				6
	# of cf manipulations: 	20
	# of memory operations: 135
	# of types: 			252



Using pass: pass_libfirm_construct_confirms -- No improvement
	# of nodes: 			513
	# of irgs: 				6
	# of cf manipulations: 	20
	# of memory operations: 135
	# of types: 			252



Using pass: pass_replace_switch_selectors -- No improvement
	# of nodes: 			513
	# of irgs: 				6
	# of cf manipulations: 	20
	# of memory operations: 135
	# of types: 			252



Using pass: pass_libfirm_opt_blocks -- Successful
	# of nodes: 			509
	# of irgs: 				6
	# of cf manipulations: 	19
	# of memory operations: 135
	# of types: 			252



Using pass: pass_libfirm_do_loop_peeling -- No improvement
	# of nodes: 			509
	# of irgs: 				6
	# of cf manipulations: 	19
	# of memory operations: 135
	# of types: 			252



Using pass: pass_libfirm_opt_jumpthreading -- No improvement
	# of nodes: 			509
	# of irgs: 				6
	# of cf manipulations: 	19
	# of memory operations: 135
	# of types: 			252



Using pass: pass_libfirm_remove_tuples -- No improvement
	# of nodes: 			509
	# of irgs: 				6
	# of cf manipulations: 	19
	# of memory operations: 135
	# of types: 			252



Using pass: pass_libfirm_optimize_cf -- No improvement
	# of nodes: 			509
	# of irgs: 				6
	# of cf manipulations: 	19
	# of memory operations: 135
	# of types: 			252



Using pass: pass_libfirm_place_code -- No improvement
	# of nodes: 			509
	# of irgs: 				6
	# of cf manipulations: 	19
	# of memory operations: 135
	# of types: 			252



Using pass: pass_libfirm_place_code -- No improvement
	# of nodes: 			509
	# of irgs: 				6
	# of cf manipulations: 	19
	# of memory operations: 135
	# of types: 			252



Using pass: pass_libfirm_do_loop_inversion -- No improvement
	# of nodes: 			509
	# of irgs: 				6
	# of cf manipulations: 	19
	# of memory operations: 135
	# of types: 			252



Using pass: pass_libfirm_scalar_replacement_opt -- No improvement
	# of nodes: 			509
	# of irgs: 				6
	# of cf manipulations: 	19
	# of memory operations: 135
	# of types: 			252



Using pass: pass_libfirm_optimize_graph_df -- No improvement
	# of nodes: 			509
	# of irgs: 				6
	# of cf manipulations: 	19
	# of memory operations: 135
	# of types: 			252



Using pass: pass_libfirm_construct_confirms -- No improvement
	# of nodes: 			509
	# of irgs: 				6
	# of cf manipulations: 	19
	# of memory operations: 135
	# of types: 			252



Using pass: pass_libfirm_optimize_load_store -- Successful
	# of nodes: 			484
	# of irgs: 				6
	# of cf manipulations: 	19
	# of memory operations: 126
	# of types: 			252



Using pass: pass_libfirm_remove_critical_cf_edges -- No improvement
	# of nodes: 			484
	# of irgs: 				6
	# of cf manipulations: 	19
	# of memory operations: 126
	# of types: 			252



Using pass: pass_libfirm_opt_jumpthreading -- No improvement
	# of nodes: 			484
	# of irgs: 				6
	# of cf manipulations: 	19
	# of memory operations: 126
	# of types: 			252



Using pass: pass_libfirm_do_loop_inversion -- No improvement
	# of nodes: 			484
	# of irgs: 				6
	# of cf manipulations: 	19
	# of memory operations: 126
	# of types: 			252



Using pass: pass_libfirm_gvn_pre -- No improvement
	# of nodes: 			484
	# of irgs: 				6
	# of cf manipulations: 	19
	# of memory operations: 126
	# of types: 			252



Using pass: pass_libfirm_remove_bads -- No improvement
	# of nodes: 			484
	# of irgs: 				6
	# of cf manipulations: 	19
	# of memory operations: 126
	# of types: 			252



Using pass: pass_libfirm_opt_funccalls -- No improvement
	# of nodes: 			484
	# of irgs: 				6
	# of cf manipulations: 	19
	# of memory operations: 126
	# of types: 			252



Using pass: pass_libfirm_optimize_reassociation -- No improvement
	# of nodes: 			484
	# of irgs: 				6
	# of cf manipulations: 	19
	# of memory operations: 126
	# of types: 			252



Using pass: pass_remove_allocs -- Successful
	# of nodes: 			389
	# of irgs: 				6
	# of cf manipulations: 	20
	# of memory operations: 86
	# of types: 			252



Using pass: pass_replace_arithmetic -- Successful
	# of nodes: 			346
	# of irgs: 				6
	# of cf manipulations: 	18
	# of memory operations: 84
	# of types: 			252



Using pass: pass_remove_void_calls -- Successful
	# of nodes: 			295
	# of irgs: 				6
	# of cf manipulations: 	18
	# of memory operations: 68
	# of types: 			252



Using pass: pass_libfirm_remove_critical_cf_edges -- No improvement
	# of nodes: 			295
	# of irgs: 				6
	# of cf manipulations: 	18
	# of memory operations: 68
	# of types: 			252



Using pass: pass_libfirm_gvn_pre -- No improvement
	# of nodes: 			295
	# of irgs: 				6
	# of cf manipulations: 	18
	# of memory operations: 68
	# of types: 			252



Using pass: pass_libfirm_do_loop_peeling -- No improvement
	# of nodes: 			295
	# of irgs: 				6
	# of cf manipulations: 	18
	# of memory operations: 68
	# of types: 			252



Using pass: pass_libfirm_remove_critical_cf_edges -- No improvement
	# of nodes: 			295
	# of irgs: 				6
	# of cf manipulations: 	18
	# of memory operations: 68
	# of types: 			252



Using pass: pass_replace_proj_primitive -- Successful
	# of nodes: 			216
	# of irgs: 				6
	# of cf manipulations: 	12
	# of memory operations: 58
	# of types: 			252



Using pass: pass_libfirm_normalize_one_return -- No improvement
	# of nodes: 			216
	# of irgs: 				6
	# of cf manipulations: 	12
	# of memory operations: 58
	# of types: 			252



Using pass: pass_libfirm_opt_ldst
	 :: Pass failed on irg 'r_func_2'
	 :: Pass failed on irg 'r_func_1'
	 :: Pass failed on irg 'main'
	 :: Pass failed on irg 'r_func_2'
	 :: Pass failed on irg 'main'
	 :: Pass failed on irg 'main' -- No improvement
	# of nodes: 			216
	# of irgs: 				6
	# of cf manipulations: 	12
	# of memory operations: 58
	# of types: 			252



Using pass: pass_replace_loads
	 :: Pass failed on irg 'r_func_1'
	 :: Pass failed on irg 'r_func_4'
	 :: Pass failed on irg 'r_func_2' -- No improvement
	# of nodes: 			216
	# of irgs: 				6
	# of cf manipulations: 	12
	# of memory operations: 58
	# of types: 			252



Using pass: pass_simplify_consts -- Successful
	# of nodes: 			204
	# of irgs: 				6
	# of cf manipulations: 	12
	# of memory operations: 58
	# of types: 			252



Using pass: pass_libfirm_opt_parallelize_mem -- Successful
	# of nodes: 			206
	# of irgs: 				6
	# of cf manipulations: 	12
	# of memory operations: 58
	# of types: 			252



Using pass: pass_libfirm_do_loop_inversion -- No improvement
	# of nodes: 			206
	# of irgs: 				6
	# of cf manipulations: 	12
	# of memory operations: 58
	# of types: 			252



Using pass: pass_libfirm_opt_tail_rec -- No improvement
	# of nodes: 			206
	# of irgs: 				6
	# of cf manipulations: 	12
	# of memory operations: 58
	# of types: 			252



Using pass: pass_libfirm_remove_critical_cf_edges -- No improvement
	# of nodes: 			206
	# of irgs: 				6
	# of cf manipulations: 	12
	# of memory operations: 58
	# of types: 			252



Using pass: pass_libfirm_conv_opt -- No improvement
	# of nodes: 			206
	# of irgs: 				6
	# of cf manipulations: 	12
	# of memory operations: 58
	# of types: 			252



Using pass: pass_gc_entitites -- No improvement
	# of nodes: 			206
	# of irgs: 				6
	# of cf manipulations: 	12
	# of memory operations: 58
	# of types: 			252



Using pass: pass_libfirm_do_loop_peeling -- No improvement
	# of nodes: 			206
	# of irgs: 				6
	# of cf manipulations: 	12
	# of memory operations: 58
	# of types: 			252



Using pass: pass_libfirm_construct_confirms -- No improvement
	# of nodes: 			206
	# of irgs: 				6
	# of cf manipulations: 	12
	# of memory operations: 58
	# of types: 			252



Using pass: pass_replace_return_values -- No improvement
	# of nodes: 			206
	# of irgs: 				6
	# of cf manipulations: 	12
	# of memory operations: 58
	# of types: 			252



Using pass: pass_libfirm_do_loop_inversion -- No improvement
	# of nodes: 			206
	# of irgs: 				6
	# of cf manipulations: 	12
	# of memory operations: 58
	# of types: 			252



Using pass: pass_libfirm_combo -- No improvement
	# of nodes: 			206
	# of irgs: 				6
	# of cf manipulations: 	12
	# of memory operations: 58
	# of types: 			252



Using pass: pass_libfirm_do_loop_unrolling -- No improvement
	# of nodes: 			206
	# of irgs: 				6
	# of cf manipulations: 	12
	# of memory operations: 58
	# of types: 			252



Using pass: pass_libfirm_gvn_pre -- No improvement
	# of nodes: 			206
	# of irgs: 				6
	# of cf manipulations: 	12
	# of memory operations: 58
	# of types: 			252



Using pass: pass_libfirm_opt_tail_rec -- No improvement
	# of nodes: 			206
	# of irgs: 				6
	# of cf manipulations: 	12
	# of memory operations: 58
	# of types: 			252



Using pass: pass_libfirm_opt_ldst
	 :: Pass failed on irg 'r_func_1'
	 :: Pass failed on irg 'main'
	 :: Pass failed on irg 'r_func_1'
	 :: Pass failed on irg 'r_func_3'
	 :: Pass failed on irg 'r_func_4'
	 :: Pass failed on irg 'main' -- No improvement
	# of nodes: 			206
	# of irgs: 				6
	# of cf manipulations: 	12
	# of memory operations: 58
	# of types: 			252



Using pass: pass_libfirm_optimize_reassociation -- No improvement
	# of nodes: 			206
	# of irgs: 				6
	# of cf manipulations: 	12
	# of memory operations: 58
	# of types: 			252



Using pass: pass_libfirm_remove_critical_cf_edges -- No improvement
	# of nodes: 			206
	# of irgs: 				6
	# of cf manipulations: 	12
	# of memory operations: 58
	# of types: 			252



Using pass: pass_libfirm_opt_tail_rec -- No improvement
	# of nodes: 			206
	# of irgs: 				6
	# of cf manipulations: 	12
	# of memory operations: 58
	# of types: 			252



Using pass: pass_libfirm_opt_blocks -- No improvement
	# of nodes: 			206
	# of irgs: 				6
	# of cf manipulations: 	12
	# of memory operations: 58
	# of types: 			252



Using pass: pass_libfirm_opt_frame -- No improvement
	# of nodes: 			206
	# of irgs: 				6
	# of cf manipulations: 	12
	# of memory operations: 58
	# of types: 			252



Using pass: pass_libfirm_remove_unreachable -- No improvement
	# of nodes: 			206
	# of irgs: 				6
	# of cf manipulations: 	12
	# of memory operations: 58
	# of types: 			252



Using pass: pass_libfirm_opt_parallelize_mem -- No improvement
	# of nodes: 			206
	# of irgs: 				6
	# of cf manipulations: 	12
	# of memory operations: 58
	# of types: 			252



Using pass: pass_libfirm_place_code -- No improvement
	# of nodes: 			206
	# of irgs: 				6
	# of cf manipulations: 	12
	# of memory operations: 58
	# of types: 			252



Using pass: pass_libfirm_remove_critical_cf_edges -- No improvement
	# of nodes: 			206
	# of irgs: 				6
	# of cf manipulations: 	12
	# of memory operations: 58
	# of types: 			252



Using pass: pass_libfirm_optimize_reassociation -- No improvement
	# of nodes: 			206
	# of irgs: 				6
	# of cf manipulations: 	12
	# of memory operations: 58
	# of types: 			252



Using pass: pass_libfirm_occult_consts -- No improvement
	# of nodes: 			206
	# of irgs: 				6
	# of cf manipulations: 	12
	# of memory operations: 58
	# of types: 			252



Using pass: pass_gc_entitites -- No improvement
	# of nodes: 			206
	# of irgs: 				6
	# of cf manipulations: 	12
	# of memory operations: 58
	# of types: 			252



Using pass: pass_gc_irgs_primitive
	 :: interestingness test failed on irg 'r_func_1' -- Successful
	# of nodes: 			66
	# of irgs: 				3
	# of cf manipulations: 	6
	# of memory operations: 15
	# of types: 			252



Using pass: pass_libfirm_scalar_replacement_opt -- No improvement
	# of nodes: 			66
	# of irgs: 				3
	# of cf manipulations: 	6
	# of memory operations: 15
	# of types: 			252



Using pass: pass_libfirm_opt_if_conv -- No improvement
	# of nodes: 			66
	# of irgs: 				3
	# of cf manipulations: 	6
	# of memory operations: 15
	# of types: 			252



Using pass: pass_libfirm_opt_jumpthreading -- No improvement
	# of nodes: 			66
	# of irgs: 				3
	# of cf manipulations: 	6
	# of memory operations: 15
	# of types: 			252



Using pass: pass_libfirm_remove_unreachable -- No improvement
	# of nodes: 			66
	# of irgs: 				3
	# of cf manipulations: 	6
	# of memory operations: 15
	# of types: 			252



Using pass: pass_libfirm_optimize_load_store -- Successful
	# of nodes: 			43
	# of irgs: 				3
	# of cf manipulations: 	6
	# of memory operations: 6
	# of types: 			252



Using pass: pass_libfirm_opt_funccalls -- No improvement
	# of nodes: 			43
	# of irgs: 				3
	# of cf manipulations: 	6
	# of memory operations: 6
	# of types: 			252



Using pass: pass_libfirm_normalize_n_returns -- No improvement
	# of nodes: 			43
	# of irgs: 				3
	# of cf manipulations: 	6
	# of memory operations: 6
	# of types: 			252



Using pass: pass_libfirm_opt_tail_rec -- No improvement
	# of nodes: 			43
	# of irgs: 				3
	# of cf manipulations: 	6
	# of memory operations: 6
	# of types: 			252



Using pass: pass_gc_irgs_primitive -- Successful
	# of nodes: 			7
	# of irgs: 				1
	# of cf manipulations: 	2
	# of memory operations: 0
	# of types: 			252



Using pass: pass_replace_proj_primitive -- No improvement
	# of nodes: 			7
	# of irgs: 				1
	# of cf manipulations: 	2
	# of memory operations: 0
	# of types: 			252



Using pass: pass_replace_mux_selectors -- No improvement
	# of nodes: 			7
	# of irgs: 				1
	# of cf manipulations: 	2
	# of memory operations: 0
	# of types: 			252



Using pass: pass_replace_cond_selectors -- No improvement
	# of nodes: 			7
	# of irgs: 				1
	# of cf manipulations: 	2
	# of memory operations: 0
	# of types: 			252



Using pass: pass_replace_members -- No improvement
	# of nodes: 			7
	# of irgs: 				1
	# of cf manipulations: 	2
	# of memory operations: 0
	# of types: 			252



Using pass: pass_libfirm_dead_code_elimination -- No improvement
	# of nodes: 			7
	# of irgs: 				1
	# of cf manipulations: 	2
	# of memory operations: 0
	# of types: 			252



Using pass: pass_libfirm_opt_parallelize_mem -- No improvement
	# of nodes: 			7
	# of irgs: 				1
	# of cf manipulations: 	2
	# of memory operations: 0
	# of types: 			252



Using pass: pass_remove_allocs -- No improvement
	# of nodes: 			7
	# of irgs: 				1
	# of cf manipulations: 	2
	# of memory operations: 0
	# of types: 			252



Using pass: pass_libfirm_conv_opt -- No improvement
	# of nodes: 			7
	# of irgs: 				1
	# of cf manipulations: 	2
	# of memory operations: 0
	# of types: 			252



Using pass: pass_libfirm_opt_blocks -- No improvement
	# of nodes: 			7
	# of irgs: 				1
	# of cf manipulations: 	2
	# of memory operations: 0
	# of types: 			252



Using pass: pass_libfirm_optimize_reassociation -- No improvement
	# of nodes: 			7
	# of irgs: 				1
	# of cf manipulations: 	2
	# of memory operations: 0
	# of types: 			252



Using pass: pass_libfirm_optimize_reassociation -- No improvement
	# of nodes: 			7
	# of irgs: 				1
	# of cf manipulations: 	2
	# of memory operations: 0
	# of types: 			252



Using pass: pass_libfirm_optimize_cf -- No improvement
	# of nodes: 			7
	# of irgs: 				1
	# of cf manipulations: 	2
	# of memory operations: 0
	# of types: 			252



Using pass: pass_replace_loads -- No improvement
	# of nodes: 			7
	# of irgs: 				1
	# of cf manipulations: 	2
	# of memory operations: 0
	# of types: 			252



Using pass: pass_replace_proj_primitive -- No improvement
	# of nodes: 			7
	# of irgs: 				1
	# of cf manipulations: 	2
	# of memory operations: 0
	# of types: 			252



Using pass: pass_simplify_consts -- No improvement
	# of nodes: 			7
	# of irgs: 				1
	# of cf manipulations: 	2
	# of memory operations: 0
	# of types: 			252



Using pass: pass_replace_cond_selectors -- No improvement
	# of nodes: 			7
	# of irgs: 				1
	# of cf manipulations: 	2
	# of memory operations: 0
	# of types: 			252



Using pass: pass_remove_void_calls -- No improvement
	# of nodes: 			7
	# of irgs: 				1
	# of cf manipulations: 	2
	# of memory operations: 0
	# of types: 			252



Using pass: pass_libfirm_opt_blocks -- No improvement
	# of nodes: 			7
	# of irgs: 				1
	# of cf manipulations: 	2
	# of memory operations: 0
	# of types: 			252



Using pass: pass_libfirm_remove_bads -- No improvement
	# of nodes: 			7
	# of irgs: 				1
	# of cf manipulations: 	2
	# of memory operations: 0
	# of types: 			252



Using pass: pass_libfirm_optimize_cf -- No improvement
	# of nodes: 			7
	# of irgs: 				1
	# of cf manipulations: 	2
	# of memory operations: 0
	# of types: 			252



Using pass: pass_libfirm_opt_frame -- No improvement
	# of nodes: 			7
	# of irgs: 				1
	# of cf manipulations: 	2
	# of memory operations: 0
	# of types: 			252



Using pass: pass_simplify_consts -- No improvement
	# of nodes: 			7
	# of irgs: 				1
	# of cf manipulations: 	2
	# of memory operations: 0
	# of types: 			252



Using pass: pass_libfirm_opt_tail_rec -- No improvement
	# of nodes: 			7
	# of irgs: 				1
	# of cf manipulations: 	2
	# of memory operations: 0
	# of types: 			252



Using pass: pass_gc_entitites -- No improvement
	# of nodes: 			7
	# of irgs: 				1
	# of cf manipulations: 	2
	# of memory operations: 0
	# of types: 			252



Using pass: pass_libfirm_opt_frame -- No improvement
	# of nodes: 			7
	# of irgs: 				1
	# of cf manipulations: 	2
	# of memory operations: 0
	# of types: 			252



Using pass: pass_libfirm_opt_bool -- No improvement
	# of nodes: 			7
	# of irgs: 				1
	# of cf manipulations: 	2
	# of memory operations: 0
	# of types: 			252



Using pass: pass_libfirm_remove_bads -- No improvement
	# of nodes: 			7
	# of irgs: 				1
	# of cf manipulations: 	2
	# of memory operations: 0
	# of types: 			252



Using pass: pass_replace_proj_primitive -- No improvement
	# of nodes: 			7
	# of irgs: 				1
	# of cf manipulations: 	2
	# of memory operations: 0
	# of types: 			252



Using pass: pass_gc_irgs_primitive -- No improvement
	# of nodes: 			7
	# of irgs: 				1
	# of cf manipulations: 	2
	# of memory operations: 0
	# of types: 			252



Using pass: pass_libfirm_gvn_pre -- No improvement
	# of nodes: 			7
	# of irgs: 				1
	# of cf manipulations: 	2
	# of memory operations: 0
	# of types: 			252



Using pass: pass_remove_stores -- No improvement
	# of nodes: 			7
	# of irgs: 				1
	# of cf manipulations: 	2
	# of memory operations: 0
	# of types: 			252



Using pass: pass_libfirm_gvn_pre -- No improvement
	# of nodes: 			7
	# of irgs: 				1
	# of cf manipulations: 	2
	# of memory operations: 0
	# of types: 			252



Using pass: pass_libfirm_remove_bads -- No improvement
	# of nodes: 			7
	# of irgs: 				1
	# of cf manipulations: 	2
	# of memory operations: 0
	# of types: 			252



Using pass: pass_remove_stores -- No improvement
	# of nodes: 			7
	# of irgs: 				1
	# of cf manipulations: 	2
	# of memory operations: 0
	# of types: 			252



Using pass: pass_replace_cond_selectors -- No improvement
	# of nodes: 			7
	# of irgs: 				1
	# of cf manipulations: 	2
	# of memory operations: 0
	# of types: 			252



Using pass: pass_replace_return_values -- No improvement
	# of nodes: 			7
	# of irgs: 				1
	# of cf manipulations: 	2
	# of memory operations: 0
	# of types: 			252



Using pass: pass_remove_allocs -- No improvement
	# of nodes: 			7
	# of irgs: 				1
	# of cf manipulations: 	2
	# of memory operations: 0
	# of types: 			252



Using pass: pass_libfirm_optimize_reassociation -- No improvement
	# of nodes: 			7
	# of irgs: 				1
	# of cf manipulations: 	2
	# of memory operations: 0
	# of types: 			252



Using pass: pass_replace_switch_selectors -- No improvement
	# of nodes: 			7
	# of irgs: 				1
	# of cf manipulations: 	2
	# of memory operations: 0
	# of types: 			252



Using pass: pass_libfirm_normalize_n_returns -- No improvement
	# of nodes: 			7
	# of irgs: 				1
	# of cf manipulations: 	2
	# of memory operations: 0
	# of types: 			252



Using pass: pass_libfirm_dead_code_elimination -- No improvement
	# of nodes: 			7
	# of irgs: 				1
	# of cf manipulations: 	2
	# of memory operations: 0
	# of types: 			252



Using pass: pass_libfirm_dead_code_elimination -- No improvement
	# of nodes: 			7
	# of irgs: 				1
	# of cf manipulations: 	2
	# of memory operations: 0
	# of types: 			252



Using pass: pass_replace_return_values -- No improvement
	# of nodes: 			7
	# of irgs: 				1
	# of cf manipulations: 	2
	# of memory operations: 0
	# of types: 			252



Using pass: pass_libfirm_opt_blocks -- No improvement
	# of nodes: 			7
	# of irgs: 				1
	# of cf manipulations: 	2
	# of memory operations: 0
	# of types: 			252



Using pass: pass_libfirm_opt_ldst
	 :: Pass failed on irg 'main' -- No improvement
	# of nodes: 			7
	# of irgs: 				1
	# of cf manipulations: 	2
	# of memory operations: 0
	# of types: 			252



Using pass: pass_libfirm_remove_critical_cf_edges -- No improvement
	# of nodes: 			7
	# of irgs: 				1
	# of cf manipulations: 	2
	# of memory operations: 0
	# of types: 			252



Using pass: pass_gc_entitites -- No improvement
	# of nodes: 			7
	# of irgs: 				1
	# of cf manipulations: 	2
	# of memory operations: 0
	# of types: 			252



Using pass: pass_libfirm_do_loop_inversion -- No improvement
	# of nodes: 			7
	# of irgs: 				1
	# of cf manipulations: 	2
	# of memory operations: 0
	# of types: 			252



Using pass: pass_libfirm_opt_ldst
	 :: Pass failed on irg 'main' -- No improvement
	# of nodes: 			7
	# of irgs: 				1
	# of cf manipulations: 	2
	# of memory operations: 0
	# of types: 			252



Using pass: pass_libfirm_opt_funccalls -- No improvement
	# of nodes: 			7
	# of irgs: 				1
	# of cf manipulations: 	2
	# of memory operations: 0
	# of types: 			252



Using pass: pass_libfirm_opt_if_conv -- No improvement
	# of nodes: 			7
	# of irgs: 				1
	# of cf manipulations: 	2
	# of memory operations: 0
	# of types: 			252



Using pass: pass_replace_proj_primitive -- No improvement
	# of nodes: 			7
	# of irgs: 				1
	# of cf manipulations: 	2
	# of memory operations: 0
	# of types: 			252




 :: 2nd reduction cycle

Using pass: pass_gc_irgs_primitive -- Trying irg 'r_func_1' -- No improvement

______________________________

No further reduction possible.

Result:
	# of nodes: 			7
	# of irgs: 				1
	# of cf manipulations: 	2
	# of memory operations: 0
	# of types: 			252

2018-08-24 06:55:28