2018-08-23 21:55:38 -- Firmreduce -- Results

Initial Test-case size:
	# of nodes: 			14350
	# of irgs: 				101
	# of cf manipulations: 	754
	# of memory operations: 2378
	# of types: 			2741


Using pass: pass_libfirm_opt_bool -- No improvement
	# of nodes: 			14350
	# of irgs: 				101
	# of cf manipulations: 	754
	# of memory operations: 2378
	# of types: 			2741



Using pass: pass_libfirm_normalize_one_return -- Successful
	# of nodes: 			14609
	# of irgs: 				101
	# of cf manipulations: 	819
	# of memory operations: 2378
	# of types: 			2741



Using pass: pass_libfirm_occult_consts
	 :: interestingness test failed on irg 'r_func_48'
	 :: interestingness test failed on irg 'r_func_13'
	 :: interestingness test failed on irg 'r_func_13'
	 :: interestingness test failed on irg 'r_func_25'
	 :: interestingness test failed on irg 'r_func_82'
	 :: interestingness test failed on irg 'r_func_82'
	 :: interestingness test failed on irg 'r_func_40'
	 :: interestingness test failed on irg 'r_func_48'
	 :: interestingness test failed on irg 'r_func_19'
	 :: interestingness test failed on irg 'r_func_25'
	 :: interestingness test failed on irg 'r_func_82'
	 :: interestingness test failed on irg 'r_func_66'
	 :: interestingness test failed on irg 'r_func_30'
	 :: interestingness test failed on irg 'r_func_30'
	 :: interestingness test failed on irg 'r_func_30'
	 :: interestingness test failed on irg 'r_func_82'
	 :: interestingness test failed on irg 'r_func_13'
	 :: interestingness test failed on irg 'r_func_48'
	 :: interestingness test failed on irg 'r_func_40'
	 :: interestingness test failed on irg 'r_func_19'
	 :: interestingness test failed on irg 'r_func_47'
	 :: interestingness test failed on irg 'r_func_13'
	 :: interestingness test failed on irg 'r_func_47'
	 :: interestingness test failed on irg 'r_func_19'
	 :: interestingness test failed on irg 'r_func_40'
	 :: interestingness test failed on irg 'r_func_13'
	 :: interestingness test failed on irg 'r_func_66'
	 :: interestingness test failed on irg 'r_func_15'
	 :: interestingness test failed on irg 'r_func_30'
	 :: interestingness test failed on irg 'r_func_19'
	 :: interestingness test failed on irg 'r_func_15'
	 :: interestingness test failed on irg 'r_func_25'
	 :: interestingness test failed on irg 'r_func_66'
	 :: interestingness test failed on irg 'r_func_25'
	 :: interestingness test failed on irg 'r_func_48'
	 :: interestingness test failed on irg 'r_func_13'
	 :: interestingness test failed on irg 'r_func_30'
	 :: interestingness test failed on irg 'r_func_40'
	 :: interestingness test failed on irg 'r_func_48'
	 :: interestingness test failed on irg 'r_func_66'
	 :: interestingness test failed on irg 'r_func_19'
	 :: interestingness test failed on irg 'r_func_19' -- Successful
	# of nodes: 			14283
	# of irgs: 				101
	# of cf manipulations: 	819
	# of memory operations: 2378
	# of types: 			2741



Using pass: pass_libfirm_opt_funccalls -- No improvement
	# of nodes: 			14283
	# of irgs: 				101
	# of cf manipulations: 	819
	# of memory operations: 2378
	# of types: 			2741



Using pass: pass_libfirm_opt_tail_rec -- Successful
	# of nodes: 			14013
	# of irgs: 				101
	# of cf manipulations: 	759
	# of memory operations: 2377
	# of types: 			2741



Using pass: pass_replace_loads
	 :: Pass failed on irg 'r_func_5'
	 :: Pass failed on irg 'r_func_60'
	 :: Pass failed on irg 'r_func_3'
	 :: Pass failed on irg 'r_func_50'
	 :: Pass failed on irg 'r_func_76'
	 :: Pass failed on irg 'r_func_80'
	 :: Pass failed on irg 'r_func_46'
	 :: Pass failed on irg 'r_func_53'
	 :: Pass failed on irg 'r_func_26'
	 :: Pass failed on irg 'r_func_90'
	 :: Pass failed on irg 'r_func_27'
	 :: Pass failed on irg 'r_func_78'
	 :: Pass failed on irg 'r_func_2'
	 :: Pass failed on irg 'r_func_22'
	 :: Pass failed on irg 'r_func_48'
	 :: Pass failed on irg 'r_func_50'
	 :: Pass failed on irg 'r_func_59'
	 :: Pass failed on irg 'r_func_56'
	 :: Pass failed on irg 'r_func_16'
	 :: Pass failed on irg 'r_func_32'
	 :: Pass failed on irg 'r_func_27'
	 :: Pass failed on irg 'r_func_73'
	 :: Pass failed on irg 'r_func_32'
	 :: Pass failed on irg 'r_func_82'
	 :: Pass failed on irg 'r_func_24'
	 :: Pass failed on irg 'r_func_70'
	 :: Pass failed on irg 'r_func_49'
	 :: Pass failed on irg 'r_func_16'
	 :: Pass failed on irg 'r_func_81'
	 :: Pass failed on irg 'r_func_30'
	 :: Pass failed on irg 'r_func_59'
	 :: Pass failed on irg 'r_func_14'
	 :: Pass failed on irg 'r_func_56'
	 :: Pass failed on irg 'r_func_78'
	 :: Pass failed on irg 'r_func_43'
	 :: Pass failed on irg 'r_func_63'
	 :: Pass failed on irg 'r_func_88'
	 :: Pass failed on irg 'r_func_8'
	 :: Pass failed on irg 'r_func_94'
	 :: Pass failed on irg 'r_func_76'
	 :: Pass failed on irg 'r_func_93'
	 :: Pass failed on irg 'r_func_35'
	 :: Pass failed on irg 'r_func_59'
	 :: Pass failed on irg 'r_func_26'
	 :: Pass failed on irg 'r_func_89'
	 :: Pass failed on irg 'r_func_35'
	 :: Pass failed on irg 'r_func_1'
	 :: Pass failed on irg 'r_func_64'
	 :: Pass failed on irg 'r_func_86'
	 :: Pass failed on irg 'r_func_95'
	 :: Pass failed on irg 'r_func_17'
	 :: Pass failed on irg 'r_func_64'
	 :: Pass failed on irg 'r_func_25'
	 :: Pass failed on irg 'r_func_56'
	 :: Pass failed on irg 'r_func_94'
	 :: Pass failed on irg 'r_func_36'
	 :: Pass failed on irg 'r_func_44'
	 :: Pass failed on irg 'r_func_61'
	 :: Pass failed on irg 'r_func_89'
	 :: Pass failed on irg 'r_func_75'
	 :: Pass failed on irg 'r_func_75'
	 :: Pass failed on irg 'r_func_23'
	 :: Pass failed on irg 'r_func_92'
	 :: Pass failed on irg 'r_func_96'
	 :: Pass failed on irg 'r_func_38'
	 :: Pass failed on irg 'r_func_84'
	 :: Pass failed on irg 'r_func_50'
	 :: Pass failed on irg 'r_func_40'
	 :: Pass failed on irg 'r_func_27'
	 :: Pass failed on irg 'r_func_3'
	 :: Pass failed on irg 'r_func_86'
	 :: Pass failed on irg 'r_func_33'
	 :: Pass failed on irg 'r_func_49'
	 :: Pass failed on irg 'r_func_99'
	 :: Pass failed on irg 'r_func_30'
	 :: Pass failed on irg 'r_func_15'
	 :: Pass failed on irg 'r_func_74'
	 :: Pass failed on irg 'r_func_40'
	 :: Pass failed on irg 'r_func_47'
	 :: Pass failed on irg 'r_func_5'
	 :: Pass failed on irg 'r_func_35'
	 :: Pass failed on irg 'r_func_44'
	 :: Pass failed on irg 'r_func_89'
	 :: Pass failed on irg 'r_func_42'
	 :: Pass failed on irg 'r_func_8'
	 :: Pass failed on irg 'r_func_56'
	 :: Pass failed on irg 'r_func_13'
	 :: Pass failed on irg 'r_func_24'
	 :: Pass failed on irg 'r_func_78'
	 :: Pass failed on irg 'r_func_75'
	 :: Pass failed on irg 'r_func_32'
	 :: Pass failed on irg 'r_func_81'
	 :: Pass failed on irg 'r_func_5'
	 :: Pass failed on irg 'r_func_8'
	 :: Pass failed on irg 'r_func_97' -- No improvement
	# of nodes: 			14013
	# of irgs: 				101
	# of cf manipulations: 	759
	# of memory operations: 2377
	# of types: 			2741



Using pass: pass_remove_void_calls -- No improvement
	# of nodes: 			14013
	# of irgs: 				101
	# of cf manipulations: 	759
	# of memory operations: 2377
	# of types: 			2741



Using pass: pass_libfirm_place_code -- Successful
	# of nodes: 			14335
	# of irgs: 				101
	# of cf manipulations: 	920
	# of memory operations: 2377
	# of types: 			2741



Using pass: pass_libfirm_opt_if_conv -- Successful
	# of nodes: 			14459
	# of irgs: 				101
	# of cf manipulations: 	965
	# of memory operations: 2376
	# of types: 			2741



Using pass: pass_libfirm_conv_opt -- Successful
	# of nodes: 			13195
	# of irgs: 				101
	# of cf manipulations: 	965
	# of memory operations: 2376
	# of types: 			2741



Using pass: pass_libfirm_optimize_reassociation -- Successful
	# of nodes: 			13218
	# of irgs: 				101
	# of cf manipulations: 	965
	# of memory operations: 2376
	# of types: 			2741



Using pass: pass_check_validity -- No improvement
	# of nodes: 			13218
	# of irgs: 				101
	# of cf manipulations: 	965
	# of memory operations: 2376
	# of types: 			2741



Using pass: pass_libfirm_opt_ldst
	 :: Pass failed on irg 'r_func_89'
	 :: Pass failed on irg 'r_func_80'
	 :: Pass failed on irg 'r_func_77'
	 :: Pass failed on irg 'r_func_95'
	 :: Pass failed on irg 'r_func_31'
	 :: Pass failed on irg 'r_func_58'
	 :: Pass failed on irg 'r_func_73'
	 :: Pass failed on irg 'r_func_10'
	 :: Pass failed on irg 'r_func_82'
	 :: Pass failed on irg 'r_func_36'
	 :: Pass failed on irg 'r_func_64'
	 :: Pass failed on irg 'r_func_72'
	 :: Pass failed on irg 'r_func_5'
	 :: Pass failed on irg 'r_func_56'
	 :: Pass failed on irg 'r_func_96'
	 :: Pass failed on irg 'r_func_66'
	 :: Pass failed on irg 'r_func_8'
	 :: Pass failed on irg 'r_func_96'
	 :: Pass failed on irg 'r_func_80'
	 :: Pass failed on irg 'r_func_76'
	 :: Pass failed on irg 'r_func_88'
	 :: Pass failed on irg 'r_func_27'
	 :: Pass failed on irg 'r_func_14'
	 :: Pass failed on irg 'r_func_46'
	 :: Pass failed on irg 'r_func_99'
	 :: Pass failed on irg 'r_func_10'
	 :: Pass failed on irg 'r_func_63'
	 :: Pass failed on irg 'r_func_29'
	 :: Pass failed on irg 'r_func_26'
	 :: Pass failed on irg 'r_func_89'
	 :: Pass failed on irg 'r_func_44'
	 :: Pass failed on irg 'r_func_71'
	 :: Pass failed on irg 'r_func_99'
	 :: Pass failed on irg 'r_func_3'
	 :: Pass failed on irg 'r_func_89'
	 :: Pass failed on irg 'r_func_21'
	 :: Pass failed on irg 'r_func_45'
	 :: Pass failed on irg 'r_func_34'
	 :: Pass failed on irg 'r_func_17'
	 :: Pass failed on irg 'r_func_21'
	 :: Pass failed on irg 'r_func_96'
	 :: Pass failed on irg 'r_func_43'
	 :: Pass failed on irg 'r_func_13'
	 :: Pass failed on irg 'r_func_93'
	 :: Pass failed on irg 'r_func_23'
	 :: Pass failed on irg 'r_func_93'
	 :: Pass failed on irg 'r_func_34'
	 :: Pass failed on irg 'r_func_52'
	 :: Pass failed on irg 'r_func_62'
	 :: Pass failed on irg 'r_func_78'
	 :: Pass failed on irg '_main'
	 :: Pass failed on irg 'r_func_24'
	 :: Pass failed on irg 'r_func_80'
	 :: Pass failed on irg 'r_func_71'
	 :: Pass failed on irg 'r_func_4'
	 :: Pass failed on irg 'r_func_45'
	 :: Pass failed on irg 'r_func_89'
	 :: Pass failed on irg 'r_func_91'
	 :: Pass failed on irg 'r_func_26'
	 :: Pass failed on irg 'r_func_73'
	 :: Pass failed on irg 'r_func_96'
	 :: Pass failed on irg 'r_func_48'
	 :: Pass failed on irg 'r_func_95'
	 :: Pass failed on irg 'r_func_96'
	 :: Pass failed on irg 'r_func_22'
	 :: Pass failed on irg 'r_func_38'
	 :: Pass failed on irg 'r_func_3'
	 :: Pass failed on irg '_main'
	 :: Pass failed on irg 'r_func_86'
	 :: Pass failed on irg 'r_func_12'
	 :: Pass failed on irg 'r_func_95'
	 :: Pass failed on irg 'r_func_56'
	 :: Pass failed on irg 'r_func_10'
	 :: Pass failed on irg 'r_func_51'
	 :: Pass failed on irg 'r_func_95'
	 :: Pass failed on irg 'r_func_51'
	 :: Pass failed on irg 'r_func_21'
	 :: Pass failed on irg 'r_func_53'
	 :: Pass failed on irg 'r_func_66'
	 :: Pass failed on irg 'r_func_37'
	 :: Pass failed on irg 'r_func_87'
	 :: Pass failed on irg 'r_func_76'
	 :: Pass failed on irg 'r_func_69'
	 :: Pass failed on irg 'r_func_39'
	 :: Pass failed on irg 'r_func_12'
	 :: Pass failed on irg 'r_func_10'
	 :: Pass failed on irg 'r_func_40'
	 :: Pass failed on irg 'r_func_56'
	 :: Pass failed on irg 'r_func_79'
	 :: Pass failed on irg 'r_func_53'
	 :: Pass failed on irg 'r_func_62'
	 :: Pass failed on irg 'r_func_30'
	 :: Pass failed on irg 'r_func_35'
	 :: Pass failed on irg 'r_func_64'
	 :: Pass failed on irg 'r_func_63'
	 :: Pass failed on irg 'r_func_54'
	 :: Pass failed on irg 'r_func_74'
	 :: Pass failed on irg 'r_func_4'
	 :: Pass failed on irg 'r_func_72'
	 :: Pass failed on irg 'r_func_63'
	 :: Pass failed on irg 'r_func_93' -- No improvement
	# of nodes: 			13218
	# of irgs: 				101
	# of cf manipulations: 	965
	# of memory operations: 2376
	# of types: 			2741



Using pass: pass_remove_void_calls -- Successful
	# of nodes: 			12929
	# of irgs: 				101
	# of cf manipulations: 	936
	# of memory operations: 2334
	# of types: 			2741



Using pass: pass_libfirm_occult_consts -- Successful
	# of nodes: 			12926
	# of irgs: 				101
	# of cf manipulations: 	936
	# of memory operations: 2334
	# of types: 			2741



Using pass: pass_replace_return_values -- Successful
	# of nodes: 			10850
	# of irgs: 				101
	# of cf manipulations: 	643
	# of memory operations: 2152
	# of types: 			2741



Using pass: pass_libfirm_remove_tuples -- No improvement
	# of nodes: 			10850
	# of irgs: 				101
	# of cf manipulations: 	643
	# of memory operations: 2152
	# of types: 			2741



Using pass: pass_libfirm_gvn_pre -- Successful
	# of nodes: 			10847
	# of irgs: 				101
	# of cf manipulations: 	642
	# of memory operations: 2152
	# of types: 			2741



Using pass: pass_libfirm_occult_consts -- No improvement
	# of nodes: 			10847
	# of irgs: 				101
	# of cf manipulations: 	642
	# of memory operations: 2152
	# of types: 			2741



Using pass: pass_libfirm_do_loop_peeling
	 :: Pass failed on irg 'r_func_49'
	 :: Pass failed on irg 'r_func_14'
	 :: Pass failed on irg 'r_func_29'
	 :: Pass failed on irg 'r_func_3'
	 :: Pass failed on irg 'r_func_7'
	 :: Pass failed on irg 'r_func_77'
	 :: Pass failed on irg 'r_func_3'
	 :: Pass failed on irg 'r_func_4'
	 :: Pass failed on irg 'r_func_10'
	 :: Pass failed on irg 'r_func_19'
	 :: Pass failed on irg 'r_func_16'
	 :: Pass failed on irg 'r_func_46'
	 :: Pass failed on irg 'r_func_26'
	 :: Pass failed on irg 'r_func_87'
	 :: Pass failed on irg 'r_func_19'
	 :: Pass failed on irg 'r_func_11'
	 :: Pass failed on irg 'r_func_13'
	 :: Pass failed on irg 'r_func_10'
	 :: Pass failed on irg 'r_func_79'
	 :: Pass failed on irg 'r_func_59'
	 :: Pass failed on irg 'r_func_4'
	 :: Pass failed on irg 'r_func_2'
	 :: Pass failed on irg 'r_func_11'
	 :: Pass failed on irg 'r_func_57'
	 :: Pass failed on irg 'r_func_10'
	 :: Pass failed on irg 'r_func_99'
	 :: Pass failed on irg 'r_func_46'
	 :: Pass failed on irg 'r_func_64'
	 :: Pass failed on irg 'r_func_71'
	 :: Pass failed on irg 'r_func_29'
	 :: Pass failed on irg 'r_func_54'
	 :: Pass failed on irg 'r_func_77'
	 :: Pass failed on irg 'r_func_2'
	 :: Pass failed on irg 'r_func_87' -- No improvement
	# of nodes: 			10847
	# of irgs: 				101
	# of cf manipulations: 	642
	# of memory operations: 2152
	# of types: 			2741



Using pass: pass_libfirm_opt_if_conv -- No improvement
	# of nodes: 			10847
	# of irgs: 				101
	# of cf manipulations: 	642
	# of memory operations: 2152
	# of types: 			2741



Using pass: pass_libfirm_remove_bads -- No improvement
	# of nodes: 			10847
	# of irgs: 				101
	# of cf manipulations: 	642
	# of memory operations: 2152
	# of types: 			2741



Using pass: pass_libfirm_opt_ldst
	 :: Pass failed on irg 'r_func_56'
	 :: Pass failed on irg 'r_func_11'
	 :: Pass failed on irg 'r_func_78'
	 :: Pass failed on irg 'r_func_93'
	 :: Pass failed on irg 'r_func_18'
	 :: Pass failed on irg 'r_func_50'
	 :: Pass failed on irg 'r_func_27'
	 :: Pass failed on irg 'r_func_82'
	 :: Pass failed on irg 'r_func_56'
	 :: Pass failed on irg 'r_func_58'
	 :: Pass failed on irg 'r_func_45'
	 :: Pass failed on irg 'r_func_95'
	 :: Pass failed on irg 'r_func_10'
	 :: Pass failed on irg 'r_func_10'
	 :: Pass failed on irg 'r_func_16'
	 :: Pass failed on irg 'r_func_51'
	 :: Pass failed on irg 'main'
	 :: Pass failed on irg 'r_func_69'
	 :: Pass failed on irg 'r_func_33'
	 :: Pass failed on irg 'r_func_57'
	 :: Pass failed on irg 'r_func_12'
	 :: Pass failed on irg 'r_func_90'
	 :: Pass failed on irg 'r_func_83'
	 :: Pass failed on irg 'r_func_3'
	 :: Pass failed on irg 'r_func_1'
	 :: Pass failed on irg 'r_func_12'
	 :: Pass failed on irg 'r_func_96'
	 :: Pass failed on irg 'r_func_3'
	 :: Pass failed on irg 'r_func_8'
	 :: Pass failed on irg 'r_func_7'
	 :: Pass failed on irg 'r_func_53'
	 :: Pass failed on irg 'r_func_28'
	 :: Pass failed on irg 'r_func_88'
	 :: Pass failed on irg 'r_func_95'
	 :: Pass failed on irg 'r_func_91'
	 :: Pass failed on irg 'r_func_3'
	 :: Pass failed on irg 'r_func_59'
	 :: Pass failed on irg 'r_func_74'
	 :: Pass failed on irg 'r_func_30'
	 :: Pass failed on irg 'r_func_12'
	 :: Pass failed on irg 'r_func_4'
	 :: Pass failed on irg 'r_func_77'
	 :: Pass failed on irg 'r_func_98'
	 :: Pass failed on irg 'r_func_4'
	 :: Pass failed on irg 'r_func_92'
	 :: Pass failed on irg 'r_func_96'
	 :: Pass failed on irg 'r_func_37'
	 :: Pass failed on irg 'r_func_62'
	 :: Pass failed on irg 'r_func_87'
	 :: Pass failed on irg 'r_func_10'
	 :: Pass failed on irg 'r_func_75'
	 :: Pass failed on irg 'r_func_45'
	 :: Pass failed on irg 'r_func_72'
	 :: Pass failed on irg 'r_func_40'
	 :: Pass failed on irg 'r_func_28'
	 :: Pass failed on irg 'r_func_99'
	 :: Pass failed on irg 'r_func_43'
	 :: Pass failed on irg 'r_func_64'
	 :: Pass failed on irg 'r_func_54'
	 :: Pass failed on irg 'r_func_46'
	 :: Pass failed on irg 'r_func_13'
	 :: Pass failed on irg 'r_func_22'
	 :: Pass failed on irg 'r_func_31'
	 :: Pass failed on irg 'r_func_40'
	 :: Pass failed on irg 'r_func_7'
	 :: Pass failed on irg 'r_func_60'
	 :: Pass failed on irg 'r_func_96'
	 :: Pass failed on irg 'r_func_81'
	 :: Pass failed on irg 'r_func_55'
	 :: Pass failed on irg 'r_func_1'
	 :: Pass failed on irg 'r_func_5'
	 :: Pass failed on irg 'r_func_81'
	 :: Pass failed on irg 'r_func_41'
	 :: Pass failed on irg 'r_func_54'
	 :: Pass failed on irg 'r_func_46'
	 :: Pass failed on irg 'r_func_74'
	 :: Pass failed on irg 'r_func_74'
	 :: Pass failed on irg 'r_func_75'
	 :: Pass failed on irg 'r_func_80'
	 :: Pass failed on irg 'r_func_54'
	 :: Pass failed on irg 'r_func_97'
	 :: Pass failed on irg '_main'
	 :: Pass failed on irg 'r_func_50'
	 :: Pass failed on irg 'r_func_91'
	 :: Pass failed on irg 'r_func_34'
	 :: Pass failed on irg 'r_func_20'
	 :: Pass failed on irg 'r_func_58'
	 :: Pass failed on irg 'r_func_53'
	 :: Pass failed on irg 'r_func_11'
	 :: Pass failed on irg 'r_func_26'
	 :: Pass failed on irg 'r_func_5'
	 :: Pass failed on irg 'r_func_82'
	 :: Pass failed on irg 'r_func_62'
	 :: Pass failed on irg 'r_func_15'
	 :: Pass failed on irg 'r_func_36'
	 :: Pass failed on irg 'r_func_61'
	 :: Pass failed on irg 'r_func_48'
	 :: Pass failed on irg 'r_func_56'
	 :: Pass failed on irg 'r_func_8'
	 :: Pass failed on irg 'r_func_34'
	 :: Pass failed on irg 'r_func_71' -- No improvement
	# of nodes: 			10847
	# of irgs: 				101
	# of cf manipulations: 	642
	# of memory operations: 2152
	# of types: 			2741



Using pass: pass_libfirm_combo -- Successful
	# of nodes: 			10756
	# of irgs: 				101
	# of cf manipulations: 	620
	# of memory operations: 2146
	# of types: 			2741



Using pass: pass_replace_mux_selectors -- No improvement
	# of nodes: 			10756
	# of irgs: 				101
	# of cf manipulations: 	620
	# of memory operations: 2146
	# of types: 			2741



Using pass: pass_libfirm_do_loop_unrolling -- No improvement
	# of nodes: 			10756
	# of irgs: 				101
	# of cf manipulations: 	620
	# of memory operations: 2146
	# of types: 			2741



Using pass: pass_libfirm_optimize_reassociation -- Successful
	# of nodes: 			10759
	# of irgs: 				101
	# of cf manipulations: 	620
	# of memory operations: 2146
	# of types: 			2741



Using pass: pass_libfirm_opt_if_conv -- No improvement
	# of nodes: 			10759
	# of irgs: 				101
	# of cf manipulations: 	620
	# of memory operations: 2146
	# of types: 			2741



Using pass: pass_libfirm_normalize_n_returns -- Successful
	# of nodes: 			10604
	# of irgs: 				101
	# of cf manipulations: 	567
	# of memory operations: 2146
	# of types: 			2741



Using pass: pass_libfirm_remove_tuples -- No improvement
	# of nodes: 			10604
	# of irgs: 				101
	# of cf manipulations: 	567
	# of memory operations: 2146
	# of types: 			2741



Using pass: pass_libfirm_remove_critical_cf_edges -- No improvement
	# of nodes: 			10604
	# of irgs: 				101
	# of cf manipulations: 	567
	# of memory operations: 2146
	# of types: 			2741



Using pass: pass_libfirm_do_loop_peeling
	 :: Pass failed on irg 'r_func_7'
	 :: Pass failed on irg 'r_func_6'
	 :: Pass failed on irg 'r_func_10'
	 :: Pass failed on irg 'r_func_28'
	 :: Pass failed on irg 'r_func_11'
	 :: Pass failed on irg 'r_func_99'
	 :: Pass failed on irg 'r_func_2'
	 :: Pass failed on irg 'r_func_54'
	 :: Pass failed on irg 'r_func_26'
	 :: Pass failed on irg 'r_func_2'
	 :: Pass failed on irg 'r_func_28'
	 :: Pass failed on irg 'r_func_86'
	 :: Pass failed on irg 'r_func_77'
	 :: Pass failed on irg 'r_func_79'
	 :: Pass failed on irg 'r_func_49'
	 :: Pass failed on irg 'r_func_6'
	 :: Pass failed on irg 'r_func_71'
	 :: Pass failed on irg 'r_func_58'
	 :: Pass failed on irg 'r_func_19'
	 :: Pass failed on irg 'r_func_25'
	 :: Pass failed on irg 'r_func_6'
	 :: Pass failed on irg 'r_func_71'
	 :: Pass failed on irg 'r_func_54'
	 :: Pass failed on irg 'r_func_10'
	 :: Pass failed on irg 'r_func_59'
	 :: Pass failed on irg 'r_func_29'
	 :: Pass failed on irg 'r_func_14'
	 :: Pass failed on irg 'r_func_6'
	 :: Pass failed on irg 'r_func_6'
	 :: Pass failed on irg 'r_func_6'
	 :: Pass failed on irg 'r_func_3' -- No improvement
	# of nodes: 			10604
	# of irgs: 				101
	# of cf manipulations: 	567
	# of memory operations: 2146
	# of types: 			2741



Using pass: pass_libfirm_optimize_cf -- Successful
	# of nodes: 			10543
	# of irgs: 				101
	# of cf manipulations: 	520
	# of memory operations: 2146
	# of types: 			2741



Using pass: pass_libfirm_opt_parallelize_mem -- Successful
	# of nodes: 			10612
	# of irgs: 				101
	# of cf manipulations: 	520
	# of memory operations: 2146
	# of types: 			2741



Using pass: pass_libfirm_construct_confirms
	 :: Pass failed on irg 'r_func_38'
	 :: Pass failed on irg 'r_func_53'
	 :: Pass failed on irg 'r_func_57'
	 :: Pass failed on irg 'r_func_57'
	 :: Pass failed on irg 'r_func_43'
	 :: Pass failed on irg 'r_func_51'