2018-08-23 15:40:29 -- Firmreduce -- Results

Initial Test-case size:
	# of nodes: 			1459
	# of irgs: 				6
	# of cf manipulations: 	59
	# of memory operations: 247
	# of types: 			322


Using pass: pass_remove_void_calls -- No improvement
	# of nodes: 			1459
	# of irgs: 				6
	# of cf manipulations: 	59
	# of memory operations: 247
	# of types: 			322



Using pass: pass_libfirm_do_loop_inversion -- No improvement
	# of nodes: 			1459
	# of irgs: 				6
	# of cf manipulations: 	59
	# of memory operations: 247
	# of types: 			322



Using pass: pass_libfirm_optimize_load_store -- Successful
	# of nodes: 			1494
	# of irgs: 				6
	# of cf manipulations: 	80
	# of memory operations: 247
	# of types: 			322



Using pass: pass_libfirm_normalize_n_returns -- Successful
	# of nodes: 			1491
	# of irgs: 				6
	# of cf manipulations: 	78
	# of memory operations: 247
	# of types: 			322



Using pass: pass_replace_return_values -- Successful
	# of nodes: 			1253
	# of irgs: 				6
	# of cf manipulations: 	66
	# of memory operations: 247
	# of types: 			322



Using pass: pass_libfirm_combo -- No improvement
	# of nodes: 			1253
	# of irgs: 				6
	# of cf manipulations: 	66
	# of memory operations: 247
	# of types: 			322



Using pass: pass_libfirm_opt_tail_rec -- Successful
	# of nodes: 			1238
	# of irgs: 				6
	# of cf manipulations: 	61
	# of memory operations: 247
	# of types: 			322



Using pass: pass_replace_proj_primitive
	 :: Pass failed on irg 'r_func_4' -- Successful
	# of nodes: 			743
	# of irgs: 				6
	# of cf manipulations: 	35
	# of memory operations: 179
	# of types: 			322



Using pass: pass_libfirm_place_code -- No improvement
	# of nodes: 			743
	# of irgs: 				6
	# of cf manipulations: 	35
	# of memory operations: 179
	# of types: 			322



Using pass: pass_check_validity -- No improvement
	# of nodes: 			743
	# of irgs: 				6
	# of cf manipulations: 	35
	# of memory operations: 179
	# of types: 			322



Using pass: pass_replace_mux_selectors -- No improvement
	# of nodes: 			743
	# of irgs: 				6
	# of cf manipulations: 	35
	# of memory operations: 179
	# of types: 			322



Using pass: pass_simplify_consts -- Successful
	# of nodes: 			654
	# of irgs: 				6
	# of cf manipulations: 	34
	# of memory operations: 176
	# of types: 			322



Using pass: pass_replace_switch_selectors -- No improvement
	# of nodes: 			654
	# of irgs: 				6
	# of cf manipulations: 	34
	# of memory operations: 176
	# of types: 			322



Using pass: pass_libfirm_remove_tuples -- No improvement
	# of nodes: 			654
	# of irgs: 				6
	# of cf manipulations: 	34
	# of memory operations: 176
	# of types: 			322



Using pass: pass_simplify_consts -- Successful
	# of nodes: 			647
	# of irgs: 				6
	# of cf manipulations: 	34
	# of memory operations: 176
	# of types: 			322



Using pass: pass_libfirm_opt_frame -- No improvement
	# of nodes: 			647
	# of irgs: 				6
	# of cf manipulations: 	34
	# of memory operations: 176
	# of types: 			322



Using pass: pass_libfirm_normalize_one_return -- No improvement
	# of nodes: 			647
	# of irgs: 				6
	# of cf manipulations: 	34
	# of memory operations: 176
	# of types: 			322



Using pass: pass_libfirm_opt_jumpthreading -- No improvement
	# of nodes: 			647
	# of irgs: 				6
	# of cf manipulations: 	34
	# of memory operations: 176
	# of types: 			322



Using pass: pass_libfirm_opt_jumpthreading -- No improvement
	# of nodes: 			647
	# of irgs: 				6
	# of cf manipulations: 	34
	# of memory operations: 176
	# of types: 			322



Using pass: pass_libfirm_remove_tuples -- No improvement
	# of nodes: 			647
	# of irgs: 				6
	# of cf manipulations: 	34
	# of memory operations: 176
	# of types: 			322



Using pass: pass_replace_arithmetic -- Successful
	# of nodes: 			628
	# of irgs: 				6
	# of cf manipulations: 	34
	# of memory operations: 176
	# of types: 			322



Using pass: pass_replace_mux_selectors -- No improvement
	# of nodes: 			628
	# of irgs: 				6
	# of cf manipulations: 	34
	# of memory operations: 176
	# of types: 			322



Using pass: pass_libfirm_opt_if_conv -- No improvement
	# of nodes: 			628
	# of irgs: 				6
	# of cf manipulations: 	34
	# of memory operations: 176
	# of types: 			322



Using pass: pass_libfirm_opt_frame -- No improvement
	# of nodes: 			628
	# of irgs: 				6
	# of cf manipulations: 	34
	# of memory operations: 176
	# of types: 			322



Using pass: pass_libfirm_opt_tail_rec -- No improvement
	# of nodes: 			628
	# of irgs: 				6
	# of cf manipulations: 	34
	# of memory operations: 176
	# of types: 			322



Using pass: pass_libfirm_combo -- No improvement
	# of nodes: 			628
	# of irgs: 				6
	# of cf manipulations: 	34
	# of memory operations: 176
	# of types: 			322



Using pass: pass_replace_return_values -- No improvement
	# of nodes: 			628
	# of irgs: 				6
	# of cf manipulations: 	34
	# of memory operations: 176
	# of types: 			322



Using pass: pass_libfirm_normalize_n_returns -- Successful
	# of nodes: 			622
	# of irgs: 				6
	# of cf manipulations: 	32
	# of memory operations: 176
	# of types: 			322



Using pass: pass_libfirm_opt_if_conv -- Successful
	# of nodes: 			628
	# of irgs: 				6
	# of cf manipulations: 	34
	# of memory operations: 176
	# of types: 			322



Using pass: pass_libfirm_do_loop_unrolling -- No improvement
	# of nodes: 			628
	# of irgs: 				6
	# of cf manipulations: 	34
	# of memory operations: 176
	# of types: 			322



Using pass: pass_replace_return_values -- No improvement
	# of nodes: 			628
	# of irgs: 				6
	# of cf manipulations: 	34
	# of memory operations: 176
	# of types: 			322



Using pass: pass_libfirm_place_code -- No improvement
	# of nodes: 			628
	# of irgs: 				6
	# of cf manipulations: 	34
	# of memory operations: 176
	# of types: 			322



Using pass: pass_check_validity -- No improvement
	# of nodes: 			628
	# of irgs: 				6
	# of cf manipulations: 	34
	# of memory operations: 176
	# of types: 			322



Using pass: pass_libfirm_opt_frame -- No improvement
	# of nodes: 			628
	# of irgs: 				6
	# of cf manipulations: 	34
	# of memory operations: 176
	# of types: 			322



Using pass: pass_libfirm_opt_frame -- No improvement
	# of nodes: 			628
	# of irgs: 				6
	# of cf manipulations: 	34
	# of memory operations: 176
	# of types: 			322



Using pass: pass_libfirm_gvn_pre -- No improvement
	# of nodes: 			628
	# of irgs: 				6
	# of cf manipulations: 	34
	# of memory operations: 176
	# of types: 			322



Using pass: pass_libfirm_opt_bool -- No improvement
	# of nodes: 			628
	# of irgs: 				6
	# of cf manipulations: 	34
	# of memory operations: 176
	# of types: 			322



Using pass: pass_libfirm_remove_unreachable -- No improvement
	# of nodes: 			628
	# of irgs: 				6
	# of cf manipulations: 	34
	# of memory operations: 176
	# of types: 			322



Using pass: pass_replace_cond_selectors -- Successful
	# of nodes: 			424
	# of irgs: 				6
	# of cf manipulations: 	14
	# of memory operations: 140
	# of types: 			322



Using pass: pass_libfirm_opt_frame -- No improvement
	# of nodes: 			424
	# of irgs: 				6
	# of cf manipulations: 	14
	# of memory operations: 140
	# of types: 			322



Using pass: pass_remove_void_calls -- Successful
	# of nodes: 			383
	# of irgs: 				6
	# of cf manipulations: 	14
	# of memory operations: 125
	# of types: 			322



Using pass: pass_libfirm_gvn_pre -- No improvement
	# of nodes: 			383
	# of irgs: 				6
	# of cf manipulations: 	14
	# of memory operations: 125
	# of types: 			322



Using pass: pass_gc_entitites -- No improvement
	# of nodes: 			383
	# of irgs: 				6
	# of cf manipulations: 	14
	# of memory operations: 125
	# of types: 			322



Using pass: pass_libfirm_place_code -- No improvement
	# of nodes: 			383
	# of irgs: 				6
	# of cf manipulations: 	14
	# of memory operations: 125
	# of types: 			322



Using pass: pass_libfirm_opt_jumpthreading -- No improvement
	# of nodes: 			383
	# of irgs: 				6
	# of cf manipulations: 	14
	# of memory operations: 125
	# of types: 			322



Using pass: pass_libfirm_opt_frame -- No improvement
	# of nodes: 			383
	# of irgs: 				6
	# of cf manipulations: 	14
	# of memory operations: 125
	# of types: 			322



Using pass: pass_libfirm_normalize_n_returns -- No improvement
	# of nodes: 			383
	# of irgs: 				6
	# of cf manipulations: 	14
	# of memory operations: 125
	# of types: 			322



Using pass: pass_libfirm_scalar_replacement_opt -- No improvement
	# of nodes: 			383
	# of irgs: 				6
	# of cf manipulations: 	14
	# of memory operations: 125
	# of types: 			322



Using pass: pass_libfirm_remove_tuples -- No improvement
	# of nodes: 			383
	# of irgs: 				6
	# of cf manipulations: 	14
	# of memory operations: 125
	# of types: 			322



Using pass: pass_libfirm_opt_ldst
	 :: Pass failed on irg 'r_func_3'
	 :: Pass failed on irg 'main'
	 :: Pass failed on irg 'r_func_2'
	 :: Pass failed on irg '_main'
	 :: Pass failed on irg '_main'
	 :: Pass failed on irg 'r_func_1' -- No improvement
	# of nodes: 			383
	# of irgs: 				6
	# of cf manipulations: 	14
	# of memory operations: 125
	# of types: 			322



Using pass: pass_libfirm_opt_parallelize_mem -- Successful
	# of nodes: 			391
	# of irgs: 				6
	# of cf manipulations: 	14
	# of memory operations: 125
	# of types: 			322



Using pass: pass_libfirm_do_loop_inversion -- No improvement
	# of nodes: 			391
	# of irgs: 				6
	# of cf manipulations: 	14
	# of memory operations: 125
	# of types: 			322



Using pass: pass_libfirm_opt_ldst
	 :: Pass failed on irg '_main'
	 :: Pass failed on irg 'r_func_1'
	 :: Pass failed on irg '_main'
	 :: Pass failed on irg 'r_func_2'
	 :: Pass failed on irg 'r_func_2'
	 :: Pass failed on irg 'main' -- No improvement
	# of nodes: 			391
	# of irgs: 				6
	# of cf manipulations: 	14
	# of memory operations: 125
	# of types: 			322



Using pass: pass_libfirm_opt_ldst
	 :: Pass failed on irg 'r_func_2'
	 :: Pass failed on irg 'r_func_3'
	 :: Pass failed on irg 'main'
	 :: Pass failed on irg 'r_func_3'
	 :: Pass failed on irg 'r_func_3'
	 :: Pass failed on irg 'main' -- No improvement
	# of nodes: 			391
	# of irgs: 				6
	# of cf manipulations: 	14
	# of memory operations: 125
	# of types: 			322



Using pass: pass_libfirm_opt_parallelize_mem -- No improvement
	# of nodes: 			391
	# of irgs: 				6
	# of cf manipulations: 	14
	# of memory operations: 125
	# of types: 			322



Using pass: pass_replace_return_values -- No improvement
	# of nodes: 			391
	# of irgs: 				6
	# of cf manipulations: 	14
	# of memory operations: 125
	# of types: 			322



Using pass: pass_libfirm_opt_if_conv -- No improvement
	# of nodes: 			391
	# of irgs: 				6
	# of cf manipulations: 	14
	# of memory operations: 125
	# of types: 			322



Using pass: pass_gc_entitites -- No improvement
	# of nodes: 			391
	# of irgs: 				6
	# of cf manipulations: 	14
	# of memory operations: 125
	# of types: 			322



Using pass: pass_libfirm_optimize_load_store -- Successful
	# of nodes: 			298
	# of irgs: 				6
	# of cf manipulations: 	14
	# of memory operations: 94
	# of types: 			322



Using pass: pass_libfirm_opt_if_conv -- No improvement
	# of nodes: 			298
	# of irgs: 				6
	# of cf manipulations: 	14
	# of memory operations: 94
	# of types: 			322



Using pass: pass_libfirm_remove_unreachable -- No improvement
	# of nodes: 			298
	# of irgs: 				6
	# of cf manipulations: 	14
	# of memory operations: 94
	# of types: 			322



Using pass: pass_gc_irgs_primitive -- Successful
	# of nodes: 			7
	# of irgs: 				1
	# of cf manipulations: 	2
	# of memory operations: 0
	# of types: 			322



Using pass: pass_gc_irgs_primitive -- No improvement
	# of nodes: 			7
	# of irgs: 				1
	# of cf manipulations: 	2
	# of memory operations: 0
	# of types: 			322



Using pass: pass_libfirm_opt_frame -- No improvement
	# of nodes: 			7
	# of irgs: 				1
	# of cf manipulations: 	2
	# of memory operations: 0
	# of types: 			322



Using pass: pass_simplify_consts -- No improvement
	# of nodes: 			7
	# of irgs: 				1
	# of cf manipulations: 	2
	# of memory operations: 0
	# of types: 			322



Using pass: pass_libfirm_optimize_graph_df -- No improvement
	# of nodes: 			7
	# of irgs: 				1
	# of cf manipulations: 	2
	# of memory operations: 0
	# of types: 			322



Using pass: pass_libfirm_scalar_replacement_opt -- No improvement
	# of nodes: 			7
	# of irgs: 				1
	# of cf manipulations: 	2
	# of memory operations: 0
	# of types: 			322



Using pass: pass_libfirm_optimize_graph_df -- No improvement
	# of nodes: 			7
	# of irgs: 				1
	# of cf manipulations: 	2
	# of memory operations: 0
	# of types: 			322



Using pass: pass_remove_allocs -- No improvement
	# of nodes: 			7
	# of irgs: 				1
	# of cf manipulations: 	2
	# of memory operations: 0
	# of types: 			322



Using pass: pass_libfirm_do_loop_unrolling -- No improvement
	# of nodes: 			7
	# of irgs: 				1
	# of cf manipulations: 	2
	# of memory operations: 0
	# of types: 			322



Using pass: pass_remove_allocs -- No improvement
	# of nodes: 			7
	# of irgs: 				1
	# of cf manipulations: 	2
	# of memory operations: 0
	# of types: 			322



Using pass: pass_replace_loads -- No improvement
	# of nodes: 			7
	# of irgs: 				1
	# of cf manipulations: 	2
	# of memory operations: 0
	# of types: 			322



Using pass: pass_libfirm_opt_frame -- No improvement
	# of nodes: 			7
	# of irgs: 				1
	# of cf manipulations: 	2
	# of memory operations: 0
	# of types: 			322



Using pass: pass_libfirm_do_loop_peeling -- No improvement
	# of nodes: 			7
	# of irgs: 				1
	# of cf manipulations: 	2
	# of memory operations: 0
	# of types: 			322



Using pass: pass_libfirm_optimize_reassociation -- No improvement
	# of nodes: 			7
	# of irgs: 				1
	# of cf manipulations: 	2
	# of memory operations: 0
	# of types: 			322



Using pass: pass_libfirm_do_loop_inversion -- No improvement
	# of nodes: 			7
	# of irgs: 				1
	# of cf manipulations: 	2
	# of memory operations: 0
	# of types: 			322



Using pass: pass_libfirm_optimize_reassociation -- No improvement
	# of nodes: 			7
	# of irgs: 				1
	# of cf manipulations: 	2
	# of memory operations: 0
	# of types: 			322



Using pass: pass_gc_entitites -- No improvement
	# of nodes: 			7
	# of irgs: 				1
	# of cf manipulations: 	2
	# of memory operations: 0
	# of types: 			322



Using pass: pass_replace_proj_primitive -- No improvement
	# of nodes: 			7
	# of irgs: 				1
	# of cf manipulations: 	2
	# of memory operations: 0
	# of types: 			322



Using pass: pass_libfirm_optimize_load_store -- No improvement
	# of nodes: 			7
	# of irgs: 				1
	# of cf manipulations: 	2
	# of memory operations: 0
	# of types: 			322



Using pass: pass_libfirm_opt_frame -- No improvement
	# of nodes: 			7
	# of irgs: 				1
	# of cf manipulations: 	2
	# of memory operations: 0
	# of types: 			322



Using pass: pass_libfirm_occult_consts -- No improvement
	# of nodes: 			7
	# of irgs: 				1
	# of cf manipulations: 	2
	# of memory operations: 0
	# of types: 			322



Using pass: pass_libfirm_optimize_load_store -- No improvement
	# of nodes: 			7
	# of irgs: 				1
	# of cf manipulations: 	2
	# of memory operations: 0
	# of types: 			322



Using pass: pass_libfirm_opt_blocks -- No improvement
	# of nodes: 			7
	# of irgs: 				1
	# of cf manipulations: 	2
	# of memory operations: 0
	# of types: 			322



Using pass: pass_libfirm_do_loop_unrolling -- No improvement
	# of nodes: 			7
	# of irgs: 				1
	# of cf manipulations: 	2
	# of memory operations: 0
	# of types: 			322



Using pass: pass_check_validity -- No improvement
	# of nodes: 			7
	# of irgs: 				1
	# of cf manipulations: 	2
	# of memory operations: 0
	# of types: 			322



Using pass: pass_simplify_consts -- No improvement
	# of nodes: 			7
	# of irgs: 				1
	# of cf manipulations: 	2
	# of memory operations: 0
	# of types: 			322



Using pass: pass_libfirm_opt_bool -- No improvement
	# of nodes: 			7
	# of irgs: 				1
	# of cf manipulations: 	2
	# of memory operations: 0
	# of types: 			322



Using pass: pass_libfirm_normalize_one_return -- No improvement
	# of nodes: 			7
	# of irgs: 				1
	# of cf manipulations: 	2
	# of memory operations: 0
	# of types: 			322



Using pass: pass_replace_switch_selectors -- No improvement
	# of nodes: 			7
	# of irgs: 				1
	# of cf manipulations: 	2
	# of memory operations: 0
	# of types: 			322



Using pass: pass_replace_return_values -- No improvement
	# of nodes: 			7
	# of irgs: 				1
	# of cf manipulations: 	2
	# of memory operations: 0
	# of types: 			322



Using pass: pass_libfirm_remove_unreachable -- No improvement
	# of nodes: 			7
	# of irgs: 				1
	# of cf manipulations: 	2
	# of memory operations: 0
	# of types: 			322



Using pass: pass_libfirm_combo -- No improvement
	# of nodes: 			7
	# of irgs: 				1
	# of cf manipulations: 	2
	# of memory operations: 0
	# of types: 			322



Using pass: pass_replace_loads -- No improvement
	# of nodes: 			7
	# of irgs: 				1
	# of cf manipulations: 	2
	# of memory operations: 0
	# of types: 			322



Using pass: pass_libfirm_optimize_cf -- No improvement
	# of nodes: 			7
	# of irgs: 				1
	# of cf manipulations: 	2
	# of memory operations: 0
	# of types: 			322



Using pass: pass_libfirm_optimize_graph_df -- No improvement
	# of nodes: 			7
	# of irgs: 				1
	# of cf manipulations: 	2
	# of memory operations: 0
	# of types: 			322



Using pass: pass_libfirm_remove_tuples -- No improvement
	# of nodes: 			7
	# of irgs: 				1
	# of cf manipulations: 	2
	# of memory operations: 0
	# of types: 			322



Using pass: pass_libfirm_do_loop_unrolling -- No improvement
	# of nodes: 			7
	# of irgs: 				1
	# of cf manipulations: 	2
	# of memory operations: 0
	# of types: 			322



Using pass: pass_replace_proj_primitive -- No improvement
	# of nodes: 			7
	# of irgs: 				1
	# of cf manipulations: 	2
	# of memory operations: 0
	# of types: 			322



Using pass: pass_libfirm_conv_opt -- No improvement
	# of nodes: 			7
	# of irgs: 				1
	# of cf manipulations: 	2
	# of memory operations: 0
	# of types: 			322



Using pass: pass_libfirm_optimize_load_store -- No improvement
	# of nodes: 			7
	# of irgs: 				1
	# of cf manipulations: 	2
	# of memory operations: 0
	# of types: 			322



Using pass: pass_libfirm_do_loop_unrolling -- No improvement
	# of nodes: 			7
	# of irgs: 				1
	# of cf manipulations: 	2
	# of memory operations: 0
	# of types: 			322



Using pass: pass_gc_irgs -- No improvement
	# of nodes: 			7
	# of irgs: 				1
	# of cf manipulations: 	2
	# of memory operations: 0
	# of types: 			322



Using pass: pass_libfirm_opt_bool -- No improvement
	# of nodes: 			7
	# of irgs: 				1
	# of cf manipulations: 	2
	# of memory operations: 0
	# of types: 			322



Using pass: pass_libfirm_remove_tuples -- No improvement
	# of nodes: 			7
	# of irgs: 				1
	# of cf manipulations: 	2
	# of memory operations: 0
	# of types: 			322



Using pass: pass_check_validity -- No improvement
	# of nodes: 			7
	# of irgs: 				1
	# of cf manipulations: 	2
	# of memory operations: 0
	# of types: 			322



Using pass: pass_libfirm_combo -- No improvement
	# of nodes: 			7
	# of irgs: 				1
	# of cf manipulations: 	2
	# of memory operations: 0
	# of types: 			322



Using pass: pass_libfirm_dead_code_elimination -- No improvement
	# of nodes: 			7
	# of irgs: 				1
	# of cf manipulations: 	2
	# of memory operations: 0
	# of types: 			322



Using pass: pass_libfirm_scalar_replacement_opt -- No improvement
	# of nodes: 			7
	# of irgs: 				1
	# of cf manipulations: 	2
	# of memory operations: 0
	# of types: 			322



Using pass: pass_libfirm_opt_bool -- No improvement
	# of nodes: 			7
	# of irgs: 				1
	# of cf manipulations: 	2
	# of memory operations: 0
	# of types: 			322



Using pass: pass_libfirm_optimize_load_store -- No improvement
	# of nodes: 			7
	# of irgs: 				1
	# of cf manipulations: 	2
	# of memory operations: 0
	# of types: 			322



Using pass: pass_libfirm_occult_consts -- No improvement
	# of nodes: 			7
	# of irgs: 				1
	# of cf manipulations: 	2
	# of memory operations: 0
	# of types: 			322



Using pass: pass_libfirm_remove_bads -- No improvement
	# of nodes: 			7
	# of irgs: 				1
	# of cf manipulations: 	2
	# of memory operations: 0
	# of types: 			322



Using pass: pass_libfirm_remove_tuples -- No improvement
	# of nodes: 			7
	# of irgs: 				1
	# of cf manipulations: 	2
	# of memory operations: 0
	# of types: 			322



Using pass: pass_libfirm_construct_confirms -- No improvement
	# of nodes: 			7
	# of irgs: 				1
	# of cf manipulations: 	2
	# of memory operations: 0
	# of types: 			322



Using pass: pass_gc_irgs_primitive -- No improvement
	# of nodes: 			7
	# of irgs: 				1
	# of cf manipulations: 	2
	# of memory operations: 0
	# of types: 			322



Using pass: pass_libfirm_do_loop_unrolling -- No improvement
	# of nodes: 			7
	# of irgs: 				1
	# of cf manipulations: 	2
	# of memory operations: 0
	# of types: 			322



Using pass: pass_libfirm_do_loop_inversion -- No improvement
	# of nodes: 			7
	# of irgs: 				1
	# of cf manipulations: 	2
	# of memory operations: 0
	# of types: 			322



Using pass: pass_libfirm_remove_unreachable -- No improvement
	# of nodes: 			7
	# of irgs: 				1
	# of cf manipulations: 	2
	# of memory operations: 0
	# of types: 			322



Using pass: pass_remove_stores -- No improvement
	# of nodes: 			7
	# of irgs: 				1
	# of cf manipulations: 	2
	# of memory operations: 0
	# of types: 			322



Using pass: pass_gc_irgs -- No improvement
	# of nodes: 			7
	# of irgs: 				1
	# of cf manipulations: 	2
	# of memory operations: 0
	# of types: 			322



Using pass: pass_libfirm_opt_ldst
	 :: Pass failed on irg 'main' -- No improvement
	# of nodes: 			7
	# of irgs: 				1
	# of cf manipulations: 	2
	# of memory operations: 0
	# of types: 			322



Using pass: pass_libfirm_opt_tail_rec -- No improvement
	# of nodes: 			7
	# of irgs: 				1
	# of cf manipulations: 	2
	# of memory operations: 0
	# of types: 			322



Using pass: pass_libfirm_normalize_n_returns -- No improvement
	# of nodes: 			7
	# of irgs: 				1
	# of cf manipulations: 	2
	# of memory operations: 0
	# of types: 			322



Using pass: pass_gc_entitites -- No improvement
	# of nodes: 			7
	# of irgs: 				1
	# of cf manipulations: 	2
	# of memory operations: 0
	# of types: 			322



Using pass: pass_replace_switch_selectors -- No improvement
	# of nodes: 			7
	# of irgs: 				1
	# of cf manipulations: 	2
	# of memory operations: 0
	# of types: 			322



Using pass: pass_replace_loads -- No improvement
	# of nodes: 			7
	# of irgs: 				1
	# of cf manipulations: 	2
	# of memory operations: 0
	# of types: 			322



Using pass: pass_libfirm_opt_bool -- No improvement
	# of nodes: 			7
	# of irgs: 				1
	# of cf manipulations: 	2
	# of memory operations: 0
	# of types: 			322



Using pass: pass_remove_stores -- No improvement
	# of nodes: 			7
	# of irgs: 				1
	# of cf manipulations: 	2
	# of memory operations: 0
	# of types: 			322



Using pass: pass_libfirm_opt_blocks -- No improvement
	# of nodes: 			7
	# of irgs: 				1
	# of cf manipulations: 	2
	# of memory operations: 0
	# of types: 			322



Using pass: pass_libfirm_optimize_graph_df -- No improvement
	# of nodes: 			7
	# of irgs: 				1
	# of cf manipulations: 	2
	# of memory operations: 0
	# of types: 			322



Using pass: pass_gc_entitites -- No improvement
	# of nodes: 			7
	# of irgs: 				1
	# of cf manipulations: 	2
	# of memory operations: 0
	# of types: 			322



Using pass: pass_gc_entitites -- No improvement
	# of nodes: 			7
	# of irgs: 				1
	# of cf manipulations: 	2
	# of memory operations: 0
	# of types: 			322



Using pass: pass_libfirm_optimize_cf -- No improvement
	# of nodes: 			7
	# of irgs: 				1
	# of cf manipulations: 	2
	# of memory operations: 0
	# of types: 			322



Using pass: pass_libfirm_optimize_cf -- No improvement
	# of nodes: 			7
	# of irgs: 				1
	# of cf manipulations: 	2
	# of memory operations: 0
	# of types: 			322



Using pass: pass_libfirm_optimize_cf -- No improvement
	# of nodes: 			7
	# of irgs: 				1
	# of cf manipulations: 	2
	# of memory operations: 0
	# of types: 			322



Using pass: pass_libfirm_place_code -- No improvement
	# of nodes: 			7
	# of irgs: 				1
	# of cf manipulations: 	2
	# of memory operations: 0
	# of types: 			322



Using pass: pass_libfirm_opt_jumpthreading -- No improvement
	# of nodes: 			7
	# of irgs: 				1
	# of cf manipulations: 	2
	# of memory operations: 0
	# of types: 			322




 :: 2nd reduction cycle


______________________________

No further reduction possible.

Result:
	# of nodes: 			7
	# of irgs: 				1
	# of cf manipulations: 	2
	# of memory operations: 0
	# of types: 			322

2018-08-23 15:41:00