2018-08-23 12:04:15 -- Firmreduce -- Results

Initial Test-case size:
	# of nodes: 			13397
	# of irgs: 				101
	# of cf manipulations: 	763
	# of memory operations: 2161
	# of types: 			2580


Using pass: pass_remove_allocs
	 :: Pass failed on irg 'r_func_96'
	 :: Pass failed on irg 'r_func_96' -- No improvement
	# of nodes: 			13397
	# of irgs: 				101
	# of cf manipulations: 	763
	# of memory operations: 2161
	# of types: 			2580



Using pass: pass_check_validity -- No improvement
	# of nodes: 			13397
	# of irgs: 				101
	# of cf manipulations: 	763
	# of memory operations: 2161
	# of types: 			2580



Using pass: pass_libfirm_remove_bads -- No improvement
	# of nodes: 			13397
	# of irgs: 				101
	# of cf manipulations: 	763
	# of memory operations: 2161
	# of types: 			2580



Using pass: pass_replace_proj_primitive
	 :: Pass failed on irg 'r_func_36'
	 :: Pass failed on irg 'r_func_81'
	 :: Pass failed on irg 'r_func_36'
	 :: Pass failed on irg 'r_func_36'
	 :: Pass failed on irg 'r_func_58'
	 :: Pass failed on irg 'r_func_81'
	 :: Pass failed on irg 'r_func_58'
	 :: Pass failed on irg 'r_func_36'
	 :: Pass failed on irg 'r_func_81'
	 :: Pass failed on irg 'r_func_81'
	 :: Pass failed on irg 'r_func_58'
	 :: Pass failed on irg 'r_func_81'
	 :: Pass failed on irg 'r_func_58'
	 :: Pass failed on irg 'r_func_81'
	 :: Pass failed on irg 'r_func_81'
	 :: Pass failed on irg 'r_func_81'
	 :: Pass failed on irg 'r_func_58'
	 :: Pass failed on irg 'r_func_36'
	 :: Pass failed on irg 'r_func_58' -- Successful
	# of nodes: 			5329
	# of irgs: 				101
	# of cf manipulations: 	228
	# of memory operations: 1498
	# of types: 			2580



Using pass: pass_libfirm_opt_jumpthreading -- Successful
	# of nodes: 			5341
	# of irgs: 				101
	# of cf manipulations: 	234
	# of memory operations: 1498
	# of types: 			2580



Using pass: pass_libfirm_optimize_load_store -- Successful
	# of nodes: 			4434
	# of irgs: 				101
	# of cf manipulations: 	236
	# of memory operations: 1175
	# of types: 			2580



Using pass: pass_libfirm_conv_opt -- Successful
	# of nodes: 			4404
	# of irgs: 				101
	# of cf manipulations: 	236
	# of memory operations: 1175
	# of types: 			2580



Using pass: pass_libfirm_opt_jumpthreading -- No improvement
	# of nodes: 			4404
	# of irgs: 				101
	# of cf manipulations: 	236
	# of memory operations: 1175
	# of types: 			2580



Using pass: pass_simplify_consts -- Successful
	# of nodes: 			3720
	# of irgs: 				101
	# of cf manipulations: 	224
	# of memory operations: 1131
	# of types: 			2580



Using pass: pass_replace_return_values -- Successful
	# of nodes: 			3717
	# of irgs: 				101
	# of cf manipulations: 	224
	# of memory operations: 1131
	# of types: 			2580



Using pass: pass_libfirm_remove_critical_cf_edges -- No improvement
	# of nodes: 			3717
	# of irgs: 				101
	# of cf manipulations: 	224
	# of memory operations: 1131
	# of types: 			2580



Using pass: pass_libfirm_dead_code_elimination -- No improvement
	# of nodes: 			3717
	# of irgs: 				101
	# of cf manipulations: 	224
	# of memory operations: 1131
	# of types: 			2580



Using pass: pass_libfirm_remove_unreachable -- No improvement
	# of nodes: 			3717
	# of irgs: 				101
	# of cf manipulations: 	224
	# of memory operations: 1131
	# of types: 			2580



Using pass: pass_libfirm_remove_bads -- No improvement
	# of nodes: 			3717
	# of irgs: 				101
	# of cf manipulations: 	224
	# of memory operations: 1131
	# of types: 			2580



Using pass: pass_replace_switch_selectors -- No improvement
	# of nodes: 			3717
	# of irgs: 				101
	# of cf manipulations: 	224
	# of memory operations: 1131
	# of types: 			2580



Using pass: pass_simplify_consts -- Successful
	# of nodes: 			3708
	# of irgs: 				101
	# of cf manipulations: 	224
	# of memory operations: 1131
	# of types: 			2580



Using pass: pass_libfirm_dead_code_elimination -- No improvement
	# of nodes: 			3708
	# of irgs: 				101
	# of cf manipulations: 	224
	# of memory operations: 1131
	# of types: 			2580



Using pass: pass_replace_loads
	 :: Pass failed on irg 'r_func_36' -- No improvement
	# of nodes: 			3708
	# of irgs: 				101
	# of cf manipulations: 	224
	# of memory operations: 1131
	# of types: 			2580



Using pass: pass_remove_allocs
	 :: Pass failed on irg 'r_func_81'
	 :: Pass failed on irg 'r_func_81'
	 :: Pass failed on irg 'r_func_81'
	 :: Pass failed on irg 'r_func_81'
	 :: Pass failed on irg 'r_func_81'
	 :: Pass failed on irg 'r_func_81' -- Successful
	# of nodes: 			2121
	# of irgs: 				101
	# of cf manipulations: 	224
	# of memory operations: 390
	# of types: 			2580



Using pass: pass_libfirm_do_loop_unrolling -- No improvement
	# of nodes: 			2121
	# of irgs: 				101
	# of cf manipulations: 	224
	# of memory operations: 390
	# of types: 			2580



Using pass: pass_check_validity -- No improvement
	# of nodes: 			2121
	# of irgs: 				101
	# of cf manipulations: 	224
	# of memory operations: 390
	# of types: 			2580



Using pass: pass_gc_entitites -- No improvement
	# of nodes: 			2121
	# of irgs: 				101
	# of cf manipulations: 	224
	# of memory operations: 390
	# of types: 			2580



Using pass: pass_gc_irgs_primitive
	 :: interestingness test failed on irg 'r_func_60'
	 :: interestingness test failed on irg 'r_func_18'
	 :: interestingness test failed on irg 'r_func_64'
	 :: interestingness test failed on irg 'r_func_1'
	 :: interestingness test failed on irg 'r_func_38'
	 :: interestingness test failed on irg 'r_func_5'
	 :: interestingness test failed on irg 'r_func_81'
	 :: interestingness test failed on irg 'r_func_57'
	 :: interestingness test failed on irg 'r_func_91'
	 :: interestingness test failed on irg 'r_func_23'
	 :: interestingness test failed on irg 'r_func_74'
	 :: interestingness test failed on irg 'r_func_29'
	 :: interestingness test failed on irg 'r_func_64'
	 :: interestingness test failed on irg 'r_func_50'
	 :: interestingness test failed on irg 'r_func_17'
	 :: interestingness test failed on irg 'r_func_91'
	 :: interestingness test failed on irg 'r_func_32'
	 :: interestingness test failed on irg 'r_func_5'
	 :: interestingness test failed on irg 'r_func_72'
	 :: interestingness test failed on irg 'r_func_88'
	 :: interestingness test failed on irg 'r_func_35'
	 :: interestingness test failed on irg 'r_func_41'
	 :: interestingness test failed on irg 'r_func_62'
	 :: interestingness test failed on irg 'r_func_17'
	 :: interestingness test failed on irg 'r_func_33'
	 :: interestingness test failed on irg 'r_func_75'
	 :: interestingness test failed on irg 'r_func_92'
	 :: interestingness test failed on irg 'r_func_16'
	 :: interestingness test failed on irg 'r_func_18'
	 :: interestingness test failed on irg 'r_func_16'
	 :: interestingness test failed on irg 'r_func_65'
	 :: interestingness test failed on irg 'r_func_56'
	 :: interestingness test failed on irg 'r_func_60'
	 :: interestingness test failed on irg 'r_func_13'
	 :: interestingness test failed on irg 'r_func_72'
	 :: interestingness test failed on irg 'r_func_42'
	 :: interestingness test failed on irg 'r_func_99'
	 :: interestingness test failed on irg 'r_func_84'
	 :: interestingness test failed on irg 'r_func_86'
	 :: interestingness test failed on irg 'r_func_84'
	 :: interestingness test failed on irg 'r_func_22'
	 :: interestingness test failed on irg 'r_func_76'
	 :: interestingness test failed on irg 'r_func_38'
	 :: interestingness test failed on irg 'r_func_17'
	 :: interestingness test failed on irg 'r_func_43'
	 :: interestingness test failed on irg 'r_func_76'
	 :: interestingness test failed on irg 'r_func_91'
	 :: interestingness test failed on irg 'r_func_41'
	 :: interestingness test failed on irg 'r_func_37'
	 :: interestingness test failed on irg 'r_func_25'
	 :: interestingness test failed on irg 'r_func_35'
	 :: interestingness test failed on irg 'r_func_25'
	 :: interestingness test failed on irg 'r_func_91'
	 :: interestingness test failed on irg 'r_func_16'
	 :: interestingness test failed on irg 'r_func_25'
	 :: interestingness test failed on irg 'r_func_39'
	 :: interestingness test failed on irg 'r_func_13'
	 :: interestingness test failed on irg 'r_func_35'
	 :: interestingness test failed on irg 'r_func_71'
	 :: interestingness test failed on irg 'r_func_35'
	 :: interestingness test failed on irg 'r_func_61'
	 :: interestingness test failed on irg 'r_func_27'
	 :: interestingness test failed on irg 'r_func_53'
	 :: interestingness test failed on irg 'r_func_80'
	 :: interestingness test failed on irg 'r_func_89'
	 :: interestingness test failed on irg 'r_func_35'
	 :: interestingness test failed on irg 'r_func_16'
	 :: interestingness test failed on irg 'r_func_95'
	 :: interestingness test failed on irg 'r_func_61'
	 :: interestingness test failed on irg 'r_func_37'
	 :: interestingness test failed on irg 'r_func_41'
	 :: interestingness test failed on irg 'r_func_64'
	 :: interestingness test failed on irg 'r_func_65'
	 :: interestingness test failed on irg 'r_func_25'
	 :: interestingness test failed on irg 'r_func_36'
	 :: interestingness test failed on irg 'r_func_5'
	 :: interestingness test failed on irg 'r_func_72'
	 :: interestingness test failed on irg 'r_func_57'
	 :: interestingness test failed on irg 'r_func_60'
	 :: interestingness test failed on irg 'r_func_57'
	 :: interestingness test failed on irg 'r_func_93'
	 :: interestingness test failed on irg 'r_func_39'
	 :: interestingness test failed on irg 'r_func_36'
	 :: interestingness test failed on irg 'r_func_16'
	 :: interestingness test failed on irg 'r_func_73'
	 :: interestingness test failed on irg 'r_func_43'
	 :: interestingness test failed on irg 'r_func_66'
	 :: interestingness test failed on irg 'r_func_92'
	 :: interestingness test failed on irg 'r_func_91'
	 :: interestingness test failed on irg 'r_func_13'
	 :: interestingness test failed on irg 'r_func_69'
	 :: interestingness test failed on irg 'r_func_22'
	 :: interestingness test failed on irg 'r_func_43'
	 :: interestingness test failed on irg 'r_func_57'
	 :: interestingness test failed on irg 'r_func_72'
	 :: interestingness test failed on irg 'r_func_86'
	 :: interestingness test failed on irg 'r_func_22'
	 :: interestingness test failed on irg 'r_func_69'
	 :: interestingness test failed on irg 'r_func_73'
	 :: interestingness test failed on irg 'r_func_35'
	 :: interestingness test failed on irg 'r_func_57'
	 :: interestingness test failed on irg 'r_func_69'
	 :: interestingness test failed on irg 'r_func_13'
	 :: interestingness test failed on irg 'r_func_80'
	 :: interestingness test failed on irg 'r_func_91'
	 :: interestingness test failed on irg 'r_func_69'
	 :: interestingness test failed on irg 'r_func_81'
	 :: interestingness test failed on irg 'r_func_66'
	 :: interestingness test failed on irg 'r_func_61'
	 :: interestingness test failed on irg 'r_func_73'
	 :: interestingness test failed on irg 'r_func_76'
	 :: interestingness test failed on irg 'r_func_69'
	 :: interestingness test failed on irg 'r_func_93'
	 :: interestingness test failed on irg 'r_func_74'
	 :: interestingness test failed on irg 'r_func_16'
	 :: interestingness test failed on irg 'r_func_61'
	 :: interestingness test failed on irg 'r_func_91'
	 :: interestingness test failed on irg 'r_func_36'
	 :: interestingness test failed on irg 'r_func_72'
	 :: interestingness test failed on irg 'r_func_35'
	 :: interestingness test failed on irg 'r_func_81'
	 :: interestingness test failed on irg 'r_func_80'
	 :: interestingness test failed on irg 'r_func_61'
	 :: interestingness test failed on irg 'r_func_71'
	 :: interestingness test failed on irg 'r_func_22'
	 :: interestingness test failed on irg 'r_func_57'
	 :: interestingness test failed on irg 'r_func_60'
	 :: interestingness test failed on irg 'r_func_80'
	 :: interestingness test failed on irg 'r_func_36'
	 :: interestingness test failed on irg 'r_func_35'
	 :: interestingness test failed on irg 'r_func_81'
	 :: interestingness test failed on irg 'r_func_60'
	 :: interestingness test failed on irg 'r_func_19'
	 :: interestingness test failed on irg 'r_func_36'
	 :: interestingness test failed on irg 'r_func_5'
	 :: interestingness test failed on irg 'r_func_25'
	 :: interestingness test failed on irg 'r_func_71'
	 :: interestingness test failed on irg 'r_func_22'
	 :: interestingness test failed on irg 'r_func_16'
	 :: interestingness test failed on irg 'r_func_71'
	 :: interestingness test failed on irg 'r_func_13'
	 :: interestingness test failed on irg 'r_func_57'
	 :: interestingness test failed on irg 'r_func_23'
	 :: interestingness test failed on irg 'r_func_74'
	 :: interestingness test failed on irg 'r_func_5'
	 :: interestingness test failed on irg 'r_func_25'
	 :: interestingness test failed on irg 'r_func_93'
	 :: interestingness test failed on irg 'r_func_72'
	 :: interestingness test failed on irg 'r_func_66'
	 :: interestingness test failed on irg 'r_func_37'
	 :: interestingness test failed on irg 'r_func_71'
	 :: interestingness test failed on irg 'r_func_71'
	 :: interestingness test failed on irg 'r_func_84'
	 :: interestingness test failed on irg 'r_func_43'
	 :: interestingness test failed on irg 'r_func_35'
	 :: interestingness test failed on irg 'r_func_35'
	 :: interestingness test failed on irg 'r_func_36'
	 :: interestingness test failed on irg 'r_func_37'
	 :: interestingness test failed on irg 'r_func_93'
	 :: interestingness test failed on irg 'r_func_5'
	 :: interestingness test failed on irg 'r_func_23'
	 :: interestingness test failed on irg 'r_func_92'
	 :: interestingness test failed on irg 'r_func_74'
	 :: interestingness test failed on irg 'r_func_92'
	 :: interestingness test failed on irg 'r_func_76'
	 :: interestingness test failed on irg 'r_func_71'
	 :: interestingness test failed on irg 'r_func_19'
	 :: interestingness test failed on irg 'r_func_71'
	 :: interestingness test failed on irg 'r_func_91'
	 :: interestingness test failed on irg 'r_func_72'
	 :: interestingness test failed on irg 'r_func_22'
	 :: interestingness test failed on irg 'r_func_91'
	 :: interestingness test failed on irg 'r_func_76'
	 :: interestingness test failed on irg 'r_func_37'
	 :: interestingness test failed on irg 'r_func_19'
	 :: interestingness test failed on irg 'r_func_17'
	 :: interestingness test failed on irg 'r_func_57'
	 :: interestingness test failed on irg 'r_func_71'
	 :: interestingness test failed on irg 'r_func_25'
	 :: interestingness test failed on irg 'r_func_91'
	 :: interestingness test failed on irg 'r_func_25'
	 :: interestingness test failed on irg 'r_func_19'
	 :: interestingness test failed on irg 'r_func_76'
	 :: interestingness test failed on irg 'r_func_5'
	 :: interestingness test failed on irg 'r_func_92'
	 :: interestingness test failed on irg 'r_func_91'
	 :: interestingness test failed on irg 'r_func_27'
	 :: interestingness test failed on irg 'r_func_35'
	 :: interestingness test failed on irg 'r_func_71'
	 :: interestingness test failed on irg 'r_func_71'
	 :: interestingness test failed on irg 'r_func_76'
	 :: interestingness test failed on irg 'r_func_36'
	 :: interestingness test failed on irg 'r_func_35'
	 :: interestingness test failed on irg 'r_func_13'
	 :: interestingness test failed on irg 'r_func_66'
	 :: interestingness test failed on irg 'r_func_35'
	 :: interestingness test failed on irg 'r_func_92'
	 :: interestingness test failed on irg 'r_func_36'
	 :: interestingness test failed on irg 'r_func_53'
	 :: interestingness test failed on irg 'r_func_13'
	 :: interestingness test failed on irg 'r_func_13'
	 :: interestingness test failed on irg 'r_func_53'
	 :: interestingness test failed on irg 'r_func_76'
	 :: interestingness test failed on irg 'r_func_23'
	 :: interestingness test failed on irg 'r_func_27'
	 :: interestingness test failed on irg 'r_func_13'
	 :: interestingness test failed on irg 'r_func_37'
	 :: interestingness test failed on irg 'r_func_36'
	 :: interestingness test failed on irg 'r_func_57'
	 :: interestingness test failed on irg 'r_func_66'
	 :: interestingness test failed on irg 'r_func_57'
	 :: interestingness test failed on irg 'r_func_37'
	 :: interestingness test failed on irg 'r_func_53'
	 :: interestingness test failed on irg 'r_func_66'
	 :: interestingness test failed on irg 'r_func_36'
	 :: interestingness test failed on irg 'r_func_53'
	 :: interestingness test failed on irg 'r_func_37' -- Successful
	# of nodes: 			425
	# of irgs: 				16
	# of cf manipulations: 	35
	# of memory operations: 87
	# of types: 			2580



Using pass: pass_libfirm_optimize_load_store -- Successful
	# of nodes: 			392
	# of irgs: 				16
	# of cf manipulations: 	35
	# of memory operations: 82
	# of types: 			2580



Using pass: pass_replace_switch_selectors -- No improvement
	# of nodes: 			392
	# of irgs: 				16
	# of cf manipulations: 	35
	# of memory operations: 82
	# of types: 			2580



Using pass: pass_libfirm_occult_consts -- No improvement
	# of nodes: 			392
	# of irgs: 				16
	# of cf manipulations: 	35
	# of memory operations: 82
	# of types: 			2580



Using pass: pass_libfirm_opt_tail_rec -- No improvement
	# of nodes: 			392
	# of irgs: 				16
	# of cf manipulations: 	35
	# of memory operations: 82
	# of types: 			2580



Using pass: pass_remove_allocs -- No improvement
	# of nodes: 			392
	# of irgs: 				16
	# of cf manipulations: 	35
	# of memory operations: 82
	# of types: 			2580



Using pass: pass_libfirm_remove_critical_cf_edges -- No improvement
	# of nodes: 			392
	# of irgs: 				16
	# of cf manipulations: 	35
	# of memory operations: 82
	# of types: 			2580



Using pass: pass_libfirm_remove_tuples -- No improvement
	# of nodes: 			392
	# of irgs: 				16
	# of cf manipulations: 	35
	# of memory operations: 82
	# of types: 			2580



Using pass: pass_libfirm_remove_bads -- No improvement
	# of nodes: 			392
	# of irgs: 				16
	# of cf manipulations: 	35
	# of memory operations: 82
	# of types: 			2580



Using pass: pass_libfirm_opt_if_conv -- No improvement
	# of nodes: 			392
	# of irgs: 				16
	# of cf manipulations: 	35
	# of memory operations: 82
	# of types: 			2580



Using pass: pass_libfirm_remove_bads -- No improvement
	# of nodes: 			392
	# of irgs: 				16
	# of cf manipulations: 	35
	# of memory operations: 82
	# of types: 			2580



Using pass: pass_libfirm_remove_unreachable -- No improvement
	# of nodes: 			392
	# of irgs: 				16
	# of cf manipulations: 	35
	# of memory operations: 82
	# of types: 			2580



Using pass: pass_libfirm_normalize_n_returns -- No improvement
	# of nodes: 			392
	# of irgs: 				16
	# of cf manipulations: 	35
	# of memory operations: 82
	# of types: 			2580



Using pass: pass_gc_irgs
	 :: Pass failed on irg 'r_func_36'
	 :: Pass failed on irg 'r_func_66'
	 :: Pass failed on irg 'r_func_13'
	 :: Pass failed on irg 'r_func_23'
	 :: Pass failed on irg 'r_func_73'
	 :: Pass failed on irg 'r_func_66' -- Successful
	# of nodes: 			19
	# of irgs: 				2
	# of cf manipulations: 	4
	# of memory operations: 1
	# of types: 			2580



Using pass: pass_replace_cond_selectors -- No improvement
	# of nodes: 			19
	# of irgs: 				2
	# of cf manipulations: 	4
	# of memory operations: 1
	# of types: 			2580



Using pass: pass_replace_loads -- No improvement
	# of nodes: 			19
	# of irgs: 				2
	# of cf manipulations: 	4
	# of memory operations: 1
	# of types: 			2580



Using pass: pass_libfirm_optimize_load_store -- No improvement
	# of nodes: 			19
	# of irgs: 				2
	# of cf manipulations: 	4
	# of memory operations: 1
	# of types: 			2580



Using pass: pass_simplify_consts -- No improvement
	# of nodes: 			19
	# of irgs: 				2
	# of cf manipulations: 	4
	# of memory operations: 1
	# of types: 			2580



Using pass: pass_libfirm_remove_tuples -- No improvement
	# of nodes: 			19
	# of irgs: 				2
	# of cf manipulations: 	4
	# of memory operations: 1
	# of types: 			2580



Using pass: pass_libfirm_opt_frame -- No improvement
	# of nodes: 			19
	# of irgs: 				2
	# of cf manipulations: 	4
	# of memory operations: 1
	# of types: 			2580



Using pass: pass_libfirm_optimize_graph_df -- No improvement
	# of nodes: 			19
	# of irgs: 				2
	# of cf manipulations: 	4
	# of memory operations: 1
	# of types: 			2580



Using pass: pass_libfirm_opt_blocks -- No improvement
	# of nodes: 			19
	# of irgs: 				2
	# of cf manipulations: 	4
	# of memory operations: 1
	# of types: 			2580



Using pass: pass_remove_allocs -- No improvement
	# of nodes: 			19
	# of irgs: 				2
	# of cf manipulations: 	4
	# of memory operations: 1
	# of types: 			2580



Using pass: pass_libfirm_optimize_load_store -- No improvement
	# of nodes: 			19
	# of irgs: 				2
	# of cf manipulations: 	4
	# of memory operations: 1
	# of types: 			2580



Using pass: pass_libfirm_opt_ldst
	 :: Pass failed on irg 'main'
	 :: Pass failed on irg 'r_func_61' -- No improvement
	# of nodes: 			19
	# of irgs: 				2
	# of cf manipulations: 	4
	# of memory operations: 1
	# of types: 			2580



Using pass: pass_libfirm_scalar_replacement_opt -- No improvement
	# of nodes: 			19
	# of irgs: 				2
	# of cf manipulations: 	4
	# of memory operations: 1
	# of types: 			2580



Using pass: pass_check_validity -- No improvement
	# of nodes: 			19
	# of irgs: 				2
	# of cf manipulations: 	4
	# of memory operations: 1
	# of types: 			2580



Using pass: pass_check_validity -- No improvement
	# of nodes: 			19
	# of irgs: 				2
	# of cf manipulations: 	4
	# of memory operations: 1
	# of types: 			2580



Using pass: pass_libfirm_optimize_load_store -- No improvement
	# of nodes: 			19
	# of irgs: 				2
	# of cf manipulations: 	4
	# of memory operations: 1
	# of types: 			2580



Using pass: pass_libfirm_opt_frame -- No improvement
	# of nodes: 			19
	# of irgs: 				2
	# of cf manipulations: 	4
	# of memory operations: 1
	# of types: 			2580



Using pass: pass_replace_cond_selectors -- No improvement
	# of nodes: 			19
	# of irgs: 				2
	# of cf manipulations: 	4
	# of memory operations: 1
	# of types: 			2580



Using pass: pass_replace_loads -- No improvement
	# of nodes: 			19
	# of irgs: 				2
	# of cf manipulations: 	4
	# of memory operations: 1
	# of types: 			2580



Using pass: pass_libfirm_normalize_one_return -- No improvement
	# of nodes: 			19
	# of irgs: 				2
	# of cf manipulations: 	4
	# of memory operations: 1
	# of types: 			2580



Using pass: pass_libfirm_remove_critical_cf_edges -- No improvement
	# of nodes: 			19
	# of irgs: 				2
	# of cf manipulations: 	4
	# of memory operations: 1
	# of types: 			2580



Using pass: pass_libfirm_optimize_load_store -- No improvement
	# of nodes: 			19
	# of irgs: 				2
	# of cf manipulations: 	4
	# of memory operations: 1
	# of types: 			2580



Using pass: pass_replace_return_values -- No improvement
	# of nodes: 			19
	# of irgs: 				2
	# of cf manipulations: 	4
	# of memory operations: 1
	# of types: 			2580



Using pass: pass_libfirm_opt_jumpthreading -- No improvement
	# of nodes: 			19
	# of irgs: 				2
	# of cf manipulations: 	4
	# of memory operations: 1
	# of types: 			2580



Using pass: pass_gc_irgs -- No improvement
	# of nodes: 			19
	# of irgs: 				2
	# of cf manipulations: 	4
	# of memory operations: 1
	# of types: 			2580



Using pass: pass_libfirm_occult_consts -- No improvement
	# of nodes: 			19
	# of irgs: 				2
	# of cf manipulations: 	4
	# of memory operations: 1
	# of types: 			2580



Using pass: pass_gc_entitites -- No improvement
	# of nodes: 			19
	# of irgs: 				2
	# of cf manipulations: 	4
	# of memory operations: 1
	# of types: 			2580



Using pass: pass_libfirm_remove_tuples -- No improvement
	# of nodes: 			19
	# of irgs: 				2
	# of cf manipulations: 	4
	# of memory operations: 1
	# of types: 			2580



Using pass: pass_libfirm_normalize_one_return -- No improvement
	# of nodes: 			19
	# of irgs: 				2
	# of cf manipulations: 	4
	# of memory operations: 1
	# of types: 			2580



Using pass: pass_libfirm_remove_bads -- No improvement
	# of nodes: 			19
	# of irgs: 				2
	# of cf manipulations: 	4
	# of memory operations: 1
	# of types: 			2580



Using pass: pass_libfirm_construct_confirms -- No improvement
	# of nodes: 			19
	# of irgs: 				2
	# of cf manipulations: 	4
	# of memory operations: 1
	# of types: 			2580



Using pass: pass_libfirm_opt_jumpthreading -- No improvement
	# of nodes: 			19
	# of irgs: 				2
	# of cf manipulations: 	4
	# of memory operations: 1
	# of types: 			2580



Using pass: pass_libfirm_optimize_load_store -- No improvement
	# of nodes: 			19
	# of irgs: 				2
	# of cf manipulations: 	4
	# of memory operations: 1
	# of types: 			2580



Using pass: pass_replace_cond_selectors -- No improvement
	# of nodes: 			19
	# of irgs: 				2
	# of cf manipulations: 	4
	# of memory operations: 1
	# of types: 			2580



Using pass: pass_replace_members -- No improvement
	# of nodes: 			19
	# of irgs: 				2
	# of cf manipulations: 	4
	# of memory operations: 1
	# of types: 			2580



Using pass: pass_replace_mux_selectors -- No improvement
	# of nodes: 			19
	# of irgs: 				2
	# of cf manipulations: 	4
	# of memory operations: 1
	# of types: 			2580



Using pass: pass_remove_stores -- Successful
	# of nodes: 			14
	# of irgs: 				2
	# of cf manipulations: 	4
	# of memory operations: 0
	# of types: 			2580



Using pass: pass_libfirm_opt_blocks -- No improvement
	# of nodes: 			14
	# of irgs: 				2
	# of cf manipulations: 	4
	# of memory operations: 0
	# of types: 			2580



Using pass: pass_check_validity -- No improvement
	# of nodes: 			14
	# of irgs: 				2
	# of cf manipulations: 	4
	# of memory operations: 0
	# of types: 			2580



Using pass: pass_libfirm_remove_bads -- No improvement
	# of nodes: 			14
	# of irgs: 				2
	# of cf manipulations: 	4
	# of memory operations: 0
	# of types: 			2580



Using pass: pass_gc_entitites -- No improvement
	# of nodes: 			14
	# of irgs: 				2
	# of cf manipulations: 	4
	# of memory operations: 0
	# of types: 			2580



Using pass: pass_remove_stores -- No improvement
	# of nodes: 			14
	# of irgs: 				2
	# of cf manipulations: 	4
	# of memory operations: 0
	# of types: 			2580



Using pass: pass_remove_allocs -- No improvement
	# of nodes: 			14
	# of irgs: 				2
	# of cf manipulations: 	4
	# of memory operations: 0
	# of types: 			2580



Using pass: pass_libfirm_remove_unreachable -- No improvement
	# of nodes: 			14
	# of irgs: 				2
	# of cf manipulations: 	4
	# of memory operations: 0
	# of types: 			2580



Using pass: pass_gc_entitites -- No improvement
	# of nodes: 			14
	# of irgs: 				2
	# of cf manipulations: 	4
	# of memory operations: 0
	# of types: 			2580



Using pass: pass_libfirm_opt_funccalls -- No improvement
	# of nodes: 			14
	# of irgs: 				2
	# of cf manipulations: 	4
	# of memory operations: 0
	# of types: 			2580



Using pass: pass_libfirm_opt_tail_rec -- No improvement
	# of nodes: 			14
	# of irgs: 				2
	# of cf manipulations: 	4
	# of memory operations: 0
	# of types: 			2580



Using pass: pass_gc_irgs -- No improvement
	# of nodes: 			14
	# of irgs: 				2
	# of cf manipulations: 	4
	# of memory operations: 0
	# of types: 			2580



Using pass: pass_simplify_consts -- No improvement
	# of nodes: 			14
	# of irgs: 				2
	# of cf manipulations: 	4
	# of memory operations: 0
	# of types: 			2580



Using pass: pass_libfirm_opt_parallelize_mem -- No improvement
	# of nodes: 			14
	# of irgs: 				2
	# of cf manipulations: 	4
	# of memory operations: 0
	# of types: 			2580



Using pass: pass_libfirm_optimize_load_store -- No improvement
	# of nodes: 			14
	# of irgs: 				2
	# of cf manipulations: 	4
	# of memory operations: 0
	# of types: 			2580



Using pass: pass_libfirm_opt_ldst
	 :: Pass failed on irg 'r_func_61'
	 :: Pass failed on irg 'r_func_61' -- No improvement
	# of nodes: 			14
	# of irgs: 				2
	# of cf manipulations: 	4
	# of memory operations: 0
	# of types: 			2580



Using pass: pass_libfirm_normalize_n_returns -- No improvement
	# of nodes: 			14
	# of irgs: 				2
	# of cf manipulations: 	4
	# of memory operations: 0
	# of types: 			2580



Using pass: pass_libfirm_opt_jumpthreading -- No improvement
	# of nodes: 			14
	# of irgs: 				2
	# of cf manipulations: 	4
	# of memory operations: 0
	# of types: 			2580



Using pass: pass_libfirm_gvn_pre -- No improvement
	# of nodes: 			14
	# of irgs: 				2
	# of cf manipulations: 	4
	# of memory operations: 0
	# of types: 			2580



Using pass: pass_libfirm_opt_frame -- No improvement
	# of nodes: 			14
	# of irgs: 				2
	# of cf manipulations: 	4
	# of memory operations: 0
	# of types: 			2580



Using pass: pass_remove_void_calls -- No improvement
	# of nodes: 			14
	# of irgs: 				2
	# of cf manipulations: 	4
	# of memory operations: 0
	# of types: 			2580



Using pass: pass_replace_loads -- No improvement
	# of nodes: 			14
	# of irgs: 				2
	# of cf manipulations: 	4
	# of memory operations: 0
	# of types: 			2580



Using pass: pass_libfirm_opt_blocks -- No improvement
	# of nodes: 			14
	# of irgs: 				2
	# of cf manipulations: 	4
	# of memory operations: 0
	# of types: 			2580



Using pass: pass_libfirm_opt_blocks -- No improvement
	# of nodes: 			14
	# of irgs: 				2
	# of cf manipulations: 	4
	# of memory operations: 0
	# of types: 			2580



Using pass: pass_libfirm_opt_frame -- No improvement
	# of nodes: 			14
	# of irgs: 				2
	# of cf manipulations: 	4
	# of memory operations: 0
	# of types: 			2580



Using pass: pass_libfirm_opt_frame -- No improvement
	# of nodes: 			14
	# of irgs: 				2
	# of cf manipulations: 	4
	# of memory operations: 0
	# of types: 			2580



Using pass: pass_libfirm_opt_ldst
	 :: Pass failed on irg 'r_func_61'
	 :: Pass failed on irg 'r_func_61' -- No improvement
	# of nodes: 			14
	# of irgs: 				2
	# of cf manipulations: 	4
	# of memory operations: 0
	# of types: 			2580



Using pass: pass_libfirm_place_code -- No improvement
	# of nodes: 			14
	# of irgs: 				2
	# of cf manipulations: 	4
	# of memory operations: 0
	# of types: 			2580



Using pass: pass_libfirm_normalize_n_returns -- No improvement
	# of nodes: 			14
	# of irgs: 				2
	# of cf manipulations: 	4
	# of memory operations: 0
	# of types: 			2580



Using pass: pass_libfirm_remove_bads -- No improvement
	# of nodes: 			14
	# of irgs: 				2
	# of cf manipulations: 	4
	# of memory operations: 0
	# of types: 			2580



Using pass: pass_libfirm_normalize_one_return -- No improvement
	# of nodes: 			14
	# of irgs: 				2
	# of cf manipulations: 	4
	# of memory operations: 0
	# of types: 			2580



Using pass: pass_libfirm_combo -- No improvement
	# of nodes: 			14
	# of irgs: 				2
	# of cf manipulations: 	4
	# of memory operations: 0
	# of types: 			2580



Using pass: pass_libfirm_construct_confirms -- No improvement
	# of nodes: 			14
	# of irgs: 				2
	# of cf manipulations: 	4
	# of memory operations: 0
	# of types: 			2580



Using pass: pass_libfirm_opt_funccalls -- No improvement
	# of nodes: 			14
	# of irgs: 				2
	# of cf manipulations: 	4
	# of memory operations: 0
	# of types: 			2580



Using pass: pass_libfirm_opt_funccalls -- No improvement
	# of nodes: 			14
	# of irgs: 				2
	# of cf manipulations: 	4
	# of memory operations: 0
	# of types: 			2580



Using pass: pass_libfirm_conv_opt -- No improvement
	# of nodes: 			14
	# of irgs: 				2
	# of cf manipulations: 	4
	# of memory operations: 0
	# of types: 			2580



Using pass: pass_replace_return_values -- No improvement
	# of nodes: 			14
	# of irgs: 				2
	# of cf manipulations: 	4
	# of memory operations: 0
	# of types: 			2580



Using pass: pass_libfirm_construct_confirms -- No improvement
	# of nodes: 			14
	# of irgs: 				2
	# of cf manipulations: 	4
	# of memory operations: 0
	# of types: 			2580



Using pass: pass_remove_allocs -- No improvement
	# of nodes: 			14
	# of irgs: 				2
	# of cf manipulations: 	4
	# of memory operations: 0
	# of types: 			2580



Using pass: pass_libfirm_normalize_n_returns -- No improvement
	# of nodes: 			14
	# of irgs: 				2
	# of cf manipulations: 	4
	# of memory operations: 0
	# of types: 			2580



Using pass: pass_replace_mux_selectors -- No improvement
	# of nodes: 			14
	# of irgs: 				2
	# of cf manipulations: 	4
	# of memory operations: 0
	# of types: 			2580



Using pass: pass_libfirm_do_loop_inversion -- No improvement
	# of nodes: 			14
	# of irgs: 				2
	# of cf manipulations: 	4
	# of memory operations: 0
	# of types: 			2580



Using pass: pass_libfirm_opt_blocks -- No improvement
	# of nodes: 			14
	# of irgs: 				2
	# of cf manipulations: 	4
	# of memory operations: 0
	# of types: 			2580



Using pass: pass_libfirm_optimize_graph_df -- No improvement
	# of nodes: 			14
	# of irgs: 				2
	# of cf manipulations: 	4
	# of memory operations: 0
	# of types: 			2580



Using pass: pass_libfirm_place_code -- No improvement
	# of nodes: 			14
	# of irgs: 				2
	# of cf manipulations: 	4
	# of memory operations: 0
	# of types: 			2580



Using pass: pass_simplify_consts -- No improvement
	# of nodes: 			14
	# of irgs: 				2
	# of cf manipulations: 	4
	# of memory operations: 0
	# of types: 			2580



Using pass: pass_gc_irgs -- No improvement
	# of nodes: 			14
	# of irgs: 				2
	# of cf manipulations: 	4
	# of memory operations: 0
	# of types: 			2580



Using pass: pass_replace_return_values -- No improvement
	# of nodes: 			14
	# of irgs: 				2
	# of cf manipulations: 	4
	# of memory operations: 0
	# of types: 			2580



Using pass: pass_libfirm_optimize_reassociation -- No improvement
	# of nodes: 			14
	# of irgs: 				2
	# of cf manipulations: 	4
	# of memory operations: 0
	# of types: 			2580



Using pass: pass_libfirm_remove_critical_cf_edges -- No improvement
	# of nodes: 			14
	# of irgs: 				2
	# of cf manipulations: 	4
	# of memory operations: 0
	# of types: 			2580



Using pass: pass_libfirm_do_loop_inversion -- No improvement
	# of nodes: 			14
	# of irgs: 				2
	# of cf manipulations: 	4
	# of memory operations: 0
	# of types: 			2580



Using pass: pass_libfirm_remove_tuples -- No improvement
	# of nodes: 			14
	# of irgs: 				2
	# of cf manipulations: 	4
	# of memory operations: 0
	# of types: 			2580



Using pass: pass_libfirm_optimize_reassociation -- No improvement
	# of nodes: 			14
	# of irgs: 				2
	# of cf manipulations: 	4
	# of memory operations: 0
	# of types: 			2580



Using pass: pass_libfirm_remove_bads -- No improvement
	# of nodes: 			14
	# of irgs: 				2
	# of cf manipulations: 	4
	# of memory operations: 0
	# of types: 			2580



Using pass: pass_replace_loads -- No improvement
	# of nodes: 			14
	# of irgs: 				2
	# of cf manipulations: 	4
	# of memory operations: 0
	# of types: 			2580



Using pass: pass_replace_return_values -- No improvement
	# of nodes: 			14
	# of irgs: 				2
	# of cf manipulations: 	4
	# of memory operations: 0
	# of types: 			2580



Using pass: pass_libfirm_optimize_reassociation -- No improvement
	# of nodes: 			14
	# of irgs: 				2
	# of cf manipulations: 	4
	# of memory operations: 0
	# of types: 			2580



Using pass: pass_libfirm_conv_opt -- No improvement
	# of nodes: 			14
	# of irgs: 				2
	# of cf manipulations: 	4
	# of memory operations: 0
	# of types: 			2580



Using pass: pass_libfirm_opt_bool -- No improvement
	# of nodes: 			14
	# of irgs: 				2
	# of cf manipulations: 	4
	# of memory operations: 0
	# of types: 			2580



Using pass: pass_libfirm_normalize_n_returns -- No improvement
	# of nodes: 			14
	# of irgs: 				2
	# of cf manipulations: 	4
	# of memory operations: 0
	# of types: 			2580



Using pass: pass_libfirm_optimize_load_store -- No improvement
	# of nodes: 			14
	# of irgs: 				2
	# of cf manipulations: 	4
	# of memory operations: 0
	# of types: 			2580



Using pass: pass_libfirm_place_code -- No improvement
	# of nodes: 			14
	# of irgs: 				2
	# of cf manipulations: 	4
	# of memory operations: 0
	# of types: 			2580



Using pass: pass_libfirm_opt_parallelize_mem -- No improvement
	# of nodes: 			14
	# of irgs: 				2
	# of cf manipulations: 	4
	# of memory operations: 0
	# of types: 			2580



Using pass: pass_libfirm_dead_code_elimination -- No improvement
	# of nodes: 			14
	# of irgs: 				2
	# of cf manipulations: 	4
	# of memory operations: 0
	# of types: 			2580



Using pass: pass_libfirm_remove_critical_cf_edges -- No improvement
	# of nodes: 			14
	# of irgs: 				2
	# of cf manipulations: 	4
	# of memory operations: 0
	# of types: 			2580



Using pass: pass_replace_return_values -- No improvement
	# of nodes: 			14
	# of irgs: 				2
	# of cf manipulations: 	4
	# of memory operations: 0
	# of types: 			2580



Using pass: pass_libfirm_opt_ldst
	 :: Pass failed on irg 'main'
	 :: Pass failed on irg 'r_func_61' -- No improvement
	# of nodes: 			14
	# of irgs: 				2
	# of cf manipulations: 	4
	# of memory operations: 0
	# of types: 			2580




 :: 2nd reduction cycle

Using pass: pass_gc_irgs_primitive -- Trying irg 'r_func_60' -- No improvement
Using pass: pass_gc_irgs_primitive -- Trying irg 'r_func_18' -- No improvement
Using pass: pass_gc_irgs_primitive -- Trying irg 'r_func_64' -- No improvement
Using pass: pass_gc_irgs_primitive -- Trying irg 'r_func_1' -- No improvement
Using pass: pass_gc_irgs_primitive -- Trying irg 'r_func_38' -- No improvement
Using pass: pass_gc_irgs_primitive -- Trying irg 'r_func_5' -- No improvement
Using pass: pass_gc_irgs_primitive -- Trying irg 'r_func_81' -- No improvement
Using pass: pass_gc_irgs_primitive -- Trying irg 'r_func_57' -- No improvement
Using pass: pass_gc_irgs_primitive -- Trying irg 'r_func_91' -- No improvement
Using pass: pass_gc_irgs_primitive -- Trying irg 'r_func_23' -- No improvement
Using pass: pass_gc_irgs_primitive -- Trying irg 'r_func_74' -- No improvement
Using pass: pass_gc_irgs_primitive -- Trying irg 'r_func_29' -- No improvement
Using pass: pass_gc_irgs_primitive -- Trying irg 'r_func_64' -- No improvement
Using pass: pass_gc_irgs_primitive -- Trying irg 'r_func_50' -- No improvement
Using pass: pass_gc_irgs_primitive -- Trying irg 'r_func_17' -- No improvement
Using pass: pass_gc_irgs_primitive -- Trying irg 'r_func_91' -- No improvement
Using pass: pass_gc_irgs_primitive -- Trying irg 'r_func_32' -- No improvement
Using pass: pass_gc_irgs_primitive -- Trying irg 'r_func_5' -- No improvement
Using pass: pass_gc_irgs_primitive -- Trying irg 'r_func_72' -- No improvement
Using pass: pass_gc_irgs_primitive -- Trying irg 'r_func_88' -- No improvement
Using pass: pass_gc_irgs_primitive -- Trying irg 'r_func_35' -- No improvement
Using pass: pass_gc_irgs_primitive -- Trying irg 'r_func_41' -- No improvement
Using pass: pass_gc_irgs_primitive -- Trying irg 'r_func_62' -- No improvement
Using pass: pass_gc_irgs_primitive -- Trying irg 'r_func_17' -- No improvement
Using pass: pass_gc_irgs_primitive -- Trying irg 'r_func_33' -- No improvement
Using pass: pass_gc_irgs_primitive -- Trying irg 'r_func_75' -- No improvement
Using pass: pass_gc_irgs_primitive -- Trying irg 'r_func_92' -- No improvement
Using pass: pass_gc_irgs_primitive -- Trying irg 'r_func_16' -- No improvement
Using pass: pass_gc_irgs_primitive -- Trying irg 'r_func_18' -- No improvement
Using pass: pass_gc_irgs_primitive -- Trying irg 'r_func_16' -- No improvement
Using pass: pass_gc_irgs_primitive -- Trying irg 'r_func_65' -- No improvement
Using pass: pass_gc_irgs_primitive -- Trying irg 'r_func_56' -- No improvement
Using pass: pass_gc_irgs_primitive -- Trying irg 'r_func_60' -- No improvement
Using pass: pass_gc_irgs_primitive -- Trying irg 'r_func_13' -- No improvement
Using pass: pass_gc_irgs_primitive -- Trying irg 'r_func_72' -- No improvement
Using pass: pass_gc_irgs_primitive -- Trying irg 'r_func_42' -- No improvement
Using pass: pass_gc_irgs_primitive -- Trying irg 'r_func_99' -- No improvement
Using pass: pass_gc_irgs_primitive -- Trying irg 'r_func_84' -- No improvement
Using pass: pass_gc_irgs_primitive -- Trying irg 'r_func_86' -- No improvement
Using pass: pass_gc_irgs_primitive -- Trying irg 'r_func_84' -- No improvement
Using pass: pass_gc_irgs_primitive -- Trying irg 'r_func_22' -- No improvement
Using pass: pass_gc_irgs_primitive -- Trying irg 'r_func_76' -- No improvement
Using pass: pass_gc_irgs_primitive -- Trying irg 'r_func_38' -- No improvement
Using pass: pass_gc_irgs_primitive -- Trying irg 'r_func_17' -- No improvement
Using pass: pass_gc_irgs_primitive -- Trying irg 'r_func_43' -- No improvement
Using pass: pass_gc_irgs_primitive -- Trying irg 'r_func_76' -- No improvement
Using pass: pass_gc_irgs_primitive -- Trying irg 'r_func_91' -- No improvement
Using pass: pass_gc_irgs_primitive -- Trying irg 'r_func_41' -- No improvement
Using pass: pass_gc_irgs_primitive -- Trying irg 'r_func_37' -- No improvement
Using pass: pass_gc_irgs_primitive -- Trying irg 'r_func_25' -- No improvement
Using pass: pass_gc_irgs_primitive -- Trying irg 'r_func_35' -- No improvement
Using pass: pass_gc_irgs_primitive -- Trying irg 'r_func_25' -- No improvement
Using pass: pass_gc_irgs_primitive -- Trying irg 'r_func_91' -- No improvement
Using pass: pass_gc_irgs_primitive -- Trying irg 'r_func_16' -- No improvement
Using pass: pass_gc_irgs_primitive -- Trying irg 'r_func_25' -- No improvement
Using pass: pass_gc_irgs_primitive -- Trying irg 'r_func_39' -- No improvement
Using pass: pass_gc_irgs_primitive -- Trying irg 'r_func_13' -- No improvement
Using pass: pass_gc_irgs_primitive -- Trying irg 'r_func_35' -- No improvement
Using pass: pass_gc_irgs_primitive -- Trying irg 'r_func_71' -- No improvement
Using pass: pass_gc_irgs_primitive -- Trying irg 'r_func_35' -- No improvement
Using pass: pass_gc_irgs_primitive -- Trying irg 'r_func_61' -- No improvement
Using pass: pass_gc_irgs_primitive -- Trying irg 'r_func_27' -- No improvement
Using pass: pass_gc_irgs_primitive -- Trying irg 'r_func_53' -- No improvement
Using pass: pass_gc_irgs_primitive -- Trying irg 'r_func_80' -- No improvement
Using pass: pass_gc_irgs_primitive -- Trying irg 'r_func_89' -- No improvement
Using pass: pass_gc_irgs_primitive -- Trying irg 'r_func_35' -- No improvement
Using pass: pass_gc_irgs_primitive -- Trying irg 'r_func_16' -- No improvement
Using pass: pass_gc_irgs_primitive -- Trying irg 'r_func_95' -- No improvement
Using pass: pass_gc_irgs_primitive -- Trying irg 'r_func_61' -- No improvement
Using pass: pass_gc_irgs_primitive -- Trying irg 'r_func_37' -- No improvement
Using pass: pass_gc_irgs_primitive -- Trying irg 'r_func_41' -- No improvement
Using pass: pass_gc_irgs_primitive -- Trying irg 'r_func_64' -- No improvement
Using pass: pass_gc_irgs_primitive -- Trying irg 'r_func_65' -- No improvement
Using pass: pass_gc_irgs_primitive -- Trying irg 'r_func_25' -- No improvement
Using pass: pass_gc_irgs_primitive -- Trying irg 'r_func_36' -- No improvement
Using pass: pass_gc_irgs_primitive -- Trying irg 'r_func_5' -- No improvement
Using pass: pass_gc_irgs_primitive -- Trying irg 'r_func_72' -- No improvement
Using pass: pass_gc_irgs_primitive -- Trying irg 'r_func_57' -- No improvement
Using pass: pass_gc_irgs_primitive -- Trying irg 'r_func_60' -- No improvement
Using pass: pass_gc_irgs_primitive -- Trying irg 'r_func_57' -- No improvement
Using pass: pass_gc_irgs_primitive -- Trying irg 'r_func_93' -- No improvement
Using pass: pass_gc_irgs_primitive -- Trying irg 'r_func_39' -- No improvement
Using pass: pass_gc_irgs_primitive -- Trying irg 'r_func_36' -- No improvement
Using pass: pass_gc_irgs_primitive -- Trying irg 'r_func_16' -- No improvement
Using pass: pass_gc_irgs_primitive -- Trying irg 'r_func_73' -- No improvement
Using pass: pass_gc_irgs_primitive -- Trying irg 'r_func_43' -- No improvement
Using pass: pass_gc_irgs_primitive -- Trying irg 'r_func_66' -- No improvement
Using pass: pass_gc_irgs_primitive -- Trying irg 'r_func_92' -- No improvement
Using pass: pass_gc_irgs_primitive -- Trying irg 'r_func_91' -- No improvement
Using pass: pass_gc_irgs_primitive -- Trying irg 'r_func_13' -- No improvement
Using pass: pass_gc_irgs_primitive -- Trying irg 'r_func_69' -- No improvement
Using pass: pass_gc_irgs_primitive -- Trying irg 'r_func_22' -- No improvement
Using pass: pass_gc_irgs_primitive -- Trying irg 'r_func_43' -- No improvement
Using pass: pass_gc_irgs_primitive -- Trying irg 'r_func_57' -- No improvement
Using pass: pass_gc_irgs_primitive -- Trying irg 'r_func_72' -- No improvement
Using pass: pass_gc_irgs_primitive -- Trying irg 'r_func_86' -- No improvement
Using pass: pass_gc_irgs_primitive -- Trying irg 'r_func_22' -- No improvement
Using pass: pass_gc_irgs_primitive -- Trying irg 'r_func_69' -- No improvement
Using pass: pass_gc_irgs_primitive -- Trying irg 'r_func_73' -- No improvement
Using pass: pass_gc_irgs_primitive -- Trying irg 'r_func_35' -- No improvement
Using pass: pass_gc_irgs_primitive -- Trying irg 'r_func_57' -- No improvement
Using pass: pass_gc_irgs_primitive -- Trying irg 'r_func_69' -- No improvement
Using pass: pass_gc_irgs_primitive -- Trying irg 'r_func_13' -- No improvement
Using pass: pass_gc_irgs_primitive -- Trying irg 'r_func_80' -- No improvement
Using pass: pass_gc_irgs_primitive -- Trying irg 'r_func_91' -- No improvement
Using pass: pass_gc_irgs_primitive -- Trying irg 'r_func_69' -- No improvement
Using pass: pass_gc_irgs_primitive -- Trying irg 'r_func_81' -- No improvement
Using pass: pass_gc_irgs_primitive -- Trying irg 'r_func_66' -- No improvement
Using pass: pass_gc_irgs_primitive -- Trying irg 'r_func_61' -- No improvement
Using pass: pass_gc_irgs_primitive -- Trying irg 'r_func_73' -- No improvement
Using pass: pass_gc_irgs_primitive -- Trying irg 'r_func_76' -- No improvement
Using pass: pass_gc_irgs_primitive -- Trying irg 'r_func_69' -- No improvement
Using pass: pass_gc_irgs_primitive -- Trying irg 'r_func_93' -- No improvement
Using pass: pass_gc_irgs_primitive -- Trying irg 'r_func_74' -- No improvement
Using pass: pass_gc_irgs_primitive -- Trying irg 'r_func_16' -- No improvement
Using pass: pass_gc_irgs_primitive -- Trying irg 'r_func_61' -- No improvement
Using pass: pass_gc_irgs_primitive -- Trying irg 'r_func_91' -- No improvement
Using pass: pass_gc_irgs_primitive -- Trying irg 'r_func_36' -- No improvement
Using pass: pass_gc_irgs_primitive -- Trying irg 'r_func_72' -- No improvement
Using pass: pass_gc_irgs_primitive -- Trying irg 'r_func_35' -- No improvement
Using pass: pass_gc_irgs_primitive -- Trying irg 'r_func_81' -- No improvement
Using pass: pass_gc_irgs_primitive -- Trying irg 'r_func_80' -- No improvement
Using pass: pass_gc_irgs_primitive -- Trying irg 'r_func_61' -- No improvement
Using pass: pass_gc_irgs_primitive -- Trying irg 'r_func_71' -- No improvement
Using pass: pass_gc_irgs_primitive -- Trying irg 'r_func_22' -- No improvement
Using pass: pass_gc_irgs_primitive -- Trying irg 'r_func_57' -- No improvement
Using pass: pass_gc_irgs_primitive -- Trying irg 'r_func_60' -- No improvement
Using pass: pass_gc_irgs_primitive -- Trying irg 'r_func_80' -- No improvement
Using pass: pass_gc_irgs_primitive -- Trying irg 'r_func_36' -- No improvement
Using pass: pass_gc_irgs_primitive -- Trying irg 'r_func_35' -- No improvement
Using pass: pass_gc_irgs_primitive -- Trying irg 'r_func_81' -- No improvement
Using pass: pass_gc_irgs_primitive -- Trying irg 'r_func_60' -- No improvement
Using pass: pass_gc_irgs_primitive -- Trying irg 'r_func_19' -- No improvement
Using pass: pass_gc_irgs_primitive -- Trying irg 'r_func_36' -- No improvement
Using pass: pass_gc_irgs_primitive -- Trying irg 'r_func_5' -- No improvement
Using pass: pass_gc_irgs_primitive -- Trying irg 'r_func_25' -- No improvement
Using pass: pass_gc_irgs_primitive -- Trying irg 'r_func_71' -- No improvement
Using pass: pass_gc_irgs_primitive -- Trying irg 'r_func_22' -- No improvement
Using pass: pass_gc_irgs_primitive -- Trying irg 'r_func_16' -- No improvement
Using pass: pass_gc_irgs_primitive -- Trying irg 'r_func_71' -- No improvement
Using pass: pass_gc_irgs_primitive -- Trying irg 'r_func_13' -- No improvement
Using pass: pass_gc_irgs_primitive -- Trying irg 'r_func_57' -- No improvement
Using pass: pass_gc_irgs_primitive -- Trying irg 'r_func_23' -- No improvement
Using pass: pass_gc_irgs_primitive -- Trying irg 'r_func_74' -- No improvement
Using pass: pass_gc_irgs_primitive -- Trying irg 'r_func_5' -- No improvement
Using pass: pass_gc_irgs_primitive -- Trying irg 'r_func_25' -- No improvement
Using pass: pass_gc_irgs_primitive -- Trying irg 'r_func_93' -- No improvement
Using pass: pass_gc_irgs_primitive -- Trying irg 'r_func_72' -- No improvement
Using pass: pass_gc_irgs_primitive -- Trying irg 'r_func_66' -- No improvement
Using pass: pass_gc_irgs_primitive -- Trying irg 'r_func_37' -- No improvement
Using pass: pass_gc_irgs_primitive -- Trying irg 'r_func_71' -- No improvement
Using pass: pass_gc_irgs_primitive -- Trying irg 'r_func_71' -- No improvement
Using pass: pass_gc_irgs_primitive -- Trying irg 'r_func_84' -- No improvement
Using pass: pass_gc_irgs_primitive -- Trying irg 'r_func_43' -- No improvement
Using pass: pass_gc_irgs_primitive -- Trying irg 'r_func_35' -- No improvement
Using pass: pass_gc_irgs_primitive -- Trying irg 'r_func_35' -- No improvement
Using pass: pass_gc_irgs_primitive -- Trying irg 'r_func_36' -- No improvement
Using pass: pass_gc_irgs_primitive -- Trying irg 'r_func_37' -- No improvement
Using pass: pass_gc_irgs_primitive -- Trying irg 'r_func_93' -- No improvement
Using pass: pass_gc_irgs_primitive -- Trying irg 'r_func_5' -- No improvement
Using pass: pass_gc_irgs_primitive -- Trying irg 'r_func_23' -- No improvement
Using pass: pass_gc_irgs_primitive -- Trying irg 'r_func_92' -- No improvement
Using pass: pass_gc_irgs_primitive -- Trying irg 'r_func_74' -- No improvement
Using pass: pass_gc_irgs_primitive -- Trying irg 'r_func_92' -- No improvement
Using pass: pass_gc_irgs_primitive -- Trying irg 'r_func_76' -- No improvement
Using pass: pass_gc_irgs_primitive -- Trying irg 'r_func_71' -- No improvement
Using pass: pass_gc_irgs_primitive -- Trying irg 'r_func_19' -- No improvement
Using pass: pass_gc_irgs_primitive -- Trying irg 'r_func_71' -- No improvement
Using pass: pass_gc_irgs_primitive -- Trying irg 'r_func_91' -- No improvement
Using pass: pass_gc_irgs_primitive -- Trying irg 'r_func_72' -- No improvement
Using pass: pass_gc_irgs_primitive -- Trying irg 'r_func_22' -- No improvement
Using pass: pass_gc_irgs_primitive -- Trying irg 'r_func_91' -- No improvement
Using pass: pass_gc_irgs_primitive -- Trying irg 'r_func_76' -- No improvement
Using pass: pass_gc_irgs_primitive -- Trying irg 'r_func_37' -- No improvement
Using pass: pass_gc_irgs_primitive -- Trying irg 'r_func_19' -- No improvement
Using pass: pass_gc_irgs_primitive -- Trying irg 'r_func_17' -- No improvement
Using pass: pass_gc_irgs_primitive -- Trying irg 'r_func_57' -- No improvement
Using pass: pass_gc_irgs_primitive -- Trying irg 'r_func_71' -- No improvement
Using pass: pass_gc_irgs_primitive -- Trying irg 'r_func_25' -- No improvement
Using pass: pass_gc_irgs_primitive -- Trying irg 'r_func_91' -- No improvement
Using pass: pass_gc_irgs_primitive -- Trying irg 'r_func_25' -- No improvement
Using pass: pass_gc_irgs_primitive -- Trying irg 'r_func_19' -- No improvement
Using pass: pass_gc_irgs_primitive -- Trying irg 'r_func_76' -- No improvement
Using pass: pass_gc_irgs_primitive -- Trying irg 'r_func_5' -- No improvement
Using pass: pass_gc_irgs_primitive -- Trying irg 'r_func_92' -- No improvement
Using pass: pass_gc_irgs_primitive -- Trying irg 'r_func_91' -- No improvement
Using pass: pass_gc_irgs_primitive -- Trying irg 'r_func_27' -- No improvement
Using pass: pass_gc_irgs_primitive -- Trying irg 'r_func_35' -- No improvement
Using pass: pass_gc_irgs_primitive -- Trying irg 'r_func_71' -- No improvement
Using pass: pass_gc_irgs_primitive -- Trying irg 'r_func_71' -- No improvement
Using pass: pass_gc_irgs_primitive -- Trying irg 'r_func_76' -- No improvement
Using pass: pass_gc_irgs_primitive -- Trying irg 'r_func_36' -- No improvement
Using pass: pass_gc_irgs_primitive -- Trying irg 'r_func_35' -- No improvement
Using pass: pass_gc_irgs_primitive -- Trying irg 'r_func_13' -- No improvement
Using pass: pass_gc_irgs_primitive -- Trying irg 'r_func_66' -- No improvement
Using pass: pass_gc_irgs_primitive -- Trying irg 'r_func_35' -- No improvement
Using pass: pass_gc_irgs_primitive -- Trying irg 'r_func_92' -- No improvement
Using pass: pass_gc_irgs_primitive -- Trying irg 'r_func_36' -- No improvement
Using pass: pass_gc_irgs_primitive -- Trying irg 'r_func_53' -- No improvement
Using pass: pass_gc_irgs_primitive -- Trying irg 'r_func_13' -- No improvement
Using pass: pass_gc_irgs_primitive -- Trying irg 'r_func_13' -- No improvement
Using pass: pass_gc_irgs_primitive -- Trying irg 'r_func_53' -- No improvement
Using pass: pass_gc_irgs_primitive -- Trying irg 'r_func_76' -- No improvement
Using pass: pass_gc_irgs_primitive -- Trying irg 'r_func_23' -- No improvement
Using pass: pass_gc_irgs_primitive -- Trying irg 'r_func_27' -- No improvement
Using pass: pass_gc_irgs_primitive -- Trying irg 'r_func_13' -- No improvement
Using pass: pass_gc_irgs_primitive -- Trying irg 'r_func_37' -- No improvement
Using pass: pass_gc_irgs_primitive -- Trying irg 'r_func_36' -- No improvement
Using pass: pass_gc_irgs_primitive -- Trying irg 'r_func_57' -- No improvement
Using pass: pass_gc_irgs_primitive -- Trying irg 'r_func_66' -- No improvement
Using pass: pass_gc_irgs_primitive -- Trying irg 'r_func_57' -- No improvement
Using pass: pass_gc_irgs_primitive -- Trying irg 'r_func_37' -- No improvement
Using pass: pass_gc_irgs_primitive -- Trying irg 'r_func_53' -- No improvement
Using pass: pass_gc_irgs_primitive -- Trying irg 'r_func_66' -- No improvement
Using pass: pass_gc_irgs_primitive -- Trying irg 'r_func_36' -- No improvement
Using pass: pass_gc_irgs_primitive -- Trying irg 'r_func_53' -- No improvement
Using pass: pass_gc_irgs_primitive -- Trying irg 'r_func_37' -- No improvement

______________________________

No further reduction possible.

Result:
	# of nodes: 			14
	# of irgs: 				2
	# of cf manipulations: 	4
	# of memory operations: 0
	# of types: 			2580

