2018-08-23 15:35:41 -- Firmreduce -- Results

Initial Test-case size:
	# of nodes: 			16716
	# of irgs: 				4
	# of cf manipulations: 	263
	# of memory operations: 2476
	# of types: 			2958


Using pass: pass_remove_allocs
	 :: Pass failed on irg 'r_func_2'
	 :: Pass failed on irg '_main'
	 :: Pass failed on irg 'r_func_1' -- No improvement
	# of nodes: 			16716
	# of irgs: 				4
	# of cf manipulations: 	263
	# of memory operations: 2476
	# of types: 			2958



Using pass: pass_libfirm_construct_confirms -- Successful
	# of nodes: 			18928
	# of irgs: 				4
	# of cf manipulations: 	366
	# of memory operations: 2476
	# of types: 			2958



Using pass: pass_libfirm_combo -- Successful
	# of nodes: 			7307
	# of irgs: 				4
	# of cf manipulations: 	134
	# of memory operations: 1141
	# of types: 			2958



Using pass: pass_libfirm_opt_ldst
	 :: Pass failed on irg 'r_func_1'
	 :: Pass failed on irg 'main'
	 :: Pass failed on irg 'main'
	 :: Pass failed on irg '_main' -- No improvement
	# of nodes: 			7307
	# of irgs: 				4
	# of cf manipulations: 	134
	# of memory operations: 1141
	# of types: 			2958



Using pass: pass_replace_arithmetic -- Successful
	# of nodes: 			446
	# of irgs: 				4
	# of cf manipulations: 	11
	# of memory operations: 123
	# of types: 			2958



Using pass: pass_remove_allocs -- Successful
	# of nodes: 			423
	# of irgs: 				4
	# of cf manipulations: 	11
	# of memory operations: 112
	# of types: 			2958



Using pass: pass_libfirm_combo -- No improvement
	# of nodes: 			423
	# of irgs: 				4
	# of cf manipulations: 	11
	# of memory operations: 112
	# of types: 			2958



Using pass: pass_replace_return_values -- No improvement
	# of nodes: 			423
	# of irgs: 				4
	# of cf manipulations: 	11
	# of memory operations: 112
	# of types: 			2958



Using pass: pass_libfirm_opt_blocks -- Successful
	# of nodes: 			420
	# of irgs: 				4
	# of cf manipulations: 	10
	# of memory operations: 112
	# of types: 			2958



Using pass: pass_replace_proj_primitive -- Successful
	# of nodes: 			278
	# of irgs: 				4
	# of cf manipulations: 	8
	# of memory operations: 89
	# of types: 			2958



Using pass: pass_libfirm_construct_confirms -- No improvement
	# of nodes: 			278
	# of irgs: 				4
	# of cf manipulations: 	8
	# of memory operations: 89
	# of types: 			2958



Using pass: pass_libfirm_opt_ldst
	 :: Pass failed on irg 'main'
	 :: Pass failed on irg '_main'
	 :: Pass failed on irg 'r_func_1'
	 :: Pass failed on irg 'r_func_2' -- No improvement
	# of nodes: 			278
	# of irgs: 				4
	# of cf manipulations: 	8
	# of memory operations: 89
	# of types: 			2958



Using pass: pass_replace_mux_selectors -- No improvement
	# of nodes: 			278
	# of irgs: 				4
	# of cf manipulations: 	8
	# of memory operations: 89
	# of types: 			2958



Using pass: pass_libfirm_remove_bads -- No improvement
	# of nodes: 			278
	# of irgs: 				4
	# of cf manipulations: 	8
	# of memory operations: 89
	# of types: 			2958



Using pass: pass_libfirm_conv_opt -- No improvement
	# of nodes: 			278
	# of irgs: 				4
	# of cf manipulations: 	8
	# of memory operations: 89
	# of types: 			2958



Using pass: pass_remove_allocs -- Successful
	# of nodes: 			208
	# of irgs: 				4
	# of cf manipulations: 	8
	# of memory operations: 58
	# of types: 			2958



Using pass: pass_libfirm_normalize_n_returns -- No improvement
	# of nodes: 			208
	# of irgs: 				4
	# of cf manipulations: 	8
	# of memory operations: 58
	# of types: 			2958



Using pass: pass_replace_cond_selectors -- No improvement
	# of nodes: 			208
	# of irgs: 				4
	# of cf manipulations: 	8
	# of memory operations: 58
	# of types: 			2958



Using pass: pass_libfirm_opt_blocks -- No improvement
	# of nodes: 			208
	# of irgs: 				4
	# of cf manipulations: 	8
	# of memory operations: 58
	# of types: 			2958



Using pass: pass_libfirm_optimize_graph_df -- Successful
	# of nodes: 			207
	# of irgs: 				4
	# of cf manipulations: 	8
	# of memory operations: 58
	# of types: 			2958



Using pass: pass_replace_loads -- No improvement
	# of nodes: 			207
	# of irgs: 				4
	# of cf manipulations: 	8
	# of memory operations: 58
	# of types: 			2958



Using pass: pass_libfirm_opt_ldst
	 :: Pass failed on irg 'main'
	 :: Pass failed on irg 'r_func_1'
	 :: Pass failed on irg 'r_func_1'
	 :: Pass failed on irg '_main' -- No improvement
	# of nodes: 			207
	# of irgs: 				4
	# of cf manipulations: 	8
	# of memory operations: 58
	# of types: 			2958



Using pass: pass_replace_proj_primitive -- Successful
	# of nodes: 			205
	# of irgs: 				4
	# of cf manipulations: 	8
	# of memory operations: 58
	# of types: 			2958



Using pass: pass_libfirm_opt_parallelize_mem -- No improvement
	# of nodes: 			205
	# of irgs: 				4
	# of cf manipulations: 	8
	# of memory operations: 58
	# of types: 			2958



Using pass: pass_libfirm_occult_consts -- No improvement
	# of nodes: 			205
	# of irgs: 				4
	# of cf manipulations: 	8
	# of memory operations: 58
	# of types: 			2958



Using pass: pass_libfirm_optimize_reassociation -- No improvement
	# of nodes: 			205
	# of irgs: 				4
	# of cf manipulations: 	8
	# of memory operations: 58
	# of types: 			2958



Using pass: pass_replace_switch_selectors -- No improvement
	# of nodes: 			205
	# of irgs: 				4
	# of cf manipulations: 	8
	# of memory operations: 58
	# of types: 			2958



Using pass: pass_gc_entitites -- No improvement
	# of nodes: 			205
	# of irgs: 				4
	# of cf manipulations: 	8
	# of memory operations: 58
	# of types: 			2958



Using pass: pass_gc_irgs_primitive
	 :: interestingness test failed on irg 'r_func_1' -- No improvement
	# of nodes: 			205
	# of irgs: 				4
	# of cf manipulations: 	8
	# of memory operations: 58
	# of types: 			2958



Using pass: pass_libfirm_opt_blocks -- No improvement
	# of nodes: 			205
	# of irgs: 				4
	# of cf manipulations: 	8
	# of memory operations: 58
	# of types: 			2958



Using pass: pass_replace_switch_selectors -- No improvement
	# of nodes: 			205
	# of irgs: 				4
	# of cf manipulations: 	8
	# of memory operations: 58
	# of types: 			2958



Using pass: pass_libfirm_optimize_reassociation -- No improvement
	# of nodes: 			205
	# of irgs: 				4
	# of cf manipulations: 	8
	# of memory operations: 58
	# of types: 			2958



Using pass: pass_libfirm_place_code -- No improvement
	# of nodes: 			205
	# of irgs: 				4
	# of cf manipulations: 	8
	# of memory operations: 58
	# of types: 			2958



Using pass: pass_replace_mux_selectors -- No improvement
	# of nodes: 			205
	# of irgs: 				4
	# of cf manipulations: 	8
	# of memory operations: 58
	# of types: 			2958



Using pass: pass_libfirm_remove_bads -- No improvement
	# of nodes: 			205
	# of irgs: 				4
	# of cf manipulations: 	8
	# of memory operations: 58
	# of types: 			2958



Using pass: pass_replace_arithmetic -- No improvement
	# of nodes: 			205
	# of irgs: 				4
	# of cf manipulations: 	8
	# of memory operations: 58
	# of types: 			2958



Using pass: pass_libfirm_remove_critical_cf_edges -- No improvement
	# of nodes: 			205
	# of irgs: 				4
	# of cf manipulations: 	8
	# of memory operations: 58
	# of types: 			2958



Using pass: pass_replace_proj_primitive -- No improvement
	# of nodes: 			205
	# of irgs: 				4
	# of cf manipulations: 	8
	# of memory operations: 58
	# of types: 			2958



Using pass: pass_replace_cond_selectors -- No improvement
	# of nodes: 			205
	# of irgs: 				4
	# of cf manipulations: 	8
	# of memory operations: 58
	# of types: 			2958



Using pass: pass_libfirm_conv_opt -- No improvement
	# of nodes: 			205
	# of irgs: 				4
	# of cf manipulations: 	8
	# of memory operations: 58
	# of types: 			2958



Using pass: pass_libfirm_do_loop_inversion -- No improvement
	# of nodes: 			205
	# of irgs: 				4
	# of cf manipulations: 	8
	# of memory operations: 58
	# of types: 			2958



Using pass: pass_replace_switch_selectors -- No improvement
	# of nodes: 			205
	# of irgs: 				4
	# of cf manipulations: 	8
	# of memory operations: 58
	# of types: 			2958



Using pass: pass_libfirm_opt_jumpthreading -- No improvement
	# of nodes: 			205
	# of irgs: 				4
	# of cf manipulations: 	8
	# of memory operations: 58
	# of types: 			2958



Using pass: pass_libfirm_gvn_pre -- No improvement
	# of nodes: 			205
	# of irgs: 				4
	# of cf manipulations: 	8
	# of memory operations: 58
	# of types: 			2958



Using pass: pass_libfirm_opt_ldst
	 :: Pass failed on irg 'r_func_1'
	 :: Pass failed on irg '_main'
	 :: Pass failed on irg 'r_func_2'
	 :: Pass failed on irg 'main' -- No improvement
	# of nodes: 			205
	# of irgs: 				4
	# of cf manipulations: 	8
	# of memory operations: 58
	# of types: 			2958



Using pass: pass_libfirm_opt_frame -- No improvement
	# of nodes: 			205
	# of irgs: 				4
	# of cf manipulations: 	8
	# of memory operations: 58
	# of types: 			2958



Using pass: pass_replace_return_values -- No improvement
	# of nodes: 			205
	# of irgs: 				4
	# of cf manipulations: 	8
	# of memory operations: 58
	# of types: 			2958



Using pass: pass_libfirm_remove_critical_cf_edges -- No improvement
	# of nodes: 			205
	# of irgs: 				4
	# of cf manipulations: 	8
	# of memory operations: 58
	# of types: 			2958



Using pass: pass_libfirm_opt_ldst
	 :: Pass failed on irg 'r_func_2'
	 :: Pass failed on irg '_main'
	 :: Pass failed on irg 'r_func_2'
	 :: Pass failed on irg '_main' -- No improvement
	# of nodes: 			205
	# of irgs: 				4
	# of cf manipulations: 	8
	# of memory operations: 58
	# of types: 			2958



Using pass: pass_libfirm_opt_jumpthreading -- No improvement
	# of nodes: 			205
	# of irgs: 				4
	# of cf manipulations: 	8
	# of memory operations: 58
	# of types: 			2958



Using pass: pass_libfirm_occult_consts -- No improvement
	# of nodes: 			205
	# of irgs: 				4
	# of cf manipulations: 	8
	# of memory operations: 58
	# of types: 			2958



Using pass: pass_replace_switch_selectors -- No improvement
	# of nodes: 			205
	# of irgs: 				4
	# of cf manipulations: 	8
	# of memory operations: 58
	# of types: 			2958



Using pass: pass_replace_proj_primitive -- No improvement
	# of nodes: 			205
	# of irgs: 				4
	# of cf manipulations: 	8
	# of memory operations: 58
	# of types: 			2958



Using pass: pass_libfirm_occult_consts -- No improvement
	# of nodes: 			205
	# of irgs: 				4
	# of cf manipulations: 	8
	# of memory operations: 58
	# of types: 			2958



Using pass: pass_libfirm_remove_critical_cf_edges -- No improvement
	# of nodes: 			205
	# of irgs: 				4
	# of cf manipulations: 	8
	# of memory operations: 58
	# of types: 			2958



Using pass: pass_libfirm_dead_code_elimination -- No improvement
	# of nodes: 			205
	# of irgs: 				4
	# of cf manipulations: 	8
	# of memory operations: 58
	# of types: 			2958



Using pass: pass_libfirm_opt_jumpthreading -- No improvement
	# of nodes: 			205
	# of irgs: 				4
	# of cf manipulations: 	8
	# of memory operations: 58
	# of types: 			2958



Using pass: pass_libfirm_remove_bads -- No improvement
	# of nodes: 			205
	# of irgs: 				4
	# of cf manipulations: 	8
	# of memory operations: 58
	# of types: 			2958



Using pass: pass_libfirm_do_loop_inversion -- No improvement
	# of nodes: 			205
	# of irgs: 				4
	# of cf manipulations: 	8
	# of memory operations: 58
	# of types: 			2958



Using pass: pass_remove_void_calls -- No improvement
	# of nodes: 			205
	# of irgs: 				4
	# of cf manipulations: 	8
	# of memory operations: 58
	# of types: 			2958



Using pass: pass_libfirm_normalize_one_return -- No improvement
	# of nodes: 			205
	# of irgs: 				4
	# of cf manipulations: 	8
	# of memory operations: 58
	# of types: 			2958



Using pass: pass_libfirm_do_loop_inversion -- No improvement
	# of nodes: 			205
	# of irgs: 				4
	# of cf manipulations: 	8
	# of memory operations: 58
	# of types: 			2958



Using pass: pass_libfirm_scalar_replacement_opt -- No improvement
	# of nodes: 			205
	# of irgs: 				4
	# of cf manipulations: 	8
	# of memory operations: 58
	# of types: 			2958



Using pass: pass_libfirm_opt_blocks -- No improvement
	# of nodes: 			205
	# of irgs: 				4
	# of cf manipulations: 	8
	# of memory operations: 58
	# of types: 			2958



Using pass: pass_libfirm_conv_opt -- No improvement
	# of nodes: 			205
	# of irgs: 				4
	# of cf manipulations: 	8
	# of memory operations: 58
	# of types: 			2958



Using pass: pass_check_validity -- No improvement
	# of nodes: 			205
	# of irgs: 				4
	# of cf manipulations: 	8
	# of memory operations: 58
	# of types: 			2958



Using pass: pass_replace_loads -- No improvement
	# of nodes: 			205
	# of irgs: 				4
	# of cf manipulations: 	8
	# of memory operations: 58
	# of types: 			2958



Using pass: pass_libfirm_opt_ldst
	 :: Pass failed on irg 'main'
	 :: Pass failed on irg 'r_func_2'
	 :: Pass failed on irg 'r_func_1'
	 :: Pass failed on irg 'r_func_2' -- No improvement
	# of nodes: 			205
	# of irgs: 				4
	# of cf manipulations: 	8
	# of memory operations: 58
	# of types: 			2958



Using pass: pass_libfirm_remove_critical_cf_edges -- No improvement
	# of nodes: 			205
	# of irgs: 				4
	# of cf manipulations: 	8
	# of memory operations: 58
	# of types: 			2958



Using pass: pass_remove_stores -- Successful
	# of nodes: 			147
	# of irgs: 				4
	# of cf manipulations: 	8
	# of memory operations: 42
	# of types: 			2958



Using pass: pass_remove_void_calls -- No improvement
	# of nodes: 			147
	# of irgs: 				4
	# of cf manipulations: 	8
	# of memory operations: 42
	# of types: 			2958



Using pass: pass_libfirm_conv_opt -- No improvement
	# of nodes: 			147
	# of irgs: 				4
	# of cf manipulations: 	8
	# of memory operations: 42
	# of types: 			2958



Using pass: pass_libfirm_remove_critical_cf_edges -- No improvement
	# of nodes: 			147
	# of irgs: 				4
	# of cf manipulations: 	8
	# of memory operations: 42
	# of types: 			2958



Using pass: pass_libfirm_opt_tail_rec -- No improvement
	# of nodes: 			147
	# of irgs: 				4
	# of cf manipulations: 	8
	# of memory operations: 42
	# of types: 			2958



Using pass: pass_libfirm_opt_parallelize_mem -- No improvement
	# of nodes: 			147
	# of irgs: 				4
	# of cf manipulations: 	8
	# of memory operations: 42
	# of types: 			2958



Using pass: pass_libfirm_remove_bads -- No improvement
	# of nodes: 			147
	# of irgs: 				4
	# of cf manipulations: 	8
	# of memory operations: 42
	# of types: 			2958



Using pass: pass_replace_mux_selectors -- No improvement
	# of nodes: 			147
	# of irgs: 				4
	# of cf manipulations: 	8
	# of memory operations: 42
	# of types: 			2958



Using pass: pass_remove_allocs -- Successful
	# of nodes: 			100
	# of irgs: 				4
	# of cf manipulations: 	8
	# of memory operations: 22
	# of types: 			2958



Using pass: pass_libfirm_conv_opt -- No improvement
	# of nodes: 			100
	# of irgs: 				4
	# of cf manipulations: 	8
	# of memory operations: 22
	# of types: 			2958



Using pass: pass_libfirm_opt_frame -- No improvement
	# of nodes: 			100
	# of irgs: 				4
	# of cf manipulations: 	8
	# of memory operations: 22
	# of types: 			2958



Using pass: pass_replace_loads -- No improvement
	# of nodes: 			100
	# of irgs: 				4
	# of cf manipulations: 	8
	# of memory operations: 22
	# of types: 			2958



Using pass: pass_libfirm_opt_ldst
	 :: Pass failed on irg 'main'
	 :: Pass failed on irg '_main'
	 :: Pass failed on irg 'r_func_2'
	 :: Pass failed on irg 'main' -- No improvement
	# of nodes: 			100
	# of irgs: 				4
	# of cf manipulations: 	8
	# of memory operations: 22
	# of types: 			2958



Using pass: pass_libfirm_opt_blocks -- No improvement
	# of nodes: 			100
	# of irgs: 				4
	# of cf manipulations: 	8
	# of memory operations: 22
	# of types: 			2958



Using pass: pass_libfirm_normalize_one_return -- No improvement
	# of nodes: 			100
	# of irgs: 				4
	# of cf manipulations: 	8
	# of memory operations: 22
	# of types: 			2958



Using pass: pass_remove_void_calls -- Successful
	# of nodes: 			91
	# of irgs: 				4
	# of cf manipulations: 	8
	# of memory operations: 19
	# of types: 			2958



Using pass: pass_libfirm_dead_code_elimination -- No improvement
	# of nodes: 			91
	# of irgs: 				4
	# of cf manipulations: 	8
	# of memory operations: 19
	# of types: 			2958



Using pass: pass_libfirm_opt_ldst
	 :: Pass failed on irg '_main'
	 :: Pass failed on irg 'r_func_2'
	 :: Pass failed on irg 'main'
	 :: Pass failed on irg 'r_func_1' -- No improvement
	# of nodes: 			91
	# of irgs: 				4
	# of cf manipulations: 	8
	# of memory operations: 19
	# of types: 			2958



Using pass: pass_libfirm_scalar_replacement_opt -- No improvement
	# of nodes: 			91
	# of irgs: 				4
	# of cf manipulations: 	8
	# of memory operations: 19
	# of types: 			2958



Using pass: pass_libfirm_optimize_load_store -- No improvement
	# of nodes: 			91
	# of irgs: 				4
	# of cf manipulations: 	8
	# of memory operations: 19
	# of types: 			2958



Using pass: pass_libfirm_gvn_pre -- No improvement
	# of nodes: 			91
	# of irgs: 				4
	# of cf manipulations: 	8
	# of memory operations: 19
	# of types: 			2958



Using pass: pass_libfirm_remove_unreachable -- No improvement
	# of nodes: 			91
	# of irgs: 				4
	# of cf manipulations: 	8
	# of memory operations: 19
	# of types: 			2958



Using pass: pass_libfirm_remove_bads -- No improvement
	# of nodes: 			91
	# of irgs: 				4
	# of cf manipulations: 	8
	# of memory operations: 19
	# of types: 			2958



Using pass: pass_libfirm_remove_critical_cf_edges -- No improvement
	# of nodes: 			91
	# of irgs: 				4
	# of cf manipulations: 	8
	# of memory operations: 19
	# of types: 			2958



Using pass: pass_libfirm_opt_tail_rec -- No improvement
	# of nodes: 			91
	# of irgs: 				4
	# of cf manipulations: 	8
	# of memory operations: 19
	# of types: 			2958



Using pass: pass_libfirm_remove_critical_cf_edges -- No improvement
	# of nodes: 			91
	# of irgs: 				4
	# of cf manipulations: 	8
	# of memory operations: 19
	# of types: 			2958



Using pass: pass_libfirm_gvn_pre -- No improvement
	# of nodes: 			91
	# of irgs: 				4
	# of cf manipulations: 	8
	# of memory operations: 19
	# of types: 			2958



Using pass: pass_remove_void_calls -- No improvement
	# of nodes: 			91
	# of irgs: 				4
	# of cf manipulations: 	8
	# of memory operations: 19
	# of types: 			2958



Using pass: pass_libfirm_opt_parallelize_mem -- No improvement
	# of nodes: 			91
	# of irgs: 				4
	# of cf manipulations: 	8
	# of memory operations: 19
	# of types: 			2958



Using pass: pass_replace_cond_selectors -- No improvement
	# of nodes: 			91
	# of irgs: 				4
	# of cf manipulations: 	8
	# of memory operations: 19
	# of types: 			2958



Using pass: pass_replace_loads -- No improvement
	# of nodes: 			91
	# of irgs: 				4
	# of cf manipulations: 	8
	# of memory operations: 19
	# of types: 			2958



Using pass: pass_libfirm_scalar_replacement_opt -- No improvement
	# of nodes: 			91
	# of irgs: 				4
	# of cf manipulations: 	8
	# of memory operations: 19
	# of types: 			2958



Using pass: pass_replace_switch_selectors -- No improvement
	# of nodes: 			91
	# of irgs: 				4
	# of cf manipulations: 	8
	# of memory operations: 19
	# of types: 			2958



Using pass: pass_replace_switch_selectors -- No improvement
	# of nodes: 			91
	# of irgs: 				4
	# of cf manipulations: 	8
	# of memory operations: 19
	# of types: 			2958



Using pass: pass_libfirm_optimize_graph_df -- No improvement
	# of nodes: 			91
	# of irgs: 				4
	# of cf manipulations: 	8
	# of memory operations: 19
	# of types: 			2958



Using pass: pass_simplify_consts -- Successful
	# of nodes: 			84
	# of irgs: 				4
	# of cf manipulations: 	8
	# of memory operations: 19
	# of types: 			2958



Using pass: pass_replace_return_values -- No improvement
	# of nodes: 			84
	# of irgs: 				4
	# of cf manipulations: 	8
	# of memory operations: 19
	# of types: 			2958



Using pass: pass_libfirm_optimize_graph_df -- No improvement
	# of nodes: 			84
	# of irgs: 				4
	# of cf manipulations: 	8
	# of memory operations: 19
	# of types: 			2958



Using pass: pass_libfirm_remove_tuples -- No improvement
	# of nodes: 			84
	# of irgs: 				4
	# of cf manipulations: 	8
	# of memory operations: 19
	# of types: 			2958



Using pass: pass_remove_allocs -- No improvement
	# of nodes: 			84
	# of irgs: 				4
	# of cf manipulations: 	8
	# of memory operations: 19
	# of types: 			2958



Using pass: pass_libfirm_remove_tuples -- No improvement
	# of nodes: 			84
	# of irgs: 				4
	# of cf manipulations: 	8
	# of memory operations: 19
	# of types: 			2958



Using pass: pass_libfirm_do_loop_peeling -- No improvement
	# of nodes: 			84
	# of irgs: 				4
	# of cf manipulations: 	8
	# of memory operations: 19
	# of types: 			2958



Using pass: pass_libfirm_remove_unreachable -- No improvement
	# of nodes: 			84
	# of irgs: 				4
	# of cf manipulations: 	8
	# of memory operations: 19
	# of types: 			2958



Using pass: pass_libfirm_remove_critical_cf_edges -- No improvement
	# of nodes: 			84
	# of irgs: 				4
	# of cf manipulations: 	8
	# of memory operations: 19
	# of types: 			2958



Using pass: pass_libfirm_scalar_replacement_opt -- No improvement
	# of nodes: 			84
	# of irgs: 				4
	# of cf manipulations: 	8
	# of memory operations: 19
	# of types: 			2958



Using pass: pass_libfirm_remove_tuples -- No improvement
	# of nodes: 			84
	# of irgs: 				4
	# of cf manipulations: 	8
	# of memory operations: 19
	# of types: 			2958



Using pass: pass_libfirm_place_code -- No improvement
	# of nodes: 			84
	# of irgs: 				4
	# of cf manipulations: 	8
	# of memory operations: 19
	# of types: 			2958



Using pass: pass_replace_mux_selectors -- No improvement
	# of nodes: 			84
	# of irgs: 				4
	# of cf manipulations: 	8
	# of memory operations: 19
	# of types: 			2958



Using pass: pass_libfirm_remove_unreachable -- No improvement
	# of nodes: 			84
	# of irgs: 				4
	# of cf manipulations: 	8
	# of memory operations: 19
	# of types: 			2958



Using pass: pass_check_validity -- No improvement
	# of nodes: 			84
	# of irgs: 				4
	# of cf manipulations: 	8
	# of memory operations: 19
	# of types: 			2958



Using pass: pass_gc_entitites -- No improvement
	# of nodes: 			84
	# of irgs: 				4
	# of cf manipulations: 	8
	# of memory operations: 19
	# of types: 			2958



Using pass: pass_remove_allocs -- No improvement
	# of nodes: 			84
	# of irgs: 				4
	# of cf manipulations: 	8
	# of memory operations: 19
	# of types: 			2958



Using pass: pass_libfirm_dead_code_elimination -- No improvement
	# of nodes: 			84
	# of irgs: 				4
	# of cf manipulations: 	8
	# of memory operations: 19
	# of types: 			2958



Using pass: pass_libfirm_remove_bads -- No improvement
	# of nodes: 			84
	# of irgs: 				4
	# of cf manipulations: 	8
	# of memory operations: 19
	# of types: 			2958



Using pass: pass_libfirm_opt_if_conv -- No improvement
	# of nodes: 			84
	# of irgs: 				4
	# of cf manipulations: 	8
	# of memory operations: 19
	# of types: 			2958



Using pass: pass_libfirm_combo -- No improvement
	# of nodes: 			84
	# of irgs: 				4
	# of cf manipulations: 	8
	# of memory operations: 19
	# of types: 			2958



Using pass: pass_libfirm_remove_critical_cf_edges -- No improvement
	# of nodes: 			84
	# of irgs: 				4
	# of cf manipulations: 	8
	# of memory operations: 19
	# of types: 			2958



Using pass: pass_libfirm_opt_parallelize_mem -- No improvement
	# of nodes: 			84
	# of irgs: 				4
	# of cf manipulations: 	8
	# of memory operations: 19
	# of types: 			2958



Using pass: pass_remove_void_calls -- No improvement
	# of nodes: 			84
	# of irgs: 				4
	# of cf manipulations: 	8
	# of memory operations: 19
	# of types: 			2958



Using pass: pass_replace_loads -- No improvement
	# of nodes: 			84
	# of irgs: 				4
	# of cf manipulations: 	8
	# of memory operations: 19
	# of types: 			2958



Using pass: pass_libfirm_dead_code_elimination -- No improvement
	# of nodes: 			84
	# of irgs: 				4
	# of cf manipulations: 	8
	# of memory operations: 19
	# of types: 			2958



Using pass: pass_libfirm_do_loop_inversion -- No improvement
	# of nodes: 			84
	# of irgs: 				4
	# of cf manipulations: 	8
	# of memory operations: 19
	# of types: 			2958



Using pass: pass_libfirm_opt_parallelize_mem -- No improvement
	# of nodes: 			84
	# of irgs: 				4
	# of cf manipulations: 	8
	# of memory operations: 19
	# of types: 			2958



Using pass: pass_libfirm_normalize_one_return -- No improvement
	# of nodes: 			84
	# of irgs: 				4
	# of cf manipulations: 	8
	# of memory operations: 19
	# of types: 			2958



Using pass: pass_libfirm_remove_bads -- No improvement
	# of nodes: 			84
	# of irgs: 				4
	# of cf manipulations: 	8
	# of memory operations: 19
	# of types: 			2958



Using pass: pass_remove_void_calls -- No improvement
	# of nodes: 			84
	# of irgs: 				4
	# of cf manipulations: 	8
	# of memory operations: 19
	# of types: 			2958



Using pass: pass_replace_cond_selectors -- No improvement
	# of nodes: 			84
	# of irgs: 				4
	# of cf manipulations: 	8
	# of memory operations: 19
	# of types: 			2958



Using pass: pass_replace_return_values -- No improvement
	# of nodes: 			84
	# of irgs: 				4
	# of cf manipulations: 	8
	# of memory operations: 19
	# of types: 			2958



Using pass: pass_libfirm_combo -- No improvement
	# of nodes: 			84
	# of irgs: 				4
	# of cf manipulations: 	8
	# of memory operations: 19
	# of types: 			2958



Using pass: pass_libfirm_opt_ldst
	 :: Pass failed on irg 'r_func_2'
	 :: Pass failed on irg 'r_func_1'
	 :: Pass failed on irg 'r_func_2'
	 :: Pass failed on irg 'r_func_2' -- No improvement
	# of nodes: 			84
	# of irgs: 				4
	# of cf manipulations: 	8
	# of memory operations: 19
	# of types: 			2958



Using pass: pass_libfirm_construct_confirms -- No improvement
	# of nodes: 			84
	# of irgs: 				4
	# of cf manipulations: 	8
	# of memory operations: 19
	# of types: 			2958



Using pass: pass_remove_void_calls -- No improvement
	# of nodes: 			84
	# of irgs: 				4
	# of cf manipulations: 	8
	# of memory operations: 19
	# of types: 			2958



Using pass: pass_libfirm_dead_code_elimination -- No improvement
	# of nodes: 			84
	# of irgs: 				4
	# of cf manipulations: 	8
	# of memory operations: 19
	# of types: 			2958



Using pass: pass_replace_loads -- No improvement
	# of nodes: 			84
	# of irgs: 				4
	# of cf manipulations: 	8
	# of memory operations: 19
	# of types: 			2958



Using pass: pass_libfirm_do_loop_peeling -- No improvement
	# of nodes: 			84
	# of irgs: 				4
	# of cf manipulations: 	8
	# of memory operations: 19
	# of types: 			2958



Using pass: pass_simplify_consts -- No improvement
	# of nodes: 			84
	# of irgs: 				4
	# of cf manipulations: 	8
	# of memory operations: 19
	# of types: 			2958



Using pass: pass_gc_irgs_primitive -- Successful
	# of nodes: 			77
	# of irgs: 				3
	# of cf manipulations: 	6
	# of memory operations: 19
	# of types: 			2958



Using pass: pass_remove_stores -- Successful
	# of nodes: 			21
	# of irgs: 				3
	# of cf manipulations: 	6
	# of memory operations: 0
	# of types: 			2958



Using pass: pass_libfirm_opt_tail_rec -- No improvement
	# of nodes: 			21
	# of irgs: 				3
	# of cf manipulations: 	6
	# of memory operations: 0
	# of types: 			2958



Using pass: pass_libfirm_combo -- No improvement
	# of nodes: 			21
	# of irgs: 				3
	# of cf manipulations: 	6
	# of memory operations: 0
	# of types: 			2958



Using pass: pass_replace_loads -- No improvement
	# of nodes: 			21
	# of irgs: 				3
	# of cf manipulations: 	6
	# of memory operations: 0
	# of types: 			2958



Using pass: pass_libfirm_opt_bool -- No improvement
	# of nodes: 			21
	# of irgs: 				3
	# of cf manipulations: 	6
	# of memory operations: 0
	# of types: 			2958



Using pass: pass_replace_arithmetic -- No improvement
	# of nodes: 			21
	# of irgs: 				3
	# of cf manipulations: 	6
	# of memory operations: 0
	# of types: 			2958



Using pass: pass_gc_irgs -- Successful
	# of nodes: 			14
	# of irgs: 				2
	# of cf manipulations: 	4
	# of memory operations: 0
	# of types: 			2958



Using pass: pass_libfirm_occult_consts -- No improvement
	# of nodes: 			14
	# of irgs: 				2
	# of cf manipulations: 	4
	# of memory operations: 0
	# of types: 			2958



Using pass: pass_libfirm_dead_code_elimination -- No improvement
	# of nodes: 			14
	# of irgs: 				2
	# of cf manipulations: 	4
	# of memory operations: 0
	# of types: 			2958



Using pass: pass_check_validity -- No improvement
	# of nodes: 			14
	# of irgs: 				2
	# of cf manipulations: 	4
	# of memory operations: 0
	# of types: 			2958



Using pass: pass_libfirm_optimize_cf -- No improvement
	# of nodes: 			14
	# of irgs: 				2
	# of cf manipulations: 	4
	# of memory operations: 0
	# of types: 			2958



Using pass: pass_libfirm_occult_consts -- No improvement
	# of nodes: 			14
	# of irgs: 				2
	# of cf manipulations: 	4
	# of memory operations: 0
	# of types: 			2958



Using pass: pass_libfirm_optimize_reassociation -- No improvement
	# of nodes: 			14
	# of irgs: 				2
	# of cf manipulations: 	4
	# of memory operations: 0
	# of types: 			2958



Using pass: pass_libfirm_remove_critical_cf_edges -- No improvement
	# of nodes: 			14
	# of irgs: 				2
	# of cf manipulations: 	4
	# of memory operations: 0
	# of types: 			2958



Using pass: pass_replace_switch_selectors -- No improvement
	# of nodes: 			14
	# of irgs: 				2
	# of cf manipulations: 	4
	# of memory operations: 0
	# of types: 			2958



Using pass: pass_libfirm_do_loop_inversion -- No improvement
	# of nodes: 			14
	# of irgs: 				2
	# of cf manipulations: 	4
	# of memory operations: 0
	# of types: 			2958



Using pass: pass_libfirm_opt_jumpthreading -- No improvement
	# of nodes: 			14
	# of irgs: 				2
	# of cf manipulations: 	4
	# of memory operations: 0
	# of types: 			2958



Using pass: pass_libfirm_remove_critical_cf_edges -- No improvement
	# of nodes: 			14
	# of irgs: 				2
	# of cf manipulations: 	4
	# of memory operations: 0
	# of types: 			2958



Using pass: pass_simplify_consts -- No improvement
	# of nodes: 			14
	# of irgs: 				2
	# of cf manipulations: 	4
	# of memory operations: 0
	# of types: 			2958



Using pass: pass_check_validity -- No improvement
	# of nodes: 			14
	# of irgs: 				2
	# of cf manipulations: 	4
	# of memory operations: 0
	# of types: 			2958



Using pass: pass_libfirm_optimize_graph_df -- No improvement
	# of nodes: 			14
	# of irgs: 				2
	# of cf manipulations: 	4
	# of memory operations: 0
	# of types: 			2958



Using pass: pass_libfirm_optimize_graph_df -- No improvement
	# of nodes: 			14
	# of irgs: 				2
	# of cf manipulations: 	4
	# of memory operations: 0
	# of types: 			2958



Using pass: pass_replace_proj_primitive -- No improvement
	# of nodes: 			14
	# of irgs: 				2
	# of cf manipulations: 	4
	# of memory operations: 0
	# of types: 			2958



Using pass: pass_gc_irgs_primitive -- No improvement
	# of nodes: 			14
	# of irgs: 				2
	# of cf manipulations: 	4
	# of memory operations: 0
	# of types: 			2958



Using pass: pass_remove_void_calls -- No improvement
	# of nodes: 			14
	# of irgs: 				2
	# of cf manipulations: 	4
	# of memory operations: 0
	# of types: 			2958



Using pass: pass_libfirm_opt_tail_rec -- No improvement
	# of nodes: 			14
	# of irgs: 				2
	# of cf manipulations: 	4
	# of memory operations: 0
	# of types: 			2958



Using pass: pass_replace_members -- No improvement
	# of nodes: 			14
	# of irgs: 				2
	# of cf manipulations: 	4
	# of memory operations: 0
	# of types: 			2958



Using pass: pass_libfirm_opt_jumpthreading -- No improvement
	# of nodes: 			14
	# of irgs: 				2
	# of cf manipulations: 	4
	# of memory operations: 0
	# of types: 			2958



Using pass: pass_remove_stores -- No improvement
	# of nodes: 			14
	# of irgs: 				2
	# of cf manipulations: 	4
	# of memory operations: 0
	# of types: 			2958



Using pass: pass_replace_loads -- No improvement
	# of nodes: 			14
	# of irgs: 				2
	# of cf manipulations: 	4
	# of memory operations: 0
	# of types: 			2958



Using pass: pass_libfirm_optimize_reassociation -- No improvement
	# of nodes: 			14
	# of irgs: 				2
	# of cf manipulations: 	4
	# of memory operations: 0
	# of types: 			2958



Using pass: pass_check_validity -- No improvement
	# of nodes: 			14
	# of irgs: 				2
	# of cf manipulations: 	4
	# of memory operations: 0
	# of types: 			2958



Using pass: pass_libfirm_opt_tail_rec -- No improvement
	# of nodes: 			14
	# of irgs: 				2
	# of cf manipulations: 	4
	# of memory operations: 0
	# of types: 			2958



Using pass: pass_libfirm_remove_unreachable -- No improvement
	# of nodes: 			14
	# of irgs: 				2
	# of cf manipulations: 	4
	# of memory operations: 0
	# of types: 			2958



Using pass: pass_remove_stores -- No improvement
	# of nodes: 			14
	# of irgs: 				2
	# of cf manipulations: 	4
	# of memory operations: 0
	# of types: 			2958



Using pass: pass_libfirm_dead_code_elimination -- No improvement
	# of nodes: 			14
	# of irgs: 				2
	# of cf manipulations: 	4
	# of memory operations: 0
	# of types: 			2958



Using pass: pass_libfirm_optimize_reassociation -- No improvement
	# of nodes: 			14
	# of irgs: 				2
	# of cf manipulations: 	4
	# of memory operations: 0
	# of types: 			2958



Using pass: pass_replace_proj_primitive -- No improvement
	# of nodes: 			14
	# of irgs: 				2
	# of cf manipulations: 	4
	# of memory operations: 0
	# of types: 			2958



Using pass: pass_libfirm_opt_parallelize_mem -- No improvement
	# of nodes: 			14
	# of irgs: 				2
	# of cf manipulations: 	4
	# of memory operations: 0
	# of types: 			2958



Using pass: pass_libfirm_gvn_pre -- No improvement
	# of nodes: 			14
	# of irgs: 				2
	# of cf manipulations: 	4
	# of memory operations: 0
	# of types: 			2958



Using pass: pass_check_validity -- No improvement
	# of nodes: 			14
	# of irgs: 				2
	# of cf manipulations: 	4
	# of memory operations: 0
	# of types: 			2958



Using pass: pass_remove_void_calls -- No improvement
	# of nodes: 			14
	# of irgs: 				2
	# of cf manipulations: 	4
	# of memory operations: 0
	# of types: 			2958



Using pass: pass_remove_allocs -- No improvement
	# of nodes: 			14
	# of irgs: 				2
	# of cf manipulations: 	4
	# of memory operations: 0
	# of types: 			2958



Using pass: pass_replace_cond_selectors -- No improvement
	# of nodes: 			14
	# of irgs: 				2
	# of cf manipulations: 	4
	# of memory operations: 0
	# of types: 			2958



Using pass: pass_libfirm_gvn_pre -- No improvement
	# of nodes: 			14
	# of irgs: 				2
	# of cf manipulations: 	4
	# of memory operations: 0
	# of types: 			2958



Using pass: pass_libfirm_optimize_load_store -- No improvement
	# of nodes: 			14
	# of irgs: 				2
	# of cf manipulations: 	4
	# of memory operations: 0
	# of types: 			2958



Using pass: pass_gc_irgs -- No improvement
	# of nodes: 			14
	# of irgs: 				2
	# of cf manipulations: 	4
	# of memory operations: 0
	# of types: 			2958



Using pass: pass_remove_void_calls -- No improvement
	# of nodes: 			14
	# of irgs: 				2
	# of cf manipulations: 	4
	# of memory operations: 0
	# of types: 			2958



Using pass: pass_libfirm_normalize_n_returns -- No improvement
	# of nodes: 			14
	# of irgs: 				2
	# of cf manipulations: 	4
	# of memory operations: 0
	# of types: 			2958



Using pass: pass_libfirm_do_loop_peeling -- No improvement
	# of nodes: 			14
	# of irgs: 				2
	# of cf manipulations: 	4
	# of memory operations: 0
	# of types: 			2958



Using pass: pass_libfirm_remove_tuples -- No improvement
	# of nodes: 			14
	# of irgs: 				2
	# of cf manipulations: 	4
	# of memory operations: 0
	# of types: 			2958



Using pass: pass_libfirm_optimize_cf -- No improvement
	# of nodes: 			14
	# of irgs: 				2
	# of cf manipulations: 	4
	# of memory operations: 0
	# of types: 			2958



Using pass: pass_libfirm_opt_if_conv -- No improvement
	# of nodes: 			14
	# of irgs: 				2
	# of cf manipulations: 	4
	# of memory operations: 0
	# of types: 			2958



Using pass: pass_replace_members -- No improvement
	# of nodes: 			14
	# of irgs: 				2
	# of cf manipulations: 	4
	# of memory operations: 0
	# of types: 			2958



Using pass: pass_libfirm_combo -- No improvement
	# of nodes: 			14
	# of irgs: 				2
	# of cf manipulations: 	4
	# of memory operations: 0
	# of types: 			2958



Using pass: pass_libfirm_optimize_load_store -- No improvement
	# of nodes: 			14
	# of irgs: 				2
	# of cf manipulations: 	4
	# of memory operations: 0
	# of types: 			2958



Using pass: pass_replace_cond_selectors -- No improvement
	# of nodes: 			14
	# of irgs: 				2
	# of cf manipulations: 	4
	# of memory operations: 0
	# of types: 			2958



Using pass: pass_libfirm_opt_blocks -- No improvement
	# of nodes: 			14
	# of irgs: 				2
	# of cf manipulations: 	4
	# of memory operations: 0
	# of types: 			2958



Using pass: pass_simplify_consts -- No improvement
	# of nodes: 			14
	# of irgs: 				2
	# of cf manipulations: 	4
	# of memory operations: 0
	# of types: 			2958



Using pass: pass_replace_switch_selectors -- No improvement
	# of nodes: 			14
	# of irgs: 				2
	# of cf manipulations: 	4
	# of memory operations: 0
	# of types: 			2958



Using pass: pass_libfirm_opt_tail_rec -- No improvement
	# of nodes: 			14
	# of irgs: 				2
	# of cf manipulations: 	4
	# of memory operations: 0
	# of types: 			2958



Using pass: pass_gc_irgs_primitive -- Successful
	# of nodes: 			7
	# of irgs: 				1
	# of cf manipulations: 	2
	# of memory operations: 0
	# of types: 			2958



Using pass: pass_simplify_consts -- No improvement
	# of nodes: 			7
	# of irgs: 				1
	# of cf manipulations: 	2
	# of memory operations: 0
	# of types: 			2958



Using pass: pass_libfirm_opt_parallelize_mem -- No improvement
	# of nodes: 			7
	# of irgs: 				1
	# of cf manipulations: 	2
	# of memory operations: 0
	# of types: 			2958



Using pass: pass_check_validity -- No improvement
	# of nodes: 			7
	# of irgs: 				1
	# of cf manipulations: 	2
	# of memory operations: 0
	# of types: 			2958



Using pass: pass_libfirm_optimize_reassociation -- No improvement
	# of nodes: 			7
	# of irgs: 				1
	# of cf manipulations: 	2
	# of memory operations: 0
	# of types: 			2958



Using pass: pass_libfirm_optimize_cf -- No improvement
	# of nodes: 			7
	# of irgs: 				1
	# of cf manipulations: 	2
	# of memory operations: 0
	# of types: 			2958



Using pass: pass_replace_arithmetic -- No improvement
	# of nodes: 			7
	# of irgs: 				1
	# of cf manipulations: 	2
	# of memory operations: 0
	# of types: 			2958



Using pass: pass_libfirm_do_loop_unrolling -- No improvement
	# of nodes: 			7
	# of irgs: 				1
	# of cf manipulations: 	2
	# of memory operations: 0
	# of types: 			2958



Using pass: pass_libfirm_opt_ldst
	 :: Pass failed on irg 'main' -- No improvement
	# of nodes: 			7
	# of irgs: 				1
	# of cf manipulations: 	2
	# of memory operations: 0
	# of types: 			2958



Using pass: pass_libfirm_combo -- No improvement
	# of nodes: 			7
	# of irgs: 				1
	# of cf manipulations: 	2
	# of memory operations: 0
	# of types: 			2958



Using pass: pass_replace_arithmetic -- No improvement
	# of nodes: 			7
	# of irgs: 				1
	# of cf manipulations: 	2
	# of memory operations: 0
	# of types: 			2958



Using pass: pass_libfirm_dead_code_elimination -- No improvement
	# of nodes: 			7
	# of irgs: 				1
	# of cf manipulations: 	2
	# of memory operations: 0
	# of types: 			2958



Using pass: pass_libfirm_gvn_pre -- No improvement
	# of nodes: 			7
	# of irgs: 				1
	# of cf manipulations: 	2
	# of memory operations: 0
	# of types: 			2958



Using pass: pass_replace_members -- No improvement
	# of nodes: 			7
	# of irgs: 				1
	# of cf manipulations: 	2
	# of memory operations: 0
	# of types: 			2958



Using pass: pass_libfirm_construct_confirms -- No improvement
	# of nodes: 			7
	# of irgs: 				1
	# of cf manipulations: 	2
	# of memory operations: 0
	# of types: 			2958



Using pass: pass_check_validity -- No improvement
	# of nodes: 			7
	# of irgs: 				1
	# of cf manipulations: 	2
	# of memory operations: 0
	# of types: 			2958



Using pass: pass_replace_switch_selectors -- No improvement
	# of nodes: 			7
	# of irgs: 				1
	# of cf manipulations: 	2
	# of memory operations: 0
	# of types: 			2958



Using pass: pass_check_validity -- No improvement
	# of nodes: 			7
	# of irgs: 				1
	# of cf manipulations: 	2
	# of memory operations: 0
	# of types: 			2958



Using pass: pass_check_validity -- No improvement
	# of nodes: 			7
	# of irgs: 				1
	# of cf manipulations: 	2
	# of memory operations: 0
	# of types: 			2958



Using pass: pass_libfirm_opt_if_conv -- No improvement
	# of nodes: 			7
	# of irgs: 				1
	# of cf manipulations: 	2
	# of memory operations: 0
	# of types: 			2958



Using pass: pass_libfirm_combo -- No improvement
	# of nodes: 			7
	# of irgs: 				1
	# of cf manipulations: 	2
	# of memory operations: 0
	# of types: 			2958



Using pass: pass_gc_entitites -- No improvement
	# of nodes: 			7
	# of irgs: 				1
	# of cf manipulations: 	2
	# of memory operations: 0
	# of types: 			2958



Using pass: pass_libfirm_opt_ldst
	 :: Pass failed on irg 'main' -- No improvement
	# of nodes: 			7
	# of irgs: 				1
	# of cf manipulations: 	2
	# of memory operations: 0
	# of types: 			2958



Using pass: pass_check_validity -- No improvement
	# of nodes: 			7
	# of irgs: 				1
	# of cf manipulations: 	2
	# of memory operations: 0
	# of types: 			2958



Using pass: pass_libfirm_remove_tuples -- No improvement
	# of nodes: 			7
	# of irgs: 				1
	# of cf manipulations: 	2
	# of memory operations: 0
	# of types: 			2958



Using pass: pass_libfirm_do_loop_inversion -- No improvement
	# of nodes: 			7
	# of irgs: 				1
	# of cf manipulations: 	2
	# of memory operations: 0
	# of types: 			2958



Using pass: pass_replace_members -- No improvement
	# of nodes: 			7
	# of irgs: 				1
	# of cf manipulations: 	2
	# of memory operations: 0
	# of types: 			2958



Using pass: pass_replace_proj_primitive -- No improvement
	# of nodes: 			7
	# of irgs: 				1
	# of cf manipulations: 	2
	# of memory operations: 0
	# of types: 			2958



Using pass: pass_libfirm_remove_tuples -- No improvement
	# of nodes: 			7
	# of irgs: 				1
	# of cf manipulations: 	2
	# of memory operations: 0
	# of types: 			2958



Using pass: pass_libfirm_opt_ldst
	 :: Pass failed on irg 'main' -- No improvement
	# of nodes: 			7
	# of irgs: 				1
	# of cf manipulations: 	2
	# of memory operations: 0
	# of types: 			2958



Using pass: pass_libfirm_place_code -- No improvement
	# of nodes: 			7
	# of irgs: 				1
	# of cf manipulations: 	2
	# of memory operations: 0
	# of types: 			2958



Using pass: pass_libfirm_remove_tuples -- No improvement
	# of nodes: 			7
	# of irgs: 				1
	# of cf manipulations: 	2
	# of memory operations: 0
	# of types: 			2958



Using pass: pass_simplify_consts -- No improvement
	# of nodes: 			7
	# of irgs: 				1
	# of cf manipulations: 	2
	# of memory operations: 0
	# of types: 			2958



Using pass: pass_libfirm_remove_tuples -- No improvement
	# of nodes: 			7
	# of irgs: 				1
	# of cf manipulations: 	2
	# of memory operations: 0
	# of types: 			2958



Using pass: pass_gc_irgs_primitive -- No improvement
	# of nodes: 			7
	# of irgs: 				1
	# of cf manipulations: 	2
	# of memory operations: 0
	# of types: 			2958



Using pass: pass_libfirm_opt_funccalls -- No improvement
	# of nodes: 			7
	# of irgs: 				1
	# of cf manipulations: 	2
	# of memory operations: 0
	# of types: 			2958



Using pass: pass_libfirm_opt_frame -- No improvement
	# of nodes: 			7
	# of irgs: 				1
	# of cf manipulations: 	2
	# of memory operations: 0
	# of types: 			2958



Using pass: pass_libfirm_do_loop_inversion -- No improvement
	# of nodes: 			7
	# of irgs: 				1
	# of cf manipulations: 	2
	# of memory operations: 0
	# of types: 			2958



Using pass: pass_replace_members -- No improvement
	# of nodes: 			7
	# of irgs: 				1
	# of cf manipulations: 	2
	# of memory operations: 0
	# of types: 			2958



Using pass: pass_libfirm_do_loop_inversion -- No improvement
	# of nodes: 			7
	# of irgs: 				1
	# of cf manipulations: 	2
	# of memory operations: 0
	# of types: 			2958



Using pass: pass_libfirm_opt_jumpthreading -- No improvement
	# of nodes: 			7
	# of irgs: 				1
	# of cf manipulations: 	2
	# of memory operations: 0
	# of types: 			2958



Using pass: pass_replace_loads -- No improvement
	# of nodes: 			7
	# of irgs: 				1
	# of cf manipulations: 	2
	# of memory operations: 0
	# of types: 			2958



Using pass: pass_libfirm_opt_tail_rec -- No improvement
	# of nodes: 			7
	# of irgs: 				1
	# of cf manipulations: 	2
	# of memory operations: 0
	# of types: 			2958



Using pass: pass_replace_members -- No improvement
	# of nodes: 			7
	# of irgs: 				1
	# of cf manipulations: 	2
	# of memory operations: 0
	# of types: 			2958



Using pass: pass_libfirm_opt_blocks -- No improvement
	# of nodes: 			7
	# of irgs: 				1
	# of cf manipulations: 	2
	# of memory operations: 0
	# of types: 			2958



Using pass: pass_check_validity -- No improvement
	# of nodes: 			7
	# of irgs: 				1
	# of cf manipulations: 	2
	# of memory operations: 0
	# of types: 			2958



Using pass: pass_libfirm_remove_tuples -- No improvement
	# of nodes: 			7
	# of irgs: 				1
	# of cf manipulations: 	2
	# of memory operations: 0
	# of types: 			2958



Using pass: pass_libfirm_place_code -- No improvement
	# of nodes: 			7
	# of irgs: 				1
	# of cf manipulations: 	2
	# of memory operations: 0
	# of types: 			2958



Using pass: pass_libfirm_normalize_n_returns -- No improvement
	# of nodes: 			7
	# of irgs: 				1
	# of cf manipulations: 	2
	# of memory operations: 0
	# of types: 			2958



Using pass: pass_simplify_consts -- No improvement
	# of nodes: 			7
	# of irgs: 				1
	# of cf manipulations: 	2
	# of memory operations: 0
	# of types: 			2958



Using pass: pass_libfirm_optimize_cf -- No improvement
	# of nodes: 			7
	# of irgs: 				1
	# of cf manipulations: 	2
	# of memory operations: 0
	# of types: 			2958



Using pass: pass_replace_members -- No improvement
	# of nodes: 			7
	# of irgs: 				1
	# of cf manipulations: 	2
	# of memory operations: 0
	# of types: 			2958



Using pass: pass_libfirm_opt_bool -- No improvement
	# of nodes: 			7
	# of irgs: 				1
	# of cf manipulations: 	2
	# of memory operations: 0
	# of types: 			2958



Using pass: pass_libfirm_opt_bool -- No improvement
	# of nodes: 			7
	# of irgs: 				1
	# of cf manipulations: 	2
	# of memory operations: 0
	# of types: 			2958



Using pass: pass_remove_allocs -- No improvement
	# of nodes: 			7
	# of irgs: 				1
	# of cf manipulations: 	2
	# of memory operations: 0
	# of types: 			2958



Using pass: pass_libfirm_construct_confirms -- No improvement
	# of nodes: 			7
	# of irgs: 				1
	# of cf manipulations: 	2
	# of memory operations: 0
	# of types: 			2958



Using pass: pass_libfirm_occult_consts -- No improvement
	# of nodes: 			7
	# of irgs: 				1
	# of cf manipulations: 	2
	# of memory operations: 0
	# of types: 			2958



Using pass: pass_libfirm_place_code -- No improvement
	# of nodes: 			7
	# of irgs: 				1
	# of cf manipulations: 	2
	# of memory operations: 0
	# of types: 			2958



Using pass: pass_libfirm_remove_bads -- No improvement
	# of nodes: 			7
	# of irgs: 				1
	# of cf manipulations: 	2
	# of memory operations: 0
	# of types: 			2958



Using pass: pass_replace_return_values -- No improvement
	# of nodes: 			7
	# of irgs: 				1
	# of cf manipulations: 	2
	# of memory operations: 0
	# of types: 			2958



Using pass: pass_libfirm_conv_opt -- No improvement
	# of nodes: 			7
	# of irgs: 				1
	# of cf manipulations: 	2
	# of memory operations: 0
	# of types: 			2958



Using pass: pass_libfirm_do_loop_peeling -- No improvement
	# of nodes: 			7
	# of irgs: 				1
	# of cf manipulations: 	2
	# of memory operations: 0
	# of types: 			2958



Using pass: pass_libfirm_gvn_pre -- No improvement
	# of nodes: 			7
	# of irgs: 				1
	# of cf manipulations: 	2
	# of memory operations: 0
	# of types: 			2958



Using pass: pass_replace_loads -- No improvement
	# of nodes: 			7
	# of irgs: 				1
	# of cf manipulations: 	2
	# of memory operations: 0
	# of types: 			2958



Using pass: pass_libfirm_opt_if_conv -- No improvement
	# of nodes: 			7
	# of irgs: 				1
	# of cf manipulations: 	2
	# of memory operations: 0
	# of types: 			2958



Using pass: pass_libfirm_optimize_cf -- No improvement
	# of nodes: 			7
	# of irgs: 				1
	# of cf manipulations: 	2
	# of memory operations: 0
	# of types: 			2958



Using pass: pass_replace_proj_primitive -- No improvement
	# of nodes: 			7
	# of irgs: 				1
	# of cf manipulations: 	2
	# of memory operations: 0
	# of types: 			2958



Using pass: pass_replace_mux_selectors -- No improvement
	# of nodes: 			7
	# of irgs: 				1
	# of cf manipulations: 	2
	# of memory operations: 0
	# of types: 			2958



Using pass: pass_replace_mux_selectors -- No improvement
	# of nodes: 			7
	# of irgs: 				1
	# of cf manipulations: 	2
	# of memory operations: 0
	# of types: 			2958




 :: 2nd reduction cycle

Using pass: pass_gc_irgs_primitive -- Trying irg 'r_func_1' -- No improvement

______________________________

No further reduction possible.

Result:
	# of nodes: 			7
	# of irgs: 				1
	# of cf manipulations: 	2
	# of memory operations: 0
	# of types: 			2958

2018-08-23 15:39:46