2018-08-24 12:02:08 -- Firmreduce -- Results

Initial Test-case size:
	# of nodes: 			14350
	# of irgs: 				101
	# of cf manipulations: 	754
	# of memory operations: 2378
	# of types: 			2741


Using pass: pass_libfirm_occult_consts
	 :: interestingness test failed on irg 'r_func_40'
	 :: interestingness test failed on irg 'r_func_13'
	 :: interestingness test failed on irg 'r_func_15'
	 :: interestingness test failed on irg 'r_func_40'
	 :: interestingness test failed on irg 'r_func_47'
	 :: interestingness test failed on irg 'r_func_15'
	 :: interestingness test failed on irg 'r_func_15'
	 :: interestingness test failed on irg 'r_func_25'
	 :: interestingness test failed on irg 'r_func_25'
	 :: interestingness test failed on irg 'r_func_30'
	 :: interestingness test failed on irg 'r_func_15'
	 :: interestingness test failed on irg 'r_func_40'
	 :: interestingness test failed on irg 'r_func_25'
	 :: interestingness test failed on irg 'r_func_19'
	 :: interestingness test failed on irg 'r_func_15'
	 :: interestingness test failed on irg 'r_func_47'
	 :: interestingness test failed on irg 'r_func_47'
	 :: interestingness test failed on irg 'r_func_15'
	 :: interestingness test failed on irg 'r_func_13'
	 :: interestingness test failed on irg 'r_func_19'
	 :: interestingness test failed on irg 'r_func_82'
	 :: interestingness test failed on irg 'r_func_19'
	 :: interestingness test failed on irg 'r_func_19'
	 :: interestingness test failed on irg 'r_func_15'
	 :: interestingness test failed on irg 'r_func_40'
	 :: interestingness test failed on irg 'r_func_30'
	 :: interestingness test failed on irg 'r_func_19'
	 :: interestingness test failed on irg 'r_func_30'
	 :: interestingness test failed on irg 'r_func_48'
	 :: interestingness test failed on irg 'r_func_47'
	 :: interestingness test failed on irg 'r_func_25'
	 :: interestingness test failed on irg 'r_func_47'
	 :: interestingness test failed on irg 'r_func_82'
	 :: interestingness test failed on irg 'r_func_82'
	 :: interestingness test failed on irg 'r_func_66'
	 :: interestingness test failed on irg 'r_func_25'
	 :: interestingness test failed on irg 'r_func_15'
	 :: interestingness test failed on irg 'r_func_15'
	 :: interestingness test failed on irg 'r_func_13'
	 :: interestingness test failed on irg 'r_func_15'
	 :: interestingness test failed on irg 'r_func_48'
	 :: interestingness test failed on irg 'r_func_40'
	 :: interestingness test failed on irg 'r_func_25'
	 :: interestingness test failed on irg 'r_func_15' -- Successful
	# of nodes: 			14024
	# of irgs: 				101
	# of cf manipulations: 	754
	# of memory operations: 2378
	# of types: 			2741



Using pass: pass_libfirm_remove_tuples -- No improvement
	# of nodes: 			14024
	# of irgs: 				101
	# of cf manipulations: 	754
	# of memory operations: 2378
	# of types: 			2741



Using pass: pass_libfirm_opt_blocks
	 :: Pass failed on irg 'r_func_95'
	 :: Pass failed on irg 'r_func_95'
	 :: Pass failed on irg 'r_func_25'
	 :: Pass failed on irg 'r_func_95'
	 :: Pass failed on irg 'r_func_95'
	 :: Pass failed on irg 'r_func_95'
	 :: Pass failed on irg 'r_func_25'
	 :: Pass failed on irg 'r_func_23'
	 :: Pass failed on irg 'r_func_25'
	 :: Pass failed on irg 'r_func_1'
	 :: Pass failed on irg 'r_func_95'
	 :: Pass failed on irg 'r_func_95'
	 :: Pass failed on irg 'r_func_95'
	 :: Pass failed on irg 'r_func_95'
	 :: Pass failed on irg 'r_func_25'
	 :: Pass failed on irg 'r_func_95'
	 :: Pass failed on irg 'r_func_1'
	 :: Pass failed on irg 'r_func_1'
	 :: Pass failed on irg 'r_func_95'
	 :: Pass failed on irg 'r_func_25'
	 :: Pass failed on irg 'r_func_23'
	 :: Pass failed on irg 'r_func_25'
	 :: Pass failed on irg 'r_func_1'
	 :: Pass failed on irg 'r_func_95'
	 :: Pass failed on irg 'r_func_25'
	 :: Pass failed on irg 'r_func_1'
	 :: Pass failed on irg 'r_func_95'
	 :: Pass failed on irg 'r_func_95'
	 :: Pass failed on irg 'r_func_23'
	 :: Pass failed on irg 'r_func_23'
	 :: Pass failed on irg 'r_func_95'
	 :: Pass failed on irg 'r_func_1'
	 :: Pass failed on irg 'r_func_23'
	 :: Pass failed on irg 'r_func_1'
	 :: Pass failed on irg 'r_func_95'
	 :: Pass failed on irg 'r_func_25'
	 :: Pass failed on irg 'r_func_95'
	 :: Pass failed on irg 'r_func_95'
	 :: Pass failed on irg 'r_func_1'
	 :: Pass failed on irg 'r_func_95'
	 :: Pass failed on irg 'r_func_95'
	 :: Pass failed on irg 'r_func_95'
	 :: Pass failed on irg 'r_func_1'
	 :: Pass failed on irg 'r_func_1'
	 :: Pass failed on irg 'r_func_25'
	 :: Pass failed on irg 'r_func_25'
	 :: Pass failed on irg 'r_func_95'
	 :: Pass failed on irg 'r_func_1'
	 :: Pass failed on irg 'r_func_25'
	 :: Pass failed on irg 'r_func_95'
	 :: Pass failed on irg 'r_func_95'
	 :: Pass failed on irg 'r_func_25'
	 :: Pass failed on irg 'r_func_23'
	 :: Pass failed on irg 'r_func_25'
	 :: Pass failed on irg 'r_func_25'
	 :: Pass failed on irg 'r_func_23'
	 :: Pass failed on irg 'r_func_1'
	 :: Pass failed on irg 'r_func_23'
	 :: Pass failed on irg 'r_func_1'
	 :: Pass failed on irg 'r_func_1'
	 :: Pass failed on irg 'r_func_95'
	 :: Pass failed on irg 'r_func_25'
	 :: Pass failed on irg 'r_func_95'
	 :: Pass failed on irg 'r_func_1'
	 :: Pass failed on irg 'r_func_23'
	 :: Pass failed on irg 'r_func_95'
	 :: Pass failed on irg 'r_func_25'
	 :: Pass failed on irg 'r_func_23'
	 :: Pass failed on irg 'r_func_1'
	 :: Pass failed on irg 'r_func_95'
	 :: Pass failed on irg 'r_func_95'
	 :: Pass failed on irg 'r_func_1'
	 :: Pass failed on irg 'r_func_25'
	 :: Pass failed on irg 'r_func_95'
	 :: Pass failed on irg 'r_func_95'
	 :: Pass failed on irg 'r_func_25'
	 :: Pass failed on irg 'r_func_95'
	 :: Pass failed on irg 'r_func_23'
	 :: Pass failed on irg 'r_func_95'
	 :: Pass failed on irg 'r_func_1'
	 :: Pass failed on irg 'r_func_1'
	 :: Pass failed on irg 'r_func_1'
	 :: Pass failed on irg 'r_func_25'
	 :: Pass failed on irg 'r_func_95'
	 :: Pass failed on irg 'r_func_23'
	 :: Pass failed on irg 'r_func_25'
	 :: Pass failed on irg 'r_func_95'
	 :: Pass failed on irg 'r_func_1'
	 :: Pass failed on irg 'r_func_25'
	 :: Pass failed on irg 'r_func_1'
	 :: Pass failed on irg 'r_func_23'
	 :: Pass failed on irg 'r_func_25'
	 :: Pass failed on irg 'r_func_95'
	 :: Pass failed on irg 'r_func_23'
	 :: Pass failed on irg 'r_func_1'
	 :: Pass failed on irg 'r_func_23'
	 :: Pass failed on irg 'r_func_23'
	 :: Pass failed on irg 'r_func_95'
	 :: Pass failed on irg 'r_func_25'
	 :: Pass failed on irg 'r_func_25'
	 :: Pass failed on irg 'r_func_23'
	 :: Pass failed on irg 'r_func_1'
	 :: Pass failed on irg 'r_func_95'
	 :: Pass failed on irg 'r_func_23'
	 :: Pass failed on irg 'r_func_25'
	 :: Pass failed on irg 'r_func_95'
	 :: Pass failed on irg 'r_func_23'
	 :: Pass failed on irg 'r_func_23'
	 :: Pass failed on irg 'r_func_23'
	 :: Pass failed on irg 'r_func_95'
	 :: Pass failed on irg 'r_func_95'
	 :: Pass failed on irg 'r_func_1'
	 :: Pass failed on irg 'r_func_25'
	 :: Pass failed on irg 'r_func_95'
	 :: Pass failed on irg 'r_func_25'
	 :: Pass failed on irg 'r_func_1'
	 :: Pass failed on irg 'r_func_1'
	 :: Pass failed on irg 'r_func_95' -- Successful
	# of nodes: 			14364
	# of irgs: 				101
	# of cf manipulations: 	921
	# of memory operations: 2378
	# of types: 			2741



Using pass: pass_remove_stores -- Successful
	# of nodes: 			9333
	# of irgs: 				101
	# of cf manipulations: 	649
	# of memory operations: 1710
	# of types: 			2741



Using pass: pass_libfirm_dead_code_elimination -- No improvement
	# of nodes: 			9333
	# of irgs: 				101
	# of cf manipulations: 	649
	# of memory operations: 1710
	# of types: 			2741



Using pass: pass_libfirm_opt_frame -- No improvement
	# of nodes: 			9333
	# of irgs: 				101
	# of cf manipulations: 	649
	# of memory operations: 1710
	# of types: 			2741



Using pass: pass_libfirm_combo -- Successful
	# of nodes: 			9168
	# of irgs: 				101
	# of cf manipulations: 	620
	# of memory operations: 1702
	# of types: 			2741



Using pass: pass_remove_void_calls -- Successful
	# of nodes: 			9058
	# of irgs: 				101
	# of cf manipulations: 	620
	# of memory operations: 1680
	# of types: 			2741



Using pass: pass_simplify_consts -- Successful
	# of nodes: 			7729
	# of irgs: 				101
	# of cf manipulations: 	592
	# of memory operations: 1671
	# of types: 			2741



Using pass: pass_replace_mux_selectors -- No improvement
	# of nodes: 			7729
	# of irgs: 				101
	# of cf manipulations: 	592
	# of memory operations: 1671
	# of types: 			2741



Using pass: pass_libfirm_optimize_graph_df -- No improvement
	# of nodes: 			7729
	# of irgs: 				101
	# of cf manipulations: 	592
	# of memory operations: 1671
	# of types: 			2741



Using pass: pass_replace_return_values -- Successful
	# of nodes: 			7440
	# of irgs: 				101
	# of cf manipulations: 	585
	# of memory operations: 1671
	# of types: 			2741



Using pass: pass_check_validity -- No improvement
	# of nodes: 			7440
	# of irgs: 				101
	# of cf manipulations: 	585
	# of memory operations: 1671
	# of types: 			2741



Using pass: pass_libfirm_opt_if_conv -- No improvement
	# of nodes: 			7440
	# of irgs: 				101
	# of cf manipulations: 	585
	# of memory operations: 1671
	# of types: 			2741



Using pass: pass_replace_mux_selectors -- No improvement
	# of nodes: 			7440
	# of irgs: 				101
	# of cf manipulations: 	585
	# of memory operations: 1671
	# of types: 			2741



Using pass: pass_libfirm_optimize_reassociation -- No improvement
	# of nodes: 			7440
	# of irgs: 				101
	# of cf manipulations: 	585
	# of memory operations: 1671
	# of types: 			2741



Using pass: pass_libfirm_remove_unreachable -- No improvement
	# of nodes: 			7440
	# of irgs: 				101
	# of cf manipulations: 	585
	# of memory operations: 1671
	# of types: 			2741



Using pass: pass_libfirm_do_loop_inversion -- No improvement
	# of nodes: 			7440
	# of irgs: 				101
	# of cf manipulations: 	585
	# of memory operations: 1671
	# of types: 			2741



Using pass: pass_libfirm_opt_blocks
	 :: Pass failed on irg 'r_func_62'
	 :: Pass failed on irg 'r_func_24'
	 :: Pass failed on irg 'r_func_24'
	 :: Pass failed on irg 'r_func_95' -- Successful
	# of nodes: 			7308
	# of irgs: 				101
	# of cf manipulations: 	539
	# of memory operations: 1670
	# of types: 			2741



Using pass: pass_libfirm_optimize_load_store -- Successful
	# of nodes: 			6118
	# of irgs: 				101
	# of cf manipulations: 	539
	# of memory operations: 1418
	# of types: 			2741



Using pass: pass_libfirm_do_loop_inversion -- No improvement
	# of nodes: 			6118
	# of irgs: 				101
	# of cf manipulations: 	539
	# of memory operations: 1418
	# of types: 			2741



Using pass: pass_libfirm_do_loop_peeling
	 :: Pass failed on irg 'r_func_8'
	 :: Pass failed on irg 'r_func_3'
	 :: Pass failed on irg 'r_func_59'
	 :: Pass failed on irg 'r_func_4'
	 :: Pass failed on irg 'r_func_71'
	 :: Pass failed on irg 'r_func_87'
	 :: Pass failed on irg 'r_func_19'
	 :: Pass failed on irg 'r_func_19'
	 :: Pass failed on irg 'r_func_11'
	 :: Pass failed on irg 'r_func_51'
	 :: Pass failed on irg 'r_func_54'
	 :: Pass failed on irg 'r_func_10'
	 :: Pass failed on irg 'r_func_99'
	 :: Pass failed on irg 'r_func_13'
	 :: Pass failed on irg 'r_func_13'
	 :: Pass failed on irg 'r_func_99'
	 :: Pass failed on irg 'r_func_7'
	 :: Pass failed on irg 'r_func_79'
	 :: Pass failed on irg 'r_func_25'
	 :: Pass failed on irg 'r_func_64'
	 :: Pass failed on irg 'r_func_2'
	 :: Pass failed on irg 'r_func_6'
	 :: Pass failed on irg 'r_func_46'
	 :: Pass failed on irg 'r_func_46'
	 :: Pass failed on irg 'r_func_4'
	 :: Pass failed on irg 'r_func_4'
	 :: Pass failed on irg 'r_func_64'
	 :: Pass failed on irg 'r_func_64'
	 :: Pass failed on irg 'r_func_26'
	 :: Pass failed on irg 'r_func_54'
	 :: Pass failed on irg 'r_func_70'
	 :: Pass failed on irg 'r_func_55' -- No improvement
	# of nodes: 			6118
	# of irgs: 				101
	# of cf manipulations: 	539
	# of memory operations: 1418
	# of types: 			2741



Using pass: pass_replace_return_values -- No improvement
	# of nodes: 			6118
	# of irgs: 				101
	# of cf manipulations: 	539
	# of memory operations: 1418
	# of types: 			2741



Using pass: pass_replace_proj_primitive
	 :: Pass failed on irg 'r_func_2' -- Successful
	# of nodes: 			3456
	# of irgs: 				101
	# of cf manipulations: 	222
	# of memory operations: 1095
	# of types: 			2741



Using pass: pass_libfirm_optimize_graph_df -- No improvement
	# of nodes: 			3456
	# of irgs: 				101
	# of cf manipulations: 	222
	# of memory operations: 1095
	# of types: 			2741



Using pass: pass_replace_members -- No improvement
	# of nodes: 			3456
	# of irgs: 				101
	# of cf manipulations: 	222
	# of memory operations: 1095
	# of types: 			2741



Using pass: pass_libfirm_conv_opt -- No improvement
	# of nodes: 			3456
	# of irgs: 				101
	# of cf manipulations: 	222
	# of memory operations: 1095
	# of types: 			2741



Using pass: pass_libfirm_scalar_replacement_opt -- No improvement
	# of nodes: 			3456
	# of irgs: 				101
	# of cf manipulations: 	222
	# of memory operations: 1095
	# of types: 			2741



Using pass: pass_libfirm_opt_parallelize_mem -- Successful
	# of nodes: 			3484
	# of irgs: 				101
	# of cf manipulations: 	222
	# of memory operations: 1095
	# of types: 			2741



Using pass: pass_remove_allocs -- Successful
	# of nodes: 			1743
	# of irgs: 				101
	# of cf manipulations: 	222
	# of memory operations: 272
	# of types: 			2741



Using pass: pass_replace_mux_selectors -- No improvement
	# of nodes: 			1743
	# of irgs: 				101
	# of cf manipulations: 	222
	# of memory operations: 272
	# of types: 			2741



Using pass: pass_libfirm_opt_ldst
	 :: Pass failed on irg 'r_func_8'
	 :: Pass failed on irg 'r_func_91'
	 :: Pass failed on irg 'r_func_92'
	 :: Pass failed on irg 'r_func_21'
	 :: Pass failed on irg 'r_func_35'
	 :: Pass failed on irg 'r_func_63'
	 :: Pass failed on irg 'r_func_10'
	 :: Pass failed on irg 'r_func_31'
	 :: Pass failed on irg 'r_func_82'
	 :: Pass failed on irg 'r_func_8'
	 :: Pass failed on irg 'r_func_48'
	 :: Pass failed on irg 'r_func_66'
	 :: Pass failed on irg 'r_func_69'
	 :: Pass failed on irg 'main'
	 :: Pass failed on irg 'r_func_92'
	 :: Pass failed on irg 'r_func_8'
	 :: Pass failed on irg 'r_func_93'
	 :: Pass failed on irg 'r_func_77'
	 :: Pass failed on irg 'r_func_16'
	 :: Pass failed on irg 'r_func_74'
	 :: Pass failed on irg 'r_func_47'
	 :: Pass failed on irg 'r_func_65'
	 :: Pass failed on irg 'r_func_49'
	 :: Pass failed on irg 'r_func_37'
	 :: Pass failed on irg 'r_func_59'
	 :: Pass failed on irg 'r_func_51'
	 :: Pass failed on irg 'r_func_66'
	 :: Pass failed on irg 'r_func_26'
	 :: Pass failed on irg 'r_func_53'
	 :: Pass failed on irg 'r_func_88'
	 :: Pass failed on irg 'r_func_58'
	 :: Pass failed on irg 'r_func_77'
	 :: Pass failed on irg 'r_func_28'
	 :: Pass failed on irg 'r_func_33'
	 :: Pass failed on irg 'r_func_83'
	 :: Pass failed on irg 'r_func_27'
	 :: Pass failed on irg 'r_func_10'
	 :: Pass failed on irg 'r_func_53'
	 :: Pass failed on irg 'r_func_54'
	 :: Pass failed on irg 'r_func_56'
	 :: Pass failed on irg 'r_func_67'
	 :: Pass failed on irg 'r_func_85'
	 :: Pass failed on irg 'r_func_21'
	 :: Pass failed on irg 'r_func_33'
	 :: Pass failed on irg 'r_func_70'
	 :: Pass failed on irg 'r_func_84'
	 :: Pass failed on irg 'r_func_49'
	 :: Pass failed on irg 'r_func_10'
	 :: Pass failed on irg 'r_func_79'
	 :: Pass failed on irg 'r_func_53'
	 :: Pass failed on irg 'r_func_17'
	 :: Pass failed on irg 'r_func_57'
	 :: Pass failed on irg 'r_func_39'
	 :: Pass failed on irg 'r_func_52'
	 :: Pass failed on irg 'r_func_98'
	 :: Pass failed on irg 'r_func_72'
	 :: Pass failed on irg 'r_func_46'
	 :: Pass failed on irg 'r_func_62'
	 :: Pass failed on irg 'main'
	 :: Pass failed on irg 'r_func_73'
	 :: Pass failed on irg 'r_func_14'
	 :: Pass failed on irg 'r_func_63'
	 :: Pass failed on irg 'r_func_49'
	 :: Pass failed on irg 'r_func_6'
	 :: Pass failed on irg 'r_func_83'
	 :: Pass failed on irg 'r_func_21'
	 :: Pass failed on irg 'r_func_5'
	 :: Pass failed on irg 'r_func_93'
	 :: Pass failed on irg 'r_func_19'
	 :: Pass failed on irg 'r_func_3'
	 :: Pass failed on irg 'r_func_85'
	 :: Pass failed on irg 'r_func_46'
	 :: Pass failed on irg 'r_func_29'
	 :: Pass failed on irg 'r_func_30'
	 :: Pass failed on irg 'r_func_1'
	 :: Pass failed on irg 'r_func_30'
	 :: Pass failed on irg 'r_func_26'
	 :: Pass failed on irg 'r_func_45'
	 :: Pass failed on irg 'r_func_99'
	 :: Pass failed on irg 'r_func_69'
	 :: Pass failed on irg 'r_func_42'
	 :: Pass failed on irg 'r_func_13'
	 :: Pass failed on irg 'r_func_34'
	 :: Pass failed on irg 'r_func_24'
	 :: Pass failed on irg 'r_func_83'
	 :: Pass failed on irg 'r_func_36'
	 :: Pass failed on irg 'r_func_34'
	 :: Pass failed on irg 'r_func_65'
	 :: Pass failed on irg 'r_func_90'
	 :: Pass failed on irg 'r_func_59'
	 :: Pass failed on irg 'r_func_98'
	 :: Pass failed on irg 'r_func_73'
	 :: Pass failed on irg 'r_func_48'
	 :: Pass failed on irg 'r_func_65'
	 :: Pass failed on irg 'r_func_34'
	 :: Pass failed on irg 'r_func_59'
	 :: Pass failed on irg 'r_func_23'
	 :: Pass failed on irg 'r_func_90'
	 :: Pass failed on irg 'r_func_10'
	 :: Pass failed on irg 'r_func_44'
	 :: Pass failed on irg 'r_func_7' -- No improvement
	# of nodes: 			1743
	# of irgs: 				101
	# of cf manipulations: 	222
	# of memory operations: 272
	# of types: 			2741



Using pass: pass_libfirm_opt_funccalls -- Successful
	# of nodes: 			1708
	# of irgs: 				101
	# of cf manipulations: 	222
	# of memory operations: 261
	# of types: 			2741



Using pass: pass_replace_proj_primitive -- Successful
	# of nodes: 			1695
	# of irgs: 				101
	# of cf manipulations: 	219
	# of memory operations: 261
	# of types: 			2741



Using pass: pass_libfirm_opt_if_conv -- No improvement
	# of nodes: 			1695
	# of irgs: 				101
	# of cf manipulations: 	219
	# of memory operations: 261
	# of types: 			2741



Using pass: pass_replace_cond_selectors -- No improvement
	# of nodes: 			1695
	# of irgs: 				101
	# of cf manipulations: 	219
	# of memory operations: 261
	# of types: 			2741



Using pass: pass_libfirm_opt_tail_rec -- No improvement
	# of nodes: 			1695
	# of irgs: 				101
	# of cf manipulations: 	219
	# of memory operations: 261
	# of types: 			2741



Using pass: pass_libfirm_optimize_cf -- No improvement
	# of nodes: 			1695
	# of irgs: 				101
	# of cf manipulations: 	219
	# of memory operations: 261
	# of types: 			2741



Using pass: pass_libfirm_occult_consts -- No improvement
	# of nodes: 			1695
	# of irgs: 				101
	# of cf manipulations: 	219
	# of memory operations: 261
	# of types: 			2741



Using pass: pass_simplify_consts -- Successful
	# of nodes: 			1627
	# of irgs: 				101
	# of cf manipulations: 	217
	# of memory operations: 259
	# of types: 			2741



Using pass: pass_libfirm_optimize_reassociation -- No improvement
	# of nodes: 			1627
	# of irgs: 				101
	# of cf manipulations: 	217
	# of memory operations: 259
	# of types: 			2741



Using pass: pass_libfirm_occult_consts -- No improvement
	# of nodes: 			1627
	# of irgs: 				101
	# of cf manipulations: 	217
	# of memory operations: 259
	# of types: 			2741



Using pass: pass_gc_irgs_primitive
	 :: interestingness test failed on irg 'r_func_54'
	 :: interestingness test failed on irg 'r_func_45'
	 :: interestingness test failed on irg 'r_func_28'
	 :: interestingness test failed on irg 'r_func_22'
	 :: interestingness test failed on irg 'r_func_46'
	 :: interestingness test failed on irg 'r_func_54'
	 :: interestingness test failed on irg 'r_func_22'
	 :: interestingness test failed on irg 'r_func_73'
	 :: interestingness test failed on irg 'r_func_76'
	 :: interestingness test failed on irg 'r_func_21'
	 :: interestingness test failed on irg 'r_func_12'
	 :: interestingness test failed on irg 'r_func_52'
	 :: interestingness test failed on irg 'r_func_55'
	 :: interestingness test failed on irg 'r_func_52'
	 :: interestingness test failed on irg 'r_func_24'
	 :: interestingness test failed on irg 'r_func_22'
	 :: interestingness test failed on irg 'r_func_80'
	 :: interestingness test failed on irg 'r_func_77'
	 :: interestingness test failed on irg 'r_func_46'
	 :: interestingness test failed on irg 'r_func_4'
	 :: interestingness test failed on irg 'r_func_54'
	 :: interestingness test failed on irg 'r_func_65'
	 :: interestingness test failed on irg 'r_func_75'
	 :: interestingness test failed on irg 'r_func_8'
	 :: interestingness test failed on irg 'r_func_60'
	 :: interestingness test failed on irg 'r_func_60'
	 :: interestingness test failed on irg 'r_func_50'
	 :: interestingness test failed on irg 'r_func_9'
	 :: interestingness test failed on irg 'r_func_4'
	 :: interestingness test failed on irg 'r_func_3'
	 :: interestingness test failed on irg 'r_func_50'
	 :: interestingness test failed on irg 'r_func_7'
	 :: interestingness test failed on irg 'r_func_9'
	 :: interestingness test failed on irg 'r_func_28'
	 :: interestingness test failed on irg 'r_func_42'
	 :: interestingness test failed on irg 'r_func_61'
	 :: interestingness test failed on irg 'r_func_1'
	 :: interestingness test failed on irg 'r_func_4'
	 :: interestingness test failed on irg 'r_func_24'
	 :: interestingness test failed on irg 'r_func_61'
	 :: interestingness test failed on irg 'r_func_75'
	 :: interestingness test failed on irg 'r_func_22'
	 :: interestingness test failed on irg 'r_func_5'
	 :: interestingness test failed on irg 'r_func_70'
	 :: interestingness test failed on irg 'r_func_77'
	 :: interestingness test failed on irg 'r_func_11'
	 :: interestingness test failed on irg 'r_func_1'
	 :: interestingness test failed on irg 'r_func_77'
	 :: interestingness test failed on irg 'r_func_21'
	 :: interestingness test failed on irg 'r_func_43'
	 :: interestingness test failed on irg 'r_func_75'
	 :: interestingness test failed on irg 'r_func_21'
	 :: interestingness test failed on irg 'r_func_50'
	 :: interestingness test failed on irg 'r_func_44'
	 :: interestingness test failed on irg 'r_func_64'
	 :: interestingness test failed on irg 'r_func_29'
	 :: interestingness test failed on irg 'r_func_96'
	 :: interestingness test failed on irg 'r_func_42'
	 :: interestingness test failed on irg 'r_func_46'
	 :: interestingness test failed on irg 'r_func_55'
	 :: interestingness test failed on irg 'r_func_61'
	 :: interestingness test failed on irg 'r_func_75'
	 :: interestingness test failed on irg 'r_func_43'
	 :: interestingness test failed on irg 'r_func_46'
	 :: interestingness test failed on irg 'r_func_21'
	 :: interestingness test failed on irg 'r_func_3'
	 :: interestingness test failed on irg 'r_func_9'
	 :: interestingness test failed on irg 'r_func_29'
	 :: interestingness test failed on irg 'r_func_29'
	 :: interestingness test failed on irg 'r_func_52'
	 :: interestingness test failed on irg 'r_func_58'
	 :: interestingness test failed on irg 'r_func_42'
	 :: interestingness test failed on irg 'r_func_12'
	 :: interestingness test failed on irg 'r_func_54'
	 :: interestingness test failed on irg 'r_func_1'
	 :: interestingness test failed on irg 'r_func_39'
	 :: interestingness test failed on irg 'r_func_1'
	 :: interestingness test failed on irg 'r_func_21'
	 :: interestingness test failed on irg 'r_func_9'
	 :: interestingness test failed on irg 'r_func_65'
	 :: interestingness test failed on irg 'r_func_44'
	 :: interestingness test failed on irg 'r_func_75'
	 :: interestingness test failed on irg 'r_func_25'
	 :: interestingness test failed on irg 'r_func_96'
	 :: interestingness test failed on irg 'r_func_75'
	 :: interestingness test failed on irg 'r_func_55'
	 :: interestingness test failed on irg 'r_func_60'
	 :: interestingness test failed on irg 'r_func_29'
	 :: interestingness test failed on irg 'r_func_7'
	 :: interestingness test failed on irg 'r_func_5'
	 :: interestingness test failed on irg 'r_func_12'
	 :: interestingness test failed on irg 'r_func_29'
	 :: interestingness test failed on irg 'r_func_5'
	 :: interestingness test failed on irg 'r_func_13'
	 :: interestingness test failed on irg 'r_func_55'
	 :: interestingness test failed on irg 'r_func_8'
	 :: interestingness test failed on irg 'r_func_1'
	 :: interestingness test failed on irg 'r_func_52'
	 :: interestingness test failed on irg 'r_func_7'
	 :: interestingness test failed on irg 'r_func_75'
	 :: interestingness test failed on irg 'r_func_70'
	 :: interestingness test failed on irg 'r_func_12'
	 :: interestingness test failed on irg 'r_func_9'
	 :: interestingness test failed on irg 'r_func_53'
	 :: interestingness test failed on irg 'r_func_51'
	 :: interestingness test failed on irg 'r_func_39'
	 :: interestingness test failed on irg 'r_func_28'
	 :: interestingness test failed on irg 'r_func_53'
	 :: interestingness test failed on irg 'r_func_8'
	 :: interestingness test failed on irg 'r_func_24'
	 :: interestingness test failed on irg 'r_func_50'
	 :: interestingness test failed on irg 'r_func_42'
	 :: interestingness test failed on irg 'r_func_38'
	 :: interestingness test failed on irg 'r_func_5'
	 :: interestingness test failed on irg 'r_func_72'
	 :: interestingness test failed on irg 'r_func_38'
	 :: interestingness test failed on irg 'r_func_8'
	 :: interestingness test failed on irg 'r_func_9'
	 :: interestingness test failed on irg 'r_func_12'
	 :: interestingness test failed on irg 'r_func_53'
	 :: interestingness test failed on irg 'r_func_96'
	 :: interestingness test failed on irg 'r_func_12'
	 :: interestingness test failed on irg 'r_func_25'
	 :: interestingness test failed on irg 'r_func_42'
	 :: interestingness test failed on irg 'r_func_52'
	 :: interestingness test failed on irg 'r_func_25'
	 :: interestingness test failed on irg 'r_func_8'
	 :: interestingness test failed on irg 'r_func_7'
	 :: interestingness test failed on irg 'r_func_3'
	 :: interestingness test failed on irg 'r_func_3'
	 :: interestingness test failed on irg 'r_func_72'
	 :: interestingness test failed on irg 'r_func_3'
	 :: interestingness test failed on irg 'r_func_53'
	 :: interestingness test failed on irg 'r_func_38'
	 :: interestingness test failed on irg 'r_func_96'
	 :: interestingness test failed on irg 'r_func_42'
	 :: interestingness test failed on irg 'r_func_64'
	 :: interestingness test failed on irg 'r_func_7'
	 :: interestingness test failed on irg 'r_func_53'
	 :: interestingness test failed on irg 'r_func_51'
	 :: interestingness test failed on irg 'r_func_65'
	 :: interestingness test failed on irg 'r_func_9'
	 :: interestingness test failed on irg 'r_func_72'
	 :: interestingness test failed on irg 'r_func_64'
	 :: interestingness test failed on irg 'r_func_5'
	 :: interestingness test failed on irg 'r_func_5'
	 :: interestingness test failed on irg 'r_func_65'
	 :: interestingness test failed on irg 'r_func_65'
	 :: interestingness test failed on irg 'r_func_3'
	 :: interestingness test failed on irg 'r_func_72'
	 :: interestingness test failed on irg 'r_func_3'
	 :: interestingness test failed on irg 'r_func_43'
	 :: interestingness test failed on irg 'r_func_65'
	 :: interestingness test failed on irg 'r_func_72'
	 :: interestingness test failed on irg 'r_func_75'
	 :: interestingness test failed on irg 'r_func_96'
	 :: interestingness test failed on irg 'r_func_96'
	 :: interestingness test failed on irg 'r_func_50'
	 :: interestingness test failed on irg 'r_func_72'
	 :: interestingness test failed on irg 'r_func_43'
	 :: interestingness test failed on irg 'r_func_50'
	 :: interestingness test failed on irg 'r_func_75'
	 :: interestingness test failed on irg 'r_func_3'
	 :: interestingness test failed on irg 'r_func_96'
	 :: interestingness test failed on irg 'r_func_5'
	 :: interestingness test failed on irg 'r_func_75'
	 :: interestingness test failed on irg 'r_func_75'
	 :: interestingness test failed on irg 'r_func_5'
	 :: interestingness test failed on irg 'r_func_75'
	 :: interestingness test failed on irg 'r_func_9'
	 :: interestingness test failed on irg 'r_func_75'
	 :: interestingness test failed on irg 'r_func_9'
	 :: interestingness test failed on irg 'r_func_5'
	 :: interestingness test failed on irg 'r_func_5'
	 :: interestingness test failed on irg 'r_func_96'
	 :: interestingness test failed on irg 'r_func_75'
	 :: interestingness test failed on irg 'r_func_5' -- Successful
	# of nodes: 			99
	# of irgs: 				6
	# of cf manipulations: 	13
	# of memory operations: 15
	# of types: 			2741



Using pass: pass_simplify_consts -- No improvement
	# of nodes: 			99
	# of irgs: 				6
	# of cf manipulations: 	13
	# of memory operations: 15
	# of types: 			2741



Using pass: pass_libfirm_opt_tail_rec -- No improvement
	# of nodes: 			99
	# of irgs: 				6
	# of cf manipulations: 	13
	# of memory operations: 15
	# of types: 			2741



Using pass: pass_replace_mux_selectors -- No improvement
	# of nodes: 			99
	# of irgs: 				6
	# of cf manipulations: 	13
	# of memory operations: 15
	# of types: 			2741



Using pass: pass_libfirm_occult_consts -- No improvement
	# of nodes: 			99
	# of irgs: 				6
	# of cf manipulations: 	13
	# of memory operations: 15
	# of types: 			2741



Using pass: pass_gc_irgs_primitive
	 :: interestingness test failed on irg 'r_func_5'
	 :: interestingness test failed on irg 'r_func_96'
	 :: interestingness test failed on irg 'r_func_75' -- No improvement
	# of nodes: 			99
	# of irgs: 				6
	# of cf manipulations: 	13
	# of memory operations: 15
	# of types: 			2741



Using pass: pass_gc_irgs_primitive
	 :: interestingness test failed on irg 'r_func_50'
	 :: interestingness test failed on irg 'r_func_9' -- No improvement
	# of nodes: 			99
	# of irgs: 				6
	# of cf manipulations: 	13
	# of memory operations: 15
	# of types: 			2741



Using pass: pass_simplify_consts -- No improvement
	# of nodes: 			99
	# of irgs: 				6
	# of cf manipulations: 	13
	# of memory operations: 15
	# of types: 			2741



Using pass: pass_gc_entitites -- No improvement
	# of nodes: 			99
	# of irgs: 				6
	# of cf manipulations: 	13
	# of memory operations: 15
	# of types: 			2741



Using pass: pass_libfirm_opt_jumpthreading -- No improvement
	# of nodes: 			99
	# of irgs: 				6
	# of cf manipulations: 	13
	# of memory operations: 15
	# of types: 			2741



Using pass: pass_libfirm_construct_confirms -- No improvement
	# of nodes: 			99
	# of irgs: 				6
	# of cf manipulations: 	13
	# of memory operations: 15
	# of types: 			2741



Using pass: pass_libfirm_remove_tuples -- No improvement
	# of nodes: 			99
	# of irgs: 				6
	# of cf manipulations: 	13
	# of memory operations: 15
	# of types: 			2741



Using pass: pass_libfirm_opt_jumpthreading -- No improvement
	# of nodes: 			99
	# of irgs: 				6
	# of cf manipulations: 	13
	# of memory operations: 15
	# of types: 			2741



Using pass: pass_replace_members -- No improvement
	# of nodes: 			99
	# of irgs: 				6
	# of cf manipulations: 	13
	# of memory operations: 15
	# of types: 			2741



Using pass: pass_libfirm_remove_critical_cf_edges -- No improvement
	# of nodes: 			99
	# of irgs: 				6
	# of cf manipulations: 	13
	# of memory operations: 15
	# of types: 			2741



Using pass: pass_libfirm_do_loop_peeling
	 :: Pass failed on irg 'r_func_96'
	 :: Pass failed on irg 'r_func_96'
	 :: Pass failed on irg 'r_func_96'
	 :: Pass failed on irg 'r_func_96' -- No improvement
	# of nodes: 			99
	# of irgs: 				6
	# of cf manipulations: 	13
	# of memory operations: 15
	# of types: 			2741



Using pass: pass_libfirm_optimize_cf -- No improvement
	# of nodes: 			99
	# of irgs: 				6
	# of cf manipulations: 	13
	# of memory operations: 15
	# of types: 			2741



Using pass: pass_replace_proj_primitive -- No improvement
	# of nodes: 			99
	# of irgs: 				6
	# of cf manipulations: 	13
	# of memory operations: 15
	# of types: 			2741



Using pass: pass_libfirm_opt_tail_rec -- No improvement
	# of nodes: 			99
	# of irgs: 				6
	# of cf manipulations: 	13
	# of memory operations: 15
	# of types: 			2741



Using pass: pass_check_validity -- No improvement
	# of nodes: 			99
	# of irgs: 				6
	# of cf manipulations: 	13
	# of memory operations: 15
	# of types: 			2741



Using pass: pass_libfirm_do_loop_peeling
	 :: Pass failed on irg 'r_func_96' -- No improvement
	# of nodes: 			99
	# of irgs: 				6
	# of cf manipulations: 	13
	# of memory operations: 15
	# of types: 			2741



Using pass: pass_libfirm_scalar_replacement_opt -- No improvement
	# of nodes: 			99
	# of irgs: 				6
	# of cf manipulations: 	13
	# of memory operations: 15
	# of types: 			2741



Using pass: pass_libfirm_optimize_cf -- No improvement
	# of nodes: 			99
	# of irgs: 				6
	# of cf manipulations: 	13
	# of memory operations: 15
	# of types: 			2741



Using pass: pass_libfirm_optimize_reassociation -- No improvement
	# of nodes: 			99
	# of irgs: 				6
	# of cf manipulations: 	13
	# of memory operations: 15
	# of types: 			2741



Using pass: pass_replace_members -- No improvement
	# of nodes: 			99
	# of irgs: 				6
	# of cf manipulations: 	13
	# of memory operations: 15
	# of types: 			2741



Using pass: pass_libfirm_do_loop_peeling
	 :: Pass failed on irg 'r_func_96' -- No improvement
	# of nodes: 			99
	# of irgs: 				6
	# of cf manipulations: 	13
	# of memory operations: 15
	# of types: 			2741



Using pass: pass_libfirm_remove_tuples -- No improvement
	# of nodes: 			99
	# of irgs: 				6
	# of cf manipulations: 	13
	# of memory operations: 15
	# of types: 			2741



Using pass: pass_libfirm_optimize_graph_df -- No improvement
	# of nodes: 			99
	# of irgs: 				6
	# of cf manipulations: 	13
	# of memory operations: 15
	# of types: 			2741



Using pass: pass_libfirm_opt_ldst
	 :: Pass failed on irg 'r_func_9'
	 :: Pass failed on irg 'r_func_5'
	 :: Pass failed on irg 'r_func_75'
	 :: Pass failed on irg 'r_func_96'
	 :: Pass failed on irg 'r_func_96'
	 :: Pass failed on irg 'main' -- No improvement
	# of nodes: 			99
	# of irgs: 				6
	# of cf manipulations: 	13
	# of memory operations: 15
	# of types: 			2741



Using pass: pass_libfirm_scalar_replacement_opt -- No improvement
	# of nodes: 			99
	# of irgs: 				6
	# of cf manipulations: 	13
	# of memory operations: 15
	# of types: 			2741



Using pass: pass_libfirm_opt_funccalls -- No improvement
	# of nodes: 			99
	# of irgs: 				6
	# of cf manipulations: 	13
	# of memory operations: 15
	# of types: 			2741



Using pass: pass_libfirm_optimize_reassociation -- No improvement
	# of nodes: 			99
	# of irgs: 				6
	# of cf manipulations: 	13
	# of memory operations: 15
	# of types: 			2741



Using pass: pass_libfirm_conv_opt -- No improvement
	# of nodes: 			99
	# of irgs: 				6
	# of cf manipulations: 	13
	# of memory operations: 15
	# of types: 			2741



Using pass: pass_libfirm_scalar_replacement_opt -- No improvement
	# of nodes: 			99
	# of irgs: 				6
	# of cf manipulations: 	13
	# of memory operations: 15
	# of types: 			2741



Using pass: pass_replace_loads
	 :: Pass failed on irg 'r_func_50'
	 :: Pass failed on irg 'r_func_9'
	 :: Pass failed on irg 'r_func_9'
	 :: Pass failed on irg 'r_func_50' -- No improvement
	# of nodes: 			99
	# of irgs: 				6
	# of cf manipulations: 	13
	# of memory operations: 15
	# of types: 			2741



Using pass: pass_replace_arithmetic -- No improvement
	# of nodes: 			99
	# of irgs: 				6
	# of cf manipulations: 	13
	# of memory operations: 15
	# of types: 			2741



Using pass: pass_libfirm_conv_opt -- No improvement
	# of nodes: 			99
	# of irgs: 				6
	# of cf manipulations: 	13
	# of memory operations: 15
	# of types: 			2741



Using pass: pass_libfirm_opt_if_conv -- No improvement
	# of nodes: 			99
	# of irgs: 				6
	# of cf manipulations: 	13
	# of memory operations: 15
	# of types: 			2741



Using pass: pass_libfirm_remove_critical_cf_edges -- No improvement
	# of nodes: 			99
	# of irgs: 				6
	# of cf manipulations: 	13
	# of memory operations: 15
	# of types: 			2741



Using pass: pass_replace_loads
	 :: Pass failed on irg 'r_func_9'
	 :: Pass failed on irg 'r_func_9'
	 :: Pass failed on irg 'r_func_50'
	 :: Pass failed on irg 'r_func_50'
	 :: Pass failed on irg 'r_func_9' -- No improvement
	# of nodes: 			99
	# of irgs: 				6
	# of cf manipulations: 	13
	# of memory operations: 15
	# of types: 			2741



Using pass: pass_libfirm_do_loop_peeling
	 :: Pass failed on irg 'r_func_96'
	 :: Pass failed on irg 'r_func_96' -- No improvement
	# of nodes: 			99
	# of irgs: 				6
	# of cf manipulations: 	13
	# of memory operations: 15
	# of types: 			2741



Using pass: pass_libfirm_remove_critical_cf_edges -- No improvement
	# of nodes: 			99
	# of irgs: 				6
	# of cf manipulations: 	13
	# of memory operations: 15
	# of types: 			2741



Using pass: pass_libfirm_combo -- No improvement
	# of nodes: 			99
	# of irgs: 				6
	# of cf manipulations: 	13
	# of memory operations: 15
	# of types: 			2741



Using pass: pass_libfirm_remove_bads -- No improvement
	# of nodes: 			99
	# of irgs: 				6
	# of cf manipulations: 	13
	# of memory operations: 15
	# of types: 			2741



Using pass: pass_replace_mux_selectors -- No improvement
	# of nodes: 			99
	# of irgs: 				6
	# of cf manipulations: 	13
	# of memory operations: 15
	# of types: 			2741



Using pass: pass_libfirm_do_loop_inversion -- No improvement
	# of nodes: 			99
	# of irgs: 				6
	# of cf manipulations: 	13
	# of memory operations: 15
	# of types: 			2741



Using pass: pass_libfirm_optimize_reassociation -- No improvement
	# of nodes: 			99
	# of irgs: 				6
	# of cf manipulations: 	13
	# of memory operations: 15
	# of types: 			2741



Using pass: pass_check_validity -- No improvement
	# of nodes: 			99
	# of irgs: 				6
	# of cf manipulations: 	13
	# of memory operations: 15
	# of types: 			2741



Using pass: pass_libfirm_optimize_reassociation -- No improvement
	# of nodes: 			99
	# of irgs: 				6
	# of cf manipulations: 	13
	# of memory operations: 15
	# of types: 			2741



Using pass: pass_replace_arithmetic -- No improvement
	# of nodes: 			99
	# of irgs: 				6
	# of cf manipulations: 	13
	# of memory operations: 15
	# of types: 			2741




 :: 2nd reduction cycle

Using pass: pass_libfirm_occult_consts -- Trying irg 'r_func_40' -- No improvement
Using pass: pass_libfirm_occult_consts -- Trying irg 'r_func_13' -- No improvement
Using pass: pass_libfirm_occult_consts -- Trying irg 'r_func_15' -- No improvement
Using pass: pass_libfirm_occult_consts -- Trying irg 'r_func_40' -- No improvement
Using pass: pass_libfirm_occult_consts -- Trying irg 'r_func_47' -- No improvement
Using pass: pass_libfirm_occult_consts -- Trying irg 'r_func_15' -- No improvement
Using pass: pass_libfirm_occult_consts -- Trying irg 'r_func_15' -- No improvement
Using pass: pass_libfirm_occult_consts -- Trying irg 'r_func_25' -- No improvement
Using pass: pass_libfirm_occult_consts -- Trying irg 'r_func_25' -- No improvement
Using pass: pass_libfirm_occult_consts -- Trying irg 'r_func_30' -- No improvement
Using pass: pass_libfirm_occult_consts -- Trying irg 'r_func_15' -- No improvement
Using pass: pass_libfirm_occult_consts -- Trying irg 'r_func_40' -- No improvement
Using pass: pass_libfirm_occult_consts -- Trying irg 'r_func_25' -- No improvement
Using pass: pass_libfirm_occult_consts -- Trying irg 'r_func_19' -- No improvement
Using pass: pass_libfirm_occult_consts -- Trying irg 'r_func_15' -- No improvement
Using pass: pass_libfirm_occult_consts -- Trying irg 'r_func_47' -- No improvement
Using pass: pass_libfirm_occult_consts -- Trying irg 'r_func_47' -- No improvement
Using pass: pass_libfirm_occult_consts -- Trying irg 'r_func_15' -- No improvement
Using pass: pass_libfirm_occult_consts -- Trying irg 'r_func_13' -- No improvement
Using pass: pass_libfirm_occult_consts -- Trying irg 'r_func_19' -- No improvement
Using pass: pass_libfirm_occult_consts -- Trying irg 'r_func_82' -- No improvement
Using pass: pass_libfirm_occult_consts -- Trying irg 'r_func_19' -- No improvement
Using pass: pass_libfirm_occult_consts -- Trying irg 'r_func_19' -- No improvement
Using pass: pass_libfirm_occult_consts -- Trying irg 'r_func_15' -- No improvement
Using pass: pass_libfirm_occult_consts -- Trying irg 'r_func_40' -- No improvement
Using pass: pass_libfirm_occult_consts -- Trying irg 'r_func_30' -- No improvement
Using pass: pass_libfirm_occult_consts -- Trying irg 'r_func_19' -- No improvement
Using pass: pass_libfirm_occult_consts -- Trying irg 'r_func_30' -- No improvement
Using pass: pass_libfirm_occult_consts -- Trying irg 'r_func_48' -- No improvement
Using pass: pass_libfirm_occult_consts -- Trying irg 'r_func_47' -- No improvement
Using pass: pass_libfirm_occult_consts -- Trying irg 'r_func_25' -- No improvement
Using pass: pass_libfirm_occult_consts -- Trying irg 'r_func_47' -- No improvement
Using pass: pass_libfirm_occult_consts -- Trying irg 'r_func_82' -- No improvement
Using pass: pass_libfirm_occult_consts -- Trying irg 'r_func_82' -- No improvement
Using pass: pass_libfirm_occult_consts -- Trying irg 'r_func_66' -- No improvement
Using pass: pass_libfirm_occult_consts -- Trying irg 'r_func_25' -- No improvement
Using pass: pass_libfirm_occult_consts -- Trying irg 'r_func_15' -- No improvement
Using pass: pass_libfirm_occult_consts -- Trying irg 'r_func_15' -- No improvement
Using pass: pass_libfirm_occult_consts -- Trying irg 'r_func_13' -- No improvement
Using pass: pass_libfirm_occult_consts -- Trying irg 'r_func_15' -- No improvement
Using pass: pass_libfirm_occult_consts -- Trying irg 'r_func_48' -- No improvement
Using pass: pass_libfirm_occult_consts -- Trying irg 'r_func_40' -- No improvement
Using pass: pass_libfirm_occult_consts -- Trying irg 'r_func_25' -- No improvement
Using pass: pass_libfirm_occult_consts -- Trying irg 'r_func_15' -- No improvement
Using pass: pass_gc_irgs_primitive -- Trying irg 'r_func_54' -- No improvement
Using pass: pass_gc_irgs_primitive -- Trying irg 'r_func_45' -- No improvement
Using pass: pass_gc_irgs_primitive -- Trying irg 'r_func_28' -- No improvement
Using pass: pass_gc_irgs_primitive -- Trying irg 'r_func_22' -- No improvement
Using pass: pass_gc_irgs_primitive -- Trying irg 'r_func_46' -- No improvement
Using pass: pass_gc_irgs_primitive -- Trying irg 'r_func_54' -- No improvement
Using pass: pass_gc_irgs_primitive -- Trying irg 'r_func_22' -- No improvement
Using pass: pass_gc_irgs_primitive -- Trying irg 'r_func_73' -- No improvement
Using pass: pass_gc_irgs_primitive -- Trying irg 'r_func_76' -- No improvement
Using pass: pass_gc_irgs_primitive -- Trying irg 'r_func_21' -- No improvement
Using pass: pass_gc_irgs_primitive -- Trying irg 'r_func_12' -- No improvement
Using pass: pass_gc_irgs_primitive -- Trying irg 'r_func_52' -- No improvement
Using pass: pass_gc_irgs_primitive -- Trying irg 'r_func_55' -- No improvement
Using pass: pass_gc_irgs_primitive -- Trying irg 'r_func_52' -- No improvement
Using pass: pass_gc_irgs_primitive -- Trying irg 'r_func_24' -- No improvement
Using pass: pass_gc_irgs_primitive -- Trying irg 'r_func_22' -- No improvement
Using pass: pass_gc_irgs_primitive -- Trying irg 'r_func_80' -- No improvement
Using pass: pass_gc_irgs_primitive -- Trying irg 'r_func_77' -- No improvement
Using pass: pass_gc_irgs_primitive -- Trying irg 'r_func_46' -- No improvement
Using pass: pass_gc_irgs_primitive -- Trying irg 'r_func_4' -- No improvement
Using pass: pass_gc_irgs_primitive -- Trying irg 'r_func_54' -- No improvement
Using pass: pass_gc_irgs_primitive -- Trying irg 'r_func_65' -- No improvement
Using pass: pass_gc_irgs_primitive -- Trying irg 'r_func_75' -- No improvement
Using pass: pass_gc_irgs_primitive -- Trying irg 'r_func_8' -- No improvement
Using pass: pass_gc_irgs_primitive -- Trying irg 'r_func_60' -- No improvement
Using pass: pass_gc_irgs_primitive -- Trying irg 'r_func_60' -- No improvement
Using pass: pass_gc_irgs_primitive -- Trying irg 'r_func_50' -- No improvement
Using pass: pass_gc_irgs_primitive -- Trying irg 'r_func_9' -- No improvement
Using pass: pass_gc_irgs_primitive -- Trying irg 'r_func_4' -- No improvement
Using pass: pass_gc_irgs_primitive -- Trying irg 'r_func_3' -- No improvement
Using pass: pass_gc_irgs_primitive -- Trying irg 'r_func_50' -- No improvement
Using pass: pass_gc_irgs_primitive -- Trying irg 'r_func_7' -- No improvement
Using pass: pass_gc_irgs_primitive -- Trying irg 'r_func_9' -- No improvement
Using pass: pass_gc_irgs_primitive -- Trying irg 'r_func_28' -- No improvement
Using pass: pass_gc_irgs_primitive -- Trying irg 'r_func_42' -- No improvement
Using pass: pass_gc_irgs_primitive -- Trying irg 'r_func_61' -- No improvement
Using pass: pass_gc_irgs_primitive -- Trying irg 'r_func_1' -- No improvement
Using pass: pass_gc_irgs_primitive -- Trying irg 'r_func_4' -- No improvement
Using pass: pass_gc_irgs_primitive -- Trying irg 'r_func_24' -- No improvement
Using pass: pass_gc_irgs_primitive -- Trying irg 'r_func_61' -- No improvement
Using pass: pass_gc_irgs_primitive -- Trying irg 'r_func_75' -- No improvement
Using pass: pass_gc_irgs_primitive -- Trying irg 'r_func_22' -- No improvement
Using pass: pass_gc_irgs_primitive -- Trying irg 'r_func_5' -- No improvement
Using pass: pass_gc_irgs_primitive -- Trying irg 'r_func_70' -- No improvement
Using pass: pass_gc_irgs_primitive -- Trying irg 'r_func_77' -- No improvement
Using pass: pass_gc_irgs_primitive -- Trying irg 'r_func_11' -- No improvement
Using pass: pass_gc_irgs_primitive -- Trying irg 'r_func_1' -- No improvement
Using pass: pass_gc_irgs_primitive -- Trying irg 'r_func_77' -- No improvement
Using pass: pass_gc_irgs_primitive -- Trying irg 'r_func_21' -- No improvement
Using pass: pass_gc_irgs_primitive -- Trying irg 'r_func_43' -- No improvement
Using pass: pass_gc_irgs_primitive -- Trying irg 'r_func_75' -- No improvement
Using pass: pass_gc_irgs_primitive -- Trying irg 'r_func_21' -- No improvement
Using pass: pass_gc_irgs_primitive -- Trying irg 'r_func_50' -- No improvement
Using pass: pass_gc_irgs_primitive -- Trying irg 'r_func_44' -- No improvement
Using pass: pass_gc_irgs_primitive -- Trying irg 'r_func_64' -- No improvement
Using pass: pass_gc_irgs_primitive -- Trying irg 'r_func_29' -- No improvement
Using pass: pass_gc_irgs_primitive -- Trying irg 'r_func_96' -- No improvement
Using pass: pass_gc_irgs_primitive -- Trying irg 'r_func_42' -- No improvement
Using pass: pass_gc_irgs_primitive -- Trying irg 'r_func_46' -- No improvement
Using pass: pass_gc_irgs_primitive -- Trying irg 'r_func_55' -- No improvement
Using pass: pass_gc_irgs_primitive -- Trying irg 'r_func_61' -- No improvement
Using pass: pass_gc_irgs_primitive -- Trying irg 'r_func_75' -- No improvement
Using pass: pass_gc_irgs_primitive -- Trying irg 'r_func_43' -- No improvement
Using pass: pass_gc_irgs_primitive -- Trying irg 'r_func_46' -- No improvement
Using pass: pass_gc_irgs_primitive -- Trying irg 'r_func_21' -- No improvement
Using pass: pass_gc_irgs_primitive -- Trying irg 'r_func_3' -- No improvement
Using pass: pass_gc_irgs_primitive -- Trying irg 'r_func_9' -- No improvement
Using pass: pass_gc_irgs_primitive -- Trying irg 'r_func_29' -- No improvement
Using pass: pass_gc_irgs_primitive -- Trying irg 'r_func_29' -- No improvement
Using pass: pass_gc_irgs_primitive -- Trying irg 'r_func_52' -- No improvement
Using pass: pass_gc_irgs_primitive -- Trying irg 'r_func_58' -- No improvement
Using pass: pass_gc_irgs_primitive -- Trying irg 'r_func_42' -- No improvement
Using pass: pass_gc_irgs_primitive -- Trying irg 'r_func_12' -- No improvement
Using pass: pass_gc_irgs_primitive -- Trying irg 'r_func_54' -- No improvement
Using pass: pass_gc_irgs_primitive -- Trying irg 'r_func_1' -- No improvement
Using pass: pass_gc_irgs_primitive -- Trying irg 'r_func_39' -- No improvement
Using pass: pass_gc_irgs_primitive -- Trying irg 'r_func_1' -- No improvement
Using pass: pass_gc_irgs_primitive -- Trying irg 'r_func_21' -- No improvement
Using pass: pass_gc_irgs_primitive -- Trying irg 'r_func_9' -- No improvement
Using pass: pass_gc_irgs_primitive -- Trying irg 'r_func_65' -- No improvement
Using pass: pass_gc_irgs_primitive -- Trying irg 'r_func_44' -- No improvement
Using pass: pass_gc_irgs_primitive -- Trying irg 'r_func_75' -- No improvement
Using pass: pass_gc_irgs_primitive -- Trying irg 'r_func_25' -- No improvement
Using pass: pass_gc_irgs_primitive -- Trying irg 'r_func_96' -- No improvement
Using pass: pass_gc_irgs_primitive -- Trying irg 'r_func_75' -- No improvement
Using pass: pass_gc_irgs_primitive -- Trying irg 'r_func_55' -- No improvement
Using pass: pass_gc_irgs_primitive -- Trying irg 'r_func_60' -- No improvement
Using pass: pass_gc_irgs_primitive -- Trying irg 'r_func_29' -- No improvement
Using pass: pass_gc_irgs_primitive -- Trying irg 'r_func_7' -- No improvement
Using pass: pass_gc_irgs_primitive -- Trying irg 'r_func_5' -- No improvement
Using pass: pass_gc_irgs_primitive -- Trying irg 'r_func_12' -- No improvement
Using pass: pass_gc_irgs_primitive -- Trying irg 'r_func_29' -- No improvement
Using pass: pass_gc_irgs_primitive -- Trying irg 'r_func_5' -- No improvement
Using pass: pass_gc_irgs_primitive -- Trying irg 'r_func_13' -- No improvement
Using pass: pass_gc_irgs_primitive -- Trying irg 'r_func_55' -- No improvement
Using pass: pass_gc_irgs_primitive -- Trying irg 'r_func_8' -- No improvement
Using pass: pass_gc_irgs_primitive -- Trying irg 'r_func_1' -- No improvement
Using pass: pass_gc_irgs_primitive -- Trying irg 'r_func_52' -- No improvement
Using pass: pass_gc_irgs_primitive -- Trying irg 'r_func_7' -- No improvement
Using pass: pass_gc_irgs_primitive -- Trying irg 'r_func_75' -- No improvement
Using pass: pass_gc_irgs_primitive -- Trying irg 'r_func_70' -- No improvement
Using pass: pass_gc_irgs_primitive -- Trying irg 'r_func_12' -- No improvement
Using pass: pass_gc_irgs_primitive -- Trying irg 'r_func_9' -- No improvement
Using pass: pass_gc_irgs_primitive -- Trying irg 'r_func_53' -- No improvement
Using pass: pass_gc_irgs_primitive -- Trying irg 'r_func_51' -- No improvement
Using pass: pass_gc_irgs_primitive -- Trying irg 'r_func_39' -- No improvement
Using pass: pass_gc_irgs_primitive -- Trying irg 'r_func_28' -- No improvement
Using pass: pass_gc_irgs_primitive -- Trying irg 'r_func_53' -- No improvement
Using pass: pass_gc_irgs_primitive -- Trying irg 'r_func_8' -- No improvement
Using pass: pass_gc_irgs_primitive -- Trying irg 'r_func_24' -- No improvement
Using pass: pass_gc_irgs_primitive -- Trying irg 'r_func_50' -- No improvement
Using pass: pass_gc_irgs_primitive -- Trying irg 'r_func_42' -- No improvement
Using pass: pass_gc_irgs_primitive -- Trying irg 'r_func_38' -- No improvement
Using pass: pass_gc_irgs_primitive -- Trying irg 'r_func_5' -- No improvement
Using pass: pass_gc_irgs_primitive -- Trying irg 'r_func_72' -- No improvement
Using pass: pass_gc_irgs_primitive -- Trying irg 'r_func_38' -- No improvement
Using pass: pass_gc_irgs_primitive -- Trying irg 'r_func_8' -- No improvement
Using pass: pass_gc_irgs_primitive -- Trying irg 'r_func_9' -- No improvement
Using pass: pass_gc_irgs_primitive -- Trying irg 'r_func_12' -- No improvement
Using pass: pass_gc_irgs_primitive -- Trying irg 'r_func_53' -- No improvement
Using pass: pass_gc_irgs_primitive -- Trying irg 'r_func_96' -- No improvement
Using pass: pass_gc_irgs_primitive -- Trying irg 'r_func_12' -- No improvement
Using pass: pass_gc_irgs_primitive -- Trying irg 'r_func_25' -- No improvement
Using pass: pass_gc_irgs_primitive -- Trying irg 'r_func_42' -- No improvement
Using pass: pass_gc_irgs_primitive -- Trying irg 'r_func_52' -- No improvement
Using pass: pass_gc_irgs_primitive -- Trying irg 'r_func_25' -- No improvement
Using pass: pass_gc_irgs_primitive -- Trying irg 'r_func_8' -- No improvement
Using pass: pass_gc_irgs_primitive -- Trying irg 'r_func_7' -- No improvement
Using pass: pass_gc_irgs_primitive -- Trying irg 'r_func_3' -- No improvement
Using pass: pass_gc_irgs_primitive -- Trying irg 'r_func_3' -- No improvement
Using pass: pass_gc_irgs_primitive -- Trying irg 'r_func_72' -- No improvement
Using pass: pass_gc_irgs_primitive -- Trying irg 'r_func_3' -- No improvement
Using pass: pass_gc_irgs_primitive -- Trying irg 'r_func_53' -- No improvement
Using pass: pass_gc_irgs_primitive -- Trying irg 'r_func_38' -- No improvement
Using pass: pass_gc_irgs_primitive -- Trying irg 'r_func_96' -- No improvement
Using pass: pass_gc_irgs_primitive -- Trying irg 'r_func_42' -- No improvement
Using pass: pass_gc_irgs_primitive -- Trying irg 'r_func_64' -- No improvement
Using pass: pass_gc_irgs_primitive -- Trying irg 'r_func_7' -- No improvement
Using pass: pass_gc_irgs_primitive -- Trying irg 'r_func_53' -- No improvement
Using pass: pass_gc_irgs_primitive -- Trying irg 'r_func_51' -- No improvement
Using pass: pass_gc_irgs_primitive -- Trying irg 'r_func_65' -- No improvement
Using pass: pass_gc_irgs_primitive -- Trying irg 'r_func_9' -- No improvement
Using pass: pass_gc_irgs_primitive -- Trying irg 'r_func_72' -- No improvement
Using pass: pass_gc_irgs_primitive -- Trying irg 'r_func_64' -- No improvement
Using pass: pass_gc_irgs_primitive -- Trying irg 'r_func_5' -- No improvement
Using pass: pass_gc_irgs_primitive -- Trying irg 'r_func_5' -- No improvement
Using pass: pass_gc_irgs_primitive -- Trying irg 'r_func_65' -- No improvement
Using pass: pass_gc_irgs_primitive -- Trying irg 'r_func_65' -- No improvement
Using pass: pass_gc_irgs_primitive -- Trying irg 'r_func_3' -- No improvement
Using pass: pass_gc_irgs_primitive -- Trying irg 'r_func_72' -- No improvement
Using pass: pass_gc_irgs_primitive -- Trying irg 'r_func_3' -- No improvement
Using pass: pass_gc_irgs_primitive -- Trying irg 'r_func_43' -- No improvement
Using pass: pass_gc_irgs_primitive -- Trying irg 'r_func_65' -- No improvement
Using pass: pass_gc_irgs_primitive -- Trying irg 'r_func_72' -- No improvement
Using pass: pass_gc_irgs_primitive -- Trying irg 'r_func_75' -- No improvement
Using pass: pass_gc_irgs_primitive -- Trying irg 'r_func_96' -- No improvement
Using pass: pass_gc_irgs_primitive -- Trying irg 'r_func_96' -- No improvement
Using pass: pass_gc_irgs_primitive -- Trying irg 'r_func_50' -- No improvement
Using pass: pass_gc_irgs_primitive -- Trying irg 'r_func_72' -- No improvement
Using pass: pass_gc_irgs_primitive -- Trying irg 'r_func_43' -- No improvement
Using pass: pass_gc_irgs_primitive -- Trying irg 'r_func_50' -- No improvement
Using pass: pass_gc_irgs_primitive -- Trying irg 'r_func_75' -- No improvement
Using pass: pass_gc_irgs_primitive -- Trying irg 'r_func_3' -- No improvement
Using pass: pass_gc_irgs_primitive -- Trying irg 'r_func_96' -- No improvement
Using pass: pass_gc_irgs_primitive -- Trying irg 'r_func_5' -- No improvement
Using pass: pass_gc_irgs_primitive -- Trying irg 'r_func_75' -- No improvement
Using pass: pass_gc_irgs_primitive -- Trying irg 'r_func_75' -- No improvement
Using pass: pass_gc_irgs_primitive -- Trying irg 'r_func_5' -- No improvement
Using pass: pass_gc_irgs_primitive -- Trying irg 'r_func_75' -- No improvement
Using pass: pass_gc_irgs_primitive -- Trying irg 'r_func_9' -- No improvement
Using pass: pass_gc_irgs_primitive -- Trying irg 'r_func_75' -- No improvement
Using pass: pass_gc_irgs_primitive -- Trying irg 'r_func_9' -- No improvement
Using pass: pass_gc_irgs_primitive -- Trying irg 'r_func_5' -- No improvement
Using pass: pass_gc_irgs_primitive -- Trying irg 'r_func_5' -- No improvement
Using pass: pass_gc_irgs_primitive -- Trying irg 'r_func_96' -- No improvement
Using pass: pass_gc_irgs_primitive -- Trying irg 'r_func_75' -- No improvement
Using pass: pass_gc_irgs_primitive -- Trying irg 'r_func_5' -- No improvement
Using pass: pass_gc_irgs_primitive -- Trying irg 'r_func_5' -- No improvement
Using pass: pass_gc_irgs_primitive -- Trying irg 'r_func_96' -- No improvement
Using pass: pass_gc_irgs_primitive -- Trying irg 'r_func_75' -- No improvement
Using pass: pass_gc_irgs_primitive -- Trying irg 'r_func_50' -- No improvement
Using pass: pass_gc_irgs_primitive -- Trying irg 'r_func_9' -- No improvement

______________________________

No further reduction possible.

Result:
	# of nodes: 			99
	# of irgs: 				6
	# of cf manipulations: 	13
	# of memory operations: 15
	# of types: 			2741

2018-08-24 12:53:46