2018-08-26 16:39:11 -- Firmreduce -- Results

Initial Test-case size:
	# of nodes: 			16
	# of irgs: 				2
	# of cf manipulations: 	5
	# of memory operations: 0
	# of types: 			226


Using pass: pass_replace_switch_selectors -- No improvement
	# of nodes: 			16
	# of irgs: 				2
	# of cf manipulations: 	5
	# of memory operations: 0
	# of types: 			226



Using pass: pass_libfirm_remove_critical_cf_edges -- No improvement
	# of nodes: 			16
	# of irgs: 				2
	# of cf manipulations: 	5
	# of memory operations: 0
	# of types: 			226



Using pass: pass_libfirm_do_loop_unrolling -- No improvement
	# of nodes: 			16
	# of irgs: 				2
	# of cf manipulations: 	5
	# of memory operations: 0
	# of types: 			226



Using pass: pass_libfirm_scalar_replacement_opt -- No improvement
	# of nodes: 			16
	# of irgs: 				2
	# of cf manipulations: 	5
	# of memory operations: 0
	# of types: 			226



Using pass: pass_libfirm_opt_if_conv -- No improvement
	# of nodes: 			16
	# of irgs: 				2
	# of cf manipulations: 	5
	# of memory operations: 0
	# of types: 			226



Using pass: pass_libfirm_opt_tail_rec -- No improvement
	# of nodes: 			16
	# of irgs: 				2
	# of cf manipulations: 	5
	# of memory operations: 0
	# of types: 			226



Using pass: pass_libfirm_optimize_cf -- No improvement
	# of nodes: 			16
	# of irgs: 				2
	# of cf manipulations: 	5
	# of memory operations: 0
	# of types: 			226



Using pass: pass_libfirm_do_loop_unrolling -- No improvement
	# of nodes: 			16
	# of irgs: 				2
	# of cf manipulations: 	5
	# of memory operations: 0
	# of types: 			226



Using pass: pass_replace_proj_primitive -- No improvement
	# of nodes: 			16
	# of irgs: 				2
	# of cf manipulations: 	5
	# of memory operations: 0
	# of types: 			226



Using pass: pass_replace_proj_primitive -- No improvement
	# of nodes: 			16
	# of irgs: 				2
	# of cf manipulations: 	5
	# of memory operations: 0
	# of types: 			226



Using pass: pass_libfirm_optimize_cf -- No improvement
	# of nodes: 			16
	# of irgs: 				2
	# of cf manipulations: 	5
	# of memory operations: 0
	# of types: 			226



Using pass: pass_libfirm_opt_parallelize_mem -- No improvement
	# of nodes: 			16
	# of irgs: 				2
	# of cf manipulations: 	5
	# of memory operations: 0
	# of types: 			226



Using pass: pass_libfirm_do_loop_peeling
	 :: Pass failed on irg 'r_func_4'
	 :: Pass failed on irg 'r_func_4' -- No improvement
	# of nodes: 			16
	# of irgs: 				2
	# of cf manipulations: 	5
	# of memory operations: 0
	# of types: 			226



Using pass: pass_libfirm_opt_parallelize_mem -- No improvement
	# of nodes: 			16
	# of irgs: 				2
	# of cf manipulations: 	5
	# of memory operations: 0
	# of types: 			226



Using pass: pass_replace_switch_selectors -- No improvement
	# of nodes: 			16
	# of irgs: 				2
	# of cf manipulations: 	5
	# of memory operations: 0
	# of types: 			226



Using pass: pass_replace_switch_selectors -- No improvement
	# of nodes: 			16
	# of irgs: 				2
	# of cf manipulations: 	5
	# of memory operations: 0
	# of types: 			226



Using pass: pass_libfirm_opt_funccalls -- No improvement
	# of nodes: 			16
	# of irgs: 				2
	# of cf manipulations: 	5
	# of memory operations: 0
	# of types: 			226



Using pass: pass_libfirm_gvn_pre -- No improvement
	# of nodes: 			16
	# of irgs: 				2
	# of cf manipulations: 	5
	# of memory operations: 0
	# of types: 			226



Using pass: pass_libfirm_occult_consts -- No improvement
	# of nodes: 			16
	# of irgs: 				2
	# of cf manipulations: 	5
	# of memory operations: 0
	# of types: 			226



Using pass: pass_libfirm_do_loop_peeling
	 :: Pass failed on irg 'r_func_4' -- No improvement
	# of nodes: 			16
	# of irgs: 				2
	# of cf manipulations: 	5
	# of memory operations: 0
	# of types: 			226



Using pass: pass_libfirm_remove_bads -- No improvement
	# of nodes: 			16
	# of irgs: 				2
	# of cf manipulations: 	5
	# of memory operations: 0
	# of types: 			226



Using pass: pass_libfirm_optimize_load_store -- No improvement
	# of nodes: 			16
	# of irgs: 				2
	# of cf manipulations: 	5
	# of memory operations: 0
	# of types: 			226



Using pass: pass_libfirm_remove_tuples -- No improvement
	# of nodes: 			16
	# of irgs: 				2
	# of cf manipulations: 	5
	# of memory operations: 0
	# of types: 			226



Using pass: pass_libfirm_gvn_pre -- No improvement
	# of nodes: 			16
	# of irgs: 				2
	# of cf manipulations: 	5
	# of memory operations: 0
	# of types: 			226



Using pass: pass_gc_entitites -- No improvement
	# of nodes: 			16
	# of irgs: 				2
	# of cf manipulations: 	5
	# of memory operations: 0
	# of types: 			226



Using pass: pass_libfirm_opt_bool -- No improvement
	# of nodes: 			16
	# of irgs: 				2
	# of cf manipulations: 	5
	# of memory operations: 0
	# of types: 			226



Using pass: pass_libfirm_optimize_reassociation -- No improvement
	# of nodes: 			16
	# of irgs: 				2
	# of cf manipulations: 	5
	# of memory operations: 0
	# of types: 			226



Using pass: pass_remove_allocs -- No improvement
	# of nodes: 			16
	# of irgs: 				2
	# of cf manipulations: 	5
	# of memory operations: 0
	# of types: 			226



Using pass: pass_remove_stores -- No improvement
	# of nodes: 			16
	# of irgs: 				2
	# of cf manipulations: 	5
	# of memory operations: 0
	# of types: 			226



Using pass: pass_libfirm_optimize_graph_df -- No improvement
	# of nodes: 			16
	# of irgs: 				2
	# of cf manipulations: 	5
	# of memory operations: 0
	# of types: 			226



Using pass: pass_remove_stores -- No improvement
	# of nodes: 			16
	# of irgs: 				2
	# of cf manipulations: 	5
	# of memory operations: 0
	# of types: 			226



Using pass: pass_libfirm_opt_ldst
	 :: Pass failed on irg 'main'
	 :: Pass failed on irg 'main' -- No improvement
	# of nodes: 			16
	# of irgs: 				2
	# of cf manipulations: 	5
	# of memory operations: 0
	# of types: 			226



Using pass: pass_libfirm_opt_if_conv -- No improvement
	# of nodes: 			16
	# of irgs: 				2
	# of cf manipulations: 	5
	# of memory operations: 0
	# of types: 			226



Using pass: pass_replace_cond_selectors -- No improvement
	# of nodes: 			16
	# of irgs: 				2
	# of cf manipulations: 	5
	# of memory operations: 0
	# of types: 			226



Using pass: pass_libfirm_remove_bads -- No improvement
	# of nodes: 			16
	# of irgs: 				2
	# of cf manipulations: 	5
	# of memory operations: 0
	# of types: 			226



Using pass: pass_libfirm_remove_critical_cf_edges -- No improvement
	# of nodes: 			16
	# of irgs: 				2
	# of cf manipulations: 	5
	# of memory operations: 0
	# of types: 			226



Using pass: pass_replace_proj_primitive -- No improvement
	# of nodes: 			16
	# of irgs: 				2
	# of cf manipulations: 	5
	# of memory operations: 0
	# of types: 			226



Using pass: pass_libfirm_opt_frame -- No improvement
	# of nodes: 			16
	# of irgs: 				2
	# of cf manipulations: 	5
	# of memory operations: 0
	# of types: 			226



Using pass: pass_remove_void_calls -- No improvement
	# of nodes: 			16
	# of irgs: 				2
	# of cf manipulations: 	5
	# of memory operations: 0
	# of types: 			226



Using pass: pass_libfirm_opt_tail_rec -- No improvement
	# of nodes: 			16
	# of irgs: 				2
	# of cf manipulations: 	5
	# of memory operations: 0
	# of types: 			226



Using pass: pass_remove_stores -- No improvement
	# of nodes: 			16
	# of irgs: 				2
	# of cf manipulations: 	5
	# of memory operations: 0
	# of types: 			226



Using pass: pass_libfirm_scalar_replacement_opt -- No improvement
	# of nodes: 			16
	# of irgs: 				2
	# of cf manipulations: 	5
	# of memory operations: 0
	# of types: 			226



Using pass: pass_libfirm_normalize_n_returns -- No improvement
	# of nodes: 			16
	# of irgs: 				2
	# of cf manipulations: 	5
	# of memory operations: 0
	# of types: 			226



Using pass: pass_remove_stores -- No improvement
	# of nodes: 			16
	# of irgs: 				2
	# of cf manipulations: 	5
	# of memory operations: 0
	# of types: 			226



Using pass: pass_remove_allocs -- No improvement
	# of nodes: 			16
	# of irgs: 				2
	# of cf manipulations: 	5
	# of memory operations: 0
	# of types: 			226



Using pass: pass_libfirm_optimize_load_store -- No improvement
	# of nodes: 			16
	# of irgs: 				2
	# of cf manipulations: 	5
	# of memory operations: 0
	# of types: 			226




 :: 2nd reduction cycle


______________________________

No further reduction possible.

Result:
	# of nodes: 			16
	# of irgs: 				2
	# of cf manipulations: 	5
	# of memory operations: 0
	# of types: 			226

2018-08-26 16:39:12