2018-08-23 19:57:57 -- Firmreduce -- Results

Initial Test-case size:
	# of nodes: 			14350
	# of irgs: 				101
	# of cf manipulations: 	754
	# of memory operations: 2378
	# of types: 			2741


Using pass: pass_simplify_consts -- Successful
	# of nodes: 			10144
	# of irgs: 				101
	# of cf manipulations: 	593
	# of memory operations: 2201
	# of types: 			2741



Using pass: pass_libfirm_optimize_reassociation -- Successful
	# of nodes: 			10148
	# of irgs: 				101
	# of cf manipulations: 	593
	# of memory operations: 2201
	# of types: 			2741



Using pass: pass_libfirm_opt_tail_rec -- Successful
	# of nodes: 			9960
	# of irgs: 				101
	# of cf manipulations: 	546
	# of memory operations: 2200
	# of types: 			2741



Using pass: pass_libfirm_opt_frame -- No improvement
	# of nodes: 			9960
	# of irgs: 				101
	# of cf manipulations: 	546
	# of memory operations: 2200
	# of types: 			2741



Using pass: pass_libfirm_normalize_n_returns -- No improvement
	# of nodes: 			9960
	# of irgs: 				101
	# of cf manipulations: 	546
	# of memory operations: 2200
	# of types: 			2741



Using pass: pass_libfirm_normalize_one_return -- Successful
	# of nodes: 			10158
	# of irgs: 				101
	# of cf manipulations: 	597
	# of memory operations: 2200
	# of types: 			2741



Using pass: pass_libfirm_dead_code_elimination -- No improvement
	# of nodes: 			10158
	# of irgs: 				101
	# of cf manipulations: 	597
	# of memory operations: 2200
	# of types: 			2741



Using pass: pass_replace_arithmetic -- Successful
	# of nodes: 			9076
	# of irgs: 				101
	# of cf manipulations: 	543
	# of memory operations: 2113
	# of types: 			2741



Using pass: pass_replace_mux_selectors -- No improvement
	# of nodes: 			9076
	# of irgs: 				101
	# of cf manipulations: 	543
	# of memory operations: 2113
	# of types: 			2741



Using pass: pass_libfirm_conv_opt -- No improvement
	# of nodes: 			9076
	# of irgs: 				101
	# of cf manipulations: 	543
	# of memory operations: 2113
	# of types: 			2741



Using pass: pass_gc_irgs_primitive
	 :: interestingness test failed on irg 'r_func_52'
	 :: interestingness test failed on irg 'r_func_53'
	 :: interestingness test failed on irg 'r_func_40'
	 :: interestingness test failed on irg 'r_func_29'
	 :: interestingness test failed on irg 'r_func_46'
	 :: interestingness test failed on irg 'r_func_9'
	 :: interestingness test failed on irg 'r_func_80'
	 :: interestingness test failed on irg 'r_func_8'
	 :: interestingness test failed on irg 'r_func_23'
	 :: interestingness test failed on irg 'r_func_90'
	 :: interestingness test failed on irg 'r_func_29'
	 :: interestingness test failed on irg 'r_func_86'
	 :: interestingness test failed on irg 'r_func_37'
	 :: interestingness test failed on irg 'r_func_92'
	 :: interestingness test failed on irg 'r_func_56'
	 :: interestingness test failed on irg 'r_func_24'
	 :: interestingness test failed on irg 'r_func_8'
	 :: interestingness test failed on irg 'r_func_29'
	 :: interestingness test failed on irg 'r_func_99'
	 :: interestingness test failed on irg 'r_func_38'
	 :: interestingness test failed on irg 'r_func_77'
	 :: interestingness test failed on irg 'r_func_98'
	 :: interestingness test failed on irg 'r_func_37'
	 :: interestingness test failed on irg 'r_func_24'
	 :: interestingness test failed on irg 'r_func_83'
	 :: interestingness test failed on irg 'r_func_60'
	 :: interestingness test failed on irg 'r_func_43'
	 :: interestingness test failed on irg 'r_func_77'
	 :: interestingness test failed on irg 'r_func_72'
	 :: interestingness test failed on irg 'r_func_44'
	 :: interestingness test failed on irg 'r_func_83'
	 :: interestingness test failed on irg 'r_func_46'
	 :: interestingness test failed on irg 'r_func_9'
	 :: interestingness test failed on irg 'r_func_93'
	 :: interestingness test failed on irg 'r_func_55'
	 :: interestingness test failed on irg 'r_func_66'
	 :: interestingness test failed on irg 'r_func_72'
	 :: interestingness test failed on irg 'r_func_55'
	 :: interestingness test failed on irg 'r_func_24'
	 :: interestingness test failed on irg 'r_func_51'
	 :: interestingness test failed on irg 'r_func_42'
	 :: interestingness test failed on irg 'r_func_3'
	 :: interestingness test failed on irg 'r_func_51'
	 :: interestingness test failed on irg 'r_func_64'
	 :: interestingness test failed on irg 'r_func_52'
	 :: interestingness test failed on irg 'r_func_4'
	 :: interestingness test failed on irg 'r_func_29'
	 :: interestingness test failed on irg 'r_func_99'
	 :: interestingness test failed on irg 'r_func_65'
	 :: interestingness test failed on irg 'r_func_72'
	 :: interestingness test failed on irg 'r_func_22'
	 :: interestingness test failed on irg 'r_func_4'
	 :: interestingness test failed on irg 'r_func_25'
	 :: interestingness test failed on irg 'r_func_69'
	 :: interestingness test failed on irg 'r_func_51'
	 :: interestingness test failed on irg 'r_func_9'
	 :: interestingness test failed on irg 'r_func_53'
	 :: interestingness test failed on irg 'r_func_9'
	 :: interestingness test failed on irg 'r_func_38'
	 :: interestingness test failed on irg 'r_func_76'
	 :: interestingness test failed on irg 'r_func_91'
	 :: interestingness test failed on irg 'r_func_7'
	 :: interestingness test failed on irg 'r_func_68'
	 :: interestingness test failed on irg 'r_func_92'
	 :: interestingness test failed on irg 'r_func_87'
	 :: interestingness test failed on irg 'r_func_78'
	 :: interestingness test failed on irg 'r_func_72'
	 :: interestingness test failed on irg 'r_func_93'
	 :: interestingness test failed on irg 'r_func_86'
	 :: interestingness test failed on irg 'r_func_91'
	 :: interestingness test failed on irg 'r_func_4'
	 :: interestingness test failed on irg 'r_func_7'
	 :: interestingness test failed on irg 'r_func_64'
	 :: interestingness test failed on irg 'r_func_78'
	 :: interestingness test failed on irg 'r_func_7'
	 :: interestingness test failed on irg 'r_func_25'
	 :: interestingness test failed on irg 'r_func_61'
	 :: interestingness test failed on irg 'r_func_4'
	 :: interestingness test failed on irg 'r_func_92'
	 :: interestingness test failed on irg 'r_func_12'
	 :: interestingness test failed on irg 'r_func_92'
	 :: interestingness test failed on irg 'r_func_89'
	 :: interestingness test failed on irg 'r_func_90'
	 :: interestingness test failed on irg 'r_func_12'
	 :: interestingness test failed on irg 'r_func_69'
	 :: interestingness test failed on irg 'r_func_65'
	 :: interestingness test failed on irg 'r_func_29'
	 :: interestingness test failed on irg 'r_func_94'
	 :: interestingness test failed on irg 'r_func_93'
	 :: interestingness test failed on irg 'r_func_11'
	 :: interestingness test failed on irg 'r_func_92'
	 :: interestingness test failed on irg 'r_func_37'
	 :: interestingness test failed on irg 'r_func_29'
	 :: interestingness test failed on irg 'r_func_8'
	 :: interestingness test failed on irg 'r_func_52'
	 :: interestingness test failed on irg 'r_func_76'
	 :: interestingness test failed on irg 'r_func_14'
	 :: interestingness test failed on irg 'r_func_83'
	 :: interestingness test failed on irg 'r_func_52'
	 :: interestingness test failed on irg 'r_func_11'
	 :: interestingness test failed on irg 'r_func_7'
	 :: interestingness test failed on irg 'r_func_25'
	 :: interestingness test failed on irg 'r_func_76'
	 :: interestingness test failed on irg 'r_func_37'
	 :: interestingness test failed on irg 'r_func_69'
	 :: interestingness test failed on irg 'r_func_76'
	 :: interestingness test failed on irg 'r_func_31'
	 :: interestingness test failed on irg 'r_func_83'
	 :: interestingness test failed on irg 'r_func_86'
	 :: interestingness test failed on irg 'r_func_52'
	 :: interestingness test failed on irg 'r_func_93'
	 :: interestingness test failed on irg 'r_func_11'
	 :: interestingness test failed on irg 'r_func_60'
	 :: interestingness test failed on irg 'r_func_61'
	 :: interestingness test failed on irg 'r_func_74'
	 :: interestingness test failed on irg 'r_func_16'
	 :: interestingness test failed on irg 'r_func_11'
	 :: interestingness test failed on irg 'r_func_81'
	 :: interestingness test failed on irg 'r_func_14'
	 :: interestingness test failed on irg 'r_func_31'
	 :: interestingness test failed on irg 'r_func_65'
	 :: interestingness test failed on irg 'r_func_98'
	 :: interestingness test failed on irg 'r_func_25'
	 :: interestingness test failed on irg 'r_func_9'
	 :: interestingness test failed on irg 'r_func_3'
	 :: interestingness test failed on irg 'r_func_33'
	 :: interestingness test failed on irg 'r_func_75'
	 :: interestingness test failed on irg 'r_func_12'
	 :: interestingness test failed on irg 'r_func_8'
	 :: interestingness test failed on irg 'r_func_91'
	 :: interestingness test failed on irg 'r_func_33'
	 :: interestingness test failed on irg 'r_func_8'
	 :: interestingness test failed on irg 'r_func_86'
	 :: interestingness test failed on irg 'r_func_37'
	 :: interestingness test failed on irg 'r_func_34'
	 :: interestingness test failed on irg 'r_func_49'
	 :: interestingness test failed on irg 'r_func_91'
	 :: interestingness test failed on irg 'r_func_55'
	 :: interestingness test failed on irg 'r_func_98'
	 :: interestingness test failed on irg 'r_func_51'
	 :: interestingness test failed on irg 'r_func_83'
	 :: interestingness test failed on irg 'r_func_96'
	 :: interestingness test failed on irg 'r_func_94'
	 :: interestingness test failed on irg 'r_func_50'
	 :: interestingness test failed on irg 'r_func_38'
	 :: interestingness test failed on irg 'r_func_35'
	 :: interestingness test failed on irg 'r_func_93'
	 :: interestingness test failed on irg 'r_func_1'
	 :: interestingness test failed on irg 'r_func_35'
	 :: interestingness test failed on irg 'r_func_96'
	 :: interestingness test failed on irg 'r_func_42'
	 :: interestingness test failed on irg 'r_func_72'
	 :: interestingness test failed on irg 'r_func_50'
	 :: interestingness test failed on irg 'r_func_49'
	 :: interestingness test failed on irg 'r_func_66'
	 :: interestingness test failed on irg 'r_func_5'
	 :: interestingness test failed on irg 'r_func_4'
	 :: interestingness test failed on irg 'r_func_13'
	 :: interestingness test failed on irg 'r_func_96'
	 :: interestingness test failed on irg 'r_func_37'
	 :: interestingness test failed on irg 'r_func_53'
	 :: interestingness test failed on irg 'r_func_52'
	 :: interestingness test failed on irg 'r_func_94'
	 :: interestingness test failed on irg 'r_func_1'
	 :: interestingness test failed on irg 'r_func_50'
	 :: interestingness test failed on irg 'r_func_87'
	 :: interestingness test failed on irg 'r_func_1'
	 :: interestingness test failed on irg 'r_func_37'
	 :: interestingness test failed on irg 'r_func_52'
	 :: interestingness test failed on irg 'r_func_12'
	 :: interestingness test failed on irg 'r_func_74'
	 :: interestingness test failed on irg 'r_func_29'
	 :: interestingness test failed on irg 'r_func_14'
	 :: interestingness test failed on irg 'r_func_30'
	 :: interestingness test failed on irg 'r_func_64'
	 :: interestingness test failed on irg 'r_func_7'
	 :: interestingness test failed on irg 'r_func_75'
	 :: interestingness test failed on irg 'r_func_14'
	 :: interestingness test failed on irg 'r_func_34'
	 :: interestingness test failed on irg 'r_func_38'
	 :: interestingness test failed on irg 'r_func_48'
	 :: interestingness test failed on irg 'r_func_25'
	 :: interestingness test failed on irg 'r_func_31'
	 :: interestingness test failed on irg 'r_func_4'
	 :: interestingness test failed on irg 'r_func_69'
	 :: interestingness test failed on irg 'r_func_53'
	 :: interestingness test failed on irg 'r_func_66'
	 :: interestingness test failed on irg 'r_func_81'
	 :: interestingness test failed on irg 'r_func_52'
	 :: interestingness test failed on irg 'r_func_83'
	 :: interestingness test failed on irg 'r_func_9'
	 :: interestingness test failed on irg 'r_func_1'
	 :: interestingness test failed on irg 'r_func_34'
	 :: interestingness test failed on irg 'r_func_83'
	 :: interestingness test failed on irg 'r_func_3'
	 :: interestingness test failed on irg 'r_func_83'
	 :: interestingness test failed on irg 'r_func_14'
	 :: interestingness test failed on irg 'r_func_69'
	 :: interestingness test failed on irg 'r_func_37'
	 :: interestingness test failed on irg 'r_func_35'
	 :: interestingness test failed on irg 'r_func_81'
	 :: interestingness test failed on irg 'r_func_91'
	 :: interestingness test failed on irg 'r_func_72'
	 :: interestingness test failed on irg 'r_func_51'
	 :: interestingness test failed on irg 'r_func_72'
	 :: interestingness test failed on irg 'r_func_14'
	 :: interestingness test failed on irg 'r_func_8'
	 :: interestingness test failed on irg 'r_func_16'
	 :: interestingness test failed on irg 'r_func_74'
	 :: interestingness test failed on irg 'r_func_75'
	 :: interestingness test failed on irg 'r_func_1'
	 :: interestingness test failed on irg 'r_func_14'
	 :: interestingness test failed on irg 'r_func_24'
	 :: interestingness test failed on irg 'r_func_93'
	 :: interestingness test failed on irg 'r_func_7'
	 :: interestingness test failed on irg 'r_func_53'
	 :: interestingness test failed on irg 'r_func_52'
	 :: interestingness test failed on irg 'r_func_30'
	 :: interestingness test failed on irg 'r_func_65'
	 :: interestingness test failed on irg 'r_func_72'
	 :: interestingness test failed on irg 'r_func_1'
	 :: interestingness test failed on irg 'r_func_50'
	 :: interestingness test failed on irg 'r_func_50'
	 :: interestingness test failed on irg 'r_func_42'
	 :: interestingness test failed on irg 'r_func_34'
	 :: interestingness test failed on irg 'r_func_91'
	 :: interestingness test failed on irg 'r_func_33'
	 :: interestingness test failed on irg 'r_func_43'
	 :: interestingness test failed on irg 'r_func_31'
	 :: interestingness test failed on irg 'r_func_74'
	 :: interestingness test failed on irg 'r_func_66'
	 :: interestingness test failed on irg 'r_func_69'
	 :: interestingness test failed on irg 'r_func_65'
	 :: interestingness test failed on irg 'r_func_53'
	 :: interestingness test failed on irg 'r_func_38'
	 :: interestingness test failed on irg 'r_func_66'
	 :: interestingness test failed on irg 'r_func_48'
	 :: interestingness test failed on irg 'r_func_5'
	 :: interestingness test failed on irg 'r_func_66'
	 :: interestingness test failed on irg 'r_func_52'
	 :: interestingness test failed on irg 'r_func_74'
	 :: interestingness test failed on irg 'r_func_74'
	 :: interestingness test failed on irg 'r_func_31'
	 :: interestingness test failed on irg 'r_func_34'
	 :: interestingness test failed on irg 'r_func_4'
	 :: interestingness test failed on irg 'r_func_4'
	 :: interestingness test failed on irg 'r_func_76'
	 :: interestingness test failed on irg 'r_func_38'
	 :: interestingness test failed on irg 'r_func_53'
	 :: interestingness test failed on irg 'r_func_14'
	 :: interestingness test failed on irg 'r_func_69'
	 :: interestingness test failed on irg 'r_func_96'
	 :: interestingness test failed on irg 'r_func_65'
	 :: interestingness test failed on irg 'r_func_22'
	 :: interestingness test failed on irg 'r_func_14'
	 :: interestingness test failed on irg 'r_func_51'
	 :: interestingness test failed on irg 'r_func_38'
	 :: interestingness test failed on irg 'r_func_35'
	 :: interestingness test failed on irg 'r_func_31'
	 :: interestingness test failed on irg 'r_func_98'
	 :: interestingness test failed on irg 'r_func_13'
	 :: interestingness test failed on irg 'r_func_3'
	 :: interestingness test failed on irg 'r_func_31'
	 :: interestingness test failed on irg 'r_func_1'
	 :: interestingness test failed on irg 'r_func_72'
	 :: interestingness test failed on irg 'r_func_50'
	 :: interestingness test failed on irg 'r_func_34'
	 :: interestingness test failed on irg 'r_func_14'
	 :: interestingness test failed on irg 'r_func_53'
	 :: interestingness test failed on irg 'r_func_34'
	 :: interestingness test failed on irg 'r_func_42'
	 :: interestingness test failed on irg 'r_func_34'
	 :: interestingness test failed on irg 'r_func_42'
	 :: interestingness test failed on irg 'r_func_22'
	 :: interestingness test failed on irg 'r_func_7'
	 :: interestingness test failed on irg 'r_func_91'
	 :: interestingness test failed on irg 'r_func_69'
	 :: interestingness test failed on irg 'r_func_14'
	 :: interestingness test failed on irg 'r_func_53'
	 :: interestingness test failed on irg 'r_func_22'
	 :: interestingness test failed on irg 'r_func_50'
	 :: interestingness test failed on irg 'r_func_48'
	 :: interestingness test failed on irg 'r_func_24'
	 :: interestingness test failed on irg 'r_func_33'
	 :: interestingness test failed on irg 'r_func_50'
	 :: interestingness test failed on irg 'r_func_14'
	 :: interestingness test failed on irg 'r_func_89'
	 :: interestingness test failed on irg 'r_func_4'
	 :: interestingness test failed on irg 'r_func_98'
	 :: interestingness test failed on irg 'r_func_69'
	 :: interestingness test failed on irg 'r_func_48'
	 :: interestingness test failed on irg 'r_func_53'
	 :: interestingness test failed on irg 'r_func_64'
	 :: interestingness test failed on irg 'r_func_76'
	 :: interestingness test failed on irg 'r_func_89'
	 :: interestingness test failed on irg 'r_func_87'
	 :: interestingness test failed on irg 'r_func_96'
	 :: interestingness test failed on irg 'r_func_50'
	 :: interestingness test failed on irg 'r_func_66'
	 :: interestingness test failed on irg 'r_func_64'
	 :: interestingness test failed on irg 'r_func_93'
	 :: interestingness test failed on irg 'r_func_76'
	 :: interestingness test failed on irg 'r_func_9'
	 :: interestingness test failed on irg 'r_func_74'
	 :: interestingness test failed on irg 'r_func_30'
	 :: interestingness test failed on irg 'r_func_22'
	 :: interestingness test failed on irg 'r_func_14'
	 :: interestingness test failed on irg 'r_func_22'
	 :: interestingness test failed on irg 'r_func_34'
	 :: interestingness test failed on irg 'r_func_35'
	 :: interestingness test failed on irg 'r_func_13'
	 :: interestingness test failed on irg 'r_func_53'
	 :: interestingness test failed on irg 'r_func_87'
	 :: interestingness test failed on irg 'r_func_3'
	 :: interestingness test failed on irg 'r_func_5'
	 :: interestingness test failed on irg 'r_func_66'
	 :: interestingness test failed on irg 'r_func_87'
	 :: interestingness test failed on irg 'r_func_30'
	 :: interestingness test failed on irg 'r_func_14'
	 :: interestingness test failed on irg 'r_func_89'
	 :: interestingness test failed on irg 'r_func_43'
	 :: interestingness test failed on irg 'r_func_42'
	 :: interestingness test failed on irg 'r_func_75'
	 :: interestingness test failed on irg 'r_func_51'
	 :: interestingness test failed on irg 'r_func_42'
	 :: interestingness test failed on irg 'r_func_64' -- Successful
	# of nodes: 			3239
	# of irgs: 				39
	# of cf manipulations: 	200
	# of memory operations: 733
	# of types: 			2741



Using pass: pass_libfirm_do_loop_inversion -- No improvement
	# of nodes: 			3239
	# of irgs: 				39
	# of cf manipulations: 	200
	# of memory operations: 733
	# of types: 			2741



Using pass: pass_remove_allocs -- Successful
	# of nodes: 			3205
	# of irgs: 				39
	# of cf manipulations: 	200
	# of memory operations: 716
	# of types: 			2741



Using pass: pass_libfirm_do_loop_unrolling -- No improvement
	# of nodes: 			3205
	# of irgs: 				39
	# of cf manipulations: 	200
	# of memory operations: 716
	# of types: 			2741



Using pass: pass_libfirm_construct_confirms -- No improvement
	# of nodes: 			3205
	# of irgs: 				39
	# of cf manipulations: 	200
	# of memory operations: 716
	# of types: 			2741



Using pass: pass_libfirm_opt_jumpthreading -- No improvement
	# of nodes: 			3205
	# of irgs: 				39
	# of cf manipulations: 	200
	# of memory operations: 716
	# of types: 			2741



Using pass: pass_check_validity -- No improvement
	# of nodes: 			3205
	# of irgs: 				39
	# of cf manipulations: 	200
	# of memory operations: 716
	# of types: 			2741



Using pass: pass_libfirm_opt_funccalls -- No improvement
	# of nodes: 			3205
	# of irgs: 				39
	# of cf manipulations: 	200
	# of memory operations: 716
	# of types: 			2741



Using pass: pass_remove_stores -- Successful
	# of nodes: 			2599
	# of irgs: 				39
	# of cf manipulations: 	200
	# of memory operations: 581
	# of types: 			2741



Using pass: pass_check_validity -- No improvement
	# of nodes: 			2599
	# of irgs: 				39
	# of cf manipulations: 	200
	# of memory operations: 581
	# of types: 			2741



Using pass: pass_libfirm_optimize_load_store -- Successful
	# of nodes: 			2168
	# of irgs: 				39
	# of cf manipulations: 	200
	# of memory operations: 486
	# of types: 			2741



Using pass: pass_libfirm_construct_confirms -- No improvement
	# of nodes: 			2168
	# of irgs: 				39
	# of cf manipulations: 	200
	# of memory operations: 486
	# of types: 			2741



Using pass: pass_libfirm_optimize_load_store -- No improvement
	# of nodes: 			2168
	# of irgs: 				39
	# of cf manipulations: 	200
	# of memory operations: 486
	# of types: 			2741



Using pass: pass_replace_members -- No improvement
	# of nodes: 			2168
	# of irgs: 				39
	# of cf manipulations: 	200
	# of memory operations: 486
	# of types: 			2741



Using pass: pass_libfirm_optimize_cf -- Successful
	# of nodes: 			2084
	# of irgs: 				39
	# of cf manipulations: 	158
	# of memory operations: 486
	# of types: 			2741



Using pass: pass_libfirm_dead_code_elimination -- No improvement
	# of nodes: 			2084
	# of irgs: 				39
	# of cf manipulations: 	158
	# of memory operations: 486
	# of types: 			2741



Using pass: pass_replace_arithmetic -- No improvement
	# of nodes: 			2084
	# of irgs: 				39
	# of cf manipulations: 	158
	# of memory operations: 486
	# of types: 			2741



Using pass: pass_libfirm_remove_unreachable -- No improvement
	# of nodes: 			2084
	# of irgs: 				39
	# of cf manipulations: 	158
	# of memory operations: 486
	# of types: 			2741



Using pass: pass_libfirm_gvn_pre -- Successful
	# of nodes: 			2168
	# of irgs: 				39
	# of cf manipulations: 	200
	# of memory operations: 486
	# of types: 			2741



Using pass: pass_libfirm_construct_confirms -- No improvement
	# of nodes: 			2168
	# of irgs: 				39
	# of cf manipulations: 	200
	# of memory operations: 486
	# of types: 			2741



Using pass: pass_libfirm_combo -- No improvement
	# of nodes: 			2168
	# of irgs: 				39
	# of cf manipulations: 	200
	# of memory operations: 486
	# of types: 			2741



Using pass: pass_libfirm_optimize_load_store -- No improvement
	# of nodes: 			2168
	# of irgs: 				39
	# of cf manipulations: 	200
	# of memory operations: 486
	# of types: 			2741



Using pass: pass_libfirm_optimize_cf -- Successful
	# of nodes: 			2084
	# of irgs: 				39
	# of cf manipulations: 	158
	# of memory operations: 486
	# of types: 			2741



Using pass: pass_libfirm_occult_consts -- No improvement
	# of nodes: 			2084
	# of irgs: 				39
	# of cf manipulations: 	158
	# of memory operations: 486
	# of types: 			2741



Using pass: pass_libfirm_optimize_cf -- No improvement
	# of nodes: 			2084
	# of irgs: 				39
	# of cf manipulations: 	158
	# of memory operations: 486
	# of types: 			2741



Using pass: pass_libfirm_optimize_graph_df -- No improvement
	# of nodes: 			2084
	# of irgs: 				39
	# of cf manipulations: 	158
	# of memory operations: 486
	# of types: 			2741



Using pass: pass_replace_proj_primitive -- Successful
	# of nodes: 			1250
	# of irgs: 				39
	# of cf manipulations: 	83
	# of memory operations: 381
	# of types: 			2741



Using pass: pass_libfirm_optimize_load_store -- Successful
	# of nodes: 			1053
	# of irgs: 				39
	# of cf manipulations: 	83
	# of memory operations: 325
	# of types: 			2741



Using pass: pass_gc_entitites -- No improvement
	# of nodes: 			1053
	# of irgs: 				39
	# of cf manipulations: 	83
	# of memory operations: 325
	# of types: 			2741



Using pass: pass_libfirm_opt_frame -- No improvement
	# of nodes: 			1053
	# of irgs: 				39
	# of cf manipulations: 	83
	# of memory operations: 325
	# of types: 			2741



Using pass: pass_replace_loads -- No improvement
	# of nodes: 			1053
	# of irgs: 				39
	# of cf manipulations: 	83
	# of memory operations: 325
	# of types: 			2741



Using pass: pass_replace_cond_selectors -- No improvement
	# of nodes: 			1053
	# of irgs: 				39
	# of cf manipulations: 	83
	# of memory operations: 325
	# of types: 			2741



Using pass: pass_replace_mux_selectors -- No improvement
	# of nodes: 			1053
	# of irgs: 				39
	# of cf manipulations: 	83
	# of memory operations: 325
	# of types: 			2741



Using pass: pass_simplify_consts -- Successful
	# of nodes: 			1021
	# of irgs: 				39
	# of cf manipulations: 	83
	# of memory operations: 325
	# of types: 			2741



Using pass: pass_libfirm_do_loop_unrolling -- No improvement
	# of nodes: 			1021
	# of irgs: 				39
	# of cf manipulations: 	83
	# of memory operations: 325
	# of types: 			2741



Using pass: pass_libfirm_occult_consts -- No improvement
	# of nodes: 			1021
	# of irgs: 				39
	# of cf manipulations: 	83
	# of memory operations: 325
	# of types: 			2741



Using pass: pass_gc_irgs
	 :: Pass failed on irg 'r_func_51'
	 :: Pass failed on irg 'r_func_12' -- Successful
	# of nodes: 			33
	# of irgs: 				2
	# of cf manipulations: 	4
	# of memory operations: 9
	# of types: 			2741



Using pass: pass_libfirm_optimize_load_store -- No improvement
	# of nodes: 			33
	# of irgs: 				2
	# of cf manipulations: 	4
	# of memory operations: 9
	# of types: 			2741



Using pass: pass_libfirm_optimize_load_store -- No improvement
	# of nodes: 			33
	# of irgs: 				2
	# of cf manipulations: 	4
	# of memory operations: 9
	# of types: 			2741



Using pass: pass_libfirm_optimize_cf -- No improvement
	# of nodes: 			33
	# of irgs: 				2
	# of cf manipulations: 	4
	# of memory operations: 9
	# of types: 			2741



Using pass: pass_remove_allocs -- No improvement
	# of nodes: 			33
	# of irgs: 				2
	# of cf manipulations: 	4
	# of memory operations: 9
	# of types: 			2741



Using pass: pass_libfirm_scalar_replacement_opt -- No improvement
	# of nodes: 			33
	# of irgs: 				2
	# of cf manipulations: 	4
	# of memory operations: 9
	# of types: 			2741



Using pass: pass_libfirm_do_loop_peeling -- No improvement
	# of nodes: 			33
	# of irgs: 				2
	# of cf manipulations: 	4
	# of memory operations: 9
	# of types: 			2741



Using pass: pass_replace_arithmetic -- No improvement
	# of nodes: 			33
	# of irgs: 				2
	# of cf manipulations: 	4
	# of memory operations: 9
	# of types: 			2741



Using pass: pass_remove_allocs -- Successful
	# of nodes: 			14
	# of irgs: 				2
	# of cf manipulations: 	4
	# of memory operations: 0
	# of types: 			2741



Using pass: pass_remove_void_calls -- No improvement
	# of nodes: 			14
	# of irgs: 				2
	# of cf manipulations: 	4
	# of memory operations: 0
	# of types: 			2741



Using pass: pass_check_validity -- No improvement
	# of nodes: 			14
	# of irgs: 				2
	# of cf manipulations: 	4
	# of memory operations: 0
	# of types: 			2741



Using pass: pass_libfirm_remove_unreachable -- No improvement
	# of nodes: 			14
	# of irgs: 				2
	# of cf manipulations: 	4
	# of memory operations: 0
	# of types: 			2741



Using pass: pass_libfirm_optimize_cf -- No improvement
	# of nodes: 			14
	# of irgs: 				2
	# of cf manipulations: 	4
	# of memory operations: 0
	# of types: 			2741



Using pass: pass_libfirm_place_code -- No improvement
	# of nodes: 			14
	# of irgs: 				2
	# of cf manipulations: 	4
	# of memory operations: 0
	# of types: 			2741



Using pass: pass_libfirm_scalar_replacement_opt -- No improvement
	# of nodes: 			14
	# of irgs: 				2
	# of cf manipulations: 	4
	# of memory operations: 0
	# of types: 			2741



Using pass: pass_replace_return_values -- No improvement
	# of nodes: 			14
	# of irgs: 				2
	# of cf manipulations: 	4
	# of memory operations: 0
	# of types: 			2741



Using pass: pass_replace_arithmetic -- No improvement
	# of nodes: 			14
	# of irgs: 				2
	# of cf manipulations: 	4
	# of memory operations: 0
	# of types: 			2741



Using pass: pass_remove_allocs -- No improvement
	# of nodes: 			14
	# of irgs: 				2
	# of cf manipulations: 	4
	# of memory operations: 0
	# of types: 			2741



Using pass: pass_libfirm_gvn_pre -- No improvement
	# of nodes: 			14
	# of irgs: 				2
	# of cf manipulations: 	4
	# of memory operations: 0
	# of types: 			2741



Using pass: pass_check_validity -- No improvement
	# of nodes: 			14
	# of irgs: 				2
	# of cf manipulations: 	4
	# of memory operations: 0
	# of types: 			2741



Using pass: pass_check_validity -- No improvement
	# of nodes: 			14
	# of irgs: 				2
	# of cf manipulations: 	4
	# of memory operations: 0
	# of types: 			2741



Using pass: pass_libfirm_optimize_load_store -- No improvement
	# of nodes: 			14
	# of irgs: 				2
	# of cf manipulations: 	4
	# of memory operations: 0
	# of types: 			2741



Using pass: pass_libfirm_do_loop_peeling -- No improvement
	# of nodes: 			14
	# of irgs: 				2
	# of cf manipulations: 	4
	# of memory operations: 0
	# of types: 			2741



Using pass: pass_libfirm_remove_tuples -- No improvement
	# of nodes: 			14
	# of irgs: 				2
	# of cf manipulations: 	4
	# of memory operations: 0
	# of types: 			2741



Using pass: pass_libfirm_optimize_graph_df -- No improvement
	# of nodes: 			14
	# of irgs: 				2
	# of cf manipulations: 	4
	# of memory operations: 0
	# of types: 			2741



Using pass: pass_libfirm_optimize_reassociation -- No improvement
	# of nodes: 			14
	# of irgs: 				2
	# of cf manipulations: 	4
	# of memory operations: 0
	# of types: 			2741



Using pass: pass_libfirm_conv_opt -- No improvement
	# of nodes: 			14
	# of irgs: 				2
	# of cf manipulations: 	4
	# of memory operations: 0
	# of types: 			2741



Using pass: pass_libfirm_construct_confirms -- No improvement
	# of nodes: 			14
	# of irgs: 				2
	# of cf manipulations: 	4
	# of memory operations: 0
	# of types: 			2741



Using pass: pass_replace_switch_selectors -- No improvement
	# of nodes: 			14
	# of irgs: 				2
	# of cf manipulations: 	4
	# of memory operations: 0
	# of types: 			2741



Using pass: pass_replace_members -- No improvement
	# of nodes: 			14
	# of irgs: 				2
	# of cf manipulations: 	4
	# of memory operations: 0
	# of types: 			2741



Using pass: pass_libfirm_opt_if_conv -- No improvement
	# of nodes: 			14
	# of irgs: 				2
	# of cf manipulations: 	4
	# of memory operations: 0
	# of types: 			2741



Using pass: pass_libfirm_place_code -- No improvement
	# of nodes: 			14
	# of irgs: 				2
	# of cf manipulations: 	4
	# of memory operations: 0
	# of types: 			2741



Using pass: pass_libfirm_scalar_replacement_opt -- No improvement
	# of nodes: 			14
	# of irgs: 				2
	# of cf manipulations: 	4
	# of memory operations: 0
	# of types: 			2741



Using pass: pass_libfirm_optimize_reassociation -- No improvement
	# of nodes: 			14
	# of irgs: 				2
	# of cf manipulations: 	4
	# of memory operations: 0
	# of types: 			2741



Using pass: pass_replace_return_values -- No improvement
	# of nodes: 			14
	# of irgs: 				2
	# of cf manipulations: 	4
	# of memory operations: 0
	# of types: 			2741



Using pass: pass_libfirm_combo -- No improvement
	# of nodes: 			14
	# of irgs: 				2
	# of cf manipulations: 	4
	# of memory operations: 0
	# of types: 			2741



Using pass: pass_libfirm_opt_tail_rec -- No improvement
	# of nodes: 			14
	# of irgs: 				2
	# of cf manipulations: 	4
	# of memory operations: 0
	# of types: 			2741



Using pass: pass_replace_loads -- No improvement
	# of nodes: 			14
	# of irgs: 				2
	# of cf manipulations: 	4
	# of memory operations: 0
	# of types: 			2741



Using pass: pass_libfirm_opt_tail_rec -- No improvement
	# of nodes: 			14
	# of irgs: 				2
	# of cf manipulations: 	4
	# of memory operations: 0
	# of types: 			2741



Using pass: pass_replace_switch_selectors -- No improvement
	# of nodes: 			14
	# of irgs: 				2
	# of cf manipulations: 	4
	# of memory operations: 0
	# of types: 			2741



Using pass: pass_libfirm_do_loop_peeling -- No improvement
	# of nodes: 			14
	# of irgs: 				2
	# of cf manipulations: 	4
	# of memory operations: 0
	# of types: 			2741



Using pass: pass_libfirm_normalize_n_returns -- No improvement
	# of nodes: 			14
	# of irgs: 				2
	# of cf manipulations: 	4
	# of memory operations: 0
	# of types: 			2741



Using pass: pass_libfirm_conv_opt -- No improvement
	# of nodes: 			14
	# of irgs: 				2
	# of cf manipulations: 	4
	# of memory operations: 0
	# of types: 			2741



Using pass: pass_libfirm_opt_tail_rec -- No improvement
	# of nodes: 			14
	# of irgs: 				2
	# of cf manipulations: 	4
	# of memory operations: 0
	# of types: 			2741



Using pass: pass_libfirm_opt_blocks -- No improvement
	# of nodes: 			14
	# of irgs: 				2
	# of cf manipulations: 	4
	# of memory operations: 0
	# of types: 			2741



Using pass: pass_libfirm_opt_funccalls -- No improvement
	# of nodes: 			14
	# of irgs: 				2
	# of cf manipulations: 	4
	# of memory operations: 0
	# of types: 			2741



Using pass: pass_check_validity -- No improvement
	# of nodes: 			14
	# of irgs: 				2
	# of cf manipulations: 	4
	# of memory operations: 0
	# of types: 			2741



Using pass: pass_libfirm_place_code -- No improvement
	# of nodes: 			14
	# of irgs: 				2
	# of cf manipulations: 	4
	# of memory operations: 0
	# of types: 			2741



Using pass: pass_remove_allocs -- No improvement
	# of nodes: 			14
	# of irgs: 				2
	# of cf manipulations: 	4
	# of memory operations: 0
	# of types: 			2741



Using pass: pass_libfirm_normalize_one_return -- No improvement
	# of nodes: 			14
	# of irgs: 				2
	# of cf manipulations: 	4
	# of memory operations: 0
	# of types: 			2741



Using pass: pass_libfirm_do_loop_inversion -- No improvement
	# of nodes: 			14
	# of irgs: 				2
	# of cf manipulations: 	4
	# of memory operations: 0
	# of types: 			2741



Using pass: pass_libfirm_normalize_n_returns -- No improvement
	# of nodes: 			14
	# of irgs: 				2
	# of cf manipulations: 	4
	# of memory operations: 0
	# of types: 			2741



Using pass: pass_replace_proj_primitive -- No improvement
	# of nodes: 			14
	# of irgs: 				2
	# of cf manipulations: 	4
	# of memory operations: 0
	# of types: 			2741



Using pass: pass_libfirm_opt_bool -- No improvement
	# of nodes: 			14
	# of irgs: 				2
	# of cf manipulations: 	4
	# of memory operations: 0
	# of types: 			2741



Using pass: pass_libfirm_opt_tail_rec -- No improvement
	# of nodes: 			14
	# of irgs: 				2
	# of cf manipulations: 	4
	# of memory operations: 0
	# of types: 			2741



Using pass: pass_libfirm_remove_critical_cf_edges -- No improvement
	# of nodes: 			14
	# of irgs: 				2
	# of cf manipulations: 	4
	# of memory operations: 0
	# of types: 			2741



Using pass: pass_replace_return_values -- No improvement
	# of nodes: 			14
	# of irgs: 				2
	# of cf manipulations: 	4
	# of memory operations: 0
	# of types: 			2741



Using pass: pass_libfirm_optimize_reassociation -- No improvement
	# of nodes: 			14
	# of irgs: 				2
	# of cf manipulations: 	4
	# of memory operations: 0
	# of types: 			2741



Using pass: pass_gc_irgs_primitive -- Successful
	# of nodes: 			7
	# of irgs: 				1
	# of cf manipulations: 	2
	# of memory operations: 0
	# of types: 			2741



Using pass: pass_libfirm_opt_parallelize_mem -- No improvement
	# of nodes: 			7
	# of irgs: 				1
	# of cf manipulations: 	2
	# of memory operations: 0
	# of types: 			2741



Using pass: pass_remove_void_calls -- No improvement
	# of nodes: 			7
	# of irgs: 				1
	# of cf manipulations: 	2
	# of memory operations: 0
	# of types: 			2741



Using pass: pass_libfirm_opt_tail_rec -- No improvement
	# of nodes: 			7
	# of irgs: 				1
	# of cf manipulations: 	2
	# of memory operations: 0
	# of types: 			2741



Using pass: pass_libfirm_normalize_n_returns -- No improvement
	# of nodes: 			7
	# of irgs: 				1
	# of cf manipulations: 	2
	# of memory operations: 0
	# of types: 			2741



Using pass: pass_libfirm_remove_critical_cf_edges -- No improvement
	# of nodes: 			7
	# of irgs: 				1
	# of cf manipulations: 	2
	# of memory operations: 0
	# of types: 			2741



Using pass: pass_simplify_consts -- No improvement
	# of nodes: 			7
	# of irgs: 				1
	# of cf manipulations: 	2
	# of memory operations: 0
	# of types: 			2741



Using pass: pass_gc_irgs_primitive -- No improvement
	# of nodes: 			7
	# of irgs: 				1
	# of cf manipulations: 	2
	# of memory operations: 0
	# of types: 			2741



Using pass: pass_replace_mux_selectors -- No improvement
	# of nodes: 			7
	# of irgs: 				1
	# of cf manipulations: 	2
	# of memory operations: 0
	# of types: 			2741



Using pass: pass_libfirm_remove_tuples -- No improvement
	# of nodes: 			7
	# of irgs: 				1
	# of cf manipulations: 	2
	# of memory operations: 0
	# of types: 			2741



Using pass: pass_libfirm_do_loop_inversion -- No improvement
	# of nodes: 			7
	# of irgs: 				1
	# of cf manipulations: 	2
	# of memory operations: 0
	# of types: 			2741



Using pass: pass_libfirm_combo -- No improvement
	# of nodes: 			7
	# of irgs: 				1
	# of cf manipulations: 	2
	# of memory operations: 0
	# of types: 			2741



Using pass: pass_check_validity -- No improvement
	# of nodes: 			7
	# of irgs: 				1
	# of cf manipulations: 	2
	# of memory operations: 0
	# of types: 			2741



Using pass: pass_libfirm_do_loop_peeling -- No improvement
	# of nodes: 			7
	# of irgs: 				1
	# of cf manipulations: 	2
	# of memory operations: 0
	# of types: 			2741



Using pass: pass_libfirm_occult_consts -- No improvement
	# of nodes: 			7
	# of irgs: 				1
	# of cf manipulations: 	2
	# of memory operations: 0
	# of types: 			2741



Using pass: pass_libfirm_opt_funccalls -- No improvement
	# of nodes: 			7
	# of irgs: 				1
	# of cf manipulations: 	2
	# of memory operations: 0
	# of types: 			2741



Using pass: pass_libfirm_opt_bool -- No improvement
	# of nodes: 			7
	# of irgs: 				1
	# of cf manipulations: 	2
	# of memory operations: 0
	# of types: 			2741



Using pass: pass_replace_members -- No improvement
	# of nodes: 			7
	# of irgs: 				1
	# of cf manipulations: 	2
	# of memory operations: 0
	# of types: 			2741



Using pass: pass_replace_proj_primitive -- No improvement
	# of nodes: 			7
	# of irgs: 				1
	# of cf manipulations: 	2
	# of memory operations: 0
	# of types: 			2741



Using pass: pass_libfirm_remove_tuples -- No improvement
	# of nodes: 			7
	# of irgs: 				1
	# of cf manipulations: 	2
	# of memory operations: 0
	# of types: 			2741



Using pass: pass_libfirm_opt_tail_rec -- No improvement
	# of nodes: 			7
	# of irgs: 				1
	# of cf manipulations: 	2
	# of memory operations: 0
	# of types: 			2741



Using pass: pass_libfirm_optimize_graph_df -- No improvement
	# of nodes: 			7
	# of irgs: 				1
	# of cf manipulations: 	2
	# of memory operations: 0
	# of types: 			2741



Using pass: pass_libfirm_optimize_reassociation -- No improvement
	# of nodes: 			7
	# of irgs: 				1
	# of cf manipulations: 	2
	# of memory operations: 0
	# of types: 			2741



Using pass: pass_libfirm_opt_bool -- No improvement
	# of nodes: 			7
	# of irgs: 				1
	# of cf manipulations: 	2
	# of memory operations: 0
	# of types: 			2741



Using pass: pass_simplify_consts -- No improvement
	# of nodes: 			7
	# of irgs: 				1
	# of cf manipulations: 	2
	# of memory operations: 0
	# of types: 			2741



Using pass: pass_libfirm_remove_tuples -- No improvement
	# of nodes: 			7
	# of irgs: 				1
	# of cf manipulations: 	2
	# of memory operations: 0
	# of types: 			2741



Using pass: pass_check_validity -- No improvement
	# of nodes: 			7
	# of irgs: 				1
	# of cf manipulations: 	2
	# of memory operations: 0
	# of types: 			2741



Using pass: pass_replace_arithmetic -- No improvement
	# of nodes: 			7
	# of irgs: 				1
	# of cf manipulations: 	2
	# of memory operations: 0
	# of types: 			2741



Using pass: pass_libfirm_place_code -- No improvement
	# of nodes: 			7
	# of irgs: 				1
	# of cf manipulations: 	2
	# of memory operations: 0
	# of types: 			2741



Using pass: pass_replace_return_values -- No improvement
	# of nodes: 			7
	# of irgs: 				1
	# of cf manipulations: 	2
	# of memory operations: 0
	# of types: 			2741



Using pass: pass_libfirm_occult_consts -- No improvement
	# of nodes: 			7
	# of irgs: 				1
	# of cf manipulations: 	2
	# of memory operations: 0
	# of types: 			2741



Using pass: pass_replace_proj_primitive -- No improvement
	# of nodes: 			7
	# of irgs: 				1
	# of cf manipulations: 	2
	# of memory operations: 0
	# of types: 			2741



Using pass: pass_remove_stores -- No improvement
	# of nodes: 			7
	# of irgs: 				1
	# of cf manipulations: 	2
	# of memory operations: 0
	# of types: 			2741



Using pass: pass_libfirm_dead_code_elimination -- No improvement
	# of nodes: 			7
	# of irgs: 				1
	# of cf manipulations: 	2
	# of memory operations: 0
	# of types: 			2741



Using pass: pass_libfirm_place_code -- No improvement
	# of nodes: 			7
	# of irgs: 				1
	# of cf manipulations: 	2
	# of memory operations: 0
	# of types: 			2741



Using pass: pass_libfirm_remove_bads -- No improvement
	# of nodes: 			7
	# of irgs: 				1
	# of cf manipulations: 	2
	# of memory operations: 0
	# of types: 			2741



Using pass: pass_replace_proj_primitive -- No improvement
	# of nodes: 			7
	# of irgs: 				1
	# of cf manipulations: 	2
	# of memory operations: 0
	# of types: 			2741



Using pass: pass_libfirm_optimize_reassociation -- No improvement
	# of nodes: 			7
	# of irgs: 				1
	# of cf manipulations: 	2
	# of memory operations: 0
	# of types: 			2741



Using pass: pass_libfirm_opt_frame -- No improvement
	# of nodes: 			7
	# of irgs: 				1
	# of cf manipulations: 	2
	# of memory operations: 0
	# of types: 			2741



Using pass: pass_libfirm_opt_tail_rec -- No improvement
	# of nodes: 			7
	# of irgs: 				1
	# of cf manipulations: 	2
	# of memory operations: 0
	# of types: 			2741



Using pass: pass_libfirm_opt_blocks -- No improvement
	# of nodes: 			7
	# of irgs: 				1
	# of cf manipulations: 	2
	# of memory operations: 0
	# of types: 			2741



Using pass: pass_libfirm_dead_code_elimination -- No improvement
	# of nodes: 			7
	# of irgs: 				1
	# of cf manipulations: 	2
	# of memory operations: 0
	# of types: 			2741



Using pass: pass_libfirm_scalar_replacement_opt -- No improvement
	# of nodes: 			7
	# of irgs: 				1
	# of cf manipulations: 	2
	# of memory operations: 0
	# of types: 			2741



Using pass: pass_libfirm_opt_jumpthreading -- No improvement
	# of nodes: 			7
	# of irgs: 				1
	# of cf manipulations: 	2
	# of memory operations: 0
	# of types: 			2741



Using pass: pass_libfirm_do_loop_peeling -- No improvement
	# of nodes: 			7
	# of irgs: 				1
	# of cf manipulations: 	2
	# of memory operations: 0
	# of types: 			2741



Using pass: pass_gc_irgs -- No improvement
	# of nodes: 			7
	# of irgs: 				1
	# of cf manipulations: 	2
	# of memory operations: 0
	# of types: 			2741



Using pass: pass_replace_mux_selectors -- No improvement
	# of nodes: 			7
	# of irgs: 				1
	# of cf manipulations: 	2
	# of memory operations: 0
	# of types: 			2741



Using pass: pass_libfirm_normalize_one_return -- No improvement
	# of nodes: 			7
	# of irgs: 				1
	# of cf manipulations: 	2
	# of memory operations: 0
	# of types: 			2741



Using pass: pass_libfirm_scalar_replacement_opt -- No improvement
	# of nodes: 			7
	# of irgs: 				1
	# of cf manipulations: 	2
	# of memory operations: 0
	# of types: 			2741



Using pass: pass_libfirm_do_loop_unrolling -- No improvement
	# of nodes: 			7
	# of irgs: 				1
	# of cf manipulations: 	2
	# of memory operations: 0
	# of types: 			2741



Using pass: pass_libfirm_optimize_cf -- No improvement
	# of nodes: 			7
	# of irgs: 				1
	# of cf manipulations: 	2
	# of memory operations: 0
	# of types: 			2741



Using pass: pass_libfirm_opt_tail_rec -- No improvement
	# of nodes: 			7
	# of irgs: 				1
	# of cf manipulations: 	2
	# of memory operations: 0
	# of types: 			2741



Using pass: pass_replace_return_values -- No improvement
	# of nodes: 			7
	# of irgs: 				1
	# of cf manipulations: 	2
	# of memory operations: 0
	# of types: 			2741



Using pass: pass_libfirm_do_loop_inversion -- No improvement
	# of nodes: 			7
	# of irgs: 				1
	# of cf manipulations: 	2
	# of memory operations: 0
	# of types: 			2741



Using pass: pass_libfirm_gvn_pre -- No improvement
	# of nodes: 			7
	# of irgs: 				1
	# of cf manipulations: 	2
	# of memory operations: 0
	# of types: 			2741



Using pass: pass_libfirm_optimize_load_store -- No improvement
	# of nodes: 			7
	# of irgs: 				1
	# of cf manipulations: 	2
	# of memory operations: 0
	# of types: 			2741



Using pass: pass_libfirm_opt_tail_rec -- No improvement
	# of nodes: 			7
	# of irgs: 				1
	# of cf manipulations: 	2
	# of memory operations: 0
	# of types: 			2741



Using pass: pass_libfirm_opt_bool -- No improvement
	# of nodes: 			7
	# of irgs: 				1
	# of cf manipulations: 	2
	# of memory operations: 0
	# of types: 			2741



Using pass: pass_replace_proj_primitive -- No improvement
	# of nodes: 			7
	# of irgs: 				1
	# of cf manipulations: 	2
	# of memory operations: 0
	# of types: 			2741



Using pass: pass_replace_return_values -- No improvement
	# of nodes: 			7
	# of irgs: 				1
	# of cf manipulations: 	2
	# of memory operations: 0
	# of types: 			2741



Using pass: pass_libfirm_do_loop_inversion -- No improvement
	# of nodes: 			7
	# of irgs: 				1
	# of cf manipulations: 	2
	# of memory operations: 0
	# of types: 			2741



Using pass: pass_libfirm_opt_parallelize_mem -- No improvement
	# of nodes: 			7
	# of irgs: 				1
	# of cf manipulations: 	2
	# of memory operations: 0
	# of types: 			2741



Using pass: pass_libfirm_do_loop_inversion -- No improvement
	# of nodes: 			7
	# of irgs: 				1
	# of cf manipulations: 	2
	# of memory operations: 0
	# of types: 			2741



Using pass: pass_libfirm_remove_unreachable -- No improvement
	# of nodes: 			7
	# of irgs: 				1
	# of cf manipulations: 	2
	# of memory operations: 0
	# of types: 			2741



Using pass: pass_libfirm_remove_unreachable -- No improvement
	# of nodes: 			7
	# of irgs: 				1
	# of cf manipulations: 	2
	# of memory operations: 0
	# of types: 			2741



Using pass: pass_replace_return_values -- No improvement
	# of nodes: 			7
	# of irgs: 				1
	# of cf manipulations: 	2
	# of memory operations: 0
	# of types: 			2741



Using pass: pass_remove_allocs -- No improvement
	# of nodes: 			7
	# of irgs: 				1
	# of cf manipulations: 	2
	# of memory operations: 0
	# of types: 			2741



Using pass: pass_remove_allocs -- No improvement
	# of nodes: 			7
	# of irgs: 				1
	# of cf manipulations: 	2
	# of memory operations: 0
	# of types: 			2741



Using pass: pass_libfirm_scalar_replacement_opt -- No improvement
	# of nodes: 			7
	# of irgs: 				1
	# of cf manipulations: 	2
	# of memory operations: 0
	# of types: 			2741



Using pass: pass_libfirm_optimize_reassociation -- No improvement
	# of nodes: 			7
	# of irgs: 				1
	# of cf manipulations: 	2
	# of memory operations: 0
	# of types: 			2741



Using pass: pass_remove_stores -- No improvement
	# of nodes: 			7
	# of irgs: 				1
	# of cf manipulations: 	2
	# of memory operations: 0
	# of types: 			2741



Using pass: pass_replace_mux_selectors -- No improvement
	# of nodes: 			7
	# of irgs: 				1
	# of cf manipulations: 	2
	# of memory operations: 0
	# of types: 			2741



Using pass: pass_libfirm_do_loop_unrolling -- No improvement
	# of nodes: 			7
	# of irgs: 				1
	# of cf manipulations: 	2
	# of memory operations: 0
	# of types: 			2741



Using pass: pass_check_validity -- No improvement
	# of nodes: 			7
	# of irgs: 				1
	# of cf manipulations: 	2
	# of memory operations: 0
	# of types: 			2741



Using pass: pass_libfirm_opt_bool -- No improvement
	# of nodes: 			7
	# of irgs: 				1
	# of cf manipulations: 	2
	# of memory operations: 0
	# of types: 			2741



Using pass: pass_libfirm_optimize_reassociation -- No improvement
	# of nodes: 			7
	# of irgs: 				1
	# of cf manipulations: 	2
	# of memory operations: 0
	# of types: 			2741



Using pass: pass_remove_void_calls -- No improvement
	# of nodes: 			7
	# of irgs: 				1
	# of cf manipulations: 	2
	# of memory operations: 0
	# of types: 			2741



Using pass: pass_replace_proj_primitive -- No improvement
	# of nodes: 			7
	# of irgs: 				1
	# of cf manipulations: 	2
	# of memory operations: 0
	# of types: 			2741



Using pass: pass_libfirm_optimize_load_store -- No improvement
	# of nodes: 			7
	# of irgs: 				1
	# of cf manipulations: 	2
	# of memory operations: 0
	# of types: 			2741



Using pass: pass_libfirm_dead_code_elimination -- No improvement
	# of nodes: 			7
	# of irgs: 				1
	# of cf manipulations: 	2
	# of memory operations: 0
	# of types: 			2741




 :: 2nd reduction cycle

Using pass: pass_gc_irgs_primitive -- Trying irg 'r_func_52' -- No improvement
Using pass: pass_gc_irgs_primitive -- Trying irg 'r_func_53' -- No improvement
Using pass: pass_gc_irgs_primitive -- Trying irg 'r_func_40' -- No improvement
Using pass: pass_gc_irgs_primitive -- Trying irg 'r_func_29' -- No improvement
Using pass: pass_gc_irgs_primitive -- Trying irg 'r_func_46' -- No improvement
Using pass: pass_gc_irgs_primitive -- Trying irg 'r_func_9' -- No improvement
Using pass: pass_gc_irgs_primitive -- Trying irg 'r_func_80' -- No improvement
Using pass: pass_gc_irgs_primitive -- Trying irg 'r_func_8' -- No improvement
Using pass: pass_gc_irgs_primitive -- Trying irg 'r_func_23' -- No improvement
Using pass: pass_gc_irgs_primitive -- Trying irg 'r_func_90' -- No improvement
Using pass: pass_gc_irgs_primitive -- Trying irg 'r_func_29' -- No improvement
Using pass: pass_gc_irgs_primitive -- Trying irg 'r_func_86' -- No improvement
Using pass: pass_gc_irgs_primitive -- Trying irg 'r_func_37' -- No improvement
Using pass: pass_gc_irgs_primitive -- Trying irg 'r_func_92' -- No improvement
Using pass: pass_gc_irgs_primitive -- Trying irg 'r_func_56' -- No improvement
Using pass: pass_gc_irgs_primitive -- Trying irg 'r_func_24' -- No improvement
Using pass: pass_gc_irgs_primitive -- Trying irg 'r_func_8' -- No improvement
Using pass: pass_gc_irgs_primitive -- Trying irg 'r_func_29' -- No improvement
Using pass: pass_gc_irgs_primitive -- Trying irg 'r_func_99' -- No improvement
Using pass: pass_gc_irgs_primitive -- Trying irg 'r_func_38' -- No improvement
Using pass: pass_gc_irgs_primitive -- Trying irg 'r_func_77' -- No improvement
Using pass: pass_gc_irgs_primitive -- Trying irg 'r_func_98' -- No improvement
Using pass: pass_gc_irgs_primitive -- Trying irg 'r_func_37' -- No improvement
Using pass: pass_gc_irgs_primitive -- Trying irg 'r_func_24' -- No improvement
Using pass: pass_gc_irgs_primitive -- Trying irg 'r_func_83' -- No improvement
Using pass: pass_gc_irgs_primitive -- Trying irg 'r_func_60' -- No improvement
Using pass: pass_gc_irgs_primitive -- Trying irg 'r_func_43' -- No improvement
Using pass: pass_gc_irgs_primitive -- Trying irg 'r_func_77' -- No improvement
Using pass: pass_gc_irgs_primitive -- Trying irg 'r_func_72' -- No improvement
Using pass: pass_gc_irgs_primitive -- Trying irg 'r_func_44' -- No improvement
Using pass: pass_gc_irgs_primitive -- Trying irg 'r_func_83' -- No improvement
Using pass: pass_gc_irgs_primitive -- Trying irg 'r_func_46' -- No improvement
Using pass: pass_gc_irgs_primitive -- Trying irg 'r_func_9' -- No improvement
Using pass: pass_gc_irgs_primitive -- Trying irg 'r_func_93' -- No improvement
Using pass: pass_gc_irgs_primitive -- Trying irg 'r_func_55' -- No improvement
Using pass: pass_gc_irgs_primitive -- Trying irg 'r_func_66' -- No improvement
Using pass: pass_gc_irgs_primitive -- Trying irg 'r_func_72' -- No improvement
Using pass: pass_gc_irgs_primitive -- Trying irg 'r_func_55' -- No improvement
Using pass: pass_gc_irgs_primitive -- Trying irg 'r_func_24' -- No improvement
Using pass: pass_gc_irgs_primitive -- Trying irg 'r_func_51' -- No improvement
Using pass: pass_gc_irgs_primitive -- Trying irg 'r_func_42' -- No improvement
Using pass: pass_gc_irgs_primitive -- Trying irg 'r_func_3' -- No improvement
Using pass: pass_gc_irgs_primitive -- Trying irg 'r_func_51' -- No improvement
Using pass: pass_gc_irgs_primitive -- Trying irg 'r_func_64' -- No improvement
Using pass: pass_gc_irgs_primitive -- Trying irg 'r_func_52' -- No improvement
Using pass: pass_gc_irgs_primitive -- Trying irg 'r_func_4' -- No improvement
Using pass: pass_gc_irgs_primitive -- Trying irg 'r_func_29' -- No improvement
Using pass: pass_gc_irgs_primitive -- Trying irg 'r_func_99' -- No improvement
Using pass: pass_gc_irgs_primitive -- Trying irg 'r_func_65' -- No improvement
Using pass: pass_gc_irgs_primitive -- Trying irg 'r_func_72' -- No improvement
Using pass: pass_gc_irgs_primitive -- Trying irg 'r_func_22' -- No improvement
Using pass: pass_gc_irgs_primitive -- Trying irg 'r_func_4' -- No improvement
Using pass: pass_gc_irgs_primitive -- Trying irg 'r_func_25' -- No improvement
Using pass: pass_gc_irgs_primitive -- Trying irg 'r_func_69' -- No improvement
Using pass: pass_gc_irgs_primitive -- Trying irg 'r_func_51' -- No improvement
Using pass: pass_gc_irgs_primitive -- Trying irg 'r_func_9' -- No improvement
Using pass: pass_gc_irgs_primitive -- Trying irg 'r_func_53' -- No improvement
Using pass: pass_gc_irgs_primitive -- Trying irg 'r_func_9' -- No improvement
Using pass: pass_gc_irgs_primitive -- Trying irg 'r_func_38' -- No improvement
Using pass: pass_gc_irgs_primitive -- Trying irg 'r_func_76' -- No improvement
Using pass: pass_gc_irgs_primitive -- Trying irg 'r_func_91' -- No improvement
Using pass: pass_gc_irgs_primitive -- Trying irg 'r_func_7' -- No improvement
Using pass: pass_gc_irgs_primitive -- Trying irg 'r_func_68' -- No improvement
Using pass: pass_gc_irgs_primitive -- Trying irg 'r_func_92' -- No improvement
Using pass: pass_gc_irgs_primitive -- Trying irg 'r_func_87' -- No improvement
Using pass: pass_gc_irgs_primitive -- Trying irg 'r_func_78' -- No improvement
Using pass: pass_gc_irgs_primitive -- Trying irg 'r_func_72' -- No improvement
Using pass: pass_gc_irgs_primitive -- Trying irg 'r_func_93' -- No improvement
Using pass: pass_gc_irgs_primitive -- Trying irg 'r_func_86' -- No improvement
Using pass: pass_gc_irgs_primitive -- Trying irg 'r_func_91' -- No improvement
Using pass: pass_gc_irgs_primitive -- Trying irg 'r_func_4' -- No improvement
Using pass: pass_gc_irgs_primitive -- Trying irg 'r_func_7' -- No improvement
Using pass: pass_gc_irgs_primitive -- Trying irg 'r_func_64' -- No improvement
Using pass: pass_gc_irgs_primitive -- Trying irg 'r_func_78' -- No improvement
Using pass: pass_gc_irgs_primitive -- Trying irg 'r_func_7' -- No improvement
Using pass: pass_gc_irgs_primitive -- Trying irg 'r_func_25' -- No improvement
Using pass: pass_gc_irgs_primitive -- Trying irg 'r_func_61' -- No improvement
Using pass: pass_gc_irgs_primitive -- Trying irg 'r_func_4' -- No improvement
Using pass: pass_gc_irgs_primitive -- Trying irg 'r_func_92' -- No improvement
Using pass: pass_gc_irgs_primitive -- Trying irg 'r_func_12' -- No improvement
Using pass: pass_gc_irgs_primitive -- Trying irg 'r_func_92' -- No improvement
Using pass: pass_gc_irgs_primitive -- Trying irg 'r_func_89' -- No improvement
Using pass: pass_gc_irgs_primitive -- Trying irg 'r_func_90' -- No improvement
Using pass: pass_gc_irgs_primitive -- Trying irg 'r_func_12' -- No improvement
Using pass: pass_gc_irgs_primitive -- Trying irg 'r_func_69' -- No improvement
Using pass: pass_gc_irgs_primitive -- Trying irg 'r_func_65' -- No improvement
Using pass: pass_gc_irgs_primitive -- Trying irg 'r_func_29' -- No improvement
Using pass: pass_gc_irgs_primitive -- Trying irg 'r_func_94' -- No improvement
Using pass: pass_gc_irgs_primitive -- Trying irg 'r_func_93' -- No improvement
Using pass: pass_gc_irgs_primitive -- Trying irg 'r_func_11' -- No improvement
Using pass: pass_gc_irgs_primitive -- Trying irg 'r_func_92' -- No improvement
Using pass: pass_gc_irgs_primitive -- Trying irg 'r_func_37' -- No improvement
Using pass: pass_gc_irgs_primitive -- Trying irg 'r_func_29' -- No improvement
Using pass: pass_gc_irgs_primitive -- Trying irg 'r_func_8' -- No improvement
Using pass: pass_gc_irgs_primitive -- Trying irg 'r_func_52' -- No improvement
Using pass: pass_gc_irgs_primitive -- Trying irg 'r_func_76' -- No improvement
Using pass: pass_gc_irgs_primitive -- Trying irg 'r_func_14' -- No improvement
Using pass: pass_gc_irgs_primitive -- Trying irg 'r_func_83' -- No improvement
Using pass: pass_gc_irgs_primitive -- Trying irg 'r_func_52' -- No improvement
Using pass: pass_gc_irgs_primitive -- Trying irg 'r_func_11' -- No improvement
Using pass: pass_gc_irgs_primitive -- Trying irg 'r_func_7' -- No improvement
Using pass: pass_gc_irgs_primitive -- Trying irg 'r_func_25' -- No improvement
Using pass: pass_gc_irgs_primitive -- Trying irg 'r_func_76' -- No improvement
Using pass: pass_gc_irgs_primitive -- Trying irg 'r_func_37' -- No improvement
Using pass: pass_gc_irgs_primitive -- Trying irg 'r_func_69' -- No improvement
Using pass: pass_gc_irgs_primitive -- Trying irg 'r_func_76' -- No improvement
Using pass: pass_gc_irgs_primitive -- Trying irg 'r_func_31' -- No improvement
Using pass: pass_gc_irgs_primitive -- Trying irg 'r_func_83' -- No improvement
Using pass: pass_gc_irgs_primitive -- Trying irg 'r_func_86' -- No improvement
Using pass: pass_gc_irgs_primitive -- Trying irg 'r_func_52' -- No improvement
Using pass: pass_gc_irgs_primitive -- Trying irg 'r_func_93' -- No improvement
Using pass: pass_gc_irgs_primitive -- Trying irg 'r_func_11' -- No improvement
Using pass: pass_gc_irgs_primitive -- Trying irg 'r_func_60' -- No improvement
Using pass: pass_gc_irgs_primitive -- Trying irg 'r_func_61' -- No improvement
Using pass: pass_gc_irgs_primitive -- Trying irg 'r_func_74' -- No improvement
Using pass: pass_gc_irgs_primitive -- Trying irg 'r_func_16' -- No improvement
Using pass: pass_gc_irgs_primitive -- Trying irg 'r_func_11' -- No improvement
Using pass: pass_gc_irgs_primitive -- Trying irg 'r_func_81' -- No improvement
Using pass: pass_gc_irgs_primitive -- Trying irg 'r_func_14' -- No improvement
Using pass: pass_gc_irgs_primitive -- Trying irg 'r_func_31' -- No improvement
Using pass: pass_gc_irgs_primitive -- Trying irg 'r_func_65' -- No improvement
Using pass: pass_gc_irgs_primitive -- Trying irg 'r_func_98' -- No improvement
Using pass: pass_gc_irgs_primitive -- Trying irg 'r_func_25' -- No improvement
Using pass: pass_gc_irgs_primitive -- Trying irg 'r_func_9' -- No improvement
Using pass: pass_gc_irgs_primitive -- Trying irg 'r_func_3' -- No improvement
Using pass: pass_gc_irgs_primitive -- Trying irg 'r_func_33' -- No improvement
Using pass: pass_gc_irgs_primitive -- Trying irg 'r_func_75' -- No improvement
Using pass: pass_gc_irgs_primitive -- Trying irg 'r_func_12' -- No improvement
Using pass: pass_gc_irgs_primitive -- Trying irg 'r_func_8' -- No improvement
Using pass: pass_gc_irgs_primitive -- Trying irg 'r_func_91' -- No improvement
Using pass: pass_gc_irgs_primitive -- Trying irg 'r_func_33' -- No improvement
Using pass: pass_gc_irgs_primitive -- Trying irg 'r_func_8' -- No improvement
Using pass: pass_gc_irgs_primitive -- Trying irg 'r_func_86' -- No improvement
Using pass: pass_gc_irgs_primitive -- Trying irg 'r_func_37' -- No improvement
Using pass: pass_gc_irgs_primitive -- Trying irg 'r_func_34' -- No improvement
Using pass: pass_gc_irgs_primitive -- Trying irg 'r_func_49' -- No improvement
Using pass: pass_gc_irgs_primitive -- Trying irg 'r_func_91' -- No improvement
Using pass: pass_gc_irgs_primitive -- Trying irg 'r_func_55' -- No improvement
Using pass: pass_gc_irgs_primitive -- Trying irg 'r_func_98' -- No improvement
Using pass: pass_gc_irgs_primitive -- Trying irg 'r_func_51' -- No improvement
Using pass: pass_gc_irgs_primitive -- Trying irg 'r_func_83' -- No improvement
Using pass: pass_gc_irgs_primitive -- Trying irg 'r_func_96' -- No improvement
Using pass: pass_gc_irgs_primitive -- Trying irg 'r_func_94' -- No improvement
Using pass: pass_gc_irgs_primitive -- Trying irg 'r_func_50' -- No improvement
Using pass: pass_gc_irgs_primitive -- Trying irg 'r_func_38' -- No improvement
Using pass: pass_gc_irgs_primitive -- Trying irg 'r_func_35' -- No improvement
Using pass: pass_gc_irgs_primitive -- Trying irg 'r_func_93' -- No improvement
Using pass: pass_gc_irgs_primitive -- Trying irg 'r_func_1' -- No improvement
Using pass: pass_gc_irgs_primitive -- Trying irg 'r_func_35' -- No improvement
Using pass: pass_gc_irgs_primitive -- Trying irg 'r_func_96' -- No improvement
Using pass: pass_gc_irgs_primitive -- Trying irg 'r_func_42' -- No improvement
Using pass: pass_gc_irgs_primitive -- Trying irg 'r_func_72' -- No improvement
Using pass: pass_gc_irgs_primitive -- Trying irg 'r_func_50' -- No improvement
Using pass: pass_gc_irgs_primitive -- Trying irg 'r_func_49' -- No improvement
Using pass: pass_gc_irgs_primitive -- Trying irg 'r_func_66' -- No improvement
Using pass: pass_gc_irgs_primitive -- Trying irg 'r_func_5' -- No improvement
Using pass: pass_gc_irgs_primitive -- Trying irg 'r_func_4' -- No improvement
Using pass: pass_gc_irgs_primitive -- Trying irg 'r_func_13' -- No improvement
Using pass: pass_gc_irgs_primitive -- Trying irg 'r_func_96' -- No improvement
Using pass: pass_gc_irgs_primitive -- Trying irg 'r_func_37' -- No improvement
Using pass: pass_gc_irgs_primitive -- Trying irg 'r_func_53' -- No improvement
Using pass: pass_gc_irgs_primitive -- Trying irg 'r_func_52' -- No improvement
Using pass: pass_gc_irgs_primitive -- Trying irg 'r_func_94' -- No improvement
Using pass: pass_gc_irgs_primitive -- Trying irg 'r_func_1' -- No improvement
Using pass: pass_gc_irgs_primitive -- Trying irg 'r_func_50' -- No improvement
Using pass: pass_gc_irgs_primitive -- Trying irg 'r_func_87' -- No improvement
Using pass: pass_gc_irgs_primitive -- Trying irg 'r_func_1' -- No improvement
Using pass: pass_gc_irgs_primitive -- Trying irg 'r_func_37' -- No improvement
Using pass: pass_gc_irgs_primitive -- Trying irg 'r_func_52' -- No improvement
Using pass: pass_gc_irgs_primitive -- Trying irg 'r_func_12' -- No improvement
Using pass: pass_gc_irgs_primitive -- Trying irg 'r_func_74' -- No improvement
Using pass: pass_gc_irgs_primitive -- Trying irg 'r_func_29' -- No improvement
Using pass: pass_gc_irgs_primitive -- Trying irg 'r_func_14' -- No improvement
Using pass: pass_gc_irgs_primitive -- Trying irg 'r_func_30' -- No improvement
Using pass: pass_gc_irgs_primitive -- Trying irg 'r_func_64' -- No improvement
Using pass: pass_gc_irgs_primitive -- Trying irg 'r_func_7' -- No improvement
Using pass: pass_gc_irgs_primitive -- Trying irg 'r_func_75' -- No improvement
Using pass: pass_gc_irgs_primitive -- Trying irg 'r_func_14' -- No improvement
Using pass: pass_gc_irgs_primitive -- Trying irg 'r_func_34' -- No improvement
Using pass: pass_gc_irgs_primitive -- Trying irg 'r_func_38' -- No improvement
Using pass: pass_gc_irgs_primitive -- Trying irg 'r_func_48' -- No improvement
Using pass: pass_gc_irgs_primitive -- Trying irg 'r_func_25' -- No improvement
Using pass: pass_gc_irgs_primitive -- Trying irg 'r_func_31' -- No improvement
Using pass: pass_gc_irgs_primitive -- Trying irg 'r_func_4' -- No improvement
Using pass: pass_gc_irgs_primitive -- Trying irg 'r_func_69' -- No improvement
Using pass: pass_gc_irgs_primitive -- Trying irg 'r_func_53' -- No improvement
Using pass: pass_gc_irgs_primitive -- Trying irg 'r_func_66' -- No improvement
Using pass: pass_gc_irgs_primitive -- Trying irg 'r_func_81' -- No improvement
Using pass: pass_gc_irgs_primitive -- Trying irg 'r_func_52' -- No improvement
Using pass: pass_gc_irgs_primitive -- Trying irg 'r_func_83' -- No improvement
Using pass: pass_gc_irgs_primitive -- Trying irg 'r_func_9' -- No improvement
Using pass: pass_gc_irgs_primitive -- Trying irg 'r_func_1' -- No improvement
Using pass: pass_gc_irgs_primitive -- Trying irg 'r_func_34' -- No improvement
Using pass: pass_gc_irgs_primitive -- Trying irg 'r_func_83' -- No improvement
Using pass: pass_gc_irgs_primitive -- Trying irg 'r_func_3' -- No improvement
Using pass: pass_gc_irgs_primitive -- Trying irg 'r_func_83' -- No improvement
Using pass: pass_gc_irgs_primitive -- Trying irg 'r_func_14' -- No improvement
Using pass: pass_gc_irgs_primitive -- Trying irg 'r_func_69' -- No improvement
Using pass: pass_gc_irgs_primitive -- Trying irg 'r_func_37' -- No improvement
Using pass: pass_gc_irgs_primitive -- Trying irg 'r_func_35' -- No improvement
Using pass: pass_gc_irgs_primitive -- Trying irg 'r_func_81' -- No improvement
Using pass: pass_gc_irgs_primitive -- Trying irg 'r_func_91' -- No improvement
Using pass: pass_gc_irgs_primitive -- Trying irg 'r_func_72' -- No improvement
Using pass: pass_gc_irgs_primitive -- Trying irg 'r_func_51' -- No improvement
Using pass: pass_gc_irgs_primitive -- Trying irg 'r_func_72' -- No improvement
Using pass: pass_gc_irgs_primitive -- Trying irg 'r_func_14' -- No improvement
Using pass: pass_gc_irgs_primitive -- Trying irg 'r_func_8' -- No improvement
Using pass: pass_gc_irgs_primitive -- Trying irg 'r_func_16' -- No improvement
Using pass: pass_gc_irgs_primitive -- Trying irg 'r_func_74' -- No improvement
Using pass: pass_gc_irgs_primitive -- Trying irg 'r_func_75' -- No improvement
Using pass: pass_gc_irgs_primitive -- Trying irg 'r_func_1' -- No improvement
Using pass: pass_gc_irgs_primitive -- Trying irg 'r_func_14' -- No improvement
Using pass: pass_gc_irgs_primitive -- Trying irg 'r_func_24' -- No improvement
Using pass: pass_gc_irgs_primitive -- Trying irg 'r_func_93' -- No improvement
Using pass: pass_gc_irgs_primitive -- Trying irg 'r_func_7' -- No improvement
Using pass: pass_gc_irgs_primitive -- Trying irg 'r_func_53' -- No improvement
Using pass: pass_gc_irgs_primitive -- Trying irg 'r_func_52' -- No improvement
Using pass: pass_gc_irgs_primitive -- Trying irg 'r_func_30' -- No improvement
Using pass: pass_gc_irgs_primitive -- Trying irg 'r_func_65' -- No improvement
Using pass: pass_gc_irgs_primitive -- Trying irg 'r_func_72' -- No improvement
Using pass: pass_gc_irgs_primitive -- Trying irg 'r_func_1' -- No improvement
Using pass: pass_gc_irgs_primitive -- Trying irg 'r_func_50' -- No improvement
Using pass: pass_gc_irgs_primitive -- Trying irg 'r_func_50' -- No improvement
Using pass: pass_gc_irgs_primitive -- Trying irg 'r_func_42' -- No improvement
Using pass: pass_gc_irgs_primitive -- Trying irg 'r_func_34' -- No improvement
Using pass: pass_gc_irgs_primitive -- Trying irg 'r_func_91' -- No improvement
Using pass: pass_gc_irgs_primitive -- Trying irg 'r_func_33' -- No improvement
Using pass: pass_gc_irgs_primitive -- Trying irg 'r_func_43' -- No improvement
Using pass: pass_gc_irgs_primitive -- Trying irg 'r_func_31' -- No improvement
Using pass: pass_gc_irgs_primitive -- Trying irg 'r_func_74' -- No improvement
Using pass: pass_gc_irgs_primitive -- Trying irg 'r_func_66' -- No improvement
Using pass: pass_gc_irgs_primitive -- Trying irg 'r_func_69' -- No improvement
Using pass: pass_gc_irgs_primitive -- Trying irg 'r_func_65' -- No improvement
Using pass: pass_gc_irgs_primitive -- Trying irg 'r_func_53' -- No improvement
Using pass: pass_gc_irgs_primitive -- Trying irg 'r_func_38' -- No improvement
Using pass: pass_gc_irgs_primitive -- Trying irg 'r_func_66' -- No improvement
Using pass: pass_gc_irgs_primitive -- Trying irg 'r_func_48' -- No improvement
Using pass: pass_gc_irgs_primitive -- Trying irg 'r_func_5' -- No improvement
Using pass: pass_gc_irgs_primitive -- Trying irg 'r_func_66' -- No improvement
Using pass: pass_gc_irgs_primitive -- Trying irg 'r_func_52' -- No improvement
Using pass: pass_gc_irgs_primitive -- Trying irg 'r_func_74' -- No improvement
Using pass: pass_gc_irgs_primitive -- Trying irg 'r_func_74' -- No improvement
Using pass: pass_gc_irgs_primitive -- Trying irg 'r_func_31' -- No improvement
Using pass: pass_gc_irgs_primitive -- Trying irg 'r_func_34' -- No improvement
Using pass: pass_gc_irgs_primitive -- Trying irg 'r_func_4' -- No improvement
Using pass: pass_gc_irgs_primitive -- Trying irg 'r_func_4' -- No improvement
Using pass: pass_gc_irgs_primitive -- Trying irg 'r_func_76' -- No improvement
Using pass: pass_gc_irgs_primitive -- Trying irg 'r_func_38' -- No improvement
Using pass: pass_gc_irgs_primitive -- Trying irg 'r_func_53' -- No improvement
Using pass: pass_gc_irgs_primitive -- Trying irg 'r_func_14' -- No improvement
Using pass: pass_gc_irgs_primitive -- Trying irg 'r_func_69' -- No improvement
Using pass: pass_gc_irgs_primitive -- Trying irg 'r_func_96' -- No improvement
Using pass: pass_gc_irgs_primitive -- Trying irg 'r_func_65' -- No improvement
Using pass: pass_gc_irgs_primitive -- Trying irg 'r_func_22' -- No improvement
Using pass: pass_gc_irgs_primitive -- Trying irg 'r_func_14' -- No improvement
Using pass: pass_gc_irgs_primitive -- Trying irg 'r_func_51' -- No improvement
Using pass: pass_gc_irgs_primitive -- Trying irg 'r_func_38' -- No improvement
Using pass: pass_gc_irgs_primitive -- Trying irg 'r_func_35' -- No improvement
Using pass: pass_gc_irgs_primitive -- Trying irg 'r_func_31' -- No improvement
Using pass: pass_gc_irgs_primitive -- Trying irg 'r_func_98' -- No improvement
Using pass: pass_gc_irgs_primitive -- Trying irg 'r_func_13' -- No improvement
Using pass: pass_gc_irgs_primitive -- Trying irg 'r_func_3' -- No improvement
Using pass: pass_gc_irgs_primitive -- Trying irg 'r_func_31' -- No improvement
Using pass: pass_gc_irgs_primitive -- Trying irg 'r_func_1' -- No improvement
Using pass: pass_gc_irgs_primitive -- Trying irg 'r_func_72' -- No improvement
Using pass: pass_gc_irgs_primitive -- Trying irg 'r_func_50' -- No improvement
Using pass: pass_gc_irgs_primitive -- Trying irg 'r_func_34' -- No improvement
Using pass: pass_gc_irgs_primitive -- Trying irg 'r_func_14' -- No improvement
Using pass: pass_gc_irgs_primitive -- Trying irg 'r_func_53' -- No improvement
Using pass: pass_gc_irgs_primitive -- Trying irg 'r_func_34' -- No improvement
Using pass: pass_gc_irgs_primitive -- Trying irg 'r_func_42' -- No improvement
Using pass: pass_gc_irgs_primitive -- Trying irg 'r_func_34' -- No improvement
Using pass: pass_gc_irgs_primitive -- Trying irg 'r_func_42' -- No improvement
Using pass: pass_gc_irgs_primitive -- Trying irg 'r_func_22' -- No improvement
Using pass: pass_gc_irgs_primitive -- Trying irg 'r_func_7' -- No improvement
Using pass: pass_gc_irgs_primitive -- Trying irg 'r_func_91' -- No improvement
Using pass: pass_gc_irgs_primitive -- Trying irg 'r_func_69' -- No improvement
Using pass: pass_gc_irgs_primitive -- Trying irg 'r_func_14' -- No improvement
Using pass: pass_gc_irgs_primitive -- Trying irg 'r_func_53' -- No improvement
Using pass: pass_gc_irgs_primitive -- Trying irg 'r_func_22' -- No improvement
Using pass: pass_gc_irgs_primitive -- Trying irg 'r_func_50' -- No improvement
Using pass: pass_gc_irgs_primitive -- Trying irg 'r_func_48' -- No improvement
Using pass: pass_gc_irgs_primitive -- Trying irg 'r_func_24' -- No improvement
Using pass: pass_gc_irgs_primitive -- Trying irg 'r_func_33' -- No improvement
Using pass: pass_gc_irgs_primitive -- Trying irg 'r_func_50' -- No improvement
Using pass: pass_gc_irgs_primitive -- Trying irg 'r_func_14' -- No improvement
Using pass: pass_gc_irgs_primitive -- Trying irg 'r_func_89' -- No improvement
Using pass: pass_gc_irgs_primitive -- Trying irg 'r_func_4' -- No improvement
Using pass: pass_gc_irgs_primitive -- Trying irg 'r_func_98' -- No improvement
Using pass: pass_gc_irgs_primitive -- Trying irg 'r_func_69' -- No improvement
Using pass: pass_gc_irgs_primitive -- Trying irg 'r_func_48' -- No improvement
Using pass: pass_gc_irgs_primitive -- Trying irg 'r_func_53' -- No improvement
Using pass: pass_gc_irgs_primitive -- Trying irg 'r_func_64' -- No improvement
Using pass: pass_gc_irgs_primitive -- Trying irg 'r_func_76' -- No improvement
Using pass: pass_gc_irgs_primitive -- Trying irg 'r_func_89' -- No improvement
Using pass: pass_gc_irgs_primitive -- Trying irg 'r_func_87' -- No improvement
Using pass: pass_gc_irgs_primitive -- Trying irg 'r_func_96' -- No improvement
Using pass: pass_gc_irgs_primitive -- Trying irg 'r_func_50' -- No improvement
Using pass: pass_gc_irgs_primitive -- Trying irg 'r_func_66' -- No improvement
Using pass: pass_gc_irgs_primitive -- Trying irg 'r_func_64' -- No improvement
Using pass: pass_gc_irgs_primitive -- Trying irg 'r_func_93' -- No improvement
Using pass: pass_gc_irgs_primitive -- Trying irg 'r_func_76' -- No improvement
Using pass: pass_gc_irgs_primitive -- Trying irg 'r_func_9' -- No improvement
Using pass: pass_gc_irgs_primitive -- Trying irg 'r_func_74' -- No improvement
Using pass: pass_gc_irgs_primitive -- Trying irg 'r_func_30' -- No improvement
Using pass: pass_gc_irgs_primitive -- Trying irg 'r_func_22' -- No improvement
Using pass: pass_gc_irgs_primitive -- Trying irg 'r_func_14' -- No improvement
Using pass: pass_gc_irgs_primitive -- Trying irg 'r_func_22' -- No improvement
Using pass: pass_gc_irgs_primitive -- Trying irg 'r_func_34' -- No improvement
Using pass: pass_gc_irgs_primitive -- Trying irg 'r_func_35' -- No improvement
Using pass: pass_gc_irgs_primitive -- Trying irg 'r_func_13' -- No improvement
Using pass: pass_gc_irgs_primitive -- Trying irg 'r_func_53' -- No improvement
Using pass: pass_gc_irgs_primitive -- Trying irg 'r_func_87' -- No improvement
Using pass: pass_gc_irgs_primitive -- Trying irg 'r_func_3' -- No improvement
Using pass: pass_gc_irgs_primitive -- Trying irg 'r_func_5' -- No improvement
Using pass: pass_gc_irgs_primitive -- Trying irg 'r_func_66' -- No improvement
Using pass: pass_gc_irgs_primitive -- Trying irg 'r_func_87' -- No improvement
Using pass: pass_gc_irgs_primitive -- Trying irg 'r_func_30' -- No improvement
Using pass: pass_gc_irgs_primitive -- Trying irg 'r_func_14' -- No improvement
Using pass: pass_gc_irgs_primitive -- Trying irg 'r_func_89' -- No improvement
Using pass: pass_gc_irgs_primitive -- Trying irg 'r_func_43' -- No improvement
Using pass: pass_gc_irgs_primitive -- Trying irg 'r_func_42' -- No improvement
Using pass: pass_gc_irgs_primitive -- Trying irg 'r_func_75' -- No improvement
Using pass: pass_gc_irgs_primitive -- Trying irg 'r_func_51' -- No improvement
Using pass: pass_gc_irgs_primitive -- Trying irg 'r_func_42' -- No improvement
Using pass: pass_gc_irgs_primitive -- Trying irg 'r_func_64' -- No improvement

______________________________

No further reduction possible.

Result:
	# of nodes: 			7
	# of irgs: 				1
	# of cf manipulations: 	2
	# of memory operations: 0
	# of types: 			2741

2018-08-23 20:22:31