2018-08-23 21:23:25 -- Firmreduce -- Results

Initial Test-case size:
	# of nodes: 			13659
	# of irgs: 				4
	# of cf manipulations: 	274
	# of memory operations: 2069
	# of types: 			2348


Using pass: pass_libfirm_do_loop_peeling
	 :: Pass failed on irg 'r_func_2'
	 :: Pass failed on irg '_main'
	 :: Pass failed on irg 'r_func_1' -- No improvement
	# of nodes: 			13659
	# of irgs: 				4
	# of cf manipulations: 	274
	# of memory operations: 2069
	# of types: 			2348



Using pass: pass_libfirm_remove_critical_cf_edges -- Successful
	# of nodes: 			13915
	# of irgs: 				4
	# of cf manipulations: 	402
	# of memory operations: 2069
	# of types: 			2348



Using pass: pass_libfirm_optimize_reassociation -- Successful
	# of nodes: 			13907
	# of irgs: 				4
	# of cf manipulations: 	402
	# of memory operations: 2069
	# of types: 			2348



Using pass: pass_remove_stores -- Successful
	# of nodes: 			672
	# of irgs: 				4
	# of cf manipulations: 	12
	# of memory operations: 299
	# of types: 			2348



Using pass: pass_libfirm_remove_bads -- No improvement
	# of nodes: 			672
	# of irgs: 				4
	# of cf manipulations: 	12
	# of memory operations: 299
	# of types: 			2348



Using pass: pass_libfirm_scalar_replacement_opt -- No improvement
	# of nodes: 			672
	# of irgs: 				4
	# of cf manipulations: 	12
	# of memory operations: 299
	# of types: 			2348



Using pass: pass_libfirm_gvn_pre -- No improvement
	# of nodes: 			672
	# of irgs: 				4
	# of cf manipulations: 	12
	# of memory operations: 299
	# of types: 			2348



Using pass: pass_libfirm_remove_unreachable -- No improvement
	# of nodes: 			672
	# of irgs: 				4
	# of cf manipulations: 	12
	# of memory operations: 299
	# of types: 			2348



Using pass: pass_libfirm_remove_critical_cf_edges -- No improvement
	# of nodes: 			672
	# of irgs: 				4
	# of cf manipulations: 	12
	# of memory operations: 299
	# of types: 			2348



Using pass: pass_libfirm_remove_critical_cf_edges -- No improvement
	# of nodes: 			672
	# of irgs: 				4
	# of cf manipulations: 	12
	# of memory operations: 299
	# of types: 			2348



Using pass: pass_libfirm_optimize_graph_df -- No improvement
	# of nodes: 			672
	# of irgs: 				4
	# of cf manipulations: 	12
	# of memory operations: 299
	# of types: 			2348



Using pass: pass_libfirm_normalize_n_returns -- No improvement
	# of nodes: 			672
	# of irgs: 				4
	# of cf manipulations: 	12
	# of memory operations: 299
	# of types: 			2348



Using pass: pass_libfirm_opt_if_conv -- No improvement
	# of nodes: 			672
	# of irgs: 				4
	# of cf manipulations: 	12
	# of memory operations: 299
	# of types: 			2348



Using pass: pass_libfirm_combo -- No improvement
	# of nodes: 			672
	# of irgs: 				4
	# of cf manipulations: 	12
	# of memory operations: 299
	# of types: 			2348



Using pass: pass_libfirm_opt_jumpthreading -- No improvement
	# of nodes: 			672
	# of irgs: 				4
	# of cf manipulations: 	12
	# of memory operations: 299
	# of types: 			2348



Using pass: pass_libfirm_optimize_load_store -- No improvement
	# of nodes: 			672
	# of irgs: 				4
	# of cf manipulations: 	12
	# of memory operations: 299
	# of types: 			2348



Using pass: pass_libfirm_optimize_graph_df -- No improvement
	# of nodes: 			672
	# of irgs: 				4
	# of cf manipulations: 	12
	# of memory operations: 299
	# of types: 			2348



Using pass: pass_libfirm_remove_critical_cf_edges -- No improvement
	# of nodes: 			672
	# of irgs: 				4
	# of cf manipulations: 	12
	# of memory operations: 299
	# of types: 			2348



Using pass: pass_remove_allocs -- Successful
	# of nodes: 			34
	# of irgs: 				4
	# of cf manipulations: 	9
	# of memory operations: 1
	# of types: 			2348



Using pass: pass_libfirm_dead_code_elimination -- No improvement
	# of nodes: 			34
	# of irgs: 				4
	# of cf manipulations: 	9
	# of memory operations: 1
	# of types: 			2348



Using pass: pass_libfirm_opt_parallelize_mem -- No improvement
	# of nodes: 			34
	# of irgs: 				4
	# of cf manipulations: 	9
	# of memory operations: 1
	# of types: 			2348



Using pass: pass_libfirm_remove_unreachable -- No improvement
	# of nodes: 			34
	# of irgs: 				4
	# of cf manipulations: 	9
	# of memory operations: 1
	# of types: 			2348



Using pass: pass_libfirm_optimize_load_store -- No improvement
	# of nodes: 			34
	# of irgs: 				4
	# of cf manipulations: 	9
	# of memory operations: 1
	# of types: 			2348



Using pass: pass_remove_void_calls -- Successful
	# of nodes: 			30
	# of irgs: 				4
	# of cf manipulations: 	9
	# of memory operations: 0
	# of types: 			2348



Using pass: pass_simplify_consts -- Successful
	# of nodes: 			30
	# of irgs: 				4
	# of cf manipulations: 	9
	# of memory operations: 0
	# of types: 			2348



Using pass: pass_libfirm_optimize_graph_df -- No improvement
	# of nodes: 			30
	# of irgs: 				4
	# of cf manipulations: 	9
	# of memory operations: 0
	# of types: 			2348



Using pass: pass_libfirm_conv_opt -- No improvement
	# of nodes: 			30
	# of irgs: 				4
	# of cf manipulations: 	9
	# of memory operations: 0
	# of types: 			2348



Using pass: pass_libfirm_scalar_replacement_opt -- No improvement
	# of nodes: 			30
	# of irgs: 				4
	# of cf manipulations: 	9
	# of memory operations: 0
	# of types: 			2348



Using pass: pass_libfirm_do_loop_inversion -- No improvement
	# of nodes: 			30
	# of irgs: 				4
	# of cf manipulations: 	9
	# of memory operations: 0
	# of types: 			2348



Using pass: pass_libfirm_gvn_pre -- No improvement
	# of nodes: 			30
	# of irgs: 				4
	# of cf manipulations: 	9
	# of memory operations: 0
	# of types: 			2348



Using pass: pass_libfirm_scalar_replacement_opt -- No improvement
	# of nodes: 			30
	# of irgs: 				4
	# of cf manipulations: 	9
	# of memory operations: 0
	# of types: 			2348



Using pass: pass_libfirm_conv_opt -- No improvement
	# of nodes: 			30
	# of irgs: 				4
	# of cf manipulations: 	9
	# of memory operations: 0
	# of types: 			2348



Using pass: pass_replace_loads -- No improvement
	# of nodes: 			30
	# of irgs: 				4
	# of cf manipulations: 	9
	# of memory operations: 0
	# of types: 			2348



Using pass: pass_replace_loads -- No improvement
	# of nodes: 			30
	# of irgs: 				4
	# of cf manipulations: 	9
	# of memory operations: 0
	# of types: 			2348



Using pass: pass_replace_cond_selectors -- No improvement
	# of nodes: 			30
	# of irgs: 				4
	# of cf manipulations: 	9
	# of memory operations: 0
	# of types: 			2348



Using pass: pass_replace_proj_primitive -- No improvement
	# of nodes: 			30
	# of irgs: 				4
	# of cf manipulations: 	9
	# of memory operations: 0
	# of types: 			2348



Using pass: pass_libfirm_remove_bads -- No improvement
	# of nodes: 			30
	# of irgs: 				4
	# of cf manipulations: 	9
	# of memory operations: 0
	# of types: 			2348



Using pass: pass_simplify_consts -- No improvement
	# of nodes: 			30
	# of irgs: 				4
	# of cf manipulations: 	9
	# of memory operations: 0
	# of types: 			2348



Using pass: pass_libfirm_opt_funccalls -- No improvement
	# of nodes: 			30
	# of irgs: 				4
	# of cf manipulations: 	9
	# of memory operations: 0
	# of types: 			2348



Using pass: pass_remove_stores -- No improvement
	# of nodes: 			30
	# of irgs: 				4
	# of cf manipulations: 	9
	# of memory operations: 0
	# of types: 			2348



Using pass: pass_libfirm_opt_tail_rec -- No improvement
	# of nodes: 			30
	# of irgs: 				4
	# of cf manipulations: 	9
	# of memory operations: 0
	# of types: 			2348



Using pass: pass_remove_stores -- No improvement
	# of nodes: 			30
	# of irgs: 				4
	# of cf manipulations: 	9
	# of memory operations: 0
	# of types: 			2348



Using pass: pass_libfirm_remove_unreachable -- No improvement
	# of nodes: 			30
	# of irgs: 				4
	# of cf manipulations: 	9
	# of memory operations: 0
	# of types: 			2348



Using pass: pass_libfirm_opt_blocks -- No improvement
	# of nodes: 			30
	# of irgs: 				4
	# of cf manipulations: 	9
	# of memory operations: 0
	# of types: 			2348



Using pass: pass_libfirm_opt_jumpthreading -- No improvement
	# of nodes: 			30
	# of irgs: 				4
	# of cf manipulations: 	9
	# of memory operations: 0
	# of types: 			2348



Using pass: pass_replace_switch_selectors -- No improvement
	# of nodes: 			30
	# of irgs: 				4
	# of cf manipulations: 	9
	# of memory operations: 0
	# of types: 			2348



Using pass: pass_replace_return_values -- No improvement
	# of nodes: 			30
	# of irgs: 				4
	# of cf manipulations: 	9
	# of memory operations: 0
	# of types: 			2348



Using pass: pass_libfirm_conv_opt -- No improvement
	# of nodes: 			30
	# of irgs: 				4
	# of cf manipulations: 	9
	# of memory operations: 0
	# of types: 			2348



Using pass: pass_libfirm_optimize_graph_df -- No improvement
	# of nodes: 			30
	# of irgs: 				4
	# of cf manipulations: 	9
	# of memory operations: 0
	# of types: 			2348



Using pass: pass_libfirm_optimize_reassociation -- No improvement
	# of nodes: 			30
	# of irgs: 				4
	# of cf manipulations: 	9
	# of memory operations: 0
	# of types: 			2348



Using pass: pass_libfirm_occult_consts -- No improvement
	# of nodes: 			30
	# of irgs: 				4
	# of cf manipulations: 	9
	# of memory operations: 0
	# of types: 			2348



Using pass: pass_replace_switch_selectors -- No improvement
	# of nodes: 			30
	# of irgs: 				4
	# of cf manipulations: 	9
	# of memory operations: 0
	# of types: 			2348



Using pass: pass_libfirm_optimize_graph_df -- No improvement
	# of nodes: 			30
	# of irgs: 				4
	# of cf manipulations: 	9
	# of memory operations: 0
	# of types: 			2348



Using pass: pass_libfirm_remove_bads -- No improvement
	# of nodes: 			30
	# of irgs: 				4
	# of cf manipulations: 	9
	# of memory operations: 0
	# of types: 			2348



Using pass: pass_gc_irgs -- Successful
	# of nodes: 			16
	# of irgs: 				2
	# of cf manipulations: 	5
	# of memory operations: 0
	# of types: 			2348



Using pass: pass_libfirm_remove_critical_cf_edges -- No improvement
	# of nodes: 			16
	# of irgs: 				2
	# of cf manipulations: 	5
	# of memory operations: 0
	# of types: 			2348



Using pass: pass_replace_proj_primitive -- No improvement
	# of nodes: 			16
	# of irgs: 				2
	# of cf manipulations: 	5
	# of memory operations: 0
	# of types: 			2348



Using pass: pass_check_validity -- No improvement
	# of nodes: 			16
	# of irgs: 				2
	# of cf manipulations: 	5
	# of memory operations: 0
	# of types: 			2348



Using pass: pass_libfirm_opt_frame -- No improvement
	# of nodes: 			16
	# of irgs: 				2
	# of cf manipulations: 	5
	# of memory operations: 0
	# of types: 			2348



Using pass: pass_libfirm_opt_frame -- No improvement
	# of nodes: 			16
	# of irgs: 				2
	# of cf manipulations: 	5
	# of memory operations: 0
	# of types: 			2348



Using pass: pass_libfirm_construct_confirms -- No improvement
	# of nodes: 			16
	# of irgs: 				2
	# of cf manipulations: 	5
	# of memory operations: 0
	# of types: 			2348



Using pass: pass_libfirm_optimize_graph_df -- No improvement
	# of nodes: 			16
	# of irgs: 				2
	# of cf manipulations: 	5
	# of memory operations: 0
	# of types: 			2348



Using pass: pass_libfirm_opt_funccalls -- No improvement
	# of nodes: 			16
	# of irgs: 				2
	# of cf manipulations: 	5
	# of memory operations: 0
	# of types: 			2348



Using pass: pass_libfirm_gvn_pre -- No improvement
	# of nodes: 			16
	# of irgs: 				2
	# of cf manipulations: 	5
	# of memory operations: 0
	# of types: 			2348



Using pass: pass_replace_members -- No improvement
	# of nodes: 			16
	# of irgs: 				2
	# of cf manipulations: 	5
	# of memory operations: 0
	# of types: 			2348



Using pass: pass_libfirm_optimize_load_store -- No improvement
	# of nodes: 			16
	# of irgs: 				2
	# of cf manipulations: 	5
	# of memory operations: 0
	# of types: 			2348



Using pass: pass_libfirm_occult_consts -- No improvement
	# of nodes: 			16
	# of irgs: 				2
	# of cf manipulations: 	5
	# of memory operations: 0
	# of types: 			2348



Using pass: pass_libfirm_normalize_n_returns -- No improvement
	# of nodes: 			16
	# of irgs: 				2
	# of cf manipulations: 	5
	# of memory operations: 0
	# of types: 			2348



Using pass: pass_libfirm_opt_tail_rec -- No improvement
	# of nodes: 			16
	# of irgs: 				2
	# of cf manipulations: 	5
	# of memory operations: 0
	# of types: 			2348



Using pass: pass_libfirm_opt_funccalls -- No improvement
	# of nodes: 			16
	# of irgs: 				2
	# of cf manipulations: 	5
	# of memory operations: 0
	# of types: 			2348



Using pass: pass_replace_proj_primitive -- No improvement
	# of nodes: 			16
	# of irgs: 				2
	# of cf manipulations: 	5
	# of memory operations: 0
	# of types: 			2348



Using pass: pass_libfirm_do_loop_unrolling -- No improvement
	# of nodes: 			16
	# of irgs: 				2
	# of cf manipulations: 	5
	# of memory operations: 0
	# of types: 			2348



Using pass: pass_libfirm_opt_parallelize_mem -- No improvement
	# of nodes: 			16
	# of irgs: 				2
	# of cf manipulations: 	5
	# of memory operations: 0
	# of types: 			2348



Using pass: pass_libfirm_combo -- No improvement
	# of nodes: 			16
	# of irgs: 				2
	# of cf manipulations: 	5
	# of memory operations: 0
	# of types: 			2348



Using pass: pass_libfirm_opt_jumpthreading -- No improvement
	# of nodes: 			16
	# of irgs: 				2
	# of cf manipulations: 	5
	# of memory operations: 0
	# of types: 			2348



Using pass: pass_libfirm_scalar_replacement_opt -- No improvement
	# of nodes: 			16
	# of irgs: 				2
	# of cf manipulations: 	5
	# of memory operations: 0
	# of types: 			2348



Using pass: pass_replace_cond_selectors -- No improvement
	# of nodes: 			16
	# of irgs: 				2
	# of cf manipulations: 	5
	# of memory operations: 0
	# of types: 			2348



Using pass: pass_libfirm_optimize_cf -- No improvement
	# of nodes: 			16
	# of irgs: 				2
	# of cf manipulations: 	5
	# of memory operations: 0
	# of types: 			2348



Using pass: pass_libfirm_scalar_replacement_opt -- No improvement
	# of nodes: 			16
	# of irgs: 				2
	# of cf manipulations: 	5
	# of memory operations: 0
	# of types: 			2348



Using pass: pass_remove_void_calls -- No improvement
	# of nodes: 			16
	# of irgs: 				2
	# of cf manipulations: 	5
	# of memory operations: 0
	# of types: 			2348



Using pass: pass_libfirm_opt_blocks -- No improvement
	# of nodes: 			16
	# of irgs: 				2
	# of cf manipulations: 	5
	# of memory operations: 0
	# of types: 			2348



Using pass: pass_libfirm_optimize_reassociation -- No improvement
	# of nodes: 			16
	# of irgs: 				2
	# of cf manipulations: 	5
	# of memory operations: 0
	# of types: 			2348



Using pass: pass_libfirm_optimize_reassociation -- No improvement
	# of nodes: 			16
	# of irgs: 				2
	# of cf manipulations: 	5
	# of memory operations: 0
	# of types: 			2348



Using pass: pass_libfirm_conv_opt -- No improvement
	# of nodes: 			16
	# of irgs: 				2
	# of cf manipulations: 	5
	# of memory operations: 0
	# of types: 			2348



Using pass: pass_libfirm_remove_unreachable -- No improvement
	# of nodes: 			16
	# of irgs: 				2
	# of cf manipulations: 	5
	# of memory operations: 0
	# of types: 			2348



Using pass: pass_replace_arithmetic -- No improvement
	# of nodes: 			16
	# of irgs: 				2
	# of cf manipulations: 	5
	# of memory operations: 0
	# of types: 			2348



Using pass: pass_libfirm_do_loop_unrolling -- No improvement
	# of nodes: 			16
	# of irgs: 				2
	# of cf manipulations: 	5
	# of memory operations: 0
	# of types: 			2348



Using pass: pass_gc_irgs -- No improvement
	# of nodes: 			16
	# of irgs: 				2
	# of cf manipulations: 	5
	# of memory operations: 0
	# of types: 			2348



Using pass: pass_simplify_consts -- No improvement
	# of nodes: 			16
	# of irgs: 				2
	# of cf manipulations: 	5
	# of memory operations: 0
	# of types: 			2348



Using pass: pass_gc_irgs_primitive -- Successful
	# of nodes: 			7
	# of irgs: 				1
	# of cf manipulations: 	2
	# of memory operations: 0
	# of types: 			2348



Using pass: pass_replace_cond_selectors -- No improvement
	# of nodes: 			7
	# of irgs: 				1
	# of cf manipulations: 	2
	# of memory operations: 0
	# of types: 			2348



Using pass: pass_replace_members -- No improvement
	# of nodes: 			7
	# of irgs: 				1
	# of cf manipulations: 	2
	# of memory operations: 0
	# of types: 			2348



Using pass: pass_libfirm_opt_if_conv -- No improvement
	# of nodes: 			7
	# of irgs: 				1
	# of cf manipulations: 	2
	# of memory operations: 0
	# of types: 			2348



Using pass: pass_gc_irgs -- No improvement
	# of nodes: 			7
	# of irgs: 				1
	# of cf manipulations: 	2
	# of memory operations: 0
	# of types: 			2348



Using pass: pass_replace_cond_selectors -- No improvement
	# of nodes: 			7
	# of irgs: 				1
	# of cf manipulations: 	2
	# of memory operations: 0
	# of types: 			2348



Using pass: pass_libfirm_remove_bads -- No improvement
	# of nodes: 			7
	# of irgs: 				1
	# of cf manipulations: 	2
	# of memory operations: 0
	# of types: 			2348



Using pass: pass_libfirm_gvn_pre -- No improvement
	# of nodes: 			7
	# of irgs: 				1
	# of cf manipulations: 	2
	# of memory operations: 0
	# of types: 			2348



Using pass: pass_libfirm_remove_bads -- No improvement
	# of nodes: 			7
	# of irgs: 				1
	# of cf manipulations: 	2
	# of memory operations: 0
	# of types: 			2348



Using pass: pass_replace_members -- No improvement
	# of nodes: 			7
	# of irgs: 				1
	# of cf manipulations: 	2
	# of memory operations: 0
	# of types: 			2348



Using pass: pass_libfirm_opt_tail_rec -- No improvement
	# of nodes: 			7
	# of irgs: 				1
	# of cf manipulations: 	2
	# of memory operations: 0
	# of types: 			2348



Using pass: pass_libfirm_opt_parallelize_mem -- No improvement
	# of nodes: 			7
	# of irgs: 				1
	# of cf manipulations: 	2
	# of memory operations: 0
	# of types: 			2348



Using pass: pass_libfirm_optimize_graph_df -- No improvement
	# of nodes: 			7
	# of irgs: 				1
	# of cf manipulations: 	2
	# of memory operations: 0
	# of types: 			2348



Using pass: pass_libfirm_do_loop_inversion -- No improvement
	# of nodes: 			7
	# of irgs: 				1
	# of cf manipulations: 	2
	# of memory operations: 0
	# of types: 			2348



Using pass: pass_libfirm_occult_consts -- No improvement
	# of nodes: 			7
	# of irgs: 				1
	# of cf manipulations: 	2
	# of memory operations: 0
	# of types: 			2348



Using pass: pass_libfirm_construct_confirms -- No improvement
	# of nodes: 			7
	# of irgs: 				1
	# of cf manipulations: 	2
	# of memory operations: 0
	# of types: 			2348



Using pass: pass_replace_cond_selectors -- No improvement
	# of nodes: 			7
	# of irgs: 				1
	# of cf manipulations: 	2
	# of memory operations: 0
	# of types: 			2348



Using pass: pass_libfirm_opt_bool -- No improvement
	# of nodes: 			7
	# of irgs: 				1
	# of cf manipulations: 	2
	# of memory operations: 0
	# of types: 			2348



Using pass: pass_libfirm_opt_jumpthreading -- No improvement
	# of nodes: 			7
	# of irgs: 				1
	# of cf manipulations: 	2
	# of memory operations: 0
	# of types: 			2348



Using pass: pass_libfirm_opt_frame -- No improvement
	# of nodes: 			7
	# of irgs: 				1
	# of cf manipulations: 	2
	# of memory operations: 0
	# of types: 			2348



Using pass: pass_check_validity -- No improvement
	# of nodes: 			7
	# of irgs: 				1
	# of cf manipulations: 	2
	# of memory operations: 0
	# of types: 			2348



Using pass: pass_replace_arithmetic -- No improvement
	# of nodes: 			7
	# of irgs: 				1
	# of cf manipulations: 	2
	# of memory operations: 0
	# of types: 			2348



Using pass: pass_libfirm_opt_jumpthreading -- No improvement
	# of nodes: 			7
	# of irgs: 				1
	# of cf manipulations: 	2
	# of memory operations: 0
	# of types: 			2348



Using pass: pass_libfirm_conv_opt -- No improvement
	# of nodes: 			7
	# of irgs: 				1
	# of cf manipulations: 	2
	# of memory operations: 0
	# of types: 			2348



Using pass: pass_gc_irgs -- No improvement
	# of nodes: 			7
	# of irgs: 				1
	# of cf manipulations: 	2
	# of memory operations: 0
	# of types: 			2348



Using pass: pass_libfirm_normalize_one_return -- No improvement
	# of nodes: 			7
	# of irgs: 				1
	# of cf manipulations: 	2
	# of memory operations: 0
	# of types: 			2348



Using pass: pass_libfirm_normalize_n_returns -- No improvement
	# of nodes: 			7
	# of irgs: 				1
	# of cf manipulations: 	2
	# of memory operations: 0
	# of types: 			2348



Using pass: pass_replace_mux_selectors -- No improvement
	# of nodes: 			7
	# of irgs: 				1
	# of cf manipulations: 	2
	# of memory operations: 0
	# of types: 			2348



Using pass: pass_libfirm_remove_unreachable -- No improvement
	# of nodes: 			7
	# of irgs: 				1
	# of cf manipulations: 	2
	# of memory operations: 0
	# of types: 			2348



Using pass: pass_libfirm_remove_unreachable -- No improvement
	# of nodes: 			7
	# of irgs: 				1
	# of cf manipulations: 	2
	# of memory operations: 0
	# of types: 			2348



Using pass: pass_libfirm_combo -- No improvement
	# of nodes: 			7
	# of irgs: 				1
	# of cf manipulations: 	2
	# of memory operations: 0
	# of types: 			2348



Using pass: pass_replace_switch_selectors -- No improvement
	# of nodes: 			7
	# of irgs: 				1
	# of cf manipulations: 	2
	# of memory operations: 0
	# of types: 			2348



Using pass: pass_libfirm_opt_funccalls -- No improvement
	# of nodes: 			7
	# of irgs: 				1
	# of cf manipulations: 	2
	# of memory operations: 0
	# of types: 			2348



Using pass: pass_libfirm_remove_bads -- No improvement
	# of nodes: 			7
	# of irgs: 				1
	# of cf manipulations: 	2
	# of memory operations: 0
	# of types: 			2348



Using pass: pass_gc_irgs -- No improvement
	# of nodes: 			7
	# of irgs: 				1
	# of cf manipulations: 	2
	# of memory operations: 0
	# of types: 			2348



Using pass: pass_libfirm_combo -- No improvement
	# of nodes: 			7
	# of irgs: 				1
	# of cf manipulations: 	2
	# of memory operations: 0
	# of types: 			2348



Using pass: pass_remove_allocs -- No improvement
	# of nodes: 			7
	# of irgs: 				1
	# of cf manipulations: 	2
	# of memory operations: 0
	# of types: 			2348



Using pass: pass_libfirm_optimize_load_store -- No improvement
	# of nodes: 			7
	# of irgs: 				1
	# of cf manipulations: 	2
	# of memory operations: 0
	# of types: 			2348



Using pass: pass_libfirm_optimize_graph_df -- No improvement
	# of nodes: 			7
	# of irgs: 				1
	# of cf manipulations: 	2
	# of memory operations: 0
	# of types: 			2348



Using pass: pass_replace_members -- No improvement
	# of nodes: 			7
	# of irgs: 				1
	# of cf manipulations: 	2
	# of memory operations: 0
	# of types: 			2348



Using pass: pass_gc_entitites -- No improvement
	# of nodes: 			7
	# of irgs: 				1
	# of cf manipulations: 	2
	# of memory operations: 0
	# of types: 			2348



Using pass: pass_libfirm_opt_frame -- No improvement
	# of nodes: 			7
	# of irgs: 				1
	# of cf manipulations: 	2
	# of memory operations: 0
	# of types: 			2348



Using pass: pass_replace_return_values -- No improvement
	# of nodes: 			7
	# of irgs: 				1
	# of cf manipulations: 	2
	# of memory operations: 0
	# of types: 			2348



Using pass: pass_libfirm_normalize_n_returns -- No improvement
	# of nodes: 			7
	# of irgs: 				1
	# of cf manipulations: 	2
	# of memory operations: 0
	# of types: 			2348



Using pass: pass_libfirm_optimize_load_store -- No improvement
	# of nodes: 			7
	# of irgs: 				1
	# of cf manipulations: 	2
	# of memory operations: 0
	# of types: 			2348



Using pass: pass_libfirm_optimize_cf -- No improvement
	# of nodes: 			7
	# of irgs: 				1
	# of cf manipulations: 	2
	# of memory operations: 0
	# of types: 			2348



Using pass: pass_libfirm_opt_blocks -- No improvement
	# of nodes: 			7
	# of irgs: 				1
	# of cf manipulations: 	2
	# of memory operations: 0
	# of types: 			2348



Using pass: pass_gc_irgs_primitive -- No improvement
	# of nodes: 			7
	# of irgs: 				1
	# of cf manipulations: 	2
	# of memory operations: 0
	# of types: 			2348



Using pass: pass_gc_irgs_primitive -- No improvement
	# of nodes: 			7
	# of irgs: 				1
	# of cf manipulations: 	2
	# of memory operations: 0
	# of types: 			2348




 :: 2nd reduction cycle


______________________________

No further reduction possible.

Result:
	# of nodes: 			7
	# of irgs: 				1
	# of cf manipulations: 	2
	# of memory operations: 0
	# of types: 			2348

2018-08-23 21:23:43