2018-08-24 11:27:56 -- Firmreduce -- Results

Initial Test-case size:
	# of nodes: 			13659
	# of irgs: 				4
	# of cf manipulations: 	274
	# of memory operations: 2069
	# of types: 			2348


Using pass: pass_libfirm_opt_tail_rec -- Successful
	# of nodes: 			13654
	# of irgs: 				4
	# of cf manipulations: 	276
	# of memory operations: 2068
	# of types: 			2348



Using pass: pass_replace_mux_selectors -- No improvement
	# of nodes: 			13654
	# of irgs: 				4
	# of cf manipulations: 	276
	# of memory operations: 2068
	# of types: 			2348



Using pass: pass_libfirm_opt_parallelize_mem -- No improvement
	# of nodes: 			13654
	# of irgs: 				4
	# of cf manipulations: 	276
	# of memory operations: 2068
	# of types: 			2348



Using pass: pass_libfirm_normalize_n_returns -- No improvement
	# of nodes: 			13654
	# of irgs: 				4
	# of cf manipulations: 	276
	# of memory operations: 2068
	# of types: 			2348



Using pass: pass_replace_members -- No improvement
	# of nodes: 			13654
	# of irgs: 				4
	# of cf manipulations: 	276
	# of memory operations: 2068
	# of types: 			2348



Using pass: pass_libfirm_occult_consts
	 :: interestingness test failed on irg 'r_func_1'
	 :: interestingness test failed on irg 'r_func_1' -- No improvement
	# of nodes: 			13654
	# of irgs: 				4
	# of cf manipulations: 	276
	# of memory operations: 2068
	# of types: 			2348



Using pass: pass_replace_proj_primitive
	 :: Pass failed on irg '_main'
	 :: Pass failed on irg 'r_func_2'
	 :: Pass failed on irg '_main' -- No improvement
	# of nodes: 			13654
	# of irgs: 				4
	# of cf manipulations: 	276
	# of memory operations: 2068
	# of types: 			2348



Using pass: pass_libfirm_gvn_pre -- Successful
	# of nodes: 			13922
	# of irgs: 				4
	# of cf manipulations: 	400
	# of memory operations: 2068
	# of types: 			2348



Using pass: pass_libfirm_opt_blocks -- Successful
	# of nodes: 			13926
	# of irgs: 				4
	# of cf manipulations: 	402
	# of memory operations: 2068
	# of types: 			2348



Using pass: pass_libfirm_optimize_load_store -- No improvement
	# of nodes: 			13926
	# of irgs: 				4
	# of cf manipulations: 	402
	# of memory operations: 2068
	# of types: 			2348



Using pass: pass_libfirm_normalize_n_returns -- Successful
	# of nodes: 			13915
	# of irgs: 				4
	# of cf manipulations: 	399
	# of memory operations: 2068
	# of types: 			2348



Using pass: pass_remove_void_calls -- No improvement
	# of nodes: 			13915
	# of irgs: 				4
	# of cf manipulations: 	399
	# of memory operations: 2068
	# of types: 			2348



Using pass: pass_libfirm_occult_consts
	 :: interestingness test failed on irg '_main'
	 :: interestingness test failed on irg '_main' -- No improvement
	# of nodes: 			13915
	# of irgs: 				4
	# of cf manipulations: 	399
	# of memory operations: 2068
	# of types: 			2348



Using pass: pass_replace_return_values -- Successful
	# of nodes: 			2048
	# of irgs: 				4
	# of cf manipulations: 	12
	# of memory operations: 591
	# of types: 			2348



Using pass: pass_libfirm_gvn_pre -- No improvement
	# of nodes: 			2048
	# of irgs: 				4
	# of cf manipulations: 	12
	# of memory operations: 591
	# of types: 			2348



Using pass: pass_replace_members -- No improvement
	# of nodes: 			2048
	# of irgs: 				4
	# of cf manipulations: 	12
	# of memory operations: 591
	# of types: 			2348



Using pass: pass_libfirm_opt_frame -- No improvement
	# of nodes: 			2048
	# of irgs: 				4
	# of cf manipulations: 	12
	# of memory operations: 591
	# of types: 			2348



Using pass: pass_libfirm_combo -- No improvement
	# of nodes: 			2048
	# of irgs: 				4
	# of cf manipulations: 	12
	# of memory operations: 591
	# of types: 			2348



Using pass: pass_libfirm_dead_code_elimination -- No improvement
	# of nodes: 			2048
	# of irgs: 				4
	# of cf manipulations: 	12
	# of memory operations: 591
	# of types: 			2348



Using pass: pass_replace_cond_selectors -- Successful
	# of nodes: 			2001
	# of irgs: 				4
	# of cf manipulations: 	9
	# of memory operations: 591
	# of types: 			2348



Using pass: pass_libfirm_opt_jumpthreading -- No improvement
	# of nodes: 			2001
	# of irgs: 				4
	# of cf manipulations: 	9
	# of memory operations: 591
	# of types: 			2348



Using pass: pass_libfirm_do_loop_inversion -- No improvement
	# of nodes: 			2001
	# of irgs: 				4
	# of cf manipulations: 	9
	# of memory operations: 591
	# of types: 			2348



Using pass: pass_libfirm_normalize_n_returns -- No improvement
	# of nodes: 			2001
	# of irgs: 				4
	# of cf manipulations: 	9
	# of memory operations: 591
	# of types: 			2348



Using pass: pass_replace_arithmetic -- Successful
	# of nodes: 			1994
	# of irgs: 				4
	# of cf manipulations: 	9
	# of memory operations: 591
	# of types: 			2348



Using pass: pass_libfirm_occult_consts -- No improvement
	# of nodes: 			1994
	# of irgs: 				4
	# of cf manipulations: 	9
	# of memory operations: 591
	# of types: 			2348



Using pass: pass_libfirm_occult_consts -- No improvement
	# of nodes: 			1994
	# of irgs: 				4
	# of cf manipulations: 	9
	# of memory operations: 591
	# of types: 			2348



Using pass: pass_simplify_consts -- Successful
	# of nodes: 			1810
	# of irgs: 				4
	# of cf manipulations: 	9
	# of memory operations: 585
	# of types: 			2348



Using pass: pass_gc_irgs_primitive
	 :: interestingness test failed on irg 'r_func_2' -- Successful
	# of nodes: 			861
	# of irgs: 				2
	# of cf manipulations: 	4
	# of memory operations: 276
	# of types: 			2348



Using pass: pass_gc_irgs_primitive -- Successful
	# of nodes: 			7
	# of irgs: 				1
	# of cf manipulations: 	2
	# of memory operations: 0
	# of types: 			2348



Using pass: pass_libfirm_opt_parallelize_mem -- No improvement
	# of nodes: 			7
	# of irgs: 				1
	# of cf manipulations: 	2
	# of memory operations: 0
	# of types: 			2348



Using pass: pass_libfirm_normalize_one_return -- No improvement
	# of nodes: 			7
	# of irgs: 				1
	# of cf manipulations: 	2
	# of memory operations: 0
	# of types: 			2348



Using pass: pass_replace_cond_selectors -- No improvement
	# of nodes: 			7
	# of irgs: 				1
	# of cf manipulations: 	2
	# of memory operations: 0
	# of types: 			2348



Using pass: pass_libfirm_optimize_cf -- No improvement
	# of nodes: 			7
	# of irgs: 				1
	# of cf manipulations: 	2
	# of memory operations: 0
	# of types: 			2348



Using pass: pass_libfirm_combo -- No improvement
	# of nodes: 			7
	# of irgs: 				1
	# of cf manipulations: 	2
	# of memory operations: 0
	# of types: 			2348



Using pass: pass_libfirm_do_loop_unrolling -- No improvement
	# of nodes: 			7
	# of irgs: 				1
	# of cf manipulations: 	2
	# of memory operations: 0
	# of types: 			2348



Using pass: pass_libfirm_opt_blocks -- No improvement
	# of nodes: 			7
	# of irgs: 				1
	# of cf manipulations: 	2
	# of memory operations: 0
	# of types: 			2348



Using pass: pass_libfirm_optimize_reassociation -- No improvement
	# of nodes: 			7
	# of irgs: 				1
	# of cf manipulations: 	2
	# of memory operations: 0
	# of types: 			2348



Using pass: pass_libfirm_gvn_pre -- No improvement
	# of nodes: 			7
	# of irgs: 				1
	# of cf manipulations: 	2
	# of memory operations: 0
	# of types: 			2348



Using pass: pass_replace_cond_selectors -- No improvement
	# of nodes: 			7
	# of irgs: 				1
	# of cf manipulations: 	2
	# of memory operations: 0
	# of types: 			2348



Using pass: pass_libfirm_optimize_cf -- No improvement
	# of nodes: 			7
	# of irgs: 				1
	# of cf manipulations: 	2
	# of memory operations: 0
	# of types: 			2348



Using pass: pass_libfirm_opt_funccalls -- No improvement
	# of nodes: 			7
	# of irgs: 				1
	# of cf manipulations: 	2
	# of memory operations: 0
	# of types: 			2348



Using pass: pass_libfirm_do_loop_unrolling -- No improvement
	# of nodes: 			7
	# of irgs: 				1
	# of cf manipulations: 	2
	# of memory operations: 0
	# of types: 			2348



Using pass: pass_remove_stores -- No improvement
	# of nodes: 			7
	# of irgs: 				1
	# of cf manipulations: 	2
	# of memory operations: 0
	# of types: 			2348



Using pass: pass_libfirm_opt_tail_rec -- No improvement
	# of nodes: 			7
	# of irgs: 				1
	# of cf manipulations: 	2
	# of memory operations: 0
	# of types: 			2348



Using pass: pass_libfirm_opt_ldst
	 :: Pass failed on irg 'main' -- No improvement
	# of nodes: 			7
	# of irgs: 				1
	# of cf manipulations: 	2
	# of memory operations: 0
	# of types: 			2348



Using pass: pass_libfirm_combo -- No improvement
	# of nodes: 			7
	# of irgs: 				1
	# of cf manipulations: 	2
	# of memory operations: 0
	# of types: 			2348



Using pass: pass_libfirm_occult_consts -- No improvement
	# of nodes: 			7
	# of irgs: 				1
	# of cf manipulations: 	2
	# of memory operations: 0
	# of types: 			2348



Using pass: pass_replace_return_values -- No improvement
	# of nodes: 			7
	# of irgs: 				1
	# of cf manipulations: 	2
	# of memory operations: 0
	# of types: 			2348



Using pass: pass_libfirm_normalize_n_returns -- No improvement
	# of nodes: 			7
	# of irgs: 				1
	# of cf manipulations: 	2
	# of memory operations: 0
	# of types: 			2348



Using pass: pass_gc_entitites -- No improvement
	# of nodes: 			7
	# of irgs: 				1
	# of cf manipulations: 	2
	# of memory operations: 0
	# of types: 			2348



Using pass: pass_libfirm_normalize_one_return -- No improvement
	# of nodes: 			7
	# of irgs: 				1
	# of cf manipulations: 	2
	# of memory operations: 0
	# of types: 			2348



Using pass: pass_libfirm_normalize_one_return -- No improvement
	# of nodes: 			7
	# of irgs: 				1
	# of cf manipulations: 	2
	# of memory operations: 0
	# of types: 			2348



Using pass: pass_libfirm_opt_if_conv -- No improvement
	# of nodes: 			7
	# of irgs: 				1
	# of cf manipulations: 	2
	# of memory operations: 0
	# of types: 			2348



Using pass: pass_libfirm_remove_unreachable -- No improvement
	# of nodes: 			7
	# of irgs: 				1
	# of cf manipulations: 	2
	# of memory operations: 0
	# of types: 			2348



Using pass: pass_replace_mux_selectors -- No improvement
	# of nodes: 			7
	# of irgs: 				1
	# of cf manipulations: 	2
	# of memory operations: 0
	# of types: 			2348



Using pass: pass_libfirm_opt_parallelize_mem -- No improvement
	# of nodes: 			7
	# of irgs: 				1
	# of cf manipulations: 	2
	# of memory operations: 0
	# of types: 			2348



Using pass: pass_gc_irgs_primitive -- No improvement
	# of nodes: 			7
	# of irgs: 				1
	# of cf manipulations: 	2
	# of memory operations: 0
	# of types: 			2348



Using pass: pass_libfirm_remove_tuples -- No improvement
	# of nodes: 			7
	# of irgs: 				1
	# of cf manipulations: 	2
	# of memory operations: 0
	# of types: 			2348



Using pass: pass_check_validity -- No improvement
	# of nodes: 			7
	# of irgs: 				1
	# of cf manipulations: 	2
	# of memory operations: 0
	# of types: 			2348



Using pass: pass_libfirm_optimize_graph_df -- No improvement
	# of nodes: 			7
	# of irgs: 				1
	# of cf manipulations: 	2
	# of memory operations: 0
	# of types: 			2348



Using pass: pass_gc_irgs -- No improvement
	# of nodes: 			7
	# of irgs: 				1
	# of cf manipulations: 	2
	# of memory operations: 0
	# of types: 			2348



Using pass: pass_remove_stores -- No improvement
	# of nodes: 			7
	# of irgs: 				1
	# of cf manipulations: 	2
	# of memory operations: 0
	# of types: 			2348



Using pass: pass_replace_switch_selectors -- No improvement
	# of nodes: 			7
	# of irgs: 				1
	# of cf manipulations: 	2
	# of memory operations: 0
	# of types: 			2348



Using pass: pass_libfirm_combo -- No improvement
	# of nodes: 			7
	# of irgs: 				1
	# of cf manipulations: 	2
	# of memory operations: 0
	# of types: 			2348



Using pass: pass_replace_arithmetic -- No improvement
	# of nodes: 			7
	# of irgs: 				1
	# of cf manipulations: 	2
	# of memory operations: 0
	# of types: 			2348



Using pass: pass_libfirm_opt_tail_rec -- No improvement
	# of nodes: 			7
	# of irgs: 				1
	# of cf manipulations: 	2
	# of memory operations: 0
	# of types: 			2348



Using pass: pass_libfirm_remove_critical_cf_edges -- No improvement
	# of nodes: 			7
	# of irgs: 				1
	# of cf manipulations: 	2
	# of memory operations: 0
	# of types: 			2348



Using pass: pass_libfirm_remove_critical_cf_edges -- No improvement
	# of nodes: 			7
	# of irgs: 				1
	# of cf manipulations: 	2
	# of memory operations: 0
	# of types: 			2348



Using pass: pass_simplify_consts -- No improvement
	# of nodes: 			7
	# of irgs: 				1
	# of cf manipulations: 	2
	# of memory operations: 0
	# of types: 			2348



Using pass: pass_libfirm_opt_bool -- No improvement
	# of nodes: 			7
	# of irgs: 				1
	# of cf manipulations: 	2
	# of memory operations: 0
	# of types: 			2348



Using pass: pass_libfirm_opt_if_conv -- No improvement
	# of nodes: 			7
	# of irgs: 				1
	# of cf manipulations: 	2
	# of memory operations: 0
	# of types: 			2348



Using pass: pass_libfirm_opt_ldst
	 :: Pass failed on irg 'main' -- No improvement
	# of nodes: 			7
	# of irgs: 				1
	# of cf manipulations: 	2
	# of memory operations: 0
	# of types: 			2348



Using pass: pass_libfirm_remove_critical_cf_edges -- No improvement
	# of nodes: 			7
	# of irgs: 				1
	# of cf manipulations: 	2
	# of memory operations: 0
	# of types: 			2348



Using pass: pass_libfirm_scalar_replacement_opt -- No improvement
	# of nodes: 			7
	# of irgs: 				1
	# of cf manipulations: 	2
	# of memory operations: 0
	# of types: 			2348



Using pass: pass_libfirm_opt_jumpthreading -- No improvement
	# of nodes: 			7
	# of irgs: 				1
	# of cf manipulations: 	2
	# of memory operations: 0
	# of types: 			2348



Using pass: pass_libfirm_place_code -- No improvement
	# of nodes: 			7
	# of irgs: 				1
	# of cf manipulations: 	2
	# of memory operations: 0
	# of types: 			2348



Using pass: pass_gc_irgs_primitive -- No improvement
	# of nodes: 			7
	# of irgs: 				1
	# of cf manipulations: 	2
	# of memory operations: 0
	# of types: 			2348



Using pass: pass_replace_return_values -- No improvement
	# of nodes: 			7
	# of irgs: 				1
	# of cf manipulations: 	2
	# of memory operations: 0
	# of types: 			2348



Using pass: pass_remove_stores -- No improvement
	# of nodes: 			7
	# of irgs: 				1
	# of cf manipulations: 	2
	# of memory operations: 0
	# of types: 			2348



Using pass: pass_replace_cond_selectors -- No improvement
	# of nodes: 			7
	# of irgs: 				1
	# of cf manipulations: 	2
	# of memory operations: 0
	# of types: 			2348



Using pass: pass_libfirm_occult_consts -- No improvement
	# of nodes: 			7
	# of irgs: 				1
	# of cf manipulations: 	2
	# of memory operations: 0
	# of types: 			2348



Using pass: pass_gc_entitites -- No improvement
	# of nodes: 			7
	# of irgs: 				1
	# of cf manipulations: 	2
	# of memory operations: 0
	# of types: 			2348



Using pass: pass_replace_arithmetic -- No improvement
	# of nodes: 			7
	# of irgs: 				1
	# of cf manipulations: 	2
	# of memory operations: 0
	# of types: 			2348



Using pass: pass_libfirm_dead_code_elimination -- No improvement
	# of nodes: 			7
	# of irgs: 				1
	# of cf manipulations: 	2
	# of memory operations: 0
	# of types: 			2348



Using pass: pass_replace_mux_selectors -- No improvement
	# of nodes: 			7
	# of irgs: 				1
	# of cf manipulations: 	2
	# of memory operations: 0
	# of types: 			2348



Using pass: pass_gc_irgs_primitive -- No improvement
	# of nodes: 			7
	# of irgs: 				1
	# of cf manipulations: 	2
	# of memory operations: 0
	# of types: 			2348



Using pass: pass_replace_cond_selectors -- No improvement
	# of nodes: 			7
	# of irgs: 				1
	# of cf manipulations: 	2
	# of memory operations: 0
	# of types: 			2348



Using pass: pass_libfirm_normalize_n_returns -- No improvement
	# of nodes: 			7
	# of irgs: 				1
	# of cf manipulations: 	2
	# of memory operations: 0
	# of types: 			2348



Using pass: pass_replace_proj_primitive -- No improvement
	# of nodes: 			7
	# of irgs: 				1
	# of cf manipulations: 	2
	# of memory operations: 0
	# of types: 			2348



Using pass: pass_replace_loads -- No improvement
	# of nodes: 			7
	# of irgs: 				1
	# of cf manipulations: 	2
	# of memory operations: 0
	# of types: 			2348



Using pass: pass_libfirm_do_loop_unrolling -- No improvement
	# of nodes: 			7
	# of irgs: 				1
	# of cf manipulations: 	2
	# of memory operations: 0
	# of types: 			2348



Using pass: pass_libfirm_opt_frame -- No improvement
	# of nodes: 			7
	# of irgs: 				1
	# of cf manipulations: 	2
	# of memory operations: 0
	# of types: 			2348




 :: 2nd reduction cycle

Using pass: pass_libfirm_occult_consts -- Trying irg 'r_func_1' -- No improvement
Using pass: pass_libfirm_occult_consts -- Trying irg 'r_func_1' -- No improvement
Using pass: pass_libfirm_occult_consts -- Trying irg '_main' -- No improvement
Using pass: pass_libfirm_occult_consts -- Trying irg '_main' -- No improvement
Using pass: pass_gc_irgs_primitive -- Trying irg 'r_func_2' -- No improvement

______________________________

No further reduction possible.

Result:
	# of nodes: 			7
	# of irgs: 				1
	# of cf manipulations: 	2
	# of memory operations: 0
	# of types: 			2348

2018-08-24 11:28:52