2018-08-23 11:53:33 -- Firmreduce -- Results

Initial Test-case size:
	# of nodes: 			14054
	# of irgs: 				101
	# of cf manipulations: 	757
	# of memory operations: 2321
	# of types: 			2751


Using pass: pass_replace_loads
	 :: Pass failed on irg 'r_func_16'
	 :: Pass failed on irg 'r_func_82'
	 :: Pass failed on irg 'r_func_69'
	 :: Pass failed on irg 'r_func_96'
	 :: Pass failed on irg 'r_func_33'
	 :: Pass failed on irg 'r_func_22'
	 :: Pass failed on irg 'r_func_64'
	 :: Pass failed on irg 'r_func_90'
	 :: Pass failed on irg 'r_func_82'
	 :: Pass failed on irg 'r_func_87'
	 :: Pass failed on irg 'r_func_50'
	 :: Pass failed on irg 'r_func_27'
	 :: Pass failed on irg 'r_func_48'
	 :: Pass failed on irg 'r_func_39'
	 :: Pass failed on irg 'r_func_17'
	 :: Pass failed on irg 'r_func_78'
	 :: Pass failed on irg 'r_func_24'
	 :: Pass failed on irg 'r_func_30'
	 :: Pass failed on irg 'r_func_53'
	 :: Pass failed on irg 'r_func_97'
	 :: Pass failed on irg 'r_func_59'
	 :: Pass failed on irg 'r_func_41'
	 :: Pass failed on irg 'r_func_63'
	 :: Pass failed on irg 'r_func_22'
	 :: Pass failed on irg 'r_func_52'
	 :: Pass failed on irg 'r_func_58'
	 :: Pass failed on irg 'r_func_60'
	 :: Pass failed on irg 'r_func_23'
	 :: Pass failed on irg 'r_func_88'
	 :: Pass failed on irg 'r_func_1'
	 :: Pass failed on irg 'r_func_50'
	 :: Pass failed on irg 'r_func_26'
	 :: Pass failed on irg 'r_func_36'
	 :: Pass failed on irg 'r_func_99'
	 :: Pass failed on irg 'r_func_14'
	 :: Pass failed on irg 'r_func_41'
	 :: Pass failed on irg 'r_func_47'
	 :: Pass failed on irg 'r_func_95'
	 :: Pass failed on irg 'r_func_79'
	 :: Pass failed on irg 'r_func_86'
	 :: Pass failed on irg 'r_func_57'
	 :: Pass failed on irg 'r_func_98'
	 :: Pass failed on irg 'r_func_28'
	 :: Pass failed on irg 'r_func_57'
	 :: Pass failed on irg 'r_func_82'
	 :: Pass failed on irg 'r_func_53'
	 :: Pass failed on irg 'r_func_35'
	 :: Pass failed on irg 'r_func_71'
	 :: Pass failed on irg 'r_func_1'
	 :: Pass failed on irg 'r_func_26'
	 :: Pass failed on irg 'r_func_97'
	 :: Pass failed on irg 'r_func_21'
	 :: Pass failed on irg 'r_func_15'
	 :: Pass failed on irg 'r_func_18'
	 :: Pass failed on irg 'r_func_99'
	 :: Pass failed on irg 'r_func_91'
	 :: Pass failed on irg 'r_func_13'
	 :: Pass failed on irg 'r_func_71'
	 :: Pass failed on irg 'r_func_7'
	 :: Pass failed on irg 'r_func_90'
	 :: Pass failed on irg 'r_func_18'
	 :: Pass failed on irg 'r_func_86'
	 :: Pass failed on irg 'r_func_21'
	 :: Pass failed on irg 'r_func_92'
	 :: Pass failed on irg 'r_func_57'
	 :: Pass failed on irg 'r_func_4'
	 :: Pass failed on irg 'r_func_51'
	 :: Pass failed on irg 'r_func_63'
	 :: Pass failed on irg 'r_func_7'
	 :: Pass failed on irg 'r_func_92'
	 :: Pass failed on irg 'r_func_18'
	 :: Pass failed on irg 'r_func_59'
	 :: Pass failed on irg 'r_func_69'
	 :: Pass failed on irg 'r_func_39'
	 :: Pass failed on irg 'r_func_24'
	 :: Pass failed on irg 'r_func_97'
	 :: Pass failed on irg 'r_func_36'
	 :: Pass failed on irg 'r_func_28'
	 :: Pass failed on irg 'r_func_3'
	 :: Pass failed on irg 'r_func_47'
	 :: Pass failed on irg 'r_func_37'
	 :: Pass failed on irg 'r_func_80'
	 :: Pass failed on irg 'r_func_9'
	 :: Pass failed on irg 'r_func_86'
	 :: Pass failed on irg 'r_func_57'
	 :: Pass failed on irg 'r_func_20'
	 :: Pass failed on irg 'r_func_92'
	 :: Pass failed on irg 'r_func_8'
	 :: Pass failed on irg 'r_func_1'
	 :: Pass failed on irg 'r_func_71'
	 :: Pass failed on irg 'r_func_74'
	 :: Pass failed on irg 'r_func_45'
	 :: Pass failed on irg 'r_func_98'
	 :: Pass failed on irg 'r_func_88'
	 :: Pass failed on irg 'r_func_74'
	 :: Pass failed on irg 'r_func_27'
	 :: Pass failed on irg 'r_func_44'
	 :: Pass failed on irg 'r_func_97'
	 :: Pass failed on irg 'r_func_85' -- No improvement
	# of nodes: 			14054
	# of irgs: 				101
	# of cf manipulations: 	757
	# of memory operations: 2321
	# of types: 			2751



Using pass: pass_libfirm_remove_tuples -- No improvement
	# of nodes: 			14054
	# of irgs: 				101
	# of cf manipulations: 	757
	# of memory operations: 2321
	# of types: 			2751



Using pass: pass_remove_void_calls
	 :: Pass failed on irg 'r_func_10'
	 :: Pass failed on irg 'r_func_52' -- No improvement
	# of nodes: 			14054
	# of irgs: 				101
	# of cf manipulations: 	757
	# of memory operations: 2321
	# of types: 			2751



Using pass: pass_libfirm_opt_blocks
	 :: Pass failed on irg 'r_func_35'
	 :: Pass failed on irg 'r_func_25'
	 :: Pass failed on irg 'r_func_30'
	 :: Pass failed on irg 'r_func_37'
	 :: Pass failed on irg 'r_func_25'
	 :: Pass failed on irg 'r_func_37'
	 :: Pass failed on irg 'r_func_30'
	 :: Pass failed on irg 'r_func_56'
	 :: Pass failed on irg 'r_func_37'
	 :: Pass failed on irg 'r_func_30'
	 :: Pass failed on irg 'r_func_30'
	 :: Pass failed on irg 'r_func_37'
	 :: Pass failed on irg 'r_func_35'
	 :: Pass failed on irg 'r_func_25'
	 :: Pass failed on irg 'r_func_35'
	 :: Pass failed on irg 'r_func_30' -- Successful
	# of nodes: 			14086
	# of irgs: 				101
	# of cf manipulations: 	769
	# of memory operations: 2321
	# of types: 			2751



Using pass: pass_remove_void_calls
	 :: Pass failed on irg 'r_func_52'
	 :: Pass failed on irg 'r_func_10' -- No improvement
	# of nodes: 			14086
	# of irgs: 				101
	# of cf manipulations: 	769
	# of memory operations: 2321
	# of types: 			2751



Using pass: pass_libfirm_scalar_replacement_opt -- Successful
	# of nodes: 			14082
	# of irgs: 				101
	# of cf manipulations: 	769
	# of memory operations: 2321
	# of types: 			2751



Using pass: pass_replace_proj_primitive
	 :: Pass failed on irg 'r_func_10'
	 :: Pass failed on irg 'r_func_94'
	 :: Pass failed on irg 'r_func_94'
	 :: Pass failed on irg 'r_func_94'
	 :: Pass failed on irg 'r_func_94'
	 :: Pass failed on irg 'r_func_52'
	 :: Pass failed on irg 'r_func_94'
	 :: Pass failed on irg 'r_func_52' -- Successful
	# of nodes: 			5296
	# of irgs: 				101
	# of cf manipulations: 	225
	# of memory operations: 1569
	# of types: 			2751



Using pass: pass_gc_irgs_primitive
	 :: interestingness test failed on irg 'r_func_62'
	 :: interestingness test failed on irg 'r_func_16'
	 :: interestingness test failed on irg 'r_func_65'
	 :: interestingness test failed on irg 'r_func_33'
	 :: interestingness test failed on irg 'r_func_65'
	 :: interestingness test failed on irg 'r_func_17'
	 :: interestingness test failed on irg 'r_func_40'
	 :: interestingness test failed on irg 'r_func_31'
	 :: interestingness test failed on irg 'r_func_49'
	 :: interestingness test failed on irg 'r_func_66'
	 :: interestingness test failed on irg 'r_func_4'
	 :: interestingness test failed on irg 'r_func_10'
	 :: interestingness test failed on irg 'r_func_40'
	 :: interestingness test failed on irg 'r_func_80'
	 :: interestingness test failed on irg 'r_func_35'
	 :: interestingness test failed on irg 'r_func_87'
	 :: interestingness test failed on irg 'r_func_5'
	 :: interestingness test failed on irg 'r_func_32'
	 :: interestingness test failed on irg 'r_func_67'
	 :: interestingness test failed on irg 'r_func_65'
	 :: interestingness test failed on irg 'r_func_18'
	 :: interestingness test failed on irg 'r_func_72'
	 :: interestingness test failed on irg 'r_func_36'
	 :: interestingness test failed on irg 'r_func_29'
	 :: interestingness test failed on irg 'r_func_62'
	 :: interestingness test failed on irg 'r_func_58'
	 :: interestingness test failed on irg 'r_func_95'
	 :: interestingness test failed on irg 'r_func_15'
	 :: interestingness test failed on irg 'r_func_23'
	 :: interestingness test failed on irg 'r_func_89'
	 :: interestingness test failed on irg 'r_func_36'
	 :: interestingness test failed on irg 'r_func_3'
	 :: interestingness test failed on irg 'r_func_94'
	 :: interestingness test failed on irg 'r_func_86'
	 :: interestingness test failed on irg 'r_func_98'
	 :: interestingness test failed on irg 'r_func_88'
	 :: interestingness test failed on irg 'r_func_98'
	 :: interestingness test failed on irg 'r_func_87'
	 :: interestingness test failed on irg 'r_func_40'
	 :: interestingness test failed on irg 'r_func_88'
	 :: interestingness test failed on irg 'r_func_89'
	 :: interestingness test failed on irg 'r_func_4'
	 :: interestingness test failed on irg 'r_func_79'
	 :: interestingness test failed on irg 'r_func_86'
	 :: interestingness test failed on irg 'r_func_29'
	 :: interestingness test failed on irg 'r_func_31'
	 :: interestingness test failed on irg 'r_func_28'
	 :: interestingness test failed on irg 'r_func_49'
	 :: interestingness test failed on irg 'r_func_72'
	 :: interestingness test failed on irg 'r_func_80'
	 :: interestingness test failed on irg 'r_func_50'
	 :: interestingness test failed on irg 'r_func_88'
	 :: interestingness test failed on irg 'r_func_50'
	 :: interestingness test failed on irg 'r_func_36'
	 :: interestingness test failed on irg 'r_func_2'
	 :: interestingness test failed on irg 'r_func_66'
	 :: interestingness test failed on irg 'r_func_18'
	 :: interestingness test failed on irg 'r_func_9'
	 :: interestingness test failed on irg 'r_func_74'
	 :: interestingness test failed on irg 'r_func_16'
	 :: interestingness test failed on irg 'r_func_97'
	 :: interestingness test failed on irg 'r_func_67'
	 :: interestingness test failed on irg 'r_func_62'
	 :: interestingness test failed on irg 'r_func_9'
	 :: interestingness test failed on irg 'r_func_15'
	 :: interestingness test failed on irg 'r_func_18'
	 :: interestingness test failed on irg 'r_func_15'
	 :: interestingness test failed on irg 'r_func_98'
	 :: interestingness test failed on irg 'r_func_93'
	 :: interestingness test failed on irg 'r_func_90'
	 :: interestingness test failed on irg 'r_func_39'
	 :: interestingness test failed on irg 'r_func_87'
	 :: interestingness test failed on irg 'r_func_39'
	 :: interestingness test failed on irg 'r_func_87'
	 :: interestingness test failed on irg 'r_func_66'
	 :: interestingness test failed on irg 'r_func_77'
	 :: interestingness test failed on irg 'r_func_40'
	 :: interestingness test failed on irg 'r_func_93'
	 :: interestingness test failed on irg 'r_func_86'
	 :: interestingness test failed on irg 'r_func_98'
	 :: interestingness test failed on irg 'r_func_29'
	 :: interestingness test failed on irg 'r_func_90'
	 :: interestingness test failed on irg 'r_func_92'
	 :: interestingness test failed on irg 'r_func_97'
	 :: interestingness test failed on irg 'r_func_18'
	 :: interestingness test failed on irg 'r_func_75'
	 :: interestingness test failed on irg 'r_func_53'
	 :: interestingness test failed on irg 'r_func_5'
	 :: interestingness test failed on irg 'r_func_87'
	 :: interestingness test failed on irg 'r_func_17'
	 :: interestingness test failed on irg 'r_func_39'
	 :: interestingness test failed on irg 'r_func_92'
	 :: interestingness test failed on irg 'r_func_36'
	 :: interestingness test failed on irg 'r_func_9'
	 :: interestingness test failed on irg 'r_func_9'
	 :: interestingness test failed on irg 'r_func_80'
	 :: interestingness test failed on irg 'r_func_98'
	 :: interestingness test failed on irg 'r_func_58'
	 :: interestingness test failed on irg 'r_func_10'
	 :: interestingness test failed on irg 'r_func_48'
	 :: interestingness test failed on irg 'r_func_80'
	 :: interestingness test failed on irg 'r_func_79'
	 :: interestingness test failed on irg 'r_func_95'
	 :: interestingness test failed on irg 'r_func_47'
	 :: interestingness test failed on irg 'r_func_5'
	 :: interestingness test failed on irg 'r_func_79'
	 :: interestingness test failed on irg 'r_func_66'
	 :: interestingness test failed on irg 'r_func_90'
	 :: interestingness test failed on irg 'r_func_72'
	 :: interestingness test failed on irg 'r_func_75'
	 :: interestingness test failed on irg 'r_func_67'
	 :: interestingness test failed on irg 'r_func_40'
	 :: interestingness test failed on irg 'r_func_17'
	 :: interestingness test failed on irg 'r_func_5'
	 :: interestingness test failed on irg 'r_func_72'
	 :: interestingness test failed on irg 'r_func_79'
	 :: interestingness test failed on irg 'r_func_67'
	 :: interestingness test failed on irg 'r_func_94'
	 :: interestingness test failed on irg 'r_func_80'
	 :: interestingness test failed on irg 'r_func_90'
	 :: interestingness test failed on irg 'r_func_29'
	 :: interestingness test failed on irg 'r_func_49'
	 :: interestingness test failed on irg 'r_func_16'
	 :: interestingness test failed on irg 'r_func_75'
	 :: interestingness test failed on irg 'r_func_5'
	 :: interestingness test failed on irg 'r_func_16'
	 :: interestingness test failed on irg 'r_func_71'
	 :: interestingness test failed on irg 'r_func_50'
	 :: interestingness test failed on irg 'r_func_87'
	 :: interestingness test failed on irg 'r_func_17'
	 :: interestingness test failed on irg 'r_func_28'
	 :: interestingness test failed on irg 'r_func_31'
	 :: interestingness test failed on irg 'r_func_10'
	 :: interestingness test failed on irg 'r_func_62'
	 :: interestingness test failed on irg 'r_func_84'
	 :: interestingness test failed on irg 'r_func_29'
	 :: interestingness test failed on irg 'r_func_49'
	 :: interestingness test failed on irg 'r_func_52'
	 :: interestingness test failed on irg 'r_func_88'
	 :: interestingness test failed on irg 'r_func_4'
	 :: interestingness test failed on irg 'r_func_16'
	 :: interestingness test failed on irg 'r_func_71'
	 :: interestingness test failed on irg 'r_func_98'
	 :: interestingness test failed on irg 'r_func_97'
	 :: interestingness test failed on irg 'r_func_92'
	 :: interestingness test failed on irg 'r_func_18'
	 :: interestingness test failed on irg 'r_func_35'
	 :: interestingness test failed on irg 'r_func_50'
	 :: interestingness test failed on irg 'r_func_95'
	 :: interestingness test failed on irg 'r_func_51'
	 :: interestingness test failed on irg 'r_func_84'
	 :: interestingness test failed on irg 'r_func_75'
	 :: interestingness test failed on irg 'r_func_75'
	 :: interestingness test failed on irg 'r_func_72'
	 :: interestingness test failed on irg 'r_func_15'
	 :: interestingness test failed on irg 'r_func_4'
	 :: interestingness test failed on irg 'r_func_94'
	 :: interestingness test failed on irg 'r_func_58'
	 :: interestingness test failed on irg 'r_func_18'
	 :: interestingness test failed on irg 'r_func_92'
	 :: interestingness test failed on irg 'r_func_62'
	 :: interestingness test failed on irg 'r_func_35'
	 :: interestingness test failed on irg 'r_func_58'
	 :: interestingness test failed on irg 'r_func_90'
	 :: interestingness test failed on irg 'r_func_29'
	 :: interestingness test failed on irg 'r_func_90'
	 :: interestingness test failed on irg 'r_func_50'
	 :: interestingness test failed on irg 'r_func_86'
	 :: interestingness test failed on irg 'r_func_16'
	 :: interestingness test failed on irg 'r_func_35'
	 :: interestingness test failed on irg 'r_func_88'
	 :: interestingness test failed on irg 'r_func_71'
	 :: interestingness test failed on irg 'r_func_7'
	 :: interestingness test failed on irg 'r_func_89'
	 :: interestingness test failed on irg 'r_func_15'
	 :: interestingness test failed on irg 'r_func_29'
	 :: interestingness test failed on irg 'r_func_89'
	 :: interestingness test failed on irg 'r_func_50'
	 :: interestingness test failed on irg 'r_func_17'
	 :: interestingness test failed on irg 'r_func_97'
	 :: interestingness test failed on irg 'r_func_95'
	 :: interestingness test failed on irg 'r_func_16'
	 :: interestingness test failed on irg 'r_func_62'
	 :: interestingness test failed on irg 'r_func_52'
	 :: interestingness test failed on irg 'r_func_5'
	 :: interestingness test failed on irg 'r_func_43'
	 :: interestingness test failed on irg 'r_func_50'
	 :: interestingness test failed on irg 'r_func_3'
	 :: interestingness test failed on irg 'r_func_35'
	 :: interestingness test failed on irg 'r_func_48'
	 :: interestingness test failed on irg 'r_func_51'
	 :: interestingness test failed on irg 'r_func_51'
	 :: interestingness test failed on irg 'r_func_39'
	 :: interestingness test failed on irg 'r_func_74'
	 :: interestingness test failed on irg 'r_func_84'
	 :: interestingness test failed on irg 'r_func_29'
	 :: interestingness test failed on irg 'r_func_36'
	 :: interestingness test failed on irg 'r_func_84'
	 :: interestingness test failed on irg 'r_func_60'
	 :: interestingness test failed on irg 'r_func_7'
	 :: interestingness test failed on irg 'r_func_86'
	 :: interestingness test failed on irg 'r_func_4'
	 :: interestingness test failed on irg 'r_func_84'
	 :: interestingness test failed on irg 'r_func_52'
	 :: interestingness test failed on irg 'r_func_75'
	 :: interestingness test failed on irg 'r_func_98'
	 :: interestingness test failed on irg 'r_func_4'
	 :: interestingness test failed on irg 'r_func_84'
	 :: interestingness test failed on irg 'r_func_62'
	 :: interestingness test failed on irg 'r_func_39'
	 :: interestingness test failed on irg 'r_func_90'
	 :: interestingness test failed on irg 'r_func_17'
	 :: interestingness test failed on irg 'r_func_31'
	 :: interestingness test failed on irg 'r_func_71'
	 :: interestingness test failed on irg 'r_func_17'
	 :: interestingness test failed on irg 'r_func_17'
	 :: interestingness test failed on irg 'r_func_90'
	 :: interestingness test failed on irg 'r_func_90'
	 :: interestingness test failed on irg 'r_func_28'
	 :: interestingness test failed on irg 'r_func_36'
	 :: interestingness test failed on irg 'r_func_3'
	 :: interestingness test failed on irg 'r_func_4'
	 :: interestingness test failed on irg 'r_func_84'
	 :: interestingness test failed on irg 'r_func_90'
	 :: interestingness test failed on irg 'r_func_3'
	 :: interestingness test failed on irg 'r_func_84'
	 :: interestingness test failed on irg 'r_func_50'
	 :: interestingness test failed on irg 'r_func_17'
	 :: interestingness test failed on irg 'r_func_18'
	 :: interestingness test failed on irg 'r_func_16'
	 :: interestingness test failed on irg 'r_func_90'
	 :: interestingness test failed on irg 'r_func_62'
	 :: interestingness test failed on irg 'r_func_50'
	 :: interestingness test failed on irg 'r_func_90'
	 :: interestingness test failed on irg 'r_func_16'
	 :: interestingness test failed on irg 'r_func_86'
	 :: interestingness test failed on irg 'r_func_52'
	 :: interestingness test failed on irg 'r_func_28'
	 :: interestingness test failed on irg 'r_func_4'
	 :: interestingness test failed on irg 'r_func_86'
	 :: interestingness test failed on irg 'r_func_71'
	 :: interestingness test failed on irg 'r_func_4'
	 :: interestingness test failed on irg 'r_func_4'
	 :: interestingness test failed on irg 'r_func_90'
	 :: interestingness test failed on irg 'r_func_36'
	 :: interestingness test failed on irg 'r_func_90'
	 :: interestingness test failed on irg 'r_func_86' -- Successful
	# of nodes: 			1474
	# of irgs: 				27
	# of cf manipulations: 	60
	# of memory operations: 442
	# of types: 			2751



Using pass: pass_libfirm_remove_bads -- No improvement
	# of nodes: 			1474
	# of irgs: 				27
	# of cf manipulations: 	60
	# of memory operations: 442
	# of types: 			2751



Using pass: pass_libfirm_place_code -- Successful
	# of nodes: 			1480
	# of irgs: 				27
	# of cf manipulations: 	63
	# of memory operations: 442
	# of types: 			2751



Using pass: pass_replace_return_values -- Successful
	# of nodes: 			1468
	# of irgs: 				27
	# of cf manipulations: 	61
	# of memory operations: 442
	# of types: 			2751



Using pass: pass_libfirm_opt_tail_rec -- Successful
	# of nodes: 			1465
	# of irgs: 				27
	# of cf manipulations: 	60
	# of memory operations: 442
	# of types: 			2751



Using pass: pass_replace_loads
	 :: Pass failed on irg 'r_func_52'
	 :: Pass failed on irg 'r_func_50'
	 :: Pass failed on irg 'r_func_36'
	 :: Pass failed on irg 'r_func_36'
	 :: Pass failed on irg 'r_func_98'
	 :: Pass failed on irg 'r_func_52'
	 :: Pass failed on irg 'r_func_75'
	 :: Pass failed on irg 'r_func_31'
	 :: Pass failed on irg 'r_func_48'
	 :: Pass failed on irg 'r_func_86'
	 :: Pass failed on irg 'r_func_36'
	 :: Pass failed on irg 'r_func_4'
	 :: Pass failed on irg 'r_func_7'
	 :: Pass failed on irg 'r_func_88'
	 :: Pass failed on irg 'r_func_18'
	 :: Pass failed on irg 'r_func_71'
	 :: Pass failed on irg 'r_func_60'
	 :: Pass failed on irg 'r_func_52'
	 :: Pass failed on irg 'r_func_97'
	 :: Pass failed on irg 'r_func_98'
	 :: Pass failed on irg 'r_func_90'
	 :: Pass failed on irg 'r_func_43'
	 :: Pass failed on irg 'r_func_36'
	 :: Pass failed on irg 'r_func_62'
	 :: Pass failed on irg 'r_func_75' -- No improvement
	# of nodes: 			1465
	# of irgs: 				27
	# of cf manipulations: 	60
	# of memory operations: 442
	# of types: 			2751



Using pass: pass_replace_mux_selectors -- No improvement
	# of nodes: 			1465
	# of irgs: 				27
	# of cf manipulations: 	60
	# of memory operations: 442
	# of types: 			2751



Using pass: pass_libfirm_place_code -- No improvement
	# of nodes: 			1465
	# of irgs: 				27
	# of cf manipulations: 	60
	# of memory operations: 442
	# of types: 			2751



Using pass: pass_libfirm_combo -- No improvement
	# of nodes: 			1465
	# of irgs: 				27
	# of cf manipulations: 	60
	# of memory operations: 442
	# of types: 			2751



Using pass: pass_libfirm_opt_bool -- No improvement
	# of nodes: 			1465
	# of irgs: 				27
	# of cf manipulations: 	60
	# of memory operations: 442
	# of types: 			2751



Using pass: pass_libfirm_dead_code_elimination -- No improvement
	# of nodes: 			1465
	# of irgs: 				27
	# of cf manipulations: 	60
	# of memory operations: 442
	# of types: 			2751



Using pass: pass_libfirm_opt_bool -- No improvement
	# of nodes: 			1465
	# of irgs: 				27
	# of cf manipulations: 	60
	# of memory operations: 442
	# of types: 			2751



Using pass: pass_replace_loads
	 :: Pass failed on irg 'r_func_7'
	 :: Pass failed on irg 'r_func_97'
	 :: Pass failed on irg 'r_func_52'
	 :: Pass failed on irg 'r_func_52'
	 :: Pass failed on irg 'r_func_71'
	 :: Pass failed on irg 'r_func_4'
	 :: Pass failed on irg 'r_func_51'
	 :: Pass failed on irg 'r_func_62'
	 :: Pass failed on irg 'r_func_84'
	 :: Pass failed on irg 'r_func_74'
	 :: Pass failed on irg 'r_func_48'
	 :: Pass failed on irg 'r_func_52'
	 :: Pass failed on irg 'r_func_43'
	 :: Pass failed on irg 'r_func_97'
	 :: Pass failed on irg 'r_func_4'
	 :: Pass failed on irg 'r_func_98'
	 :: Pass failed on irg 'r_func_3'
	 :: Pass failed on irg 'r_func_28'
	 :: Pass failed on irg 'r_func_28'
	 :: Pass failed on irg 'r_func_43'
	 :: Pass failed on irg 'r_func_50'
	 :: Pass failed on irg 'r_func_60'
	 :: Pass failed on irg 'r_func_16'
	 :: Pass failed on irg 'r_func_86'
	 :: Pass failed on irg 'r_func_50'
	 :: Pass failed on irg 'r_func_97'
	 :: Pass failed on irg 'r_func_60' -- No improvement
	# of nodes: 			1465
	# of irgs: 				27
	# of cf manipulations: 	60
	# of memory operations: 442
	# of types: 			2751



Using pass: pass_libfirm_opt_funccalls -- No improvement
	# of nodes: 			1465
	# of irgs: 				27
	# of cf manipulations: 	60
	# of memory operations: 442
	# of types: 			2751



Using pass: pass_libfirm_opt_if_conv -- No improvement
	# of nodes: 			1465
	# of irgs: 				27
	# of cf manipulations: 	60
	# of memory operations: 442
	# of types: 			2751



Using pass: pass_libfirm_opt_funccalls -- No improvement
	# of nodes: 			1465
	# of irgs: 				27
	# of cf manipulations: 	60
	# of memory operations: 442
	# of types: 			2751



Using pass: pass_libfirm_combo -- No improvement
	# of nodes: 			1465
	# of irgs: 				27
	# of cf manipulations: 	60
	# of memory operations: 442
	# of types: 			2751



Using pass: pass_remove_void_calls
	 :: Pass failed on irg 'r_func_52'
	 :: Pass failed on irg 'r_func_52'
	 :: Pass failed on irg 'r_func_52'
	 :: Pass failed on irg 'r_func_52'
	 :: Pass failed on irg 'r_func_52'
	 :: Pass failed on irg 'r_func_52'
	 :: Pass failed on irg 'r_func_52'
	 :: Pass failed on irg 'r_func_52'
	 :: Pass failed on irg 'r_func_52' -- Successful
	# of nodes: 			1388
	# of irgs: 				27
	# of cf manipulations: 	60
	# of memory operations: 420
	# of types: 			2751



Using pass: pass_libfirm_combo -- No improvement
	# of nodes: 			1388
	# of irgs: 				27
	# of cf manipulations: 	60
	# of memory operations: 420
	# of types: 			2751



Using pass: pass_libfirm_construct_confirms -- No improvement
	# of nodes: 			1388
	# of irgs: 				27
	# of cf manipulations: 	60
	# of memory operations: 420
	# of types: 			2751



Using pass: pass_libfirm_scalar_replacement_opt -- No improvement
	# of nodes: 			1388
	# of irgs: 				27
	# of cf manipulations: 	60
	# of memory operations: 420
	# of types: 			2751



Using pass: pass_libfirm_optimize_cf -- Successful
	# of nodes: 			1383
	# of irgs: 				27
	# of cf manipulations: 	57
	# of memory operations: 420
	# of types: 			2751



Using pass: pass_gc_entitites -- No improvement
	# of nodes: 			1383
	# of irgs: 				27
	# of cf manipulations: 	57
	# of memory operations: 420
	# of types: 			2751



Using pass: pass_libfirm_opt_tail_rec -- Successful
	# of nodes: 			1384
	# of irgs: 				27
	# of cf manipulations: 	58
	# of memory operations: 420
	# of types: 			2751



Using pass: pass_gc_irgs_primitive
	 :: interestingness test failed on irg 'r_func_75'
	 :: interestingness test failed on irg 'r_func_71' -- Successful
	# of nodes: 			7
	# of irgs: 				1
	# of cf manipulations: 	2
	# of memory operations: 0
	# of types: 			2751



Using pass: pass_libfirm_normalize_n_returns -- No improvement
	# of nodes: 			7
	# of irgs: 				1
	# of cf manipulations: 	2
	# of memory operations: 0
	# of types: 			2751



Using pass: pass_libfirm_gvn_pre -- No improvement
	# of nodes: 			7
	# of irgs: 				1
	# of cf manipulations: 	2
	# of memory operations: 0
	# of types: 			2751



Using pass: pass_replace_arithmetic -- No improvement
	# of nodes: 			7
	# of irgs: 				1
	# of cf manipulations: 	2
	# of memory operations: 0
	# of types: 			2751



Using pass: pass_remove_void_calls -- No improvement
	# of nodes: 			7
	# of irgs: 				1
	# of cf manipulations: 	2
	# of memory operations: 0
	# of types: 			2751



Using pass: pass_libfirm_gvn_pre -- No improvement
	# of nodes: 			7
	# of irgs: 				1
	# of cf manipulations: 	2
	# of memory operations: 0
	# of types: 			2751



Using pass: pass_check_validity -- No improvement
	# of nodes: 			7
	# of irgs: 				1
	# of cf manipulations: 	2
	# of memory operations: 0
	# of types: 			2751



Using pass: pass_libfirm_opt_tail_rec -- No improvement
	# of nodes: 			7
	# of irgs: 				1
	# of cf manipulations: 	2
	# of memory operations: 0
	# of types: 			2751



Using pass: pass_libfirm_opt_if_conv -- No improvement
	# of nodes: 			7
	# of irgs: 				1
	# of cf manipulations: 	2
	# of memory operations: 0
	# of types: 			2751



Using pass: pass_libfirm_occult_consts -- No improvement
	# of nodes: 			7
	# of irgs: 				1
	# of cf manipulations: 	2
	# of memory operations: 0
	# of types: 			2751



Using pass: pass_libfirm_scalar_replacement_opt -- No improvement
	# of nodes: 			7
	# of irgs: 				1
	# of cf manipulations: 	2
	# of memory operations: 0
	# of types: 			2751



Using pass: pass_libfirm_construct_confirms -- No improvement
	# of nodes: 			7
	# of irgs: 				1
	# of cf manipulations: 	2
	# of memory operations: 0
	# of types: 			2751



Using pass: pass_libfirm_remove_bads -- No improvement
	# of nodes: 			7
	# of irgs: 				1
	# of cf manipulations: 	2
	# of memory operations: 0
	# of types: 			2751



Using pass: pass_check_validity -- No improvement
	# of nodes: 			7
	# of irgs: 				1
	# of cf manipulations: 	2
	# of memory operations: 0
	# of types: 			2751



Using pass: pass_gc_irgs -- No improvement
	# of nodes: 			7
	# of irgs: 				1
	# of cf manipulations: 	2
	# of memory operations: 0
	# of types: 			2751



Using pass: pass_libfirm_normalize_one_return -- No improvement
	# of nodes: 			7
	# of irgs: 				1
	# of cf manipulations: 	2
	# of memory operations: 0
	# of types: 			2751



Using pass: pass_libfirm_opt_jumpthreading -- No improvement
	# of nodes: 			7
	# of irgs: 				1
	# of cf manipulations: 	2
	# of memory operations: 0
	# of types: 			2751



Using pass: pass_gc_irgs -- No improvement
	# of nodes: 			7
	# of irgs: 				1
	# of cf manipulations: 	2
	# of memory operations: 0
	# of types: 			2751



Using pass: pass_libfirm_normalize_one_return -- No improvement
	# of nodes: 			7
	# of irgs: 				1
	# of cf manipulations: 	2
	# of memory operations: 0
	# of types: 			2751



Using pass: pass_libfirm_normalize_one_return -- No improvement
	# of nodes: 			7
	# of irgs: 				1
	# of cf manipulations: 	2
	# of memory operations: 0
	# of types: 			2751



Using pass: pass_libfirm_opt_if_conv -- No improvement
	# of nodes: 			7
	# of irgs: 				1
	# of cf manipulations: 	2
	# of memory operations: 0
	# of types: 			2751



Using pass: pass_libfirm_occult_consts -- No improvement
	# of nodes: 			7
	# of irgs: 				1
	# of cf manipulations: 	2
	# of memory operations: 0
	# of types: 			2751



Using pass: pass_libfirm_opt_parallelize_mem -- No improvement
	# of nodes: 			7
	# of irgs: 				1
	# of cf manipulations: 	2
	# of memory operations: 0
	# of types: 			2751



Using pass: pass_replace_return_values -- No improvement
	# of nodes: 			7
	# of irgs: 				1
	# of cf manipulations: 	2
	# of memory operations: 0
	# of types: 			2751



Using pass: pass_libfirm_combo -- No improvement
	# of nodes: 			7
	# of irgs: 				1
	# of cf manipulations: 	2
	# of memory operations: 0
	# of types: 			2751



Using pass: pass_libfirm_opt_parallelize_mem -- No improvement
	# of nodes: 			7
	# of irgs: 				1
	# of cf manipulations: 	2
	# of memory operations: 0
	# of types: 			2751



Using pass: pass_replace_cond_selectors -- No improvement
	# of nodes: 			7
	# of irgs: 				1
	# of cf manipulations: 	2
	# of memory operations: 0
	# of types: 			2751



Using pass: pass_libfirm_remove_unreachable -- No improvement
	# of nodes: 			7
	# of irgs: 				1
	# of cf manipulations: 	2
	# of memory operations: 0
	# of types: 			2751



Using pass: pass_libfirm_opt_bool -- No improvement
	# of nodes: 			7
	# of irgs: 				1
	# of cf manipulations: 	2
	# of memory operations: 0
	# of types: 			2751



Using pass: pass_libfirm_optimize_load_store -- No improvement
	# of nodes: 			7
	# of irgs: 				1
	# of cf manipulations: 	2
	# of memory operations: 0
	# of types: 			2751



Using pass: pass_libfirm_remove_tuples -- No improvement
	# of nodes: 			7
	# of irgs: 				1
	# of cf manipulations: 	2
	# of memory operations: 0
	# of types: 			2751



Using pass: pass_gc_irgs_primitive -- No improvement
	# of nodes: 			7
	# of irgs: 				1
	# of cf manipulations: 	2
	# of memory operations: 0
	# of types: 			2751



Using pass: pass_replace_return_values -- No improvement
	# of nodes: 			7
	# of irgs: 				1
	# of cf manipulations: 	2
	# of memory operations: 0
	# of types: 			2751



Using pass: pass_libfirm_combo -- No improvement
	# of nodes: 			7
	# of irgs: 				1
	# of cf manipulations: 	2
	# of memory operations: 0
	# of types: 			2751



Using pass: pass_check_validity -- No improvement
	# of nodes: 			7
	# of irgs: 				1
	# of cf manipulations: 	2
	# of memory operations: 0
	# of types: 			2751



Using pass: pass_libfirm_remove_tuples -- No improvement
	# of nodes: 			7
	# of irgs: 				1
	# of cf manipulations: 	2
	# of memory operations: 0
	# of types: 			2751



Using pass: pass_simplify_consts -- No improvement
	# of nodes: 			7
	# of irgs: 				1
	# of cf manipulations: 	2
	# of memory operations: 0
	# of types: 			2751



Using pass: pass_libfirm_occult_consts -- No improvement
	# of nodes: 			7
	# of irgs: 				1
	# of cf manipulations: 	2
	# of memory operations: 0
	# of types: 			2751



Using pass: pass_libfirm_combo -- No improvement
	# of nodes: 			7
	# of irgs: 				1
	# of cf manipulations: 	2
	# of memory operations: 0
	# of types: 			2751



Using pass: pass_libfirm_do_loop_unrolling -- No improvement
	# of nodes: 			7
	# of irgs: 				1
	# of cf manipulations: 	2
	# of memory operations: 0
	# of types: 			2751



Using pass: pass_libfirm_do_loop_peeling -- No improvement
	# of nodes: 			7
	# of irgs: 				1
	# of cf manipulations: 	2
	# of memory operations: 0
	# of types: 			2751



Using pass: pass_libfirm_opt_funccalls -- No improvement
	# of nodes: 			7
	# of irgs: 				1
	# of cf manipulations: 	2
	# of memory operations: 0
	# of types: 			2751



Using pass: pass_libfirm_opt_tail_rec -- No improvement
	# of nodes: 			7
	# of irgs: 				1
	# of cf manipulations: 	2
	# of memory operations: 0
	# of types: 			2751



Using pass: pass_replace_mux_selectors -- No improvement
	# of nodes: 			7
	# of irgs: 				1
	# of cf manipulations: 	2
	# of memory operations: 0
	# of types: 			2751



Using pass: pass_replace_mux_selectors -- No improvement
	# of nodes: 			7
	# of irgs: 				1
	# of cf manipulations: 	2
	# of memory operations: 0
	# of types: 			2751



Using pass: pass_libfirm_remove_bads -- No improvement
	# of nodes: 			7
	# of irgs: 				1
	# of cf manipulations: 	2
	# of memory operations: 0
	# of types: 			2751



Using pass: pass_libfirm_opt_blocks -- No improvement
	# of nodes: 			7
	# of irgs: 				1
	# of cf manipulations: 	2
	# of memory operations: 0
	# of types: 			2751



Using pass: pass_libfirm_do_loop_unrolling -- No improvement
	# of nodes: 			7
	# of irgs: 				1
	# of cf manipulations: 	2
	# of memory operations: 0
	# of types: 			2751



Using pass: pass_replace_arithmetic -- No improvement
	# of nodes: 			7
	# of irgs: 				1
	# of cf manipulations: 	2
	# of memory operations: 0
	# of types: 			2751



Using pass: pass_libfirm_gvn_pre -- No improvement
	# of nodes: 			7
	# of irgs: 				1
	# of cf manipulations: 	2
	# of memory operations: 0
	# of types: 			2751



Using pass: pass_libfirm_place_code -- No improvement
	# of nodes: 			7
	# of irgs: 				1
	# of cf manipulations: 	2
	# of memory operations: 0
	# of types: 			2751



Using pass: pass_replace_loads -- No improvement
	# of nodes: 			7
	# of irgs: 				1
	# of cf manipulations: 	2
	# of memory operations: 0
	# of types: 			2751



Using pass: pass_remove_stores -- No improvement
	# of nodes: 			7
	# of irgs: 				1
	# of cf manipulations: 	2
	# of memory operations: 0
	# of types: 			2751



Using pass: pass_libfirm_optimize_graph_df -- No improvement
	# of nodes: 			7
	# of irgs: 				1
	# of cf manipulations: 	2
	# of memory operations: 0
	# of types: 			2751



Using pass: pass_libfirm_opt_jumpthreading -- No improvement
	# of nodes: 			7
	# of irgs: 				1
	# of cf manipulations: 	2
	# of memory operations: 0
	# of types: 			2751



Using pass: pass_remove_void_calls -- No improvement
	# of nodes: 			7
	# of irgs: 				1
	# of cf manipulations: 	2
	# of memory operations: 0
	# of types: 			2751



Using pass: pass_replace_mux_selectors -- No improvement
	# of nodes: 			7
	# of irgs: 				1
	# of cf manipulations: 	2
	# of memory operations: 0
	# of types: 			2751



Using pass: pass_libfirm_combo -- No improvement
	# of nodes: 			7
	# of irgs: 				1
	# of cf manipulations: 	2
	# of memory operations: 0
	# of types: 			2751



Using pass: pass_libfirm_remove_tuples -- No improvement
	# of nodes: 			7
	# of irgs: 				1
	# of cf manipulations: 	2
	# of memory operations: 0
	# of types: 			2751



Using pass: pass_libfirm_opt_blocks -- No improvement
	# of nodes: 			7
	# of irgs: 				1
	# of cf manipulations: 	2
	# of memory operations: 0
	# of types: 			2751



Using pass: pass_replace_loads -- No improvement
	# of nodes: 			7
	# of irgs: 				1
	# of cf manipulations: 	2
	# of memory operations: 0
	# of types: 			2751




 :: 2nd reduction cycle

Using pass: pass_gc_irgs_primitive -- Trying irg 'r_func_62' -- No improvement
Using pass: pass_gc_irgs_primitive -- Trying irg 'r_func_16' -- No improvement
Using pass: pass_gc_irgs_primitive -- Trying irg 'r_func_65' -- No improvement
Using pass: pass_gc_irgs_primitive -- Trying irg 'r_func_33' -- No improvement
Using pass: pass_gc_irgs_primitive -- Trying irg 'r_func_65' -- No improvement
Using pass: pass_gc_irgs_primitive -- Trying irg 'r_func_17' -- No improvement
Using pass: pass_gc_irgs_primitive -- Trying irg 'r_func_40' -- No improvement
Using pass: pass_gc_irgs_primitive -- Trying irg 'r_func_31' -- No improvement
Using pass: pass_gc_irgs_primitive -- Trying irg 'r_func_49' -- No improvement
Using pass: pass_gc_irgs_primitive -- Trying irg 'r_func_66' -- No improvement
Using pass: pass_gc_irgs_primitive -- Trying irg 'r_func_4' -- No improvement
Using pass: pass_gc_irgs_primitive -- Trying irg 'r_func_10' -- No improvement
Using pass: pass_gc_irgs_primitive -- Trying irg 'r_func_40' -- No improvement
Using pass: pass_gc_irgs_primitive -- Trying irg 'r_func_80' -- No improvement
Using pass: pass_gc_irgs_primitive -- Trying irg 'r_func_35' -- No improvement
Using pass: pass_gc_irgs_primitive -- Trying irg 'r_func_87' -- No improvement
Using pass: pass_gc_irgs_primitive -- Trying irg 'r_func_5' -- No improvement
Using pass: pass_gc_irgs_primitive -- Trying irg 'r_func_32' -- No improvement
Using pass: pass_gc_irgs_primitive -- Trying irg 'r_func_67' -- No improvement
Using pass: pass_gc_irgs_primitive -- Trying irg 'r_func_65' -- No improvement
Using pass: pass_gc_irgs_primitive -- Trying irg 'r_func_18' -- No improvement
Using pass: pass_gc_irgs_primitive -- Trying irg 'r_func_72' -- No improvement
Using pass: pass_gc_irgs_primitive -- Trying irg 'r_func_36' -- No improvement
Using pass: pass_gc_irgs_primitive -- Trying irg 'r_func_29' -- No improvement
Using pass: pass_gc_irgs_primitive -- Trying irg 'r_func_62' -- No improvement
Using pass: pass_gc_irgs_primitive -- Trying irg 'r_func_58' -- No improvement
Using pass: pass_gc_irgs_primitive -- Trying irg 'r_func_95' -- No improvement
Using pass: pass_gc_irgs_primitive -- Trying irg 'r_func_15' -- No improvement
Using pass: pass_gc_irgs_primitive -- Trying irg 'r_func_23' -- No improvement
Using pass: pass_gc_irgs_primitive -- Trying irg 'r_func_89' -- No improvement
Using pass: pass_gc_irgs_primitive -- Trying irg 'r_func_36' -- No improvement
Using pass: pass_gc_irgs_primitive -- Trying irg 'r_func_3' -- No improvement
Using pass: pass_gc_irgs_primitive -- Trying irg 'r_func_94' -- No improvement
Using pass: pass_gc_irgs_primitive -- Trying irg 'r_func_86' -- No improvement
Using pass: pass_gc_irgs_primitive -- Trying irg 'r_func_98' -- No improvement
Using pass: pass_gc_irgs_primitive -- Trying irg 'r_func_88' -- No improvement
Using pass: pass_gc_irgs_primitive -- Trying irg 'r_func_98' -- No improvement
Using pass: pass_gc_irgs_primitive -- Trying irg 'r_func_87' -- No improvement
Using pass: pass_gc_irgs_primitive -- Trying irg 'r_func_40' -- No improvement
Using pass: pass_gc_irgs_primitive -- Trying irg 'r_func_88' -- No improvement
Using pass: pass_gc_irgs_primitive -- Trying irg 'r_func_89' -- No improvement
Using pass: pass_gc_irgs_primitive -- Trying irg 'r_func_4' -- No improvement
Using pass: pass_gc_irgs_primitive -- Trying irg 'r_func_79' -- No improvement
Using pass: pass_gc_irgs_primitive -- Trying irg 'r_func_86' -- No improvement
Using pass: pass_gc_irgs_primitive -- Trying irg 'r_func_29' -- No improvement
Using pass: pass_gc_irgs_primitive -- Trying irg 'r_func_31' -- No improvement
Using pass: pass_gc_irgs_primitive -- Trying irg 'r_func_28' -- No improvement
Using pass: pass_gc_irgs_primitive -- Trying irg 'r_func_49' -- No improvement
Using pass: pass_gc_irgs_primitive -- Trying irg 'r_func_72' -- No improvement
Using pass: pass_gc_irgs_primitive -- Trying irg 'r_func_80' -- No improvement
Using pass: pass_gc_irgs_primitive -- Trying irg 'r_func_50' -- No improvement
Using pass: pass_gc_irgs_primitive -- Trying irg 'r_func_88' -- No improvement
Using pass: pass_gc_irgs_primitive -- Trying irg 'r_func_50' -- No improvement
Using pass: pass_gc_irgs_primitive -- Trying irg 'r_func_36' -- No improvement
Using pass: pass_gc_irgs_primitive -- Trying irg 'r_func_2' -- No improvement
Using pass: pass_gc_irgs_primitive -- Trying irg 'r_func_66' -- No improvement
Using pass: pass_gc_irgs_primitive -- Trying irg 'r_func_18' -- No improvement
Using pass: pass_gc_irgs_primitive -- Trying irg 'r_func_9' -- No improvement
Using pass: pass_gc_irgs_primitive -- Trying irg 'r_func_74' -- No improvement
Using pass: pass_gc_irgs_primitive -- Trying irg 'r_func_16' -- No improvement
Using pass: pass_gc_irgs_primitive -- Trying irg 'r_func_97' -- No improvement
Using pass: pass_gc_irgs_primitive -- Trying irg 'r_func_67' -- No improvement
Using pass: pass_gc_irgs_primitive -- Trying irg 'r_func_62' -- No improvement
Using pass: pass_gc_irgs_primitive -- Trying irg 'r_func_9' -- No improvement
Using pass: pass_gc_irgs_primitive -- Trying irg 'r_func_15' -- No improvement
Using pass: pass_gc_irgs_primitive -- Trying irg 'r_func_18' -- No improvement
Using pass: pass_gc_irgs_primitive -- Trying irg 'r_func_15' -- No improvement
Using pass: pass_gc_irgs_primitive -- Trying irg 'r_func_98' -- No improvement
Using pass: pass_gc_irgs_primitive -- Trying irg 'r_func_93' -- No improvement
Using pass: pass_gc_irgs_primitive -- Trying irg 'r_func_90' -- No improvement
Using pass: pass_gc_irgs_primitive -- Trying irg 'r_func_39' -- No improvement
Using pass: pass_gc_irgs_primitive -- Trying irg 'r_func_87' -- No improvement
Using pass: pass_gc_irgs_primitive -- Trying irg 'r_func_39' -- No improvement
Using pass: pass_gc_irgs_primitive -- Trying irg 'r_func_87' -- No improvement
Using pass: pass_gc_irgs_primitive -- Trying irg 'r_func_66' -- No improvement
Using pass: pass_gc_irgs_primitive -- Trying irg 'r_func_77' -- No improvement
Using pass: pass_gc_irgs_primitive -- Trying irg 'r_func_40' -- No improvement
Using pass: pass_gc_irgs_primitive -- Trying irg 'r_func_93' -- No improvement
Using pass: pass_gc_irgs_primitive -- Trying irg 'r_func_86' -- No improvement
Using pass: pass_gc_irgs_primitive -- Trying irg 'r_func_98' -- No improvement
Using pass: pass_gc_irgs_primitive -- Trying irg 'r_func_29' -- No improvement
Using pass: pass_gc_irgs_primitive -- Trying irg 'r_func_90' -- No improvement
Using pass: pass_gc_irgs_primitive -- Trying irg 'r_func_92' -- No improvement
Using pass: pass_gc_irgs_primitive -- Trying irg 'r_func_97' -- No improvement
Using pass: pass_gc_irgs_primitive -- Trying irg 'r_func_18' -- No improvement
Using pass: pass_gc_irgs_primitive -- Trying irg 'r_func_75' -- No improvement
Using pass: pass_gc_irgs_primitive -- Trying irg 'r_func_53' -- No improvement
Using pass: pass_gc_irgs_primitive -- Trying irg 'r_func_5' -- No improvement
Using pass: pass_gc_irgs_primitive -- Trying irg 'r_func_87' -- No improvement
Using pass: pass_gc_irgs_primitive -- Trying irg 'r_func_17' -- No improvement
Using pass: pass_gc_irgs_primitive -- Trying irg 'r_func_39' -- No improvement
Using pass: pass_gc_irgs_primitive -- Trying irg 'r_func_92' -- No improvement
Using pass: pass_gc_irgs_primitive -- Trying irg 'r_func_36' -- No improvement
Using pass: pass_gc_irgs_primitive -- Trying irg 'r_func_9' -- No improvement
Using pass: pass_gc_irgs_primitive -- Trying irg 'r_func_9' -- No improvement
Using pass: pass_gc_irgs_primitive -- Trying irg 'r_func_80' -- No improvement
Using pass: pass_gc_irgs_primitive -- Trying irg 'r_func_98' -- No improvement
Using pass: pass_gc_irgs_primitive -- Trying irg 'r_func_58' -- No improvement
Using pass: pass_gc_irgs_primitive -- Trying irg 'r_func_10' -- No improvement
Using pass: pass_gc_irgs_primitive -- Trying irg 'r_func_48' -- No improvement
Using pass: pass_gc_irgs_primitive -- Trying irg 'r_func_80' -- No improvement
Using pass: pass_gc_irgs_primitive -- Trying irg 'r_func_79' -- No improvement
Using pass: pass_gc_irgs_primitive -- Trying irg 'r_func_95' -- No improvement
Using pass: pass_gc_irgs_primitive -- Trying irg 'r_func_47' -- No improvement
Using pass: pass_gc_irgs_primitive -- Trying irg 'r_func_5' -- No improvement
Using pass: pass_gc_irgs_primitive -- Trying irg 'r_func_79' -- No improvement
Using pass: pass_gc_irgs_primitive -- Trying irg 'r_func_66' -- No improvement
Using pass: pass_gc_irgs_primitive -- Trying irg 'r_func_90' -- No improvement
Using pass: pass_gc_irgs_primitive -- Trying irg 'r_func_72' -- No improvement
Using pass: pass_gc_irgs_primitive -- Trying irg 'r_func_75' -- No improvement
Using pass: pass_gc_irgs_primitive -- Trying irg 'r_func_67' -- No improvement
Using pass: pass_gc_irgs_primitive -- Trying irg 'r_func_40' -- No improvement
Using pass: pass_gc_irgs_primitive -- Trying irg 'r_func_17' -- No improvement
Using pass: pass_gc_irgs_primitive -- Trying irg 'r_func_5' -- No improvement
Using pass: pass_gc_irgs_primitive -- Trying irg 'r_func_72' -- No improvement
Using pass: pass_gc_irgs_primitive -- Trying irg 'r_func_79' -- No improvement
Using pass: pass_gc_irgs_primitive -- Trying irg 'r_func_67' -- No improvement
Using pass: pass_gc_irgs_primitive -- Trying irg 'r_func_94' -- No improvement
Using pass: pass_gc_irgs_primitive -- Trying irg 'r_func_80' -- No improvement
Using pass: pass_gc_irgs_primitive -- Trying irg 'r_func_90' -- No improvement
Using pass: pass_gc_irgs_primitive -- Trying irg 'r_func_29' -- No improvement
Using pass: pass_gc_irgs_primitive -- Trying irg 'r_func_49' -- No improvement
Using pass: pass_gc_irgs_primitive -- Trying irg 'r_func_16' -- No improvement
Using pass: pass_gc_irgs_primitive -- Trying irg 'r_func_75' -- No improvement
Using pass: pass_gc_irgs_primitive -- Trying irg 'r_func_5' -- No improvement
Using pass: pass_gc_irgs_primitive -- Trying irg 'r_func_16' -- No improvement
Using pass: pass_gc_irgs_primitive -- Trying irg 'r_func_71' -- No improvement
Using pass: pass_gc_irgs_primitive -- Trying irg 'r_func_50' -- No improvement
Using pass: pass_gc_irgs_primitive -- Trying irg 'r_func_87' -- No improvement
Using pass: pass_gc_irgs_primitive -- Trying irg 'r_func_17' -- No improvement
Using pass: pass_gc_irgs_primitive -- Trying irg 'r_func_28' -- No improvement
Using pass: pass_gc_irgs_primitive -- Trying irg 'r_func_31' -- No improvement
Using pass: pass_gc_irgs_primitive -- Trying irg 'r_func_10' -- No improvement
Using pass: pass_gc_irgs_primitive -- Trying irg 'r_func_62' -- No improvement
Using pass: pass_gc_irgs_primitive -- Trying irg 'r_func_84' -- No improvement
Using pass: pass_gc_irgs_primitive -- Trying irg 'r_func_29' -- No improvement
Using pass: pass_gc_irgs_primitive -- Trying irg 'r_func_49' -- No improvement
Using pass: pass_gc_irgs_primitive -- Trying irg 'r_func_52' -- No improvement
Using pass: pass_gc_irgs_primitive -- Trying irg 'r_func_88' -- No improvement
Using pass: pass_gc_irgs_primitive -- Trying irg 'r_func_4' -- No improvement
Using pass: pass_gc_irgs_primitive -- Trying irg 'r_func_16' -- No improvement
Using pass: pass_gc_irgs_primitive -- Trying irg 'r_func_71' -- No improvement
Using pass: pass_gc_irgs_primitive -- Trying irg 'r_func_98' -- No improvement
Using pass: pass_gc_irgs_primitive -- Trying irg 'r_func_97' -- No improvement
Using pass: pass_gc_irgs_primitive -- Trying irg 'r_func_92' -- No improvement
Using pass: pass_gc_irgs_primitive -- Trying irg 'r_func_18' -- No improvement
Using pass: pass_gc_irgs_primitive -- Trying irg 'r_func_35' -- No improvement
Using pass: pass_gc_irgs_primitive -- Trying irg 'r_func_50' -- No improvement
Using pass: pass_gc_irgs_primitive -- Trying irg 'r_func_95' -- No improvement
Using pass: pass_gc_irgs_primitive -- Trying irg 'r_func_51' -- No improvement
Using pass: pass_gc_irgs_primitive -- Trying irg 'r_func_84' -- No improvement
Using pass: pass_gc_irgs_primitive -- Trying irg 'r_func_75' -- No improvement
Using pass: pass_gc_irgs_primitive -- Trying irg 'r_func_75' -- No improvement
Using pass: pass_gc_irgs_primitive -- Trying irg 'r_func_72' -- No improvement
Using pass: pass_gc_irgs_primitive -- Trying irg 'r_func_15' -- No improvement
Using pass: pass_gc_irgs_primitive -- Trying irg 'r_func_4' -- No improvement
Using pass: pass_gc_irgs_primitive -- Trying irg 'r_func_94' -- No improvement
Using pass: pass_gc_irgs_primitive -- Trying irg 'r_func_58' -- No improvement
Using pass: pass_gc_irgs_primitive -- Trying irg 'r_func_18' -- No improvement
Using pass: pass_gc_irgs_primitive -- Trying irg 'r_func_92' -- No improvement
Using pass: pass_gc_irgs_primitive -- Trying irg 'r_func_62' -- No improvement
Using pass: pass_gc_irgs_primitive -- Trying irg 'r_func_35' -- No improvement
Using pass: pass_gc_irgs_primitive -- Trying irg 'r_func_58' -- No improvement
Using pass: pass_gc_irgs_primitive -- Trying irg 'r_func_90' -- No improvement
Using pass: pass_gc_irgs_primitive -- Trying irg 'r_func_29' -- No improvement
Using pass: pass_gc_irgs_primitive -- Trying irg 'r_func_90' -- No improvement
Using pass: pass_gc_irgs_primitive -- Trying irg 'r_func_50' -- No improvement
Using pass: pass_gc_irgs_primitive -- Trying irg 'r_func_86' -- No improvement
Using pass: pass_gc_irgs_primitive -- Trying irg 'r_func_16' -- No improvement
Using pass: pass_gc_irgs_primitive -- Trying irg 'r_func_35' -- No improvement
Using pass: pass_gc_irgs_primitive -- Trying irg 'r_func_88' -- No improvement
Using pass: pass_gc_irgs_primitive -- Trying irg 'r_func_71' -- No improvement
Using pass: pass_gc_irgs_primitive -- Trying irg 'r_func_7' -- No improvement
Using pass: pass_gc_irgs_primitive -- Trying irg 'r_func_89' -- No improvement
Using pass: pass_gc_irgs_primitive -- Trying irg 'r_func_15' -- No improvement
Using pass: pass_gc_irgs_primitive -- Trying irg 'r_func_29' -- No improvement
Using pass: pass_gc_irgs_primitive -- Trying irg 'r_func_89' -- No improvement
Using pass: pass_gc_irgs_primitive -- Trying irg 'r_func_50' -- No improvement
Using pass: pass_gc_irgs_primitive -- Trying irg 'r_func_17' -- No improvement
Using pass: pass_gc_irgs_primitive -- Trying irg 'r_func_97' -- No improvement
Using pass: pass_gc_irgs_primitive -- Trying irg 'r_func_95' -- No improvement
Using pass: pass_gc_irgs_primitive -- Trying irg 'r_func_16' -- No improvement
Using pass: pass_gc_irgs_primitive -- Trying irg 'r_func_62' -- No improvement
Using pass: pass_gc_irgs_primitive -- Trying irg 'r_func_52' -- No improvement
Using pass: pass_gc_irgs_primitive -- Trying irg 'r_func_5' -- No improvement
Using pass: pass_gc_irgs_primitive -- Trying irg 'r_func_43' -- No improvement
Using pass: pass_gc_irgs_primitive -- Trying irg 'r_func_50' -- No improvement
Using pass: pass_gc_irgs_primitive -- Trying irg 'r_func_3' -- No improvement
Using pass: pass_gc_irgs_primitive -- Trying irg 'r_func_35' -- No improvement
Using pass: pass_gc_irgs_primitive -- Trying irg 'r_func_48' -- No improvement
Using pass: pass_gc_irgs_primitive -- Trying irg 'r_func_51' -- No improvement
Using pass: pass_gc_irgs_primitive -- Trying irg 'r_func_51' -- No improvement
Using pass: pass_gc_irgs_primitive -- Trying irg 'r_func_39' -- No improvement
Using pass: pass_gc_irgs_primitive -- Trying irg 'r_func_74' -- No improvement
Using pass: pass_gc_irgs_primitive -- Trying irg 'r_func_84' -- No improvement
Using pass: pass_gc_irgs_primitive -- Trying irg 'r_func_29' -- No improvement
Using pass: pass_gc_irgs_primitive -- Trying irg 'r_func_36' -- No improvement
Using pass: pass_gc_irgs_primitive -- Trying irg 'r_func_84' -- No improvement
Using pass: pass_gc_irgs_primitive -- Trying irg 'r_func_60' -- No improvement
Using pass: pass_gc_irgs_primitive -- Trying irg 'r_func_7' -- No improvement
Using pass: pass_gc_irgs_primitive -- Trying irg 'r_func_86' -- No improvement
Using pass: pass_gc_irgs_primitive -- Trying irg 'r_func_4' -- No improvement
Using pass: pass_gc_irgs_primitive -- Trying irg 'r_func_84' -- No improvement
Using pass: pass_gc_irgs_primitive -- Trying irg 'r_func_52' -- No improvement
Using pass: pass_gc_irgs_primitive -- Trying irg 'r_func_75' -- No improvement
Using pass: pass_gc_irgs_primitive -- Trying irg 'r_func_98' -- No improvement
Using pass: pass_gc_irgs_primitive -- Trying irg 'r_func_4' -- No improvement
Using pass: pass_gc_irgs_primitive -- Trying irg 'r_func_84' -- No improvement
Using pass: pass_gc_irgs_primitive -- Trying irg 'r_func_62' -- No improvement
Using pass: pass_gc_irgs_primitive -- Trying irg 'r_func_39' -- No improvement
Using pass: pass_gc_irgs_primitive -- Trying irg 'r_func_90' -- No improvement
Using pass: pass_gc_irgs_primitive -- Trying irg 'r_func_17' -- No improvement
Using pass: pass_gc_irgs_primitive -- Trying irg 'r_func_31' -- No improvement
Using pass: pass_gc_irgs_primitive -- Trying irg 'r_func_71' -- No improvement
Using pass: pass_gc_irgs_primitive -- Trying irg 'r_func_17' -- No improvement
Using pass: pass_gc_irgs_primitive -- Trying irg 'r_func_17' -- No improvement
Using pass: pass_gc_irgs_primitive -- Trying irg 'r_func_90' -- No improvement
Using pass: pass_gc_irgs_primitive -- Trying irg 'r_func_90' -- No improvement
Using pass: pass_gc_irgs_primitive -- Trying irg 'r_func_28' -- No improvement
Using pass: pass_gc_irgs_primitive -- Trying irg 'r_func_36' -- No improvement
Using pass: pass_gc_irgs_primitive -- Trying irg 'r_func_3' -- No improvement
Using pass: pass_gc_irgs_primitive -- Trying irg 'r_func_4' -- No improvement
Using pass: pass_gc_irgs_primitive -- Trying irg 'r_func_84' -- No improvement
Using pass: pass_gc_irgs_primitive -- Trying irg 'r_func_90' -- No improvement
Using pass: pass_gc_irgs_primitive -- Trying irg 'r_func_3' -- No improvement
Using pass: pass_gc_irgs_primitive -- Trying irg 'r_func_84' -- No improvement
Using pass: pass_gc_irgs_primitive -- Trying irg 'r_func_50' -- No improvement
Using pass: pass_gc_irgs_primitive -- Trying irg 'r_func_17' -- No improvement
Using pass: pass_gc_irgs_primitive -- Trying irg 'r_func_18' -- No improvement
Using pass: pass_gc_irgs_primitive -- Trying irg 'r_func_16' -- No improvement
Using pass: pass_gc_irgs_primitive -- Trying irg 'r_func_90' -- No improvement
Using pass: pass_gc_irgs_primitive -- Trying irg 'r_func_62' -- No improvement
Using pass: pass_gc_irgs_primitive -- Trying irg 'r_func_50' -- No improvement
Using pass: pass_gc_irgs_primitive -- Trying irg 'r_func_90' -- No improvement
Using pass: pass_gc_irgs_primitive -- Trying irg 'r_func_16' -- No improvement
Using pass: pass_gc_irgs_primitive -- Trying irg 'r_func_86' -- No improvement
Using pass: pass_gc_irgs_primitive -- Trying irg 'r_func_52' -- No improvement
Using pass: pass_gc_irgs_primitive -- Trying irg 'r_func_28' -- No improvement
Using pass: pass_gc_irgs_primitive -- Trying irg 'r_func_4' -- No improvement
Using pass: pass_gc_irgs_primitive -- Trying irg 'r_func_86' -- No improvement
Using pass: pass_gc_irgs_primitive -- Trying irg 'r_func_71' -- No improvement
Using pass: pass_gc_irgs_primitive -- Trying irg 'r_func_4' -- No improvement
Using pass: pass_gc_irgs_primitive -- Trying irg 'r_func_4' -- No improvement
Using pass: pass_gc_irgs_primitive -- Trying irg 'r_func_90' -- No improvement
Using pass: pass_gc_irgs_primitive -- Trying irg 'r_func_36' -- No improvement
Using pass: pass_gc_irgs_primitive -- Trying irg 'r_func_90' -- No improvement
Using pass: pass_gc_irgs_primitive -- Trying irg 'r_func_86' -- No improvement
Using pass: pass_gc_irgs_primitive -- Trying irg 'r_func_75' -- No improvement
Using pass: pass_gc_irgs_primitive -- Trying irg 'r_func_71' -- No improvement

______________________________

No further reduction possible.

Result:
	# of nodes: 			7
	# of irgs: 				1
	# of cf manipulations: 	2
	# of memory operations: 0
	# of types: 			2751

