2018-08-24 10:47:58 -- Firmreduce -- Results

Initial Test-case size:
	# of nodes: 			937
	# of irgs: 				6
	# of cf manipulations: 	58
	# of memory operations: 148
	# of types: 			226


Using pass: pass_libfirm_remove_unreachable -- No improvement
	# of nodes: 			937
	# of irgs: 				6
	# of cf manipulations: 	58
	# of memory operations: 148
	# of types: 			226



Using pass: pass_libfirm_optimize_graph_df -- Successful
	# of nodes: 			513
	# of irgs: 				6
	# of cf manipulations: 	42
	# of memory operations: 92
	# of types: 			226



Using pass: pass_remove_stores -- Successful
	# of nodes: 			414
	# of irgs: 				6
	# of cf manipulations: 	40
	# of memory operations: 71
	# of types: 			226



Using pass: pass_libfirm_construct_confirms -- Successful
	# of nodes: 			424
	# of irgs: 				6
	# of cf manipulations: 	45
	# of memory operations: 71
	# of types: 			226



Using pass: pass_libfirm_scalar_replacement_opt -- No improvement
	# of nodes: 			424
	# of irgs: 				6
	# of cf manipulations: 	45
	# of memory operations: 71
	# of types: 			226



Using pass: pass_libfirm_opt_funccalls -- No improvement
	# of nodes: 			424
	# of irgs: 				6
	# of cf manipulations: 	45
	# of memory operations: 71
	# of types: 			226



Using pass: pass_libfirm_remove_unreachable -- No improvement
	# of nodes: 			424
	# of irgs: 				6
	# of cf manipulations: 	45
	# of memory operations: 71
	# of types: 			226



Using pass: pass_libfirm_remove_bads -- Successful
	# of nodes: 			421
	# of irgs: 				6
	# of cf manipulations: 	45
	# of memory operations: 71
	# of types: 			226



Using pass: pass_libfirm_opt_funccalls -- No improvement
	# of nodes: 			421
	# of irgs: 				6
	# of cf manipulations: 	45
	# of memory operations: 71
	# of types: 			226



Using pass: pass_libfirm_opt_frame -- No improvement
	# of nodes: 			421
	# of irgs: 				6
	# of cf manipulations: 	45
	# of memory operations: 71
	# of types: 			226



Using pass: pass_replace_return_values -- Successful
	# of nodes: 			419
	# of irgs: 				6
	# of cf manipulations: 	44
	# of memory operations: 71
	# of types: 			226



Using pass: pass_libfirm_combo -- Successful
	# of nodes: 			413
	# of irgs: 				6
	# of cf manipulations: 	41
	# of memory operations: 71
	# of types: 			226



Using pass: pass_remove_allocs -- Successful
	# of nodes: 			345
	# of irgs: 				6
	# of cf manipulations: 	41
	# of memory operations: 42
	# of types: 			226



Using pass: pass_libfirm_opt_parallelize_mem -- Successful
	# of nodes: 			348
	# of irgs: 				6
	# of cf manipulations: 	41
	# of memory operations: 42
	# of types: 			226



Using pass: pass_libfirm_opt_blocks -- Successful
	# of nodes: 			348
	# of irgs: 				6
	# of cf manipulations: 	41
	# of memory operations: 42
	# of types: 			226



Using pass: pass_remove_void_calls
	 :: Pass failed on irg 'r_func_1' -- No improvement
	# of nodes: 			348
	# of irgs: 				6
	# of cf manipulations: 	41
	# of memory operations: 42
	# of types: 			226



Using pass: pass_libfirm_remove_critical_cf_edges -- No improvement
	# of nodes: 			348
	# of irgs: 				6
	# of cf manipulations: 	41
	# of memory operations: 42
	# of types: 			226



Using pass: pass_replace_switch_selectors -- No improvement
	# of nodes: 			348
	# of irgs: 				6
	# of cf manipulations: 	41
	# of memory operations: 42
	# of types: 			226



Using pass: pass_libfirm_opt_parallelize_mem -- No improvement
	# of nodes: 			348
	# of irgs: 				6
	# of cf manipulations: 	41
	# of memory operations: 42
	# of types: 			226



Using pass: pass_libfirm_optimize_load_store -- Successful
	# of nodes: 			329
	# of irgs: 				6
	# of cf manipulations: 	41
	# of memory operations: 39
	# of types: 			226



Using pass: pass_libfirm_opt_tail_rec -- Successful
	# of nodes: 			326
	# of irgs: 				6
	# of cf manipulations: 	40
	# of memory operations: 39
	# of types: 			226



Using pass: pass_replace_members -- No improvement
	# of nodes: 			326
	# of irgs: 				6
	# of cf manipulations: 	40
	# of memory operations: 39
	# of types: 			226



Using pass: pass_libfirm_opt_funccalls -- Successful
	# of nodes: 			324
	# of irgs: 				6
	# of cf manipulations: 	40
	# of memory operations: 39
	# of types: 			226



Using pass: pass_simplify_consts -- Successful
	# of nodes: 			297
	# of irgs: 				6
	# of cf manipulations: 	39
	# of memory operations: 39
	# of types: 			226



Using pass: pass_libfirm_opt_blocks -- Successful
	# of nodes: 			293
	# of irgs: 				6
	# of cf manipulations: 	38
	# of memory operations: 39
	# of types: 			226



Using pass: pass_libfirm_do_loop_unrolling -- No improvement
	# of nodes: 			293
	# of irgs: 				6
	# of cf manipulations: 	38
	# of memory operations: 39
	# of types: 			226



Using pass: pass_replace_mux_selectors -- No improvement
	# of nodes: 			293
	# of irgs: 				6
	# of cf manipulations: 	38
	# of memory operations: 39
	# of types: 			226



Using pass: pass_libfirm_opt_tail_rec -- Successful
	# of nodes: 			290
	# of irgs: 				6
	# of cf manipulations: 	37
	# of memory operations: 39
	# of types: 			226



Using pass: pass_libfirm_opt_funccalls -- No improvement
	# of nodes: 			290
	# of irgs: 				6
	# of cf manipulations: 	37
	# of memory operations: 39
	# of types: 			226



Using pass: pass_check_validity -- No improvement
	# of nodes: 			290
	# of irgs: 				6
	# of cf manipulations: 	37
	# of memory operations: 39
	# of types: 			226



Using pass: pass_libfirm_occult_consts -- No improvement
	# of nodes: 			290
	# of irgs: 				6
	# of cf manipulations: 	37
	# of memory operations: 39
	# of types: 			226



Using pass: pass_libfirm_dead_code_elimination -- No improvement
	# of nodes: 			290
	# of irgs: 				6
	# of cf manipulations: 	37
	# of memory operations: 39
	# of types: 			226



Using pass: pass_libfirm_construct_confirms -- No improvement
	# of nodes: 			290
	# of irgs: 				6
	# of cf manipulations: 	37
	# of memory operations: 39
	# of types: 			226



Using pass: pass_libfirm_opt_parallelize_mem -- No improvement
	# of nodes: 			290
	# of irgs: 				6
	# of cf manipulations: 	37
	# of memory operations: 39
	# of types: 			226



Using pass: pass_libfirm_place_code -- No improvement
	# of nodes: 			290
	# of irgs: 				6
	# of cf manipulations: 	37
	# of memory operations: 39
	# of types: 			226



Using pass: pass_libfirm_combo -- No improvement
	# of nodes: 			290
	# of irgs: 				6
	# of cf manipulations: 	37
	# of memory operations: 39
	# of types: 			226



Using pass: pass_libfirm_normalize_n_returns -- No improvement
	# of nodes: 			290
	# of irgs: 				6
	# of cf manipulations: 	37
	# of memory operations: 39
	# of types: 			226



Using pass: pass_libfirm_remove_unreachable -- No improvement
	# of nodes: 			290
	# of irgs: 				6
	# of cf manipulations: 	37
	# of memory operations: 39
	# of types: 			226



Using pass: pass_libfirm_opt_funccalls -- No improvement
	# of nodes: 			290
	# of irgs: 				6
	# of cf manipulations: 	37
	# of memory operations: 39
	# of types: 			226



Using pass: pass_libfirm_opt_parallelize_mem -- No improvement
	# of nodes: 			290
	# of irgs: 				6
	# of cf manipulations: 	37
	# of memory operations: 39
	# of types: 			226



Using pass: pass_libfirm_normalize_n_returns -- No improvement
	# of nodes: 			290
	# of irgs: 				6
	# of cf manipulations: 	37
	# of memory operations: 39
	# of types: 			226



Using pass: pass_libfirm_opt_parallelize_mem -- No improvement
	# of nodes: 			290
	# of irgs: 				6
	# of cf manipulations: 	37
	# of memory operations: 39
	# of types: 			226



Using pass: pass_libfirm_normalize_n_returns -- No improvement
	# of nodes: 			290
	# of irgs: 				6
	# of cf manipulations: 	37
	# of memory operations: 39
	# of types: 			226



Using pass: pass_libfirm_occult_consts -- No improvement
	# of nodes: 			290
	# of irgs: 				6
	# of cf manipulations: 	37
	# of memory operations: 39
	# of types: 			226



Using pass: pass_libfirm_opt_jumpthreading -- No improvement
	# of nodes: 			290
	# of irgs: 				6
	# of cf manipulations: 	37
	# of memory operations: 39
	# of types: 			226



Using pass: pass_libfirm_opt_ldst
	 :: Pass failed on irg 'r_func_4'
	 :: Pass failed on irg 'r_func_2'
	 :: Pass failed on irg 'main'
	 :: Pass failed on irg 'r_func_1'
	 :: Pass failed on irg 'r_func_2'
	 :: Pass failed on irg 'r_func_1' -- No improvement
	# of nodes: 			290
	# of irgs: 				6
	# of cf manipulations: 	37
	# of memory operations: 39
	# of types: 			226



Using pass: pass_replace_loads
	 :: Pass failed on irg 'r_func_3'
	 :: Pass failed on irg 'r_func_3'
	 :: Pass failed on irg 'r_func_1' -- No improvement
	# of nodes: 			290
	# of irgs: 				6
	# of cf manipulations: 	37
	# of memory operations: 39
	# of types: 			226



Using pass: pass_libfirm_optimize_cf -- Successful
	# of nodes: 			281
	# of irgs: 				6
	# of cf manipulations: 	31
	# of memory operations: 39
	# of types: 			226



Using pass: pass_libfirm_remove_tuples -- No improvement
	# of nodes: 			281
	# of irgs: 				6
	# of cf manipulations: 	31
	# of memory operations: 39
	# of types: 			226



Using pass: pass_replace_proj_primitive
	 :: Pass failed on irg 'r_func_1'
	 :: Pass failed on irg 'r_func_1'
	 :: Pass failed on irg 'r_func_1'
	 :: Pass failed on irg 'r_func_1' -- Successful
	# of nodes: 			129
	# of irgs: 				6
	# of cf manipulations: 	19
	# of memory operations: 16
	# of types: 			226



Using pass: pass_replace_members -- No improvement
	# of nodes: 			129
	# of irgs: 				6
	# of cf manipulations: 	19
	# of memory operations: 16
	# of types: 			226



Using pass: pass_libfirm_do_loop_unrolling -- No improvement
	# of nodes: 			129
	# of irgs: 				6
	# of cf manipulations: 	19
	# of memory operations: 16
	# of types: 			226



Using pass: pass_libfirm_place_code -- Successful
	# of nodes: 			137
	# of irgs: 				6
	# of cf manipulations: 	23
	# of memory operations: 16
	# of types: 			226



Using pass: pass_libfirm_opt_tail_rec -- Successful
	# of nodes: 			134
	# of irgs: 				6
	# of cf manipulations: 	22
	# of memory operations: 16
	# of types: 			226



Using pass: pass_libfirm_gvn_pre -- No improvement
	# of nodes: 			134
	# of irgs: 				6
	# of cf manipulations: 	22
	# of memory operations: 16
	# of types: 			226



Using pass: pass_libfirm_optimize_graph_df -- No improvement
	# of nodes: 			134
	# of irgs: 				6
	# of cf manipulations: 	22
	# of memory operations: 16
	# of types: 			226



Using pass: pass_remove_void_calls
	 :: Pass failed on irg 'r_func_1' -- No improvement
	# of nodes: 			134
	# of irgs: 				6
	# of cf manipulations: 	22
	# of memory operations: 16
	# of types: 			226



Using pass: pass_libfirm_optimize_reassociation -- No improvement
	# of nodes: 			134
	# of irgs: 				6
	# of cf manipulations: 	22
	# of memory operations: 16
	# of types: 			226



Using pass: pass_libfirm_remove_bads -- No improvement
	# of nodes: 			134
	# of irgs: 				6
	# of cf manipulations: 	22
	# of memory operations: 16
	# of types: 			226



Using pass: pass_libfirm_dead_code_elimination -- No improvement
	# of nodes: 			134
	# of irgs: 				6
	# of cf manipulations: 	22
	# of memory operations: 16
	# of types: 			226



Using pass: pass_libfirm_optimize_cf -- Successful
	# of nodes: 			129
	# of irgs: 				6
	# of cf manipulations: 	19
	# of memory operations: 16
	# of types: 			226



Using pass: pass_replace_mux_selectors -- No improvement
	# of nodes: 			129
	# of irgs: 				6
	# of cf manipulations: 	19
	# of memory operations: 16
	# of types: 			226



Using pass: pass_gc_irgs_primitive
	 :: interestingness test failed on irg 'r_func_4'
	 :: interestingness test failed on irg 'r_func_2'
	 :: interestingness test failed on irg 'r_func_4' -- No improvement
	# of nodes: 			129
	# of irgs: 				6
	# of cf manipulations: 	19
	# of memory operations: 16
	# of types: 			226



Using pass: pass_simplify_consts -- Successful
	# of nodes: 			129
	# of irgs: 				6
	# of cf manipulations: 	19
	# of memory operations: 16
	# of types: 			226



Using pass: pass_libfirm_optimize_load_store -- No improvement
	# of nodes: 			129
	# of irgs: 				6
	# of cf manipulations: 	19
	# of memory operations: 16
	# of types: 			226



Using pass: pass_remove_stores -- No improvement
	# of nodes: 			129
	# of irgs: 				6
	# of cf manipulations: 	19
	# of memory operations: 16
	# of types: 			226



Using pass: pass_remove_void_calls -- No improvement
	# of nodes: 			129
	# of irgs: 				6
	# of cf manipulations: 	19
	# of memory operations: 16
	# of types: 			226



Using pass: pass_replace_cond_selectors -- No improvement
	# of nodes: 			129
	# of irgs: 				6
	# of cf manipulations: 	19
	# of memory operations: 16
	# of types: 			226



Using pass: pass_replace_members -- No improvement
	# of nodes: 			129
	# of irgs: 				6
	# of cf manipulations: 	19
	# of memory operations: 16
	# of types: 			226



Using pass: pass_libfirm_normalize_one_return -- No improvement
	# of nodes: 			129
	# of irgs: 				6
	# of cf manipulations: 	19
	# of memory operations: 16
	# of types: 			226



Using pass: pass_libfirm_place_code -- Successful
	# of nodes: 			137
	# of irgs: 				6
	# of cf manipulations: 	23
	# of memory operations: 16
	# of types: 			226



Using pass: pass_remove_stores -- No improvement
	# of nodes: 			137
	# of irgs: 				6
	# of cf manipulations: 	23
	# of memory operations: 16
	# of types: 			226



Using pass: pass_replace_switch_selectors -- No improvement
	# of nodes: 			137
	# of irgs: 				6
	# of cf manipulations: 	23
	# of memory operations: 16
	# of types: 			226



Using pass: pass_gc_entitites -- No improvement
	# of nodes: 			137
	# of irgs: 				6
	# of cf manipulations: 	23
	# of memory operations: 16
	# of types: 			226



Using pass: pass_replace_arithmetic -- No improvement
	# of nodes: 			137
	# of irgs: 				6
	# of cf manipulations: 	23
	# of memory operations: 16
	# of types: 			226



Using pass: pass_libfirm_opt_funccalls -- No improvement
	# of nodes: 			137
	# of irgs: 				6
	# of cf manipulations: 	23
	# of memory operations: 16
	# of types: 			226



Using pass: pass_libfirm_gvn_pre -- No improvement
	# of nodes: 			137
	# of irgs: 				6
	# of cf manipulations: 	23
	# of memory operations: 16
	# of types: 			226



Using pass: pass_gc_irgs_primitive -- Successful
	# of nodes: 			7
	# of irgs: 				1
	# of cf manipulations: 	2
	# of memory operations: 0
	# of types: 			226



Using pass: pass_check_validity -- No improvement
	# of nodes: 			7
	# of irgs: 				1
	# of cf manipulations: 	2
	# of memory operations: 0
	# of types: 			226



Using pass: pass_libfirm_do_loop_inversion -- No improvement
	# of nodes: 			7
	# of irgs: 				1
	# of cf manipulations: 	2
	# of memory operations: 0
	# of types: 			226



Using pass: pass_libfirm_gvn_pre -- No improvement
	# of nodes: 			7
	# of irgs: 				1
	# of cf manipulations: 	2
	# of memory operations: 0
	# of types: 			226



Using pass: pass_remove_allocs -- No improvement
	# of nodes: 			7
	# of irgs: 				1
	# of cf manipulations: 	2
	# of memory operations: 0
	# of types: 			226



Using pass: pass_check_validity -- No improvement
	# of nodes: 			7
	# of irgs: 				1
	# of cf manipulations: 	2
	# of memory operations: 0
	# of types: 			226



Using pass: pass_remove_stores -- No improvement
	# of nodes: 			7
	# of irgs: 				1
	# of cf manipulations: 	2
	# of memory operations: 0
	# of types: 			226



Using pass: pass_replace_proj_primitive -- No improvement
	# of nodes: 			7
	# of irgs: 				1
	# of cf manipulations: 	2
	# of memory operations: 0
	# of types: 			226



Using pass: pass_gc_entitites -- No improvement
	# of nodes: 			7
	# of irgs: 				1
	# of cf manipulations: 	2
	# of memory operations: 0
	# of types: 			226



Using pass: pass_replace_cond_selectors -- No improvement
	# of nodes: 			7
	# of irgs: 				1
	# of cf manipulations: 	2
	# of memory operations: 0
	# of types: 			226



Using pass: pass_libfirm_place_code -- No improvement
	# of nodes: 			7
	# of irgs: 				1
	# of cf manipulations: 	2
	# of memory operations: 0
	# of types: 			226



Using pass: pass_libfirm_optimize_graph_df -- No improvement
	# of nodes: 			7
	# of irgs: 				1
	# of cf manipulations: 	2
	# of memory operations: 0
	# of types: 			226



Using pass: pass_libfirm_dead_code_elimination -- No improvement
	# of nodes: 			7
	# of irgs: 				1
	# of cf manipulations: 	2
	# of memory operations: 0
	# of types: 			226



Using pass: pass_libfirm_optimize_cf -- No improvement
	# of nodes: 			7
	# of irgs: 				1
	# of cf manipulations: 	2
	# of memory operations: 0
	# of types: 			226



Using pass: pass_libfirm_do_loop_peeling -- No improvement
	# of nodes: 			7
	# of irgs: 				1
	# of cf manipulations: 	2
	# of memory operations: 0
	# of types: 			226



Using pass: pass_libfirm_gvn_pre -- No improvement
	# of nodes: 			7
	# of irgs: 				1
	# of cf manipulations: 	2
	# of memory operations: 0
	# of types: 			226



Using pass: pass_replace_members -- No improvement
	# of nodes: 			7
	# of irgs: 				1
	# of cf manipulations: 	2
	# of memory operations: 0
	# of types: 			226



Using pass: pass_libfirm_optimize_load_store -- No improvement
	# of nodes: 			7
	# of irgs: 				1
	# of cf manipulations: 	2
	# of memory operations: 0
	# of types: 			226



Using pass: pass_check_validity -- No improvement
	# of nodes: 			7
	# of irgs: 				1
	# of cf manipulations: 	2
	# of memory operations: 0
	# of types: 			226



Using pass: pass_replace_switch_selectors -- No improvement
	# of nodes: 			7
	# of irgs: 				1
	# of cf manipulations: 	2
	# of memory operations: 0
	# of types: 			226



Using pass: pass_replace_cond_selectors -- No improvement
	# of nodes: 			7
	# of irgs: 				1
	# of cf manipulations: 	2
	# of memory operations: 0
	# of types: 			226



Using pass: pass_libfirm_opt_blocks -- No improvement
	# of nodes: 			7
	# of irgs: 				1
	# of cf manipulations: 	2
	# of memory operations: 0
	# of types: 			226



Using pass: pass_libfirm_opt_jumpthreading -- No improvement
	# of nodes: 			7
	# of irgs: 				1
	# of cf manipulations: 	2
	# of memory operations: 0
	# of types: 			226



Using pass: pass_libfirm_opt_if_conv -- No improvement
	# of nodes: 			7
	# of irgs: 				1
	# of cf manipulations: 	2
	# of memory operations: 0
	# of types: 			226



Using pass: pass_replace_cond_selectors -- No improvement
	# of nodes: 			7
	# of irgs: 				1
	# of cf manipulations: 	2
	# of memory operations: 0
	# of types: 			226



Using pass: pass_libfirm_occult_consts -- No improvement
	# of nodes: 			7
	# of irgs: 				1
	# of cf manipulations: 	2
	# of memory operations: 0
	# of types: 			226



Using pass: pass_remove_stores -- No improvement
	# of nodes: 			7
	# of irgs: 				1
	# of cf manipulations: 	2
	# of memory operations: 0
	# of types: 			226



Using pass: pass_libfirm_opt_ldst
	 :: Pass failed on irg 'main' -- No improvement
	# of nodes: 			7
	# of irgs: 				1
	# of cf manipulations: 	2
	# of memory operations: 0
	# of types: 			226



Using pass: pass_check_validity -- No improvement
	# of nodes: 			7
	# of irgs: 				1
	# of cf manipulations: 	2
	# of memory operations: 0
	# of types: 			226



Using pass: pass_libfirm_opt_jumpthreading -- No improvement
	# of nodes: 			7
	# of irgs: 				1
	# of cf manipulations: 	2
	# of memory operations: 0
	# of types: 			226



Using pass: pass_replace_proj_primitive -- No improvement
	# of nodes: 			7
	# of irgs: 				1
	# of cf manipulations: 	2
	# of memory operations: 0
	# of types: 			226



Using pass: pass_libfirm_optimize_load_store -- No improvement
	# of nodes: 			7
	# of irgs: 				1
	# of cf manipulations: 	2
	# of memory operations: 0
	# of types: 			226



Using pass: pass_replace_arithmetic -- No improvement
	# of nodes: 			7
	# of irgs: 				1
	# of cf manipulations: 	2
	# of memory operations: 0
	# of types: 			226



Using pass: pass_replace_cond_selectors -- No improvement
	# of nodes: 			7
	# of irgs: 				1
	# of cf manipulations: 	2
	# of memory operations: 0
	# of types: 			226



Using pass: pass_libfirm_remove_tuples -- No improvement
	# of nodes: 			7
	# of irgs: 				1
	# of cf manipulations: 	2
	# of memory operations: 0
	# of types: 			226



Using pass: pass_libfirm_do_loop_peeling -- No improvement
	# of nodes: 			7
	# of irgs: 				1
	# of cf manipulations: 	2
	# of memory operations: 0
	# of types: 			226



Using pass: pass_replace_loads -- No improvement
	# of nodes: 			7
	# of irgs: 				1
	# of cf manipulations: 	2
	# of memory operations: 0
	# of types: 			226



Using pass: pass_gc_entitites -- No improvement
	# of nodes: 			7
	# of irgs: 				1
	# of cf manipulations: 	2
	# of memory operations: 0
	# of types: 			226



Using pass: pass_libfirm_opt_jumpthreading -- No improvement
	# of nodes: 			7
	# of irgs: 				1
	# of cf manipulations: 	2
	# of memory operations: 0
	# of types: 			226



Using pass: pass_libfirm_construct_confirms -- No improvement
	# of nodes: 			7
	# of irgs: 				1
	# of cf manipulations: 	2
	# of memory operations: 0
	# of types: 			226



Using pass: pass_remove_void_calls -- No improvement
	# of nodes: 			7
	# of irgs: 				1
	# of cf manipulations: 	2
	# of memory operations: 0
	# of types: 			226



Using pass: pass_libfirm_opt_if_conv -- No improvement
	# of nodes: 			7
	# of irgs: 				1
	# of cf manipulations: 	2
	# of memory operations: 0
	# of types: 			226



Using pass: pass_libfirm_optimize_reassociation -- No improvement
	# of nodes: 			7
	# of irgs: 				1
	# of cf manipulations: 	2
	# of memory operations: 0
	# of types: 			226



Using pass: pass_libfirm_remove_tuples -- No improvement
	# of nodes: 			7
	# of irgs: 				1
	# of cf manipulations: 	2
	# of memory operations: 0
	# of types: 			226



Using pass: pass_libfirm_gvn_pre -- No improvement
	# of nodes: 			7
	# of irgs: 				1
	# of cf manipulations: 	2
	# of memory operations: 0
	# of types: 			226



Using pass: pass_libfirm_remove_bads -- No improvement
	# of nodes: 			7
	# of irgs: 				1
	# of cf manipulations: 	2
	# of memory operations: 0
	# of types: 			226



Using pass: pass_libfirm_place_code -- No improvement
	# of nodes: 			7
	# of irgs: 				1
	# of cf manipulations: 	2
	# of memory operations: 0
	# of types: 			226



Using pass: pass_libfirm_optimize_reassociation -- No improvement
	# of nodes: 			7
	# of irgs: 				1
	# of cf manipulations: 	2
	# of memory operations: 0
	# of types: 			226



Using pass: pass_check_validity -- No improvement
	# of nodes: 			7
	# of irgs: 				1
	# of cf manipulations: 	2
	# of memory operations: 0
	# of types: 			226



Using pass: pass_replace_mux_selectors -- No improvement
	# of nodes: 			7
	# of irgs: 				1
	# of cf manipulations: 	2
	# of memory operations: 0
	# of types: 			226



Using pass: pass_check_validity -- No improvement
	# of nodes: 			7
	# of irgs: 				1
	# of cf manipulations: 	2
	# of memory operations: 0
	# of types: 			226



Using pass: pass_libfirm_do_loop_inversion -- No improvement
	# of nodes: 			7
	# of irgs: 				1
	# of cf manipulations: 	2
	# of memory operations: 0
	# of types: 			226



Using pass: pass_libfirm_optimize_graph_df -- No improvement
	# of nodes: 			7
	# of irgs: 				1
	# of cf manipulations: 	2
	# of memory operations: 0
	# of types: 			226



Using pass: pass_libfirm_remove_bads -- No improvement
	# of nodes: 			7
	# of irgs: 				1
	# of cf manipulations: 	2
	# of memory operations: 0
	# of types: 			226



Using pass: pass_libfirm_opt_tail_rec -- No improvement
	# of nodes: 			7
	# of irgs: 				1
	# of cf manipulations: 	2
	# of memory operations: 0
	# of types: 			226



Using pass: pass_libfirm_occult_consts -- No improvement
	# of nodes: 			7
	# of irgs: 				1
	# of cf manipulations: 	2
	# of memory operations: 0
	# of types: 			226



Using pass: pass_libfirm_dead_code_elimination -- No improvement
	# of nodes: 			7
	# of irgs: 				1
	# of cf manipulations: 	2
	# of memory operations: 0
	# of types: 			226



Using pass: pass_libfirm_opt_tail_rec -- No improvement
	# of nodes: 			7
	# of irgs: 				1
	# of cf manipulations: 	2
	# of memory operations: 0
	# of types: 			226



Using pass: pass_remove_stores -- No improvement
	# of nodes: 			7
	# of irgs: 				1
	# of cf manipulations: 	2
	# of memory operations: 0
	# of types: 			226



Using pass: pass_libfirm_opt_jumpthreading -- No improvement
	# of nodes: 			7
	# of irgs: 				1
	# of cf manipulations: 	2
	# of memory operations: 0
	# of types: 			226



Using pass: pass_replace_mux_selectors -- No improvement
	# of nodes: 			7
	# of irgs: 				1
	# of cf manipulations: 	2
	# of memory operations: 0
	# of types: 			226




 :: 2nd reduction cycle

Using pass: pass_gc_irgs_primitive -- Trying irg 'r_func_4' -- No improvement
Using pass: pass_gc_irgs_primitive -- Trying irg 'r_func_2' -- No improvement
Using pass: pass_gc_irgs_primitive -- Trying irg 'r_func_4' -- No improvement

______________________________

No further reduction possible.

Result:
	# of nodes: 			7
	# of irgs: 				1
	# of cf manipulations: 	2
	# of memory operations: 0
	# of types: 			226

2018-08-24 10:48:29