2018-08-23 19:25:18 -- Firmreduce -- Results

Initial Test-case size:
	# of nodes: 			13177
	# of irgs: 				101
	# of cf manipulations: 	752
	# of memory operations: 2147
	# of types: 			2586


Using pass: pass_libfirm_opt_blocks
	 :: Pass failed on irg 'r_func_96'
	 :: Pass failed on irg 'r_func_96'
	 :: Pass failed on irg 'r_func_96'
	 :: Pass failed on irg 'r_func_82' -- Successful
	# of nodes: 			13212
	# of irgs: 				101
	# of cf manipulations: 	762
	# of memory operations: 2147
	# of types: 			2586



Using pass: pass_replace_switch_selectors -- No improvement
	# of nodes: 			13212
	# of irgs: 				101
	# of cf manipulations: 	762
	# of memory operations: 2147
	# of types: 			2586



Using pass: pass_libfirm_dead_code_elimination -- No improvement
	# of nodes: 			13212
	# of irgs: 				101
	# of cf manipulations: 	762
	# of memory operations: 2147
	# of types: 			2586



Using pass: pass_libfirm_optimize_graph_df -- Successful
	# of nodes: 			10522
	# of irgs: 				101
	# of cf manipulations: 	687
	# of memory operations: 1933
	# of types: 			2586



Using pass: pass_libfirm_opt_blocks
	 :: Pass failed on irg 'r_func_77' -- Successful
	# of nodes: 			10528
	# of irgs: 				101
	# of cf manipulations: 	691
	# of memory operations: 1933
	# of types: 			2586



Using pass: pass_replace_mux_selectors -- No improvement
	# of nodes: 			10528
	# of irgs: 				101
	# of cf manipulations: 	691
	# of memory operations: 1933
	# of types: 			2586



Using pass: pass_libfirm_normalize_n_returns -- Successful
	# of nodes: 			10494
	# of irgs: 				101
	# of cf manipulations: 	681
	# of memory operations: 1933
	# of types: 			2586



Using pass: pass_libfirm_scalar_replacement_opt -- Successful
	# of nodes: 			10486
	# of irgs: 				101
	# of cf manipulations: 	681
	# of memory operations: 1933
	# of types: 			2586



Using pass: pass_libfirm_optimize_cf -- Successful
	# of nodes: 			10057
	# of irgs: 				101
	# of cf manipulations: 	502
	# of memory operations: 1933
	# of types: 			2586



Using pass: pass_remove_stores -- Successful
	# of nodes: 			8682
	# of irgs: 				101
	# of cf manipulations: 	634
	# of memory operations: 1561
	# of types: 			2586



Using pass: pass_replace_mux_selectors -- No improvement
	# of nodes: 			8682
	# of irgs: 				101
	# of cf manipulations: 	634
	# of memory operations: 1561
	# of types: 			2586



Using pass: pass_gc_irgs
	 :: Pass failed on irg 'r_func_89'
	 :: Pass failed on irg 'r_func_52' -- Successful
	# of nodes: 			77
	# of irgs: 				2
	# of cf manipulations: 	10
	# of memory operations: 12
	# of types: 			2586



Using pass: pass_libfirm_remove_tuples -- No improvement
	# of nodes: 			77
	# of irgs: 				2
	# of cf manipulations: 	10
	# of memory operations: 12
	# of types: 			2586



Using pass: pass_remove_allocs -- No improvement
	# of nodes: 			77
	# of irgs: 				2
	# of cf manipulations: 	10
	# of memory operations: 12
	# of types: 			2586



Using pass: pass_libfirm_occult_consts -- No improvement
	# of nodes: 			77
	# of irgs: 				2
	# of cf manipulations: 	10
	# of memory operations: 12
	# of types: 			2586



Using pass: pass_libfirm_optimize_cf -- Successful
	# of nodes: 			71
	# of irgs: 				2
	# of cf manipulations: 	7
	# of memory operations: 12
	# of types: 			2586



Using pass: pass_replace_return_values -- Successful
	# of nodes: 			73
	# of irgs: 				2
	# of cf manipulations: 	10
	# of memory operations: 12
	# of types: 			2586



Using pass: pass_libfirm_opt_jumpthreading -- No improvement
	# of nodes: 			73
	# of irgs: 				2
	# of cf manipulations: 	10
	# of memory operations: 12
	# of types: 			2586



Using pass: pass_libfirm_opt_parallelize_mem -- Successful
	# of nodes: 			74
	# of irgs: 				2
	# of cf manipulations: 	10
	# of memory operations: 12
	# of types: 			2586



Using pass: pass_libfirm_do_loop_inversion -- No improvement
	# of nodes: 			74
	# of irgs: 				2
	# of cf manipulations: 	10
	# of memory operations: 12
	# of types: 			2586



Using pass: pass_libfirm_opt_parallelize_mem -- No improvement
	# of nodes: 			74
	# of irgs: 				2
	# of cf manipulations: 	10
	# of memory operations: 12
	# of types: 			2586



Using pass: pass_libfirm_opt_frame -- No improvement
	# of nodes: 			74
	# of irgs: 				2
	# of cf manipulations: 	10
	# of memory operations: 12
	# of types: 			2586



Using pass: pass_replace_mux_selectors -- No improvement
	# of nodes: 			74
	# of irgs: 				2
	# of cf manipulations: 	10
	# of memory operations: 12
	# of types: 			2586



Using pass: pass_libfirm_remove_tuples -- No improvement
	# of nodes: 			74
	# of irgs: 				2
	# of cf manipulations: 	10
	# of memory operations: 12
	# of types: 			2586



Using pass: pass_gc_irgs -- No improvement
	# of nodes: 			74
	# of irgs: 				2
	# of cf manipulations: 	10
	# of memory operations: 12
	# of types: 			2586



Using pass: pass_libfirm_remove_tuples -- No improvement
	# of nodes: 			74
	# of irgs: 				2
	# of cf manipulations: 	10
	# of memory operations: 12
	# of types: 			2586



Using pass: pass_replace_mux_selectors -- No improvement
	# of nodes: 			74
	# of irgs: 				2
	# of cf manipulations: 	10
	# of memory operations: 12
	# of types: 			2586



Using pass: pass_replace_loads
	 :: Pass failed on irg 'r_func_81' -- No improvement
	# of nodes: 			74
	# of irgs: 				2
	# of cf manipulations: 	10
	# of memory operations: 12
	# of types: 			2586



Using pass: pass_libfirm_do_loop_unrolling -- No improvement
	# of nodes: 			74
	# of irgs: 				2
	# of cf manipulations: 	10
	# of memory operations: 12
	# of types: 			2586



Using pass: pass_libfirm_scalar_replacement_opt -- No improvement
	# of nodes: 			74
	# of irgs: 				2
	# of cf manipulations: 	10
	# of memory operations: 12
	# of types: 			2586



Using pass: pass_simplify_consts -- Successful
	# of nodes: 			69
	# of irgs: 				2
	# of cf manipulations: 	10
	# of memory operations: 12
	# of types: 			2586



Using pass: pass_libfirm_do_loop_inversion -- No improvement
	# of nodes: 			69
	# of irgs: 				2
	# of cf manipulations: 	10
	# of memory operations: 12
	# of types: 			2586



Using pass: pass_libfirm_conv_opt -- No improvement
	# of nodes: 			69
	# of irgs: 				2
	# of cf manipulations: 	10
	# of memory operations: 12
	# of types: 			2586



Using pass: pass_simplify_consts -- No improvement
	# of nodes: 			69
	# of irgs: 				2
	# of cf manipulations: 	10
	# of memory operations: 12
	# of types: 			2586



Using pass: pass_replace_members -- No improvement
	# of nodes: 			69
	# of irgs: 				2
	# of cf manipulations: 	10
	# of memory operations: 12
	# of types: 			2586



Using pass: pass_replace_return_values -- No improvement
	# of nodes: 			69
	# of irgs: 				2
	# of cf manipulations: 	10
	# of memory operations: 12
	# of types: 			2586



Using pass: pass_libfirm_opt_ldst
	 :: Pass failed on irg 'main'
	 :: Pass failed on irg 'main' -- No improvement
	# of nodes: 			69
	# of irgs: 				2
	# of cf manipulations: 	10
	# of memory operations: 12
	# of types: 			2586



Using pass: pass_libfirm_conv_opt -- No improvement
	# of nodes: 			69
	# of irgs: 				2
	# of cf manipulations: 	10
	# of memory operations: 12
	# of types: 			2586



Using pass: pass_gc_irgs -- No improvement
	# of nodes: 			69
	# of irgs: 				2
	# of cf manipulations: 	10
	# of memory operations: 12
	# of types: 			2586



Using pass: pass_libfirm_construct_confirms -- No improvement
	# of nodes: 			69
	# of irgs: 				2
	# of cf manipulations: 	10
	# of memory operations: 12
	# of types: 			2586



Using pass: pass_libfirm_optimize_graph_df -- No improvement
	# of nodes: 			69
	# of irgs: 				2
	# of cf manipulations: 	10
	# of memory operations: 12
	# of types: 			2586



Using pass: pass_libfirm_remove_bads -- No improvement
	# of nodes: 			69
	# of irgs: 				2
	# of cf manipulations: 	10
	# of memory operations: 12
	# of types: 			2586



Using pass: pass_libfirm_do_loop_unrolling -- No improvement
	# of nodes: 			69
	# of irgs: 				2
	# of cf manipulations: 	10
	# of memory operations: 12
	# of types: 			2586



Using pass: pass_libfirm_opt_if_conv -- No improvement
	# of nodes: 			69
	# of irgs: 				2
	# of cf manipulations: 	10
	# of memory operations: 12
	# of types: 			2586



Using pass: pass_remove_allocs -- No improvement
	# of nodes: 			69
	# of irgs: 				2
	# of cf manipulations: 	10
	# of memory operations: 12
	# of types: 			2586



Using pass: pass_libfirm_opt_parallelize_mem -- No improvement
	# of nodes: 			69
	# of irgs: 				2
	# of cf manipulations: 	10
	# of memory operations: 12
	# of types: 			2586



Using pass: pass_libfirm_place_code -- No improvement
	# of nodes: 			69
	# of irgs: 				2
	# of cf manipulations: 	10
	# of memory operations: 12
	# of types: 			2586



Using pass: pass_libfirm_opt_ldst
	 :: Pass failed on irg 'main'
	 :: Pass failed on irg 'r_func_81' -- No improvement
	# of nodes: 			69
	# of irgs: 				2
	# of cf manipulations: 	10
	# of memory operations: 12
	# of types: 			2586



Using pass: pass_replace_members -- No improvement
	# of nodes: 			69
	# of irgs: 				2
	# of cf manipulations: 	10
	# of memory operations: 12
	# of types: 			2586



Using pass: pass_libfirm_occult_consts -- No improvement
	# of nodes: 			69
	# of irgs: 				2
	# of cf manipulations: 	10
	# of memory operations: 12
	# of types: 			2586



Using pass: pass_remove_allocs -- Successful
	# of nodes: 			61
	# of irgs: 				2
	# of cf manipulations: 	10
	# of memory operations: 8
	# of types: 			2586



Using pass: pass_libfirm_conv_opt -- No improvement
	# of nodes: 			61
	# of irgs: 				2
	# of cf manipulations: 	10
	# of memory operations: 8
	# of types: 			2586



Using pass: pass_replace_return_values -- No improvement
	# of nodes: 			61
	# of irgs: 				2
	# of cf manipulations: 	10
	# of memory operations: 8
	# of types: 			2586



Using pass: pass_libfirm_scalar_replacement_opt -- No improvement
	# of nodes: 			61
	# of irgs: 				2
	# of cf manipulations: 	10
	# of memory operations: 8
	# of types: 			2586



Using pass: pass_libfirm_do_loop_inversion -- No improvement
	# of nodes: 			61
	# of irgs: 				2
	# of cf manipulations: 	10
	# of memory operations: 8
	# of types: 			2586



Using pass: pass_libfirm_do_loop_peeling -- No improvement
	# of nodes: 			61
	# of irgs: 				2
	# of cf manipulations: 	10
	# of memory operations: 8
	# of types: 			2586



Using pass: pass_libfirm_opt_frame -- No improvement
	# of nodes: 			61
	# of irgs: 				2
	# of cf manipulations: 	10
	# of memory operations: 8
	# of types: 			2586



Using pass: pass_remove_allocs -- No improvement
	# of nodes: 			61
	# of irgs: 				2
	# of cf manipulations: 	10
	# of memory operations: 8
	# of types: 			2586



Using pass: pass_libfirm_opt_jumpthreading -- No improvement
	# of nodes: 			61
	# of irgs: 				2
	# of cf manipulations: 	10
	# of memory operations: 8
	# of types: 			2586



Using pass: pass_remove_allocs -- No improvement
	# of nodes: 			61
	# of irgs: 				2
	# of cf manipulations: 	10
	# of memory operations: 8
	# of types: 			2586



Using pass: pass_replace_proj_primitive -- Successful
	# of nodes: 			30
	# of irgs: 				2
	# of cf manipulations: 	4
	# of memory operations: 7
	# of types: 			2586



Using pass: pass_libfirm_gvn_pre -- No improvement
	# of nodes: 			30
	# of irgs: 				2
	# of cf manipulations: 	4
	# of memory operations: 7
	# of types: 			2586



Using pass: pass_libfirm_opt_jumpthreading -- No improvement
	# of nodes: 			30
	# of irgs: 				2
	# of cf manipulations: 	4
	# of memory operations: 7
	# of types: 			2586



Using pass: pass_replace_arithmetic -- No improvement
	# of nodes: 			30
	# of irgs: 				2
	# of cf manipulations: 	4
	# of memory operations: 7
	# of types: 			2586



Using pass: pass_remove_allocs -- Successful
	# of nodes: 			17
	# of irgs: 				2
	# of cf manipulations: 	4
	# of memory operations: 1
	# of types: 			2586



Using pass: pass_libfirm_optimize_load_store -- No improvement
	# of nodes: 			17
	# of irgs: 				2
	# of cf manipulations: 	4
	# of memory operations: 1
	# of types: 			2586



Using pass: pass_simplify_consts -- Successful
	# of nodes: 			17
	# of irgs: 				2
	# of cf manipulations: 	4
	# of memory operations: 1
	# of types: 			2586



Using pass: pass_libfirm_opt_blocks -- No improvement
	# of nodes: 			17
	# of irgs: 				2
	# of cf manipulations: 	4
	# of memory operations: 1
	# of types: 			2586



Using pass: pass_libfirm_do_loop_peeling -- No improvement
	# of nodes: 			17
	# of irgs: 				2
	# of cf manipulations: 	4
	# of memory operations: 1
	# of types: 			2586



Using pass: pass_libfirm_do_loop_inversion -- No improvement
	# of nodes: 			17
	# of irgs: 				2
	# of cf manipulations: 	4
	# of memory operations: 1
	# of types: 			2586



Using pass: pass_libfirm_optimize_graph_df -- No improvement
	# of nodes: 			17
	# of irgs: 				2
	# of cf manipulations: 	4
	# of memory operations: 1
	# of types: 			2586



Using pass: pass_gc_irgs_primitive -- No improvement
	# of nodes: 			17
	# of irgs: 				2
	# of cf manipulations: 	4
	# of memory operations: 1
	# of types: 			2586



Using pass: pass_libfirm_remove_critical_cf_edges -- No improvement
	# of nodes: 			17
	# of irgs: 				2
	# of cf manipulations: 	4
	# of memory operations: 1
	# of types: 			2586



Using pass: pass_libfirm_optimize_reassociation -- No improvement
	# of nodes: 			17
	# of irgs: 				2
	# of cf manipulations: 	4
	# of memory operations: 1
	# of types: 			2586



Using pass: pass_replace_switch_selectors -- No improvement
	# of nodes: 			17
	# of irgs: 				2
	# of cf manipulations: 	4
	# of memory operations: 1
	# of types: 			2586



Using pass: pass_libfirm_opt_funccalls -- No improvement
	# of nodes: 			17
	# of irgs: 				2
	# of cf manipulations: 	4
	# of memory operations: 1
	# of types: 			2586



Using pass: pass_libfirm_opt_tail_rec -- No improvement
	# of nodes: 			17
	# of irgs: 				2
	# of cf manipulations: 	4
	# of memory operations: 1
	# of types: 			2586



Using pass: pass_libfirm_remove_tuples -- No improvement
	# of nodes: 			17
	# of irgs: 				2
	# of cf manipulations: 	4
	# of memory operations: 1
	# of types: 			2586



Using pass: pass_libfirm_optimize_load_store -- No improvement
	# of nodes: 			17
	# of irgs: 				2
	# of cf manipulations: 	4
	# of memory operations: 1
	# of types: 			2586



Using pass: pass_libfirm_remove_unreachable -- No improvement
	# of nodes: 			17
	# of irgs: 				2
	# of cf manipulations: 	4
	# of memory operations: 1
	# of types: 			2586



Using pass: pass_libfirm_opt_if_conv -- No improvement
	# of nodes: 			17
	# of irgs: 				2
	# of cf manipulations: 	4
	# of memory operations: 1
	# of types: 			2586



Using pass: pass_libfirm_optimize_graph_df -- No improvement
	# of nodes: 			17
	# of irgs: 				2
	# of cf manipulations: 	4
	# of memory operations: 1
	# of types: 			2586



Using pass: pass_remove_stores -- No improvement
	# of nodes: 			17
	# of irgs: 				2
	# of cf manipulations: 	4
	# of memory operations: 1
	# of types: 			2586



Using pass: pass_replace_proj_primitive -- No improvement
	# of nodes: 			17
	# of irgs: 				2
	# of cf manipulations: 	4
	# of memory operations: 1
	# of types: 			2586



Using pass: pass_libfirm_remove_critical_cf_edges -- No improvement
	# of nodes: 			17
	# of irgs: 				2
	# of cf manipulations: 	4
	# of memory operations: 1
	# of types: 			2586



Using pass: pass_libfirm_do_loop_peeling -- No improvement
	# of nodes: 			17
	# of irgs: 				2
	# of cf manipulations: 	4
	# of memory operations: 1
	# of types: 			2586



Using pass: pass_libfirm_opt_ldst
	 :: Pass failed on irg 'r_func_81'
	 :: Pass failed on irg 'r_func_81' -- No improvement
	# of nodes: 			17
	# of irgs: 				2
	# of cf manipulations: 	4
	# of memory operations: 1
	# of types: 			2586



Using pass: pass_gc_irgs -- No improvement
	# of nodes: 			17
	# of irgs: 				2
	# of cf manipulations: 	4
	# of memory operations: 1
	# of types: 			2586



Using pass: pass_libfirm_opt_bool -- No improvement
	# of nodes: 			17
	# of irgs: 				2
	# of cf manipulations: 	4
	# of memory operations: 1
	# of types: 			2586



Using pass: pass_simplify_consts -- No improvement
	# of nodes: 			17
	# of irgs: 				2
	# of cf manipulations: 	4
	# of memory operations: 1
	# of types: 			2586



Using pass: pass_libfirm_remove_tuples -- No improvement
	# of nodes: 			17
	# of irgs: 				2
	# of cf manipulations: 	4
	# of memory operations: 1
	# of types: 			2586



Using pass: pass_replace_loads
	 :: Pass failed on irg 'r_func_81' -- No improvement
	# of nodes: 			17
	# of irgs: 				2
	# of cf manipulations: 	4
	# of memory operations: 1
	# of types: 			2586



Using pass: pass_libfirm_place_code -- No improvement
	# of nodes: 			17
	# of irgs: 				2
	# of cf manipulations: 	4
	# of memory operations: 1
	# of types: 			2586



Using pass: pass_libfirm_remove_critical_cf_edges -- No improvement
	# of nodes: 			17
	# of irgs: 				2
	# of cf manipulations: 	4
	# of memory operations: 1
	# of types: 			2586



Using pass: pass_libfirm_opt_funccalls -- No improvement
	# of nodes: 			17
	# of irgs: 				2
	# of cf manipulations: 	4
	# of memory operations: 1
	# of types: 			2586



Using pass: pass_libfirm_opt_tail_rec -- No improvement
	# of nodes: 			17
	# of irgs: 				2
	# of cf manipulations: 	4
	# of memory operations: 1
	# of types: 			2586



Using pass: pass_gc_irgs -- No improvement
	# of nodes: 			17
	# of irgs: 				2
	# of cf manipulations: 	4
	# of memory operations: 1
	# of types: 			2586



Using pass: pass_libfirm_opt_frame -- No improvement
	# of nodes: 			17
	# of irgs: 				2
	# of cf manipulations: 	4
	# of memory operations: 1
	# of types: 			2586



Using pass: pass_libfirm_opt_bool -- No improvement
	# of nodes: 			17
	# of irgs: 				2
	# of cf manipulations: 	4
	# of memory operations: 1
	# of types: 			2586



Using pass: pass_libfirm_optimize_load_store -- Successful
	# of nodes: 			14
	# of irgs: 				2
	# of cf manipulations: 	4
	# of memory operations: 0
	# of types: 			2586



Using pass: pass_libfirm_combo -- No improvement
	# of nodes: 			14
	# of irgs: 				2
	# of cf manipulations: 	4
	# of memory operations: 0
	# of types: 			2586



Using pass: pass_libfirm_opt_parallelize_mem -- No improvement
	# of nodes: 			14
	# of irgs: 				2
	# of cf manipulations: 	4
	# of memory operations: 0
	# of types: 			2586



Using pass: pass_replace_members -- No improvement
	# of nodes: 			14
	# of irgs: 				2
	# of cf manipulations: 	4
	# of memory operations: 0
	# of types: 			2586



Using pass: pass_libfirm_opt_funccalls -- No improvement
	# of nodes: 			14
	# of irgs: 				2
	# of cf manipulations: 	4
	# of memory operations: 0
	# of types: 			2586



Using pass: pass_libfirm_remove_tuples -- No improvement
	# of nodes: 			14
	# of irgs: 				2
	# of cf manipulations: 	4
	# of memory operations: 0
	# of types: 			2586



Using pass: pass_libfirm_remove_unreachable -- No improvement
	# of nodes: 			14
	# of irgs: 				2
	# of cf manipulations: 	4
	# of memory operations: 0
	# of types: 			2586



Using pass: pass_libfirm_combo -- No improvement
	# of nodes: 			14
	# of irgs: 				2
	# of cf manipulations: 	4
	# of memory operations: 0
	# of types: 			2586



Using pass: pass_libfirm_remove_bads -- No improvement
	# of nodes: 			14
	# of irgs: 				2
	# of cf manipulations: 	4
	# of memory operations: 0
	# of types: 			2586



Using pass: pass_libfirm_opt_frame -- No improvement
	# of nodes: 			14
	# of irgs: 				2
	# of cf manipulations: 	4
	# of memory operations: 0
	# of types: 			2586



Using pass: pass_simplify_consts -- No improvement
	# of nodes: 			14
	# of irgs: 				2
	# of cf manipulations: 	4
	# of memory operations: 0
	# of types: 			2586



Using pass: pass_libfirm_construct_confirms -- No improvement
	# of nodes: 			14
	# of irgs: 				2
	# of cf manipulations: 	4
	# of memory operations: 0
	# of types: 			2586



Using pass: pass_replace_loads -- No improvement
	# of nodes: 			14
	# of irgs: 				2
	# of cf manipulations: 	4
	# of memory operations: 0
	# of types: 			2586



Using pass: pass_gc_irgs -- No improvement
	# of nodes: 			14
	# of irgs: 				2
	# of cf manipulations: 	4
	# of memory operations: 0
	# of types: 			2586



Using pass: pass_libfirm_opt_tail_rec -- No improvement
	# of nodes: 			14
	# of irgs: 				2
	# of cf manipulations: 	4
	# of memory operations: 0
	# of types: 			2586



Using pass: pass_libfirm_normalize_one_return -- No improvement
	# of nodes: 			14
	# of irgs: 				2
	# of cf manipulations: 	4
	# of memory operations: 0
	# of types: 			2586



Using pass: pass_replace_arithmetic -- No improvement
	# of nodes: 			14
	# of irgs: 				2
	# of cf manipulations: 	4
	# of memory operations: 0
	# of types: 			2586



Using pass: pass_libfirm_opt_blocks -- No improvement
	# of nodes: 			14
	# of irgs: 				2
	# of cf manipulations: 	4
	# of memory operations: 0
	# of types: 			2586



Using pass: pass_replace_return_values -- No improvement
	# of nodes: 			14
	# of irgs: 				2
	# of cf manipulations: 	4
	# of memory operations: 0
	# of types: 			2586



Using pass: pass_simplify_consts -- No improvement
	# of nodes: 			14
	# of irgs: 				2
	# of cf manipulations: 	4
	# of memory operations: 0
	# of types: 			2586



Using pass: pass_replace_cond_selectors -- No improvement
	# of nodes: 			14
	# of irgs: 				2
	# of cf manipulations: 	4
	# of memory operations: 0
	# of types: 			2586



Using pass: pass_replace_proj_primitive -- No improvement
	# of nodes: 			14
	# of irgs: 				2
	# of cf manipulations: 	4
	# of memory operations: 0
	# of types: 			2586



Using pass: pass_replace_loads -- No improvement
	# of nodes: 			14
	# of irgs: 				2
	# of cf manipulations: 	4
	# of memory operations: 0
	# of types: 			2586



Using pass: pass_libfirm_scalar_replacement_opt -- No improvement
	# of nodes: 			14
	# of irgs: 				2
	# of cf manipulations: 	4
	# of memory operations: 0
	# of types: 			2586



Using pass: pass_check_validity -- No improvement
	# of nodes: 			14
	# of irgs: 				2
	# of cf manipulations: 	4
	# of memory operations: 0
	# of types: 			2586



Using pass: pass_replace_members -- No improvement
	# of nodes: 			14
	# of irgs: 				2
	# of cf manipulations: 	4
	# of memory operations: 0
	# of types: 			2586



Using pass: pass_libfirm_dead_code_elimination -- No improvement
	# of nodes: 			14
	# of irgs: 				2
	# of cf manipulations: 	4
	# of memory operations: 0
	# of types: 			2586



Using pass: pass_gc_irgs -- No improvement
	# of nodes: 			14
	# of irgs: 				2
	# of cf manipulations: 	4
	# of memory operations: 0
	# of types: 			2586



Using pass: pass_libfirm_opt_frame -- No improvement
	# of nodes: 			14
	# of irgs: 				2
	# of cf manipulations: 	4
	# of memory operations: 0
	# of types: 			2586



Using pass: pass_libfirm_dead_code_elimination -- No improvement
	# of nodes: 			14
	# of irgs: 				2
	# of cf manipulations: 	4
	# of memory operations: 0
	# of types: 			2586



Using pass: pass_libfirm_dead_code_elimination -- No improvement
	# of nodes: 			14
	# of irgs: 				2
	# of cf manipulations: 	4
	# of memory operations: 0
	# of types: 			2586



Using pass: pass_gc_irgs -- No improvement
	# of nodes: 			14
	# of irgs: 				2
	# of cf manipulations: 	4
	# of memory operations: 0
	# of types: 			2586



Using pass: pass_libfirm_optimize_reassociation -- No improvement
	# of nodes: 			14
	# of irgs: 				2
	# of cf manipulations: 	4
	# of memory operations: 0
	# of types: 			2586



Using pass: pass_replace_switch_selectors -- No improvement
	# of nodes: 			14
	# of irgs: 				2
	# of cf manipulations: 	4
	# of memory operations: 0
	# of types: 			2586



Using pass: pass_libfirm_occult_consts -- No improvement
	# of nodes: 			14
	# of irgs: 				2
	# of cf manipulations: 	4
	# of memory operations: 0
	# of types: 			2586



Using pass: pass_libfirm_opt_bool -- No improvement
	# of nodes: 			14
	# of irgs: 				2
	# of cf manipulations: 	4
	# of memory operations: 0
	# of types: 			2586



Using pass: pass_libfirm_remove_unreachable -- No improvement
	# of nodes: 			14
	# of irgs: 				2
	# of cf manipulations: 	4
	# of memory operations: 0
	# of types: 			2586



Using pass: pass_libfirm_do_loop_unrolling -- No improvement
	# of nodes: 			14
	# of irgs: 				2
	# of cf manipulations: 	4
	# of memory operations: 0
	# of types: 			2586



Using pass: pass_libfirm_opt_jumpthreading -- No improvement
	# of nodes: 			14
	# of irgs: 				2
	# of cf manipulations: 	4
	# of memory operations: 0
	# of types: 			2586



Using pass: pass_libfirm_opt_parallelize_mem -- No improvement
	# of nodes: 			14
	# of irgs: 				2
	# of cf manipulations: 	4
	# of memory operations: 0
	# of types: 			2586



Using pass: pass_libfirm_occult_consts -- No improvement
	# of nodes: 			14
	# of irgs: 				2
	# of cf manipulations: 	4
	# of memory operations: 0
	# of types: 			2586



Using pass: pass_replace_mux_selectors -- No improvement
	# of nodes: 			14
	# of irgs: 				2
	# of cf manipulations: 	4
	# of memory operations: 0
	# of types: 			2586



Using pass: pass_libfirm_opt_bool -- No improvement
	# of nodes: 			14
	# of irgs: 				2
	# of cf manipulations: 	4
	# of memory operations: 0
	# of types: 			2586



Using pass: pass_libfirm_optimize_reassociation -- No improvement
	# of nodes: 			14
	# of irgs: 				2
	# of cf manipulations: 	4
	# of memory operations: 0
	# of types: 			2586



Using pass: pass_libfirm_conv_opt -- No improvement
	# of nodes: 			14
	# of irgs: 				2
	# of cf manipulations: 	4
	# of memory operations: 0
	# of types: 			2586



Using pass: pass_replace_mux_selectors -- No improvement
	# of nodes: 			14
	# of irgs: 				2
	# of cf manipulations: 	4
	# of memory operations: 0
	# of types: 			2586



Using pass: pass_libfirm_do_loop_inversion -- No improvement
	# of nodes: 			14
	# of irgs: 				2
	# of cf manipulations: 	4
	# of memory operations: 0
	# of types: 			2586



Using pass: pass_libfirm_remove_critical_cf_edges -- No improvement
	# of nodes: 			14
	# of irgs: 				2
	# of cf manipulations: 	4
	# of memory operations: 0
	# of types: 			2586



Using pass: pass_replace_cond_selectors -- No improvement
	# of nodes: 			14
	# of irgs: 				2
	# of cf manipulations: 	4
	# of memory operations: 0
	# of types: 			2586



Using pass: pass_simplify_consts -- No improvement
	# of nodes: 			14
	# of irgs: 				2
	# of cf manipulations: 	4
	# of memory operations: 0
	# of types: 			2586



Using pass: pass_remove_allocs -- No improvement
	# of nodes: 			14
	# of irgs: 				2
	# of cf manipulations: 	4
	# of memory operations: 0
	# of types: 			2586



Using pass: pass_libfirm_opt_if_conv -- No improvement
	# of nodes: 			14
	# of irgs: 				2
	# of cf manipulations: 	4
	# of memory operations: 0
	# of types: 			2586



Using pass: pass_simplify_consts -- No improvement
	# of nodes: 			14
	# of irgs: 				2
	# of cf manipulations: 	4
	# of memory operations: 0
	# of types: 			2586



Using pass: pass_libfirm_dead_code_elimination -- No improvement
	# of nodes: 			14
	# of irgs: 				2
	# of cf manipulations: 	4
	# of memory operations: 0
	# of types: 			2586



Using pass: pass_gc_irgs -- No improvement
	# of nodes: 			14
	# of irgs: 				2
	# of cf manipulations: 	4
	# of memory operations: 0
	# of types: 			2586



Using pass: pass_gc_irgs_primitive -- Successful
	# of nodes: 			7
	# of irgs: 				1
	# of cf manipulations: 	2
	# of memory operations: 0
	# of types: 			2586



Using pass: pass_libfirm_opt_ldst
	 :: Pass failed on irg 'main' -- No improvement
	# of nodes: 			7
	# of irgs: 				1
	# of cf manipulations: 	2
	# of memory operations: 0
	# of types: 			2586



Using pass: pass_libfirm_combo -- No improvement
	# of nodes: 			7
	# of irgs: 				1
	# of cf manipulations: 	2
	# of memory operations: 0
	# of types: 			2586



Using pass: pass_remove_allocs -- No improvement
	# of nodes: 			7
	# of irgs: 				1
	# of cf manipulations: 	2
	# of memory operations: 0
	# of types: 			2586



Using pass: pass_libfirm_opt_blocks -- No improvement
	# of nodes: 			7
	# of irgs: 				1
	# of cf manipulations: 	2
	# of memory operations: 0
	# of types: 			2586



Using pass: pass_replace_return_values -- No improvement
	# of nodes: 			7
	# of irgs: 				1
	# of cf manipulations: 	2
	# of memory operations: 0
	# of types: 			2586



Using pass: pass_replace_mux_selectors -- No improvement
	# of nodes: 			7
	# of irgs: 				1
	# of cf manipulations: 	2
	# of memory operations: 0
	# of types: 			2586



Using pass: pass_replace_cond_selectors -- No improvement
	# of nodes: 			7
	# of irgs: 				1
	# of cf manipulations: 	2
	# of memory operations: 0
	# of types: 			2586



Using pass: pass_libfirm_dead_code_elimination -- No improvement
	# of nodes: 			7
	# of irgs: 				1
	# of cf manipulations: 	2
	# of memory operations: 0
	# of types: 			2586



Using pass: pass_libfirm_opt_ldst
	 :: Pass failed on irg 'main' -- No improvement
	# of nodes: 			7
	# of irgs: 				1
	# of cf manipulations: 	2
	# of memory operations: 0
	# of types: 			2586



Using pass: pass_libfirm_scalar_replacement_opt -- No improvement
	# of nodes: 			7
	# of irgs: 				1
	# of cf manipulations: 	2
	# of memory operations: 0
	# of types: 			2586



Using pass: pass_remove_void_calls -- No improvement
	# of nodes: 			7
	# of irgs: 				1
	# of cf manipulations: 	2
	# of memory operations: 0
	# of types: 			2586



Using pass: pass_libfirm_construct_confirms -- No improvement
	# of nodes: 			7
	# of irgs: 				1
	# of cf manipulations: 	2
	# of memory operations: 0
	# of types: 			2586



Using pass: pass_libfirm_optimize_graph_df -- No improvement
	# of nodes: 			7
	# of irgs: 				1
	# of cf manipulations: 	2
	# of memory operations: 0
	# of types: 			2586



Using pass: pass_libfirm_opt_funccalls -- No improvement
	# of nodes: 			7
	# of irgs: 				1
	# of cf manipulations: 	2
	# of memory operations: 0
	# of types: 			2586



Using pass: pass_gc_irgs_primitive -- No improvement
	# of nodes: 			7
	# of irgs: 				1
	# of cf manipulations: 	2
	# of memory operations: 0
	# of types: 			2586



Using pass: pass_libfirm_opt_blocks -- No improvement
	# of nodes: 			7
	# of irgs: 				1
	# of cf manipulations: 	2
	# of memory operations: 0
	# of types: 			2586



Using pass: pass_gc_irgs -- No improvement
	# of nodes: 			7
	# of irgs: 				1
	# of cf manipulations: 	2
	# of memory operations: 0
	# of types: 			2586



Using pass: pass_libfirm_combo -- No improvement
	# of nodes: 			7
	# of irgs: 				1
	# of cf manipulations: 	2
	# of memory operations: 0
	# of types: 			2586



Using pass: pass_libfirm_opt_parallelize_mem -- No improvement
	# of nodes: 			7
	# of irgs: 				1
	# of cf manipulations: 	2
	# of memory operations: 0
	# of types: 			2586



Using pass: pass_libfirm_opt_if_conv -- No improvement
	# of nodes: 			7
	# of irgs: 				1
	# of cf manipulations: 	2
	# of memory operations: 0
	# of types: 			2586



Using pass: pass_libfirm_opt_if_conv -- No improvement
	# of nodes: 			7
	# of irgs: 				1
	# of cf manipulations: 	2
	# of memory operations: 0
	# of types: 			2586



Using pass: pass_libfirm_dead_code_elimination -- No improvement
	# of nodes: 			7
	# of irgs: 				1
	# of cf manipulations: 	2
	# of memory operations: 0
	# of types: 			2586



Using pass: pass_replace_loads -- No improvement
	# of nodes: 			7
	# of irgs: 				1
	# of cf manipulations: 	2
	# of memory operations: 0
	# of types: 			2586



Using pass: pass_remove_stores -- No improvement
	# of nodes: 			7
	# of irgs: 				1
	# of cf manipulations: 	2
	# of memory operations: 0
	# of types: 			2586



Using pass: pass_libfirm_remove_bads -- No improvement
	# of nodes: 			7
	# of irgs: 				1
	# of cf manipulations: 	2
	# of memory operations: 0
	# of types: 			2586



Using pass: pass_libfirm_remove_unreachable -- No improvement
	# of nodes: 			7
	# of irgs: 				1
	# of cf manipulations: 	2
	# of memory operations: 0
	# of types: 			2586



Using pass: pass_libfirm_optimize_load_store -- No improvement
	# of nodes: 			7
	# of irgs: 				1
	# of cf manipulations: 	2
	# of memory operations: 0
	# of types: 			2586



Using pass: pass_libfirm_opt_jumpthreading -- No improvement
	# of nodes: 			7
	# of irgs: 				1
	# of cf manipulations: 	2
	# of memory operations: 0
	# of types: 			2586



Using pass: pass_libfirm_do_loop_peeling -- No improvement
	# of nodes: 			7
	# of irgs: 				1
	# of cf manipulations: 	2
	# of memory operations: 0
	# of types: 			2586



Using pass: pass_replace_switch_selectors -- No improvement
	# of nodes: 			7
	# of irgs: 				1
	# of cf manipulations: 	2
	# of memory operations: 0
	# of types: 			2586



Using pass: pass_check_validity -- No improvement
	# of nodes: 			7
	# of irgs: 				1
	# of cf manipulations: 	2
	# of memory operations: 0
	# of types: 			2586



Using pass: pass_libfirm_remove_critical_cf_edges -- No improvement
	# of nodes: 			7
	# of irgs: 				1
	# of cf manipulations: 	2
	# of memory operations: 0
	# of types: 			2586



Using pass: pass_libfirm_optimize_graph_df -- No improvement
	# of nodes: 			7
	# of irgs: 				1
	# of cf manipulations: 	2
	# of memory operations: 0
	# of types: 			2586



Using pass: pass_remove_void_calls -- No improvement
	# of nodes: 			7
	# of irgs: 				1
	# of cf manipulations: 	2
	# of memory operations: 0
	# of types: 			2586



Using pass: pass_libfirm_remove_critical_cf_edges -- No improvement
	# of nodes: 			7
	# of irgs: 				1
	# of cf manipulations: 	2
	# of memory operations: 0
	# of types: 			2586



Using pass: pass_simplify_consts -- No improvement
	# of nodes: 			7
	# of irgs: 				1
	# of cf manipulations: 	2
	# of memory operations: 0
	# of types: 			2586



Using pass: pass_simplify_consts -- No improvement
	# of nodes: 			7
	# of irgs: 				1
	# of cf manipulations: 	2
	# of memory operations: 0
	# of types: 			2586



Using pass: pass_libfirm_remove_unreachable -- No improvement
	# of nodes: 			7
	# of irgs: 				1
	# of cf manipulations: 	2
	# of memory operations: 0
	# of types: 			2586



Using pass: pass_replace_proj_primitive -- No improvement
	# of nodes: 			7
	# of irgs: 				1
	# of cf manipulations: 	2
	# of memory operations: 0
	# of types: 			2586



Using pass: pass_replace_proj_primitive -- No improvement
	# of nodes: 			7
	# of irgs: 				1
	# of cf manipulations: 	2
	# of memory operations: 0
	# of types: 			2586



Using pass: pass_simplify_consts -- No improvement
	# of nodes: 			7
	# of irgs: 				1
	# of cf manipulations: 	2
	# of memory operations: 0
	# of types: 			2586



Using pass: pass_gc_irgs -- No improvement
	# of nodes: 			7
	# of irgs: 				1
	# of cf manipulations: 	2
	# of memory operations: 0
	# of types: 			2586



Using pass: pass_libfirm_opt_tail_rec -- No improvement
	# of nodes: 			7
	# of irgs: 				1
	# of cf manipulations: 	2
	# of memory operations: 0
	# of types: 			2586



Using pass: pass_gc_entitites -- No improvement
	# of nodes: 			7
	# of irgs: 				1
	# of cf manipulations: 	2
	# of memory operations: 0
	# of types: 			2586



Using pass: pass_libfirm_construct_confirms -- No improvement
	# of nodes: 			7
	# of irgs: 				1
	# of cf manipulations: 	2
	# of memory operations: 0
	# of types: 			2586



Using pass: pass_replace_cond_selectors -- No improvement
	# of nodes: 			7
	# of irgs: 				1
	# of cf manipulations: 	2
	# of memory operations: 0
	# of types: 			2586



Using pass: pass_libfirm_normalize_one_return -- No improvement
	# of nodes: 			7
	# of irgs: 				1
	# of cf manipulations: 	2
	# of memory operations: 0
	# of types: 			2586



Using pass: pass_libfirm_remove_bads -- No improvement
	# of nodes: 			7
	# of irgs: 				1
	# of cf manipulations: 	2
	# of memory operations: 0
	# of types: 			2586



Using pass: pass_gc_irgs_primitive -- No improvement
	# of nodes: 			7
	# of irgs: 				1
	# of cf manipulations: 	2
	# of memory operations: 0
	# of types: 			2586



Using pass: pass_libfirm_optimize_reassociation -- No improvement
	# of nodes: 			7
	# of irgs: 				1
	# of cf manipulations: 	2
	# of memory operations: 0
	# of types: 			2586



Using pass: pass_libfirm_occult_consts -- No improvement
	# of nodes: 			7
	# of irgs: 				1
	# of cf manipulations: 	2
	# of memory operations: 0
	# of types: 			2586



Using pass: pass_gc_irgs_primitive -- No improvement
	# of nodes: 			7
	# of irgs: 				1
	# of cf manipulations: 	2
	# of memory operations: 0
	# of types: 			2586



Using pass: pass_check_validity -- No improvement
	# of nodes: 			7
	# of irgs: 				1
	# of cf manipulations: 	2
	# of memory operations: 0
	# of types: 			2586



Using pass: pass_replace_members -- No improvement
	# of nodes: 			7
	# of irgs: 				1
	# of cf manipulations: 	2
	# of memory operations: 0
	# of types: 			2586



Using pass: pass_simplify_consts -- No improvement
	# of nodes: 			7
	# of irgs: 				1
	# of cf manipulations: 	2
	# of memory operations: 0
	# of types: 			2586



Using pass: pass_gc_irgs -- No improvement
	# of nodes: 			7
	# of irgs: 				1
	# of cf manipulations: 	2
	# of memory operations: 0
	# of types: 			2586



Using pass: pass_remove_stores -- No improvement
	# of nodes: 			7
	# of irgs: 				1
	# of cf manipulations: 	2
	# of memory operations: 0
	# of types: 			2586



Using pass: pass_libfirm_opt_if_conv -- No improvement
	# of nodes: 			7
	# of irgs: 				1
	# of cf manipulations: 	2
	# of memory operations: 0
	# of types: 			2586



Using pass: pass_libfirm_construct_confirms -- No improvement
	# of nodes: 			7
	# of irgs: 				1
	# of cf manipulations: 	2
	# of memory operations: 0
	# of types: 			2586



Using pass: pass_libfirm_optimize_cf -- No improvement
	# of nodes: 			7
	# of irgs: 				1
	# of cf manipulations: 	2
	# of memory operations: 0
	# of types: 			2586



Using pass: pass_libfirm_place_code -- No improvement
	# of nodes: 			7
	# of irgs: 				1
	# of cf manipulations: 	2
	# of memory operations: 0
	# of types: 			2586



Using pass: pass_libfirm_combo -- No improvement
	# of nodes: 			7
	# of irgs: 				1
	# of cf manipulations: 	2
	# of memory operations: 0
	# of types: 			2586



Using pass: pass_libfirm_remove_critical_cf_edges -- No improvement
	# of nodes: 			7
	# of irgs: 				1
	# of cf manipulations: 	2
	# of memory operations: 0
	# of types: 			2586



Using pass: pass_libfirm_conv_opt -- No improvement
	# of nodes: 			7
	# of irgs: 				1
	# of cf manipulations: 	2
	# of memory operations: 0
	# of types: 			2586



Using pass: pass_libfirm_opt_bool -- No improvement
	# of nodes: 			7
	# of irgs: 				1
	# of cf manipulations: 	2
	# of memory operations: 0
	# of types: 			2586



Using pass: pass_check_validity -- No improvement
	# of nodes: 			7
	# of irgs: 				1
	# of cf manipulations: 	2
	# of memory operations: 0
	# of types: 			2586



Using pass: pass_libfirm_opt_bool -- No improvement
	# of nodes: 			7
	# of irgs: 				1
	# of cf manipulations: 	2
	# of memory operations: 0
	# of types: 			2586



Using pass: pass_gc_irgs_primitive -- No improvement
	# of nodes: 			7
	# of irgs: 				1
	# of cf manipulations: 	2
	# of memory operations: 0
	# of types: 			2586



Using pass: pass_libfirm_scalar_replacement_opt -- No improvement
	# of nodes: 			7
	# of irgs: 				1
	# of cf manipulations: 	2
	# of memory operations: 0
	# of types: 			2586



Using pass: pass_gc_entitites -- No improvement
	# of nodes: 			7
	# of irgs: 				1
	# of cf manipulations: 	2
	# of memory operations: 0
	# of types: 			2586



Using pass: pass_check_validity -- No improvement
	# of nodes: 			7
	# of irgs: 				1
	# of cf manipulations: 	2
	# of memory operations: 0
	# of types: 			2586



Using pass: pass_libfirm_occult_consts -- No improvement
	# of nodes: 			7
	# of irgs: 				1
	# of cf manipulations: 	2
	# of memory operations: 0
	# of types: 			2586



Using pass: pass_simplify_consts -- No improvement
	# of nodes: 			7
	# of irgs: 				1
	# of cf manipulations: 	2
	# of memory operations: 0
	# of types: 			2586



Using pass: pass_libfirm_opt_ldst
	 :: Pass failed on irg 'main' -- No improvement
	# of nodes: 			7
	# of irgs: 				1
	# of cf manipulations: 	2
	# of memory operations: 0
	# of types: 			2586



Using pass: pass_replace_switch_selectors -- No improvement
	# of nodes: 			7
	# of irgs: 				1
	# of cf manipulations: 	2
	# of memory operations: 0
	# of types: 			2586




 :: 2nd reduction cycle


______________________________

No further reduction possible.

Result:
	# of nodes: 			7
	# of irgs: 				1
	# of cf manipulations: 	2
	# of memory operations: 0
	# of types: 			2586

2018-08-23 19:43:48