2018-08-23 16:34:47 -- Firmreduce -- Results

Initial Test-case size:
	# of nodes: 			13245
	# of irgs: 				101
	# of cf manipulations: 	761
	# of memory operations: 2131
	# of types: 			2581


Using pass: pass_remove_stores -- Successful
	# of nodes: 			9208
	# of irgs: 				101
	# of cf manipulations: 	670
	# of memory operations: 1613
	# of types: 			2581



Using pass: pass_libfirm_conv_opt -- Successful
	# of nodes: 			9083
	# of irgs: 				101
	# of cf manipulations: 	670
	# of memory operations: 1613
	# of types: 			2581



Using pass: pass_libfirm_do_loop_unrolling -- No improvement
	# of nodes: 			9083
	# of irgs: 				101
	# of cf manipulations: 	670
	# of memory operations: 1613
	# of types: 			2581



Using pass: pass_libfirm_dead_code_elimination -- No improvement
	# of nodes: 			9083
	# of irgs: 				101
	# of cf manipulations: 	670
	# of memory operations: 1613
	# of types: 			2581



Using pass: pass_libfirm_remove_bads -- Successful
	# of nodes: 			9036
	# of irgs: 				101
	# of cf manipulations: 	664
	# of memory operations: 1607
	# of types: 			2581



Using pass: pass_gc_entitites -- Successful
	# of nodes: 			9036
	# of irgs: 				101
	# of cf manipulations: 	664
	# of memory operations: 1607
	# of types: 			2581



Using pass: pass_libfirm_place_code -- Successful
	# of nodes: 			9060
	# of irgs: 				101
	# of cf manipulations: 	676
	# of memory operations: 1607
	# of types: 			2581



Using pass: pass_gc_entitites -- No improvement
	# of nodes: 			9060
	# of irgs: 				101
	# of cf manipulations: 	676
	# of memory operations: 1607
	# of types: 			2581



Using pass: pass_remove_stores -- Successful
	# of nodes: 			8946
	# of irgs: 				101
	# of cf manipulations: 	671
	# of memory operations: 1588
	# of types: 			2581



Using pass: pass_replace_return_values -- Successful
	# of nodes: 			8404
	# of irgs: 				101
	# of cf manipulations: 	639
	# of memory operations: 1588
	# of types: 			2581



Using pass: pass_libfirm_opt_tail_rec -- Successful
	# of nodes: 			8217
	# of irgs: 				101
	# of cf manipulations: 	577
	# of memory operations: 1588
	# of types: 			2581



Using pass: pass_simplify_consts -- Successful
	# of nodes: 			7313
	# of irgs: 				101
	# of cf manipulations: 	595
	# of memory operations: 1560
	# of types: 			2581



Using pass: pass_replace_return_values -- Successful
	# of nodes: 			7308
	# of irgs: 				101
	# of cf manipulations: 	595
	# of memory operations: 1560
	# of types: 			2581



Using pass: pass_libfirm_opt_bool -- No improvement
	# of nodes: 			7308
	# of irgs: 				101
	# of cf manipulations: 	595
	# of memory operations: 1560
	# of types: 			2581



Using pass: pass_libfirm_opt_ldst
	 :: Pass failed on irg 'r_func_57'
	 :: Pass failed on irg 'r_func_94'
	 :: Pass failed on irg 'r_func_7'
	 :: Pass failed on irg 'r_func_93'
	 :: Pass failed on irg 'r_func_79'
	 :: Pass failed on irg 'r_func_70'
	 :: Pass failed on irg 'r_func_52'
	 :: Pass failed on irg 'r_func_37'
	 :: Pass failed on irg 'r_func_6'
	 :: Pass failed on irg 'r_func_35'
	 :: Pass failed on irg 'r_func_4'
	 :: Pass failed on irg 'r_func_21'
	 :: Pass failed on irg 'r_func_28'
	 :: Pass failed on irg 'r_func_49'
	 :: Pass failed on irg 'r_func_11'
	 :: Pass failed on irg 'r_func_4'
	 :: Pass failed on irg 'r_func_37'
	 :: Pass failed on irg 'r_func_31'
	 :: Pass failed on irg 'r_func_38'
	 :: Pass failed on irg 'r_func_13'
	 :: Pass failed on irg 'r_func_59'
	 :: Pass failed on irg 'r_func_21'
	 :: Pass failed on irg 'r_func_60'
	 :: Pass failed on irg 'r_func_61'
	 :: Pass failed on irg 'r_func_88'
	 :: Pass failed on irg 'r_func_14'
	 :: Pass failed on irg 'r_func_48'
	 :: Pass failed on irg 'r_func_66'
	 :: Pass failed on irg 'r_func_91'
	 :: Pass failed on irg 'r_func_96'
	 :: Pass failed on irg 'r_func_31'
	 :: Pass failed on irg 'r_func_70'
	 :: Pass failed on irg 'r_func_97'
	 :: Pass failed on irg 'r_func_78'
	 :: Pass failed on irg 'r_func_56'
	 :: Pass failed on irg 'r_func_84'
	 :: Pass failed on irg 'r_func_5'
	 :: Pass failed on irg 'r_func_59'
	 :: Pass failed on irg 'r_func_30'
	 :: Pass failed on irg 'r_func_99'
	 :: Pass failed on irg 'r_func_48'
	 :: Pass failed on irg 'r_func_42'
	 :: Pass failed on irg 'r_func_13'
	 :: Pass failed on irg 'r_func_3'
	 :: Pass failed on irg 'r_func_54'
	 :: Pass failed on irg 'r_func_72'
	 :: Pass failed on irg 'r_func_98'
	 :: Pass failed on irg 'r_func_18'
	 :: Pass failed on irg 'r_func_74'
	 :: Pass failed on irg 'r_func_95'
	 :: Pass failed on irg 'r_func_53'
	 :: Pass failed on irg 'r_func_10'
	 :: Pass failed on irg 'r_func_50'
	 :: Pass failed on irg 'r_func_90'
	 :: Pass failed on irg 'r_func_21'
	 :: Pass failed on irg 'r_func_29'
	 :: Pass failed on irg 'r_func_66'
	 :: Pass failed on irg 'r_func_64'
	 :: Pass failed on irg 'r_func_10'
	 :: Pass failed on irg 'r_func_49'
	 :: Pass failed on irg 'r_func_99'
	 :: Pass failed on irg 'r_func_14'
	 :: Pass failed on irg 'r_func_27'
	 :: Pass failed on irg 'r_func_55'
	 :: Pass failed on irg 'r_func_95'
	 :: Pass failed on irg 'r_func_96'
	 :: Pass failed on irg 'r_func_95'
	 :: Pass failed on irg 'r_func_37'
	 :: Pass failed on irg 'r_func_41'
	 :: Pass failed on irg 'r_func_56'
	 :: Pass failed on irg 'r_func_81'
	 :: Pass failed on irg 'r_func_64'
	 :: Pass failed on irg 'r_func_22'
	 :: Pass failed on irg 'r_func_92'
	 :: Pass failed on irg 'r_func_26'
	 :: Pass failed on irg 'r_func_63'
	 :: Pass failed on irg 'r_func_93'
	 :: Pass failed on irg 'r_func_52'
	 :: Pass failed on irg 'r_func_42'
	 :: Pass failed on irg 'r_func_86'
	 :: Pass failed on irg 'r_func_56'
	 :: Pass failed on irg 'r_func_15'
	 :: Pass failed on irg 'r_func_54'
	 :: Pass failed on irg 'r_func_26'
	 :: Pass failed on irg 'r_func_45'
	 :: Pass failed on irg 'r_func_90'
	 :: Pass failed on irg 'r_func_32'
	 :: Pass failed on irg 'r_func_5'
	 :: Pass failed on irg 'r_func_12'
	 :: Pass failed on irg 'r_func_19'
	 :: Pass failed on irg 'r_func_36'
	 :: Pass failed on irg 'r_func_96'
	 :: Pass failed on irg 'r_func_91'
	 :: Pass failed on irg 'r_func_14'
	 :: Pass failed on irg 'r_func_53'
	 :: Pass failed on irg 'r_func_34'
	 :: Pass failed on irg 'r_func_13'
	 :: Pass failed on irg 'r_func_24'
	 :: Pass failed on irg 'r_func_68'
	 :: Pass failed on irg 'r_func_28'
	 :: Pass failed on irg 'r_func_64' -- No improvement
	# of nodes: 			7308
	# of irgs: 				101
	# of cf manipulations: 	595
	# of memory operations: 1560
	# of types: 			2581



Using pass: pass_libfirm_opt_blocks
	 :: Pass failed on irg 'r_func_11'
	 :: Pass failed on irg 'r_func_11'
	 :: Pass failed on irg 'r_func_11' -- Successful
	# of nodes: 			7186
	# of irgs: 				101
	# of cf manipulations: 	557
	# of memory operations: 1560
	# of types: 			2581



Using pass: pass_gc_irgs_primitive
	 :: interestingness test failed on irg 'r_func_63'
	 :: interestingness test failed on irg 'r_func_32'
	 :: interestingness test failed on irg 'r_func_23'
	 :: interestingness test failed on irg 'r_func_48'
	 :: interestingness test failed on irg 'r_func_17'
	 :: interestingness test failed on irg 'r_func_8'
	 :: interestingness test failed on irg 'r_func_2'
	 :: interestingness test failed on irg 'r_func_12'
	 :: interestingness test failed on irg 'r_func_22'
	 :: interestingness test failed on irg 'r_func_74'
	 :: interestingness test failed on irg 'r_func_53'
	 :: interestingness test failed on irg 'r_func_90'
	 :: interestingness test failed on irg 'r_func_26'
	 :: interestingness test failed on irg 'r_func_6'
	 :: interestingness test failed on irg 'r_func_13'
	 :: interestingness test failed on irg 'r_func_69'
	 :: interestingness test failed on irg 'r_func_83'
	 :: interestingness test failed on irg 'r_func_11'
	 :: interestingness test failed on irg 'r_func_85'
	 :: interestingness test failed on irg 'r_func_15'
	 :: interestingness test failed on irg 'r_func_90'
	 :: interestingness test failed on irg 'r_func_53'
	 :: interestingness test failed on irg 'r_func_58'
	 :: interestingness test failed on irg 'r_func_21'
	 :: interestingness test failed on irg 'r_func_21'
	 :: interestingness test failed on irg 'r_func_22'
	 :: interestingness test failed on irg 'r_func_13'
	 :: interestingness test failed on irg 'r_func_70'
	 :: interestingness test failed on irg 'r_func_29'
	 :: interestingness test failed on irg 'r_func_77'
	 :: interestingness test failed on irg 'r_func_8'
	 :: interestingness test failed on irg 'r_func_14'
	 :: interestingness test failed on irg 'r_func_42'
	 :: interestingness test failed on irg 'r_func_82'
	 :: interestingness test failed on irg 'r_func_34'
	 :: interestingness test failed on irg 'r_func_82'
	 :: interestingness test failed on irg 'r_func_49'
	 :: interestingness test failed on irg 'r_func_58'
	 :: interestingness test failed on irg 'r_func_50'
	 :: interestingness test failed on irg 'r_func_74'
	 :: interestingness test failed on irg 'r_func_23'
	 :: interestingness test failed on irg 'r_func_6'
	 :: interestingness test failed on irg 'r_func_71'
	 :: interestingness test failed on irg 'r_func_39'
	 :: interestingness test failed on irg 'r_func_53'
	 :: interestingness test failed on irg 'r_func_40'
	 :: interestingness test failed on irg 'r_func_90'
	 :: interestingness test failed on irg 'r_func_70'
	 :: interestingness test failed on irg 'r_func_13'
	 :: interestingness test failed on irg 'r_func_27'
	 :: interestingness test failed on irg 'r_func_75'
	 :: interestingness test failed on irg 'r_func_47'
	 :: interestingness test failed on irg 'r_func_20'
	 :: interestingness test failed on irg 'r_func_49'
	 :: interestingness test failed on irg 'r_func_17'
	 :: interestingness test failed on irg 'r_func_27'
	 :: interestingness test failed on irg 'r_func_2'
	 :: interestingness test failed on irg 'r_func_30'
	 :: interestingness test failed on irg 'r_func_72'
	 :: interestingness test failed on irg 'r_func_91'
	 :: interestingness test failed on irg 'r_func_34'
	 :: interestingness test failed on irg 'r_func_53'
	 :: interestingness test failed on irg 'r_func_32'
	 :: interestingness test failed on irg 'r_func_43'
	 :: interestingness test failed on irg 'r_func_1'
	 :: interestingness test failed on irg 'r_func_38'
	 :: interestingness test failed on irg 'r_func_21'
	 :: interestingness test failed on irg 'r_func_57'
	 :: interestingness test failed on irg 'r_func_73'
	 :: interestingness test failed on irg 'r_func_43'
	 :: interestingness test failed on irg 'r_func_14'
	 :: interestingness test failed on irg 'r_func_99'
	 :: interestingness test failed on irg 'r_func_74'
	 :: interestingness test failed on irg 'r_func_32'
	 :: interestingness test failed on irg 'r_func_58'
	 :: interestingness test failed on irg 'r_func_11'
	 :: interestingness test failed on irg 'r_func_88'
	 :: interestingness test failed on irg 'r_func_29'
	 :: interestingness test failed on irg 'r_func_57'
	 :: interestingness test failed on irg 'r_func_43'
	 :: interestingness test failed on irg 'r_func_44'
	 :: interestingness test failed on irg 'r_func_27'
	 :: interestingness test failed on irg 'r_func_5'
	 :: interestingness test failed on irg 'r_func_1'
	 :: interestingness test failed on irg 'r_func_32'
	 :: interestingness test failed on irg 'r_func_15'
	 :: interestingness test failed on irg 'r_func_83'
	 :: interestingness test failed on irg 'r_func_44'
	 :: interestingness test failed on irg 'r_func_15'
	 :: interestingness test failed on irg 'r_func_95'
	 :: interestingness test failed on irg 'r_func_74'
	 :: interestingness test failed on irg 'r_func_9'
	 :: interestingness test failed on irg 'r_func_42'
	 :: interestingness test failed on irg 'r_func_72'
	 :: interestingness test failed on irg 'r_func_58'
	 :: interestingness test failed on irg 'r_func_83'
	 :: interestingness test failed on irg 'r_func_81'
	 :: interestingness test failed on irg 'r_func_82'
	 :: interestingness test failed on irg 'r_func_20'
	 :: interestingness test failed on irg 'r_func_88'
	 :: interestingness test failed on irg 'r_func_29'
	 :: interestingness test failed on irg 'r_func_15'
	 :: interestingness test failed on irg 'r_func_1'
	 :: interestingness test failed on irg 'r_func_74'
	 :: interestingness test failed on irg 'r_func_92'
	 :: interestingness test failed on irg 'r_func_21'
	 :: interestingness test failed on irg 'r_func_92'
	 :: interestingness test failed on irg 'r_func_14'
	 :: interestingness test failed on irg 'r_func_81'
	 :: interestingness test failed on irg 'r_func_23'
	 :: interestingness test failed on irg 'r_func_3'
	 :: interestingness test failed on irg 'r_func_99'
	 :: interestingness test failed on irg 'r_func_83'
	 :: interestingness test failed on irg 'r_func_99'
	 :: interestingness test failed on irg 'r_func_71'
	 :: interestingness test failed on irg 'r_func_42'
	 :: interestingness test failed on irg 'r_func_5'
	 :: interestingness test failed on irg 'r_func_42'
	 :: interestingness test failed on irg 'r_func_51'
	 :: interestingness test failed on irg 'r_func_85'
	 :: interestingness test failed on irg 'r_func_33'
	 :: interestingness test failed on irg 'r_func_26'
	 :: interestingness test failed on irg 'r_func_41'
	 :: interestingness test failed on irg 'r_func_92'
	 :: interestingness test failed on irg 'r_func_42'
	 :: interestingness test failed on irg 'r_func_79'
	 :: interestingness test failed on irg 'r_func_49'
	 :: interestingness test failed on irg 'r_func_9'
	 :: interestingness test failed on irg 'r_func_17'
	 :: interestingness test failed on irg 'r_func_57'
	 :: interestingness test failed on irg 'r_func_83'
	 :: interestingness test failed on irg 'r_func_94'
	 :: interestingness test failed on irg 'r_func_51'
	 :: interestingness test failed on irg 'r_func_49'
	 :: interestingness test failed on irg 'r_func_84'
	 :: interestingness test failed on irg 'r_func_50'
	 :: interestingness test failed on irg 'r_func_58'
	 :: interestingness test failed on irg 'r_func_6'
	 :: interestingness test failed on irg 'r_func_52'
	 :: interestingness test failed on irg 'r_func_75'
	 :: interestingness test failed on irg 'r_func_29'
	 :: interestingness test failed on irg 'r_func_92'
	 :: interestingness test failed on irg 'r_func_82'
	 :: interestingness test failed on irg 'r_func_18'
	 :: interestingness test failed on irg 'r_func_85'
	 :: interestingness test failed on irg 'r_func_20'
	 :: interestingness test failed on irg 'r_func_50'
	 :: interestingness test failed on irg 'r_func_73'
	 :: interestingness test failed on irg 'r_func_14'
	 :: interestingness test failed on irg 'r_func_72'
	 :: interestingness test failed on irg 'r_func_19'
	 :: interestingness test failed on irg 'r_func_34'
	 :: interestingness test failed on irg 'r_func_91'
	 :: interestingness test failed on irg 'r_func_38'
	 :: interestingness test failed on irg 'r_func_50'
	 :: interestingness test failed on irg 'r_func_49'
	 :: interestingness test failed on irg 'r_func_21'
	 :: interestingness test failed on irg 'r_func_30'
	 :: interestingness test failed on irg 'r_func_13'
	 :: interestingness test failed on irg 'r_func_70'
	 :: interestingness test failed on irg 'r_func_27'
	 :: interestingness test failed on irg 'r_func_56'
	 :: interestingness test failed on irg 'r_func_17'
	 :: interestingness test failed on irg 'r_func_32'
	 :: interestingness test failed on irg 'r_func_50'
	 :: interestingness test failed on irg 'r_func_82'
	 :: interestingness test failed on irg 'r_func_9'
	 :: interestingness test failed on irg 'r_func_95'
	 :: interestingness test failed on irg 'r_func_94'
	 :: interestingness test failed on irg 'r_func_27'
	 :: interestingness test failed on irg 'r_func_1'
	 :: interestingness test failed on irg 'r_func_53'
	 :: interestingness test failed on irg 'r_func_79'
	 :: interestingness test failed on irg 'r_func_49'
	 :: interestingness test failed on irg 'r_func_90'
	 :: interestingness test failed on irg 'r_func_34'
	 :: interestingness test failed on irg 'r_func_44'
	 :: interestingness test failed on irg 'r_func_43'
	 :: interestingness test failed on irg 'r_func_33'
	 :: interestingness test failed on irg 'r_func_17'
	 :: interestingness test failed on irg 'r_func_80'
	 :: interestingness test failed on irg 'r_func_19'
	 :: interestingness test failed on irg 'r_func_75'
	 :: interestingness test failed on irg 'r_func_8'
	 :: interestingness test failed on irg 'r_func_58'
	 :: interestingness test failed on irg 'r_func_49'
	 :: interestingness test failed on irg 'r_func_5'
	 :: interestingness test failed on irg 'r_func_53'
	 :: interestingness test failed on irg 'r_func_3'
	 :: interestingness test failed on irg 'r_func_77'
	 :: interestingness test failed on irg 'r_func_34'
	 :: interestingness test failed on irg 'r_func_69'
	 :: interestingness test failed on irg 'r_func_6'
	 :: interestingness test failed on irg 'r_func_18'
	 :: interestingness test failed on irg 'r_func_43'
	 :: interestingness test failed on irg 'r_func_49'
	 :: interestingness test failed on irg 'r_func_9'
	 :: interestingness test failed on irg 'r_func_42'
	 :: interestingness test failed on irg 'r_func_27'
	 :: interestingness test failed on irg 'r_func_80'
	 :: interestingness test failed on irg 'r_func_90'
	 :: interestingness test failed on irg 'r_func_99'
	 :: interestingness test failed on irg 'r_func_42'
	 :: interestingness test failed on irg 'r_func_56'
	 :: interestingness test failed on irg 'r_func_51'
	 :: interestingness test failed on irg 'r_func_13'
	 :: interestingness test failed on irg 'r_func_11'
	 :: interestingness test failed on irg 'r_func_53'
	 :: interestingness test failed on irg 'r_func_82'
	 :: interestingness test failed on irg 'r_func_49'
	 :: interestingness test failed on irg 'r_func_88'
	 :: interestingness test failed on irg 'r_func_18'
	 :: interestingness test failed on irg 'r_func_19'
	 :: interestingness test failed on irg 'r_func_22'
	 :: interestingness test failed on irg 'r_func_52'
	 :: interestingness test failed on irg 'r_func_50'
	 :: interestingness test failed on irg 'r_func_44'
	 :: interestingness test failed on irg 'r_func_52'
	 :: interestingness test failed on irg 'r_func_59'
	 :: interestingness test failed on irg 'r_func_77'
	 :: interestingness test failed on irg 'r_func_21'
	 :: interestingness test failed on irg 'r_func_99'
	 :: interestingness test failed on irg 'r_func_58'
	 :: interestingness test failed on irg 'r_func_77'
	 :: interestingness test failed on irg 'r_func_30'
	 :: interestingness test failed on irg 'r_func_95'
	 :: interestingness test failed on irg 'r_func_26'
	 :: interestingness test failed on irg 'r_func_59'
	 :: interestingness test failed on irg 'r_func_53'
	 :: interestingness test failed on irg 'r_func_30'
	 :: interestingness test failed on irg 'r_func_23'
	 :: interestingness test failed on irg 'r_func_69'
	 :: interestingness test failed on irg 'r_func_57'
	 :: interestingness test failed on irg 'r_func_95'
	 :: interestingness test failed on irg 'r_func_33'
	 :: interestingness test failed on irg 'r_func_3'
	 :: interestingness test failed on irg 'r_func_88'
	 :: interestingness test failed on irg 'r_func_11'
	 :: interestingness test failed on irg 'r_func_41'
	 :: interestingness test failed on irg 'r_func_94'
	 :: interestingness test failed on irg 'r_func_1'
	 :: interestingness test failed on irg 'r_func_66'
	 :: interestingness test failed on irg 'r_func_71'
	 :: interestingness test failed on irg 'r_func_12'
	 :: interestingness test failed on irg 'r_func_66'
	 :: interestingness test failed on irg 'r_func_5'
	 :: interestingness test failed on irg 'r_func_69'
	 :: interestingness test failed on irg 'r_func_79'
	 :: interestingness test failed on irg 'r_func_79'
	 :: interestingness test failed on irg 'r_func_21'
	 :: interestingness test failed on irg 'r_func_85'
	 :: interestingness test failed on irg 'r_func_42'
	 :: interestingness test failed on irg 'r_func_43'
	 :: interestingness test failed on irg 'r_func_29'
	 :: interestingness test failed on irg 'r_func_91'
	 :: interestingness test failed on irg 'r_func_88'
	 :: interestingness test failed on irg 'r_func_23'
	 :: interestingness test failed on irg 'r_func_47'
	 :: interestingness test failed on irg 'r_func_58'
	 :: interestingness test failed on irg 'r_func_19'
	 :: interestingness test failed on irg 'r_func_79'
	 :: interestingness test failed on irg 'r_func_73'
	 :: interestingness test failed on irg 'r_func_82'
	 :: interestingness test failed on irg 'r_func_80'
	 :: interestingness test failed on irg 'r_func_34'
	 :: interestingness test failed on irg 'r_func_58'
	 :: interestingness test failed on irg 'r_func_23'
	 :: interestingness test failed on irg 'r_func_58'
	 :: interestingness test failed on irg 'r_func_34'
	 :: interestingness test failed on irg 'r_func_5'
	 :: interestingness test failed on irg 'r_func_17'
	 :: interestingness test failed on irg 'r_func_22'
	 :: interestingness test failed on irg 'r_func_80'
	 :: interestingness test failed on irg 'r_func_84'
	 :: interestingness test failed on irg 'r_func_18'
	 :: interestingness test failed on irg 'r_func_79'
	 :: interestingness test failed on irg 'r_func_26'
	 :: interestingness test failed on irg 'r_func_71'
	 :: interestingness test failed on irg 'r_func_13'
	 :: interestingness test failed on irg 'r_func_53'
	 :: interestingness test failed on irg 'r_func_52'
	 :: interestingness test failed on irg 'r_func_19'
	 :: interestingness test failed on irg 'r_func_90'
	 :: interestingness test failed on irg 'r_func_75'
	 :: interestingness test failed on irg 'r_func_47'
	 :: interestingness test failed on irg 'r_func_32'
	 :: interestingness test failed on irg 'r_func_22'
	 :: interestingness test failed on irg 'r_func_51'
	 :: interestingness test failed on irg 'r_func_44'
	 :: interestingness test failed on irg 'r_func_69'
	 :: interestingness test failed on irg 'r_func_44'
	 :: interestingness test failed on irg 'r_func_81'
	 :: interestingness test failed on irg 'r_func_51'
	 :: interestingness test failed on irg 'r_func_59'
	 :: interestingness test failed on irg 'r_func_52'
	 :: interestingness test failed on irg 'r_func_90'
	 :: interestingness test failed on irg 'r_func_29'
	 :: interestingness test failed on irg 'r_func_84'
	 :: interestingness test failed on irg 'r_func_49'
	 :: interestingness test failed on irg 'r_func_9'
	 :: interestingness test failed on irg 'r_func_48'
	 :: interestingness test failed on irg 'r_func_47' -- Successful
	# of nodes: 			4467
	# of irgs: 				67
	# of cf manipulations: 	344
	# of memory operations: 988
	# of types: 			2581



Using pass: pass_libfirm_occult_consts -- No improvement
	# of nodes: 			4467
	# of irgs: 				67
	# of cf manipulations: 	344
	# of memory operations: 988
	# of types: 			2581



Using pass: pass_libfirm_optimize_reassociation -- No improvement
	# of nodes: 			4467
	# of irgs: 				67
	# of cf manipulations: 	344
	# of memory operations: 988
	# of types: 			2581



Using pass: pass_simplify_consts -- Successful
	# of nodes: 			4459
	# of irgs: 				67
	# of cf manipulations: 	345
	# of memory operations: 988
	# of types: 			2581



Using pass: pass_libfirm_opt_tail_rec -- Successful
	# of nodes: 			4431
	# of irgs: 				67
	# of cf manipulations: 	335
	# of memory operations: 988
	# of types: 			2581



Using pass: pass_libfirm_occult_consts -- No improvement
	# of nodes: 			4431
	# of irgs: 				67
	# of cf manipulations: 	335
	# of memory operations: 988
	# of types: 			2581



Using pass: pass_replace_proj_primitive -- Successful
	# of nodes: 			2455
	# of irgs: 				67
	# of cf manipulations: 	141
	# of memory operations: 732
	# of types: 			2581



Using pass: pass_libfirm_place_code -- No improvement
	# of nodes: 			2455
	# of irgs: 				67
	# of cf manipulations: 	141
	# of memory operations: 732
	# of types: 			2581



Using pass: pass_libfirm_do_loop_peeling
	 :: Pass failed on irg 'r_func_21'
	 :: Pass failed on irg 'r_func_26'
	 :: Pass failed on irg 'r_func_26'
	 :: Pass failed on irg 'r_func_21' -- No improvement
	# of nodes: 			2455
	# of irgs: 				67
	# of cf manipulations: 	141
	# of memory operations: 732
	# of types: 			2581



Using pass: pass_replace_cond_selectors -- No improvement
	# of nodes: 			2455
	# of irgs: 				67
	# of cf manipulations: 	141
	# of memory operations: 732
	# of types: 			2581



Using pass: pass_libfirm_gvn_pre -- No improvement
	# of nodes: 			2455
	# of irgs: 				67
	# of cf manipulations: 	141
	# of memory operations: 732
	# of types: 			2581



Using pass: pass_replace_loads
	 :: Pass failed on irg 'r_func_27'
	 :: Pass failed on irg 'r_func_80'
	 :: Pass failed on irg 'r_func_99'
	 :: Pass failed on irg 'r_func_92'
	 :: Pass failed on irg 'r_func_22'
	 :: Pass failed on irg 'r_func_60'
	 :: Pass failed on irg 'r_func_77'
	 :: Pass failed on irg 'r_func_91'
	 :: Pass failed on irg 'r_func_30'
	 :: Pass failed on irg 'r_func_30'
	 :: Pass failed on irg 'r_func_73'
	 :: Pass failed on irg 'r_func_5'
	 :: Pass failed on irg 'r_func_51'
	 :: Pass failed on irg 'r_func_8'
	 :: Pass failed on irg 'r_func_90'
	 :: Pass failed on irg 'r_func_30'
	 :: Pass failed on irg 'r_func_80'
	 :: Pass failed on irg 'r_func_82'
	 :: Pass failed on irg 'r_func_69'
	 :: Pass failed on irg 'r_func_60'
	 :: Pass failed on irg 'r_func_90'
	 :: Pass failed on irg 'r_func_60'
	 :: Pass failed on irg 'r_func_23'
	 :: Pass failed on irg 'r_func_32'
	 :: Pass failed on irg 'r_func_43'
	 :: Pass failed on irg 'r_func_18'
	 :: Pass failed on irg 'r_func_91'
	 :: Pass failed on irg 'r_func_49'
	 :: Pass failed on irg 'r_func_50'
	 :: Pass failed on irg 'r_func_49'
	 :: Pass failed on irg 'r_func_6'
	 :: Pass failed on irg 'r_func_21'
	 :: Pass failed on irg 'r_func_47'
	 :: Pass failed on irg 'r_func_48'
	 :: Pass failed on irg 'r_func_74'
	 :: Pass failed on irg 'r_func_72'
	 :: Pass failed on irg 'r_func_60'
	 :: Pass failed on irg 'r_func_51'
	 :: Pass failed on irg 'r_func_33'
	 :: Pass failed on irg 'r_func_49'
	 :: Pass failed on irg 'r_func_11'
	 :: Pass failed on irg 'r_func_47'
	 :: Pass failed on irg 'r_func_51'
	 :: Pass failed on irg 'r_func_50'
	 :: Pass failed on irg 'r_func_41'
	 :: Pass failed on irg 'r_func_84'
	 :: Pass failed on irg 'r_func_3'
	 :: Pass failed on irg 'r_func_66'
	 :: Pass failed on irg 'r_func_23'
	 :: Pass failed on irg 'r_func_11'
	 :: Pass failed on irg 'r_func_30'
	 :: Pass failed on irg 'r_func_69'
	 :: Pass failed on irg 'r_func_48'
	 :: Pass failed on irg 'r_func_1'
	 :: Pass failed on irg 'r_func_57'
	 :: Pass failed on irg 'r_func_59'
	 :: Pass failed on irg 'r_func_34' -- No improvement
	# of nodes: 			2455
	# of irgs: 				67
	# of cf manipulations: 	141
	# of memory operations: 732
	# of types: 			2581



Using pass: pass_libfirm_opt_parallelize_mem -- Successful
	# of nodes: 			2497
	# of irgs: 				67
	# of cf manipulations: 	141
	# of memory operations: 732
	# of types: 			2581



Using pass: pass_libfirm_occult_consts -- No improvement
	# of nodes: 			2497
	# of irgs: 				67
	# of cf manipulations: 	141
	# of memory operations: 732
	# of types: 			2581



Using pass: pass_libfirm_optimize_load_store -- Successful
	# of nodes: 			1731
	# of irgs: 				67
	# of cf manipulations: 	141
	# of memory operations: 512
	# of types: 			2581



Using pass: pass_gc_irgs
	 :: Pass failed on irg 'r_func_74'
	 :: Pass failed on irg 'r_func_14' -- Successful
	# of nodes: 			23
	# of irgs: 				2
	# of cf manipulations: 	4
	# of memory operations: 4
	# of types: 			2581



Using pass: pass_libfirm_conv_opt -- No improvement
	# of nodes: 			23
	# of irgs: 				2
	# of cf manipulations: 	4
	# of memory operations: 4
	# of types: 			2581



Using pass: pass_check_validity -- No improvement
	# of nodes: 			23
	# of irgs: 				2
	# of cf manipulations: 	4
	# of memory operations: 4
	# of types: 			2581



Using pass: pass_libfirm_do_loop_peeling -- No improvement
	# of nodes: 			23
	# of irgs: 				2
	# of cf manipulations: 	4
	# of memory operations: 4
	# of types: 			2581



Using pass: pass_libfirm_opt_if_conv -- No improvement
	# of nodes: 			23
	# of irgs: 				2
	# of cf manipulations: 	4
	# of memory operations: 4
	# of types: 			2581



Using pass: pass_libfirm_place_code -- No improvement
	# of nodes: 			23
	# of irgs: 				2
	# of cf manipulations: 	4
	# of memory operations: 4
	# of types: 			2581



Using pass: pass_gc_entitites -- No improvement
	# of nodes: 			23
	# of irgs: 				2
	# of cf manipulations: 	4
	# of memory operations: 4
	# of types: 			2581



Using pass: pass_replace_return_values -- No improvement
	# of nodes: 			23
	# of irgs: 				2
	# of cf manipulations: 	4
	# of memory operations: 4
	# of types: 			2581



Using pass: pass_libfirm_gvn_pre -- No improvement
	# of nodes: 			23
	# of irgs: 				2
	# of cf manipulations: 	4
	# of memory operations: 4
	# of types: 			2581



Using pass: pass_libfirm_optimize_load_store -- No improvement
	# of nodes: 			23
	# of irgs: 				2
	# of cf manipulations: 	4
	# of memory operations: 4
	# of types: 			2581



Using pass: pass_libfirm_do_loop_peeling -- No improvement
	# of nodes: 			23
	# of irgs: 				2
	# of cf manipulations: 	4
	# of memory operations: 4
	# of types: 			2581



Using pass: pass_libfirm_opt_funccalls -- No improvement
	# of nodes: 			23
	# of irgs: 				2
	# of cf manipulations: 	4
	# of memory operations: 4
	# of types: 			2581



Using pass: pass_libfirm_opt_bool -- No improvement
	# of nodes: 			23
	# of irgs: 				2
	# of cf manipulations: 	4
	# of memory operations: 4
	# of types: 			2581



Using pass: pass_replace_cond_selectors -- No improvement
	# of nodes: 			23
	# of irgs: 				2
	# of cf manipulations: 	4
	# of memory operations: 4
	# of types: 			2581



Using pass: pass_libfirm_opt_tail_rec -- No improvement
	# of nodes: 			23
	# of irgs: 				2
	# of cf manipulations: 	4
	# of memory operations: 4
	# of types: 			2581



Using pass: pass_libfirm_opt_tail_rec -- No improvement
	# of nodes: 			23
	# of irgs: 				2
	# of cf manipulations: 	4
	# of memory operations: 4
	# of types: 			2581



Using pass: pass_replace_members -- No improvement
	# of nodes: 			23
	# of irgs: 				2
	# of cf manipulations: 	4
	# of memory operations: 4
	# of types: 			2581



Using pass: pass_libfirm_occult_consts -- No improvement
	# of nodes: 			23
	# of irgs: 				2
	# of cf manipulations: 	4
	# of memory operations: 4
	# of types: 			2581



Using pass: pass_libfirm_opt_funccalls -- No improvement
	# of nodes: 			23
	# of irgs: 				2
	# of cf manipulations: 	4
	# of memory operations: 4
	# of types: 			2581



Using pass: pass_libfirm_do_loop_unrolling -- No improvement
	# of nodes: 			23
	# of irgs: 				2
	# of cf manipulations: 	4
	# of memory operations: 4
	# of types: 			2581



Using pass: pass_replace_proj_primitive -- No improvement
	# of nodes: 			23
	# of irgs: 				2
	# of cf manipulations: 	4
	# of memory operations: 4
	# of types: 			2581



Using pass: pass_replace_mux_selectors -- No improvement
	# of nodes: 			23
	# of irgs: 				2
	# of cf manipulations: 	4
	# of memory operations: 4
	# of types: 			2581



Using pass: pass_replace_members -- No improvement
	# of nodes: 			23
	# of irgs: 				2
	# of cf manipulations: 	4
	# of memory operations: 4
	# of types: 			2581



Using pass: pass_libfirm_do_loop_unrolling -- No improvement
	# of nodes: 			23
	# of irgs: 				2
	# of cf manipulations: 	4
	# of memory operations: 4
	# of types: 			2581



Using pass: pass_libfirm_optimize_load_store -- No improvement
	# of nodes: 			23
	# of irgs: 				2
	# of cf manipulations: 	4
	# of memory operations: 4
	# of types: 			2581



Using pass: pass_remove_allocs -- Successful
	# of nodes: 			14
	# of irgs: 				2
	# of cf manipulations: 	4
	# of memory operations: 0
	# of types: 			2581



Using pass: pass_libfirm_optimize_graph_df -- No improvement
	# of nodes: 			14
	# of irgs: 				2
	# of cf manipulations: 	4
	# of memory operations: 0
	# of types: 			2581



Using pass: pass_libfirm_opt_blocks -- No improvement
	# of nodes: 			14
	# of irgs: 				2
	# of cf manipulations: 	4
	# of memory operations: 0
	# of types: 			2581



Using pass: pass_remove_stores -- No improvement
	# of nodes: 			14
	# of irgs: 				2
	# of cf manipulations: 	4
	# of memory operations: 0
	# of types: 			2581



Using pass: pass_libfirm_conv_opt -- No improvement
	# of nodes: 			14
	# of irgs: 				2
	# of cf manipulations: 	4
	# of memory operations: 0
	# of types: 			2581



Using pass: pass_libfirm_combo -- No improvement
	# of nodes: 			14
	# of irgs: 				2
	# of cf manipulations: 	4
	# of memory operations: 0
	# of types: 			2581



Using pass: pass_libfirm_normalize_n_returns -- No improvement
	# of nodes: 			14
	# of irgs: 				2
	# of cf manipulations: 	4
	# of memory operations: 0
	# of types: 			2581



Using pass: pass_libfirm_remove_critical_cf_edges -- No improvement
	# of nodes: 			14
	# of irgs: 				2
	# of cf manipulations: 	4
	# of memory operations: 0
	# of types: 			2581



Using pass: pass_replace_members -- No improvement
	# of nodes: 			14
	# of irgs: 				2
	# of cf manipulations: 	4
	# of memory operations: 0
	# of types: 			2581



Using pass: pass_replace_loads -- No improvement
	# of nodes: 			14
	# of irgs: 				2
	# of cf manipulations: 	4
	# of memory operations: 0
	# of types: 			2581



Using pass: pass_libfirm_remove_critical_cf_edges -- No improvement
	# of nodes: 			14
	# of irgs: 				2
	# of cf manipulations: 	4
	# of memory operations: 0
	# of types: 			2581



Using pass: pass_replace_cond_selectors -- No improvement
	# of nodes: 			14
	# of irgs: 				2
	# of cf manipulations: 	4
	# of memory operations: 0
	# of types: 			2581



Using pass: pass_libfirm_opt_bool -- No improvement
	# of nodes: 			14
	# of irgs: 				2
	# of cf manipulations: 	4
	# of memory operations: 0
	# of types: 			2581



Using pass: pass_libfirm_remove_unreachable -- No improvement
	# of nodes: 			14
	# of irgs: 				2
	# of cf manipulations: 	4
	# of memory operations: 0
	# of types: 			2581



Using pass: pass_remove_void_calls -- No improvement
	# of nodes: 			14
	# of irgs: 				2
	# of cf manipulations: 	4
	# of memory operations: 0
	# of types: 			2581



Using pass: pass_libfirm_opt_if_conv -- No improvement
	# of nodes: 			14
	# of irgs: 				2
	# of cf manipulations: 	4
	# of memory operations: 0
	# of types: 			2581



Using pass: pass_libfirm_construct_confirms -- No improvement
	# of nodes: 			14
	# of irgs: 				2
	# of cf manipulations: 	4
	# of memory operations: 0
	# of types: 			2581



Using pass: pass_libfirm_do_loop_peeling -- No improvement
	# of nodes: 			14
	# of irgs: 				2
	# of cf manipulations: 	4
	# of memory operations: 0
	# of types: 			2581



Using pass: pass_libfirm_opt_frame -- No improvement
	# of nodes: 			14
	# of irgs: 				2
	# of cf manipulations: 	4
	# of memory operations: 0
	# of types: 			2581



Using pass: pass_replace_members -- No improvement
	# of nodes: 			14
	# of irgs: 				2
	# of cf manipulations: 	4
	# of memory operations: 0
	# of types: 			2581



Using pass: pass_replace_arithmetic -- No improvement
	# of nodes: 			14
	# of irgs: 				2
	# of cf manipulations: 	4
	# of memory operations: 0
	# of types: 			2581



Using pass: pass_libfirm_remove_bads -- No improvement
	# of nodes: 			14
	# of irgs: 				2
	# of cf manipulations: 	4
	# of memory operations: 0
	# of types: 			2581



Using pass: pass_libfirm_opt_ldst
	 :: Pass failed on irg 'main'
	 :: Pass failed on irg 'r_func_52' -- No improvement
	# of nodes: 			14
	# of irgs: 				2
	# of cf manipulations: 	4
	# of memory operations: 0
	# of types: 			2581



Using pass: pass_libfirm_gvn_pre -- No improvement
	# of nodes: 			14
	# of irgs: 				2
	# of cf manipulations: 	4
	# of memory operations: 0
	# of types: 			2581



Using pass: pass_libfirm_gvn_pre -- No improvement
	# of nodes: 			14
	# of irgs: 				2
	# of cf manipulations: 	4
	# of memory operations: 0
	# of types: 			2581



Using pass: pass_libfirm_construct_confirms -- No improvement
	# of nodes: 			14
	# of irgs: 				2
	# of cf manipulations: 	4
	# of memory operations: 0
	# of types: 			2581



Using pass: pass_libfirm_normalize_n_returns -- No improvement
	# of nodes: 			14
	# of irgs: 				2
	# of cf manipulations: 	4
	# of memory operations: 0
	# of types: 			2581



Using pass: pass_check_validity -- No improvement
	# of nodes: 			14
	# of irgs: 				2
	# of cf manipulations: 	4
	# of memory operations: 0
	# of types: 			2581



Using pass: pass_replace_cond_selectors -- No improvement
	# of nodes: 			14
	# of irgs: 				2
	# of cf manipulations: 	4
	# of memory operations: 0
	# of types: 			2581



Using pass: pass_libfirm_opt_tail_rec -- No improvement
	# of nodes: 			14
	# of irgs: 				2
	# of cf manipulations: 	4
	# of memory operations: 0
	# of types: 			2581



Using pass: pass_libfirm_opt_blocks -- No improvement
	# of nodes: 			14
	# of irgs: 				2
	# of cf manipulations: 	4
	# of memory operations: 0
	# of types: 			2581



Using pass: pass_libfirm_combo -- No improvement
	# of nodes: 			14
	# of irgs: 				2
	# of cf manipulations: 	4
	# of memory operations: 0
	# of types: 			2581



Using pass: pass_libfirm_do_loop_peeling -- No improvement
	# of nodes: 			14
	# of irgs: 				2
	# of cf manipulations: 	4
	# of memory operations: 0
	# of types: 			2581



Using pass: pass_replace_arithmetic -- No improvement
	# of nodes: 			14
	# of irgs: 				2
	# of cf manipulations: 	4
	# of memory operations: 0
	# of types: 			2581



Using pass: pass_replace_switch_selectors -- No improvement
	# of nodes: 			14
	# of irgs: 				2
	# of cf manipulations: 	4
	# of memory operations: 0
	# of types: 			2581



Using pass: pass_libfirm_construct_confirms -- No improvement
	# of nodes: 			14
	# of irgs: 				2
	# of cf manipulations: 	4
	# of memory operations: 0
	# of types: 			2581



Using pass: pass_remove_stores -- No improvement
	# of nodes: 			14
	# of irgs: 				2
	# of cf manipulations: 	4
	# of memory operations: 0
	# of types: 			2581



Using pass: pass_libfirm_occult_consts -- No improvement
	# of nodes: 			14
	# of irgs: 				2
	# of cf manipulations: 	4
	# of memory operations: 0
	# of types: 			2581



Using pass: pass_remove_void_calls -- No improvement
	# of nodes: 			14
	# of irgs: 				2
	# of cf manipulations: 	4
	# of memory operations: 0
	# of types: 			2581



Using pass: pass_libfirm_do_loop_inversion -- No improvement
	# of nodes: 			14
	# of irgs: 				2
	# of cf manipulations: 	4
	# of memory operations: 0
	# of types: 			2581



Using pass: pass_libfirm_remove_unreachable -- No improvement
	# of nodes: 			14
	# of irgs: 				2
	# of cf manipulations: 	4
	# of memory operations: 0
	# of types: 			2581



Using pass: pass_libfirm_combo -- No improvement
	# of nodes: 			14
	# of irgs: 				2
	# of cf manipulations: 	4
	# of memory operations: 0
	# of types: 			2581



Using pass: pass_gc_irgs -- No improvement
	# of nodes: 			14
	# of irgs: 				2
	# of cf manipulations: 	4
	# of memory operations: 0
	# of types: 			2581



Using pass: pass_replace_return_values -- No improvement
	# of nodes: 			14
	# of irgs: 				2
	# of cf manipulations: 	4
	# of memory operations: 0
	# of types: 			2581



Using pass: pass_libfirm_opt_tail_rec -- No improvement
	# of nodes: 			14
	# of irgs: 				2
	# of cf manipulations: 	4
	# of memory operations: 0
	# of types: 			2581



Using pass: pass_remove_allocs -- No improvement
	# of nodes: 			14
	# of irgs: 				2
	# of cf manipulations: 	4
	# of memory operations: 0
	# of types: 			2581



Using pass: pass_libfirm_normalize_n_returns -- No improvement
	# of nodes: 			14
	# of irgs: 				2
	# of cf manipulations: 	4
	# of memory operations: 0
	# of types: 			2581



Using pass: pass_libfirm_remove_critical_cf_edges -- No improvement
	# of nodes: 			14
	# of irgs: 				2
	# of cf manipulations: 	4
	# of memory operations: 0
	# of types: 			2581



Using pass: pass_replace_loads -- No improvement
	# of nodes: 			14
	# of irgs: 				2
	# of cf manipulations: 	4
	# of memory operations: 0
	# of types: 			2581



Using pass: pass_libfirm_remove_unreachable -- No improvement
	# of nodes: 			14
	# of irgs: 				2
	# of cf manipulations: 	4
	# of memory operations: 0
	# of types: 			2581



Using pass: pass_replace_proj_primitive -- No improvement
	# of nodes: 			14
	# of irgs: 				2
	# of cf manipulations: 	4
	# of memory operations: 0
	# of types: 			2581



Using pass: pass_libfirm_opt_ldst
	 :: Pass failed on irg 'main'
	 :: Pass failed on irg 'main' -- No improvement
	# of nodes: 			14
	# of irgs: 				2
	# of cf manipulations: 	4
	# of memory operations: 0
	# of types: 			2581



Using pass: pass_libfirm_optimize_reassociation -- No improvement
	# of nodes: 			14
	# of irgs: 				2
	# of cf manipulations: 	4
	# of memory operations: 0
	# of types: 			2581



Using pass: pass_libfirm_opt_bool -- No improvement
	# of nodes: 			14
	# of irgs: 				2
	# of cf manipulations: 	4
	# of memory operations: 0
	# of types: 			2581



Using pass: pass_libfirm_opt_blocks -- No improvement
	# of nodes: 			14
	# of irgs: 				2
	# of cf manipulations: 	4
	# of memory operations: 0
	# of types: 			2581



Using pass: pass_libfirm_scalar_replacement_opt -- No improvement
	# of nodes: 			14
	# of irgs: 				2
	# of cf manipulations: 	4
	# of memory operations: 0
	# of types: 			2581



Using pass: pass_replace_return_values -- No improvement
	# of nodes: 			14
	# of irgs: 				2
	# of cf manipulations: 	4
	# of memory operations: 0
	# of types: 			2581



Using pass: pass_replace_mux_selectors -- No improvement
	# of nodes: 			14
	# of irgs: 				2
	# of cf manipulations: 	4
	# of memory operations: 0
	# of types: 			2581



Using pass: pass_libfirm_gvn_pre -- No improvement
	# of nodes: 			14
	# of irgs: 				2
	# of cf manipulations: 	4
	# of memory operations: 0
	# of types: 			2581



Using pass: pass_remove_stores -- No improvement
	# of nodes: 			14
	# of irgs: 				2
	# of cf manipulations: 	4
	# of memory operations: 0
	# of types: 			2581



Using pass: pass_libfirm_opt_blocks -- No improvement
	# of nodes: 			14
	# of irgs: 				2
	# of cf manipulations: 	4
	# of memory operations: 0
	# of types: 			2581



Using pass: pass_replace_members -- No improvement
	# of nodes: 			14
	# of irgs: 				2
	# of cf manipulations: 	4
	# of memory operations: 0
	# of types: 			2581



Using pass: pass_replace_proj_primitive -- No improvement
	# of nodes: 			14
	# of irgs: 				2
	# of cf manipulations: 	4
	# of memory operations: 0
	# of types: 			2581



Using pass: pass_libfirm_gvn_pre -- No improvement
	# of nodes: 			14
	# of irgs: 				2
	# of cf manipulations: 	4
	# of memory operations: 0
	# of types: 			2581



Using pass: pass_replace_return_values -- No improvement
	# of nodes: 			14
	# of irgs: 				2
	# of cf manipulations: 	4
	# of memory operations: 0
	# of types: 			2581



Using pass: pass_libfirm_conv_opt -- No improvement
	# of nodes: 			14
	# of irgs: 				2
	# of cf manipulations: 	4
	# of memory operations: 0
	# of types: 			2581



Using pass: pass_gc_irgs -- No improvement
	# of nodes: 			14
	# of irgs: 				2
	# of cf manipulations: 	4
	# of memory operations: 0
	# of types: 			2581



Using pass: pass_libfirm_normalize_n_returns -- No improvement
	# of nodes: 			14
	# of irgs: 				2
	# of cf manipulations: 	4
	# of memory operations: 0
	# of types: 			2581



Using pass: pass_libfirm_opt_tail_rec -- No improvement
	# of nodes: 			14
	# of irgs: 				2
	# of cf manipulations: 	4
	# of memory operations: 0
	# of types: 			2581



Using pass: pass_gc_entitites -- No improvement
	# of nodes: 			14
	# of irgs: 				2
	# of cf manipulations: 	4
	# of memory operations: 0
	# of types: 			2581



Using pass: pass_libfirm_opt_frame -- No improvement
	# of nodes: 			14
	# of irgs: 				2
	# of cf manipulations: 	4
	# of memory operations: 0
	# of types: 			2581



Using pass: pass_libfirm_remove_tuples -- No improvement
	# of nodes: 			14
	# of irgs: 				2
	# of cf manipulations: 	4
	# of memory operations: 0
	# of types: 			2581



Using pass: pass_libfirm_opt_jumpthreading -- No improvement
	# of nodes: 			14
	# of irgs: 				2
	# of cf manipulations: 	4
	# of memory operations: 0
	# of types: 			2581



Using pass: pass_remove_void_calls -- No improvement
	# of nodes: 			14
	# of irgs: 				2
	# of cf manipulations: 	4
	# of memory operations: 0
	# of types: 			2581



Using pass: pass_libfirm_opt_if_conv -- No improvement
	# of nodes: 			14
	# of irgs: 				2
	# of cf manipulations: 	4
	# of memory operations: 0
	# of types: 			2581



Using pass: pass_libfirm_opt_funccalls -- No improvement
	# of nodes: 			14
	# of irgs: 				2
	# of cf manipulations: 	4
	# of memory operations: 0
	# of types: 			2581



Using pass: pass_replace_members -- No improvement
	# of nodes: 			14
	# of irgs: 				2
	# of cf manipulations: 	4
	# of memory operations: 0
	# of types: 			2581



Using pass: pass_remove_void_calls -- No improvement
	# of nodes: 			14
	# of irgs: 				2
	# of cf manipulations: 	4
	# of memory operations: 0
	# of types: 			2581



Using pass: pass_replace_mux_selectors -- No improvement
	# of nodes: 			14
	# of irgs: 				2
	# of cf manipulations: 	4
	# of memory operations: 0
	# of types: 			2581



Using pass: pass_libfirm_opt_tail_rec -- No improvement
	# of nodes: 			14
	# of irgs: 				2
	# of cf manipulations: 	4
	# of memory operations: 0
	# of types: 			2581



Using pass: pass_check_validity -- No improvement
	# of nodes: 			14
	# of irgs: 				2
	# of cf manipulations: 	4
	# of memory operations: 0
	# of types: 			2581



Using pass: pass_remove_stores -- No improvement
	# of nodes: 			14
	# of irgs: 				2
	# of cf manipulations: 	4
	# of memory operations: 0
	# of types: 			2581




 :: 2nd reduction cycle

Using pass: pass_gc_irgs_primitive -- Trying irg 'r_func_63' -- No improvement
Using pass: pass_gc_irgs_primitive -- Trying irg 'r_func_32' -- No improvement
Using pass: pass_gc_irgs_primitive -- Trying irg 'r_func_23' -- No improvement
Using pass: pass_gc_irgs_primitive -- Trying irg 'r_func_48' -- No improvement
Using pass: pass_gc_irgs_primitive -- Trying irg 'r_func_17' -- No improvement
Using pass: pass_gc_irgs_primitive -- Trying irg 'r_func_8' -- No improvement
Using pass: pass_gc_irgs_primitive -- Trying irg 'r_func_2' -- No improvement
Using pass: pass_gc_irgs_primitive -- Trying irg 'r_func_12' -- No improvement
Using pass: pass_gc_irgs_primitive -- Trying irg 'r_func_22' -- No improvement
Using pass: pass_gc_irgs_primitive -- Trying irg 'r_func_74' -- No improvement
Using pass: pass_gc_irgs_primitive -- Trying irg 'r_func_53' -- No improvement
Using pass: pass_gc_irgs_primitive -- Trying irg 'r_func_90' -- No improvement
Using pass: pass_gc_irgs_primitive -- Trying irg 'r_func_26' -- No improvement
Using pass: pass_gc_irgs_primitive -- Trying irg 'r_func_6' -- No improvement
Using pass: pass_gc_irgs_primitive -- Trying irg 'r_func_13' -- No improvement
Using pass: pass_gc_irgs_primitive -- Trying irg 'r_func_69' -- No improvement
Using pass: pass_gc_irgs_primitive -- Trying irg 'r_func_83' -- No improvement
Using pass: pass_gc_irgs_primitive -- Trying irg 'r_func_11' -- No improvement
Using pass: pass_gc_irgs_primitive -- Trying irg 'r_func_85' -- No improvement
Using pass: pass_gc_irgs_primitive -- Trying irg 'r_func_15' -- No improvement
Using pass: pass_gc_irgs_primitive -- Trying irg 'r_func_90' -- No improvement
Using pass: pass_gc_irgs_primitive -- Trying irg 'r_func_53' -- No improvement
Using pass: pass_gc_irgs_primitive -- Trying irg 'r_func_58' -- No improvement
Using pass: pass_gc_irgs_primitive -- Trying irg 'r_func_21' -- No improvement
Using pass: pass_gc_irgs_primitive -- Trying irg 'r_func_21' -- No improvement
Using pass: pass_gc_irgs_primitive -- Trying irg 'r_func_22' -- No improvement
Using pass: pass_gc_irgs_primitive -- Trying irg 'r_func_13' -- No improvement
Using pass: pass_gc_irgs_primitive -- Trying irg 'r_func_70' -- No improvement
Using pass: pass_gc_irgs_primitive -- Trying irg 'r_func_29' -- No improvement
Using pass: pass_gc_irgs_primitive -- Trying irg 'r_func_77' -- No improvement
Using pass: pass_gc_irgs_primitive -- Trying irg 'r_func_8' -- No improvement
Using pass: pass_gc_irgs_primitive -- Trying irg 'r_func_14' -- No improvement
Using pass: pass_gc_irgs_primitive -- Trying irg 'r_func_42' -- No improvement
Using pass: pass_gc_irgs_primitive -- Trying irg 'r_func_82' -- No improvement
Using pass: pass_gc_irgs_primitive -- Trying irg 'r_func_34' -- No improvement
Using pass: pass_gc_irgs_primitive -- Trying irg 'r_func_82' -- No improvement
Using pass: pass_gc_irgs_primitive -- Trying irg 'r_func_49' -- No improvement
Using pass: pass_gc_irgs_primitive -- Trying irg 'r_func_58' -- No improvement
Using pass: pass_gc_irgs_primitive -- Trying irg 'r_func_50' -- No improvement
Using pass: pass_gc_irgs_primitive -- Trying irg 'r_func_74' -- No improvement
Using pass: pass_gc_irgs_primitive -- Trying irg 'r_func_23' -- No improvement
Using pass: pass_gc_irgs_primitive -- Trying irg 'r_func_6' -- No improvement
Using pass: pass_gc_irgs_primitive -- Trying irg 'r_func_71' -- No improvement
Using pass: pass_gc_irgs_primitive -- Trying irg 'r_func_39' -- No improvement
Using pass: pass_gc_irgs_primitive -- Trying irg 'r_func_53' -- No improvement
Using pass: pass_gc_irgs_primitive -- Trying irg 'r_func_40' -- No improvement
Using pass: pass_gc_irgs_primitive -- Trying irg 'r_func_90' -- No improvement
Using pass: pass_gc_irgs_primitive -- Trying irg 'r_func_70' -- No improvement
Using pass: pass_gc_irgs_primitive -- Trying irg 'r_func_13' -- No improvement
Using pass: pass_gc_irgs_primitive -- Trying irg 'r_func_27' -- No improvement
Using pass: pass_gc_irgs_primitive -- Trying irg 'r_func_75' -- No improvement
Using pass: pass_gc_irgs_primitive -- Trying irg 'r_func_47' -- No improvement
Using pass: pass_gc_irgs_primitive -- Trying irg 'r_func_20' -- No improvement
Using pass: pass_gc_irgs_primitive -- Trying irg 'r_func_49' -- No improvement
Using pass: pass_gc_irgs_primitive -- Trying irg 'r_func_17' -- No improvement
Using pass: pass_gc_irgs_primitive -- Trying irg 'r_func_27' -- No improvement
Using pass: pass_gc_irgs_primitive -- Trying irg 'r_func_2' -- No improvement
Using pass: pass_gc_irgs_primitive -- Trying irg 'r_func_30' -- No improvement
Using pass: pass_gc_irgs_primitive -- Trying irg 'r_func_72' -- No improvement
Using pass: pass_gc_irgs_primitive -- Trying irg 'r_func_91' -- No improvement
Using pass: pass_gc_irgs_primitive -- Trying irg 'r_func_34' -- No improvement
Using pass: pass_gc_irgs_primitive -- Trying irg 'r_func_53' -- No improvement
Using pass: pass_gc_irgs_primitive -- Trying irg 'r_func_32' -- No improvement
Using pass: pass_gc_irgs_primitive -- Trying irg 'r_func_43' -- No improvement
Using pass: pass_gc_irgs_primitive -- Trying irg 'r_func_1' -- No improvement
Using pass: pass_gc_irgs_primitive -- Trying irg 'r_func_38' -- No improvement
Using pass: pass_gc_irgs_primitive -- Trying irg 'r_func_21' -- No improvement
Using pass: pass_gc_irgs_primitive -- Trying irg 'r_func_57' -- No improvement
Using pass: pass_gc_irgs_primitive -- Trying irg 'r_func_73' -- No improvement
Using pass: pass_gc_irgs_primitive -- Trying irg 'r_func_43' -- No improvement
Using pass: pass_gc_irgs_primitive -- Trying irg 'r_func_14' -- No improvement
Using pass: pass_gc_irgs_primitive -- Trying irg 'r_func_99' -- No improvement
Using pass: pass_gc_irgs_primitive -- Trying irg 'r_func_74' -- No improvement
Using pass: pass_gc_irgs_primitive -- Trying irg 'r_func_32' -- No improvement
Using pass: pass_gc_irgs_primitive -- Trying irg 'r_func_58' -- No improvement
Using pass: pass_gc_irgs_primitive -- Trying irg 'r_func_11' -- No improvement
Using pass: pass_gc_irgs_primitive -- Trying irg 'r_func_88' -- No improvement
Using pass: pass_gc_irgs_primitive -- Trying irg 'r_func_29' -- No improvement
Using pass: pass_gc_irgs_primitive -- Trying irg 'r_func_57' -- No improvement
Using pass: pass_gc_irgs_primitive -- Trying irg 'r_func_43' -- No improvement
Using pass: pass_gc_irgs_primitive -- Trying irg 'r_func_44' -- No improvement
Using pass: pass_gc_irgs_primitive -- Trying irg 'r_func_27' -- No improvement
Using pass: pass_gc_irgs_primitive -- Trying irg 'r_func_5' -- No improvement
Using pass: pass_gc_irgs_primitive -- Trying irg 'r_func_1' -- No improvement
Using pass: pass_gc_irgs_primitive -- Trying irg 'r_func_32' -- No improvement
Using pass: pass_gc_irgs_primitive -- Trying irg 'r_func_15' -- No improvement
Using pass: pass_gc_irgs_primitive -- Trying irg 'r_func_83' -- No improvement
Using pass: pass_gc_irgs_primitive -- Trying irg 'r_func_44' -- No improvement
Using pass: pass_gc_irgs_primitive -- Trying irg 'r_func_15' -- No improvement
Using pass: pass_gc_irgs_primitive -- Trying irg 'r_func_95' -- No improvement
Using pass: pass_gc_irgs_primitive -- Trying irg 'r_func_74' -- No improvement
Using pass: pass_gc_irgs_primitive -- Trying irg 'r_func_9' -- No improvement
Using pass: pass_gc_irgs_primitive -- Trying irg 'r_func_42' -- No improvement
Using pass: pass_gc_irgs_primitive -- Trying irg 'r_func_72' -- No improvement
Using pass: pass_gc_irgs_primitive -- Trying irg 'r_func_58' -- No improvement
Using pass: pass_gc_irgs_primitive -- Trying irg 'r_func_83' -- No improvement
Using pass: pass_gc_irgs_primitive -- Trying irg 'r_func_81' -- No improvement
Using pass: pass_gc_irgs_primitive -- Trying irg 'r_func_82' -- No improvement
Using pass: pass_gc_irgs_primitive -- Trying irg 'r_func_20' -- No improvement
Using pass: pass_gc_irgs_primitive -- Trying irg 'r_func_88' -- No improvement
Using pass: pass_gc_irgs_primitive -- Trying irg 'r_func_29' -- No improvement
Using pass: pass_gc_irgs_primitive -- Trying irg 'r_func_15' -- No improvement
Using pass: pass_gc_irgs_primitive -- Trying irg 'r_func_1' -- No improvement
Using pass: pass_gc_irgs_primitive -- Trying irg 'r_func_74' -- No improvement
Using pass: pass_gc_irgs_primitive -- Trying irg 'r_func_92' -- No improvement
Using pass: pass_gc_irgs_primitive -- Trying irg 'r_func_21' -- No improvement
Using pass: pass_gc_irgs_primitive -- Trying irg 'r_func_92' -- No improvement
Using pass: pass_gc_irgs_primitive -- Trying irg 'r_func_14' -- No improvement
Using pass: pass_gc_irgs_primitive -- Trying irg 'r_func_81' -- No improvement
Using pass: pass_gc_irgs_primitive -- Trying irg 'r_func_23' -- No improvement
Using pass: pass_gc_irgs_primitive -- Trying irg 'r_func_3' -- No improvement
Using pass: pass_gc_irgs_primitive -- Trying irg 'r_func_99' -- No improvement
Using pass: pass_gc_irgs_primitive -- Trying irg 'r_func_83' -- No improvement
Using pass: pass_gc_irgs_primitive -- Trying irg 'r_func_99' -- No improvement
Using pass: pass_gc_irgs_primitive -- Trying irg 'r_func_71' -- No improvement
Using pass: pass_gc_irgs_primitive -- Trying irg 'r_func_42' -- No improvement
Using pass: pass_gc_irgs_primitive -- Trying irg 'r_func_5' -- No improvement
Using pass: pass_gc_irgs_primitive -- Trying irg 'r_func_42' -- No improvement
Using pass: pass_gc_irgs_primitive -- Trying irg 'r_func_51' -- No improvement
Using pass: pass_gc_irgs_primitive -- Trying irg 'r_func_85' -- No improvement
Using pass: pass_gc_irgs_primitive -- Trying irg 'r_func_33' -- No improvement
Using pass: pass_gc_irgs_primitive -- Trying irg 'r_func_26' -- No improvement
Using pass: pass_gc_irgs_primitive -- Trying irg 'r_func_41' -- No improvement
Using pass: pass_gc_irgs_primitive -- Trying irg 'r_func_92' -- No improvement
Using pass: pass_gc_irgs_primitive -- Trying irg 'r_func_42' -- No improvement
Using pass: pass_gc_irgs_primitive -- Trying irg 'r_func_79' -- No improvement
Using pass: pass_gc_irgs_primitive -- Trying irg 'r_func_49' -- No improvement
Using pass: pass_gc_irgs_primitive -- Trying irg 'r_func_9' -- No improvement
Using pass: pass_gc_irgs_primitive -- Trying irg 'r_func_17' -- No improvement
Using pass: pass_gc_irgs_primitive -- Trying irg 'r_func_57' -- No improvement
Using pass: pass_gc_irgs_primitive -- Trying irg 'r_func_83' -- No improvement
Using pass: pass_gc_irgs_primitive -- Trying irg 'r_func_94' -- No improvement
Using pass: pass_gc_irgs_primitive -- Trying irg 'r_func_51' -- No improvement
Using pass: pass_gc_irgs_primitive -- Trying irg 'r_func_49' -- No improvement
Using pass: pass_gc_irgs_primitive -- Trying irg 'r_func_84' -- No improvement
Using pass: pass_gc_irgs_primitive -- Trying irg 'r_func_50' -- No improvement
Using pass: pass_gc_irgs_primitive -- Trying irg 'r_func_58' -- No improvement
Using pass: pass_gc_irgs_primitive -- Trying irg 'r_func_6' -- No improvement
Using pass: pass_gc_irgs_primitive -- Trying irg 'r_func_52' -- No improvement
Using pass: pass_gc_irgs_primitive -- Trying irg 'r_func_75' -- No improvement
Using pass: pass_gc_irgs_primitive -- Trying irg 'r_func_29' -- No improvement
Using pass: pass_gc_irgs_primitive -- Trying irg 'r_func_92' -- No improvement
Using pass: pass_gc_irgs_primitive -- Trying irg 'r_func_82' -- No improvement
Using pass: pass_gc_irgs_primitive -- Trying irg 'r_func_18' -- No improvement
Using pass: pass_gc_irgs_primitive -- Trying irg 'r_func_85' -- No improvement
Using pass: pass_gc_irgs_primitive -- Trying irg 'r_func_20' -- No improvement
Using pass: pass_gc_irgs_primitive -- Trying irg 'r_func_50' -- No improvement
Using pass: pass_gc_irgs_primitive -- Trying irg 'r_func_73' -- No improvement
Using pass: pass_gc_irgs_primitive -- Trying irg 'r_func_14' -- No improvement
Using pass: pass_gc_irgs_primitive -- Trying irg 'r_func_72' -- No improvement
Using pass: pass_gc_irgs_primitive -- Trying irg 'r_func_19' -- No improvement
Using pass: pass_gc_irgs_primitive -- Trying irg 'r_func_34' -- No improvement
Using pass: pass_gc_irgs_primitive -- Trying irg 'r_func_91' -- No improvement
Using pass: pass_gc_irgs_primitive -- Trying irg 'r_func_38' -- No improvement
Using pass: pass_gc_irgs_primitive -- Trying irg 'r_func_50' -- No improvement
Using pass: pass_gc_irgs_primitive -- Trying irg 'r_func_49' -- No improvement
Using pass: pass_gc_irgs_primitive -- Trying irg 'r_func_21' -- No improvement
Using pass: pass_gc_irgs_primitive -- Trying irg 'r_func_30' -- No improvement
Using pass: pass_gc_irgs_primitive -- Trying irg 'r_func_13' -- No improvement
Using pass: pass_gc_irgs_primitive -- Trying irg 'r_func_70' -- No improvement
Using pass: pass_gc_irgs_primitive -- Trying irg 'r_func_27' -- No improvement
Using pass: pass_gc_irgs_primitive -- Trying irg 'r_func_56' -- No improvement
Using pass: pass_gc_irgs_primitive -- Trying irg 'r_func_17' -- No improvement
Using pass: pass_gc_irgs_primitive -- Trying irg 'r_func_32' -- No improvement
Using pass: pass_gc_irgs_primitive -- Trying irg 'r_func_50' -- No improvement
Using pass: pass_gc_irgs_primitive -- Trying irg 'r_func_82' -- No improvement
Using pass: pass_gc_irgs_primitive -- Trying irg 'r_func_9' -- No improvement
Using pass: pass_gc_irgs_primitive -- Trying irg 'r_func_95' -- No improvement
Using pass: pass_gc_irgs_primitive -- Trying irg 'r_func_94' -- No improvement
Using pass: pass_gc_irgs_primitive -- Trying irg 'r_func_27' -- No improvement
Using pass: pass_gc_irgs_primitive -- Trying irg 'r_func_1' -- No improvement
Using pass: pass_gc_irgs_primitive -- Trying irg 'r_func_53' -- No improvement
Using pass: pass_gc_irgs_primitive -- Trying irg 'r_func_79' -- No improvement
Using pass: pass_gc_irgs_primitive -- Trying irg 'r_func_49' -- No improvement
Using pass: pass_gc_irgs_primitive -- Trying irg 'r_func_90' -- No improvement
Using pass: pass_gc_irgs_primitive -- Trying irg 'r_func_34' -- No improvement
Using pass: pass_gc_irgs_primitive -- Trying irg 'r_func_44' -- No improvement
Using pass: pass_gc_irgs_primitive -- Trying irg 'r_func_43' -- No improvement
Using pass: pass_gc_irgs_primitive -- Trying irg 'r_func_33' -- No improvement
Using pass: pass_gc_irgs_primitive -- Trying irg 'r_func_17' -- No improvement
Using pass: pass_gc_irgs_primitive -- Trying irg 'r_func_80' -- No improvement
Using pass: pass_gc_irgs_primitive -- Trying irg 'r_func_19' -- No improvement
Using pass: pass_gc_irgs_primitive -- Trying irg 'r_func_75' -- No improvement
Using pass: pass_gc_irgs_primitive -- Trying irg 'r_func_8' -- No improvement
Using pass: pass_gc_irgs_primitive -- Trying irg 'r_func_58' -- No improvement
Using pass: pass_gc_irgs_primitive -- Trying irg 'r_func_49' -- No improvement
Using pass: pass_gc_irgs_primitive -- Trying irg 'r_func_5' -- No improvement
Using pass: pass_gc_irgs_primitive -- Trying irg 'r_func_53' -- No improvement
Using pass: pass_gc_irgs_primitive -- Trying irg 'r_func_3' -- No improvement
Using pass: pass_gc_irgs_primitive -- Trying irg 'r_func_77' -- No improvement
Using pass: pass_gc_irgs_primitive -- Trying irg 'r_func_34' -- No improvement
Using pass: pass_gc_irgs_primitive -- Trying irg 'r_func_69' -- No improvement
Using pass: pass_gc_irgs_primitive -- Trying irg 'r_func_6' -- No improvement
Using pass: pass_gc_irgs_primitive -- Trying irg 'r_func_18' -- No improvement
Using pass: pass_gc_irgs_primitive -- Trying irg 'r_func_43' -- No improvement
Using pass: pass_gc_irgs_primitive -- Trying irg 'r_func_49' -- No improvement
Using pass: pass_gc_irgs_primitive -- Trying irg 'r_func_9' -- No improvement
Using pass: pass_gc_irgs_primitive -- Trying irg 'r_func_42' -- No improvement
Using pass: pass_gc_irgs_primitive -- Trying irg 'r_func_27' -- No improvement
Using pass: pass_gc_irgs_primitive -- Trying irg 'r_func_80' -- No improvement
Using pass: pass_gc_irgs_primitive -- Trying irg 'r_func_90' -- No improvement
Using pass: pass_gc_irgs_primitive -- Trying irg 'r_func_99' -- No improvement
Using pass: pass_gc_irgs_primitive -- Trying irg 'r_func_42' -- No improvement
Using pass: pass_gc_irgs_primitive -- Trying irg 'r_func_56' -- No improvement
Using pass: pass_gc_irgs_primitive -- Trying irg 'r_func_51' -- No improvement
Using pass: pass_gc_irgs_primitive -- Trying irg 'r_func_13' -- No improvement
Using pass: pass_gc_irgs_primitive -- Trying irg 'r_func_11' -- No improvement
Using pass: pass_gc_irgs_primitive -- Trying irg 'r_func_53' -- No improvement
Using pass: pass_gc_irgs_primitive -- Trying irg 'r_func_82' -- No improvement
Using pass: pass_gc_irgs_primitive -- Trying irg 'r_func_49' -- No improvement
Using pass: pass_gc_irgs_primitive -- Trying irg 'r_func_88' -- No improvement
Using pass: pass_gc_irgs_primitive -- Trying irg 'r_func_18' -- No improvement
Using pass: pass_gc_irgs_primitive -- Trying irg 'r_func_19' -- No improvement
Using pass: pass_gc_irgs_primitive -- Trying irg 'r_func_22' -- No improvement
Using pass: pass_gc_irgs_primitive -- Trying irg 'r_func_52' -- No improvement
Using pass: pass_gc_irgs_primitive -- Trying irg 'r_func_50' -- No improvement
Using pass: pass_gc_irgs_primitive -- Trying irg 'r_func_44' -- No improvement
Using pass: pass_gc_irgs_primitive -- Trying irg 'r_func_52' -- No improvement
Using pass: pass_gc_irgs_primitive -- Trying irg 'r_func_59' -- No improvement
Using pass: pass_gc_irgs_primitive -- Trying irg 'r_func_77' -- No improvement
Using pass: pass_gc_irgs_primitive -- Trying irg 'r_func_21' -- No improvement
Using pass: pass_gc_irgs_primitive -- Trying irg 'r_func_99' -- No improvement
Using pass: pass_gc_irgs_primitive -- Trying irg 'r_func_58' -- No improvement
Using pass: pass_gc_irgs_primitive -- Trying irg 'r_func_77' -- No improvement
Using pass: pass_gc_irgs_primitive -- Trying irg 'r_func_30' -- No improvement
Using pass: pass_gc_irgs_primitive -- Trying irg 'r_func_95' -- No improvement
Using pass: pass_gc_irgs_primitive -- Trying irg 'r_func_26' -- No improvement
Using pass: pass_gc_irgs_primitive -- Trying irg 'r_func_59' -- No improvement
Using pass: pass_gc_irgs_primitive -- Trying irg 'r_func_53' -- No improvement
Using pass: pass_gc_irgs_primitive -- Trying irg 'r_func_30' -- No improvement
Using pass: pass_gc_irgs_primitive -- Trying irg 'r_func_23' -- No improvement
Using pass: pass_gc_irgs_primitive -- Trying irg 'r_func_69' -- No improvement
Using pass: pass_gc_irgs_primitive -- Trying irg 'r_func_57' -- No improvement
Using pass: pass_gc_irgs_primitive -- Trying irg 'r_func_95' -- No improvement
Using pass: pass_gc_irgs_primitive -- Trying irg 'r_func_33' -- No improvement
Using pass: pass_gc_irgs_primitive -- Trying irg 'r_func_3' -- No improvement
Using pass: pass_gc_irgs_primitive -- Trying irg 'r_func_88' -- No improvement
Using pass: pass_gc_irgs_primitive -- Trying irg 'r_func_11' -- No improvement
Using pass: pass_gc_irgs_primitive -- Trying irg 'r_func_41' -- No improvement
Using pass: pass_gc_irgs_primitive -- Trying irg 'r_func_94' -- No improvement
Using pass: pass_gc_irgs_primitive -- Trying irg 'r_func_1' -- No improvement
Using pass: pass_gc_irgs_primitive -- Trying irg 'r_func_66' -- No improvement
Using pass: pass_gc_irgs_primitive -- Trying irg 'r_func_71' -- No improvement
Using pass: pass_gc_irgs_primitive -- Trying irg 'r_func_12' -- No improvement
Using pass: pass_gc_irgs_primitive -- Trying irg 'r_func_66' -- No improvement
Using pass: pass_gc_irgs_primitive -- Trying irg 'r_func_5' -- No improvement
Using pass: pass_gc_irgs_primitive -- Trying irg 'r_func_69' -- No improvement
Using pass: pass_gc_irgs_primitive -- Trying irg 'r_func_79' -- No improvement
Using pass: pass_gc_irgs_primitive -- Trying irg 'r_func_79' -- No improvement
Using pass: pass_gc_irgs_primitive -- Trying irg 'r_func_21' -- No improvement
Using pass: pass_gc_irgs_primitive -- Trying irg 'r_func_85' -- No improvement
Using pass: pass_gc_irgs_primitive -- Trying irg 'r_func_42' -- No improvement
Using pass: pass_gc_irgs_primitive -- Trying irg 'r_func_43' -- No improvement
Using pass: pass_gc_irgs_primitive -- Trying irg 'r_func_29' -- No improvement
Using pass: pass_gc_irgs_primitive -- Trying irg 'r_func_91' -- No improvement
Using pass: pass_gc_irgs_primitive -- Trying irg 'r_func_88' -- No improvement
Using pass: pass_gc_irgs_primitive -- Trying irg 'r_func_23' -- No improvement
Using pass: pass_gc_irgs_primitive -- Trying irg 'r_func_47' -- No improvement
Using pass: pass_gc_irgs_primitive -- Trying irg 'r_func_58' -- No improvement
Using pass: pass_gc_irgs_primitive -- Trying irg 'r_func_19' -- No improvement
Using pass: pass_gc_irgs_primitive -- Trying irg 'r_func_79' -- No improvement
Using pass: pass_gc_irgs_primitive -- Trying irg 'r_func_73' -- No improvement
Using pass: pass_gc_irgs_primitive -- Trying irg 'r_func_82' -- No improvement
Using pass: pass_gc_irgs_primitive -- Trying irg 'r_func_80' -- No improvement
Using pass: pass_gc_irgs_primitive -- Trying irg 'r_func_34' -- No improvement
Using pass: pass_gc_irgs_primitive -- Trying irg 'r_func_58' -- No improvement
Using pass: pass_gc_irgs_primitive -- Trying irg 'r_func_23' -- No improvement
Using pass: pass_gc_irgs_primitive -- Trying irg 'r_func_58' -- No improvement
Using pass: pass_gc_irgs_primitive -- Trying irg 'r_func_34' -- No improvement
Using pass: pass_gc_irgs_primitive -- Trying irg 'r_func_5' -- No improvement
Using pass: pass_gc_irgs_primitive -- Trying irg 'r_func_17' -- No improvement
Using pass: pass_gc_irgs_primitive -- Trying irg 'r_func_22' -- No improvement
Using pass: pass_gc_irgs_primitive -- Trying irg 'r_func_80' -- No improvement
Using pass: pass_gc_irgs_primitive -- Trying irg 'r_func_84' -- No improvement
Using pass: pass_gc_irgs_primitive -- Trying irg 'r_func_18' -- No improvement
Using pass: pass_gc_irgs_primitive -- Trying irg 'r_func_79' -- No improvement
Using pass: pass_gc_irgs_primitive -- Trying irg 'r_func_26' -- No improvement
Using pass: pass_gc_irgs_primitive -- Trying irg 'r_func_71' -- No improvement
Using pass: pass_gc_irgs_primitive -- Trying irg 'r_func_13' -- No improvement
Using pass: pass_gc_irgs_primitive -- Trying irg 'r_func_53' -- No improvement
Using pass: pass_gc_irgs_primitive -- Trying irg 'r_func_52' -- No improvement
Using pass: pass_gc_irgs_primitive -- Trying irg 'r_func_19' -- No improvement
Using pass: pass_gc_irgs_primitive -- Trying irg 'r_func_90' -- No improvement
Using pass: pass_gc_irgs_primitive -- Trying irg 'r_func_75' -- No improvement
Using pass: pass_gc_irgs_primitive -- Trying irg 'r_func_47' -- No improvement
Using pass: pass_gc_irgs_primitive -- Trying irg 'r_func_32' -- No improvement
Using pass: pass_gc_irgs_primitive -- Trying irg 'r_func_22' -- No improvement
Using pass: pass_gc_irgs_primitive -- Trying irg 'r_func_51' -- No improvement
Using pass: pass_gc_irgs_primitive -- Trying irg 'r_func_44' -- No improvement
Using pass: pass_gc_irgs_primitive -- Trying irg 'r_func_69' -- No improvement
Using pass: pass_gc_irgs_primitive -- Trying irg 'r_func_44' -- No improvement
Using pass: pass_gc_irgs_primitive -- Trying irg 'r_func_81' -- No improvement
Using pass: pass_gc_irgs_primitive -- Trying irg 'r_func_51' -- No improvement
Using pass: pass_gc_irgs_primitive -- Trying irg 'r_func_59' -- No improvement
Using pass: pass_gc_irgs_primitive -- Trying irg 'r_func_52' -- No improvement
Using pass: pass_gc_irgs_primitive -- Trying irg 'r_func_90' -- No improvement
Using pass: pass_gc_irgs_primitive -- Trying irg 'r_func_29' -- No improvement
Using pass: pass_gc_irgs_primitive -- Trying irg 'r_func_84' -- No improvement
Using pass: pass_gc_irgs_primitive -- Trying irg 'r_func_49' -- No improvement
Using pass: pass_gc_irgs_primitive -- Trying irg 'r_func_9' -- No improvement
Using pass: pass_gc_irgs_primitive -- Trying irg 'r_func_48' -- No improvement
Using pass: pass_gc_irgs_primitive -- Trying irg 'r_func_47' -- No improvement

______________________________

No further reduction possible.

Result:
	# of nodes: 			14
	# of irgs: 				2
	# of cf manipulations: 	4
	# of memory operations: 0
	# of types: 			2581

2018-08-23 17:06:42