2018-08-24 10:46:54 -- Firmreduce -- Results

Initial Test-case size:
	# of nodes: 			1421
	# of irgs: 				6
	# of cf manipulations: 	63
	# of memory operations: 240
	# of types: 			289


Using pass: pass_remove_allocs -- No improvement
	# of nodes: 			1421
	# of irgs: 				6
	# of cf manipulations: 	63
	# of memory operations: 240
	# of types: 			289



Using pass: pass_libfirm_gvn_pre -- Successful
	# of nodes: 			1437
	# of irgs: 				6
	# of cf manipulations: 	71
	# of memory operations: 240
	# of types: 			289



Using pass: pass_libfirm_gvn_pre -- No improvement
	# of nodes: 			1437
	# of irgs: 				6
	# of cf manipulations: 	71
	# of memory operations: 240
	# of types: 			289



Using pass: pass_libfirm_normalize_one_return -- Successful
	# of nodes: 			1457
	# of irgs: 				6
	# of cf manipulations: 	76
	# of memory operations: 240
	# of types: 			289



Using pass: pass_libfirm_opt_if_conv -- Successful
	# of nodes: 			1473
	# of irgs: 				6
	# of cf manipulations: 	84
	# of memory operations: 240
	# of types: 			289



Using pass: pass_libfirm_optimize_load_store -- Successful
	# of nodes: 			1465
	# of irgs: 				6
	# of cf manipulations: 	84
	# of memory operations: 240
	# of types: 			289



Using pass: pass_simplify_consts -- Successful
	# of nodes: 			1038
	# of irgs: 				6
	# of cf manipulations: 	55
	# of memory operations: 227
	# of types: 			289



Using pass: pass_replace_proj_primitive -- Successful
	# of nodes: 			589
	# of irgs: 				6
	# of cf manipulations: 	23
	# of memory operations: 187
	# of types: 			289



Using pass: pass_libfirm_normalize_one_return -- No improvement
	# of nodes: 			589
	# of irgs: 				6
	# of cf manipulations: 	23
	# of memory operations: 187
	# of types: 			289



Using pass: pass_libfirm_opt_ldst
	 :: Pass failed on irg '_main'
	 :: Pass failed on irg 'r_func_2'
	 :: Pass failed on irg 'main'
	 :: Pass failed on irg 'r_func_4'
	 :: Pass failed on irg 'r_func_3'
	 :: Pass failed on irg 'r_func_1' -- No improvement
	# of nodes: 			589
	# of irgs: 				6
	# of cf manipulations: 	23
	# of memory operations: 187
	# of types: 			289



Using pass: pass_replace_members -- No improvement
	# of nodes: 			589
	# of irgs: 				6
	# of cf manipulations: 	23
	# of memory operations: 187
	# of types: 			289



Using pass: pass_libfirm_opt_ldst
	 :: Pass failed on irg 'r_func_1'
	 :: Pass failed on irg 'main'
	 :: Pass failed on irg 'r_func_2'
	 :: Pass failed on irg 'r_func_3'
	 :: Pass failed on irg 'r_func_1'
	 :: Pass failed on irg '_main' -- No improvement
	# of nodes: 			589
	# of irgs: 				6
	# of cf manipulations: 	23
	# of memory operations: 187
	# of types: 			289



Using pass: pass_libfirm_remove_bads -- No improvement
	# of nodes: 			589
	# of irgs: 				6
	# of cf manipulations: 	23
	# of memory operations: 187
	# of types: 			289



Using pass: pass_libfirm_remove_critical_cf_edges -- No improvement
	# of nodes: 			589
	# of irgs: 				6
	# of cf manipulations: 	23
	# of memory operations: 187
	# of types: 			289



Using pass: pass_libfirm_optimize_graph_df -- No improvement
	# of nodes: 			589
	# of irgs: 				6
	# of cf manipulations: 	23
	# of memory operations: 187
	# of types: 			289



Using pass: pass_libfirm_combo -- No improvement
	# of nodes: 			589
	# of irgs: 				6
	# of cf manipulations: 	23
	# of memory operations: 187
	# of types: 			289



Using pass: pass_remove_allocs -- Successful
	# of nodes: 			430
	# of irgs: 				6
	# of cf manipulations: 	23
	# of memory operations: 111
	# of types: 			289



Using pass: pass_replace_loads
	 :: Pass failed on irg 'r_func_1'
	 :: Pass failed on irg 'r_func_4'
	 :: Pass failed on irg '_main'
	 :: Pass failed on irg 'r_func_1'
	 :: Pass failed on irg 'r_func_3' -- No improvement
	# of nodes: 			430
	# of irgs: 				6
	# of cf manipulations: 	23
	# of memory operations: 111
	# of types: 			289



Using pass: pass_replace_cond_selectors -- Successful
	# of nodes: 			237
	# of irgs: 				6
	# of cf manipulations: 	13
	# of memory operations: 64
	# of types: 			289



Using pass: pass_replace_switch_selectors -- No improvement
	# of nodes: 			237
	# of irgs: 				6
	# of cf manipulations: 	13
	# of memory operations: 64
	# of types: 			289



Using pass: pass_libfirm_scalar_replacement_opt -- No improvement
	# of nodes: 			237
	# of irgs: 				6
	# of cf manipulations: 	13
	# of memory operations: 64
	# of types: 			289



Using pass: pass_replace_proj_primitive -- Successful
	# of nodes: 			234
	# of irgs: 				6
	# of cf manipulations: 	13
	# of memory operations: 64
	# of types: 			289



Using pass: pass_libfirm_opt_funccalls -- No improvement
	# of nodes: 			234
	# of irgs: 				6
	# of cf manipulations: 	13
	# of memory operations: 64
	# of types: 			289



Using pass: pass_gc_irgs
	 :: Pass failed on irg 'r_func_1' -- Successful
	# of nodes: 			7
	# of irgs: 				1
	# of cf manipulations: 	2
	# of memory operations: 0
	# of types: 			289



Using pass: pass_replace_switch_selectors -- No improvement
	# of nodes: 			7
	# of irgs: 				1
	# of cf manipulations: 	2
	# of memory operations: 0
	# of types: 			289



Using pass: pass_remove_allocs -- No improvement
	# of nodes: 			7
	# of irgs: 				1
	# of cf manipulations: 	2
	# of memory operations: 0
	# of types: 			289



Using pass: pass_gc_irgs -- No improvement
	# of nodes: 			7
	# of irgs: 				1
	# of cf manipulations: 	2
	# of memory operations: 0
	# of types: 			289



Using pass: pass_libfirm_place_code -- No improvement
	# of nodes: 			7
	# of irgs: 				1
	# of cf manipulations: 	2
	# of memory operations: 0
	# of types: 			289



Using pass: pass_libfirm_opt_parallelize_mem -- No improvement
	# of nodes: 			7
	# of irgs: 				1
	# of cf manipulations: 	2
	# of memory operations: 0
	# of types: 			289



Using pass: pass_libfirm_opt_tail_rec -- No improvement
	# of nodes: 			7
	# of irgs: 				1
	# of cf manipulations: 	2
	# of memory operations: 0
	# of types: 			289



Using pass: pass_libfirm_opt_jumpthreading -- No improvement
	# of nodes: 			7
	# of irgs: 				1
	# of cf manipulations: 	2
	# of memory operations: 0
	# of types: 			289



Using pass: pass_replace_loads -- No improvement
	# of nodes: 			7
	# of irgs: 				1
	# of cf manipulations: 	2
	# of memory operations: 0
	# of types: 			289



Using pass: pass_libfirm_place_code -- No improvement
	# of nodes: 			7
	# of irgs: 				1
	# of cf manipulations: 	2
	# of memory operations: 0
	# of types: 			289



Using pass: pass_libfirm_opt_jumpthreading -- No improvement
	# of nodes: 			7
	# of irgs: 				1
	# of cf manipulations: 	2
	# of memory operations: 0
	# of types: 			289



Using pass: pass_libfirm_opt_if_conv -- No improvement
	# of nodes: 			7
	# of irgs: 				1
	# of cf manipulations: 	2
	# of memory operations: 0
	# of types: 			289



Using pass: pass_libfirm_optimize_reassociation -- No improvement
	# of nodes: 			7
	# of irgs: 				1
	# of cf manipulations: 	2
	# of memory operations: 0
	# of types: 			289



Using pass: pass_remove_allocs -- No improvement
	# of nodes: 			7
	# of irgs: 				1
	# of cf manipulations: 	2
	# of memory operations: 0
	# of types: 			289



Using pass: pass_replace_proj_primitive -- No improvement
	# of nodes: 			7
	# of irgs: 				1
	# of cf manipulations: 	2
	# of memory operations: 0
	# of types: 			289



Using pass: pass_check_validity -- No improvement
	# of nodes: 			7
	# of irgs: 				1
	# of cf manipulations: 	2
	# of memory operations: 0
	# of types: 			289



Using pass: pass_libfirm_conv_opt -- No improvement
	# of nodes: 			7
	# of irgs: 				1
	# of cf manipulations: 	2
	# of memory operations: 0
	# of types: 			289



Using pass: pass_replace_switch_selectors -- No improvement
	# of nodes: 			7
	# of irgs: 				1
	# of cf manipulations: 	2
	# of memory operations: 0
	# of types: 			289



Using pass: pass_gc_irgs -- No improvement
	# of nodes: 			7
	# of irgs: 				1
	# of cf manipulations: 	2
	# of memory operations: 0
	# of types: 			289



Using pass: pass_libfirm_opt_funccalls -- No improvement
	# of nodes: 			7
	# of irgs: 				1
	# of cf manipulations: 	2
	# of memory operations: 0
	# of types: 			289



Using pass: pass_libfirm_opt_tail_rec -- No improvement
	# of nodes: 			7
	# of irgs: 				1
	# of cf manipulations: 	2
	# of memory operations: 0
	# of types: 			289



Using pass: pass_gc_irgs_primitive -- No improvement
	# of nodes: 			7
	# of irgs: 				1
	# of cf manipulations: 	2
	# of memory operations: 0
	# of types: 			289



Using pass: pass_libfirm_opt_parallelize_mem -- No improvement
	# of nodes: 			7
	# of irgs: 				1
	# of cf manipulations: 	2
	# of memory operations: 0
	# of types: 			289



Using pass: pass_libfirm_do_loop_peeling -- No improvement
	# of nodes: 			7
	# of irgs: 				1
	# of cf manipulations: 	2
	# of memory operations: 0
	# of types: 			289



Using pass: pass_replace_switch_selectors -- No improvement
	# of nodes: 			7
	# of irgs: 				1
	# of cf manipulations: 	2
	# of memory operations: 0
	# of types: 			289



Using pass: pass_gc_irgs_primitive -- No improvement
	# of nodes: 			7
	# of irgs: 				1
	# of cf manipulations: 	2
	# of memory operations: 0
	# of types: 			289



Using pass: pass_replace_arithmetic -- No improvement
	# of nodes: 			7
	# of irgs: 				1
	# of cf manipulations: 	2
	# of memory operations: 0
	# of types: 			289



Using pass: pass_remove_void_calls -- No improvement
	# of nodes: 			7
	# of irgs: 				1
	# of cf manipulations: 	2
	# of memory operations: 0
	# of types: 			289



Using pass: pass_libfirm_do_loop_inversion -- No improvement
	# of nodes: 			7
	# of irgs: 				1
	# of cf manipulations: 	2
	# of memory operations: 0
	# of types: 			289



Using pass: pass_libfirm_do_loop_inversion -- No improvement
	# of nodes: 			7
	# of irgs: 				1
	# of cf manipulations: 	2
	# of memory operations: 0
	# of types: 			289



Using pass: pass_replace_loads -- No improvement
	# of nodes: 			7
	# of irgs: 				1
	# of cf manipulations: 	2
	# of memory operations: 0
	# of types: 			289



Using pass: pass_libfirm_optimize_cf -- No improvement
	# of nodes: 			7
	# of irgs: 				1
	# of cf manipulations: 	2
	# of memory operations: 0
	# of types: 			289



Using pass: pass_libfirm_occult_consts -- No improvement
	# of nodes: 			7
	# of irgs: 				1
	# of cf manipulations: 	2
	# of memory operations: 0
	# of types: 			289



Using pass: pass_libfirm_opt_bool -- No improvement
	# of nodes: 			7
	# of irgs: 				1
	# of cf manipulations: 	2
	# of memory operations: 0
	# of types: 			289



Using pass: pass_remove_allocs -- No improvement
	# of nodes: 			7
	# of irgs: 				1
	# of cf manipulations: 	2
	# of memory operations: 0
	# of types: 			289



Using pass: pass_libfirm_normalize_n_returns -- No improvement
	# of nodes: 			7
	# of irgs: 				1
	# of cf manipulations: 	2
	# of memory operations: 0
	# of types: 			289



Using pass: pass_gc_irgs_primitive -- No improvement
	# of nodes: 			7
	# of irgs: 				1
	# of cf manipulations: 	2
	# of memory operations: 0
	# of types: 			289



Using pass: pass_libfirm_combo -- No improvement
	# of nodes: 			7
	# of irgs: 				1
	# of cf manipulations: 	2
	# of memory operations: 0
	# of types: 			289



Using pass: pass_libfirm_optimize_reassociation -- No improvement
	# of nodes: 			7
	# of irgs: 				1
	# of cf manipulations: 	2
	# of memory operations: 0
	# of types: 			289



Using pass: pass_remove_allocs -- No improvement
	# of nodes: 			7
	# of irgs: 				1
	# of cf manipulations: 	2
	# of memory operations: 0
	# of types: 			289



Using pass: pass_libfirm_gvn_pre -- No improvement
	# of nodes: 			7
	# of irgs: 				1
	# of cf manipulations: 	2
	# of memory operations: 0
	# of types: 			289



Using pass: pass_replace_return_values -- No improvement
	# of nodes: 			7
	# of irgs: 				1
	# of cf manipulations: 	2
	# of memory operations: 0
	# of types: 			289



Using pass: pass_replace_switch_selectors -- No improvement
	# of nodes: 			7
	# of irgs: 				1
	# of cf manipulations: 	2
	# of memory operations: 0
	# of types: 			289



Using pass: pass_libfirm_combo -- No improvement
	# of nodes: 			7
	# of irgs: 				1
	# of cf manipulations: 	2
	# of memory operations: 0
	# of types: 			289



Using pass: pass_libfirm_opt_tail_rec -- No improvement
	# of nodes: 			7
	# of irgs: 				1
	# of cf manipulations: 	2
	# of memory operations: 0
	# of types: 			289



Using pass: pass_libfirm_normalize_n_returns -- No improvement
	# of nodes: 			7
	# of irgs: 				1
	# of cf manipulations: 	2
	# of memory operations: 0
	# of types: 			289



Using pass: pass_libfirm_construct_confirms -- No improvement
	# of nodes: 			7
	# of irgs: 				1
	# of cf manipulations: 	2
	# of memory operations: 0
	# of types: 			289



Using pass: pass_remove_void_calls -- No improvement
	# of nodes: 			7
	# of irgs: 				1
	# of cf manipulations: 	2
	# of memory operations: 0
	# of types: 			289



Using pass: pass_libfirm_do_loop_inversion -- No improvement
	# of nodes: 			7
	# of irgs: 				1
	# of cf manipulations: 	2
	# of memory operations: 0
	# of types: 			289



Using pass: pass_libfirm_optimize_cf -- No improvement
	# of nodes: 			7
	# of irgs: 				1
	# of cf manipulations: 	2
	# of memory operations: 0
	# of types: 			289



Using pass: pass_libfirm_normalize_one_return -- No improvement
	# of nodes: 			7
	# of irgs: 				1
	# of cf manipulations: 	2
	# of memory operations: 0
	# of types: 			289



Using pass: pass_libfirm_opt_blocks -- No improvement
	# of nodes: 			7
	# of irgs: 				1
	# of cf manipulations: 	2
	# of memory operations: 0
	# of types: 			289



Using pass: pass_libfirm_combo -- No improvement
	# of nodes: 			7
	# of irgs: 				1
	# of cf manipulations: 	2
	# of memory operations: 0
	# of types: 			289



Using pass: pass_libfirm_opt_tail_rec -- No improvement
	# of nodes: 			7
	# of irgs: 				1
	# of cf manipulations: 	2
	# of memory operations: 0
	# of types: 			289



Using pass: pass_simplify_consts -- No improvement
	# of nodes: 			7
	# of irgs: 				1
	# of cf manipulations: 	2
	# of memory operations: 0
	# of types: 			289



Using pass: pass_replace_return_values -- No improvement
	# of nodes: 			7
	# of irgs: 				1
	# of cf manipulations: 	2
	# of memory operations: 0
	# of types: 			289



Using pass: pass_replace_proj_primitive -- No improvement
	# of nodes: 			7
	# of irgs: 				1
	# of cf manipulations: 	2
	# of memory operations: 0
	# of types: 			289



Using pass: pass_replace_return_values -- No improvement
	# of nodes: 			7
	# of irgs: 				1
	# of cf manipulations: 	2
	# of memory operations: 0
	# of types: 			289



Using pass: pass_libfirm_normalize_n_returns -- No improvement
	# of nodes: 			7
	# of irgs: 				1
	# of cf manipulations: 	2
	# of memory operations: 0
	# of types: 			289



Using pass: pass_libfirm_do_loop_peeling -- No improvement
	# of nodes: 			7
	# of irgs: 				1
	# of cf manipulations: 	2
	# of memory operations: 0
	# of types: 			289



Using pass: pass_libfirm_opt_frame -- No improvement
	# of nodes: 			7
	# of irgs: 				1
	# of cf manipulations: 	2
	# of memory operations: 0
	# of types: 			289



Using pass: pass_libfirm_normalize_n_returns -- No improvement
	# of nodes: 			7
	# of irgs: 				1
	# of cf manipulations: 	2
	# of memory operations: 0
	# of types: 			289



Using pass: pass_replace_return_values -- No improvement
	# of nodes: 			7
	# of irgs: 				1
	# of cf manipulations: 	2
	# of memory operations: 0
	# of types: 			289



Using pass: pass_remove_void_calls -- No improvement
	# of nodes: 			7
	# of irgs: 				1
	# of cf manipulations: 	2
	# of memory operations: 0
	# of types: 			289



Using pass: pass_libfirm_opt_funccalls -- No improvement
	# of nodes: 			7
	# of irgs: 				1
	# of cf manipulations: 	2
	# of memory operations: 0
	# of types: 			289



Using pass: pass_libfirm_opt_tail_rec -- No improvement
	# of nodes: 			7
	# of irgs: 				1
	# of cf manipulations: 	2
	# of memory operations: 0
	# of types: 			289



Using pass: pass_libfirm_do_loop_inversion -- No improvement
	# of nodes: 			7
	# of irgs: 				1
	# of cf manipulations: 	2
	# of memory operations: 0
	# of types: 			289



Using pass: pass_libfirm_remove_tuples -- No improvement
	# of nodes: 			7
	# of irgs: 				1
	# of cf manipulations: 	2
	# of memory operations: 0
	# of types: 			289



Using pass: pass_libfirm_combo -- No improvement
	# of nodes: 			7
	# of irgs: 				1
	# of cf manipulations: 	2
	# of memory operations: 0
	# of types: 			289




 :: 2nd reduction cycle


______________________________

No further reduction possible.

Result:
	# of nodes: 			7
	# of irgs: 				1
	# of cf manipulations: 	2
	# of memory operations: 0
	# of types: 			289

2018-08-24 10:47:06