2018-08-24 10:46:01 -- Firmreduce -- Results

Initial Test-case size:
	# of nodes: 			937
	# of irgs: 				6
	# of cf manipulations: 	58
	# of memory operations: 148
	# of types: 			226


Using pass: pass_libfirm_dead_code_elimination -- No improvement
	# of nodes: 			937
	# of irgs: 				6
	# of cf manipulations: 	58
	# of memory operations: 148
	# of types: 			226



Using pass: pass_libfirm_remove_unreachable -- No improvement
	# of nodes: 			937
	# of irgs: 				6
	# of cf manipulations: 	58
	# of memory operations: 148
	# of types: 			226



Using pass: pass_libfirm_opt_frame -- No improvement
	# of nodes: 			937
	# of irgs: 				6
	# of cf manipulations: 	58
	# of memory operations: 148
	# of types: 			226



Using pass: pass_libfirm_optimize_reassociation -- Successful
	# of nodes: 			938
	# of irgs: 				6
	# of cf manipulations: 	58
	# of memory operations: 148
	# of types: 			226



Using pass: pass_libfirm_conv_opt -- Successful
	# of nodes: 			827
	# of irgs: 				6
	# of cf manipulations: 	58
	# of memory operations: 148
	# of types: 			226



Using pass: pass_libfirm_optimize_graph_df -- Successful
	# of nodes: 			513
	# of irgs: 				6
	# of cf manipulations: 	42
	# of memory operations: 92
	# of types: 			226



Using pass: pass_libfirm_opt_blocks
	 :: Pass failed on irg 'r_func_3'
	 :: Pass failed on irg 'r_func_3'
	 :: Pass failed on irg 'r_func_3' -- Successful
	# of nodes: 			515
	# of irgs: 				6
	# of cf manipulations: 	42
	# of memory operations: 92
	# of types: 			226



Using pass: pass_replace_loads
	 :: Pass failed on irg 'r_func_3'
	 :: Pass failed on irg 'r_func_2'
	 :: Pass failed on irg 'r_func_1' -- No improvement
	# of nodes: 			515
	# of irgs: 				6
	# of cf manipulations: 	42
	# of memory operations: 92
	# of types: 			226



Using pass: pass_libfirm_dead_code_elimination -- No improvement
	# of nodes: 			515
	# of irgs: 				6
	# of cf manipulations: 	42
	# of memory operations: 92
	# of types: 			226



Using pass: pass_libfirm_conv_opt -- No improvement
	# of nodes: 			515
	# of irgs: 				6
	# of cf manipulations: 	42
	# of memory operations: 92
	# of types: 			226



Using pass: pass_libfirm_conv_opt -- No improvement
	# of nodes: 			515
	# of irgs: 				6
	# of cf manipulations: 	42
	# of memory operations: 92
	# of types: 			226



Using pass: pass_libfirm_opt_if_conv -- Successful
	# of nodes: 			515
	# of irgs: 				6
	# of cf manipulations: 	49
	# of memory operations: 92
	# of types: 			226



Using pass: pass_libfirm_construct_confirms -- No improvement
	# of nodes: 			515
	# of irgs: 				6
	# of cf manipulations: 	49
	# of memory operations: 92
	# of types: 			226



Using pass: pass_libfirm_conv_opt -- No improvement
	# of nodes: 			515
	# of irgs: 				6
	# of cf manipulations: 	49
	# of memory operations: 92
	# of types: 			226



Using pass: pass_libfirm_optimize_reassociation -- No improvement
	# of nodes: 			515
	# of irgs: 				6
	# of cf manipulations: 	49
	# of memory operations: 92
	# of types: 			226



Using pass: pass_libfirm_dead_code_elimination -- No improvement
	# of nodes: 			515
	# of irgs: 				6
	# of cf manipulations: 	49
	# of memory operations: 92
	# of types: 			226



Using pass: pass_replace_members -- No improvement
	# of nodes: 			515
	# of irgs: 				6
	# of cf manipulations: 	49
	# of memory operations: 92
	# of types: 			226



Using pass: pass_gc_irgs -- Successful
	# of nodes: 			7
	# of irgs: 				1
	# of cf manipulations: 	2
	# of memory operations: 0
	# of types: 			226



Using pass: pass_replace_switch_selectors -- No improvement
	# of nodes: 			7
	# of irgs: 				1
	# of cf manipulations: 	2
	# of memory operations: 0
	# of types: 			226



Using pass: pass_replace_arithmetic -- No improvement
	# of nodes: 			7
	# of irgs: 				1
	# of cf manipulations: 	2
	# of memory operations: 0
	# of types: 			226



Using pass: pass_remove_void_calls -- No improvement
	# of nodes: 			7
	# of irgs: 				1
	# of cf manipulations: 	2
	# of memory operations: 0
	# of types: 			226



Using pass: pass_gc_irgs -- No improvement
	# of nodes: 			7
	# of irgs: 				1
	# of cf manipulations: 	2
	# of memory operations: 0
	# of types: 			226



Using pass: pass_libfirm_optimize_graph_df -- No improvement
	# of nodes: 			7
	# of irgs: 				1
	# of cf manipulations: 	2
	# of memory operations: 0
	# of types: 			226



Using pass: pass_simplify_consts -- No improvement
	# of nodes: 			7
	# of irgs: 				1
	# of cf manipulations: 	2
	# of memory operations: 0
	# of types: 			226



Using pass: pass_libfirm_gvn_pre -- No improvement
	# of nodes: 			7
	# of irgs: 				1
	# of cf manipulations: 	2
	# of memory operations: 0
	# of types: 			226



Using pass: pass_libfirm_combo -- No improvement
	# of nodes: 			7
	# of irgs: 				1
	# of cf manipulations: 	2
	# of memory operations: 0
	# of types: 			226



Using pass: pass_libfirm_normalize_one_return -- No improvement
	# of nodes: 			7
	# of irgs: 				1
	# of cf manipulations: 	2
	# of memory operations: 0
	# of types: 			226



Using pass: pass_libfirm_remove_critical_cf_edges -- No improvement
	# of nodes: 			7
	# of irgs: 				1
	# of cf manipulations: 	2
	# of memory operations: 0
	# of types: 			226



Using pass: pass_libfirm_scalar_replacement_opt -- No improvement
	# of nodes: 			7
	# of irgs: 				1
	# of cf manipulations: 	2
	# of memory operations: 0
	# of types: 			226



Using pass: pass_libfirm_opt_tail_rec -- No improvement
	# of nodes: 			7
	# of irgs: 				1
	# of cf manipulations: 	2
	# of memory operations: 0
	# of types: 			226



Using pass: pass_gc_irgs -- No improvement
	# of nodes: 			7
	# of irgs: 				1
	# of cf manipulations: 	2
	# of memory operations: 0
	# of types: 			226



Using pass: pass_libfirm_opt_blocks -- No improvement
	# of nodes: 			7
	# of irgs: 				1
	# of cf manipulations: 	2
	# of memory operations: 0
	# of types: 			226



Using pass: pass_simplify_consts -- No improvement
	# of nodes: 			7
	# of irgs: 				1
	# of cf manipulations: 	2
	# of memory operations: 0
	# of types: 			226



Using pass: pass_libfirm_opt_tail_rec -- No improvement
	# of nodes: 			7
	# of irgs: 				1
	# of cf manipulations: 	2
	# of memory operations: 0
	# of types: 			226



Using pass: pass_libfirm_conv_opt -- No improvement
	# of nodes: 			7
	# of irgs: 				1
	# of cf manipulations: 	2
	# of memory operations: 0
	# of types: 			226



Using pass: pass_remove_stores -- No improvement
	# of nodes: 			7
	# of irgs: 				1
	# of cf manipulations: 	2
	# of memory operations: 0
	# of types: 			226



Using pass: pass_simplify_consts -- No improvement
	# of nodes: 			7
	# of irgs: 				1
	# of cf manipulations: 	2
	# of memory operations: 0
	# of types: 			226



Using pass: pass_simplify_consts -- No improvement
	# of nodes: 			7
	# of irgs: 				1
	# of cf manipulations: 	2
	# of memory operations: 0
	# of types: 			226



Using pass: pass_replace_loads -- No improvement
	# of nodes: 			7
	# of irgs: 				1
	# of cf manipulations: 	2
	# of memory operations: 0
	# of types: 			226



Using pass: pass_replace_return_values -- No improvement
	# of nodes: 			7
	# of irgs: 				1
	# of cf manipulations: 	2
	# of memory operations: 0
	# of types: 			226



Using pass: pass_libfirm_optimize_load_store -- No improvement
	# of nodes: 			7
	# of irgs: 				1
	# of cf manipulations: 	2
	# of memory operations: 0
	# of types: 			226



Using pass: pass_libfirm_opt_parallelize_mem -- No improvement
	# of nodes: 			7
	# of irgs: 				1
	# of cf manipulations: 	2
	# of memory operations: 0
	# of types: 			226



Using pass: pass_libfirm_scalar_replacement_opt -- No improvement
	# of nodes: 			7
	# of irgs: 				1
	# of cf manipulations: 	2
	# of memory operations: 0
	# of types: 			226



Using pass: pass_replace_mux_selectors -- No improvement
	# of nodes: 			7
	# of irgs: 				1
	# of cf manipulations: 	2
	# of memory operations: 0
	# of types: 			226



Using pass: pass_libfirm_dead_code_elimination -- No improvement
	# of nodes: 			7
	# of irgs: 				1
	# of cf manipulations: 	2
	# of memory operations: 0
	# of types: 			226



Using pass: pass_replace_return_values -- No improvement
	# of nodes: 			7
	# of irgs: 				1
	# of cf manipulations: 	2
	# of memory operations: 0
	# of types: 			226



Using pass: pass_libfirm_optimize_cf -- No improvement
	# of nodes: 			7
	# of irgs: 				1
	# of cf manipulations: 	2
	# of memory operations: 0
	# of types: 			226



Using pass: pass_libfirm_gvn_pre -- No improvement
	# of nodes: 			7
	# of irgs: 				1
	# of cf manipulations: 	2
	# of memory operations: 0
	# of types: 			226



Using pass: pass_remove_void_calls -- No improvement
	# of nodes: 			7
	# of irgs: 				1
	# of cf manipulations: 	2
	# of memory operations: 0
	# of types: 			226



Using pass: pass_replace_switch_selectors -- No improvement
	# of nodes: 			7
	# of irgs: 				1
	# of cf manipulations: 	2
	# of memory operations: 0
	# of types: 			226



Using pass: pass_libfirm_optimize_cf -- No improvement
	# of nodes: 			7
	# of irgs: 				1
	# of cf manipulations: 	2
	# of memory operations: 0
	# of types: 			226



Using pass: pass_libfirm_dead_code_elimination -- No improvement
	# of nodes: 			7
	# of irgs: 				1
	# of cf manipulations: 	2
	# of memory operations: 0
	# of types: 			226



Using pass: pass_libfirm_opt_if_conv -- No improvement
	# of nodes: 			7
	# of irgs: 				1
	# of cf manipulations: 	2
	# of memory operations: 0
	# of types: 			226



Using pass: pass_replace_proj_primitive -- No improvement
	# of nodes: 			7
	# of irgs: 				1
	# of cf manipulations: 	2
	# of memory operations: 0
	# of types: 			226



Using pass: pass_libfirm_opt_blocks -- No improvement
	# of nodes: 			7
	# of irgs: 				1
	# of cf manipulations: 	2
	# of memory operations: 0
	# of types: 			226



Using pass: pass_libfirm_optimize_cf -- No improvement
	# of nodes: 			7
	# of irgs: 				1
	# of cf manipulations: 	2
	# of memory operations: 0
	# of types: 			226



Using pass: pass_libfirm_construct_confirms -- No improvement
	# of nodes: 			7
	# of irgs: 				1
	# of cf manipulations: 	2
	# of memory operations: 0
	# of types: 			226



Using pass: pass_replace_mux_selectors -- No improvement
	# of nodes: 			7
	# of irgs: 				1
	# of cf manipulations: 	2
	# of memory operations: 0
	# of types: 			226



Using pass: pass_libfirm_optimize_graph_df -- No improvement
	# of nodes: 			7
	# of irgs: 				1
	# of cf manipulations: 	2
	# of memory operations: 0
	# of types: 			226



Using pass: pass_libfirm_opt_blocks -- No improvement
	# of nodes: 			7
	# of irgs: 				1
	# of cf manipulations: 	2
	# of memory operations: 0
	# of types: 			226



Using pass: pass_libfirm_optimize_cf -- No improvement
	# of nodes: 			7
	# of irgs: 				1
	# of cf manipulations: 	2
	# of memory operations: 0
	# of types: 			226



Using pass: pass_libfirm_place_code -- No improvement
	# of nodes: 			7
	# of irgs: 				1
	# of cf manipulations: 	2
	# of memory operations: 0
	# of types: 			226



Using pass: pass_check_validity -- No improvement
	# of nodes: 			7
	# of irgs: 				1
	# of cf manipulations: 	2
	# of memory operations: 0
	# of types: 			226



Using pass: pass_libfirm_construct_confirms -- No improvement
	# of nodes: 			7
	# of irgs: 				1
	# of cf manipulations: 	2
	# of memory operations: 0
	# of types: 			226



Using pass: pass_libfirm_opt_jumpthreading -- No improvement
	# of nodes: 			7
	# of irgs: 				1
	# of cf manipulations: 	2
	# of memory operations: 0
	# of types: 			226



Using pass: pass_remove_allocs -- No improvement
	# of nodes: 			7
	# of irgs: 				1
	# of cf manipulations: 	2
	# of memory operations: 0
	# of types: 			226



Using pass: pass_libfirm_place_code -- No improvement
	# of nodes: 			7
	# of irgs: 				1
	# of cf manipulations: 	2
	# of memory operations: 0
	# of types: 			226



Using pass: pass_libfirm_optimize_reassociation -- No improvement
	# of nodes: 			7
	# of irgs: 				1
	# of cf manipulations: 	2
	# of memory operations: 0
	# of types: 			226



Using pass: pass_libfirm_do_loop_unrolling -- No improvement
	# of nodes: 			7
	# of irgs: 				1
	# of cf manipulations: 	2
	# of memory operations: 0
	# of types: 			226



Using pass: pass_libfirm_do_loop_inversion -- No improvement
	# of nodes: 			7
	# of irgs: 				1
	# of cf manipulations: 	2
	# of memory operations: 0
	# of types: 			226



Using pass: pass_replace_mux_selectors -- No improvement
	# of nodes: 			7
	# of irgs: 				1
	# of cf manipulations: 	2
	# of memory operations: 0
	# of types: 			226



Using pass: pass_libfirm_gvn_pre -- No improvement
	# of nodes: 			7
	# of irgs: 				1
	# of cf manipulations: 	2
	# of memory operations: 0
	# of types: 			226



Using pass: pass_libfirm_conv_opt -- No improvement
	# of nodes: 			7
	# of irgs: 				1
	# of cf manipulations: 	2
	# of memory operations: 0
	# of types: 			226



Using pass: pass_libfirm_remove_unreachable -- No improvement
	# of nodes: 			7
	# of irgs: 				1
	# of cf manipulations: 	2
	# of memory operations: 0
	# of types: 			226



Using pass: pass_libfirm_normalize_one_return -- No improvement
	# of nodes: 			7
	# of irgs: 				1
	# of cf manipulations: 	2
	# of memory operations: 0
	# of types: 			226



Using pass: pass_libfirm_remove_tuples -- No improvement
	# of nodes: 			7
	# of irgs: 				1
	# of cf manipulations: 	2
	# of memory operations: 0
	# of types: 			226



Using pass: pass_libfirm_opt_jumpthreading -- No improvement
	# of nodes: 			7
	# of irgs: 				1
	# of cf manipulations: 	2
	# of memory operations: 0
	# of types: 			226



Using pass: pass_gc_irgs -- No improvement
	# of nodes: 			7
	# of irgs: 				1
	# of cf manipulations: 	2
	# of memory operations: 0
	# of types: 			226



Using pass: pass_libfirm_optimize_cf -- No improvement
	# of nodes: 			7
	# of irgs: 				1
	# of cf manipulations: 	2
	# of memory operations: 0
	# of types: 			226



Using pass: pass_libfirm_occult_consts -- No improvement
	# of nodes: 			7
	# of irgs: 				1
	# of cf manipulations: 	2
	# of memory operations: 0
	# of types: 			226



Using pass: pass_check_validity -- No improvement
	# of nodes: 			7
	# of irgs: 				1
	# of cf manipulations: 	2
	# of memory operations: 0
	# of types: 			226



Using pass: pass_libfirm_opt_ldst
	 :: Pass failed on irg 'main' -- No improvement
	# of nodes: 			7
	# of irgs: 				1
	# of cf manipulations: 	2
	# of memory operations: 0
	# of types: 			226



Using pass: pass_check_validity -- No improvement
	# of nodes: 			7
	# of irgs: 				1
	# of cf manipulations: 	2
	# of memory operations: 0
	# of types: 			226



Using pass: pass_libfirm_opt_frame -- No improvement
	# of nodes: 			7
	# of irgs: 				1
	# of cf manipulations: 	2
	# of memory operations: 0
	# of types: 			226



Using pass: pass_libfirm_remove_bads -- No improvement
	# of nodes: 			7
	# of irgs: 				1
	# of cf manipulations: 	2
	# of memory operations: 0
	# of types: 			226



Using pass: pass_libfirm_scalar_replacement_opt -- No improvement
	# of nodes: 			7
	# of irgs: 				1
	# of cf manipulations: 	2
	# of memory operations: 0
	# of types: 			226



Using pass: pass_replace_loads -- No improvement
	# of nodes: 			7
	# of irgs: 				1
	# of cf manipulations: 	2
	# of memory operations: 0
	# of types: 			226



Using pass: pass_libfirm_opt_jumpthreading -- No improvement
	# of nodes: 			7
	# of irgs: 				1
	# of cf manipulations: 	2
	# of memory operations: 0
	# of types: 			226



Using pass: pass_libfirm_remove_unreachable -- No improvement
	# of nodes: 			7
	# of irgs: 				1
	# of cf manipulations: 	2
	# of memory operations: 0
	# of types: 			226



Using pass: pass_libfirm_opt_parallelize_mem -- No improvement
	# of nodes: 			7
	# of irgs: 				1
	# of cf manipulations: 	2
	# of memory operations: 0
	# of types: 			226



Using pass: pass_libfirm_opt_if_conv -- No improvement
	# of nodes: 			7
	# of irgs: 				1
	# of cf manipulations: 	2
	# of memory operations: 0
	# of types: 			226



Using pass: pass_libfirm_scalar_replacement_opt -- No improvement
	# of nodes: 			7
	# of irgs: 				1
	# of cf manipulations: 	2
	# of memory operations: 0
	# of types: 			226




 :: 2nd reduction cycle


______________________________

No further reduction possible.

Result:
	# of nodes: 			7
	# of irgs: 				1
	# of cf manipulations: 	2
	# of memory operations: 0
	# of types: 			226

2018-08-24 10:46:06