2018-08-26 16:40:24 -- Firmreduce -- Results

Initial Test-case size:
	# of nodes: 			357
	# of irgs: 				2
	# of cf manipulations: 	5
	# of memory operations: 131
	# of types: 			3242


Using pass: pass_libfirm_conv_opt -- No improvement
	# of nodes: 			357
	# of irgs: 				2
	# of cf manipulations: 	5
	# of memory operations: 131
	# of types: 			3242



Using pass: pass_libfirm_conv_opt -- No improvement
	# of nodes: 			357
	# of irgs: 				2
	# of cf manipulations: 	5
	# of memory operations: 131
	# of types: 			3242



Using pass: pass_libfirm_optimize_load_store -- No improvement
	# of nodes: 			357
	# of irgs: 				2
	# of cf manipulations: 	5
	# of memory operations: 131
	# of types: 			3242



Using pass: pass_libfirm_opt_bool -- No improvement
	# of nodes: 			357
	# of irgs: 				2
	# of cf manipulations: 	5
	# of memory operations: 131
	# of types: 			3242



Using pass: pass_libfirm_opt_if_conv -- No improvement
	# of nodes: 			357
	# of irgs: 				2
	# of cf manipulations: 	5
	# of memory operations: 131
	# of types: 			3242



Using pass: pass_libfirm_remove_tuples -- No improvement
	# of nodes: 			357
	# of irgs: 				2
	# of cf manipulations: 	5
	# of memory operations: 131
	# of types: 			3242



Using pass: pass_libfirm_opt_ldst
	 :: Pass failed on irg 'main'
	 :: Pass failed on irg 'r_func_1' -- No improvement
	# of nodes: 			357
	# of irgs: 				2
	# of cf manipulations: 	5
	# of memory operations: 131
	# of types: 			3242



Using pass: pass_libfirm_construct_confirms -- No improvement
	# of nodes: 			357
	# of irgs: 				2
	# of cf manipulations: 	5
	# of memory operations: 131
	# of types: 			3242



Using pass: pass_libfirm_opt_tail_rec -- No improvement
	# of nodes: 			357
	# of irgs: 				2
	# of cf manipulations: 	5
	# of memory operations: 131
	# of types: 			3242



Using pass: pass_libfirm_remove_unreachable -- No improvement
	# of nodes: 			357
	# of irgs: 				2
	# of cf manipulations: 	5
	# of memory operations: 131
	# of types: 			3242



Using pass: pass_libfirm_optimize_reassociation -- No improvement
	# of nodes: 			357
	# of irgs: 				2
	# of cf manipulations: 	5
	# of memory operations: 131
	# of types: 			3242



Using pass: pass_remove_allocs -- Successful
	# of nodes: 			185
	# of irgs: 				2
	# of cf manipulations: 	5
	# of memory operations: 51
	# of types: 			3242



Using pass: pass_libfirm_optimize_reassociation -- No improvement
	# of nodes: 			185
	# of irgs: 				2
	# of cf manipulations: 	5
	# of memory operations: 51
	# of types: 			3242



Using pass: pass_libfirm_gvn_pre -- No improvement
	# of nodes: 			185
	# of irgs: 				2
	# of cf manipulations: 	5
	# of memory operations: 51
	# of types: 			3242



Using pass: pass_libfirm_opt_funccalls -- No improvement
	# of nodes: 			185
	# of irgs: 				2
	# of cf manipulations: 	5
	# of memory operations: 51
	# of types: 			3242



Using pass: pass_libfirm_opt_funccalls -- No improvement
	# of nodes: 			185
	# of irgs: 				2
	# of cf manipulations: 	5
	# of memory operations: 51
	# of types: 			3242



Using pass: pass_libfirm_optimize_reassociation -- No improvement
	# of nodes: 			185
	# of irgs: 				2
	# of cf manipulations: 	5
	# of memory operations: 51
	# of types: 			3242



Using pass: pass_libfirm_opt_tail_rec -- No improvement
	# of nodes: 			185
	# of irgs: 				2
	# of cf manipulations: 	5
	# of memory operations: 51
	# of types: 			3242



Using pass: pass_libfirm_remove_bads -- No improvement
	# of nodes: 			185
	# of irgs: 				2
	# of cf manipulations: 	5
	# of memory operations: 51
	# of types: 			3242



Using pass: pass_gc_irgs -- No improvement
	# of nodes: 			185
	# of irgs: 				2
	# of cf manipulations: 	5
	# of memory operations: 51
	# of types: 			3242



Using pass: pass_remove_allocs -- No improvement
	# of nodes: 			185
	# of irgs: 				2
	# of cf manipulations: 	5
	# of memory operations: 51
	# of types: 			3242



Using pass: pass_replace_cond_selectors -- No improvement
	# of nodes: 			185
	# of irgs: 				2
	# of cf manipulations: 	5
	# of memory operations: 51
	# of types: 			3242



Using pass: pass_libfirm_opt_bool -- No improvement
	# of nodes: 			185
	# of irgs: 				2
	# of cf manipulations: 	5
	# of memory operations: 51
	# of types: 			3242



Using pass: pass_gc_entitites -- No improvement
	# of nodes: 			185
	# of irgs: 				2
	# of cf manipulations: 	5
	# of memory operations: 51
	# of types: 			3242



Using pass: pass_libfirm_do_loop_inversion -- No improvement
	# of nodes: 			185
	# of irgs: 				2
	# of cf manipulations: 	5
	# of memory operations: 51
	# of types: 			3242



Using pass: pass_libfirm_do_loop_unrolling -- No improvement
	# of nodes: 			185
	# of irgs: 				2
	# of cf manipulations: 	5
	# of memory operations: 51
	# of types: 			3242



Using pass: pass_libfirm_remove_unreachable -- No improvement
	# of nodes: 			185
	# of irgs: 				2
	# of cf manipulations: 	5
	# of memory operations: 51
	# of types: 			3242



Using pass: pass_replace_proj_primitive -- No improvement
	# of nodes: 			185
	# of irgs: 				2
	# of cf manipulations: 	5
	# of memory operations: 51
	# of types: 			3242



Using pass: pass_libfirm_dead_code_elimination -- No improvement
	# of nodes: 			185
	# of irgs: 				2
	# of cf manipulations: 	5
	# of memory operations: 51
	# of types: 			3242



Using pass: pass_libfirm_optimize_graph_df -- No improvement
	# of nodes: 			185
	# of irgs: 				2
	# of cf manipulations: 	5
	# of memory operations: 51
	# of types: 			3242



Using pass: pass_libfirm_do_loop_peeling
	 :: Pass failed on irg 'r_func_1' -- No improvement
	# of nodes: 			185
	# of irgs: 				2
	# of cf manipulations: 	5
	# of memory operations: 51
	# of types: 			3242



Using pass: pass_libfirm_normalize_one_return -- No improvement
	# of nodes: 			185
	# of irgs: 				2
	# of cf manipulations: 	5
	# of memory operations: 51
	# of types: 			3242



Using pass: pass_libfirm_place_code -- No improvement
	# of nodes: 			185
	# of irgs: 				2
	# of cf manipulations: 	5
	# of memory operations: 51
	# of types: 			3242



Using pass: pass_libfirm_optimize_graph_df -- No improvement
	# of nodes: 			185
	# of irgs: 				2
	# of cf manipulations: 	5
	# of memory operations: 51
	# of types: 			3242



Using pass: pass_libfirm_conv_opt -- No improvement
	# of nodes: 			185
	# of irgs: 				2
	# of cf manipulations: 	5
	# of memory operations: 51
	# of types: 			3242



Using pass: pass_libfirm_do_loop_peeling
	 :: Pass failed on irg 'r_func_1' -- No improvement
	# of nodes: 			185
	# of irgs: 				2
	# of cf manipulations: 	5
	# of memory operations: 51
	# of types: 			3242



Using pass: pass_replace_return_values -- No improvement
	# of nodes: 			185
	# of irgs: 				2
	# of cf manipulations: 	5
	# of memory operations: 51
	# of types: 			3242



Using pass: pass_remove_allocs -- No improvement
	# of nodes: 			185
	# of irgs: 				2
	# of cf manipulations: 	5
	# of memory operations: 51
	# of types: 			3242



Using pass: pass_libfirm_opt_if_conv -- No improvement
	# of nodes: 			185
	# of irgs: 				2
	# of cf manipulations: 	5
	# of memory operations: 51
	# of types: 			3242



Using pass: pass_remove_allocs -- No improvement
	# of nodes: 			185
	# of irgs: 				2
	# of cf manipulations: 	5
	# of memory operations: 51
	# of types: 			3242



Using pass: pass_gc_irgs -- No improvement
	# of nodes: 			185
	# of irgs: 				2
	# of cf manipulations: 	5
	# of memory operations: 51
	# of types: 			3242



Using pass: pass_replace_mux_selectors -- No improvement
	# of nodes: 			185
	# of irgs: 				2
	# of cf manipulations: 	5
	# of memory operations: 51
	# of types: 			3242



Using pass: pass_gc_irgs_primitive -- Successful
	# of nodes: 			7
	# of irgs: 				1
	# of cf manipulations: 	2
	# of memory operations: 0
	# of types: 			3242



Using pass: pass_libfirm_normalize_n_returns -- No improvement
	# of nodes: 			7
	# of irgs: 				1
	# of cf manipulations: 	2
	# of memory operations: 0
	# of types: 			3242



Using pass: pass_libfirm_do_loop_peeling -- No improvement
	# of nodes: 			7
	# of irgs: 				1
	# of cf manipulations: 	2
	# of memory operations: 0
	# of types: 			3242



Using pass: pass_libfirm_do_loop_unrolling -- No improvement
	# of nodes: 			7
	# of irgs: 				1
	# of cf manipulations: 	2
	# of memory operations: 0
	# of types: 			3242



Using pass: pass_replace_switch_selectors -- No improvement
	# of nodes: 			7
	# of irgs: 				1
	# of cf manipulations: 	2
	# of memory operations: 0
	# of types: 			3242



Using pass: pass_libfirm_opt_parallelize_mem -- No improvement
	# of nodes: 			7
	# of irgs: 				1
	# of cf manipulations: 	2
	# of memory operations: 0
	# of types: 			3242



Using pass: pass_libfirm_gvn_pre -- No improvement
	# of nodes: 			7
	# of irgs: 				1
	# of cf manipulations: 	2
	# of memory operations: 0
	# of types: 			3242



Using pass: pass_libfirm_normalize_one_return -- No improvement
	# of nodes: 			7
	# of irgs: 				1
	# of cf manipulations: 	2
	# of memory operations: 0
	# of types: 			3242



Using pass: pass_libfirm_normalize_n_returns -- No improvement
	# of nodes: 			7
	# of irgs: 				1
	# of cf manipulations: 	2
	# of memory operations: 0
	# of types: 			3242



Using pass: pass_libfirm_remove_bads -- No improvement
	# of nodes: 			7
	# of irgs: 				1
	# of cf manipulations: 	2
	# of memory operations: 0
	# of types: 			3242



Using pass: pass_libfirm_gvn_pre -- No improvement
	# of nodes: 			7
	# of irgs: 				1
	# of cf manipulations: 	2
	# of memory operations: 0
	# of types: 			3242



Using pass: pass_gc_irgs -- No improvement
	# of nodes: 			7
	# of irgs: 				1
	# of cf manipulations: 	2
	# of memory operations: 0
	# of types: 			3242



Using pass: pass_libfirm_conv_opt -- No improvement
	# of nodes: 			7
	# of irgs: 				1
	# of cf manipulations: 	2
	# of memory operations: 0
	# of types: 			3242



Using pass: pass_libfirm_construct_confirms -- No improvement
	# of nodes: 			7
	# of irgs: 				1
	# of cf manipulations: 	2
	# of memory operations: 0
	# of types: 			3242



Using pass: pass_replace_arithmetic -- No improvement
	# of nodes: 			7
	# of irgs: 				1
	# of cf manipulations: 	2
	# of memory operations: 0
	# of types: 			3242



Using pass: pass_libfirm_remove_unreachable -- No improvement
	# of nodes: 			7
	# of irgs: 				1
	# of cf manipulations: 	2
	# of memory operations: 0
	# of types: 			3242



Using pass: pass_libfirm_opt_ldst
	 :: Pass failed on irg 'main' -- No improvement
	# of nodes: 			7
	# of irgs: 				1
	# of cf manipulations: 	2
	# of memory operations: 0
	# of types: 			3242



Using pass: pass_replace_loads -- No improvement
	# of nodes: 			7
	# of irgs: 				1
	# of cf manipulations: 	2
	# of memory operations: 0
	# of types: 			3242



Using pass: pass_simplify_consts -- No improvement
	# of nodes: 			7
	# of irgs: 				1
	# of cf manipulations: 	2
	# of memory operations: 0
	# of types: 			3242



Using pass: pass_gc_entitites -- No improvement
	# of nodes: 			7
	# of irgs: 				1
	# of cf manipulations: 	2
	# of memory operations: 0
	# of types: 			3242



Using pass: pass_gc_entitites -- No improvement
	# of nodes: 			7
	# of irgs: 				1
	# of cf manipulations: 	2
	# of memory operations: 0
	# of types: 			3242



Using pass: pass_simplify_consts -- No improvement
	# of nodes: 			7
	# of irgs: 				1
	# of cf manipulations: 	2
	# of memory operations: 0
	# of types: 			3242



Using pass: pass_libfirm_opt_if_conv -- No improvement
	# of nodes: 			7
	# of irgs: 				1
	# of cf manipulations: 	2
	# of memory operations: 0
	# of types: 			3242



Using pass: pass_libfirm_opt_frame -- No improvement
	# of nodes: 			7
	# of irgs: 				1
	# of cf manipulations: 	2
	# of memory operations: 0
	# of types: 			3242



Using pass: pass_remove_stores -- No improvement
	# of nodes: 			7
	# of irgs: 				1
	# of cf manipulations: 	2
	# of memory operations: 0
	# of types: 			3242



Using pass: pass_libfirm_opt_parallelize_mem -- No improvement
	# of nodes: 			7
	# of irgs: 				1
	# of cf manipulations: 	2
	# of memory operations: 0
	# of types: 			3242



Using pass: pass_libfirm_optimize_load_store -- No improvement
	# of nodes: 			7
	# of irgs: 				1
	# of cf manipulations: 	2
	# of memory operations: 0
	# of types: 			3242



Using pass: pass_replace_arithmetic -- No improvement
	# of nodes: 			7
	# of irgs: 				1
	# of cf manipulations: 	2
	# of memory operations: 0
	# of types: 			3242



Using pass: pass_libfirm_normalize_n_returns -- No improvement
	# of nodes: 			7
	# of irgs: 				1
	# of cf manipulations: 	2
	# of memory operations: 0
	# of types: 			3242



Using pass: pass_gc_irgs -- No improvement
	# of nodes: 			7
	# of irgs: 				1
	# of cf manipulations: 	2
	# of memory operations: 0
	# of types: 			3242



Using pass: pass_libfirm_optimize_graph_df -- No improvement
	# of nodes: 			7
	# of irgs: 				1
	# of cf manipulations: 	2
	# of memory operations: 0
	# of types: 			3242



Using pass: pass_replace_return_values -- No improvement
	# of nodes: 			7
	# of irgs: 				1
	# of cf manipulations: 	2
	# of memory operations: 0
	# of types: 			3242



Using pass: pass_simplify_consts -- No improvement
	# of nodes: 			7
	# of irgs: 				1
	# of cf manipulations: 	2
	# of memory operations: 0
	# of types: 			3242



Using pass: pass_remove_void_calls -- No improvement
	# of nodes: 			7
	# of irgs: 				1
	# of cf manipulations: 	2
	# of memory operations: 0
	# of types: 			3242



Using pass: pass_libfirm_opt_ldst
	 :: Pass failed on irg 'main' -- No improvement
	# of nodes: 			7
	# of irgs: 				1
	# of cf manipulations: 	2
	# of memory operations: 0
	# of types: 			3242



Using pass: pass_libfirm_remove_bads -- No improvement
	# of nodes: 			7
	# of irgs: 				1
	# of cf manipulations: 	2
	# of memory operations: 0
	# of types: 			3242



Using pass: pass_replace_proj_primitive -- No improvement
	# of nodes: 			7
	# of irgs: 				1
	# of cf manipulations: 	2
	# of memory operations: 0
	# of types: 			3242



Using pass: pass_libfirm_opt_frame -- No improvement
	# of nodes: 			7
	# of irgs: 				1
	# of cf manipulations: 	2
	# of memory operations: 0
	# of types: 			3242



Using pass: pass_check_validity -- No improvement
	# of nodes: 			7
	# of irgs: 				1
	# of cf manipulations: 	2
	# of memory operations: 0
	# of types: 			3242



Using pass: pass_libfirm_combo -- No improvement
	# of nodes: 			7
	# of irgs: 				1
	# of cf manipulations: 	2
	# of memory operations: 0
	# of types: 			3242



Using pass: pass_remove_void_calls -- No improvement
	# of nodes: 			7
	# of irgs: 				1
	# of cf manipulations: 	2
	# of memory operations: 0
	# of types: 			3242



Using pass: pass_libfirm_occult_consts -- No improvement
	# of nodes: 			7
	# of irgs: 				1
	# of cf manipulations: 	2
	# of memory operations: 0
	# of types: 			3242



Using pass: pass_libfirm_opt_ldst
	 :: Pass failed on irg 'main' -- No improvement
	# of nodes: 			7
	# of irgs: 				1
	# of cf manipulations: 	2
	# of memory operations: 0
	# of types: 			3242



Using pass: pass_libfirm_remove_unreachable -- No improvement
	# of nodes: 			7
	# of irgs: 				1
	# of cf manipulations: 	2
	# of memory operations: 0
	# of types: 			3242



Using pass: pass_remove_stores -- No improvement
	# of nodes: 			7
	# of irgs: 				1
	# of cf manipulations: 	2
	# of memory operations: 0
	# of types: 			3242



Using pass: pass_libfirm_dead_code_elimination -- No improvement
	# of nodes: 			7
	# of irgs: 				1
	# of cf manipulations: 	2
	# of memory operations: 0
	# of types: 			3242



Using pass: pass_libfirm_dead_code_elimination -- No improvement
	# of nodes: 			7
	# of irgs: 				1
	# of cf manipulations: 	2
	# of memory operations: 0
	# of types: 			3242



Using pass: pass_libfirm_remove_bads -- No improvement
	# of nodes: 			7
	# of irgs: 				1
	# of cf manipulations: 	2
	# of memory operations: 0
	# of types: 			3242



Using pass: pass_replace_proj_primitive -- No improvement
	# of nodes: 			7
	# of irgs: 				1
	# of cf manipulations: 	2
	# of memory operations: 0
	# of types: 			3242



Using pass: pass_libfirm_opt_funccalls -- No improvement
	# of nodes: 			7
	# of irgs: 				1
	# of cf manipulations: 	2
	# of memory operations: 0
	# of types: 			3242




 :: 2nd reduction cycle


______________________________

No further reduction possible.

Result:
	# of nodes: 			7
	# of irgs: 				1
	# of cf manipulations: 	2
	# of memory operations: 0
	# of types: 			3242

2018-08-26 16:40:31