2018-08-24 10:19:15 -- Firmreduce -- Results

Initial Test-case size:
	# of nodes: 			937
	# of irgs: 				6
	# of cf manipulations: 	58
	# of memory operations: 148
	# of types: 			226


Using pass: pass_libfirm_opt_ldst
	 :: Pass failed on irg '_main'
	 :: Pass failed on irg 'main'
	 :: Pass failed on irg 'r_func_3'
	 :: Pass failed on irg '_main'
	 :: Pass failed on irg 'r_func_1'
	 :: Pass failed on irg 'r_func_2' -- No improvement
	# of nodes: 			937
	# of irgs: 				6
	# of cf manipulations: 	58
	# of memory operations: 148
	# of types: 			226



Using pass: pass_libfirm_opt_jumpthreading
	 :: Pass failed on irg '_main'
	 :: Pass failed on irg '_main'
	 :: Pass failed on irg '_main'
	 :: Pass failed on irg 'r_func_3' -- Successful
	# of nodes: 			953
	# of irgs: 				6
	# of cf manipulations: 	66
	# of memory operations: 148
	# of types: 			226



Using pass: pass_libfirm_opt_funccalls -- No improvement
	# of nodes: 			953
	# of irgs: 				6
	# of cf manipulations: 	66
	# of memory operations: 148
	# of types: 			226



Using pass: pass_libfirm_dead_code_elimination -- No improvement
	# of nodes: 			953
	# of irgs: 				6
	# of cf manipulations: 	66
	# of memory operations: 148
	# of types: 			226



Using pass: pass_remove_void_calls
	 :: Pass failed on irg 'r_func_1' -- No improvement
	# of nodes: 			953
	# of irgs: 				6
	# of cf manipulations: 	66
	# of memory operations: 148
	# of types: 			226



Using pass: pass_libfirm_remove_bads -- No improvement
	# of nodes: 			953
	# of irgs: 				6
	# of cf manipulations: 	66
	# of memory operations: 148
	# of types: 			226



Using pass: pass_remove_void_calls -- No improvement
	# of nodes: 			953
	# of irgs: 				6
	# of cf manipulations: 	66
	# of memory operations: 148
	# of types: 			226



Using pass: pass_libfirm_scalar_replacement_opt -- No improvement
	# of nodes: 			953
	# of irgs: 				6
	# of cf manipulations: 	66
	# of memory operations: 148
	# of types: 			226



Using pass: pass_libfirm_do_loop_inversion -- No improvement
	# of nodes: 			953
	# of irgs: 				6
	# of cf manipulations: 	66
	# of memory operations: 148
	# of types: 			226



Using pass: pass_libfirm_opt_if_conv -- Successful
	# of nodes: 			913
	# of irgs: 				6
	# of cf manipulations: 	76
	# of memory operations: 140
	# of types: 			226



Using pass: pass_simplify_consts -- Successful
	# of nodes: 			439
	# of irgs: 				6
	# of cf manipulations: 	40
	# of memory operations: 86
	# of types: 			226



Using pass: pass_libfirm_normalize_one_return -- No improvement
	# of nodes: 			439
	# of irgs: 				6
	# of cf manipulations: 	40
	# of memory operations: 86
	# of types: 			226



Using pass: pass_libfirm_normalize_n_returns -- Successful
	# of nodes: 			435
	# of irgs: 				6
	# of cf manipulations: 	39
	# of memory operations: 86
	# of types: 			226



Using pass: pass_check_validity -- No improvement
	# of nodes: 			435
	# of irgs: 				6
	# of cf manipulations: 	39
	# of memory operations: 86
	# of types: 			226



Using pass: pass_replace_mux_selectors -- No improvement
	# of nodes: 			435
	# of irgs: 				6
	# of cf manipulations: 	39
	# of memory operations: 86
	# of types: 			226



Using pass: pass_libfirm_remove_critical_cf_edges -- No improvement
	# of nodes: 			435
	# of irgs: 				6
	# of cf manipulations: 	39
	# of memory operations: 86
	# of types: 			226



Using pass: pass_remove_allocs -- Successful
	# of nodes: 			421
	# of irgs: 				6
	# of cf manipulations: 	39
	# of memory operations: 79
	# of types: 			226



Using pass: pass_simplify_consts -- No improvement
	# of nodes: 			421
	# of irgs: 				6
	# of cf manipulations: 	39
	# of memory operations: 79
	# of types: 			226



Using pass: pass_libfirm_opt_funccalls -- No improvement
	# of nodes: 			421
	# of irgs: 				6
	# of cf manipulations: 	39
	# of memory operations: 79
	# of types: 			226



Using pass: pass_libfirm_scalar_replacement_opt -- No improvement
	# of nodes: 			421
	# of irgs: 				6
	# of cf manipulations: 	39
	# of memory operations: 79
	# of types: 			226



Using pass: pass_libfirm_opt_parallelize_mem -- No improvement
	# of nodes: 			421
	# of irgs: 				6
	# of cf manipulations: 	39
	# of memory operations: 79
	# of types: 			226



Using pass: pass_libfirm_optimize_reassociation -- No improvement
	# of nodes: 			421
	# of irgs: 				6
	# of cf manipulations: 	39
	# of memory operations: 79
	# of types: 			226



Using pass: pass_gc_irgs_primitive
	 :: interestingness test failed on irg 'r_func_3'
	 :: interestingness test failed on irg 'r_func_3'
	 :: interestingness test failed on irg 'r_func_1' -- Successful
	# of nodes: 			291
	# of irgs: 				5
	# of cf manipulations: 	29
	# of memory operations: 52
	# of types: 			226



Using pass: pass_libfirm_dead_code_elimination -- No improvement
	# of nodes: 			291
	# of irgs: 				5
	# of cf manipulations: 	29
	# of memory operations: 52
	# of types: 			226



Using pass: pass_libfirm_opt_tail_rec -- No improvement
	# of nodes: 			291
	# of irgs: 				5
	# of cf manipulations: 	29
	# of memory operations: 52
	# of types: 			226



Using pass: pass_libfirm_opt_parallelize_mem -- No improvement
	# of nodes: 			291
	# of irgs: 				5
	# of cf manipulations: 	29
	# of memory operations: 52
	# of types: 			226



Using pass: pass_libfirm_construct_confirms -- No improvement
	# of nodes: 			291
	# of irgs: 				5
	# of cf manipulations: 	29
	# of memory operations: 52
	# of types: 			226



Using pass: pass_replace_members -- No improvement
	# of nodes: 			291
	# of irgs: 				5
	# of cf manipulations: 	29
	# of memory operations: 52
	# of types: 			226



Using pass: pass_libfirm_construct_confirms -- No improvement
	# of nodes: 			291
	# of irgs: 				5
	# of cf manipulations: 	29
	# of memory operations: 52
	# of types: 			226



Using pass: pass_libfirm_optimize_reassociation -- No improvement
	# of nodes: 			291
	# of irgs: 				5
	# of cf manipulations: 	29
	# of memory operations: 52
	# of types: 			226



Using pass: pass_libfirm_optimize_reassociation -- No improvement
	# of nodes: 			291
	# of irgs: 				5
	# of cf manipulations: 	29
	# of memory operations: 52
	# of types: 			226



Using pass: pass_libfirm_gvn_pre -- No improvement
	# of nodes: 			291
	# of irgs: 				5
	# of cf manipulations: 	29
	# of memory operations: 52
	# of types: 			226



Using pass: pass_remove_allocs -- No improvement
	# of nodes: 			291
	# of irgs: 				5
	# of cf manipulations: 	29
	# of memory operations: 52
	# of types: 			226



Using pass: pass_libfirm_remove_tuples -- No improvement
	# of nodes: 			291
	# of irgs: 				5
	# of cf manipulations: 	29
	# of memory operations: 52
	# of types: 			226



Using pass: pass_libfirm_do_loop_unrolling -- No improvement
	# of nodes: 			291
	# of irgs: 				5
	# of cf manipulations: 	29
	# of memory operations: 52
	# of types: 			226



Using pass: pass_libfirm_do_loop_unrolling -- No improvement
	# of nodes: 			291
	# of irgs: 				5
	# of cf manipulations: 	29
	# of memory operations: 52
	# of types: 			226



Using pass: pass_replace_switch_selectors -- No improvement
	# of nodes: 			291
	# of irgs: 				5
	# of cf manipulations: 	29
	# of memory operations: 52
	# of types: 			226



Using pass: pass_libfirm_opt_parallelize_mem -- No improvement
	# of nodes: 			291
	# of irgs: 				5
	# of cf manipulations: 	29
	# of memory operations: 52
	# of types: 			226



Using pass: pass_libfirm_normalize_one_return -- No improvement
	# of nodes: 			291
	# of irgs: 				5
	# of cf manipulations: 	29
	# of memory operations: 52
	# of types: 			226



Using pass: pass_libfirm_remove_critical_cf_edges -- No improvement
	# of nodes: 			291
	# of irgs: 				5
	# of cf manipulations: 	29
	# of memory operations: 52
	# of types: 			226



Using pass: pass_libfirm_remove_critical_cf_edges -- No improvement
	# of nodes: 			291
	# of irgs: 				5
	# of cf manipulations: 	29
	# of memory operations: 52
	# of types: 			226



Using pass: pass_replace_cond_selectors -- Successful
	# of nodes: 			278
	# of irgs: 				5
	# of cf manipulations: 	26
	# of memory operations: 52
	# of types: 			226



Using pass: pass_libfirm_opt_parallelize_mem -- No improvement
	# of nodes: 			278
	# of irgs: 				5
	# of cf manipulations: 	26
	# of memory operations: 52
	# of types: 			226



Using pass: pass_libfirm_optimize_cf -- Successful
	# of nodes: 			266
	# of irgs: 				5
	# of cf manipulations: 	20
	# of memory operations: 52
	# of types: 			226



Using pass: pass_libfirm_gvn_pre -- Successful
	# of nodes: 			274
	# of irgs: 				5
	# of cf manipulations: 	24
	# of memory operations: 52
	# of types: 			226



Using pass: pass_replace_mux_selectors -- No improvement
	# of nodes: 			274
	# of irgs: 				5
	# of cf manipulations: 	24
	# of memory operations: 52
	# of types: 			226



Using pass: pass_libfirm_occult_consts -- No improvement
	# of nodes: 			274
	# of irgs: 				5
	# of cf manipulations: 	24
	# of memory operations: 52
	# of types: 			226



Using pass: pass_libfirm_scalar_replacement_opt -- No improvement
	# of nodes: 			274
	# of irgs: 				5
	# of cf manipulations: 	24
	# of memory operations: 52
	# of types: 			226



Using pass: pass_libfirm_gvn_pre -- Successful
	# of nodes: 			278
	# of irgs: 				5
	# of cf manipulations: 	26
	# of memory operations: 52
	# of types: 			226



Using pass: pass_libfirm_opt_blocks -- Successful
	# of nodes: 			280
	# of irgs: 				5
	# of cf manipulations: 	26
	# of memory operations: 52
	# of types: 			226



Using pass: pass_libfirm_opt_frame -- No improvement
	# of nodes: 			280
	# of irgs: 				5
	# of cf manipulations: 	26
	# of memory operations: 52
	# of types: 			226



Using pass: pass_libfirm_dead_code_elimination -- No improvement
	# of nodes: 			280
	# of irgs: 				5
	# of cf manipulations: 	26
	# of memory operations: 52
	# of types: 			226



Using pass: pass_libfirm_conv_opt -- No improvement
	# of nodes: 			280
	# of irgs: 				5
	# of cf manipulations: 	26
	# of memory operations: 52
	# of types: 			226



Using pass: pass_remove_allocs -- No improvement
	# of nodes: 			280
	# of irgs: 				5
	# of cf manipulations: 	26
	# of memory operations: 52
	# of types: 			226



Using pass: pass_libfirm_opt_bool -- No improvement
	# of nodes: 			280
	# of irgs: 				5
	# of cf manipulations: 	26
	# of memory operations: 52
	# of types: 			226



Using pass: pass_libfirm_combo -- Successful
	# of nodes: 			278
	# of irgs: 				5
	# of cf manipulations: 	26
	# of memory operations: 52
	# of types: 			226



Using pass: pass_libfirm_opt_frame -- No improvement
	# of nodes: 			278
	# of irgs: 				5
	# of cf manipulations: 	26
	# of memory operations: 52
	# of types: 			226



Using pass: pass_replace_members -- No improvement
	# of nodes: 			278
	# of irgs: 				5
	# of cf manipulations: 	26
	# of memory operations: 52
	# of types: 			226



Using pass: pass_libfirm_remove_bads -- No improvement
	# of nodes: 			278
	# of irgs: 				5
	# of cf manipulations: 	26
	# of memory operations: 52
	# of types: 			226



Using pass: pass_libfirm_combo -- No improvement
	# of nodes: 			278
	# of irgs: 				5
	# of cf manipulations: 	26
	# of memory operations: 52
	# of types: 			226



Using pass: pass_replace_switch_selectors -- No improvement
	# of nodes: 			278
	# of irgs: 				5
	# of cf manipulations: 	26
	# of memory operations: 52
	# of types: 			226



Using pass: pass_libfirm_do_loop_unrolling -- No improvement
	# of nodes: 			278
	# of irgs: 				5
	# of cf manipulations: 	26
	# of memory operations: 52
	# of types: 			226



Using pass: pass_replace_mux_selectors -- No improvement
	# of nodes: 			278
	# of irgs: 				5
	# of cf manipulations: 	26
	# of memory operations: 52
	# of types: 			226



Using pass: pass_replace_loads
	 :: Pass failed on irg 'r_func_4'
	 :: Pass failed on irg 'r_func_3'
	 :: Pass failed on irg 'r_func_4'
	 :: Pass failed on irg 'r_func_2'
	 :: Pass failed on irg 'r_func_1' -- No improvement
	# of nodes: 			278
	# of irgs: 				5
	# of cf manipulations: 	26
	# of memory operations: 52
	# of types: 			226



Using pass: pass_gc_irgs_primitive
	 :: interestingness test failed on irg 'r_func_4'
	 :: interestingness test failed on irg 'r_func_2'
	 :: interestingness test failed on irg 'r_func_1' -- No improvement
	# of nodes: 			278
	# of irgs: 				5
	# of cf manipulations: 	26
	# of memory operations: 52
	# of types: 			226



Using pass: pass_libfirm_do_loop_peeling
	 :: Pass failed on irg 'r_func_2'
	 :: Pass failed on irg 'r_func_2' -- No improvement
	# of nodes: 			278
	# of irgs: 				5
	# of cf manipulations: 	26
	# of memory operations: 52
	# of types: 			226



Using pass: pass_libfirm_opt_jumpthreading -- No improvement
	# of nodes: 			278
	# of irgs: 				5
	# of cf manipulations: 	26
	# of memory operations: 52
	# of types: 			226



Using pass: pass_replace_mux_selectors -- No improvement
	# of nodes: 			278
	# of irgs: 				5
	# of cf manipulations: 	26
	# of memory operations: 52
	# of types: 			226



Using pass: pass_libfirm_normalize_n_returns -- Successful
	# of nodes: 			275
	# of irgs: 				5
	# of cf manipulations: 	25
	# of memory operations: 52
	# of types: 			226



Using pass: pass_replace_cond_selectors -- No improvement
	# of nodes: 			275
	# of irgs: 				5
	# of cf manipulations: 	25
	# of memory operations: 52
	# of types: 			226



Using pass: pass_replace_cond_selectors -- Successful
	# of nodes: 			212
	# of irgs: 				5
	# of cf manipulations: 	12
	# of memory operations: 50
	# of types: 			226



Using pass: pass_gc_irgs_primitive
	 :: interestingness test failed on irg 'r_func_3'
	 :: interestingness test failed on irg 'r_func_1' -- No improvement
	# of nodes: 			212
	# of irgs: 				5
	# of cf manipulations: 	12
	# of memory operations: 50
	# of types: 			226



Using pass: pass_replace_proj_primitive -- Successful
	# of nodes: 			175
	# of irgs: 				5
	# of cf manipulations: 	12
	# of memory operations: 47
	# of types: 			226



Using pass: pass_remove_void_calls -- Successful
	# of nodes: 			160
	# of irgs: 				5
	# of cf manipulations: 	12
	# of memory operations: 42
	# of types: 			226



Using pass: pass_libfirm_optimize_reassociation -- No improvement
	# of nodes: 			160
	# of irgs: 				5
	# of cf manipulations: 	12
	# of memory operations: 42
	# of types: 			226



Using pass: pass_libfirm_opt_ldst
	 :: Pass failed on irg 'r_func_3'
	 :: Pass failed on irg 'r_func_1'
	 :: Pass failed on irg 'main'
	 :: Pass failed on irg 'r_func_4'
	 :: Pass failed on irg 'r_func_3' -- No improvement
	# of nodes: 			160
	# of irgs: 				5
	# of cf manipulations: 	12
	# of memory operations: 42
	# of types: 			226



Using pass: pass_libfirm_optimize_load_store -- Successful
	# of nodes: 			139
	# of irgs: 				5
	# of cf manipulations: 	12
	# of memory operations: 36
	# of types: 			226



Using pass: pass_gc_irgs_primitive
	 :: interestingness test failed on irg 'r_func_4' -- Successful
	# of nodes: 			7
	# of irgs: 				1
	# of cf manipulations: 	2
	# of memory operations: 0
	# of types: 			226



Using pass: pass_replace_proj_primitive -- No improvement
	# of nodes: 			7
	# of irgs: 				1
	# of cf manipulations: 	2
	# of memory operations: 0
	# of types: 			226



Using pass: pass_libfirm_do_loop_inversion -- No improvement
	# of nodes: 			7
	# of irgs: 				1
	# of cf manipulations: 	2
	# of memory operations: 0
	# of types: 			226



Using pass: pass_libfirm_opt_funccalls -- No improvement
	# of nodes: 			7
	# of irgs: 				1
	# of cf manipulations: 	2
	# of memory operations: 0
	# of types: 			226



Using pass: pass_libfirm_construct_confirms -- No improvement
	# of nodes: 			7
	# of irgs: 				1
	# of cf manipulations: 	2
	# of memory operations: 0
	# of types: 			226



Using pass: pass_simplify_consts -- No improvement
	# of nodes: 			7
	# of irgs: 				1
	# of cf manipulations: 	2
	# of memory operations: 0
	# of types: 			226



Using pass: pass_remove_void_calls -- No improvement
	# of nodes: 			7
	# of irgs: 				1
	# of cf manipulations: 	2
	# of memory operations: 0
	# of types: 			226



Using pass: pass_libfirm_optimize_graph_df -- No improvement
	# of nodes: 			7
	# of irgs: 				1
	# of cf manipulations: 	2
	# of memory operations: 0
	# of types: 			226



Using pass: pass_libfirm_combo -- No improvement
	# of nodes: 			7
	# of irgs: 				1
	# of cf manipulations: 	2
	# of memory operations: 0
	# of types: 			226



Using pass: pass_remove_stores -- No improvement
	# of nodes: 			7
	# of irgs: 				1
	# of cf manipulations: 	2
	# of memory operations: 0
	# of types: 			226



Using pass: pass_libfirm_do_loop_peeling -- No improvement
	# of nodes: 			7
	# of irgs: 				1
	# of cf manipulations: 	2
	# of memory operations: 0
	# of types: 			226



Using pass: pass_replace_arithmetic -- No improvement
	# of nodes: 			7
	# of irgs: 				1
	# of cf manipulations: 	2
	# of memory operations: 0
	# of types: 			226



Using pass: pass_check_validity -- No improvement
	# of nodes: 			7
	# of irgs: 				1
	# of cf manipulations: 	2
	# of memory operations: 0
	# of types: 			226



Using pass: pass_libfirm_opt_frame -- No improvement
	# of nodes: 			7
	# of irgs: 				1
	# of cf manipulations: 	2
	# of memory operations: 0
	# of types: 			226



Using pass: pass_gc_irgs_primitive -- No improvement
	# of nodes: 			7
	# of irgs: 				1
	# of cf manipulations: 	2
	# of memory operations: 0
	# of types: 			226



Using pass: pass_libfirm_remove_tuples -- No improvement
	# of nodes: 			7
	# of irgs: 				1
	# of cf manipulations: 	2
	# of memory operations: 0
	# of types: 			226



Using pass: pass_libfirm_do_loop_unrolling -- No improvement
	# of nodes: 			7
	# of irgs: 				1
	# of cf manipulations: 	2
	# of memory operations: 0
	# of types: 			226



Using pass: pass_libfirm_occult_consts -- No improvement
	# of nodes: 			7
	# of irgs: 				1
	# of cf manipulations: 	2
	# of memory operations: 0
	# of types: 			226



Using pass: pass_gc_irgs -- No improvement
	# of nodes: 			7
	# of irgs: 				1
	# of cf manipulations: 	2
	# of memory operations: 0
	# of types: 			226



Using pass: pass_libfirm_opt_frame -- No improvement
	# of nodes: 			7
	# of irgs: 				1
	# of cf manipulations: 	2
	# of memory operations: 0
	# of types: 			226



Using pass: pass_libfirm_opt_bool -- No improvement
	# of nodes: 			7
	# of irgs: 				1
	# of cf manipulations: 	2
	# of memory operations: 0
	# of types: 			226



Using pass: pass_libfirm_dead_code_elimination -- No improvement
	# of nodes: 			7
	# of irgs: 				1
	# of cf manipulations: 	2
	# of memory operations: 0
	# of types: 			226



Using pass: pass_libfirm_construct_confirms -- No improvement
	# of nodes: 			7
	# of irgs: 				1
	# of cf manipulations: 	2
	# of memory operations: 0
	# of types: 			226



Using pass: pass_replace_proj_primitive -- No improvement
	# of nodes: 			7
	# of irgs: 				1
	# of cf manipulations: 	2
	# of memory operations: 0
	# of types: 			226



Using pass: pass_libfirm_remove_unreachable -- No improvement
	# of nodes: 			7
	# of irgs: 				1
	# of cf manipulations: 	2
	# of memory operations: 0
	# of types: 			226



Using pass: pass_libfirm_occult_consts -- No improvement
	# of nodes: 			7
	# of irgs: 				1
	# of cf manipulations: 	2
	# of memory operations: 0
	# of types: 			226



Using pass: pass_libfirm_optimize_graph_df -- No improvement
	# of nodes: 			7
	# of irgs: 				1
	# of cf manipulations: 	2
	# of memory operations: 0
	# of types: 			226



Using pass: pass_libfirm_conv_opt -- No improvement
	# of nodes: 			7
	# of irgs: 				1
	# of cf manipulations: 	2
	# of memory operations: 0
	# of types: 			226



Using pass: pass_libfirm_scalar_replacement_opt -- No improvement
	# of nodes: 			7
	# of irgs: 				1
	# of cf manipulations: 	2
	# of memory operations: 0
	# of types: 			226



Using pass: pass_libfirm_remove_tuples -- No improvement
	# of nodes: 			7
	# of irgs: 				1
	# of cf manipulations: 	2
	# of memory operations: 0
	# of types: 			226



Using pass: pass_simplify_consts -- No improvement
	# of nodes: 			7
	# of irgs: 				1
	# of cf manipulations: 	2
	# of memory operations: 0
	# of types: 			226



Using pass: pass_libfirm_opt_bool -- No improvement
	# of nodes: 			7
	# of irgs: 				1
	# of cf manipulations: 	2
	# of memory operations: 0
	# of types: 			226



Using pass: pass_libfirm_remove_unreachable -- No improvement
	# of nodes: 			7
	# of irgs: 				1
	# of cf manipulations: 	2
	# of memory operations: 0
	# of types: 			226



Using pass: pass_libfirm_combo -- No improvement
	# of nodes: 			7
	# of irgs: 				1
	# of cf manipulations: 	2
	# of memory operations: 0
	# of types: 			226



Using pass: pass_libfirm_opt_bool -- No improvement
	# of nodes: 			7
	# of irgs: 				1
	# of cf manipulations: 	2
	# of memory operations: 0
	# of types: 			226



Using pass: pass_remove_void_calls -- No improvement
	# of nodes: 			7
	# of irgs: 				1
	# of cf manipulations: 	2
	# of memory operations: 0
	# of types: 			226



Using pass: pass_libfirm_construct_confirms -- No improvement
	# of nodes: 			7
	# of irgs: 				1
	# of cf manipulations: 	2
	# of memory operations: 0
	# of types: 			226



Using pass: pass_libfirm_dead_code_elimination -- No improvement
	# of nodes: 			7
	# of irgs: 				1
	# of cf manipulations: 	2
	# of memory operations: 0
	# of types: 			226



Using pass: pass_replace_cond_selectors -- No improvement
	# of nodes: 			7
	# of irgs: 				1
	# of cf manipulations: 	2
	# of memory operations: 0
	# of types: 			226



Using pass: pass_libfirm_optimize_cf -- No improvement
	# of nodes: 			7
	# of irgs: 				1
	# of cf manipulations: 	2
	# of memory operations: 0
	# of types: 			226



Using pass: pass_libfirm_combo -- No improvement
	# of nodes: 			7
	# of irgs: 				1
	# of cf manipulations: 	2
	# of memory operations: 0
	# of types: 			226



Using pass: pass_libfirm_optimize_graph_df -- No improvement
	# of nodes: 			7
	# of irgs: 				1
	# of cf manipulations: 	2
	# of memory operations: 0
	# of types: 			226



Using pass: pass_libfirm_optimize_reassociation -- No improvement
	# of nodes: 			7
	# of irgs: 				1
	# of cf manipulations: 	2
	# of memory operations: 0
	# of types: 			226



Using pass: pass_gc_irgs_primitive -- No improvement
	# of nodes: 			7
	# of irgs: 				1
	# of cf manipulations: 	2
	# of memory operations: 0
	# of types: 			226



Using pass: pass_remove_stores -- No improvement
	# of nodes: 			7
	# of irgs: 				1
	# of cf manipulations: 	2
	# of memory operations: 0
	# of types: 			226



Using pass: pass_libfirm_gvn_pre -- No improvement
	# of nodes: 			7
	# of irgs: 				1
	# of cf manipulations: 	2
	# of memory operations: 0
	# of types: 			226



Using pass: pass_libfirm_opt_funccalls -- No improvement
	# of nodes: 			7
	# of irgs: 				1
	# of cf manipulations: 	2
	# of memory operations: 0
	# of types: 			226



Using pass: pass_libfirm_optimize_cf -- No improvement
	# of nodes: 			7
	# of irgs: 				1
	# of cf manipulations: 	2
	# of memory operations: 0
	# of types: 			226



Using pass: pass_libfirm_conv_opt -- No improvement
	# of nodes: 			7
	# of irgs: 				1
	# of cf manipulations: 	2
	# of memory operations: 0
	# of types: 			226



Using pass: pass_libfirm_optimize_cf -- No improvement
	# of nodes: 			7
	# of irgs: 				1
	# of cf manipulations: 	2
	# of memory operations: 0
	# of types: 			226



Using pass: pass_remove_void_calls -- No improvement
	# of nodes: 			7
	# of irgs: 				1
	# of cf manipulations: 	2
	# of memory operations: 0
	# of types: 			226



Using pass: pass_libfirm_dead_code_elimination -- No improvement
	# of nodes: 			7
	# of irgs: 				1
	# of cf manipulations: 	2
	# of memory operations: 0
	# of types: 			226



Using pass: pass_libfirm_gvn_pre -- No improvement
	# of nodes: 			7
	# of irgs: 				1
	# of cf manipulations: 	2
	# of memory operations: 0
	# of types: 			226



Using pass: pass_libfirm_remove_bads -- No improvement
	# of nodes: 			7
	# of irgs: 				1
	# of cf manipulations: 	2
	# of memory operations: 0
	# of types: 			226



Using pass: pass_libfirm_remove_bads -- No improvement
	# of nodes: 			7
	# of irgs: 				1
	# of cf manipulations: 	2
	# of memory operations: 0
	# of types: 			226



Using pass: pass_replace_cond_selectors -- No improvement
	# of nodes: 			7
	# of irgs: 				1
	# of cf manipulations: 	2
	# of memory operations: 0
	# of types: 			226



Using pass: pass_libfirm_opt_frame -- No improvement
	# of nodes: 			7
	# of irgs: 				1
	# of cf manipulations: 	2
	# of memory operations: 0
	# of types: 			226



Using pass: pass_libfirm_scalar_replacement_opt -- No improvement
	# of nodes: 			7
	# of irgs: 				1
	# of cf manipulations: 	2
	# of memory operations: 0
	# of types: 			226



Using pass: pass_libfirm_scalar_replacement_opt -- No improvement
	# of nodes: 			7
	# of irgs: 				1
	# of cf manipulations: 	2
	# of memory operations: 0
	# of types: 			226



Using pass: pass_libfirm_optimize_cf -- No improvement
	# of nodes: 			7
	# of irgs: 				1
	# of cf manipulations: 	2
	# of memory operations: 0
	# of types: 			226



Using pass: pass_libfirm_remove_bads -- No improvement
	# of nodes: 			7
	# of irgs: 				1
	# of cf manipulations: 	2
	# of memory operations: 0
	# of types: 			226




 :: 2nd reduction cycle

Using pass: pass_gc_irgs_primitive -- Trying irg 'r_func_3' -- No improvement
Using pass: pass_gc_irgs_primitive -- Trying irg 'r_func_3' -- No improvement
Using pass: pass_gc_irgs_primitive -- Trying irg 'r_func_1' -- No improvement
Using pass: pass_gc_irgs_primitive -- Trying irg 'r_func_4' -- No improvement
Using pass: pass_gc_irgs_primitive -- Trying irg 'r_func_2' -- No improvement
Using pass: pass_gc_irgs_primitive -- Trying irg 'r_func_1' -- No improvement
Using pass: pass_gc_irgs_primitive -- Trying irg 'r_func_3' -- No improvement
Using pass: pass_gc_irgs_primitive -- Trying irg 'r_func_1' -- No improvement
Using pass: pass_gc_irgs_primitive -- Trying irg 'r_func_4' -- No improvement

______________________________

No further reduction possible.

Result:
	# of nodes: 			7
	# of irgs: 				1
	# of cf manipulations: 	2
	# of memory operations: 0
	# of types: 			226

2018-08-24 10:19:27