2018-08-24 09:01:06 -- Firmreduce -- Results

Initial Test-case size:
	# of nodes: 			13204
	# of irgs: 				101
	# of cf manipulations: 	754
	# of memory operations: 2121
	# of types: 			2560


Using pass: pass_gc_irgs
	 :: Pass failed on irg 'r_func_97'
	 :: Pass failed on irg 'r_func_80'
	 :: Pass failed on irg 'r_func_66'
	 :: Pass failed on irg 'r_func_77'
	 :: Pass failed on irg 'r_func_29'
	 :: Pass failed on irg 'r_func_44'
	 :: Pass failed on irg 'r_func_20' -- Successful
	# of nodes: 			77
	# of irgs: 				2
	# of cf manipulations: 	10
	# of memory operations: 8
	# of types: 			2560



Using pass: pass_libfirm_do_loop_unrolling -- No improvement
	# of nodes: 			77
	# of irgs: 				2
	# of cf manipulations: 	10
	# of memory operations: 8
	# of types: 			2560



Using pass: pass_libfirm_opt_bool -- No improvement
	# of nodes: 			77
	# of irgs: 				2
	# of cf manipulations: 	10
	# of memory operations: 8
	# of types: 			2560



Using pass: pass_libfirm_opt_if_conv -- Successful
	# of nodes: 			83
	# of irgs: 				2
	# of cf manipulations: 	12
	# of memory operations: 8
	# of types: 			2560



Using pass: pass_libfirm_opt_if_conv -- No improvement
	# of nodes: 			83
	# of irgs: 				2
	# of cf manipulations: 	12
	# of memory operations: 8
	# of types: 			2560



Using pass: pass_libfirm_combo -- No improvement
	# of nodes: 			83
	# of irgs: 				2
	# of cf manipulations: 	12
	# of memory operations: 8
	# of types: 			2560



Using pass: pass_libfirm_do_loop_inversion -- No improvement
	# of nodes: 			83
	# of irgs: 				2
	# of cf manipulations: 	12
	# of memory operations: 8
	# of types: 			2560



Using pass: pass_libfirm_opt_bool -- No improvement
	# of nodes: 			83
	# of irgs: 				2
	# of cf manipulations: 	12
	# of memory operations: 8
	# of types: 			2560



Using pass: pass_libfirm_opt_funccalls -- No improvement
	# of nodes: 			83
	# of irgs: 				2
	# of cf manipulations: 	12
	# of memory operations: 8
	# of types: 			2560



Using pass: pass_libfirm_opt_ldst
	 :: Pass failed on irg 'r_func_23'
	 :: Pass failed on irg 'main' -- No improvement
	# of nodes: 			83
	# of irgs: 				2
	# of cf manipulations: 	12
	# of memory operations: 8
	# of types: 			2560



Using pass: pass_replace_loads
	 :: Pass failed on irg 'r_func_23' -- No improvement
	# of nodes: 			83
	# of irgs: 				2
	# of cf manipulations: 	12
	# of memory operations: 8
	# of types: 			2560



Using pass: pass_remove_stores -- Successful
	# of nodes: 			34
	# of irgs: 				2
	# of cf manipulations: 	4
	# of memory operations: 5
	# of types: 			2560



Using pass: pass_libfirm_construct_confirms -- No improvement
	# of nodes: 			34
	# of irgs: 				2
	# of cf manipulations: 	4
	# of memory operations: 5
	# of types: 			2560



Using pass: pass_libfirm_remove_bads -- No improvement
	# of nodes: 			34
	# of irgs: 				2
	# of cf manipulations: 	4
	# of memory operations: 5
	# of types: 			2560



Using pass: pass_libfirm_opt_parallelize_mem -- No improvement
	# of nodes: 			34
	# of irgs: 				2
	# of cf manipulations: 	4
	# of memory operations: 5
	# of types: 			2560



Using pass: pass_replace_return_values -- Successful
	# of nodes: 			32
	# of irgs: 				2
	# of cf manipulations: 	4
	# of memory operations: 5
	# of types: 			2560



Using pass: pass_replace_arithmetic -- No improvement
	# of nodes: 			32
	# of irgs: 				2
	# of cf manipulations: 	4
	# of memory operations: 5
	# of types: 			2560



Using pass: pass_replace_members -- No improvement
	# of nodes: 			32
	# of irgs: 				2
	# of cf manipulations: 	4
	# of memory operations: 5
	# of types: 			2560



Using pass: pass_replace_proj_primitive -- Successful
	# of nodes: 			32
	# of irgs: 				2
	# of cf manipulations: 	4
	# of memory operations: 5
	# of types: 			2560



Using pass: pass_replace_arithmetic -- No improvement
	# of nodes: 			32
	# of irgs: 				2
	# of cf manipulations: 	4
	# of memory operations: 5
	# of types: 			2560



Using pass: pass_libfirm_optimize_reassociation -- No improvement
	# of nodes: 			32
	# of irgs: 				2
	# of cf manipulations: 	4
	# of memory operations: 5
	# of types: 			2560



Using pass: pass_libfirm_optimize_graph_df -- No improvement
	# of nodes: 			32
	# of irgs: 				2
	# of cf manipulations: 	4
	# of memory operations: 5
	# of types: 			2560



Using pass: pass_libfirm_do_loop_peeling -- No improvement
	# of nodes: 			32
	# of irgs: 				2
	# of cf manipulations: 	4
	# of memory operations: 5
	# of types: 			2560



Using pass: pass_libfirm_remove_bads -- No improvement
	# of nodes: 			32
	# of irgs: 				2
	# of cf manipulations: 	4
	# of memory operations: 5
	# of types: 			2560



Using pass: pass_libfirm_remove_tuples -- No improvement
	# of nodes: 			32
	# of irgs: 				2
	# of cf manipulations: 	4
	# of memory operations: 5
	# of types: 			2560



Using pass: pass_libfirm_opt_jumpthreading -- No improvement
	# of nodes: 			32
	# of irgs: 				2
	# of cf manipulations: 	4
	# of memory operations: 5
	# of types: 			2560



Using pass: pass_libfirm_remove_critical_cf_edges -- No improvement
	# of nodes: 			32
	# of irgs: 				2
	# of cf manipulations: 	4
	# of memory operations: 5
	# of types: 			2560



Using pass: pass_libfirm_opt_jumpthreading -- No improvement
	# of nodes: 			32
	# of irgs: 				2
	# of cf manipulations: 	4
	# of memory operations: 5
	# of types: 			2560



Using pass: pass_libfirm_construct_confirms -- No improvement
	# of nodes: 			32
	# of irgs: 				2
	# of cf manipulations: 	4
	# of memory operations: 5
	# of types: 			2560



Using pass: pass_libfirm_opt_tail_rec -- No improvement
	# of nodes: 			32
	# of irgs: 				2
	# of cf manipulations: 	4
	# of memory operations: 5
	# of types: 			2560



Using pass: pass_libfirm_remove_tuples -- No improvement
	# of nodes: 			32
	# of irgs: 				2
	# of cf manipulations: 	4
	# of memory operations: 5
	# of types: 			2560



Using pass: pass_remove_void_calls -- No improvement
	# of nodes: 			32
	# of irgs: 				2
	# of cf manipulations: 	4
	# of memory operations: 5
	# of types: 			2560



Using pass: pass_libfirm_normalize_one_return -- No improvement
	# of nodes: 			32
	# of irgs: 				2
	# of cf manipulations: 	4
	# of memory operations: 5
	# of types: 			2560



Using pass: pass_libfirm_opt_blocks -- No improvement
	# of nodes: 			32
	# of irgs: 				2
	# of cf manipulations: 	4
	# of memory operations: 5
	# of types: 			2560



Using pass: pass_gc_entitites -- No improvement
	# of nodes: 			32
	# of irgs: 				2
	# of cf manipulations: 	4
	# of memory operations: 5
	# of types: 			2560



Using pass: pass_libfirm_opt_if_conv -- No improvement
	# of nodes: 			32
	# of irgs: 				2
	# of cf manipulations: 	4
	# of memory operations: 5
	# of types: 			2560



Using pass: pass_libfirm_do_loop_unrolling -- No improvement
	# of nodes: 			32
	# of irgs: 				2
	# of cf manipulations: 	4
	# of memory operations: 5
	# of types: 			2560



Using pass: pass_libfirm_construct_confirms -- No improvement
	# of nodes: 			32
	# of irgs: 				2
	# of cf manipulations: 	4
	# of memory operations: 5
	# of types: 			2560



Using pass: pass_simplify_consts -- Successful
	# of nodes: 			29
	# of irgs: 				2
	# of cf manipulations: 	4
	# of memory operations: 5
	# of types: 			2560



Using pass: pass_simplify_consts -- No improvement
	# of nodes: 			29
	# of irgs: 				2
	# of cf manipulations: 	4
	# of memory operations: 5
	# of types: 			2560



Using pass: pass_replace_switch_selectors -- No improvement
	# of nodes: 			29
	# of irgs: 				2
	# of cf manipulations: 	4
	# of memory operations: 5
	# of types: 			2560



Using pass: pass_gc_entitites -- No improvement
	# of nodes: 			29
	# of irgs: 				2
	# of cf manipulations: 	4
	# of memory operations: 5
	# of types: 			2560



Using pass: pass_libfirm_remove_bads -- No improvement
	# of nodes: 			29
	# of irgs: 				2
	# of cf manipulations: 	4
	# of memory operations: 5
	# of types: 			2560



Using pass: pass_remove_stores -- No improvement
	# of nodes: 			29
	# of irgs: 				2
	# of cf manipulations: 	4
	# of memory operations: 5
	# of types: 			2560



Using pass: pass_libfirm_opt_blocks -- No improvement
	# of nodes: 			29
	# of irgs: 				2
	# of cf manipulations: 	4
	# of memory operations: 5
	# of types: 			2560



Using pass: pass_libfirm_opt_ldst
	 :: Pass failed on irg 'r_func_23'
	 :: Pass failed on irg 'r_func_23' -- No improvement
	# of nodes: 			29
	# of irgs: 				2
	# of cf manipulations: 	4
	# of memory operations: 5
	# of types: 			2560



Using pass: pass_libfirm_remove_critical_cf_edges -- No improvement
	# of nodes: 			29
	# of irgs: 				2
	# of cf manipulations: 	4
	# of memory operations: 5
	# of types: 			2560



Using pass: pass_libfirm_conv_opt -- No improvement
	# of nodes: 			29
	# of irgs: 				2
	# of cf manipulations: 	4
	# of memory operations: 5
	# of types: 			2560



Using pass: pass_libfirm_remove_critical_cf_edges -- No improvement
	# of nodes: 			29
	# of irgs: 				2
	# of cf manipulations: 	4
	# of memory operations: 5
	# of types: 			2560



Using pass: pass_libfirm_do_loop_peeling -- No improvement
	# of nodes: 			29
	# of irgs: 				2
	# of cf manipulations: 	4
	# of memory operations: 5
	# of types: 			2560



Using pass: pass_libfirm_place_code -- No improvement
	# of nodes: 			29
	# of irgs: 				2
	# of cf manipulations: 	4
	# of memory operations: 5
	# of types: 			2560



Using pass: pass_replace_proj_primitive -- No improvement
	# of nodes: 			29
	# of irgs: 				2
	# of cf manipulations: 	4
	# of memory operations: 5
	# of types: 			2560



Using pass: pass_libfirm_scalar_replacement_opt -- No improvement
	# of nodes: 			29
	# of irgs: 				2
	# of cf manipulations: 	4
	# of memory operations: 5
	# of types: 			2560



Using pass: pass_remove_allocs -- Successful
	# of nodes: 			20
	# of irgs: 				2
	# of cf manipulations: 	4
	# of memory operations: 1
	# of types: 			2560



Using pass: pass_replace_arithmetic -- No improvement
	# of nodes: 			20
	# of irgs: 				2
	# of cf manipulations: 	4
	# of memory operations: 1
	# of types: 			2560



Using pass: pass_libfirm_scalar_replacement_opt -- No improvement
	# of nodes: 			20
	# of irgs: 				2
	# of cf manipulations: 	4
	# of memory operations: 1
	# of types: 			2560



Using pass: pass_libfirm_normalize_one_return -- No improvement
	# of nodes: 			20
	# of irgs: 				2
	# of cf manipulations: 	4
	# of memory operations: 1
	# of types: 			2560



Using pass: pass_libfirm_opt_jumpthreading -- No improvement
	# of nodes: 			20
	# of irgs: 				2
	# of cf manipulations: 	4
	# of memory operations: 1
	# of types: 			2560



Using pass: pass_replace_members -- No improvement
	# of nodes: 			20
	# of irgs: 				2
	# of cf manipulations: 	4
	# of memory operations: 1
	# of types: 			2560



Using pass: pass_replace_loads
	 :: Pass failed on irg 'r_func_23' -- No improvement
	# of nodes: 			20
	# of irgs: 				2
	# of cf manipulations: 	4
	# of memory operations: 1
	# of types: 			2560



Using pass: pass_libfirm_remove_critical_cf_edges -- No improvement
	# of nodes: 			20
	# of irgs: 				2
	# of cf manipulations: 	4
	# of memory operations: 1
	# of types: 			2560



Using pass: pass_libfirm_conv_opt -- No improvement
	# of nodes: 			20
	# of irgs: 				2
	# of cf manipulations: 	4
	# of memory operations: 1
	# of types: 			2560



Using pass: pass_replace_members -- No improvement
	# of nodes: 			20
	# of irgs: 				2
	# of cf manipulations: 	4
	# of memory operations: 1
	# of types: 			2560



Using pass: pass_libfirm_opt_funccalls -- No improvement
	# of nodes: 			20
	# of irgs: 				2
	# of cf manipulations: 	4
	# of memory operations: 1
	# of types: 			2560



Using pass: pass_remove_allocs -- No improvement
	# of nodes: 			20
	# of irgs: 				2
	# of cf manipulations: 	4
	# of memory operations: 1
	# of types: 			2560



Using pass: pass_gc_irgs_primitive -- Successful
	# of nodes: 			7
	# of irgs: 				1
	# of cf manipulations: 	2
	# of memory operations: 0
	# of types: 			2560



Using pass: pass_libfirm_remove_critical_cf_edges -- No improvement
	# of nodes: 			7
	# of irgs: 				1
	# of cf manipulations: 	2
	# of memory operations: 0
	# of types: 			2560



Using pass: pass_libfirm_scalar_replacement_opt -- No improvement
	# of nodes: 			7
	# of irgs: 				1
	# of cf manipulations: 	2
	# of memory operations: 0
	# of types: 			2560



Using pass: pass_libfirm_remove_bads -- No improvement
	# of nodes: 			7
	# of irgs: 				1
	# of cf manipulations: 	2
	# of memory operations: 0
	# of types: 			2560



Using pass: pass_libfirm_opt_tail_rec -- No improvement
	# of nodes: 			7
	# of irgs: 				1
	# of cf manipulations: 	2
	# of memory operations: 0
	# of types: 			2560



Using pass: pass_libfirm_do_loop_peeling -- No improvement
	# of nodes: 			7
	# of irgs: 				1
	# of cf manipulations: 	2
	# of memory operations: 0
	# of types: 			2560



Using pass: pass_remove_stores -- No improvement
	# of nodes: 			7
	# of irgs: 				1
	# of cf manipulations: 	2
	# of memory operations: 0
	# of types: 			2560



Using pass: pass_remove_stores -- No improvement
	# of nodes: 			7
	# of irgs: 				1
	# of cf manipulations: 	2
	# of memory operations: 0
	# of types: 			2560



Using pass: pass_replace_proj_primitive -- No improvement
	# of nodes: 			7
	# of irgs: 				1
	# of cf manipulations: 	2
	# of memory operations: 0
	# of types: 			2560



Using pass: pass_libfirm_opt_if_conv -- No improvement
	# of nodes: 			7
	# of irgs: 				1
	# of cf manipulations: 	2
	# of memory operations: 0
	# of types: 			2560



Using pass: pass_replace_loads -- No improvement
	# of nodes: 			7
	# of irgs: 				1
	# of cf manipulations: 	2
	# of memory operations: 0
	# of types: 			2560



Using pass: pass_libfirm_remove_unreachable -- No improvement
	# of nodes: 			7
	# of irgs: 				1
	# of cf manipulations: 	2
	# of memory operations: 0
	# of types: 			2560



Using pass: pass_libfirm_opt_frame -- No improvement
	# of nodes: 			7
	# of irgs: 				1
	# of cf manipulations: 	2
	# of memory operations: 0
	# of types: 			2560



Using pass: pass_libfirm_opt_funccalls -- No improvement
	# of nodes: 			7
	# of irgs: 				1
	# of cf manipulations: 	2
	# of memory operations: 0
	# of types: 			2560



Using pass: pass_libfirm_combo -- No improvement
	# of nodes: 			7
	# of irgs: 				1
	# of cf manipulations: 	2
	# of memory operations: 0
	# of types: 			2560



Using pass: pass_libfirm_do_loop_inversion -- No improvement
	# of nodes: 			7
	# of irgs: 				1
	# of cf manipulations: 	2
	# of memory operations: 0
	# of types: 			2560



Using pass: pass_libfirm_opt_tail_rec -- No improvement
	# of nodes: 			7
	# of irgs: 				1
	# of cf manipulations: 	2
	# of memory operations: 0
	# of types: 			2560



Using pass: pass_libfirm_normalize_one_return -- No improvement
	# of nodes: 			7
	# of irgs: 				1
	# of cf manipulations: 	2
	# of memory operations: 0
	# of types: 			2560



Using pass: pass_libfirm_place_code -- No improvement
	# of nodes: 			7
	# of irgs: 				1
	# of cf manipulations: 	2
	# of memory operations: 0
	# of types: 			2560



Using pass: pass_libfirm_do_loop_inversion -- No improvement
	# of nodes: 			7
	# of irgs: 				1
	# of cf manipulations: 	2
	# of memory operations: 0
	# of types: 			2560



Using pass: pass_libfirm_optimize_reassociation -- No improvement
	# of nodes: 			7
	# of irgs: 				1
	# of cf manipulations: 	2
	# of memory operations: 0
	# of types: 			2560



Using pass: pass_simplify_consts -- No improvement
	# of nodes: 			7
	# of irgs: 				1
	# of cf manipulations: 	2
	# of memory operations: 0
	# of types: 			2560



Using pass: pass_libfirm_normalize_n_returns -- No improvement
	# of nodes: 			7
	# of irgs: 				1
	# of cf manipulations: 	2
	# of memory operations: 0
	# of types: 			2560



Using pass: pass_libfirm_remove_unreachable -- No improvement
	# of nodes: 			7
	# of irgs: 				1
	# of cf manipulations: 	2
	# of memory operations: 0
	# of types: 			2560



Using pass: pass_libfirm_do_loop_inversion -- No improvement
	# of nodes: 			7
	# of irgs: 				1
	# of cf manipulations: 	2
	# of memory operations: 0
	# of types: 			2560



Using pass: pass_remove_stores -- No improvement
	# of nodes: 			7
	# of irgs: 				1
	# of cf manipulations: 	2
	# of memory operations: 0
	# of types: 			2560



Using pass: pass_libfirm_opt_jumpthreading -- No improvement
	# of nodes: 			7
	# of irgs: 				1
	# of cf manipulations: 	2
	# of memory operations: 0
	# of types: 			2560



Using pass: pass_libfirm_remove_bads -- No improvement
	# of nodes: 			7
	# of irgs: 				1
	# of cf manipulations: 	2
	# of memory operations: 0
	# of types: 			2560



Using pass: pass_libfirm_opt_frame -- No improvement
	# of nodes: 			7
	# of irgs: 				1
	# of cf manipulations: 	2
	# of memory operations: 0
	# of types: 			2560



Using pass: pass_libfirm_dead_code_elimination -- No improvement
	# of nodes: 			7
	# of irgs: 				1
	# of cf manipulations: 	2
	# of memory operations: 0
	# of types: 			2560



Using pass: pass_libfirm_remove_bads -- No improvement
	# of nodes: 			7
	# of irgs: 				1
	# of cf manipulations: 	2
	# of memory operations: 0
	# of types: 			2560



Using pass: pass_libfirm_opt_if_conv -- No improvement
	# of nodes: 			7
	# of irgs: 				1
	# of cf manipulations: 	2
	# of memory operations: 0
	# of types: 			2560



Using pass: pass_simplify_consts -- No improvement
	# of nodes: 			7
	# of irgs: 				1
	# of cf manipulations: 	2
	# of memory operations: 0
	# of types: 			2560



Using pass: pass_libfirm_place_code -- No improvement
	# of nodes: 			7
	# of irgs: 				1
	# of cf manipulations: 	2
	# of memory operations: 0
	# of types: 			2560



Using pass: pass_libfirm_opt_tail_rec -- No improvement
	# of nodes: 			7
	# of irgs: 				1
	# of cf manipulations: 	2
	# of memory operations: 0
	# of types: 			2560



Using pass: pass_replace_cond_selectors -- No improvement
	# of nodes: 			7
	# of irgs: 				1
	# of cf manipulations: 	2
	# of memory operations: 0
	# of types: 			2560



Using pass: pass_remove_allocs -- No improvement
	# of nodes: 			7
	# of irgs: 				1
	# of cf manipulations: 	2
	# of memory operations: 0
	# of types: 			2560



Using pass: pass_libfirm_do_loop_inversion -- No improvement
	# of nodes: 			7
	# of irgs: 				1
	# of cf manipulations: 	2
	# of memory operations: 0
	# of types: 			2560



Using pass: pass_libfirm_opt_frame -- No improvement
	# of nodes: 			7
	# of irgs: 				1
	# of cf manipulations: 	2
	# of memory operations: 0
	# of types: 			2560



Using pass: pass_libfirm_scalar_replacement_opt -- No improvement
	# of nodes: 			7
	# of irgs: 				1
	# of cf manipulations: 	2
	# of memory operations: 0
	# of types: 			2560



Using pass: pass_libfirm_dead_code_elimination -- No improvement
	# of nodes: 			7
	# of irgs: 				1
	# of cf manipulations: 	2
	# of memory operations: 0
	# of types: 			2560



Using pass: pass_libfirm_scalar_replacement_opt -- No improvement
	# of nodes: 			7
	# of irgs: 				1
	# of cf manipulations: 	2
	# of memory operations: 0
	# of types: 			2560



Using pass: pass_libfirm_opt_tail_rec -- No improvement
	# of nodes: 			7
	# of irgs: 				1
	# of cf manipulations: 	2
	# of memory operations: 0
	# of types: 			2560



Using pass: pass_libfirm_dead_code_elimination -- No improvement
	# of nodes: 			7
	# of irgs: 				1
	# of cf manipulations: 	2
	# of memory operations: 0
	# of types: 			2560



Using pass: pass_libfirm_opt_bool -- No improvement
	# of nodes: 			7
	# of irgs: 				1
	# of cf manipulations: 	2
	# of memory operations: 0
	# of types: 			2560



Using pass: pass_libfirm_do_loop_peeling -- No improvement
	# of nodes: 			7
	# of irgs: 				1
	# of cf manipulations: 	2
	# of memory operations: 0
	# of types: 			2560



Using pass: pass_libfirm_opt_funccalls -- No improvement
	# of nodes: 			7
	# of irgs: 				1
	# of cf manipulations: 	2
	# of memory operations: 0
	# of types: 			2560



Using pass: pass_libfirm_scalar_replacement_opt -- No improvement
	# of nodes: 			7
	# of irgs: 				1
	# of cf manipulations: 	2
	# of memory operations: 0
	# of types: 			2560



Using pass: pass_replace_return_values -- No improvement
	# of nodes: 			7
	# of irgs: 				1
	# of cf manipulations: 	2
	# of memory operations: 0
	# of types: 			2560



Using pass: pass_libfirm_place_code -- No improvement
	# of nodes: 			7
	# of irgs: 				1
	# of cf manipulations: 	2
	# of memory operations: 0
	# of types: 			2560



Using pass: pass_libfirm_do_loop_unrolling -- No improvement
	# of nodes: 			7
	# of irgs: 				1
	# of cf manipulations: 	2
	# of memory operations: 0
	# of types: 			2560



Using pass: pass_libfirm_do_loop_peeling -- No improvement
	# of nodes: 			7
	# of irgs: 				1
	# of cf manipulations: 	2
	# of memory operations: 0
	# of types: 			2560



Using pass: pass_libfirm_remove_tuples -- No improvement
	# of nodes: 			7
	# of irgs: 				1
	# of cf manipulations: 	2
	# of memory operations: 0
	# of types: 			2560



Using pass: pass_remove_void_calls -- No improvement
	# of nodes: 			7
	# of irgs: 				1
	# of cf manipulations: 	2
	# of memory operations: 0
	# of types: 			2560



Using pass: pass_libfirm_normalize_one_return -- No improvement
	# of nodes: 			7
	# of irgs: 				1
	# of cf manipulations: 	2
	# of memory operations: 0
	# of types: 			2560



Using pass: pass_replace_proj_primitive -- No improvement
	# of nodes: 			7
	# of irgs: 				1
	# of cf manipulations: 	2
	# of memory operations: 0
	# of types: 			2560



Using pass: pass_libfirm_optimize_cf -- No improvement
	# of nodes: 			7
	# of irgs: 				1
	# of cf manipulations: 	2
	# of memory operations: 0
	# of types: 			2560



Using pass: pass_libfirm_gvn_pre -- No improvement
	# of nodes: 			7
	# of irgs: 				1
	# of cf manipulations: 	2
	# of memory operations: 0
	# of types: 			2560



Using pass: pass_libfirm_optimize_graph_df -- No improvement
	# of nodes: 			7
	# of irgs: 				1
	# of cf manipulations: 	2
	# of memory operations: 0
	# of types: 			2560



Using pass: pass_libfirm_optimize_graph_df -- No improvement
	# of nodes: 			7
	# of irgs: 				1
	# of cf manipulations: 	2
	# of memory operations: 0
	# of types: 			2560



Using pass: pass_libfirm_opt_tail_rec -- No improvement
	# of nodes: 			7
	# of irgs: 				1
	# of cf manipulations: 	2
	# of memory operations: 0
	# of types: 			2560



Using pass: pass_libfirm_gvn_pre -- No improvement
	# of nodes: 			7
	# of irgs: 				1
	# of cf manipulations: 	2
	# of memory operations: 0
	# of types: 			2560



Using pass: pass_libfirm_remove_unreachable -- No improvement
	# of nodes: 			7
	# of irgs: 				1
	# of cf manipulations: 	2
	# of memory operations: 0
	# of types: 			2560



Using pass: pass_gc_entitites -- No improvement
	# of nodes: 			7
	# of irgs: 				1
	# of cf manipulations: 	2
	# of memory operations: 0
	# of types: 			2560



Using pass: pass_libfirm_opt_parallelize_mem -- No improvement
	# of nodes: 			7
	# of irgs: 				1
	# of cf manipulations: 	2
	# of memory operations: 0
	# of types: 			2560



Using pass: pass_libfirm_dead_code_elimination -- No improvement
	# of nodes: 			7
	# of irgs: 				1
	# of cf manipulations: 	2
	# of memory operations: 0
	# of types: 			2560



Using pass: pass_libfirm_normalize_n_returns -- No improvement
	# of nodes: 			7
	# of irgs: 				1
	# of cf manipulations: 	2
	# of memory operations: 0
	# of types: 			2560



Using pass: pass_gc_entitites -- No improvement
	# of nodes: 			7
	# of irgs: 				1
	# of cf manipulations: 	2
	# of memory operations: 0
	# of types: 			2560



Using pass: pass_check_validity -- No improvement
	# of nodes: 			7
	# of irgs: 				1
	# of cf manipulations: 	2
	# of memory operations: 0
	# of types: 			2560



Using pass: pass_libfirm_place_code -- No improvement
	# of nodes: 			7
	# of irgs: 				1
	# of cf manipulations: 	2
	# of memory operations: 0
	# of types: 			2560



Using pass: pass_libfirm_opt_blocks -- No improvement
	# of nodes: 			7
	# of irgs: 				1
	# of cf manipulations: 	2
	# of memory operations: 0
	# of types: 			2560



Using pass: pass_remove_allocs -- No improvement
	# of nodes: 			7
	# of irgs: 				1
	# of cf manipulations: 	2
	# of memory operations: 0
	# of types: 			2560



Using pass: pass_check_validity -- No improvement
	# of nodes: 			7
	# of irgs: 				1
	# of cf manipulations: 	2
	# of memory operations: 0
	# of types: 			2560




 :: 2nd reduction cycle


______________________________

No further reduction possible.

Result:
	# of nodes: 			7
	# of irgs: 				1
	# of cf manipulations: 	2
	# of memory operations: 0
	# of types: 			2560

2018-08-24 09:01:22