2018-07-10 09:23:28 -- Firmreduce -- Results

Initial Test-case size:
	# of nodes: 			7504
	# of irgs: 				101
	# of cf manipulations: 	586
	# of memory operations: 1621
	# of types: 			2425


Using pass: pass_gc_irgs
	 :: Pass failed on irg 'r_func_26'
	 :: Pass failed on irg 'r_func_64'
	 :: Pass failed on irg 'r_func_90'
	 :: Pass failed on irg 'r_func_80'
	 :: Pass failed on irg 'r_func_47'
	 :: Reproducer test failed on irg 'r_func_25'
	 :: Reproducer test failed on irg 'r_func_30'
	 :: Pass failed on irg '_main'
	 :: Reproducer test failed on irg 'r_func_72'
	 :: Pass failed on irg 'r_func_69'
	 :: Reproducer test failed on irg 'r_func_97'
	 :: Pass failed on irg 'r_func_48'
	 :: Pass failed on irg 'r_func_11'
	 :: Reproducer test failed on irg 'r_func_52'
	 :: Pass failed on irg 'r_func_26'
	 :: Pass failed on irg 'r_func_5'
	 :: Pass failed on irg 'r_func_50'
	 :: Pass failed on irg 'r_func_77'
	 :: Pass failed on irg 'r_func_41'
	 :: Pass failed on irg 'r_func_38'
	 :: Pass failed on irg 'r_func_1'
	 :: Pass failed on irg 'r_func_98'
	 :: Pass failed on irg 'r_func_50'
	 :: Pass failed on irg 'r_func_77'
	 :: Pass failed on irg 'r_func_96'
	 :: Pass failed on irg 'r_func_79'
	 :: Pass failed on irg 'r_func_10'
	 :: Pass failed on irg 'r_func_81'
	 :: Pass failed on irg 'r_func_45'
	 :: Pass failed on irg 'r_func_64'
	 :: Pass failed on irg 'r_func_34'
	 :: Pass failed on irg 'r_func_71'
	 :: Pass failed on irg 'r_func_94'
	 :: Pass failed on irg 'r_func_90'
	 :: Pass failed on irg 'r_func_16'
	 :: Pass failed on irg 'r_func_6'
	 :: Pass failed on irg 'r_func_81'
	 :: Pass failed on irg 'r_func_12'
	 :: Pass failed on irg 'r_func_74'
	 :: Pass failed on irg 'r_func_19'
	 :: Pass failed on irg 'r_func_81'
	 :: Pass failed on irg 'r_func_70'
	 :: Pass failed on irg 'r_func_67'
	 :: Pass failed on irg 'r_func_93'
	 :: Pass failed on irg 'r_func_21'
	 :: Pass failed on irg 'r_func_59'
	 :: Pass failed on irg 'r_func_64'
	 :: Reproducer test failed on irg 'r_func_72'
	 :: Pass failed on irg 'r_func_1'
	 :: Pass failed on irg 'r_func_4'
	 :: Pass failed on irg 'r_func_76'
	 :: Pass failed on irg 'r_func_2'
	 :: Pass failed on irg 'r_func_1'
	 :: Pass failed on irg 'r_func_92'
	 :: Pass failed on irg 'r_func_80'
	 :: Pass failed on irg 'r_func_64'
	 :: Pass failed on irg 'r_func_70'
	 :: Pass failed on irg 'r_func_90'
	 :: Pass failed on irg 'r_func_10'
	 :: Pass failed on irg 'r_func_81'
	 :: Pass failed on irg 'r_func_19'
	 :: Pass failed on irg 'r_func_11'
	 :: Pass failed on irg 'r_func_17'
	 :: Pass failed on irg 'r_func_80'
	 :: Pass failed on irg '_main'
	 :: Reproducer test failed on irg 'main'
	 :: Reproducer test failed on irg 'r_func_86'
	 :: Pass failed on irg 'r_func_48'
	 :: Pass failed on irg 'r_func_12'
	 :: Pass failed on irg 'r_func_59'
	 :: Pass failed on irg 'r_func_67'
	 :: Pass failed on irg 'r_func_59'
	 :: Pass failed on irg 'r_func_95'
	 :: Pass failed on irg 'r_func_33'
	 :: Pass failed on irg 'r_func_17'
	 :: Pass failed on irg 'r_func_16'
	 :: Pass failed on irg 'r_func_58'
	 :: Pass failed on irg 'r_func_81'
	 :: Pass failed on irg 'r_func_54'
	 :: Pass failed on irg 'r_func_59'
	 :: Pass failed on irg 'r_func_85'
	 :: Pass failed on irg 'r_func_96'
	 :: Pass failed on irg 'r_func_27'
	 :: Pass failed on irg 'r_func_53'
	 :: Reproducer test failed on irg 'r_func_87'
	 :: Pass failed on irg 'r_func_6'
	 :: Pass failed on irg 'r_func_83'
	 :: Reproducer test failed on irg 'r_func_56'
	 :: Pass failed on irg 'r_func_62'
	 :: Pass failed on irg 'r_func_59'
	 :: Pass failed on irg 'r_func_2' -- No improvement
Using pass: pass_libfirm_occult_consts -- No improvement
Using pass: pass_libfirm_place_code -- No improvement
Using pass: pass_check_validity -- No improvement
Using pass: pass_libfirm_remove_bads -- No improvement
Using pass: pass_libfirm_do_loop_inversion -- No improvement
Using pass: pass_replace_members -- No improvement
Using pass: pass_libfirm_opt_parallelize_mem -- No improvement
Using pass: pass_replace_proj_primitive
	 :: Pass failed on irg 'r_func_91'
	 :: Reproducer test failed on irg 'r_func_19'
	 :: Reproducer test failed on irg 'r_func_19'
	 :: Reproducer test failed on irg 'r_func_19'
	 :: Reproducer test failed on irg 'r_func_19'
	 :: Reproducer test failed on irg 'r_func_19'
	 :: Reproducer test failed on irg 'r_func_19'
	 :: Reproducer test failed on irg 'r_func_19'
	 :: Reproducer test failed on irg 'r_func_19' -- Successful
Using pass: pass_libfirm_gvn_pre -- No improvement
Using pass: pass_libfirm_remove_tuples -- No improvement
Using pass: pass_libfirm_do_loop_unrolling -- No improvement
Using pass: pass_simplify_consts -- Successful
Using pass: pass_replace_return_values -- No improvement
Using pass: pass_libfirm_combo -- No improvement
Using pass: pass_libfirm_opt_if_conv -- No improvement
Using pass: pass_remove_allocs -- Successful
Using pass: pass_libfirm_opt_bool -- No improvement
Using pass: pass_libfirm_opt_tail_rec
	 :: Reproducer test failed on irg 'r_func_19' -- No improvement
Using pass: pass_gc_irgs_primitive
	 :: Reproducer test failed on irg 'r_func_1'
	 :: Reproducer test failed on irg 'r_func_10'
	 :: Reproducer test failed on irg 'r_func_7'
	 :: Reproducer test failed on irg 'r_func_6'
	 :: Reproducer test failed on irg 'r_func_2'
	 :: Reproducer test failed on irg 'r_func_8'
	 :: Reproducer test failed on irg 'r_func_8'
	 :: Reproducer test failed on irg 'r_func_6'
	 :: Reproducer test failed on irg 'r_func_12'
	 :: Reproducer test failed on irg 'r_func_14'
	 :: Reproducer test failed on irg 'r_func_19'
	 :: Reproducer test failed on irg 'r_func_3'
	 :: Reproducer test failed on irg 'r_func_16'
	 :: Reproducer test failed on irg 'r_func_10'
	 :: Reproducer test failed on irg 'r_func_2'
	 :: Reproducer test failed on irg '_main'
	 :: Reproducer test failed on irg 'r_func_8'
	 :: Reproducer test failed on irg 'r_func_7'
	 :: Reproducer test failed on irg 'r_func_18'
	 :: Reproducer test failed on irg 'r_func_6'
	 :: Reproducer test failed on irg 'r_func_8'
	 :: Reproducer test failed on irg '_main'
	 :: Reproducer test failed on irg '_main'
	 :: Reproducer test failed on irg 'r_func_19'
	 :: Reproducer test failed on irg 'r_func_2'
	 :: Reproducer test failed on irg 'r_func_17'
	 :: Reproducer test failed on irg 'r_func_2'
	 :: Reproducer test failed on irg 'r_func_7'
	 :: Reproducer test failed on irg 'r_func_5'
	 :: Reproducer test failed on irg 'r_func_19'
	 :: Reproducer test failed on irg 'r_func_19'
	 :: Reproducer test failed on irg 'r_func_16'
	 :: Reproducer test failed on irg 'r_func_2'
	 :: Reproducer test failed on irg 'r_func_18'
	 :: Reproducer test failed on irg 'r_func_16'
	 :: Reproducer test failed on irg 'r_func_15'
	 :: Reproducer test failed on irg '_main'
	 :: Reproducer test failed on irg 'r_func_12'
	 :: Reproducer test failed on irg 'r_func_14'
	 :: Reproducer test failed on irg 'r_func_7'
	 :: Reproducer test failed on irg 'r_func_19'
	 :: Reproducer test failed on irg 'r_func_14'
	 :: Reproducer test failed on irg 'r_func_19'
	 :: Reproducer test failed on irg 'r_func_16'
	 :: Reproducer test failed on irg 'r_func_13'
	 :: Reproducer test failed on irg 'r_func_15'
	 :: Reproducer test failed on irg 'r_func_8'
	 :: Reproducer test failed on irg 'r_func_9'
	 :: Reproducer test failed on irg 'r_func_17'
	 :: Reproducer test failed on irg 'r_func_15'
	 :: Reproducer test failed on irg 'r_func_16'
	 :: Reproducer test failed on irg '_main'
	 :: Reproducer test failed on irg 'r_func_17'
	 :: Reproducer test failed on irg 'r_func_7'
	 :: Reproducer test failed on irg 'r_func_3'
	 :: Reproducer test failed on irg 'r_func_18'
	 :: Reproducer test failed on irg 'r_func_12'
	 :: Reproducer test failed on irg 'r_func_2'
	 :: Reproducer test failed on irg 'r_func_11'
	 :: Reproducer test failed on irg 'r_func_4'
	 :: Reproducer test failed on irg 'r_func_4'
	 :: Reproducer test failed on irg '_main'
	 :: Reproducer test failed on irg 'r_func_9'
	 :: Reproducer test failed on irg 'r_func_11'
	 :: Reproducer test failed on irg 'r_func_18'
	 :: Reproducer test failed on irg 'r_func_14'
	 :: Reproducer test failed on irg 'r_func_2'
	 :: Reproducer test failed on irg 'r_func_7'
	 :: Reproducer test failed on irg 'r_func_1'
	 :: Reproducer test failed on irg 'r_func_13'
	 :: Reproducer test failed on irg 'r_func_3'
	 :: Reproducer test failed on irg 'r_func_1'
	 :: Reproducer test failed on irg 'r_func_12'
	 :: Reproducer test failed on irg 'r_func_19'
	 :: Reproducer test failed on irg 'r_func_13'
	 :: Reproducer test failed on irg 'r_func_19'
	 :: Reproducer test failed on irg 'r_func_9'
	 :: Reproducer test failed on irg 'r_func_5'
	 :: Reproducer test failed on irg 'r_func_4'
	 :: Reproducer test failed on irg 'r_func_11'
	 :: Reproducer test failed on irg 'r_func_8'
	 :: Reproducer test failed on irg 'r_func_2'
	 :: Reproducer test failed on irg 'r_func_3'
	 :: Reproducer test failed on irg 'r_func_17'
	 :: Reproducer test failed on irg 'r_func_4'
	 :: Reproducer test failed on irg 'r_func_4'
	 :: Reproducer test failed on irg 'r_func_4'
	 :: Reproducer test failed on irg 'r_func_6'
	 :: Reproducer test failed on irg 'r_func_9'
	 :: Reproducer test failed on irg 'r_func_3'
	 :: Reproducer test failed on irg 'r_func_7'
	 :: Reproducer test failed on irg 'r_func_19'
	 :: Reproducer test failed on irg 'r_func_16'
	 :: Reproducer test failed on irg '_main' -- Successful
Using pass: pass_libfirm_optimize_graph_df -- No improvement
Using pass: pass_libfirm_conv_opt -- No improvement
Using pass: pass_remove_void_calls -- Successful
Using pass: pass_libfirm_normalize_one_return -- No improvement
Using pass: pass_replace_switch_selectors -- No improvement
Using pass: pass_libfirm_opt_jumpthreading -- No improvement
Using pass: pass_libfirm_scalar_replacement_opt -- No improvement
Using pass: pass_replace_loads
	 :: Pass failed on irg 'r_func_15'
	 :: Pass failed on irg 'r_func_3'
	 :: Pass failed on irg 'r_func_5'
	 :: Pass failed on irg 'r_func_5'
	 :: Pass failed on irg 'r_func_1'
	 :: Pass failed on irg 'r_func_16'
	 :: Pass failed on irg 'r_func_3'
	 :: Pass failed on irg 'r_func_5'
	 :: Pass failed on irg 'r_func_8'
	 :: Pass failed on irg 'r_func_16'
	 :: Pass failed on irg 'r_func_16'
	 :: Pass failed on irg 'r_func_8'
	 :: Pass failed on irg 'r_func_2'
	 :: Pass failed on irg 'r_func_1'
	 :: Pass failed on irg 'r_func_7'
	 :: Pass failed on irg 'r_func_10'
	 :: Pass failed on irg 'r_func_19'
	 :: Pass failed on irg 'r_func_6' -- No improvement
Using pass: pass_libfirm_remove_critical_cf_edges -- No improvement
Using pass: pass_replace_mux_selectors -- No improvement
Using pass: pass_replace_arithmetic -- No improvement
Using pass: pass_libfirm_opt_funccalls -- No improvement
Using pass: pass_gc_entitites -- No improvement
Using pass: pass_libfirm_remove_unreachable -- No improvement
Using pass: pass_libfirm_optimize_load_store -- Successful
Using pass: pass_libfirm_opt_blocks
	 :: Pass failed on irg 'r_func_19' -- No improvement
Using pass: pass_libfirm_opt_ldst
	 :: Pass failed on irg 'r_func_14'
	 :: Pass failed on irg 'main'
	 :: Pass failed on irg 'r_func_12'
	 :: Pass failed on irg 'r_func_15'
	 :: Pass failed on irg 'r_func_13'
	 :: Pass failed on irg 'r_func_6'
	 :: Pass failed on irg 'r_func_6'
	 :: Pass failed on irg '_main'
	 :: Pass failed on irg 'r_func_18'
	 :: Pass failed on irg 'main'
	 :: Pass failed on irg 'r_func_3'
	 :: Pass failed on irg 'r_func_15'
	 :: Pass failed on irg 'r_func_10'
	 :: Pass failed on irg 'r_func_13'
	 :: Pass failed on irg 'r_func_19'
	 :: Pass failed on irg '_main'
	 :: Pass failed on irg 'r_func_18'
	 :: Pass failed on irg 'r_func_15'
	 :: Pass failed on irg 'main'
	 :: Pass failed on irg 'r_func_16'
	 :: Pass failed on irg 'r_func_15' -- No improvement
Using pass: pass_libfirm_do_loop_peeling
	 :: Pass failed on irg 'r_func_14'
	 :: Pass failed on irg 'r_func_17' -- No improvement
Using pass: pass_replace_cond_selectors
	 :: Reproducer test failed on irg 'r_func_19'
	 :: Reproducer test failed on irg 'r_func_19' -- No improvement
Using pass: pass_libfirm_construct_confirms -- No improvement
Using pass: pass_libfirm_normalize_n_returns -- Successful
Using pass: pass_libfirm_dead_code_elimination -- No improvement
Using pass: pass_remove_stores -- No improvement
Using pass: pass_libfirm_optimize_cf
	 :: Reproducer test failed on irg 'r_func_19'
	 :: Reproducer test failed on irg 'r_func_19' -- No improvement
Using pass: pass_libfirm_optimize_reassociation -- No improvement
Using pass: pass_libfirm_opt_frame -- No improvement
Using pass: pass_replace_return_values -- No improvement
Using pass: pass_gc_irgs
	 :: Reproducer test failed on irg 'r_func_6'
	 :: Reproducer test failed on irg 'r_func_1'
	 :: Reproducer test failed on irg 'r_func_14'
	 :: Reproducer test failed on irg '_main'
	 :: Reproducer test failed on irg 'r_func_8'
	 :: Reproducer test failed on irg 'r_func_2'
	 :: Reproducer test failed on irg 'r_func_15'
	 :: Reproducer test failed on irg 'r_func_5'
	 :: Reproducer test failed on irg 'r_func_11'
	 :: Reproducer test failed on irg 'r_func_3'
	 :: Reproducer test failed on irg 'r_func_15' -- No improvement
Using pass: pass_check_validity -- No improvement
Using pass: pass_libfirm_do_loop_unrolling -- No improvement
Using pass: pass_libfirm_opt_jumpthreading
	 :: Reproducer test failed on irg 'r_func_19' -- No improvement
Using pass: pass_libfirm_opt_ldst
	 :: Pass failed on irg 'r_func_18'
	 :: Pass failed on irg 'r_func_8'
	 :: Pass failed on irg 'r_func_13'
	 :: Pass failed on irg 'r_func_14'
	 :: Pass failed on irg 'r_func_15'
	 :: Pass failed on irg 'r_func_6'
	 :: Pass failed on irg 'r_func_11'
	 :: Pass failed on irg 'r_func_16'
	 :: Pass failed on irg 'r_func_14'
	 :: Pass failed on irg 'r_func_14'
	 :: Pass failed on irg 'r_func_17'
	 :: Pass failed on irg 'r_func_16'
	 :: Pass failed on irg 'r_func_3'
	 :: Pass failed on irg 'r_func_18'
	 :: Pass failed on irg 'r_func_17'
	 :: Pass failed on irg 'r_func_6'
	 :: Pass failed on irg 'r_func_16'
	 :: Pass failed on irg 'r_func_13'
	 :: Pass failed on irg 'r_func_14'
	 :: Pass failed on irg 'r_func_10'
	 :: Pass failed on irg 'r_func_19' -- No improvement
Using pass: pass_libfirm_do_loop_peeling
	 :: Pass failed on irg 'r_func_19'
	 :: Pass failed on irg 'r_func_19'
	 :: Pass failed on irg 'r_func_17' -- No improvement
Using pass: pass_libfirm_optimize_load_store
	 :: Reproducer test failed on irg 'r_func_19'
	 :: Reproducer test failed on irg 'r_func_19'
	 :: Reproducer test failed on irg 'r_func_19' -- Successful
Using pass: pass_libfirm_dead_code_elimination -- No improvement
Using pass: pass_libfirm_opt_if_conv -- No improvement
Using pass: pass_libfirm_opt_bool -- No improvement
Using pass: pass_replace_loads -- No improvement
Using pass: pass_libfirm_combo -- No improvement
Using pass: pass_libfirm_occult_consts -- No improvement
Using pass: pass_remove_allocs
	 :: Reproducer test failed on irg 'r_func_19' -- No improvement
Using pass: pass_libfirm_remove_unreachable
	 :: Reproducer test failed on irg 'r_func_19' -- No improvement
Using pass: pass_simplify_consts -- No improvement
Using pass: pass_replace_members -- No improvement
Using pass: pass_libfirm_do_loop_inversion -- No improvement
Using pass: pass_libfirm_opt_tail_rec
	 :: Reproducer test failed on irg 'r_func_19' -- No improvement
Using pass: pass_libfirm_opt_funccalls -- No improvement
Using pass: pass_libfirm_gvn_pre -- No improvement
Using pass: pass_libfirm_place_code -- No improvement
Using pass: pass_libfirm_remove_tuples -- No improvement
Using pass: pass_replace_switch_selectors -- No improvement
Using pass: pass_remove_void_calls -- No improvement
Using pass: pass_libfirm_optimize_graph_df
	 :: Reproducer test failed on irg 'r_func_19' -- No improvement
Using pass: pass_remove_stores -- No improvement
Using pass: pass_libfirm_normalize_one_return -- No improvement
Using pass: pass_libfirm_optimize_cf
	 :: Reproducer test failed on irg 'r_func_19'
	 :: Reproducer test failed on irg 'r_func_19' -- No improvement
Using pass: pass_libfirm_normalize_n_returns -- No improvement
Using pass: pass_replace_cond_selectors
	 :: Reproducer test failed on irg 'r_func_19'
	 :: Reproducer test failed on irg 'r_func_19' -- No improvement
Using pass: pass_gc_irgs_primitive
	 :: Reproducer test failed on irg 'r_func_6'
	 :: Reproducer test failed on irg 'r_func_7'
	 :: Reproducer test failed on irg 'r_func_6'
	 :: Reproducer test failed on irg '_main'
	 :: Reproducer test failed on irg '_main'
	 :: Reproducer test failed on irg 'r_func_5'
	 :: Reproducer test failed on irg 'r_func_14'
	 :: Reproducer test failed on irg 'r_func_3'
	 :: Reproducer test failed on irg '_main'
	 :: Reproducer test failed on irg 'r_func_9'
	 :: Reproducer test failed on irg 'r_func_8' -- No improvement
Using pass: pass_libfirm_opt_frame -- No improvement
Using pass: pass_libfirm_remove_critical_cf_edges -- No improvement
Using pass: pass_libfirm_scalar_replacement_opt
	 :: Reproducer test failed on irg 'r_func_19'
	 :: Reproducer test failed on irg 'r_func_19' -- No improvement
Using pass: pass_replace_mux_selectors -- No improvement
Using pass: pass_replace_proj_primitive
	 :: Reproducer test failed on irg 'r_func_19'
	 :: Reproducer test failed on irg 'r_func_19' -- No improvement
Using pass: pass_libfirm_opt_parallelize_mem -- No improvement
Using pass: pass_libfirm_conv_opt -- No improvement
Using pass: pass_libfirm_optimize_reassociation -- No improvement
Using pass: pass_replace_arithmetic -- No improvement
Using pass: pass_libfirm_opt_blocks
	 :: Pass failed on irg 'r_func_19'
	 :: Pass failed on irg 'r_func_19' -- No improvement
Using pass: pass_gc_entitites -- No improvement
Using pass: pass_libfirm_construct_confirms
	 :: Reproducer test failed on irg 'r_func_19' -- No improvement
Using pass: pass_libfirm_remove_bads
	 :: Reproducer test failed on irg 'r_func_19' -- No improvement
Using pass: pass_libfirm_occult_consts -- No improvement
Using pass: pass_remove_allocs
	 :: Reproducer test failed on irg 'r_func_19' -- No improvement
Using pass: pass_libfirm_normalize_one_return -- No improvement
Using pass: pass_libfirm_opt_bool -- No improvement
Using pass: pass_libfirm_do_loop_peeling
	 :: Pass failed on irg 'r_func_17' -- No improvement
Using pass: pass_libfirm_construct_confirms -- No improvement
Using pass: pass_replace_arithmetic -- No improvement
Using pass: pass_replace_proj_primitive
	 :: Reproducer test failed on irg 'r_func_19' -- No improvement
Using pass: pass_replace_return_values
	 :: Reproducer test failed on irg 'r_func_19' -- No improvement
Using pass: pass_libfirm_gvn_pre -- No improvement
Using pass: pass_libfirm_remove_unreachable -- No improvement
Using pass: pass_libfirm_place_code -- No improvement
Using pass: pass_libfirm_opt_blocks
	 :: Pass failed on irg 'r_func_19' -- No improvement
Using pass: pass_libfirm_opt_jumpthreading
	 :: Reproducer test failed on irg 'r_func_19' -- No improvement
Using pass: pass_replace_mux_selectors -- No improvement
Using pass: pass_libfirm_opt_funccalls -- No improvement
Using pass: pass_libfirm_opt_frame -- No improvement
Using pass: pass_simplify_consts -- No improvement
Using pass: pass_libfirm_scalar_replacement_opt
	 :: Reproducer test failed on irg 'r_func_19' -- No improvement
Using pass: pass_replace_members -- No improvement
Using pass: pass_libfirm_opt_parallelize_mem -- No improvement
Using pass: pass_libfirm_dead_code_elimination -- No improvement
Using pass: pass_gc_entitites -- No improvement
Using pass: pass_libfirm_opt_if_conv -- No improvement
Using pass: pass_libfirm_normalize_n_returns -- No improvement
Using pass: pass_libfirm_optimize_cf
	 :: Reproducer test failed on irg 'r_func_19'
	 :: Reproducer test failed on irg 'r_func_19' -- No improvement
Using pass: pass_libfirm_remove_tuples -- No improvement
Using pass: pass_libfirm_optimize_reassociation -- No improvement
Using pass: pass_libfirm_optimize_graph_df -- No improvement
Using pass: pass_libfirm_optimize_load_store -- No improvement
Using pass: pass_check_validity -- No improvement
Using pass: pass_remove_stores -- No improvement
Using pass: pass_replace_loads -- No improvement
Using pass: pass_libfirm_do_loop_inversion -- No improvement
Using pass: pass_libfirm_remove_bads -- No improvement
Using pass: pass_replace_switch_selectors -- No improvement
Using pass: pass_replace_cond_selectors
	 :: Reproducer test failed on irg 'r_func_19' -- No improvement
Using pass: pass_libfirm_combo
	 :: Reproducer test failed on irg 'r_func_19' -- No improvement
Using pass: pass_gc_irgs
	 :: Reproducer test failed on irg 'r_func_11'
	 :: Reproducer test failed on irg 'r_func_6'
	 :: Reproducer test failed on irg 'main'
	 :: Reproducer test failed on irg 'r_func_13'
	 :: Reproducer test failed on irg 'r_func_9'
	 :: Reproducer test failed on irg 'r_func_2'
	 :: Reproducer test failed on irg 'r_func_15'
	 :: Reproducer test failed on irg 'r_func_17'
	 :: Reproducer test failed on irg 'r_func_14'
	 :: Reproducer test failed on irg 'r_func_11'
	 :: Reproducer test failed on irg 'r_func_18' -- No improvement
Using pass: pass_libfirm_do_loop_unrolling -- No improvement
Using pass: pass_libfirm_opt_ldst
	 :: Pass failed on irg 'r_func_6'
	 :: Pass failed on irg 'r_func_7'
	 :: Pass failed on irg 'r_func_4'
	 :: Pass failed on irg 'r_func_18'
	 :: Pass failed on irg 'r_func_18'
	 :: Pass failed on irg 'r_func_3'
	 :: Pass failed on irg 'r_func_8'
	 :: Pass failed on irg 'r_func_12'
	 :: Pass failed on irg 'main'
	 :: Pass failed on irg 'r_func_1'
	 :: Pass failed on irg 'r_func_5'
	 :: Pass failed on irg 'main'
	 :: Pass failed on irg 'r_func_3'
	 :: Pass failed on irg 'r_func_8'
	 :: Pass failed on irg 'r_func_3'
	 :: Pass failed on irg 'r_func_16'
	 :: Pass failed on irg 'r_func_7'
	 :: Pass failed on irg 'r_func_9'
	 :: Pass failed on irg 'r_func_15'
	 :: Pass failed on irg 'r_func_14'
	 :: Pass failed on irg 'r_func_3' -- No improvement
Using pass: pass_libfirm_opt_tail_rec -- No improvement
Using pass: pass_gc_irgs_primitive
	 :: Reproducer test failed on irg 'r_func_11'
	 :: Reproducer test failed on irg 'r_func_17'
	 :: Reproducer test failed on irg 'r_func_15'
	 :: Reproducer test failed on irg 'r_func_10'
	 :: Reproducer test failed on irg '_main'
	 :: Reproducer test failed on irg 'r_func_10'
	 :: Reproducer test failed on irg 'r_func_7'
	 :: Reproducer test failed on irg '_main'
	 :: Reproducer test failed on irg 'r_func_8' -- No improvement
Using pass: pass_libfirm_conv_opt -- No improvement
Using pass: pass_libfirm_remove_critical_cf_edges -- No improvement
Using pass: pass_remove_void_calls -- No improvement

 :: 2nd reduction cycle

Using pass: pass_gc_irgs -- Trying irg 'r_func_25
' -- No improvement
Using pass: pass_gc_irgs -- Trying irg 'r_func_30
' -- No improvement
Using pass: pass_gc_irgs -- Trying irg 'r_func_72
' -- No improvement
Using pass: pass_gc_irgs -- Trying irg 'r_func_97
' -- No improvement
Using pass: pass_gc_irgs -- Trying irg 'r_func_52
' -- No improvement
Using pass: pass_gc_irgs -- Trying irg 'r_func_72
' -- No improvement
Using pass: pass_gc_irgs -- Trying irg 'main
' -- No improvement
Using pass: pass_gc_irgs -- Trying irg 'r_func_86
' -- No improvement
Using pass: pass_gc_irgs -- Trying irg 'r_func_87
' -- No improvement
Using pass: pass_gc_irgs -- Trying irg 'r_func_56
' -- No improvement
Using pass: pass_replace_proj_primitive -- Trying irg 'r_func_19
' -- Successful
Using pass: pass_replace_proj_primitive -- Trying irg 'r_func_19
' -- Successful
Using pass: pass_replace_proj_primitive -- Trying irg 'r_func_19
' -- Successful
Using pass: pass_replace_proj_primitive -- Trying irg 'r_func_19
' -- Successful
Using pass: pass_replace_proj_primitive -- Trying irg 'r_func_19
' -- Successful
Using pass: pass_replace_proj_primitive -- Trying irg 'r_func_19
' -- Successful
Using pass: pass_replace_proj_primitive -- Trying irg 'r_func_19
' -- Successful
Using pass: pass_replace_proj_primitive -- Trying irg 'r_func_19
' -- Successful
Using pass: pass_libfirm_opt_tail_rec -- Trying irg 'r_func_19
' -- No improvement
Using pass: pass_gc_irgs_primitive -- Trying irg 'r_func_1
' -- No improvement
Using pass: pass_gc_irgs_primitive -- Trying irg 'r_func_10
' -- No improvement
Using pass: pass_gc_irgs_primitive -- Trying irg 'r_func_7
' -- No improvement
Using pass: pass_gc_irgs_primitive -- Trying irg 'r_func_6
' -- No improvement
Using pass: pass_gc_irgs_primitive -- Trying irg 'r_func_2
' -- No improvement
Using pass: pass_gc_irgs_primitive -- Trying irg 'r_func_8
' -- No improvement
Using pass: pass_gc_irgs_primitive -- Trying irg 'r_func_8
' -- No improvement
Using pass: pass_gc_irgs_primitive -- Trying irg 'r_func_6
' -- No improvement
Using pass: pass_gc_irgs_primitive -- Trying irg 'r_func_12
' -- No improvement
Using pass: pass_gc_irgs_primitive -- Trying irg 'r_func_14
' -- No improvement
Using pass: pass_gc_irgs_primitive -- Trying irg 'r_func_19
' -- No improvement
Using pass: pass_gc_irgs_primitive -- Trying irg 'r_func_3
' -- No improvement
Using pass: pass_gc_irgs_primitive -- Trying irg 'r_func_16
' -- No improvement
Using pass: pass_gc_irgs_primitive -- Trying irg 'r_func_10
' -- No improvement
Using pass: pass_gc_irgs_primitive -- Trying irg 'r_func_2
' -- No improvement
Using pass: pass_gc_irgs_primitive -- Trying irg '_main
' -- No improvement
Using pass: pass_gc_irgs_primitive -- Trying irg 'r_func_8
' -- No improvement
Using pass: pass_gc_irgs_primitive -- Trying irg 'r_func_7
' -- No improvement
Using pass: pass_gc_irgs_primitive -- Trying irg 'r_func_18
' -- No improvement
Using pass: pass_gc_irgs_primitive -- Trying irg 'r_func_6
' -- No improvement
Using pass: pass_gc_irgs_primitive -- Trying irg 'r_func_8
' -- No improvement
Using pass: pass_gc_irgs_primitive -- Trying irg '_main
' -- No improvement
Using pass: pass_gc_irgs_primitive -- Trying irg '_main
' -- No improvement
Using pass: pass_gc_irgs_primitive -- Trying irg 'r_func_19
' -- No improvement
Using pass: pass_gc_irgs_primitive -- Trying irg 'r_func_2
' -- No improvement
Using pass: pass_gc_irgs_primitive -- Trying irg 'r_func_17
' -- No improvement
Using pass: pass_gc_irgs_primitive -- Trying irg 'r_func_2
' -- No improvement
Using pass: pass_gc_irgs_primitive -- Trying irg 'r_func_7
' -- No improvement
Using pass: pass_gc_irgs_primitive -- Trying irg 'r_func_5
' -- No improvement
Using pass: pass_gc_irgs_primitive -- Trying irg 'r_func_19
' -- No improvement
Using pass: pass_gc_irgs_primitive -- Trying irg 'r_func_19
' -- No improvement
Using pass: pass_gc_irgs_primitive -- Trying irg 'r_func_16
' -- No improvement
Using pass: pass_gc_irgs_primitive -- Trying irg 'r_func_2
' -- No improvement
Using pass: pass_gc_irgs_primitive -- Trying irg 'r_func_18
' -- No improvement
Using pass: pass_gc_irgs_primitive -- Trying irg 'r_func_16
' -- No improvement
Using pass: pass_gc_irgs_primitive -- Trying irg 'r_func_15
' -- No improvement
Using pass: pass_gc_irgs_primitive -- Trying irg '_main
' -- No improvement
Using pass: pass_gc_irgs_primitive -- Trying irg 'r_func_12
' -- No improvement
Using pass: pass_gc_irgs_primitive -- Trying irg 'r_func_14
' -- No improvement
Using pass: pass_gc_irgs_primitive -- Trying irg 'r_func_7
' -- No improvement
Using pass: pass_gc_irgs_primitive -- Trying irg 'r_func_19
' -- No improvement
Using pass: pass_gc_irgs_primitive -- Trying irg 'r_func_14
' -- No improvement
Using pass: pass_gc_irgs_primitive -- Trying irg 'r_func_19
' -- No improvement
Using pass: pass_gc_irgs_primitive -- Trying irg 'r_func_16
' -- No improvement
Using pass: pass_gc_irgs_primitive -- Trying irg 'r_func_13
' -- No improvement
Using pass: pass_gc_irgs_primitive -- Trying irg 'r_func_15
' -- No improvement
Using pass: pass_gc_irgs_primitive -- Trying irg 'r_func_8
' -- No improvement
Using pass: pass_gc_irgs_primitive -- Trying irg 'r_func_9
' -- No improvement
Using pass: pass_gc_irgs_primitive -- Trying irg 'r_func_17
' -- No improvement
Using pass: pass_gc_irgs_primitive -- Trying irg 'r_func_15
' -- No improvement
Using pass: pass_gc_irgs_primitive -- Trying irg 'r_func_16
' -- No improvement
Using pass: pass_gc_irgs_primitive -- Trying irg '_main
' -- No improvement
Using pass: pass_gc_irgs_primitive -- Trying irg 'r_func_17
' -- No improvement
Using pass: pass_gc_irgs_primitive -- Trying irg 'r_func_7
' -- No improvement
Using pass: pass_gc_irgs_primitive -- Trying irg 'r_func_3
' -- No improvement
Using pass: pass_gc_irgs_primitive -- Trying irg 'r_func_18
' -- No improvement
Using pass: pass_gc_irgs_primitive -- Trying irg 'r_func_12
' -- No improvement
Using pass: pass_gc_irgs_primitive -- Trying irg 'r_func_2
' -- No improvement
Using pass: pass_gc_irgs_primitive -- Trying irg 'r_func_11
' -- No improvement
Using pass: pass_gc_irgs_primitive -- Trying irg 'r_func_4
' -- No improvement
Using pass: pass_gc_irgs_primitive -- Trying irg 'r_func_4
' -- No improvement
Using pass: pass_gc_irgs_primitive -- Trying irg '_main
' -- No improvement
Using pass: pass_gc_irgs_primitive -- Trying irg 'r_func_9
' -- No improvement
Using pass: pass_gc_irgs_primitive -- Trying irg 'r_func_11
' -- No improvement
Using pass: pass_gc_irgs_primitive -- Trying irg 'r_func_18
' -- No improvement
Using pass: pass_gc_irgs_primitive -- Trying irg 'r_func_14
' -- No improvement
Using pass: pass_gc_irgs_primitive -- Trying irg 'r_func_2
' -- No improvement
Using pass: pass_gc_irgs_primitive -- Trying irg 'r_func_7
' -- No improvement
Using pass: pass_gc_irgs_primitive -- Trying irg 'r_func_1
' -- No improvement
Using pass: pass_gc_irgs_primitive -- Trying irg 'r_func_13
' -- No improvement
Using pass: pass_gc_irgs_primitive -- Trying irg 'r_func_3
' -- No improvement
Using pass: pass_gc_irgs_primitive -- Trying irg 'r_func_1
' -- No improvement
Using pass: pass_gc_irgs_primitive -- Trying irg 'r_func_12
' -- No improvement
Using pass: pass_gc_irgs_primitive -- Trying irg 'r_func_19
' -- No improvement
Using pass: pass_gc_irgs_primitive -- Trying irg 'r_func_13
' -- No improvement
Using pass: pass_gc_irgs_primitive -- Trying irg 'r_func_19
' -- No improvement
Using pass: pass_gc_irgs_primitive -- Trying irg 'r_func_9
' -- No improvement
Using pass: pass_gc_irgs_primitive -- Trying irg 'r_func_5
' -- No improvement
Using pass: pass_gc_irgs_primitive -- Trying irg 'r_func_4
' -- No improvement
Using pass: pass_gc_irgs_primitive -- Trying irg 'r_func_11
' -- No improvement
Using pass: pass_gc_irgs_primitive -- Trying irg 'r_func_8
' -- No improvement
Using pass: pass_gc_irgs_primitive -- Trying irg 'r_func_2
' -- No improvement
Using pass: pass_gc_irgs_primitive -- Trying irg 'r_func_3
' -- No improvement
Using pass: pass_gc_irgs_primitive -- Trying irg 'r_func_17
' -- No improvement
Using pass: pass_gc_irgs_primitive -- Trying irg 'r_func_4
' -- No improvement
Using pass: pass_gc_irgs_primitive -- Trying irg 'r_func_4
' -- No improvement
Using pass: pass_gc_irgs_primitive -- Trying irg 'r_func_4
' -- No improvement
Using pass: pass_gc_irgs_primitive -- Trying irg 'r_func_6
' -- No improvement
Using pass: pass_gc_irgs_primitive -- Trying irg 'r_func_9
' -- No improvement
Using pass: pass_gc_irgs_primitive -- Trying irg 'r_func_3
' -- No improvement
Using pass: pass_gc_irgs_primitive -- Trying irg 'r_func_7
' -- No improvement
Using pass: pass_gc_irgs_primitive -- Trying irg 'r_func_19
' -- No improvement
Using pass: pass_gc_irgs_primitive -- Trying irg 'r_func_16
' -- No improvement
Using pass: pass_gc_irgs_primitive -- Trying irg '_main
' -- No improvement
Using pass: pass_replace_cond_selectors -- Trying irg 'r_func_19
' -- Successful
Using pass: pass_replace_cond_selectors -- Trying irg 'r_func_19
' -- Successful
Using pass: pass_libfirm_optimize_cf -- Trying irg 'r_func_19
' -- No improvement
Using pass: pass_libfirm_optimize_cf -- Trying irg 'r_func_19
' -- No improvement
Using pass: pass_gc_irgs -- Trying irg 'r_func_6
' -- No improvement
Using pass: pass_gc_irgs -- Trying irg 'r_func_1
' -- No improvement
Using pass: pass_gc_irgs -- Trying irg 'r_func_14
' -- No improvement
Using pass: pass_gc_irgs -- Trying irg '_main
' -- No improvement
Using pass: pass_gc_irgs -- Trying irg 'r_func_8
' -- No improvement
Using pass: pass_gc_irgs -- Trying irg 'r_func_2
' -- No improvement
Using pass: pass_gc_irgs -- Trying irg 'r_func_15
' -- No improvement
Using pass: pass_gc_irgs -- Trying irg 'r_func_5
' -- No improvement
Using pass: pass_gc_irgs -- Trying irg 'r_func_11
' -- No improvement
Using pass: pass_gc_irgs -- Trying irg 'r_func_3
' -- No improvement
Using pass: pass_gc_irgs -- Trying irg 'r_func_15
' -- No improvement
Using pass: pass_libfirm_opt_jumpthreading -- Trying irg 'r_func_19
' -- No improvement
Using pass: pass_libfirm_optimize_load_store -- Trying irg 'r_func_19
' -- No improvement
Using pass: pass_libfirm_optimize_load_store -- Trying irg 'r_func_19
' -- No improvement
Using pass: pass_libfirm_optimize_load_store -- Trying irg 'r_func_19
' -- No improvement
Using pass: pass_remove_allocs -- Trying irg 'r_func_19
' -- Successful
Using pass: pass_libfirm_remove_unreachable -- Trying irg 'r_func_19
' -- No improvement
Using pass: pass_libfirm_opt_tail_rec -- Trying irg 'r_func_19
' -- No improvement
Using pass: pass_libfirm_optimize_graph_df -- Trying irg 'r_func_19
' -- No improvement
Using pass: pass_libfirm_optimize_cf -- Trying irg 'r_func_19
' -- No improvement
Using pass: pass_libfirm_optimize_cf -- Trying irg 'r_func_19
' -- No improvement
Using pass: pass_replace_cond_selectors -- Trying irg 'r_func_19
' -- Successful
Using pass: pass_replace_cond_selectors -- Trying irg 'r_func_19
' -- Successful
Using pass: pass_gc_irgs_primitive -- Trying irg 'r_func_6
' -- No improvement
Using pass: pass_gc_irgs_primitive -- Trying irg 'r_func_7
' -- No improvement
Using pass: pass_gc_irgs_primitive -- Trying irg 'r_func_6
' -- No improvement
Using pass: pass_gc_irgs_primitive -- Trying irg '_main
' -- No improvement
Using pass: pass_gc_irgs_primitive -- Trying irg '_main
' -- No improvement
Using pass: pass_gc_irgs_primitive -- Trying irg 'r_func_5
' -- No improvement
Using pass: pass_gc_irgs_primitive -- Trying irg 'r_func_14
' -- No improvement
Using pass: pass_gc_irgs_primitive -- Trying irg 'r_func_3
' -- No improvement
Using pass: pass_gc_irgs_primitive -- Trying irg '_main
' -- No improvement
Using pass: pass_gc_irgs_primitive -- Trying irg 'r_func_9
' -- No improvement
Using pass: pass_gc_irgs_primitive -- Trying irg 'r_func_8
' -- No improvement
Using pass: pass_libfirm_scalar_replacement_opt -- Trying irg 'r_func_19
' -- No improvement
Using pass: pass_libfirm_scalar_replacement_opt -- Trying irg 'r_func_19
' -- No improvement
Using pass: pass_replace_proj_primitive -- Trying irg 'r_func_19
' -- Successful
Using pass: pass_replace_proj_primitive -- Trying irg 'r_func_19
' -- Successful
Using pass: pass_libfirm_construct_confirms -- Trying irg 'r_func_19
' -- No improvement
Using pass: pass_libfirm_remove_bads -- Trying irg 'r_func_19
' -- No improvement
Using pass: pass_remove_allocs -- Trying irg 'r_func_19
' -- Successful
Using pass: pass_replace_proj_primitive -- Trying irg 'r_func_19
' -- Successful
Using pass: pass_replace_return_values -- Trying irg 'r_func_19
' -- Successful
Using pass: pass_libfirm_opt_jumpthreading -- Trying irg 'r_func_19
' -- No improvement
Using pass: pass_libfirm_scalar_replacement_opt -- Trying irg 'r_func_19
' -- No improvement
Using pass: pass_libfirm_optimize_cf -- Trying irg 'r_func_19
' -- No improvement
Using pass: pass_libfirm_optimize_cf -- Trying irg 'r_func_19
' -- No improvement
Using pass: pass_replace_cond_selectors -- Trying irg 'r_func_19
' -- Successful
Using pass: pass_libfirm_combo -- Trying irg 'r_func_19
' -- No improvement
Using pass: pass_gc_irgs -- Trying irg 'r_func_11
' -- No improvement
Using pass: pass_gc_irgs -- Trying irg 'r_func_6
' -- No improvement
Using pass: pass_gc_irgs -- Trying irg 'main
' -- No improvement
Using pass: pass_gc_irgs -- Trying irg 'r_func_13
' -- No improvement
Using pass: pass_gc_irgs -- Trying irg 'r_func_9
' -- No improvement
Using pass: pass_gc_irgs -- Trying irg 'r_func_2
' -- No improvement
Using pass: pass_gc_irgs -- Trying irg 'r_func_15
' -- No improvement
Using pass: pass_gc_irgs -- Trying irg 'r_func_17
' -- No improvement
Using pass: pass_gc_irgs -- Trying irg 'r_func_14
' -- No improvement
Using pass: pass_gc_irgs -- Trying irg 'r_func_11
' -- No improvement
Using pass: pass_gc_irgs -- Trying irg 'r_func_18
' -- No improvement
Using pass: pass_gc_irgs_primitive -- Trying irg 'r_func_11
' -- No improvement
Using pass: pass_gc_irgs_primitive -- Trying irg 'r_func_17
' -- No improvement
Using pass: pass_gc_irgs_primitive -- Trying irg 'r_func_15
' -- No improvement
Using pass: pass_gc_irgs_primitive -- Trying irg 'r_func_10
' -- No improvement
Using pass: pass_gc_irgs_primitive -- Trying irg '_main
' -- No improvement
Using pass: pass_gc_irgs_primitive -- Trying irg 'r_func_10
' -- No improvement
Using pass: pass_gc_irgs_primitive -- Trying irg 'r_func_7
' -- No improvement
Using pass: pass_gc_irgs_primitive -- Trying irg '_main
' -- No improvement
Using pass: pass_gc_irgs_primitive -- Trying irg 'r_func_8
' -- No improvement

______________________________

No further reduction possible.

Result:
	# of nodes: 			248
	# of irgs: 				21
	# of cf manipulations: 	51
	# of memory operations: 17
	# of types: 			2345

