2018-07-03 09:24:52 -- Firmreduce -- Results

Initial Test-case size:
	# of nodes: 			9968
	# of irgs: 				101
	# of cf manipulations: 	680
	# of memory operations: 1808
	# of types: 			2153


Using pass: pass_libfirm_normalize_n_returns
	 :: Reproducer test failed on irg 'r_func_60'
	 :: Reproducer test failed on irg 'r_func_71' -- No improvement
Using pass: pass_libfirm_remove_bads
	 :: Reproducer test failed on irg 'r_func_89'
	 :: Reproducer test failed on irg 'r_func_64'
	 :: Reproducer test failed on irg 'r_func_88'
	 :: Reproducer test failed on irg 'r_func_15'
	 :: Reproducer test failed on irg 'r_func_81'
	 :: Reproducer test failed on irg 'r_func_36'
	 :: Reproducer test failed on irg 'r_func_18'
	 :: Reproducer test failed on irg 'r_func_73'
	 :: Reproducer test failed on irg 'r_func_35'
	 :: Reproducer test failed on irg 'r_func_71'
	 :: Reproducer test failed on irg 'r_func_21'
	 :: Reproducer test failed on irg 'r_func_5'
	 :: Reproducer test failed on irg 'r_func_75'
	 :: Reproducer test failed on irg 'r_func_21'
	 :: Reproducer test failed on irg 'r_func_15'
	 :: Reproducer test failed on irg 'r_func_53'
	 :: Reproducer test failed on irg 'r_func_8'
	 :: Reproducer test failed on irg 'r_func_64'
	 :: Reproducer test failed on irg 'r_func_96'
	 :: Reproducer test failed on irg 'r_func_45'
	 :: Reproducer test failed on irg 'r_func_46'
	 :: Reproducer test failed on irg 'r_func_15'
	 :: Reproducer test failed on irg 'r_func_82'
	 :: Reproducer test failed on irg 'r_func_89'
	 :: Reproducer test failed on irg 'r_func_7'
	 :: Reproducer test failed on irg 'r_func_73'
	 :: Reproducer test failed on irg 'r_func_99'
	 :: Reproducer test failed on irg 'r_func_82'
	 :: Reproducer test failed on irg 'r_func_60'
	 :: Reproducer test failed on irg 'r_func_59'
	 :: Reproducer test failed on irg 'r_func_59'
	 :: Reproducer test failed on irg 'r_func_33'
	 :: Reproducer test failed on irg 'r_func_32'
	 :: Reproducer test failed on irg 'r_func_54' -- No improvement
Using pass: pass_remove_void_calls
	 :: Reproducer test failed on irg 'r_func_60'
	 :: Reproducer test failed on irg 'r_func_35'
	 :: Reproducer test failed on irg 'r_func_44'
	 :: Reproducer test failed on irg 'r_func_89'
	 :: Reproducer test failed on irg 'r_func_44'
	 :: Reproducer test failed on irg 'r_func_44' -- No improvement
Using pass: pass_libfirm_opt_parallelize_mem -- No improvement
Using pass: pass_libfirm_remove_unreachable -- No improvement
Using pass: pass_libfirm_opt_bool -- No improvement
Using pass: pass_replace_cond_selectors
	 :: Reproducer test failed on irg 'r_func_61'
	 :: Reproducer test failed on irg 'r_func_68'
	 :: Reproducer test failed on irg 'r_func_64'
	 :: Reproducer test failed on irg 'r_func_63'
	 :: Reproducer test failed on irg 'r_func_92'
	 :: Reproducer test failed on irg '_main'
	 :: Reproducer test failed on irg 'r_func_6'
	 :: Reproducer test failed on irg 'r_func_30'
	 :: Reproducer test failed on irg 'r_func_35'
	 :: Reproducer test failed on irg 'r_func_69'
	 :: Reproducer test failed on irg 'r_func_68'
	 :: Reproducer test failed on irg 'r_func_13'
	 :: Reproducer test failed on irg 'r_func_25'
	 :: Reproducer test failed on irg 'r_func_88'
	 :: Reproducer test failed on irg 'r_func_89'
	 :: Reproducer test failed on irg 'r_func_27'
	 :: Reproducer test failed on irg 'r_func_43'
	 :: Reproducer test failed on irg 'r_func_27'
	 :: Reproducer test failed on irg 'r_func_8'
	 :: Reproducer test failed on irg 'r_func_48'
	 :: Reproducer test failed on irg 'r_func_39'
	 :: Reproducer test failed on irg 'r_func_93'
	 :: Reproducer test failed on irg 'r_func_22'
	 :: Reproducer test failed on irg 'r_func_31'
	 :: Reproducer test failed on irg 'r_func_79'
	 :: Reproducer test failed on irg 'r_func_97'
	 :: Reproducer test failed on irg 'r_func_14'
	 :: Reproducer test failed on irg 'r_func_51'
	 :: Reproducer test failed on irg 'r_func_60'
	 :: Reproducer test failed on irg 'r_func_44'
	 :: Reproducer test failed on irg 'r_func_42'
	 :: Reproducer test failed on irg 'r_func_85'
	 :: Reproducer test failed on irg 'r_func_44'
	 :: Reproducer test failed on irg 'r_func_14'
	 :: Reproducer test failed on irg 'r_func_14'
	 :: Reproducer test failed on irg 'r_func_79'
	 :: Reproducer test failed on irg 'r_func_46'
	 :: Reproducer test failed on irg 'r_func_1'
	 :: Reproducer test failed on irg 'r_func_79'
	 :: Reproducer test failed on irg 'r_func_96'
	 :: Reproducer test failed on irg 'r_func_53'
	 :: Reproducer test failed on irg 'r_func_93'
	 :: Reproducer test failed on irg '_main'
	 :: Reproducer test failed on irg 'r_func_11'
	 :: Reproducer test failed on irg 'r_func_81' -- No improvement
Using pass: pass_libfirm_do_loop_peeling
	 :: Pass failed on irg 'r_func_8'
	 :: Pass failed on irg 'r_func_26'
	 :: Pass failed on irg 'r_func_79'
	 :: Pass failed on irg 'r_func_47'
	 :: Pass failed on irg 'r_func_83'
	 :: Pass failed on irg 'r_func_2'
	 :: Pass failed on irg 'r_func_19'
	 :: Pass failed on irg 'r_func_55'
	 :: Pass failed on irg 'r_func_2'
	 :: Pass failed on irg 'r_func_58'
	 :: Pass failed on irg 'r_func_58'
	 :: Pass failed on irg 'r_func_29'
	 :: Pass failed on irg 'r_func_79'
	 :: Pass failed on irg 'r_func_47'
	 :: Pass failed on irg 'r_func_59'
	 :: Pass failed on irg 'r_func_77'
	 :: Pass failed on irg 'r_func_6'
	 :: Pass failed on irg 'r_func_99'
	 :: Pass failed on irg 'r_func_49'
	 :: Pass failed on irg 'r_func_11'
	 :: Pass failed on irg 'r_func_20'
	 :: Pass failed on irg 'r_func_26'
	 :: Pass failed on irg 'r_func_20'
	 :: Pass failed on irg 'r_func_14'
	 :: Pass failed on irg 'r_func_43'
	 :: Pass failed on irg 'r_func_70'
	 :: Pass failed on irg 'r_func_87'
	 :: Pass failed on irg 'r_func_19'
	 :: Pass failed on irg 'r_func_58' -- No improvement
Using pass: pass_libfirm_do_loop_unrolling -- No improvement
Using pass: pass_replace_mux_selectors -- No improvement
Using pass: pass_libfirm_do_loop_inversion -- No improvement
Using pass: pass_libfirm_combo
	 :: Reproducer test failed on irg 'r_func_69'
	 :: Reproducer test failed on irg 'r_func_58'
	 :: Reproducer test failed on irg 'r_func_25'
	 :: Reproducer test failed on irg 'r_func_15'
	 :: Reproducer test failed on irg 'r_func_9'
	 :: Reproducer test failed on irg '_main'
	 :: Reproducer test failed on irg 'r_func_50'
	 :: Reproducer test failed on irg 'r_func_27'
	 :: Reproducer test failed on irg 'r_func_93'
	 :: Reproducer test failed on irg 'r_func_33'
	 :: Reproducer test failed on irg 'r_func_77'
	 :: Reproducer test failed on irg 'r_func_72'
	 :: Reproducer test failed on irg 'r_func_50'
	 :: Reproducer test failed on irg 'r_func_45'
	 :: Reproducer test failed on irg 'r_func_54'
	 :: Reproducer test failed on irg 'r_func_37'
	 :: Reproducer test failed on irg 'r_func_57'
	 :: Reproducer test failed on irg 'r_func_47'
	 :: Reproducer test failed on irg 'r_func_75'
	 :: Reproducer test failed on irg 'r_func_31'
	 :: Reproducer test failed on irg 'r_func_79'
	 :: Reproducer test failed on irg 'r_func_26'
	 :: Reproducer test failed on irg 'r_func_91'
	 :: Reproducer test failed on irg 'r_func_96'
	 :: Reproducer test failed on irg 'r_func_17'
	 :: Reproducer test failed on irg 'r_func_26'
	 :: Reproducer test failed on irg 'r_func_64'
	 :: Reproducer test failed on irg 'r_func_42'
	 :: Reproducer test failed on irg 'r_func_52'
	 :: Reproducer test failed on irg 'r_func_79'
	 :: Reproducer test failed on irg 'r_func_17'
	 :: Reproducer test failed on irg 'r_func_18'
	 :: Reproducer test failed on irg 'r_func_44'
	 :: Reproducer test failed on irg 'r_func_77'
	 :: Reproducer test failed on irg 'r_func_62'
	 :: Reproducer test failed on irg 'r_func_88'
	 :: Reproducer test failed on irg 'r_func_48'
	 :: Reproducer test failed on irg 'r_func_58'
	 :: Reproducer test failed on irg 'r_func_37'
	 :: Reproducer test failed on irg 'r_func_60'
	 :: Reproducer test failed on irg 'r_func_23'
	 :: Reproducer test failed on irg 'r_func_92'
	 :: Reproducer test failed on irg 'r_func_69'
	 :: Reproducer test failed on irg 'r_func_52'
	 :: Reproducer test failed on irg 'r_func_95'
	 :: Reproducer test failed on irg 'r_func_93'
	 :: Reproducer test failed on irg 'r_func_12'
	 :: Reproducer test failed on irg 'r_func_41' -- No improvement
Using pass: pass_simplify_consts
	 :: Reproducer test failed on irg 'r_func_46'
	 :: Reproducer test failed on irg 'r_func_79'
	 :: Reproducer test failed on irg 'r_func_1'
	 :: Reproducer test failed on irg 'r_func_14'
	 :: Reproducer test failed on irg 'r_func_44'
	 :: Reproducer test failed on irg 'r_func_42'
	 :: Reproducer test failed on irg 'r_func_77'
	 :: Reproducer test failed on irg 'r_func_29'
	 :: Reproducer test failed on irg 'r_func_47'
	 :: Reproducer test failed on irg 'r_func_78'
	 :: Reproducer test failed on irg 'r_func_51'
	 :: Reproducer test failed on irg 'r_func_42'
	 :: Reproducer test failed on irg 'r_func_91'
	 :: Reproducer test failed on irg 'r_func_29'
	 :: Reproducer test failed on irg 'r_func_90'
	 :: Reproducer test failed on irg 'r_func_3'
	 :: Reproducer test failed on irg 'r_func_3'
	 :: Reproducer test failed on irg 'r_func_31'
	 :: Reproducer test failed on irg 'r_func_18'
	 :: Reproducer test failed on irg 'r_func_45'
	 :: Reproducer test failed on irg 'r_func_63'
	 :: Reproducer test failed on irg 'r_func_83'
	 :: Reproducer test failed on irg 'r_func_69'
	 :: Reproducer test failed on irg 'r_func_94'
	 :: Reproducer test failed on irg 'r_func_40'
	 :: Reproducer test failed on irg 'r_func_22'
	 :: Reproducer test failed on irg 'r_func_31'
	 :: Reproducer test failed on irg 'r_func_84'
	 :: Reproducer test failed on irg 'r_func_39'
	 :: Reproducer test failed on irg 'r_func_29'
	 :: Reproducer test failed on irg 'r_func_17'
	 :: Reproducer test failed on irg 'r_func_38'
	 :: Reproducer test failed on irg 'r_func_9'
	 :: Reproducer test failed on irg 'r_func_27'
	 :: Reproducer test failed on irg 'r_func_46'
	 :: Reproducer test failed on irg 'r_func_87'
	 :: Reproducer test failed on irg 'r_func_23'
	 :: Reproducer test failed on irg 'r_func_59'
	 :: Reproducer test failed on irg 'r_func_30'
	 :: Reproducer test failed on irg 'r_func_40'
	 :: Reproducer test failed on irg '_main'
	 :: Reproducer test failed on irg 'r_func_20'
	 :: Reproducer test failed on irg 'r_func_69'
	 :: Reproducer test failed on irg 'r_func_56'
	 :: Reproducer test failed on irg 'r_func_91'
	 :: Reproducer test failed on irg 'r_func_38'
	 :: Reproducer test failed on irg 'r_func_60'
	 :: Reproducer test failed on irg 'r_func_21'
	 :: Reproducer test failed on irg 'r_func_56'
	 :: Reproducer test failed on irg 'r_func_71' -- No improvement
Using pass: pass_gc_irgs_primitive
	 :: Reproducer test failed on irg 'r_func_8'
	 :: Reproducer test failed on irg 'r_func_78'
	 :: Reproducer test failed on irg 'r_func_64'
	 :: Reproducer test failed on irg 'r_func_66'
	 :: Reproducer test failed on irg 'r_func_78'
	 :: Reproducer test failed on irg 'r_func_24'
	 :: Reproducer test failed on irg 'r_func_55'
	 :: Reproducer test failed on irg 'r_func_23'
	 :: Reproducer test failed on irg 'r_func_46'
	 :: Reproducer test failed on irg 'r_func_66'
	 :: Reproducer test failed on irg 'r_func_96'
	 :: Reproducer test failed on irg 'r_func_62'
	 :: Reproducer test failed on irg 'r_func_40'
	 :: Reproducer test failed on irg 'r_func_37'
	 :: Reproducer test failed on irg 'r_func_72'
	 :: Reproducer test failed on irg 'r_func_78'
	 :: Reproducer test failed on irg 'r_func_8'
	 :: Reproducer test failed on irg 'r_func_54'
	 :: Reproducer test failed on irg 'r_func_18'
	 :: Reproducer test failed on irg 'r_func_1'
	 :: Reproducer test failed on irg 'r_func_26'
	 :: Reproducer test failed on irg 'r_func_46'
	 :: Reproducer test failed on irg 'r_func_62'
	 :: Reproducer test failed on irg 'r_func_77'
	 :: Reproducer test failed on irg 'r_func_59'
	 :: Reproducer test failed on irg 'r_func_68'
	 :: Reproducer test failed on irg 'r_func_9'
	 :: Reproducer test failed on irg 'r_func_60'
	 :: Reproducer test failed on irg 'r_func_83'
	 :: Reproducer test failed on irg 'r_func_39'
	 :: Reproducer test failed on irg 'r_func_78'
	 :: Reproducer test failed on irg 'r_func_92'
	 :: Reproducer test failed on irg 'r_func_16'
	 :: Reproducer test failed on irg 'r_func_8'
	 :: Reproducer test failed on irg 'r_func_57'
	 :: Reproducer test failed on irg 'r_func_61'
	 :: Reproducer test failed on irg 'r_func_32'
	 :: Reproducer test failed on irg 'r_func_11'
	 :: Reproducer test failed on irg 'r_func_50'
	 :: Reproducer test failed on irg 'r_func_78'
	 :: Reproducer test failed on irg 'r_func_43'
	 :: Reproducer test failed on irg 'r_func_45'
	 :: Reproducer test failed on irg 'r_func_39'
	 :: Reproducer test failed on irg 'r_func_49'
	 :: Reproducer test failed on irg 'r_func_49'
	 :: Reproducer test failed on irg 'r_func_78'
	 :: Reproducer test failed on irg 'r_func_26'
	 :: Reproducer test failed on irg 'r_func_57'
	 :: Reproducer test failed on irg 'r_func_31'
	 :: Reproducer test failed on irg 'r_func_11'
	 :: Reproducer test failed on irg 'r_func_59' -- No improvement
Using pass: pass_libfirm_scalar_replacement_opt -- No improvement
Using pass: pass_libfirm_remove_critical_cf_edges -- No improvement
Using pass: pass_libfirm_optimize_graph_df -- No improvement
Using pass: pass_libfirm_gvn_pre
	 :: Reproducer test failed on irg 'r_func_68'
	 :: Reproducer test failed on irg 'r_func_38'
	 :: Reproducer test failed on irg 'r_func_5'
	 :: Reproducer test failed on irg 'r_func_32'
	 :: Reproducer test failed on irg 'r_func_84'
	 :: Reproducer test failed on irg 'r_func_84'
	 :: Reproducer test failed on irg 'r_func_5'
	 :: Reproducer test failed on irg 'r_func_23'
	 :: Reproducer test failed on irg 'r_func_21'
	 :: Reproducer test failed on irg 'r_func_53'
	 :: Reproducer test failed on irg 'r_func_23'
	 :: Reproducer test failed on irg 'r_func_68'
	 :: Reproducer test failed on irg 'r_func_44'
	 :: Reproducer test failed on irg 'r_func_81'
	 :: Reproducer test failed on irg 'r_func_35'
	 :: Reproducer test failed on irg 'r_func_58'
	 :: Reproducer test failed on irg 'r_func_91'
	 :: Reproducer test failed on irg 'r_func_38'
	 :: Reproducer test failed on irg 'r_func_74'
	 :: Reproducer test failed on irg 'r_func_44'
	 :: Reproducer test failed on irg 'r_func_71'
	 :: Reproducer test failed on irg 'r_func_82'
	 :: Reproducer test failed on irg 'r_func_21'
	 :: Reproducer test failed on irg 'r_func_74'
	 :: Reproducer test failed on irg 'r_func_21'
	 :: Reproducer test failed on irg 'r_func_75'
	 :: Reproducer test failed on irg 'r_func_32'
	 :: Reproducer test failed on irg 'r_func_71' -- No improvement
Using pass: pass_libfirm_opt_funccalls -- No improvement
Using pass: pass_libfirm_opt_frame -- No improvement
Using pass: pass_replace_members -- No improvement
Using pass: pass_replace_switch_selectors -- No improvement
Using pass: pass_gc_entitites
	 :: Reproducer test failed on irg 'r_func_72'
	 :: Reproducer test failed on irg 'r_func_20'
	 :: Reproducer test failed on irg 'r_func_23'
	 :: Reproducer test failed on irg 'r_func_41'
	 :: Reproducer test failed on irg 'r_func_47'
	 :: Reproducer test failed on irg 'r_func_37'
	 :: Reproducer test failed on irg 'r_func_12'
	 :: Reproducer test failed on irg 'r_func_51'
	 :: Reproducer test failed on irg 'r_func_86'
	 :: Reproducer test failed on irg 'r_func_70'
	 :: Reproducer test failed on irg 'r_func_51'
	 :: Reproducer test failed on irg 'r_func_25'
	 :: Reproducer test failed on irg 'r_func_57'
	 :: Reproducer test failed on irg 'main'
	 :: Reproducer test failed on irg 'r_func_34'
	 :: Reproducer test failed on irg 'r_func_42'
	 :: Reproducer test failed on irg 'r_func_64'
	 :: Reproducer test failed on irg 'r_func_14'
	 :: Reproducer test failed on irg 'r_func_19'
	 :: Reproducer test failed on irg 'r_func_82'
	 :: Reproducer test failed on irg 'r_func_1'
	 :: Reproducer test failed on irg 'r_func_59'
	 :: Reproducer test failed on irg 'r_func_14'
	 :: Reproducer test failed on irg 'r_func_45'
	 :: Reproducer test failed on irg 'r_func_58'
	 :: Reproducer test failed on irg 'r_func_13'
	 :: Reproducer test failed on irg 'r_func_24'
	 :: Reproducer test failed on irg 'r_func_21'
	 :: Reproducer test failed on irg 'r_func_64'
	 :: Reproducer test failed on irg 'r_func_17'
	 :: Reproducer test failed on irg 'r_func_74'
	 :: Reproducer test failed on irg 'r_func_35'
	 :: Reproducer test failed on irg 'r_func_37'
	 :: Reproducer test failed on irg 'r_func_63'
	 :: Reproducer test failed on irg 'r_func_42'
	 :: Reproducer test failed on irg 'r_func_51'
	 :: Reproducer test failed on irg 'main'
	 :: Reproducer test failed on irg 'r_func_54'
	 :: Reproducer test failed on irg 'r_func_68'
	 :: Reproducer test failed on irg 'r_func_85'
	 :: Reproducer test failed on irg 'r_func_91'
	 :: Reproducer test failed on irg 'r_func_19'
	 :: Reproducer test failed on irg 'r_func_76'
	 :: Reproducer test failed on irg 'r_func_13'
	 :: Reproducer test failed on irg 'r_func_85'
	 :: Reproducer test failed on irg 'r_func_9'
	 :: Reproducer test failed on irg 'r_func_56'
	 :: Reproducer test failed on irg 'r_func_48'
	 :: Reproducer test failed on irg 'r_func_24'
	 :: Reproducer test failed on irg 'r_func_75'
	 :: Reproducer test failed on irg 'r_func_96' -- No improvement
Using pass: pass_libfirm_normalize_one_return -- No improvement
Using pass: pass_replace_loads
	 :: Pass failed on irg 'r_func_12'
	 :: Pass failed on irg 'r_func_5'
	 :: Pass failed on irg 'r_func_61'
	 :: Pass failed on irg 'r_func_11'
	 :: Pass failed on irg 'r_func_77'
	 :: Pass failed on irg 'r_func_57'
	 :: Pass failed on irg 'r_func_72'
	 :: Pass failed on irg 'r_func_3'
	 :: Pass failed on irg 'r_func_56'
	 :: Pass failed on irg 'r_func_32'
	 :: Pass failed on irg 'r_func_8'
	 :: Pass failed on irg 'r_func_5'
	 :: Pass failed on irg 'r_func_13'
	 :: Pass failed on irg 'r_func_8'
	 :: Pass failed on irg '_main'
	 :: Pass failed on irg 'r_func_23'
	 :: Pass failed on irg 'r_func_98'
	 :: Pass failed on irg 'r_func_69'
	 :: Pass failed on irg 'r_func_67'
	 :: Pass failed on irg 'r_func_42'
	 :: Pass failed on irg 'r_func_38'
	 :: Pass failed on irg 'r_func_42'
	 :: Pass failed on irg 'r_func_74'
	 :: Pass failed on irg 'r_func_81'
	 :: Pass failed on irg 'r_func_43'
	 :: Pass failed on irg 'r_func_62'
	 :: Pass failed on irg 'r_func_79'
	 :: Pass failed on irg 'r_func_2'
	 :: Pass failed on irg 'r_func_74'
	 :: Pass failed on irg 'r_func_84'
	 :: Pass failed on irg 'r_func_4'
	 :: Pass failed on irg '_main'
	 :: Pass failed on irg 'r_func_62'
	 :: Pass failed on irg 'r_func_81'
	 :: Pass failed on irg 'r_func_33'
	 :: Pass failed on irg 'r_func_50'
	 :: Pass failed on irg 'r_func_80'
	 :: Pass failed on irg 'r_func_32'
	 :: Pass failed on irg 'r_func_51'
	 :: Pass failed on irg 'r_func_22'
	 :: Pass failed on irg 'r_func_37'
	 :: Pass failed on irg 'r_func_59'
	 :: Pass failed on irg 'r_func_22'
	 :: Pass failed on irg 'r_func_61'
	 :: Pass failed on irg 'r_func_22'
	 :: Pass failed on irg 'r_func_27'
	 :: Pass failed on irg 'r_func_64'
	 :: Pass failed on irg 'r_func_96'
	 :: Pass failed on irg 'r_func_37'
	 :: Pass failed on irg 'r_func_66'
	 :: Pass failed on irg 'r_func_16'
	 :: Pass failed on irg 'r_func_46'
	 :: Pass failed on irg 'r_func_94'
	 :: Pass failed on irg 'r_func_62'
	 :: Pass failed on irg 'r_func_48'
	 :: Pass failed on irg 'r_func_34'
	 :: Pass failed on irg 'r_func_45'
	 :: Pass failed on irg 'r_func_18'
	 :: Pass failed on irg 'r_func_34'
	 :: Pass failed on irg 'r_func_6'
	 :: Pass failed on irg 'r_func_99'
	 :: Pass failed on irg 'r_func_6'
	 :: Pass failed on irg 'r_func_48'
	 :: Pass failed on irg 'r_func_3'
	 :: Pass failed on irg 'r_func_38'
	 :: Pass failed on irg 'r_func_72'
	 :: Pass failed on irg 'r_func_54'
	 :: Pass failed on irg 'r_func_60'
	 :: Pass failed on irg 'r_func_9'
	 :: Pass failed on irg 'r_func_80'
	 :: Pass failed on irg 'r_func_48'
	 :: Pass failed on irg 'r_func_68'
	 :: Pass failed on irg 'r_func_5'
	 :: Pass failed on irg 'r_func_29'
	 :: Pass failed on irg 'r_func_32'
	 :: Pass failed on irg 'r_func_1'
	 :: Pass failed on irg 'r_func_65'
	 :: Pass failed on irg 'r_func_35'
	 :: Pass failed on irg 'r_func_33'
	 :: Pass failed on irg 'r_func_48'
	 :: Pass failed on irg 'r_func_82'
	 :: Pass failed on irg 'r_func_26'
	 :: Pass failed on irg 'r_func_9'
	 :: Pass failed on irg 'r_func_96'
	 :: Pass failed on irg 'r_func_60'
	 :: Pass failed on irg 'r_func_20'
	 :: Pass failed on irg 'r_func_14'
	 :: Pass failed on irg 'r_func_61'
	 :: Pass failed on irg 'r_func_94'
	 :: Pass failed on irg 'r_func_79'
	 :: Pass failed on irg 'r_func_85' -- No improvement
Using pass: pass_replace_proj_primitive
	 :: Reproducer test failed on irg 'r_func_72'
	 :: Reproducer test failed on irg 'r_func_77'
	 :: Reproducer test failed on irg 'r_func_77'
	 :: Reproducer test failed on irg 'r_func_29'
	 :: Reproducer test failed on irg 'r_func_47'
	 :: Reproducer test failed on irg 'r_func_49'
	 :: Reproducer test failed on irg 'r_func_33'
	 :: Reproducer test failed on irg 'r_func_56'
	 :: Reproducer test failed on irg 'r_func_82'
	 :: Reproducer test failed on irg 'r_func_94'
	 :: Reproducer test failed on irg 'r_func_69'
	 :: Reproducer test failed on irg 'r_func_2'
	 :: Reproducer test failed on irg 'r_func_4'
	 :: Reproducer test failed on irg 'r_func_64'
	 :: Reproducer test failed on irg 'r_func_93'
	 :: Reproducer test failed on irg 'r_func_43'
	 :: Reproducer test failed on irg 'r_func_49'
	 :: Reproducer test failed on irg 'r_func_60'
	 :: Reproducer test failed on irg 'r_func_47'
	 :: Reproducer test failed on irg 'r_func_48'
	 :: Reproducer test failed on irg 'r_func_44'
	 :: Reproducer test failed on irg 'r_func_48'
	 :: Reproducer test failed on irg 'r_func_12'
	 :: Reproducer test failed on irg 'r_func_34'
	 :: Reproducer test failed on irg 'r_func_82'
	 :: Reproducer test failed on irg 'r_func_17'
	 :: Reproducer test failed on irg 'r_func_27'
	 :: Reproducer test failed on irg 'r_func_5'
	 :: Reproducer test failed on irg 'r_func_57'
	 :: Reproducer test failed on irg 'r_func_65'
	 :: Reproducer test failed on irg 'r_func_48'
	 :: Reproducer test failed on irg '_main'
	 :: Reproducer test failed on irg 'r_func_94'
	 :: Reproducer test failed on irg 'r_func_62'
	 :: Reproducer test failed on irg 'r_func_49'
	 :: Reproducer test failed on irg 'r_func_26'
	 :: Reproducer test failed on irg 'r_func_84'
	 :: Reproducer test failed on irg 'r_func_97'
	 :: Reproducer test failed on irg 'r_func_86'
	 :: Reproducer test failed on irg 'r_func_52'
	 :: Reproducer test failed on irg 'r_func_99'
	 :: Reproducer test failed on irg 'r_func_43'
	 :: Reproducer test failed on irg 'r_func_56'
	 :: Reproducer test failed on irg 'r_func_62'
	 :: Pass failed on irg 'r_func_2'
	 :: Reproducer test failed on irg 'r_func_66'
	 :: Reproducer test failed on irg 'r_func_77'
	 :: Reproducer test failed on irg 'r_func_28'
	 :: Pass failed on irg 'r_func_79'
	 :: Reproducer test failed on irg 'r_func_25'
	 :: Reproducer test failed on irg 'r_func_72' -- No improvement
Using pass: pass_remove_allocs
	 :: Reproducer test failed on irg 'r_func_67'
	 :: Reproducer test failed on irg 'r_func_59'
	 :: Reproducer test failed on irg 'r_func_72'
	 :: Reproducer test failed on irg 'r_func_89'
	 :: Reproducer test failed on irg 'r_func_15'
	 :: Pass failed on irg 'r_func_81'
	 :: Reproducer test failed on irg 'r_func_54'
	 :: Pass failed on irg 'r_func_81'
	 :: Pass failed on irg 'r_func_81'
	 :: Reproducer test failed on irg 'r_func_68'
	 :: Reproducer test failed on irg 'r_func_15'
	 :: Reproducer test failed on irg 'r_func_68'
	 :: Reproducer test failed on irg 'r_func_54'
	 :: Reproducer test failed on irg 'r_func_99'
	 :: Reproducer test failed on irg 'r_func_79'
	 :: Reproducer test failed on irg 'r_func_54'
	 :: Reproducer test failed on irg 'r_func_59'
	 :: Reproducer test failed on irg 'r_func_89'
	 :: Reproducer test failed on irg 'r_func_67'
	 :: Reproducer test failed on irg 'r_func_57' -- No improvement
Using pass: pass_replace_arithmetic
	 :: Reproducer test failed on irg 'r_func_30'
	 :: Reproducer test failed on irg 'r_func_86'
	 :: Reproducer test failed on irg 'r_func_74'
	 :: Reproducer test failed on irg 'r_func_94'
	 :: Reproducer test failed on irg 'r_func_14'
	 :: Reproducer test failed on irg 'r_func_57'
	 :: Reproducer test failed on irg 'r_func_78'
	 :: Reproducer test failed on irg 'r_func_56'
	 :: Reproducer test failed on irg 'r_func_48'
	 :: Reproducer test failed on irg 'r_func_93'
	 :: Reproducer test failed on irg 'r_func_26'
	 :: Reproducer test failed on irg 'r_func_23'
	 :: Reproducer test failed on irg 'r_func_97'
	 :: Reproducer test failed on irg 'r_func_39'
	 :: Reproducer test failed on irg 'r_func_56'
	 :: Reproducer test failed on irg 'r_func_59'
	 :: Reproducer test failed on irg 'r_func_94'
	 :: Reproducer test failed on irg 'r_func_48'
	 :: Reproducer test failed on irg 'r_func_45'
	 :: Reproducer test failed on irg 'r_func_30'
	 :: Reproducer test failed on irg 'r_func_93'
	 :: Reproducer test failed on irg 'r_func_30'
	 :: Reproducer test failed on irg 'r_func_55'
	 :: Reproducer test failed on irg 'r_func_27'
	 :: Reproducer test failed on irg 'r_func_90'
	 :: Reproducer test failed on irg 'r_func_21'
	 :: Reproducer test failed on irg 'r_func_46'
	 :: Reproducer test failed on irg 'r_func_3'
	 :: Reproducer test failed on irg 'r_func_79'
	 :: Reproducer test failed on irg 'r_func_23'
	 :: Reproducer test failed on irg 'r_func_60'
	 :: Reproducer test failed on irg 'r_func_93'
	 :: Reproducer test failed on irg 'r_func_82'
	 :: Reproducer test failed on irg 'r_func_82'
	 :: Reproducer test failed on irg 'r_func_78'
	 :: Reproducer test failed on irg 'r_func_91'
	 :: Reproducer test failed on irg 'r_func_34'
	 :: Reproducer test failed on irg 'r_func_26'
	 :: Reproducer test failed on irg 'r_func_59'
	 :: Reproducer test failed on irg 'r_func_19'
	 :: Reproducer test failed on irg 'r_func_64'
	 :: Reproducer test failed on irg 'r_func_86'
	 :: Reproducer test failed on irg 'r_func_97' -- No improvement
Using pass: pass_libfirm_dead_code_elimination -- No improvement
Using pass: pass_libfirm_occult_consts
	 :: Reproducer test failed on irg 'r_func_77' -- No improvement
Using pass: pass_libfirm_remove_tuples -- No improvement
Using pass: pass_libfirm_place_code -- No improvement
Using pass: pass_libfirm_optimize_load_store
	 :: Reproducer test failed on irg 'r_func_5'
	 :: Reproducer test failed on irg 'r_func_88'
	 :: Reproducer test failed on irg 'r_func_87'
	 :: Reproducer test failed on irg 'r_func_44'
	 :: Reproducer test failed on irg 'r_func_84'
	 :: Reproducer test failed on irg 'r_func_75'
	 :: Reproducer test failed on irg 'r_func_71'
	 :: Reproducer test failed on irg 'r_func_57'
	 :: Reproducer test failed on irg 'r_func_33'
	 :: Reproducer test failed on irg 'r_func_71'
	 :: Reproducer test failed on irg 'r_func_54'
	 :: Reproducer test failed on irg 'r_func_15'
	 :: Reproducer test failed on irg 'r_func_87'
	 :: Reproducer test failed on irg 'r_func_44'
	 :: Reproducer test failed on irg 'r_func_84'
	 :: Reproducer test failed on irg 'r_func_5'
	 :: Reproducer test failed on irg 'r_func_39' -- No improvement
Using pass: pass_check_validity -- No improvement
Using pass: pass_libfirm_opt_blocks
	 :: Pass failed on irg 'r_func_1'
	 :: Reproducer test failed on irg 'r_func_91'
	 :: Reproducer test failed on irg 'r_func_70'
	 :: Reproducer test failed on irg 'r_func_70'
	 :: Pass failed on irg 'r_func_95'
	 :: Reproducer test failed on irg 'r_func_70'
	 :: Reproducer test failed on irg 'r_func_7'
	 :: Pass failed on irg 'r_func_52'
	 :: Pass failed on irg 'r_func_95'
	 :: Pass failed on irg 'r_func_95'
	 :: Pass failed on irg 'r_func_95'
	 :: Reproducer test failed on irg 'r_func_71'
	 :: Reproducer test failed on irg 'r_func_71'
	 :: Reproducer test failed on irg 'r_func_70'
	 :: Pass failed on irg 'r_func_86'
	 :: Pass failed on irg 'r_func_52' -- No improvement
Using pass: pass_libfirm_opt_if_conv
	 :: Reproducer test failed on irg 'r_func_24'
	 :: Reproducer test failed on irg 'r_func_45'
	 :: Reproducer test failed on irg 'r_func_54'
	 :: Reproducer test failed on irg 'r_func_84'
	 :: Reproducer test failed on irg 'r_func_72'
	 :: Reproducer test failed on irg 'r_func_58'
	 :: Reproducer test failed on irg 'r_func_89'
	 :: Reproducer test failed on irg 'r_func_84'
	 :: Reproducer test failed on irg 'r_func_74'
	 :: Reproducer test failed on irg 'r_func_29'
	 :: Reproducer test failed on irg 'r_func_89'
	 :: Reproducer test failed on irg 'r_func_48'
	 :: Reproducer test failed on irg 'r_func_74'
	 :: Reproducer test failed on irg 'r_func_87'
	 :: Reproducer test failed on irg 'r_func_99'
	 :: Reproducer test failed on irg 'r_func_97'
	 :: Reproducer test failed on irg 'r_func_89'
	 :: Reproducer test failed on irg 'r_func_52'
	 :: Reproducer test failed on irg 'r_func_89'
	 :: Reproducer test failed on irg 'r_func_97'
	 :: Reproducer test failed on irg 'r_func_99'
	 :: Reproducer test failed on irg 'r_func_58' -- No improvement
Using pass: pass_libfirm_construct_confirms
	 :: Reproducer test failed on irg 'r_func_58'
	 :: Reproducer test failed on irg 'r_func_67'
	 :: Reproducer test failed on irg 'r_func_67'
	 :: Reproducer test failed on irg 'r_func_75'
	 :: Reproducer test failed on irg 'r_func_71'
	 :: Reproducer test failed on irg 'r_func_32'
	 :: Reproducer test failed on irg 'r_func_54'
	 :: Reproducer test failed on irg 'r_func_81'
	 :: Reproducer test failed on irg 'r_func_70'
	 :: Reproducer test failed on irg 'r_func_60'
	 :: Reproducer test failed on irg 'r_func_39'
	 :: Reproducer test failed on irg 'r_func_91'
	 :: Reproducer test failed on irg 'r_func_84'
	 :: Reproducer test failed on irg 'r_func_24'
	 :: Reproducer test failed on irg 'r_func_82'
	 :: Reproducer test failed on irg 'r_func_64'
	 :: Reproducer test failed on irg 'r_func_36'
	 :: Reproducer test failed on irg 'r_func_33'
	 :: Reproducer test failed on irg 'r_func_67'
	 :: Reproducer test failed on irg 'r_func_24'
	 :: Reproducer test failed on irg 'r_func_81'
	 :: Reproducer test failed on irg 'r_func_67'
	 :: Reproducer test failed on irg 'r_func_15'
	 :: Reproducer test failed on irg 'r_func_75' -- No improvement
Using pass: pass_libfirm_opt_jumpthreading -- No improvement
Using pass: pass_replace_return_values
	 :: Reproducer test failed on irg 'r_func_51'
	 :: Reproducer test failed on irg 'r_func_92'
	 :: Reproducer test failed on irg 'r_func_86'
	 :: Reproducer test failed on irg 'r_func_72'
	 :: Reproducer test failed on irg 'r_func_22'
	 :: Reproducer test failed on irg 'r_func_43'
	 :: Reproducer test failed on irg 'r_func_81'
	 :: Reproducer test failed on irg 'r_func_80'
	 :: Reproducer test failed on irg 'r_func_18'
	 :: Reproducer test failed on irg 'r_func_15'
	 :: Reproducer test failed on irg 'r_func_91'
	 :: Reproducer test failed on irg 'r_func_29'
	 :: Reproducer test failed on irg 'r_func_69'
	 :: Reproducer test failed on irg 'r_func_6'
	 :: Reproducer test failed on irg 'r_func_53'
	 :: Reproducer test failed on irg 'r_func_74'
	 :: Reproducer test failed on irg 'r_func_94'
	 :: Reproducer test failed on irg 'r_func_80'
	 :: Reproducer test failed on irg 'r_func_51'
	 :: Reproducer test failed on irg 'r_func_17'
	 :: Reproducer test failed on irg 'r_func_67'
	 :: Reproducer test failed on irg 'r_func_79'
	 :: Reproducer test failed on irg 'r_func_31'
	 :: Reproducer test failed on irg 'r_func_17'
	 :: Reproducer test failed on irg 'r_func_83'
	 :: Reproducer test failed on irg 'r_func_56'
	 :: Reproducer test failed on irg 'r_func_92'
	 :: Reproducer test failed on irg 'r_func_92'
	 :: Reproducer test failed on irg 'r_func_27'
	 :: Reproducer test failed on irg 'r_func_46'
	 :: Reproducer test failed on irg 'r_func_14'
	 :: Reproducer test failed on irg 'r_func_6'
	 :: Reproducer test failed on irg 'r_func_30'
	 :: Reproducer test failed on irg 'r_func_29'
	 :: Reproducer test failed on irg 'r_func_97'
	 :: Reproducer test failed on irg 'r_func_56'
	 :: Reproducer test failed on irg 'r_func_80'
	 :: Reproducer test failed on irg 'r_func_67'
	 :: Reproducer test failed on irg 'r_func_47'
	 :: Reproducer test failed on irg 'r_func_19'
	 :: Reproducer test failed on irg 'r_func_66'
	 :: Reproducer test failed on irg 'r_func_6'
	 :: Reproducer test failed on irg 'r_func_16' -- No improvement
Using pass: pass_libfirm_conv_opt
	 :: Reproducer test failed on irg 'r_func_79'
	 :: Reproducer test failed on irg 'r_func_39'
	 :: Reproducer test failed on irg 'r_func_27'
	 :: Reproducer test failed on irg 'r_func_15'
	 :: Reproducer test failed on irg 'r_func_15'
	 :: Reproducer test failed on irg 'r_func_49'
	 :: Reproducer test failed on irg 'r_func_79' -- No improvement
Using pass: pass_libfirm_optimize_cf
	 :: Reproducer test failed on irg 'r_func_38'
	 :: Reproducer test failed on irg 'r_func_99'
	 :: Reproducer test failed on irg 'r_func_26'
	 :: Reproducer test failed on irg 'r_func_1'
	 :: Reproducer test failed on irg 'r_func_5'
	 :: Reproducer test failed on irg 'r_func_28'
	 :: Reproducer test failed on irg 'r_func_18'
	 :: Reproducer test failed on irg 'r_func_77'
	 :: Reproducer test failed on irg 'r_func_34'
	 :: Reproducer test failed on irg 'r_func_9'
	 :: Reproducer test failed on irg 'r_func_72'
	 :: Reproducer test failed on irg 'r_func_36'
	 :: Reproducer test failed on irg 'r_func_73'
	 :: Reproducer test failed on irg 'r_func_60'
	 :: Reproducer test failed on irg 'r_func_15'
	 :: Reproducer test failed on irg 'r_func_9'
	 :: Reproducer test failed on irg 'r_func_39'
	 :: Reproducer test failed on irg 'r_func_95'
	 :: Reproducer test failed on irg 'r_func_72'
	 :: Reproducer test failed on irg 'r_func_81'
	 :: Reproducer test failed on irg 'r_func_70'
	 :: Reproducer test failed on irg 'r_func_83'
	 :: Reproducer test failed on irg 'r_func_18'
	 :: Reproducer test failed on irg 'r_func_50'
	 :: Reproducer test failed on irg 'r_func_63'
	 :: Reproducer test failed on irg 'r_func_61'
	 :: Reproducer test failed on irg 'r_func_52'
	 :: Reproducer test failed on irg 'r_func_89'
	 :: Reproducer test failed on irg 'r_func_36'
	 :: Reproducer test failed on irg 'r_func_31'
	 :: Reproducer test failed on irg 'r_func_36'
	 :: Reproducer test failed on irg 'r_func_96'
	 :: Reproducer test failed on irg '_main'
	 :: Reproducer test failed on irg 'r_func_54'
	 :: Reproducer test failed on irg 'r_func_34'
	 :: Reproducer test failed on irg 'r_func_37'
	 :: Reproducer test failed on irg 'r_func_93'
	 :: Reproducer test failed on irg 'r_func_94'
	 :: Reproducer test failed on irg 'r_func_52'
	 :: Reproducer test failed on irg 'r_func_58'
	 :: Reproducer test failed on irg 'r_func_49'
	 :: Reproducer test failed on irg 'r_func_53'
	 :: Reproducer test failed on irg 'r_func_44' -- No improvement
Using pass: pass_libfirm_optimize_reassociation -- No improvement
Using pass: pass_remove_stores
	 :: Reproducer test failed on irg 'r_func_27'
	 :: Reproducer test failed on irg 'r_func_50'
	 :: Reproducer test failed on irg 'r_func_79'
	 :: Reproducer test failed on irg 'r_func_83'
	 :: Reproducer test failed on irg 'r_func_38'
	 :: Reproducer test failed on irg 'r_func_46'
	 :: Reproducer test failed on irg 'r_func_35'
	 :: Reproducer test failed on irg 'r_func_20'
	 :: Reproducer test failed on irg 'r_func_45'
	 :: Reproducer test failed on irg 'r_func_83'
	 :: Reproducer test failed on irg 'r_func_11'
	 :: Reproducer test failed on irg 'r_func_46'
	 :: Reproducer test failed on irg 'r_func_23'
	 :: Reproducer test failed on irg 'r_func_74'
	 :: Reproducer test failed on irg 'r_func_22'
	 :: Reproducer test failed on irg 'r_func_18'
	 :: Reproducer test failed on irg 'r_func_91'
	 :: Reproducer test failed on irg 'r_func_93'
	 :: Reproducer test failed on irg 'r_func_29'
	 :: Reproducer test failed on irg 'r_func_27'
	 :: Reproducer test failed on irg 'r_func_43'
	 :: Reproducer test failed on irg 'r_func_71'
	 :: Reproducer test failed on irg 'r_func_82'
	 :: Reproducer test failed on irg 'r_func_41'
	 :: Reproducer test failed on irg 'r_func_71'
	 :: Reproducer test failed on irg 'r_func_94'
	 :: Reproducer test failed on irg 'r_func_64'
	 :: Reproducer test failed on irg 'r_func_9'
	 :: Reproducer test failed on irg 'r_func_72'
	 :: Reproducer test failed on irg 'r_func_46'
	 :: Reproducer test failed on irg 'r_func_48'
	 :: Reproducer test failed on irg 'r_func_12'
	 :: Reproducer test failed on irg 'r_func_83'
	 :: Reproducer test failed on irg 'r_func_31'
	 :: Reproducer test failed on irg 'r_func_99'
	 :: Reproducer test failed on irg 'r_func_81'
	 :: Reproducer test failed on irg 'r_func_77'
	 :: Reproducer test failed on irg 'r_func_65'
	 :: Reproducer test failed on irg 'r_func_72'
	 :: Reproducer test failed on irg 'r_func_44'
	 :: Reproducer test failed on irg 'r_func_57'
	 :: Reproducer test failed on irg 'r_func_67'
	 :: Reproducer test failed on irg 'r_func_38'
	 :: Reproducer test failed on irg 'r_func_29'
	 :: Reproducer test failed on irg 'r_func_76'
	 :: Reproducer test failed on irg 'r_func_8' -- No improvement
Using pass: pass_gc_irgs
	 :: Pass failed on irg 'r_func_22'
	 :: Pass failed on irg 'r_func_92'
	 :: Reproducer test failed on irg 'r_func_80'
	 :: Reproducer test failed on irg 'r_func_24'
	 :: Pass failed on irg 'r_func_21'
	 :: Pass failed on irg 'r_func_69'
	 :: Pass failed on irg 'r_func_19'
	 :: Pass failed on irg '_main'
	 :: Pass failed on irg 'r_func_74'
	 :: Pass failed on irg 'r_func_13'
	 :: Pass failed on irg 'r_func_15'
	 :: Pass failed on irg 'r_func_20'
	 :: Pass failed on irg 'r_func_63'
	 :: Reproducer test failed on irg 'r_func_58'
	 :: Reproducer test failed on irg 'r_func_5'
	 :: Pass failed on irg 'r_func_98'
	 :: Pass failed on irg 'r_func_53'
	 :: Pass failed on irg 'r_func_89'
	 :: Pass failed on irg 'r_func_94'
	 :: Pass failed on irg 'r_func_19'
	 :: Pass failed on irg 'r_func_15'
	 :: Pass failed on irg 'r_func_77'
	 :: Pass failed on irg 'r_func_2'
	 :: Reproducer test failed on irg 'r_func_75'
	 :: Reproducer test failed on irg 'r_func_66'
	 :: Pass failed on irg 'r_func_93'
	 :: Pass failed on irg 'r_func_82'
	 :: Pass failed on irg 'r_func_90'
	 :: Reproducer test failed on irg 'r_func_18'
	 :: Pass failed on irg 'r_func_50'
	 :: Reproducer test failed on irg 'r_func_75'
	 :: Pass failed on irg 'r_func_6'
	 :: Pass failed on irg 'r_func_41'
	 :: Pass failed on irg 'r_func_55'
	 :: Pass failed on irg 'r_func_97'
	 :: Pass failed on irg 'r_func_28'
	 :: Pass failed on irg 'r_func_90'
	 :: Pass failed on irg 'r_func_15'
	 :: Pass failed on irg 'r_func_29'
	 :: Pass failed on irg 'r_func_64'
	 :: Pass failed on irg 'r_func_95'
	 :: Pass failed on irg 'r_func_44'
	 :: Pass failed on irg 'r_func_50'
	 :: Pass failed on irg 'r_func_57'
	 :: Pass failed on irg 'r_func_68'
	 :: Pass failed on irg 'r_func_55'
	 :: Pass failed on irg 'r_func_55'
	 :: Pass failed on irg 'r_func_87'
	 :: Pass failed on irg 'r_func_9'
	 :: Pass failed on irg 'r_func_14'
	 :: Reproducer test failed on irg 'r_func_5'
	 :: Reproducer test failed on irg 'r_func_24'
	 :: Pass failed on irg 'r_func_91'
	 :: Pass failed on irg 'r_func_8'
	 :: Pass failed on irg 'r_func_65'
	 :: Pass failed on irg 'r_func_57'
	 :: Pass failed on irg 'r_func_67'
	 :: Pass failed on irg 'r_func_46'
	 :: Reproducer test failed on irg 'r_func_12'
	 :: Pass failed on irg 'r_func_51'
	 :: Pass failed on irg 'r_func_63'
	 :: Pass failed on irg 'r_func_87'
	 :: Pass failed on irg 'r_func_23'
	 :: Reproducer test failed on irg 'r_func_70'
	 :: Pass failed on irg 'r_func_7'
	 :: Pass failed on irg 'r_func_19'
	 :: Pass failed on irg 'r_func_99'
	 :: Pass failed on irg 'r_func_98'
	 :: Pass failed on irg '_main'
	 :: Pass failed on irg 'r_func_27'
	 :: Pass failed on irg 'r_func_27'
	 :: Pass failed on irg 'r_func_95'
	 :: Pass failed on irg 'r_func_37'
	 :: Pass failed on irg 'r_func_43'
	 :: Reproducer test failed on irg 'r_func_18'
	 :: Reproducer test failed on irg 'r_func_71'
	 :: Pass failed on irg 'r_func_98'
	 :: Reproducer test failed on irg 'r_func_39'
	 :: Reproducer test failed on irg 'r_func_58'
	 :: Pass failed on irg 'r_func_6'
	 :: Pass failed on irg 'r_func_19'
	 :: Pass failed on irg 'r_func_29'
	 :: Pass failed on irg 'r_func_98'
	 :: Pass failed on irg 'r_func_9'
	 :: Pass failed on irg 'r_func_3' -- No improvement
Using pass: pass_libfirm_opt_ldst
	 :: Pass failed on irg 'r_func_85'
	 :: Pass failed on irg 'r_func_1'
	 :: Pass failed on irg 'r_func_36'
	 :: Pass failed on irg 'r_func_98'
	 :: Pass failed on irg 'r_func_1'
	 :: Pass failed on irg 'r_func_99'
	 :: Pass failed on irg 'r_func_43'
	 :: Pass failed on irg 'r_func_12'
	 :: Pass failed on irg 'r_func_64'
	 :: Pass failed on irg 'r_func_96'
	 :: Pass failed on irg 'r_func_24'
	 :: Pass failed on irg 'main'
	 :: Pass failed on irg 'r_func_16'
	 :: Pass failed on irg 'r_func_91'
	 :: Pass failed on irg 'r_func_83'
	 :: Pass failed on irg 'r_func_28'
	 :: Pass failed on irg 'r_func_32'
	 :: Pass failed on irg 'r_func_5'
	 :: Pass failed on irg 'r_func_24'
	 :: Pass failed on irg 'r_func_90'
	 :: Pass failed on irg 'r_func_82'
	 :: Pass failed on irg 'r_func_45'
	 :: Pass failed on irg 'r_func_71'
	 :: Pass failed on irg 'r_func_42'
	 :: Pass failed on irg 'r_func_88'
	 :: Pass failed on irg 'r_func_90'
	 :: Pass failed on irg 'r_func_80'
	 :: Pass failed on irg 'r_func_54'
	 :: Pass failed on irg 'r_func_28'
	 :: Pass failed on irg 'r_func_61'
	 :: Pass failed on irg 'r_func_35'
	 :: Pass failed on irg 'r_func_13'
	 :: Pass failed on irg 'r_func_29'
	 :: Pass failed on irg 'r_func_71'
	 :: Pass failed on irg 'r_func_77'
	 :: Pass failed on irg 'r_func_30'
	 :: Pass failed on irg 'r_func_35'
	 :: Pass failed on irg 'r_func_19'
	 :: Pass failed on irg 'r_func_8'
	 :: Pass failed on irg 'r_func_65'
	 :: Pass failed on irg 'r_func_82'
	 :: Pass failed on irg 'r_func_99'
	 :: Pass failed on irg 'r_func_30'
	 :: Pass failed on irg 'r_func_64'
	 :: Pass failed on irg 'r_func_89'
	 :: Pass failed on irg 'r_func_13'
	 :: Pass failed on irg 'r_func_92'
	 :: Pass failed on irg 'r_func_88'
	 :: Pass failed on irg 'r_func_85'
	 :: Pass failed on irg 'r_func_82'
	 :: Pass failed on irg 'r_func_77'
	 :: Pass failed on irg 'r_func_66'
	 :: Pass failed on irg 'r_func_26'
	 :: Pass failed on irg 'r_func_13'
	 :: Pass failed on irg 'r_func_74'
	 :: Pass failed on irg 'r_func_81'
	 :: Pass failed on irg 'r_func_70'
	 :: Pass failed on irg 'r_func_53'
	 :: Pass failed on irg '_main'
	 :: Pass failed on irg 'r_func_98'
	 :: Pass failed on irg 'r_func_80'
	 :: Pass failed on irg 'r_func_35'
	 :: Pass failed on irg 'r_func_77'
	 :: Pass failed on irg 'r_func_75'
	 :: Pass failed on irg 'r_func_72'
	 :: Pass failed on irg 'r_func_53'
	 :: Pass failed on irg 'r_func_4'
	 :: Pass failed on irg 'r_func_6'
	 :: Pass failed on irg 'r_func_39'
	 :: Pass failed on irg 'r_func_80'
	 :: Pass failed on irg 'r_func_71'
	 :: Pass failed on irg 'r_func_20'
	 :: Pass failed on irg 'r_func_78'
	 :: Pass failed on irg 'r_func_68'
	 :: Pass failed on irg 'r_func_84'
	 :: Pass failed on irg 'r_func_33'
	 :: Pass failed on irg 'r_func_81'
	 :: Pass failed on irg 'r_func_41'
	 :: Pass failed on irg 'r_func_87'
	 :: Pass failed on irg 'r_func_65'
	 :: Pass failed on irg 'r_func_89'
	 :: Pass failed on irg 'r_func_29'
	 :: Pass failed on irg 'r_func_97'
	 :: Pass failed on irg 'r_func_81'
	 :: Pass failed on irg 'r_func_9'
	 :: Pass failed on irg 'r_func_70'
	 :: Pass failed on irg 'r_func_27'
	 :: Pass failed on irg 'r_func_79'
	 :: Pass failed on irg 'r_func_89'
	 :: Pass failed on irg 'r_func_27'
	 :: Pass failed on irg 'r_func_76'
	 :: Pass failed on irg 'r_func_34'
	 :: Pass failed on irg 'r_func_28'
	 :: Pass failed on irg 'r_func_19'
	 :: Pass failed on irg 'r_func_9'
	 :: Pass failed on irg 'main'
	 :: Pass failed on irg 'r_func_72'
	 :: Pass failed on irg 'r_func_80'
	 :: Pass failed on irg 'r_func_72'
	 :: Pass failed on irg 'r_func_10'
	 :: Pass failed on irg 'r_func_25' -- No improvement
Using pass: pass_libfirm_opt_tail_rec
	 :: Reproducer test failed on irg 'r_func_86'
	 :: Reproducer test failed on irg 'r_func_44'
	 :: Reproducer test failed on irg 'r_func_84'
	 :: Reproducer test failed on irg 'r_func_57'
	 :: Reproducer test failed on irg 'r_func_74'
	 :: Reproducer test failed on irg 'r_func_39'
	 :: Reproducer test failed on irg 'r_func_60'
	 :: Reproducer test failed on irg 'r_func_54'
	 :: Reproducer test failed on irg 'r_func_55'
	 :: Reproducer test failed on irg 'r_func_60'
	 :: Reproducer test failed on irg 'r_func_8'
	 :: Reproducer test failed on irg 'r_func_7'
	 :: Reproducer test failed on irg 'r_func_84'
	 :: Reproducer test failed on irg 'r_func_32'
	 :: Reproducer test failed on irg 'r_func_17'
	 :: Reproducer test failed on irg 'r_func_35'
	 :: Reproducer test failed on irg 'r_func_73'
	 :: Reproducer test failed on irg 'r_func_86'
	 :: Reproducer test failed on irg 'r_func_8'
	 :: Reproducer test failed on irg 'r_func_5'
	 :: Reproducer test failed on irg 'r_func_60'
	 :: Reproducer test failed on irg 'r_func_91'
	 :: Reproducer test failed on irg 'r_func_17'
	 :: Reproducer test failed on irg 'r_func_44'
	 :: Reproducer test failed on irg 'r_func_38'
	 :: Reproducer test failed on irg 'r_func_88'
	 :: Reproducer test failed on irg 'r_func_86'
	 :: Reproducer test failed on irg 'r_func_71'
	 :: Reproducer test failed on irg 'r_func_55'
	 :: Reproducer test failed on irg 'r_func_84'
	 :: Reproducer test failed on irg 'r_func_82'
	 :: Reproducer test failed on irg 'r_func_92'
	 :: Reproducer test failed on irg 'r_func_64'
	 :: Reproducer test failed on irg 'r_func_74' -- No improvement

 :: 2nd reduction cycle

Using pass: pass_libfirm_normalize_n_returns -- Trying irg 'r_func_60
' -- No improvement
Using pass: pass_libfirm_normalize_n_returns -- Trying irg 'r_func_71
' -- No improvement
Using pass: pass_libfirm_remove_bads -- Trying irg 'r_func_89
' -- No improvement
Using pass: pass_libfirm_remove_bads -- Trying irg 'r_func_64
' -- No improvement
Using pass: pass_libfirm_remove_bads -- Trying irg 'r_func_88
' -- No improvement
Using pass: pass_libfirm_remove_bads -- Trying irg 'r_func_15
' -- No improvement
Using pass: pass_libfirm_remove_bads -- Trying irg 'r_func_81
' -- No improvement
Using pass: pass_libfirm_remove_bads -- Trying irg 'r_func_36
' -- No improvement
Using pass: pass_libfirm_remove_bads -- Trying irg 'r_func_18
' -- No improvement
Using pass: pass_libfirm_remove_bads -- Trying irg 'r_func_73
' -- No improvement
Using pass: pass_libfirm_remove_bads -- Trying irg 'r_func_35
' -- No improvement
Using pass: pass_libfirm_remove_bads -- Trying irg 'r_func_71
' -- No improvement
Using pass: pass_libfirm_remove_bads -- Trying irg 'r_func_21
' -- No improvement
Using pass: pass_libfirm_remove_bads -- Trying irg 'r_func_5
' -- No improvement
Using pass: pass_libfirm_remove_bads -- Trying irg 'r_func_75
' -- No improvement
Using pass: pass_libfirm_remove_bads -- Trying irg 'r_func_21
' -- No improvement
Using pass: pass_libfirm_remove_bads -- Trying irg 'r_func_15
' -- No improvement
Using pass: pass_libfirm_remove_bads -- Trying irg 'r_func_53
' -- No improvement
Using pass: pass_libfirm_remove_bads -- Trying irg 'r_func_8
' -- No improvement
Using pass: pass_libfirm_remove_bads -- Trying irg 'r_func_64
' -- No improvement
Using pass: pass_libfirm_remove_bads -- Trying irg 'r_func_96
' -- No improvement
Using pass: pass_libfirm_remove_bads -- Trying irg 'r_func_45
' -- No improvement
Using pass: pass_libfirm_remove_bads -- Trying irg 'r_func_46
' -- No improvement
Using pass: pass_libfirm_remove_bads -- Trying irg 'r_func_15
' -- No improvement
Using pass: pass_libfirm_remove_bads -- Trying irg 'r_func_82
' -- No improvement
Using pass: pass_libfirm_remove_bads -- Trying irg 'r_func_89
' -- No improvement
Using pass: pass_libfirm_remove_bads -- Trying irg 'r_func_7
' -- No improvement
Using pass: pass_libfirm_remove_bads -- Trying irg 'r_func_73
' -- No improvement
Using pass: pass_libfirm_remove_bads -- Trying irg 'r_func_99
' -- No improvement
Using pass: pass_libfirm_remove_bads -- Trying irg 'r_func_82
' -- No improvement
Using pass: pass_libfirm_remove_bads -- Trying irg 'r_func_60
' -- No improvement
Using pass: pass_libfirm_remove_bads -- Trying irg 'r_func_59
' -- No improvement
Using pass: pass_libfirm_remove_bads -- Trying irg 'r_func_59
' -- No improvement
Using pass: pass_libfirm_remove_bads -- Trying irg 'r_func_33
' -- No improvement
Using pass: pass_libfirm_remove_bads -- Trying irg 'r_func_32
' -- No improvement
Using pass: pass_libfirm_remove_bads -- Trying irg 'r_func_54
' -- No improvement
Using pass: pass_remove_void_calls -- Trying irg 'r_func_60
' -- Successful
Using pass: pass_remove_void_calls -- Trying irg 'r_func_35
' -- Successful
Using pass: pass_remove_void_calls -- Trying irg 'r_func_44
' -- Successful
Using pass: pass_remove_void_calls -- Trying irg 'r_func_89
' -- Successful
Using pass: pass_remove_void_calls -- Trying irg 'r_func_44
' -- Successful
Using pass: pass_remove_void_calls -- Trying irg 'r_func_44
' -- Successful
Using pass: pass_replace_cond_selectors -- Trying irg 'r_func_61
' -- Successful
Using pass: pass_replace_cond_selectors -- Trying irg 'r_func_68
' -- Successful
Using pass: pass_replace_cond_selectors -- Trying irg 'r_func_64
' -- Successful
Using pass: pass_replace_cond_selectors -- Trying irg 'r_func_63
' -- Successful
Using pass: pass_replace_cond_selectors -- Trying irg 'r_func_92
' -- Successful
Using pass: pass_replace_cond_selectors -- Trying irg '_main
' -- Successful
Using pass: pass_replace_cond_selectors -- Trying irg 'r_func_6
' -- Successful
Using pass: pass_replace_cond_selectors -- Trying irg 'r_func_30
' -- Successful
Using pass: pass_replace_cond_selectors -- Trying irg 'r_func_35
' -- Successful
Using pass: pass_replace_cond_selectors -- Trying irg 'r_func_69
' -- Successful
Using pass: pass_replace_cond_selectors -- Trying irg 'r_func_68
' -- Successful
Using pass: pass_replace_cond_selectors -- Trying irg 'r_func_13
' -- Successful
Using pass: pass_replace_cond_selectors -- Trying irg 'r_func_25
' -- Successful
Using pass: pass_replace_cond_selectors -- Trying irg 'r_func_88
' -- Successful
Using pass: pass_replace_cond_selectors -- Trying irg 'r_func_89
' -- Successful
Using pass: pass_replace_cond_selectors -- Trying irg 'r_func_27
' -- Successful
Using pass: pass_replace_cond_selectors -- Trying irg 'r_func_43
' -- Successful
Using pass: pass_replace_cond_selectors -- Trying irg 'r_func_27
' -- Successful
Using pass: pass_replace_cond_selectors -- Trying irg 'r_func_8
' -- Successful
Using pass: pass_replace_cond_selectors -- Trying irg 'r_func_48
' -- Successful
Using pass: pass_replace_cond_selectors -- Trying irg 'r_func_39
' -- Successful
Using pass: pass_replace_cond_selectors -- Trying irg 'r_func_93
' -- Successful
Using pass: pass_replace_cond_selectors -- Trying irg 'r_func_22
' -- Successful
Using pass: pass_replace_cond_selectors -- Trying irg 'r_func_31
' -- Successful
Using pass: pass_replace_cond_selectors -- Trying irg 'r_func_79
' -- Successful
Using pass: pass_replace_cond_selectors -- Trying irg 'r_func_97
' -- Successful
Using pass: pass_replace_cond_selectors -- Trying irg 'r_func_14
' -- Successful
Using pass: pass_replace_cond_selectors -- Trying irg 'r_func_51
' -- Successful
Using pass: pass_replace_cond_selectors -- Trying irg 'r_func_60
' -- Successful
Using pass: pass_replace_cond_selectors -- Trying irg 'r_func_44
' -- Successful
Using pass: pass_replace_cond_selectors -- Trying irg 'r_func_42
' -- Successful
Using pass: pass_replace_cond_selectors -- Trying irg 'r_func_85
' -- Successful
Using pass: pass_replace_cond_selectors -- Trying irg 'r_func_44
' -- Successful
Using pass: pass_replace_cond_selectors -- Trying irg 'r_func_14
' -- Successful
Using pass: pass_replace_cond_selectors -- Trying irg 'r_func_14
' -- Successful
Using pass: pass_replace_cond_selectors -- Trying irg 'r_func_79
' -- Successful
Using pass: pass_replace_cond_selectors -- Trying irg 'r_func_46
' -- Successful
Using pass: pass_replace_cond_selectors -- Trying irg 'r_func_1
' -- Successful
Using pass: pass_replace_cond_selectors -- Trying irg 'r_func_79
' -- Successful
Using pass: pass_replace_cond_selectors -- Trying irg 'r_func_96
' -- Successful
Using pass: pass_replace_cond_selectors -- Trying irg 'r_func_53
' -- Successful
Using pass: pass_replace_cond_selectors -- Trying irg 'r_func_93
' -- Successful
Using pass: pass_replace_cond_selectors -- Trying irg '_main
' -- Successful
Using pass: pass_replace_cond_selectors -- Trying irg 'r_func_11
' -- Successful
Using pass: pass_replace_cond_selectors -- Trying irg 'r_func_81
' -- Successful
Using pass: pass_libfirm_combo -- Trying irg 'r_func_69
' -- No improvement
Using pass: pass_libfirm_combo -- Trying irg 'r_func_58
' -- No improvement
Using pass: pass_libfirm_combo -- Trying irg 'r_func_25
' -- No improvement
Using pass: pass_libfirm_combo -- Trying irg 'r_func_15
' -- No improvement
Using pass: pass_libfirm_combo -- Trying irg 'r_func_9
' -- No improvement
Using pass: pass_libfirm_combo -- Trying irg '_main
' -- No improvement
Using pass: pass_libfirm_combo -- Trying irg 'r_func_50
' -- No improvement
Using pass: pass_libfirm_combo -- Trying irg 'r_func_27
' -- No improvement
Using pass: pass_libfirm_combo -- Trying irg 'r_func_93
' -- No improvement
Using pass: pass_libfirm_combo -- Trying irg 'r_func_33
' -- No improvement
Using pass: pass_libfirm_combo -- Trying irg 'r_func_77
' -- No improvement
Using pass: pass_libfirm_combo -- Trying irg 'r_func_72
' -- No improvement
Using pass: pass_libfirm_combo -- Trying irg 'r_func_50
' -- No improvement
Using pass: pass_libfirm_combo -- Trying irg 'r_func_45
' -- No improvement
Using pass: pass_libfirm_combo -- Trying irg 'r_func_54
' -- No improvement
Using pass: pass_libfirm_combo -- Trying irg 'r_func_37
' -- No improvement
Using pass: pass_libfirm_combo -- Trying irg 'r_func_57
' -- No improvement
Using pass: pass_libfirm_combo -- Trying irg 'r_func_47
' -- No improvement
Using pass: pass_libfirm_combo -- Trying irg 'r_func_75
' -- No improvement
Using pass: pass_libfirm_combo -- Trying irg 'r_func_31
' -- No improvement
Using pass: pass_libfirm_combo -- Trying irg 'r_func_79
' -- No improvement
Using pass: pass_libfirm_combo -- Trying irg 'r_func_26
' -- No improvement
Using pass: pass_libfirm_combo -- Trying irg 'r_func_91
' -- No improvement
Using pass: pass_libfirm_combo -- Trying irg 'r_func_96
' -- No improvement
Using pass: pass_libfirm_combo -- Trying irg 'r_func_17
' -- No improvement
Using pass: pass_libfirm_combo -- Trying irg 'r_func_26
' -- No improvement
Using pass: pass_libfirm_combo -- Trying irg 'r_func_64
' -- No improvement
Using pass: pass_libfirm_combo -- Trying irg 'r_func_42
' -- No improvement
Using pass: pass_libfirm_combo -- Trying irg 'r_func_52
' -- No improvement
Using pass: pass_libfirm_combo -- Trying irg 'r_func_79
' -- No improvement
Using pass: pass_libfirm_combo -- Trying irg 'r_func_17
' -- No improvement
Using pass: pass_libfirm_combo -- Trying irg 'r_func_18
' -- No improvement
Using pass: pass_libfirm_combo -- Trying irg 'r_func_44
' -- No improvement
Using pass: pass_libfirm_combo -- Trying irg 'r_func_77
' -- No improvement
Using pass: pass_libfirm_combo -- Trying irg 'r_func_62
' -- No improvement
Using pass: pass_libfirm_combo -- Trying irg 'r_func_88
' -- No improvement
Using pass: pass_libfirm_combo -- Trying irg 'r_func_48
' -- No improvement
Using pass: pass_libfirm_combo -- Trying irg 'r_func_58
' -- No improvement
Using pass: pass_libfirm_combo -- Trying irg 'r_func_37
' -- No improvement
Using pass: pass_libfirm_combo -- Trying irg 'r_func_60
' -- No improvement
Using pass: pass_libfirm_combo -- Trying irg 'r_func_23
' -- No improvement
Using pass: pass_libfirm_combo -- Trying irg 'r_func_92
' -- No improvement
Using pass: pass_libfirm_combo -- Trying irg 'r_func_69
' -- No improvement
Using pass: pass_libfirm_combo -- Trying irg 'r_func_52
' -- No improvement
Using pass: pass_libfirm_combo -- Trying irg 'r_func_95
' -- No improvement
Using pass: pass_libfirm_combo -- Trying irg 'r_func_93
' -- No improvement
Using pass: pass_libfirm_combo -- Trying irg 'r_func_12
' -- No improvement
Using pass: pass_libfirm_combo -- Trying irg 'r_func_41
' -- No improvement
Using pass: pass_simplify_consts -- Trying irg 'r_func_46
' -- Successful
Using pass: pass_simplify_consts -- Trying irg 'r_func_79
' -- Successful
Using pass: pass_simplify_consts -- Trying irg 'r_func_1
' -- Successful
Using pass: pass_simplify_consts -- Trying irg 'r_func_14
' -- Successful
Using pass: pass_simplify_consts -- Trying irg 'r_func_44
' -- Successful
Using pass: pass_simplify_consts -- Trying irg 'r_func_42
' -- Successful
Using pass: pass_simplify_consts -- Trying irg 'r_func_77
' -- Successful
Using pass: pass_simplify_consts -- Trying irg 'r_func_29
' -- Successful
Using pass: pass_simplify_consts -- Trying irg 'r_func_47
' -- Successful
Using pass: pass_simplify_consts -- Trying irg 'r_func_78
' -- Successful
Using pass: pass_simplify_consts -- Trying irg 'r_func_51
' -- Successful
Using pass: pass_simplify_consts -- Trying irg 'r_func_42
' -- Successful
Using pass: pass_simplify_consts -- Trying irg 'r_func_91
' -- Successful
Using pass: pass_simplify_consts -- Trying irg 'r_func_29
' -- Successful
Using pass: pass_simplify_consts -- Trying irg 'r_func_90
' -- Successful
Using pass: pass_simplify_consts -- Trying irg 'r_func_3
' -- Successful
Using pass: pass_simplify_consts -- Trying irg 'r_func_3
' -- Successful
Using pass: pass_simplify_consts -- Trying irg 'r_func_31
' -- Successful
Using pass: pass_simplify_consts -- Trying irg 'r_func_18
' -- Successful
Using pass: pass_simplify_consts -- Trying irg 'r_func_45
' -- Successful
Using pass: pass_simplify_consts -- Trying irg 'r_func_63
' -- Successful
Using pass: pass_simplify_consts -- Trying irg 'r_func_83
' -- Successful
Using pass: pass_simplify_consts -- Trying irg 'r_func_69
' -- Successful
Using pass: pass_simplify_consts -- Trying irg 'r_func_94
' -- Successful
Using pass: pass_simplify_consts -- Trying irg 'r_func_40
' -- Successful
Using pass: pass_simplify_consts -- Trying irg 'r_func_22
' -- Successful
Using pass: pass_simplify_consts -- Trying irg 'r_func_31
' -- Successful
Using pass: pass_simplify_consts -- Trying irg 'r_func_84
' -- Successful
Using pass: pass_simplify_consts -- Trying irg 'r_func_39
' -- Successful
Using pass: pass_simplify_consts -- Trying irg 'r_func_29
' -- Successful
Using pass: pass_simplify_consts -- Trying irg 'r_func_17
' -- Successful
Using pass: pass_simplify_consts -- Trying irg 'r_func_38
' -- Successful
Using pass: pass_simplify_consts -- Trying irg 'r_func_9
' -- Successful
Using pass: pass_simplify_consts -- Trying irg 'r_func_27
' -- Successful
Using pass: pass_simplify_consts -- Trying irg 'r_func_46
' -- Successful
Using pass: pass_simplify_consts -- Trying irg 'r_func_87
' -- Successful
Using pass: pass_simplify_consts -- Trying irg 'r_func_23
' -- Successful
Using pass: pass_simplify_consts -- Trying irg 'r_func_59
' -- Successful
Using pass: pass_simplify_consts -- Trying irg 'r_func_30
' -- Successful
Using pass: pass_simplify_consts -- Trying irg 'r_func_40
' -- Successful
Using pass: pass_simplify_consts -- Trying irg '_main
' -- Successful
Using pass: pass_simplify_consts -- Trying irg 'r_func_20
' -- Successful
Using pass: pass_simplify_consts -- Trying irg 'r_func_69
' -- Successful
Using pass: pass_simplify_consts -- Trying irg 'r_func_56
' -- Successful
Using pass: pass_simplify_consts -- Trying irg 'r_func_91
' -- Successful
Using pass: pass_simplify_consts -- Trying irg 'r_func_38
' -- Successful
Using pass: pass_simplify_consts -- Trying irg 'r_func_60
' -- Successful
Using pass: pass_simplify_consts -- Trying irg 'r_func_21
' -- Successful
Using pass: pass_simplify_consts -- Trying irg 'r_func_56
' -- Successful
Using pass: pass_simplify_consts -- Trying irg 'r_func_71
' -- Successful
Using pass: pass_gc_irgs_primitive -- Trying irg 'r_func_8
' -- No improvement
Using pass: pass_gc_irgs_primitive -- Trying irg 'r_func_78
' -- No improvement
Using pass: pass_gc_irgs_primitive -- Trying irg 'r_func_64
' -- No improvement
Using pass: pass_gc_irgs_primitive -- Trying irg 'r_func_66
' -- No improvement
Using pass: pass_gc_irgs_primitive -- Trying irg 'r_func_78
' -- No improvement
Using pass: pass_gc_irgs_primitive -- Trying irg 'r_func_24
' -- No improvement
Using pass: pass_gc_irgs_primitive -- Trying irg 'r_func_55
' -- No improvement
Using pass: pass_gc_irgs_primitive -- Trying irg 'r_func_23
' -- No improvement
Using pass: pass_gc_irgs_primitive -- Trying irg 'r_func_46
' -- No improvement
Using pass: pass_gc_irgs_primitive -- Trying irg 'r_func_66
' -- No improvement
Using pass: pass_gc_irgs_primitive -- Trying irg 'r_func_96
' -- No improvement
Using pass: pass_gc_irgs_primitive -- Trying irg 'r_func_62
' -- No improvement
Using pass: pass_gc_irgs_primitive -- Trying irg 'r_func_40
' -- No improvement
Using pass: pass_gc_irgs_primitive -- Trying irg 'r_func_37
' -- No improvement
Using pass: pass_gc_irgs_primitive -- Trying irg 'r_func_72
' -- No improvement
Using pass: pass_gc_irgs_primitive -- Trying irg 'r_func_78
' -- No improvement
Using pass: pass_gc_irgs_primitive -- Trying irg 'r_func_8
' -- No improvement
Using pass: pass_gc_irgs_primitive -- Trying irg 'r_func_54
' -- No improvement
Using pass: pass_gc_irgs_primitive -- Trying irg 'r_func_18
' -- No improvement
Using pass: pass_gc_irgs_primitive -- Trying irg 'r_func_1
' -- No improvement
Using pass: pass_gc_irgs_primitive -- Trying irg 'r_func_26
' -- No improvement
Using pass: pass_gc_irgs_primitive -- Trying irg 'r_func_46
' -- No improvement
Using pass: pass_gc_irgs_primitive -- Trying irg 'r_func_62
' -- No improvement
Using pass: pass_gc_irgs_primitive -- Trying irg 'r_func_77
' -- No improvement
Using pass: pass_gc_irgs_primitive -- Trying irg 'r_func_59
' -- No improvement
Using pass: pass_gc_irgs_primitive -- Trying irg 'r_func_68
' -- No improvement
Using pass: pass_gc_irgs_primitive -- Trying irg 'r_func_9
' -- No improvement
Using pass: pass_gc_irgs_primitive -- Trying irg 'r_func_60
' -- No improvement
Using pass: pass_gc_irgs_primitive -- Trying irg 'r_func_83
' -- No improvement
Using pass: pass_gc_irgs_primitive -- Trying irg 'r_func_39
' -- No improvement
Using pass: pass_gc_irgs_primitive -- Trying irg 'r_func_78
' -- No improvement
Using pass: pass_gc_irgs_primitive -- Trying irg 'r_func_92
' -- No improvement
Using pass: pass_gc_irgs_primitive -- Trying irg 'r_func_16
' -- No improvement
Using pass: pass_gc_irgs_primitive -- Trying irg 'r_func_8
' -- No improvement
Using pass: pass_gc_irgs_primitive -- Trying irg 'r_func_57
' -- No improvement
Using pass: pass_gc_irgs_primitive -- Trying irg 'r_func_61
' -- No improvement
Using pass: pass_gc_irgs_primitive -- Trying irg 'r_func_32
' -- No improvement
Using pass: pass_gc_irgs_primitive -- Trying irg 'r_func_11
' -- No improvement
Using pass: pass_gc_irgs_primitive -- Trying irg 'r_func_50
' -- No improvement
Using pass: pass_gc_irgs_primitive -- Trying irg 'r_func_78
' -- No improvement
Using pass: pass_gc_irgs_primitive -- Trying irg 'r_func_43
' -- No improvement
Using pass: pass_gc_irgs_primitive -- Trying irg 'r_func_45
' -- No improvement
Using pass: pass_gc_irgs_primitive -- Trying irg 'r_func_39
' -- No improvement
Using pass: pass_gc_irgs_primitive -- Trying irg 'r_func_49
' -- No improvement
Using pass: pass_gc_irgs_primitive -- Trying irg 'r_func_49
' -- No improvement
Using pass: pass_gc_irgs_primitive -- Trying irg 'r_func_78
' -- No improvement
Using pass: pass_gc_irgs_primitive -- Trying irg 'r_func_26
' -- No improvement
Using pass: pass_gc_irgs_primitive -- Trying irg 'r_func_57
' -- No improvement
Using pass: pass_gc_irgs_primitive -- Trying irg 'r_func_31
' -- No improvement
Using pass: pass_gc_irgs_primitive -- Trying irg 'r_func_11
' -- No improvement
Using pass: pass_gc_irgs_primitive -- Trying irg 'r_func_59
' -- No improvement
Using pass: pass_libfirm_gvn_pre -- Trying irg 'r_func_68
' -- No improvement
Using pass: pass_libfirm_gvn_pre -- Trying irg 'r_func_38
' -- No improvement
Using pass: pass_libfirm_gvn_pre -- Trying irg 'r_func_5
' -- No improvement
Using pass: pass_libfirm_gvn_pre -- Trying irg 'r_func_32
' -- No improvement
Using pass: pass_libfirm_gvn_pre -- Trying irg 'r_func_84
' -- No improvement
Using pass: pass_libfirm_gvn_pre -- Trying irg 'r_func_84
' -- No improvement
Using pass: pass_libfirm_gvn_pre -- Trying irg 'r_func_5
' -- No improvement
Using pass: pass_libfirm_gvn_pre -- Trying irg 'r_func_23
' -- No improvement
Using pass: pass_libfirm_gvn_pre -- Trying irg 'r_func_21
' -- No improvement
Using pass: pass_libfirm_gvn_pre -- Trying irg 'r_func_53
' -- No improvement
Using pass: pass_libfirm_gvn_pre -- Trying irg 'r_func_23
' -- No improvement
Using pass: pass_libfirm_gvn_pre -- Trying irg 'r_func_68
' -- No improvement
Using pass: pass_libfirm_gvn_pre -- Trying irg 'r_func_44
' -- No improvement
Using pass: pass_libfirm_gvn_pre -- Trying irg 'r_func_81
' -- No improvement
Using pass: pass_libfirm_gvn_pre -- Trying irg 'r_func_35
' -- No improvement
Using pass: pass_libfirm_gvn_pre -- Trying irg 'r_func_58
' -- No improvement
Using pass: pass_libfirm_gvn_pre -- Trying irg 'r_func_91
' -- No improvement
Using pass: pass_libfirm_gvn_pre -- Trying irg 'r_func_38
' -- No improvement
Using pass: pass_libfirm_gvn_pre -- Trying irg 'r_func_74
' -- No improvement
Using pass: pass_libfirm_gvn_pre -- Trying irg 'r_func_44
' -- No improvement
Using pass: pass_libfirm_gvn_pre -- Trying irg 'r_func_71
' -- No improvement
Using pass: pass_libfirm_gvn_pre -- Trying irg 'r_func_82
' -- No improvement
Using pass: pass_libfirm_gvn_pre -- Trying irg 'r_func_21
' -- No improvement
Using pass: pass_libfirm_gvn_pre -- Trying irg 'r_func_74
' -- No improvement
Using pass: pass_libfirm_gvn_pre -- Trying irg 'r_func_21
' -- No improvement
Using pass: pass_libfirm_gvn_pre -- Trying irg 'r_func_75
' -- No improvement
Using pass: pass_libfirm_gvn_pre -- Trying irg 'r_func_32
' -- No improvement
Using pass: pass_libfirm_gvn_pre -- Trying irg 'r_func_71
' -- No improvement
Using pass: pass_gc_entitites -- Trying irg 'r_func_72
' -- Successful
Using pass: pass_gc_entitites -- Trying irg 'r_func_20
' -- Successful
Using pass: pass_gc_entitites -- Trying irg 'r_func_23
' -- Successful
Using pass: pass_gc_entitites -- Trying irg 'r_func_41
' -- Successful
Using pass: pass_gc_entitites -- Trying irg 'r_func_47
' -- Successful
Using pass: pass_gc_entitites -- Trying irg 'r_func_37
' -- Successful
Using pass: pass_gc_entitites -- Trying irg 'r_func_12
' -- Successful
Using pass: pass_gc_entitites -- Trying irg 'r_func_51
' -- Successful
Using pass: pass_gc_entitites -- Trying irg 'r_func_86
' -- Successful
Using pass: pass_gc_entitites -- Trying irg 'r_func_70
' -- Successful
Using pass: pass_gc_entitites -- Trying irg 'r_func_51
' -- Successful
Using pass: pass_gc_entitites -- Trying irg 'r_func_25
' -- Successful
Using pass: pass_gc_entitites -- Trying irg 'r_func_57
' -- Successful
Using pass: pass_gc_entitites -- Trying irg 'main
' -- Successful
Using pass: pass_gc_entitites -- Trying irg 'r_func_34
' -- Successful
Using pass: pass_gc_entitites -- Trying irg 'r_func_42
' -- Successful
Using pass: pass_gc_entitites -- Trying irg 'r_func_64
' -- Successful
Using pass: pass_gc_entitites -- Trying irg 'r_func_14
' -- Successful
Using pass: pass_gc_entitites -- Trying irg 'r_func_19
' -- Successful
Using pass: pass_gc_entitites -- Trying irg 'r_func_82
' -- Successful
Using pass: pass_gc_entitites -- Trying irg 'r_func_1
' -- Successful
Using pass: pass_gc_entitites -- Trying irg 'r_func_59
' -- Successful
Using pass: pass_gc_entitites -- Trying irg 'r_func_14
' -- Successful
Using pass: pass_gc_entitites -- Trying irg 'r_func_45
' -- Successful
Using pass: pass_gc_entitites -- Trying irg 'r_func_58
' -- Successful
Using pass: pass_gc_entitites -- Trying irg 'r_func_13
' -- Successful
Using pass: pass_gc_entitites -- Trying irg 'r_func_24
' -- Successful
Using pass: pass_gc_entitites -- Trying irg 'r_func_21
' -- Successful
Using pass: pass_gc_entitites -- Trying irg 'r_func_64
' -- Successful
Using pass: pass_gc_entitites -- Trying irg 'r_func_17
' -- Successful
Using pass: pass_gc_entitites -- Trying irg 'r_func_74
' -- Successful
Using pass: pass_gc_entitites -- Trying irg 'r_func_35
' -- Successful
Using pass: pass_gc_entitites -- Trying irg 'r_func_37
' -- Successful
Using pass: pass_gc_entitites -- Trying irg 'r_func_63
' -- Successful
Using pass: pass_gc_entitites -- Trying irg 'r_func_42
' -- Successful
Using pass: pass_gc_entitites -- Trying irg 'r_func_51
' -- Successful
Using pass: pass_gc_entitites -- Trying irg 'main
' -- Successful
Using pass: pass_gc_entitites -- Trying irg 'r_func_54
' -- Successful
Using pass: pass_gc_entitites -- Trying irg 'r_func_68
' -- Successful
Using pass: pass_gc_entitites -- Trying irg 'r_func_85
' -- Successful
Using pass: pass_gc_entitites -- Trying irg 'r_func_91
' -- Successful
Using pass: pass_gc_entitites -- Trying irg 'r_func_19
' -- Successful
Using pass: pass_gc_entitites -- Trying irg 'r_func_76
' -- Successful
Using pass: pass_gc_entitites -- Trying irg 'r_func_13
' -- Successful
Using pass: pass_gc_entitites -- Trying irg 'r_func_85
' -- Successful
Using pass: pass_gc_entitites -- Trying irg 'r_func_9
' -- Successful
Using pass: pass_gc_entitites -- Trying irg 'r_func_56
' -- Successful
Using pass: pass_gc_entitites -- Trying irg 'r_func_48
' -- Successful
Using pass: pass_gc_entitites -- Trying irg 'r_func_24
' -- Successful
Using pass: pass_gc_entitites -- Trying irg 'r_func_75
' -- Successful
Using pass: pass_gc_entitites -- Trying irg 'r_func_96
' -- Successful
Using pass: pass_replace_proj_primitive -- Trying irg 'r_func_72
' -- Successful
Using pass: pass_replace_proj_primitive -- Trying irg 'r_func_77
' -- Successful
Using pass: pass_replace_proj_primitive -- Trying irg 'r_func_77
' -- Successful
Using pass: pass_replace_proj_primitive -- Trying irg 'r_func_29
' -- Successful
Using pass: pass_replace_proj_primitive -- Trying irg 'r_func_47
' -- Successful
Using pass: pass_replace_proj_primitive -- Trying irg 'r_func_49
' -- Successful
Using pass: pass_replace_proj_primitive -- Trying irg 'r_func_33
' -- Successful
Using pass: pass_replace_proj_primitive -- Trying irg 'r_func_56
' -- Successful
Using pass: pass_replace_proj_primitive -- Trying irg 'r_func_82
' -- Successful
Using pass: pass_replace_proj_primitive -- Trying irg 'r_func_94
' -- Successful
Using pass: pass_replace_proj_primitive -- Trying irg 'r_func_69
' -- Successful
Using pass: pass_replace_proj_primitive -- Trying irg 'r_func_2
' -- Successful
Using pass: pass_replace_proj_primitive -- Trying irg 'r_func_4
' -- Successful
Using pass: pass_replace_proj_primitive -- Trying irg 'r_func_64
' -- Successful
Using pass: pass_replace_proj_primitive -- Trying irg 'r_func_93
' -- Successful
Using pass: pass_replace_proj_primitive -- Trying irg 'r_func_43
' -- Successful
Using pass: pass_replace_proj_primitive -- Trying irg 'r_func_49
' -- Successful
Using pass: pass_replace_proj_primitive -- Trying irg 'r_func_60
' -- Successful
Using pass: pass_replace_proj_primitive -- Trying irg 'r_func_47
' -- Successful
Using pass: pass_replace_proj_primitive -- Trying irg 'r_func_48
' -- Successful
Using pass: pass_replace_proj_primitive -- Trying irg 'r_func_44
' -- Successful
Using pass: pass_replace_proj_primitive -- Trying irg 'r_func_48
' -- Successful
Using pass: pass_replace_proj_primitive -- Trying irg 'r_func_12
' -- Successful
Using pass: pass_replace_proj_primitive -- Trying irg 'r_func_34
' -- Successful
Using pass: pass_replace_proj_primitive -- Trying irg 'r_func_82
' -- Successful
Using pass: pass_replace_proj_primitive -- Trying irg 'r_func_17
' -- Successful
Using pass: pass_replace_proj_primitive -- Trying irg 'r_func_27
' -- Successful
Using pass: pass_replace_proj_primitive -- Trying irg 'r_func_5
' -- Successful
Using pass: pass_replace_proj_primitive -- Trying irg 'r_func_57
' -- Successful
Using pass: pass_replace_proj_primitive -- Trying irg 'r_func_65
' -- Successful
Using pass: pass_replace_proj_primitive -- Trying irg 'r_func_48
' -- Successful
Using pass: pass_replace_proj_primitive -- Trying irg '_main
' -- Successful
Using pass: pass_replace_proj_primitive -- Trying irg 'r_func_94
' -- Successful
Using pass: pass_replace_proj_primitive -- Trying irg 'r_func_62
' -- Successful
Using pass: pass_replace_proj_primitive -- Trying irg 'r_func_49
' -- Successful
Using pass: pass_replace_proj_primitive -- Trying irg 'r_func_26
' -- Successful
Using pass: pass_replace_proj_primitive -- Trying irg 'r_func_84
' -- Successful
Using pass: pass_replace_proj_primitive -- Trying irg 'r_func_97
' -- Successful
Using pass: pass_replace_proj_primitive -- Trying irg 'r_func_86
' -- Successful
Using pass: pass_replace_proj_primitive -- Trying irg 'r_func_52
' -- Successful
Using pass: pass_replace_proj_primitive -- Trying irg 'r_func_99
' -- Successful
Using pass: pass_replace_proj_primitive -- Trying irg 'r_func_43
' -- Successful
Using pass: pass_replace_proj_primitive -- Trying irg 'r_func_56
' -- Successful
Using pass: pass_replace_proj_primitive -- Trying irg 'r_func_62
' -- Successful
Using pass: pass_replace_proj_primitive -- Trying irg 'r_func_66
' -- Successful
Using pass: pass_replace_proj_primitive -- Trying irg 'r_func_77
' -- Successful
Using pass: pass_replace_proj_primitive -- Trying irg 'r_func_28
' -- Successful
Using pass: pass_replace_proj_primitive -- Trying irg 'r_func_25
' -- Successful
Using pass: pass_replace_proj_primitive -- Trying irg 'r_func_72
' -- Successful
Using pass: pass_remove_allocs -- Trying irg 'r_func_67
' -- Successful
Using pass: pass_remove_allocs -- Trying irg 'r_func_59
' -- Successful
Using pass: pass_remove_allocs -- Trying irg 'r_func_72
' -- Successful
Using pass: pass_remove_allocs -- Trying irg 'r_func_89
' -- Successful
Using pass: pass_remove_allocs -- Trying irg 'r_func_15
' -- Successful
Using pass: pass_remove_allocs -- Trying irg 'r_func_54
' -- Successful
Using pass: pass_remove_allocs -- Trying irg 'r_func_68
' -- Successful
Using pass: pass_remove_allocs -- Trying irg 'r_func_15
' -- Successful
Using pass: pass_remove_allocs -- Trying irg 'r_func_68
' -- Successful
Using pass: pass_remove_allocs -- Trying irg 'r_func_54
' -- Successful
Using pass: pass_remove_allocs -- Trying irg 'r_func_99
' -- Successful
Using pass: pass_remove_allocs -- Trying irg 'r_func_79
' -- Successful
Using pass: pass_remove_allocs -- Trying irg 'r_func_54
' -- Successful
Using pass: pass_remove_allocs -- Trying irg 'r_func_59
' -- Successful
Using pass: pass_remove_allocs -- Trying irg 'r_func_89
' -- Successful
Using pass: pass_remove_allocs -- Trying irg 'r_func_67
' -- Successful
Using pass: pass_remove_allocs -- Trying irg 'r_func_57
' -- Successful
Using pass: pass_replace_arithmetic -- Trying irg 'r_func_30
' -- Successful
Using pass: pass_replace_arithmetic -- Trying irg 'r_func_86
' -- Successful
Using pass: pass_replace_arithmetic -- Trying irg 'r_func_74
' -- Successful
Using pass: pass_replace_arithmetic -- Trying irg 'r_func_94
' -- Successful
Using pass: pass_replace_arithmetic -- Trying irg 'r_func_14
' -- Successful
Using pass: pass_replace_arithmetic -- Trying irg 'r_func_57
' -- Successful
Using pass: pass_replace_arithmetic -- Trying irg 'r_func_78
' -- Successful
Using pass: pass_replace_arithmetic -- Trying irg 'r_func_56
' -- Successful
Using pass: pass_replace_arithmetic -- Trying irg 'r_func_48
' -- Successful
Using pass: pass_replace_arithmetic -- Trying irg 'r_func_93
' -- Successful
Using pass: pass_replace_arithmetic -- Trying irg 'r_func_26
' -- Successful
Using pass: pass_replace_arithmetic -- Trying irg 'r_func_23
' -- Successful
Using pass: pass_replace_arithmetic -- Trying irg 'r_func_97
' -- Successful
Using pass: pass_replace_arithmetic -- Trying irg 'r_func_39
' -- Successful
Using pass: pass_replace_arithmetic -- Trying irg 'r_func_56
' -- Successful
Using pass: pass_replace_arithmetic -- Trying irg 'r_func_59
' -- Successful
Using pass: pass_replace_arithmetic -- Trying irg 'r_func_94
' -- Successful
Using pass: pass_replace_arithmetic -- Trying irg 'r_func_48
' -- Successful
Using pass: pass_replace_arithmetic -- Trying irg 'r_func_45
' -- Successful
Using pass: pass_replace_arithmetic -- Trying irg 'r_func_30
' -- Successful
Using pass: pass_replace_arithmetic -- Trying irg 'r_func_93
' -- Successful
Using pass: pass_replace_arithmetic -- Trying irg 'r_func_30
' -- Successful
Using pass: pass_replace_arithmetic -- Trying irg 'r_func_55
' -- Successful
Using pass: pass_replace_arithmetic -- Trying irg 'r_func_27
' -- Successful
Using pass: pass_replace_arithmetic -- Trying irg 'r_func_90
' -- Successful
Using pass: pass_replace_arithmetic -- Trying irg 'r_func_21
' -- Successful
Using pass: pass_replace_arithmetic -- Trying irg 'r_func_46
' -- Successful
Using pass: pass_replace_arithmetic -- Trying irg 'r_func_3
' -- Successful
Using pass: pass_replace_arithmetic -- Trying irg 'r_func_79
' -- Successful
Using pass: pass_replace_arithmetic -- Trying irg 'r_func_23
' -- Successful
Using pass: pass_replace_arithmetic -- Trying irg 'r_func_60
' -- Successful
Using pass: pass_replace_arithmetic -- Trying irg 'r_func_93
' -- Successful
Using pass: pass_replace_arithmetic -- Trying irg 'r_func_82
' -- Successful
Using pass: pass_replace_arithmetic -- Trying irg 'r_func_82
' -- Successful
Using pass: pass_replace_arithmetic -- Trying irg 'r_func_78
' -- Successful
Using pass: pass_replace_arithmetic -- Trying irg 'r_func_91
' -- Successful
Using pass: pass_replace_arithmetic -- Trying irg 'r_func_34
' -- Successful
Using pass: pass_replace_arithmetic -- Trying irg 'r_func_26
' -- Successful
Using pass: pass_replace_arithmetic -- Trying irg 'r_func_59
' -- Successful
Using pass: pass_replace_arithmetic -- Trying irg 'r_func_19
' -- Successful
Using pass: pass_replace_arithmetic -- Trying irg 'r_func_64
' -- Successful
Using pass: pass_replace_arithmetic -- Trying irg 'r_func_86
' -- Successful
Using pass: pass_replace_arithmetic -- Trying irg 'r_func_97
' -- Successful
Using pass: pass_libfirm_occult_consts -- Trying irg 'r_func_77
' -- No improvement
Using pass: pass_libfirm_optimize_load_store -- Trying irg 'r_func_5
' -- No improvement
Using pass: pass_libfirm_optimize_load_store -- Trying irg 'r_func_88
' -- No improvement
Using pass: pass_libfirm_optimize_load_store -- Trying irg 'r_func_87
' -- No improvement
Using pass: pass_libfirm_optimize_load_store -- Trying irg 'r_func_44
' -- No improvement
Using pass: pass_libfirm_optimize_load_store -- Trying irg 'r_func_84
' -- No improvement
Using pass: pass_libfirm_optimize_load_store -- Trying irg 'r_func_75
' -- No improvement
Using pass: pass_libfirm_optimize_load_store -- Trying irg 'r_func_71
' -- No improvement
Using pass: pass_libfirm_optimize_load_store -- Trying irg 'r_func_57
' -- No improvement
Using pass: pass_libfirm_optimize_load_store -- Trying irg 'r_func_33
' -- No improvement
Using pass: pass_libfirm_optimize_load_store -- Trying irg 'r_func_71
' -- No improvement
Using pass: pass_libfirm_optimize_load_store -- Trying irg 'r_func_54
' -- No improvement
Using pass: pass_libfirm_optimize_load_store -- Trying irg 'r_func_15
' -- No improvement
Using pass: pass_libfirm_optimize_load_store -- Trying irg 'r_func_87
' -- No improvement
Using pass: pass_libfirm_optimize_load_store -- Trying irg 'r_func_44
' -- No improvement
Using pass: pass_libfirm_optimize_load_store -- Trying irg 'r_func_84
' -- No improvement
Using pass: pass_libfirm_optimize_load_store -- Trying irg 'r_func_5
' -- No improvement
Using pass: pass_libfirm_optimize_load_store -- Trying irg 'r_func_39
' -- No improvement
Using pass: pass_libfirm_opt_blocks -- Trying irg 'r_func_91
' -- No improvement
Using pass: pass_libfirm_opt_blocks -- Trying irg 'r_func_70
' -- No improvement
Using pass: pass_libfirm_opt_blocks -- Trying irg 'r_func_70
' -- No improvement
Using pass: pass_libfirm_opt_blocks -- Trying irg 'r_func_70
' -- No improvement
Using pass: pass_libfirm_opt_blocks -- Trying irg 'r_func_7
' -- No improvement
Using pass: pass_libfirm_opt_blocks -- Trying irg 'r_func_71
' -- No improvement
Using pass: pass_libfirm_opt_blocks -- Trying irg 'r_func_71
' -- No improvement
Using pass: pass_libfirm_opt_blocks -- Trying irg 'r_func_70
' -- No improvement
Using pass: pass_libfirm_opt_if_conv -- Trying irg 'r_func_24
' -- No improvement
Using pass: pass_libfirm_opt_if_conv -- Trying irg 'r_func_45
' -- No improvement
Using pass: pass_libfirm_opt_if_conv -- Trying irg 'r_func_54
' -- No improvement
Using pass: pass_libfirm_opt_if_conv -- Trying irg 'r_func_84
' -- No improvement
Using pass: pass_libfirm_opt_if_conv -- Trying irg 'r_func_72
' -- No improvement
Using pass: pass_libfirm_opt_if_conv -- Trying irg 'r_func_58
' -- No improvement
Using pass: pass_libfirm_opt_if_conv -- Trying irg 'r_func_89
' -- No improvement
Using pass: pass_libfirm_opt_if_conv -- Trying irg 'r_func_84
' -- No improvement
Using pass: pass_libfirm_opt_if_conv -- Trying irg 'r_func_74
' -- No improvement
Using pass: pass_libfirm_opt_if_conv -- Trying irg 'r_func_29
' -- No improvement
Using pass: pass_libfirm_opt_if_conv -- Trying irg 'r_func_89
' -- No improvement
Using pass: pass_libfirm_opt_if_conv -- Trying irg 'r_func_48
' -- No improvement
Using pass: pass_libfirm_opt_if_conv -- Trying irg 'r_func_74
' -- No improvement
Using pass: pass_libfirm_opt_if_conv -- Trying irg 'r_func_87
' -- No improvement
Using pass: pass_libfirm_opt_if_conv -- Trying irg 'r_func_99
' -- No improvement
Using pass: pass_libfirm_opt_if_conv -- Trying irg 'r_func_97
' -- No improvement
Using pass: pass_libfirm_opt_if_conv -- Trying irg 'r_func_89
' -- No improvement
Using pass: pass_libfirm_opt_if_conv -- Trying irg 'r_func_52
' -- No improvement
Using pass: pass_libfirm_opt_if_conv -- Trying irg 'r_func_89
' -- No improvement
Using pass: pass_libfirm_opt_if_conv -- Trying irg 'r_func_97
' -- No improvement
Using pass: pass_libfirm_opt_if_conv -- Trying irg 'r_func_99
' -- No improvement
Using pass: pass_libfirm_opt_if_conv -- Trying irg 'r_func_58
' -- No improvement
Using pass: pass_libfirm_construct_confirms -- Trying irg 'r_func_58
' -- No improvement
Using pass: pass_libfirm_construct_confirms -- Trying irg 'r_func_67
' -- No improvement
Using pass: pass_libfirm_construct_confirms -- Trying irg 'r_func_67
' -- No improvement
Using pass: pass_libfirm_construct_confirms -- Trying irg 'r_func_75
' -- No improvement
Using pass: pass_libfirm_construct_confirms -- Trying irg 'r_func_71
' -- No improvement
Using pass: pass_libfirm_construct_confirms -- Trying irg 'r_func_32
' -- No improvement
Using pass: pass_libfirm_construct_confirms -- Trying irg 'r_func_54
' -- No improvement
Using pass: pass_libfirm_construct_confirms -- Trying irg 'r_func_81
' -- No improvement
Using pass: pass_libfirm_construct_confirms -- Trying irg 'r_func_70
' -- No improvement
Using pass: pass_libfirm_construct_confirms -- Trying irg 'r_func_60
' -- No improvement
Using pass: pass_libfirm_construct_confirms -- Trying irg 'r_func_39
' -- No improvement
Using pass: pass_libfirm_construct_confirms -- Trying irg 'r_func_91
' -- No improvement
Using pass: pass_libfirm_construct_confirms -- Trying irg 'r_func_84
' -- No improvement
Using pass: pass_libfirm_construct_confirms -- Trying irg 'r_func_24
' -- No improvement
Using pass: pass_libfirm_construct_confirms -- Trying irg 'r_func_82
' -- No improvement
Using pass: pass_libfirm_construct_confirms -- Trying irg 'r_func_64
' -- No improvement
Using pass: pass_libfirm_construct_confirms -- Trying irg 'r_func_36
' -- No improvement
Using pass: pass_libfirm_construct_confirms -- Trying irg 'r_func_33
' -- No improvement
Using pass: pass_libfirm_construct_confirms -- Trying irg 'r_func_67
' -- No improvement
Using pass: pass_libfirm_construct_confirms -- Trying irg 'r_func_24
' -- No improvement
Using pass: pass_libfirm_construct_confirms -- Trying irg 'r_func_81
' -- No improvement
Using pass: pass_libfirm_construct_confirms -- Trying irg 'r_func_67
' -- No improvement
Using pass: pass_libfirm_construct_confirms -- Trying irg 'r_func_15
' -- No improvement
Using pass: pass_libfirm_construct_confirms -- Trying irg 'r_func_75
' -- No improvement
Using pass: pass_replace_return_values -- Trying irg 'r_func_51
' -- Successful
Using pass: pass_replace_return_values -- Trying irg 'r_func_92
' -- Successful
Using pass: pass_replace_return_values -- Trying irg 'r_func_86
' -- Successful
Using pass: pass_replace_return_values -- Trying irg 'r_func_72
' -- Successful
Using pass: pass_replace_return_values -- Trying irg 'r_func_22
' -- Successful
Using pass: pass_replace_return_values -- Trying irg 'r_func_43
' -- Successful
Using pass: pass_replace_return_values -- Trying irg 'r_func_81
' -- Successful
Using pass: pass_replace_return_values -- Trying irg 'r_func_80
' -- Successful
Using pass: pass_replace_return_values -- Trying irg 'r_func_18
' -- Successful
Using pass: pass_replace_return_values -- Trying irg 'r_func_15
' -- Successful
Using pass: pass_replace_return_values -- Trying irg 'r_func_91
' -- Successful
Using pass: pass_replace_return_values -- Trying irg 'r_func_29
' -- Successful
Using pass: pass_replace_return_values -- Trying irg 'r_func_69
' -- Successful
Using pass: pass_replace_return_values -- Trying irg 'r_func_6
' -- Successful
Using pass: pass_replace_return_values -- Trying irg 'r_func_53
' -- Successful
Using pass: pass_replace_return_values -- Trying irg 'r_func_74
' -- Successful
Using pass: pass_replace_return_values -- Trying irg 'r_func_94
' -- Successful
Using pass: pass_replace_return_values -- Trying irg 'r_func_80
' -- Successful
Using pass: pass_replace_return_values -- Trying irg 'r_func_51
' -- Successful
Using pass: pass_replace_return_values -- Trying irg 'r_func_17
' -- Successful
Using pass: pass_replace_return_values -- Trying irg 'r_func_67
' -- Successful
Using pass: pass_replace_return_values -- Trying irg 'r_func_79
' -- Successful
Using pass: pass_replace_return_values -- Trying irg 'r_func_31
' -- Successful
Using pass: pass_replace_return_values -- Trying irg 'r_func_17
' -- Successful
Using pass: pass_replace_return_values -- Trying irg 'r_func_83
' -- Successful
Using pass: pass_replace_return_values -- Trying irg 'r_func_56
' -- Successful
Using pass: pass_replace_return_values -- Trying irg 'r_func_92
' -- Successful
Using pass: pass_replace_return_values -- Trying irg 'r_func_92
' -- Successful
Using pass: pass_replace_return_values -- Trying irg 'r_func_27
' -- Successful
Using pass: pass_replace_return_values -- Trying irg 'r_func_46
' -- Successful
Using pass: pass_replace_return_values -- Trying irg 'r_func_14
' -- Successful
Using pass: pass_replace_return_values -- Trying irg 'r_func_6
' -- Successful
Using pass: pass_replace_return_values -- Trying irg 'r_func_30
' -- Successful
Using pass: pass_replace_return_values -- Trying irg 'r_func_29
' -- Successful
Using pass: pass_replace_return_values -- Trying irg 'r_func_97
' -- Successful
Using pass: pass_replace_return_values -- Trying irg 'r_func_56
' -- Successful
Using pass: pass_replace_return_values -- Trying irg 'r_func_80
' -- Successful
Using pass: pass_replace_return_values -- Trying irg 'r_func_67
' -- Successful
Using pass: pass_replace_return_values -- Trying irg 'r_func_47
' -- Successful
Using pass: pass_replace_return_values -- Trying irg 'r_func_19
' -- Successful
Using pass: pass_replace_return_values -- Trying irg 'r_func_66
' -- Successful
Using pass: pass_replace_return_values -- Trying irg 'r_func_6
' -- Successful
Using pass: pass_replace_return_values -- Trying irg 'r_func_16
' -- Successful
Using pass: pass_libfirm_conv_opt -- Trying irg 'r_func_79
' -- No improvement
Using pass: pass_libfirm_conv_opt -- Trying irg 'r_func_39
' -- No improvement
Using pass: pass_libfirm_conv_opt -- Trying irg 'r_func_27
' -- No improvement
Using pass: pass_libfirm_conv_opt -- Trying irg 'r_func_15
' -- No improvement
Using pass: pass_libfirm_conv_opt -- Trying irg 'r_func_15
' -- No improvement
Using pass: pass_libfirm_conv_opt -- Trying irg 'r_func_49
' -- No improvement
Using pass: pass_libfirm_conv_opt -- Trying irg 'r_func_79
' -- No improvement
Using pass: pass_libfirm_optimize_cf -- Trying irg 'r_func_38
' -- No improvement
Using pass: pass_libfirm_optimize_cf -- Trying irg 'r_func_99
' -- No improvement
Using pass: pass_libfirm_optimize_cf -- Trying irg 'r_func_26
' -- No improvement
Using pass: pass_libfirm_optimize_cf -- Trying irg 'r_func_1
' -- No improvement
Using pass: pass_libfirm_optimize_cf -- Trying irg 'r_func_5
' -- No improvement
Using pass: pass_libfirm_optimize_cf -- Trying irg 'r_func_28
' -- No improvement
Using pass: pass_libfirm_optimize_cf -- Trying irg 'r_func_18
' -- No improvement
Using pass: pass_libfirm_optimize_cf -- Trying irg 'r_func_77
' -- No improvement
Using pass: pass_libfirm_optimize_cf -- Trying irg 'r_func_34
' -- No improvement
Using pass: pass_libfirm_optimize_cf -- Trying irg 'r_func_9
' -- No improvement
Using pass: pass_libfirm_optimize_cf -- Trying irg 'r_func_72
' -- No improvement
Using pass: pass_libfirm_optimize_cf -- Trying irg 'r_func_36
' -- No improvement
Using pass: pass_libfirm_optimize_cf -- Trying irg 'r_func_73
' -- No improvement
Using pass: pass_libfirm_optimize_cf -- Trying irg 'r_func_60
' -- No improvement
Using pass: pass_libfirm_optimize_cf -- Trying irg 'r_func_15
' -- No improvement
Using pass: pass_libfirm_optimize_cf -- Trying irg 'r_func_9
' -- No improvement
Using pass: pass_libfirm_optimize_cf -- Trying irg 'r_func_39
' -- No improvement
Using pass: pass_libfirm_optimize_cf -- Trying irg 'r_func_95
' -- No improvement
Using pass: pass_libfirm_optimize_cf -- Trying irg 'r_func_72
' -- No improvement
Using pass: pass_libfirm_optimize_cf -- Trying irg 'r_func_81
' -- No improvement
Using pass: pass_libfirm_optimize_cf -- Trying irg 'r_func_70
' -- No improvement
Using pass: pass_libfirm_optimize_cf -- Trying irg 'r_func_83
' -- No improvement
Using pass: pass_libfirm_optimize_cf -- Trying irg 'r_func_18
' -- No improvement
Using pass: pass_libfirm_optimize_cf -- Trying irg 'r_func_50
' -- No improvement
Using pass: pass_libfirm_optimize_cf -- Trying irg 'r_func_63
' -- No improvement
Using pass: pass_libfirm_optimize_cf -- Trying irg 'r_func_61
' -- No improvement
Using pass: pass_libfirm_optimize_cf -- Trying irg 'r_func_52
' -- No improvement
Using pass: pass_libfirm_optimize_cf -- Trying irg 'r_func_89
' -- No improvement
Using pass: pass_libfirm_optimize_cf -- Trying irg 'r_func_36
' -- No improvement
Using pass: pass_libfirm_optimize_cf -- Trying irg 'r_func_31
' -- No improvement
Using pass: pass_libfirm_optimize_cf -- Trying irg 'r_func_36
' -- No improvement
Using pass: pass_libfirm_optimize_cf -- Trying irg 'r_func_96
' -- No improvement
Using pass: pass_libfirm_optimize_cf -- Trying irg '_main
' -- No improvement
Using pass: pass_libfirm_optimize_cf -- Trying irg 'r_func_54
' -- No improvement
Using pass: pass_libfirm_optimize_cf -- Trying irg 'r_func_34
' -- No improvement
Using pass: pass_libfirm_optimize_cf -- Trying irg 'r_func_37
' -- No improvement
Using pass: pass_libfirm_optimize_cf -- Trying irg 'r_func_93
' -- No improvement
Using pass: pass_libfirm_optimize_cf -- Trying irg 'r_func_94
' -- No improvement
Using pass: pass_libfirm_optimize_cf -- Trying irg 'r_func_52
' -- No improvement
Using pass: pass_libfirm_optimize_cf -- Trying irg 'r_func_58
' -- No improvement
Using pass: pass_libfirm_optimize_cf -- Trying irg 'r_func_49
' -- No improvement
Using pass: pass_libfirm_optimize_cf -- Trying irg 'r_func_53
' -- No improvement
Using pass: pass_libfirm_optimize_cf -- Trying irg 'r_func_44
' -- No improvement
Using pass: pass_remove_stores -- Trying irg 'r_func_27
' -- Successful
Using pass: pass_remove_stores -- Trying irg 'r_func_50
' -- Successful
Using pass: pass_remove_stores -- Trying irg 'r_func_79
' -- Successful
Using pass: pass_remove_stores -- Trying irg 'r_func_83
' -- Successful
Using pass: pass_remove_stores -- Trying irg 'r_func_38
' -- Successful
Using pass: pass_remove_stores -- Trying irg 'r_func_46
' -- Successful
Using pass: pass_remove_stores -- Trying irg 'r_func_35
' -- Successful
Using pass: pass_remove_stores -- Trying irg 'r_func_20
' -- Successful
Using pass: pass_remove_stores -- Trying irg 'r_func_45
' -- Successful
Using pass: pass_remove_stores -- Trying irg 'r_func_83
' -- Successful
Using pass: pass_remove_stores -- Trying irg 'r_func_11
' -- Successful
Using pass: pass_remove_stores -- Trying irg 'r_func_46
' -- Successful
Using pass: pass_remove_stores -- Trying irg 'r_func_23
' -- Successful
Using pass: pass_remove_stores -- Trying irg 'r_func_74
' -- Successful
Using pass: pass_remove_stores -- Trying irg 'r_func_22
' -- Successful
Using pass: pass_remove_stores -- Trying irg 'r_func_18
' -- Successful
Using pass: pass_remove_stores -- Trying irg 'r_func_91
' -- Successful
Using pass: pass_remove_stores -- Trying irg 'r_func_93
' -- Successful
Using pass: pass_remove_stores -- Trying irg 'r_func_29
' -- Successful
Using pass: pass_remove_stores -- Trying irg 'r_func_27
' -- Successful
Using pass: pass_remove_stores -- Trying irg 'r_func_43
' -- Successful
Using pass: pass_remove_stores -- Trying irg 'r_func_71
' -- Successful
Using pass: pass_remove_stores -- Trying irg 'r_func_82
' -- Successful
Using pass: pass_remove_stores -- Trying irg 'r_func_41
' -- Successful
Using pass: pass_remove_stores -- Trying irg 'r_func_71
' -- Successful
Using pass: pass_remove_stores -- Trying irg 'r_func_94
' -- Successful
Using pass: pass_remove_stores -- Trying irg 'r_func_64
' -- Successful
Using pass: pass_remove_stores -- Trying irg 'r_func_9
' -- Successful
Using pass: pass_remove_stores -- Trying irg 'r_func_72
' -- Successful
Using pass: pass_remove_stores -- Trying irg 'r_func_46
' -- Successful
Using pass: pass_remove_stores -- Trying irg 'r_func_48
' -- Successful
Using pass: pass_remove_stores -- Trying irg 'r_func_12
' -- Successful
Using pass: pass_remove_stores -- Trying irg 'r_func_83
' -- Successful
Using pass: pass_remove_stores -- Trying irg 'r_func_31
' -- Successful
Using pass: pass_remove_stores -- Trying irg 'r_func_99
' -- Successful
Using pass: pass_remove_stores -- Trying irg 'r_func_81
' -- Successful
Using pass: pass_remove_stores -- Trying irg 'r_func_77
' -- Successful
Using pass: pass_remove_stores -- Trying irg 'r_func_65
' -- Successful
Using pass: pass_remove_stores -- Trying irg 'r_func_72
' -- Successful
Using pass: pass_remove_stores -- Trying irg 'r_func_44
' -- Successful
Using pass: pass_remove_stores -- Trying irg 'r_func_57
' -- Successful
Using pass: pass_remove_stores -- Trying irg 'r_func_67
' -- Successful
Using pass: pass_remove_stores -- Trying irg 'r_func_38
' -- Successful
Using pass: pass_remove_stores -- Trying irg 'r_func_29
' -- Successful
Using pass: pass_remove_stores -- Trying irg 'r_func_76
' -- Successful
Using pass: pass_remove_stores -- Trying irg 'r_func_8
' -- Successful
Using pass: pass_gc_irgs -- Trying irg 'r_func_80
' -- No improvement
Using pass: pass_gc_irgs -- Trying irg 'r_func_24
' -- No improvement
Using pass: pass_gc_irgs -- Trying irg 'r_func_58
' -- No improvement
Using pass: pass_gc_irgs -- Trying irg 'r_func_5
' -- No improvement
Using pass: pass_gc_irgs -- Trying irg 'r_func_75
' -- No improvement
Using pass: pass_gc_irgs -- Trying irg 'r_func_66
' -- No improvement
Using pass: pass_gc_irgs -- Trying irg 'r_func_18
' -- No improvement
Using pass: pass_gc_irgs -- Trying irg 'r_func_75
' -- No improvement
Using pass: pass_gc_irgs -- Trying irg 'r_func_5
' -- No improvement
Using pass: pass_gc_irgs -- Trying irg 'r_func_24
' -- No improvement
Using pass: pass_gc_irgs -- Trying irg 'r_func_12
' -- No improvement
Using pass: pass_gc_irgs -- Trying irg 'r_func_70
' -- No improvement
Using pass: pass_gc_irgs -- Trying irg 'r_func_18
' -- No improvement
Using pass: pass_gc_irgs -- Trying irg 'r_func_71
' -- No improvement
Using pass: pass_gc_irgs -- Trying irg 'r_func_39
' -- No improvement
Using pass: pass_gc_irgs -- Trying irg 'r_func_58
' -- No improvement
Using pass: pass_libfirm_opt_tail_rec -- Trying irg 'r_func_86
' -- No improvement
Using pass: pass_libfirm_opt_tail_rec -- Trying irg 'r_func_44
' -- No improvement
Using pass: pass_libfirm_opt_tail_rec -- Trying irg 'r_func_84
' -- No improvement
Using pass: pass_libfirm_opt_tail_rec -- Trying irg 'r_func_57
' -- No improvement
Using pass: pass_libfirm_opt_tail_rec -- Trying irg 'r_func_74
' -- No improvement
Using pass: pass_libfirm_opt_tail_rec -- Trying irg 'r_func_39
' -- No improvement
Using pass: pass_libfirm_opt_tail_rec -- Trying irg 'r_func_60
' -- No improvement
Using pass: pass_libfirm_opt_tail_rec -- Trying irg 'r_func_54
' -- No improvement
Using pass: pass_libfirm_opt_tail_rec -- Trying irg 'r_func_55
' -- No improvement
Using pass: pass_libfirm_opt_tail_rec -- Trying irg 'r_func_60
' -- No improvement
Using pass: pass_libfirm_opt_tail_rec -- Trying irg 'r_func_8
' -- No improvement
Using pass: pass_libfirm_opt_tail_rec -- Trying irg 'r_func_7
' -- No improvement
Using pass: pass_libfirm_opt_tail_rec -- Trying irg 'r_func_84
' -- No improvement
Using pass: pass_libfirm_opt_tail_rec -- Trying irg 'r_func_32
' -- No improvement
Using pass: pass_libfirm_opt_tail_rec -- Trying irg 'r_func_17
' -- No improvement
Using pass: pass_libfirm_opt_tail_rec -- Trying irg 'r_func_35
' -- No improvement
Using pass: pass_libfirm_opt_tail_rec -- Trying irg 'r_func_73
' -- No improvement
Using pass: pass_libfirm_opt_tail_rec -- Trying irg 'r_func_86
' -- No improvement
Using pass: pass_libfirm_opt_tail_rec -- Trying irg 'r_func_8
' -- No improvement
Using pass: pass_libfirm_opt_tail_rec -- Trying irg 'r_func_5
' -- No improvement
Using pass: pass_libfirm_opt_tail_rec -- Trying irg 'r_func_60
' -- No improvement
Using pass: pass_libfirm_opt_tail_rec -- Trying irg 'r_func_91
' -- No improvement
Using pass: pass_libfirm_opt_tail_rec -- Trying irg 'r_func_17
' -- No improvement
Using pass: pass_libfirm_opt_tail_rec -- Trying irg 'r_func_44
' -- No improvement
Using pass: pass_libfirm_opt_tail_rec -- Trying irg 'r_func_38
' -- No improvement
Using pass: pass_libfirm_opt_tail_rec -- Trying irg 'r_func_88
' -- No improvement
Using pass: pass_libfirm_opt_tail_rec -- Trying irg 'r_func_86
' -- No improvement
Using pass: pass_libfirm_opt_tail_rec -- Trying irg 'r_func_71
' -- No improvement
Using pass: pass_libfirm_opt_tail_rec -- Trying irg 'r_func_55
' -- No improvement
Using pass: pass_libfirm_opt_tail_rec -- Trying irg 'r_func_84
' -- No improvement
Using pass: pass_libfirm_opt_tail_rec -- Trying irg 'r_func_82
' -- No improvement
Using pass: pass_libfirm_opt_tail_rec -- Trying irg 'r_func_92
' -- No improvement
Using pass: pass_libfirm_opt_tail_rec -- Trying irg 'r_func_64
' -- No improvement
Using pass: pass_libfirm_opt_tail_rec -- Trying irg 'r_func_74
' -- No improvement

______________________________

No further reduction possible.

Result:
	# of nodes: 			9968
	# of irgs: 				101
	# of cf manipulations: 	680
	# of memory operations: 1808
	# of types: 			2153

