2018-08-26 16:49:13 -- Firmreduce -- Results

Initial Test-case size:
	# of nodes: 			799
	# of irgs: 				5
	# of cf manipulations: 	48
	# of memory operations: 151
	# of types: 			282


Using pass: pass_libfirm_dead_code_elimination -- No improvement
	# of nodes: 			799
	# of irgs: 				5
	# of cf manipulations: 	48
	# of memory operations: 151
	# of types: 			282



Using pass: pass_check_validity -- No improvement
	# of nodes: 			799
	# of irgs: 				5
	# of cf manipulations: 	48
	# of memory operations: 151
	# of types: 			282



Using pass: pass_libfirm_opt_if_conv -- Successful
	# of nodes: 			756
	# of irgs: 				5
	# of cf manipulations: 	47
	# of memory operations: 151
	# of types: 			282



Using pass: pass_gc_irgs
	 :: Pass failed on irg 'r_func_3'
	 :: Pass failed on irg 'r_func_1'
	 :: Pass failed on irg 'r_func_3'
	 :: Pass failed on irg 'r_func_1'
	 :: Pass failed on irg 'r_func_3' -- No improvement
	# of nodes: 			756
	# of irgs: 				5
	# of cf manipulations: 	47
	# of memory operations: 151
	# of types: 			282



Using pass: pass_replace_mux_selectors -- No improvement
	# of nodes: 			756
	# of irgs: 				5
	# of cf manipulations: 	47
	# of memory operations: 151
	# of types: 			282



Using pass: pass_libfirm_do_loop_inversion -- No improvement
	# of nodes: 			756
	# of irgs: 				5
	# of cf manipulations: 	47
	# of memory operations: 151
	# of types: 			282



Using pass: pass_libfirm_opt_funccalls -- No improvement
	# of nodes: 			756
	# of irgs: 				5
	# of cf manipulations: 	47
	# of memory operations: 151
	# of types: 			282



Using pass: pass_libfirm_combo -- No improvement
	# of nodes: 			756
	# of irgs: 				5
	# of cf manipulations: 	47
	# of memory operations: 151
	# of types: 			282



Using pass: pass_replace_proj_primitive
	 :: Pass failed on irg 'r_func_3'
	 :: Pass failed on irg 'r_func_3'
	 :: Pass failed on irg 'r_func_3' -- Successful
	# of nodes: 			441
	# of irgs: 				5
	# of cf manipulations: 	18
	# of memory operations: 127
	# of types: 			282



Using pass: pass_libfirm_construct_confirms -- No improvement
	# of nodes: 			441
	# of irgs: 				5
	# of cf manipulations: 	18
	# of memory operations: 127
	# of types: 			282



Using pass: pass_libfirm_opt_tail_rec -- Successful
	# of nodes: 			437
	# of irgs: 				5
	# of cf manipulations: 	17
	# of memory operations: 127
	# of types: 			282



Using pass: pass_libfirm_gvn_pre -- No improvement
	# of nodes: 			437
	# of irgs: 				5
	# of cf manipulations: 	17
	# of memory operations: 127
	# of types: 			282



Using pass: pass_replace_mux_selectors -- No improvement
	# of nodes: 			437
	# of irgs: 				5
	# of cf manipulations: 	17
	# of memory operations: 127
	# of types: 			282



Using pass: pass_libfirm_place_code -- No improvement
	# of nodes: 			437
	# of irgs: 				5
	# of cf manipulations: 	17
	# of memory operations: 127
	# of types: 			282



Using pass: pass_libfirm_place_code -- No improvement
	# of nodes: 			437
	# of irgs: 				5
	# of cf manipulations: 	17
	# of memory operations: 127
	# of types: 			282



Using pass: pass_libfirm_gvn_pre -- No improvement
	# of nodes: 			437
	# of irgs: 				5
	# of cf manipulations: 	17
	# of memory operations: 127
	# of types: 			282



Using pass: pass_remove_stores -- Successful
	# of nodes: 			415
	# of irgs: 				5
	# of cf manipulations: 	17
	# of memory operations: 119
	# of types: 			282



Using pass: pass_libfirm_opt_funccalls -- No improvement
	# of nodes: 			415
	# of irgs: 				5
	# of cf manipulations: 	17
	# of memory operations: 119
	# of types: 			282



Using pass: pass_remove_allocs -- Successful
	# of nodes: 			254
	# of irgs: 				5
	# of cf manipulations: 	18
	# of memory operations: 48
	# of types: 			282



Using pass: pass_gc_entitites -- No improvement
	# of nodes: 			254
	# of irgs: 				5
	# of cf manipulations: 	18
	# of memory operations: 48
	# of types: 			282



Using pass: pass_libfirm_optimize_graph_df -- No improvement
	# of nodes: 			254
	# of irgs: 				5
	# of cf manipulations: 	18
	# of memory operations: 48
	# of types: 			282



Using pass: pass_libfirm_opt_jumpthreading -- No improvement
	# of nodes: 			254
	# of irgs: 				5
	# of cf manipulations: 	18
	# of memory operations: 48
	# of types: 			282



Using pass: pass_libfirm_do_loop_peeling -- No improvement
	# of nodes: 			254
	# of irgs: 				5
	# of cf manipulations: 	18
	# of memory operations: 48
	# of types: 			282



Using pass: pass_replace_members -- No improvement
	# of nodes: 			254
	# of irgs: 				5
	# of cf manipulations: 	18
	# of memory operations: 48
	# of types: 			282



Using pass: pass_libfirm_remove_critical_cf_edges -- No improvement
	# of nodes: 			254
	# of irgs: 				5
	# of cf manipulations: 	18
	# of memory operations: 48
	# of types: 			282



Using pass: pass_libfirm_opt_ldst
	 :: Pass failed on irg 'r_func_2'
	 :: Pass failed on irg 'r_func_1'
	 :: Pass failed on irg 'r_func_1'
	 :: Pass failed on irg 'r_func_1'
	 :: Pass failed on irg 'r_func_2' -- No improvement
	# of nodes: 			254
	# of irgs: 				5
	# of cf manipulations: 	18
	# of memory operations: 48
	# of types: 			282



Using pass: pass_libfirm_optimize_load_store -- Successful
	# of nodes: 			197
	# of irgs: 				5
	# of cf manipulations: 	18
	# of memory operations: 29
	# of types: 			282



Using pass: pass_libfirm_scalar_replacement_opt -- No improvement
	# of nodes: 			197
	# of irgs: 				5
	# of cf manipulations: 	18
	# of memory operations: 29
	# of types: 			282



Using pass: pass_libfirm_normalize_n_returns -- No improvement
	# of nodes: 			197
	# of irgs: 				5
	# of cf manipulations: 	18
	# of memory operations: 29
	# of types: 			282



Using pass: pass_libfirm_opt_ldst
	 :: Pass failed on irg 'r_func_4'
	 :: Pass failed on irg 'r_func_3'
	 :: Pass failed on irg 'r_func_1'
	 :: Pass failed on irg 'r_func_4'
	 :: Pass failed on irg 'r_func_2' -- No improvement
	# of nodes: 			197
	# of irgs: 				5
	# of cf manipulations: 	18
	# of memory operations: 29
	# of types: 			282



Using pass: pass_libfirm_opt_parallelize_mem -- Successful
	# of nodes: 			200
	# of irgs: 				5
	# of cf manipulations: 	18
	# of memory operations: 29
	# of types: 			282



Using pass: pass_libfirm_opt_jumpthreading -- No improvement
	# of nodes: 			200
	# of irgs: 				5
	# of cf manipulations: 	18
	# of memory operations: 29
	# of types: 			282



Using pass: pass_libfirm_optimize_load_store -- No improvement
	# of nodes: 			200
	# of irgs: 				5
	# of cf manipulations: 	18
	# of memory operations: 29
	# of types: 			282



Using pass: pass_libfirm_opt_ldst
	 :: Pass failed on irg 'r_func_1'
	 :: Pass failed on irg 'r_func_3'
	 :: Pass failed on irg 'r_func_3'
	 :: Pass failed on irg 'r_func_2'
	 :: Pass failed on irg 'r_func_1' -- No improvement
	# of nodes: 			200
	# of irgs: 				5
	# of cf manipulations: 	18
	# of memory operations: 29
	# of types: 			282



Using pass: pass_libfirm_opt_bool -- No improvement
	# of nodes: 			200
	# of irgs: 				5
	# of cf manipulations: 	18
	# of memory operations: 29
	# of types: 			282



Using pass: pass_libfirm_optimize_load_store -- No improvement
	# of nodes: 			200
	# of irgs: 				5
	# of cf manipulations: 	18
	# of memory operations: 29
	# of types: 			282



Using pass: pass_replace_members -- No improvement
	# of nodes: 			200
	# of irgs: 				5
	# of cf manipulations: 	18
	# of memory operations: 29
	# of types: 			282



Using pass: pass_replace_switch_selectors -- No improvement
	# of nodes: 			200
	# of irgs: 				5
	# of cf manipulations: 	18
	# of memory operations: 29
	# of types: 			282



Using pass: pass_gc_irgs_primitive -- Successful
	# of nodes: 			7
	# of irgs: 				1
	# of cf manipulations: 	2
	# of memory operations: 0
	# of types: 			282



Using pass: pass_libfirm_scalar_replacement_opt -- No improvement
	# of nodes: 			7
	# of irgs: 				1
	# of cf manipulations: 	2
	# of memory operations: 0
	# of types: 			282



Using pass: pass_libfirm_do_loop_inversion -- No improvement
	# of nodes: 			7
	# of irgs: 				1
	# of cf manipulations: 	2
	# of memory operations: 0
	# of types: 			282



Using pass: pass_libfirm_opt_frame -- No improvement
	# of nodes: 			7
	# of irgs: 				1
	# of cf manipulations: 	2
	# of memory operations: 0
	# of types: 			282



Using pass: pass_gc_irgs -- No improvement
	# of nodes: 			7
	# of irgs: 				1
	# of cf manipulations: 	2
	# of memory operations: 0
	# of types: 			282



Using pass: pass_libfirm_do_loop_peeling -- No improvement
	# of nodes: 			7
	# of irgs: 				1
	# of cf manipulations: 	2
	# of memory operations: 0
	# of types: 			282



Using pass: pass_remove_void_calls -- No improvement
	# of nodes: 			7
	# of irgs: 				1
	# of cf manipulations: 	2
	# of memory operations: 0
	# of types: 			282



Using pass: pass_replace_loads -- No improvement
	# of nodes: 			7
	# of irgs: 				1
	# of cf manipulations: 	2
	# of memory operations: 0
	# of types: 			282



Using pass: pass_libfirm_opt_jumpthreading -- No improvement
	# of nodes: 			7
	# of irgs: 				1
	# of cf manipulations: 	2
	# of memory operations: 0
	# of types: 			282



Using pass: pass_replace_proj_primitive -- No improvement
	# of nodes: 			7
	# of irgs: 				1
	# of cf manipulations: 	2
	# of memory operations: 0
	# of types: 			282



Using pass: pass_simplify_consts -- No improvement
	# of nodes: 			7
	# of irgs: 				1
	# of cf manipulations: 	2
	# of memory operations: 0
	# of types: 			282



Using pass: pass_replace_arithmetic -- No improvement
	# of nodes: 			7
	# of irgs: 				1
	# of cf manipulations: 	2
	# of memory operations: 0
	# of types: 			282



Using pass: pass_libfirm_optimize_cf -- No improvement
	# of nodes: 			7
	# of irgs: 				1
	# of cf manipulations: 	2
	# of memory operations: 0
	# of types: 			282



Using pass: pass_replace_cond_selectors -- No improvement
	# of nodes: 			7
	# of irgs: 				1
	# of cf manipulations: 	2
	# of memory operations: 0
	# of types: 			282



Using pass: pass_libfirm_optimize_graph_df -- No improvement
	# of nodes: 			7
	# of irgs: 				1
	# of cf manipulations: 	2
	# of memory operations: 0
	# of types: 			282



Using pass: pass_gc_irgs -- No improvement
	# of nodes: 			7
	# of irgs: 				1
	# of cf manipulations: 	2
	# of memory operations: 0
	# of types: 			282



Using pass: pass_simplify_consts -- No improvement
	# of nodes: 			7
	# of irgs: 				1
	# of cf manipulations: 	2
	# of memory operations: 0
	# of types: 			282



Using pass: pass_libfirm_opt_frame -- No improvement
	# of nodes: 			7
	# of irgs: 				1
	# of cf manipulations: 	2
	# of memory operations: 0
	# of types: 			282



Using pass: pass_libfirm_remove_critical_cf_edges -- No improvement
	# of nodes: 			7
	# of irgs: 				1
	# of cf manipulations: 	2
	# of memory operations: 0
	# of types: 			282



Using pass: pass_gc_entitites -- No improvement
	# of nodes: 			7
	# of irgs: 				1
	# of cf manipulations: 	2
	# of memory operations: 0
	# of types: 			282



Using pass: pass_libfirm_normalize_n_returns -- No improvement
	# of nodes: 			7
	# of irgs: 				1
	# of cf manipulations: 	2
	# of memory operations: 0
	# of types: 			282



Using pass: pass_libfirm_occult_consts -- No improvement
	# of nodes: 			7
	# of irgs: 				1
	# of cf manipulations: 	2
	# of memory operations: 0
	# of types: 			282



Using pass: pass_replace_members -- No improvement
	# of nodes: 			7
	# of irgs: 				1
	# of cf manipulations: 	2
	# of memory operations: 0
	# of types: 			282



Using pass: pass_gc_entitites -- No improvement
	# of nodes: 			7
	# of irgs: 				1
	# of cf manipulations: 	2
	# of memory operations: 0
	# of types: 			282



Using pass: pass_libfirm_do_loop_inversion -- No improvement
	# of nodes: 			7
	# of irgs: 				1
	# of cf manipulations: 	2
	# of memory operations: 0
	# of types: 			282



Using pass: pass_simplify_consts -- No improvement
	# of nodes: 			7
	# of irgs: 				1
	# of cf manipulations: 	2
	# of memory operations: 0
	# of types: 			282



Using pass: pass_simplify_consts -- No improvement
	# of nodes: 			7
	# of irgs: 				1
	# of cf manipulations: 	2
	# of memory operations: 0
	# of types: 			282



Using pass: pass_libfirm_optimize_load_store -- No improvement
	# of nodes: 			7
	# of irgs: 				1
	# of cf manipulations: 	2
	# of memory operations: 0
	# of types: 			282



Using pass: pass_libfirm_dead_code_elimination -- No improvement
	# of nodes: 			7
	# of irgs: 				1
	# of cf manipulations: 	2
	# of memory operations: 0
	# of types: 			282



Using pass: pass_libfirm_opt_bool -- No improvement
	# of nodes: 			7
	# of irgs: 				1
	# of cf manipulations: 	2
	# of memory operations: 0
	# of types: 			282



Using pass: pass_replace_loads -- No improvement
	# of nodes: 			7
	# of irgs: 				1
	# of cf manipulations: 	2
	# of memory operations: 0
	# of types: 			282



Using pass: pass_libfirm_opt_blocks -- No improvement
	# of nodes: 			7
	# of irgs: 				1
	# of cf manipulations: 	2
	# of memory operations: 0
	# of types: 			282



Using pass: pass_libfirm_optimize_reassociation -- No improvement
	# of nodes: 			7
	# of irgs: 				1
	# of cf manipulations: 	2
	# of memory operations: 0
	# of types: 			282



Using pass: pass_replace_arithmetic -- No improvement
	# of nodes: 			7
	# of irgs: 				1
	# of cf manipulations: 	2
	# of memory operations: 0
	# of types: 			282



Using pass: pass_libfirm_opt_bool -- No improvement
	# of nodes: 			7
	# of irgs: 				1
	# of cf manipulations: 	2
	# of memory operations: 0
	# of types: 			282



Using pass: pass_libfirm_construct_confirms -- No improvement
	# of nodes: 			7
	# of irgs: 				1
	# of cf manipulations: 	2
	# of memory operations: 0
	# of types: 			282



Using pass: pass_libfirm_remove_bads -- No improvement
	# of nodes: 			7
	# of irgs: 				1
	# of cf manipulations: 	2
	# of memory operations: 0
	# of types: 			282



Using pass: pass_check_validity -- No improvement
	# of nodes: 			7
	# of irgs: 				1
	# of cf manipulations: 	2
	# of memory operations: 0
	# of types: 			282



Using pass: pass_gc_entitites -- No improvement
	# of nodes: 			7
	# of irgs: 				1
	# of cf manipulations: 	2
	# of memory operations: 0
	# of types: 			282



Using pass: pass_libfirm_optimize_load_store -- No improvement
	# of nodes: 			7
	# of irgs: 				1
	# of cf manipulations: 	2
	# of memory operations: 0
	# of types: 			282



Using pass: pass_libfirm_combo -- No improvement
	# of nodes: 			7
	# of irgs: 				1
	# of cf manipulations: 	2
	# of memory operations: 0
	# of types: 			282



Using pass: pass_libfirm_opt_frame -- No improvement
	# of nodes: 			7
	# of irgs: 				1
	# of cf manipulations: 	2
	# of memory operations: 0
	# of types: 			282



Using pass: pass_remove_void_calls -- No improvement
	# of nodes: 			7
	# of irgs: 				1
	# of cf manipulations: 	2
	# of memory operations: 0
	# of types: 			282



Using pass: pass_libfirm_gvn_pre -- No improvement
	# of nodes: 			7
	# of irgs: 				1
	# of cf manipulations: 	2
	# of memory operations: 0
	# of types: 			282



Using pass: pass_libfirm_opt_jumpthreading -- No improvement
	# of nodes: 			7
	# of irgs: 				1
	# of cf manipulations: 	2
	# of memory operations: 0
	# of types: 			282



Using pass: pass_libfirm_remove_unreachable -- No improvement
	# of nodes: 			7
	# of irgs: 				1
	# of cf manipulations: 	2
	# of memory operations: 0
	# of types: 			282



Using pass: pass_gc_entitites -- No improvement
	# of nodes: 			7
	# of irgs: 				1
	# of cf manipulations: 	2
	# of memory operations: 0
	# of types: 			282



Using pass: pass_check_validity -- No improvement
	# of nodes: 			7
	# of irgs: 				1
	# of cf manipulations: 	2
	# of memory operations: 0
	# of types: 			282



Using pass: pass_libfirm_opt_bool -- No improvement
	# of nodes: 			7
	# of irgs: 				1
	# of cf manipulations: 	2
	# of memory operations: 0
	# of types: 			282



Using pass: pass_libfirm_dead_code_elimination -- No improvement
	# of nodes: 			7
	# of irgs: 				1
	# of cf manipulations: 	2
	# of memory operations: 0
	# of types: 			282



Using pass: pass_gc_irgs -- No improvement
	# of nodes: 			7
	# of irgs: 				1
	# of cf manipulations: 	2
	# of memory operations: 0
	# of types: 			282



Using pass: pass_libfirm_opt_funccalls -- No improvement
	# of nodes: 			7
	# of irgs: 				1
	# of cf manipulations: 	2
	# of memory operations: 0
	# of types: 			282



Using pass: pass_remove_allocs -- No improvement
	# of nodes: 			7
	# of irgs: 				1
	# of cf manipulations: 	2
	# of memory operations: 0
	# of types: 			282



Using pass: pass_simplify_consts -- No improvement
	# of nodes: 			7
	# of irgs: 				1
	# of cf manipulations: 	2
	# of memory operations: 0
	# of types: 			282




 :: 2nd reduction cycle


______________________________

No further reduction possible.

Result:
	# of nodes: 			7
	# of irgs: 				1
	# of cf manipulations: 	2
	# of memory operations: 0
	# of types: 			282

2018-08-26 16:49:20