2018-08-24 12:54:20 -- Firmreduce -- Results

Initial Test-case size:
	# of nodes: 			1044
	# of irgs: 				6
	# of cf manipulations: 	60
	# of memory operations: 163
	# of types: 			248


Using pass: pass_libfirm_conv_opt -- Successful
	# of nodes: 			897
	# of irgs: 				6
	# of cf manipulations: 	60
	# of memory operations: 163
	# of types: 			248



Using pass: pass_libfirm_opt_frame -- No improvement
	# of nodes: 			897
	# of irgs: 				6
	# of cf manipulations: 	60
	# of memory operations: 163
	# of types: 			248



Using pass: pass_libfirm_combo -- Successful
	# of nodes: 			690
	# of irgs: 				6
	# of cf manipulations: 	37
	# of memory operations: 129
	# of types: 			248



Using pass: pass_replace_arithmetic -- Successful
	# of nodes: 			556
	# of irgs: 				6
	# of cf manipulations: 	38
	# of memory operations: 116
	# of types: 			248



Using pass: pass_libfirm_opt_jumpthreading -- Successful
	# of nodes: 			569
	# of irgs: 				6
	# of cf manipulations: 	39
	# of memory operations: 118
	# of types: 			248



Using pass: pass_libfirm_remove_tuples -- No improvement
	# of nodes: 			569
	# of irgs: 				6
	# of cf manipulations: 	39
	# of memory operations: 118
	# of types: 			248



Using pass: pass_replace_return_values -- Successful
	# of nodes: 			554
	# of irgs: 				6
	# of cf manipulations: 	37
	# of memory operations: 118
	# of types: 			248



Using pass: pass_libfirm_opt_ldst
	 :: Pass failed on irg 'r_func_4'
	 :: Pass failed on irg 'r_func_1'
	 :: Pass failed on irg 'r_func_4'
	 :: Pass failed on irg 'r_func_1'
	 :: Pass failed on irg 'r_func_2'
	 :: Pass failed on irg '_main' -- No improvement
	# of nodes: 			554
	# of irgs: 				6
	# of cf manipulations: 	37
	# of memory operations: 118
	# of types: 			248



Using pass: pass_libfirm_combo -- No improvement
	# of nodes: 			554
	# of irgs: 				6
	# of cf manipulations: 	37
	# of memory operations: 118
	# of types: 			248



Using pass: pass_simplify_consts -- Successful
	# of nodes: 			527
	# of irgs: 				6
	# of cf manipulations: 	37
	# of memory operations: 118
	# of types: 			248



Using pass: pass_libfirm_opt_bool -- No improvement
	# of nodes: 			527
	# of irgs: 				6
	# of cf manipulations: 	37
	# of memory operations: 118
	# of types: 			248



Using pass: pass_remove_void_calls -- Successful
	# of nodes: 			509
	# of irgs: 				6
	# of cf manipulations: 	37
	# of memory operations: 112
	# of types: 			248



Using pass: pass_libfirm_opt_bool -- No improvement
	# of nodes: 			509
	# of irgs: 				6
	# of cf manipulations: 	37
	# of memory operations: 112
	# of types: 			248



Using pass: pass_replace_arithmetic -- No improvement
	# of nodes: 			509
	# of irgs: 				6
	# of cf manipulations: 	37
	# of memory operations: 112
	# of types: 			248



Using pass: pass_libfirm_scalar_replacement_opt -- No improvement
	# of nodes: 			509
	# of irgs: 				6
	# of cf manipulations: 	37
	# of memory operations: 112
	# of types: 			248



Using pass: pass_libfirm_gvn_pre -- No improvement
	# of nodes: 			509
	# of irgs: 				6
	# of cf manipulations: 	37
	# of memory operations: 112
	# of types: 			248



Using pass: pass_libfirm_do_loop_inversion -- No improvement
	# of nodes: 			509
	# of irgs: 				6
	# of cf manipulations: 	37
	# of memory operations: 112
	# of types: 			248



Using pass: pass_libfirm_do_loop_inversion -- No improvement
	# of nodes: 			509
	# of irgs: 				6
	# of cf manipulations: 	37
	# of memory operations: 112
	# of types: 			248



Using pass: pass_libfirm_normalize_n_returns -- Successful
	# of nodes: 			508
	# of irgs: 				6
	# of cf manipulations: 	36
	# of memory operations: 112
	# of types: 			248



Using pass: pass_libfirm_opt_blocks
	 :: Pass failed on irg 'r_func_3'
	 :: Pass failed on irg 'r_func_3'
	 :: Pass failed on irg 'r_func_3' -- No improvement
	# of nodes: 			508
	# of irgs: 				6
	# of cf manipulations: 	36
	# of memory operations: 112
	# of types: 			248



Using pass: pass_libfirm_construct_confirms -- Successful
	# of nodes: 			507
	# of irgs: 				6
	# of cf manipulations: 	36
	# of memory operations: 112
	# of types: 			248



Using pass: pass_replace_cond_selectors -- Successful
	# of nodes: 			262
	# of irgs: 				6
	# of cf manipulations: 	14
	# of memory operations: 66
	# of types: 			248



Using pass: pass_libfirm_opt_if_conv -- No improvement
	# of nodes: 			262
	# of irgs: 				6
	# of cf manipulations: 	14
	# of memory operations: 66
	# of types: 			248



Using pass: pass_remove_stores -- Successful
	# of nodes: 			196
	# of irgs: 				6
	# of cf manipulations: 	14
	# of memory operations: 51
	# of types: 			248



Using pass: pass_replace_arithmetic -- No improvement
	# of nodes: 			196
	# of irgs: 				6
	# of cf manipulations: 	14
	# of memory operations: 51
	# of types: 			248



Using pass: pass_libfirm_opt_funccalls -- No improvement
	# of nodes: 			196
	# of irgs: 				6
	# of cf manipulations: 	14
	# of memory operations: 51
	# of types: 			248



Using pass: pass_libfirm_opt_blocks -- No improvement
	# of nodes: 			196
	# of irgs: 				6
	# of cf manipulations: 	14
	# of memory operations: 51
	# of types: 			248



Using pass: pass_gc_entitites -- No improvement
	# of nodes: 			196
	# of irgs: 				6
	# of cf manipulations: 	14
	# of memory operations: 51
	# of types: 			248



Using pass: pass_replace_return_values -- No improvement
	# of nodes: 			196
	# of irgs: 				6
	# of cf manipulations: 	14
	# of memory operations: 51
	# of types: 			248



Using pass: pass_libfirm_normalize_one_return -- No improvement
	# of nodes: 			196
	# of irgs: 				6
	# of cf manipulations: 	14
	# of memory operations: 51
	# of types: 			248



Using pass: pass_libfirm_opt_tail_rec -- No improvement
	# of nodes: 			196
	# of irgs: 				6
	# of cf manipulations: 	14
	# of memory operations: 51
	# of types: 			248



Using pass: pass_libfirm_optimize_cf -- No improvement
	# of nodes: 			196
	# of irgs: 				6
	# of cf manipulations: 	14
	# of memory operations: 51
	# of types: 			248



Using pass: pass_gc_irgs
	 :: Pass failed on irg 'r_func_1' -- Successful
	# of nodes: 			48
	# of irgs: 				2
	# of cf manipulations: 	4
	# of memory operations: 11
	# of types: 			248



Using pass: pass_libfirm_remove_bads -- No improvement
	# of nodes: 			48
	# of irgs: 				2
	# of cf manipulations: 	4
	# of memory operations: 11
	# of types: 			248



Using pass: pass_check_validity -- No improvement
	# of nodes: 			48
	# of irgs: 				2
	# of cf manipulations: 	4
	# of memory operations: 11
	# of types: 			248



Using pass: pass_libfirm_opt_bool -- No improvement
	# of nodes: 			48
	# of irgs: 				2
	# of cf manipulations: 	4
	# of memory operations: 11
	# of types: 			248



Using pass: pass_remove_allocs -- Successful
	# of nodes: 			42
	# of irgs: 				2
	# of cf manipulations: 	4
	# of memory operations: 8
	# of types: 			248



Using pass: pass_libfirm_opt_ldst
	 :: Pass failed on irg 'main'
	 :: Pass failed on irg 'main' -- No improvement
	# of nodes: 			42
	# of irgs: 				2
	# of cf manipulations: 	4
	# of memory operations: 8
	# of types: 			248



Using pass: pass_remove_allocs -- No improvement
	# of nodes: 			42
	# of irgs: 				2
	# of cf manipulations: 	4
	# of memory operations: 8
	# of types: 			248



Using pass: pass_libfirm_remove_bads -- No improvement
	# of nodes: 			42
	# of irgs: 				2
	# of cf manipulations: 	4
	# of memory operations: 8
	# of types: 			248



Using pass: pass_libfirm_opt_if_conv -- No improvement
	# of nodes: 			42
	# of irgs: 				2
	# of cf manipulations: 	4
	# of memory operations: 8
	# of types: 			248



Using pass: pass_libfirm_remove_bads -- No improvement
	# of nodes: 			42
	# of irgs: 				2
	# of cf manipulations: 	4
	# of memory operations: 8
	# of types: 			248



Using pass: pass_libfirm_remove_bads -- No improvement
	# of nodes: 			42
	# of irgs: 				2
	# of cf manipulations: 	4
	# of memory operations: 8
	# of types: 			248



Using pass: pass_libfirm_opt_tail_rec -- No improvement
	# of nodes: 			42
	# of irgs: 				2
	# of cf manipulations: 	4
	# of memory operations: 8
	# of types: 			248



Using pass: pass_remove_allocs -- No improvement
	# of nodes: 			42
	# of irgs: 				2
	# of cf manipulations: 	4
	# of memory operations: 8
	# of types: 			248



Using pass: pass_libfirm_opt_funccalls -- No improvement
	# of nodes: 			42
	# of irgs: 				2
	# of cf manipulations: 	4
	# of memory operations: 8
	# of types: 			248



Using pass: pass_libfirm_construct_confirms -- No improvement
	# of nodes: 			42
	# of irgs: 				2
	# of cf manipulations: 	4
	# of memory operations: 8
	# of types: 			248



Using pass: pass_simplify_consts -- No improvement
	# of nodes: 			42
	# of irgs: 				2
	# of cf manipulations: 	4
	# of memory operations: 8
	# of types: 			248



Using pass: pass_libfirm_dead_code_elimination -- No improvement
	# of nodes: 			42
	# of irgs: 				2
	# of cf manipulations: 	4
	# of memory operations: 8
	# of types: 			248



Using pass: pass_libfirm_construct_confirms -- No improvement
	# of nodes: 			42
	# of irgs: 				2
	# of cf manipulations: 	4
	# of memory operations: 8
	# of types: 			248



Using pass: pass_libfirm_remove_bads -- No improvement
	# of nodes: 			42
	# of irgs: 				2
	# of cf manipulations: 	4
	# of memory operations: 8
	# of types: 			248



Using pass: pass_replace_return_values -- No improvement
	# of nodes: 			42
	# of irgs: 				2
	# of cf manipulations: 	4
	# of memory operations: 8
	# of types: 			248



Using pass: pass_replace_members -- No improvement
	# of nodes: 			42
	# of irgs: 				2
	# of cf manipulations: 	4
	# of memory operations: 8
	# of types: 			248



Using pass: pass_remove_allocs -- No improvement
	# of nodes: 			42
	# of irgs: 				2
	# of cf manipulations: 	4
	# of memory operations: 8
	# of types: 			248



Using pass: pass_libfirm_optimize_cf -- No improvement
	# of nodes: 			42
	# of irgs: 				2
	# of cf manipulations: 	4
	# of memory operations: 8
	# of types: 			248



Using pass: pass_replace_mux_selectors -- No improvement
	# of nodes: 			42
	# of irgs: 				2
	# of cf manipulations: 	4
	# of memory operations: 8
	# of types: 			248



Using pass: pass_libfirm_optimize_graph_df -- No improvement
	# of nodes: 			42
	# of irgs: 				2
	# of cf manipulations: 	4
	# of memory operations: 8
	# of types: 			248



Using pass: pass_replace_loads
	 :: Pass failed on irg 'r_func_4' -- No improvement
	# of nodes: 			42
	# of irgs: 				2
	# of cf manipulations: 	4
	# of memory operations: 8
	# of types: 			248



Using pass: pass_check_validity -- No improvement
	# of nodes: 			42
	# of irgs: 				2
	# of cf manipulations: 	4
	# of memory operations: 8
	# of types: 			248



Using pass: pass_replace_cond_selectors -- No improvement
	# of nodes: 			42
	# of irgs: 				2
	# of cf manipulations: 	4
	# of memory operations: 8
	# of types: 			248



Using pass: pass_libfirm_place_code -- No improvement
	# of nodes: 			42
	# of irgs: 				2
	# of cf manipulations: 	4
	# of memory operations: 8
	# of types: 			248



Using pass: pass_libfirm_opt_tail_rec -- No improvement
	# of nodes: 			42
	# of irgs: 				2
	# of cf manipulations: 	4
	# of memory operations: 8
	# of types: 			248



Using pass: pass_replace_return_values -- No improvement
	# of nodes: 			42
	# of irgs: 				2
	# of cf manipulations: 	4
	# of memory operations: 8
	# of types: 			248



Using pass: pass_libfirm_dead_code_elimination -- No improvement
	# of nodes: 			42
	# of irgs: 				2
	# of cf manipulations: 	4
	# of memory operations: 8
	# of types: 			248



Using pass: pass_libfirm_do_loop_inversion -- No improvement
	# of nodes: 			42
	# of irgs: 				2
	# of cf manipulations: 	4
	# of memory operations: 8
	# of types: 			248



Using pass: pass_libfirm_opt_if_conv -- No improvement
	# of nodes: 			42
	# of irgs: 				2
	# of cf manipulations: 	4
	# of memory operations: 8
	# of types: 			248



Using pass: pass_libfirm_scalar_replacement_opt -- No improvement
	# of nodes: 			42
	# of irgs: 				2
	# of cf manipulations: 	4
	# of memory operations: 8
	# of types: 			248



Using pass: pass_replace_switch_selectors -- No improvement
	# of nodes: 			42
	# of irgs: 				2
	# of cf manipulations: 	4
	# of memory operations: 8
	# of types: 			248



Using pass: pass_simplify_consts -- No improvement
	# of nodes: 			42
	# of irgs: 				2
	# of cf manipulations: 	4
	# of memory operations: 8
	# of types: 			248



Using pass: pass_replace_proj_primitive -- Successful
	# of nodes: 			36
	# of irgs: 				2
	# of cf manipulations: 	4
	# of memory operations: 8
	# of types: 			248



Using pass: pass_libfirm_occult_consts -- No improvement
	# of nodes: 			36
	# of irgs: 				2
	# of cf manipulations: 	4
	# of memory operations: 8
	# of types: 			248



Using pass: pass_replace_cond_selectors -- No improvement
	# of nodes: 			36
	# of irgs: 				2
	# of cf manipulations: 	4
	# of memory operations: 8
	# of types: 			248



Using pass: pass_replace_members -- No improvement
	# of nodes: 			36
	# of irgs: 				2
	# of cf manipulations: 	4
	# of memory operations: 8
	# of types: 			248



Using pass: pass_libfirm_opt_bool -- No improvement
	# of nodes: 			36
	# of irgs: 				2
	# of cf manipulations: 	4
	# of memory operations: 8
	# of types: 			248



Using pass: pass_replace_cond_selectors -- No improvement
	# of nodes: 			36
	# of irgs: 				2
	# of cf manipulations: 	4
	# of memory operations: 8
	# of types: 			248



Using pass: pass_libfirm_construct_confirms -- No improvement
	# of nodes: 			36
	# of irgs: 				2
	# of cf manipulations: 	4
	# of memory operations: 8
	# of types: 			248



Using pass: pass_check_validity -- No improvement
	# of nodes: 			36
	# of irgs: 				2
	# of cf manipulations: 	4
	# of memory operations: 8
	# of types: 			248



Using pass: pass_libfirm_do_loop_inversion -- No improvement
	# of nodes: 			36
	# of irgs: 				2
	# of cf manipulations: 	4
	# of memory operations: 8
	# of types: 			248



Using pass: pass_libfirm_gvn_pre -- No improvement
	# of nodes: 			36
	# of irgs: 				2
	# of cf manipulations: 	4
	# of memory operations: 8
	# of types: 			248



Using pass: pass_libfirm_remove_bads -- No improvement
	# of nodes: 			36
	# of irgs: 				2
	# of cf manipulations: 	4
	# of memory operations: 8
	# of types: 			248



Using pass: pass_libfirm_normalize_n_returns -- No improvement
	# of nodes: 			36
	# of irgs: 				2
	# of cf manipulations: 	4
	# of memory operations: 8
	# of types: 			248



Using pass: pass_libfirm_opt_if_conv -- No improvement
	# of nodes: 			36
	# of irgs: 				2
	# of cf manipulations: 	4
	# of memory operations: 8
	# of types: 			248



Using pass: pass_remove_stores -- No improvement
	# of nodes: 			36
	# of irgs: 				2
	# of cf manipulations: 	4
	# of memory operations: 8
	# of types: 			248



Using pass: pass_replace_loads
	 :: Pass failed on irg 'r_func_4' -- No improvement
	# of nodes: 			36
	# of irgs: 				2
	# of cf manipulations: 	4
	# of memory operations: 8
	# of types: 			248



Using pass: pass_remove_allocs -- No improvement
	# of nodes: 			36
	# of irgs: 				2
	# of cf manipulations: 	4
	# of memory operations: 8
	# of types: 			248



Using pass: pass_libfirm_remove_unreachable -- No improvement
	# of nodes: 			36
	# of irgs: 				2
	# of cf manipulations: 	4
	# of memory operations: 8
	# of types: 			248



Using pass: pass_libfirm_remove_tuples -- No improvement
	# of nodes: 			36
	# of irgs: 				2
	# of cf manipulations: 	4
	# of memory operations: 8
	# of types: 			248



Using pass: pass_libfirm_place_code -- No improvement
	# of nodes: 			36
	# of irgs: 				2
	# of cf manipulations: 	4
	# of memory operations: 8
	# of types: 			248



Using pass: pass_libfirm_optimize_load_store -- Successful
	# of nodes: 			23
	# of irgs: 				2
	# of cf manipulations: 	4
	# of memory operations: 4
	# of types: 			248



Using pass: pass_replace_loads -- No improvement
	# of nodes: 			23
	# of irgs: 				2
	# of cf manipulations: 	4
	# of memory operations: 4
	# of types: 			248



Using pass: pass_libfirm_opt_if_conv -- No improvement
	# of nodes: 			23
	# of irgs: 				2
	# of cf manipulations: 	4
	# of memory operations: 4
	# of types: 			248



Using pass: pass_libfirm_scalar_replacement_opt -- No improvement
	# of nodes: 			23
	# of irgs: 				2
	# of cf manipulations: 	4
	# of memory operations: 4
	# of types: 			248



Using pass: pass_gc_entitites -- No improvement
	# of nodes: 			23
	# of irgs: 				2
	# of cf manipulations: 	4
	# of memory operations: 4
	# of types: 			248



Using pass: pass_libfirm_opt_bool -- No improvement
	# of nodes: 			23
	# of irgs: 				2
	# of cf manipulations: 	4
	# of memory operations: 4
	# of types: 			248



Using pass: pass_gc_irgs -- No improvement
	# of nodes: 			23
	# of irgs: 				2
	# of cf manipulations: 	4
	# of memory operations: 4
	# of types: 			248



Using pass: pass_simplify_consts -- No improvement
	# of nodes: 			23
	# of irgs: 				2
	# of cf manipulations: 	4
	# of memory operations: 4
	# of types: 			248



Using pass: pass_libfirm_normalize_one_return -- No improvement
	# of nodes: 			23
	# of irgs: 				2
	# of cf manipulations: 	4
	# of memory operations: 4
	# of types: 			248



Using pass: pass_libfirm_do_loop_peeling -- No improvement
	# of nodes: 			23
	# of irgs: 				2
	# of cf manipulations: 	4
	# of memory operations: 4
	# of types: 			248



Using pass: pass_replace_mux_selectors -- No improvement
	# of nodes: 			23
	# of irgs: 				2
	# of cf manipulations: 	4
	# of memory operations: 4
	# of types: 			248



Using pass: pass_libfirm_opt_bool -- No improvement
	# of nodes: 			23
	# of irgs: 				2
	# of cf manipulations: 	4
	# of memory operations: 4
	# of types: 			248



Using pass: pass_replace_loads -- No improvement
	# of nodes: 			23
	# of irgs: 				2
	# of cf manipulations: 	4
	# of memory operations: 4
	# of types: 			248



Using pass: pass_remove_allocs -- No improvement
	# of nodes: 			23
	# of irgs: 				2
	# of cf manipulations: 	4
	# of memory operations: 4
	# of types: 			248



Using pass: pass_gc_entitites -- No improvement
	# of nodes: 			23
	# of irgs: 				2
	# of cf manipulations: 	4
	# of memory operations: 4
	# of types: 			248



Using pass: pass_gc_entitites -- No improvement
	# of nodes: 			23
	# of irgs: 				2
	# of cf manipulations: 	4
	# of memory operations: 4
	# of types: 			248



Using pass: pass_libfirm_occult_consts -- No improvement
	# of nodes: 			23
	# of irgs: 				2
	# of cf manipulations: 	4
	# of memory operations: 4
	# of types: 			248



Using pass: pass_libfirm_normalize_one_return -- No improvement
	# of nodes: 			23
	# of irgs: 				2
	# of cf manipulations: 	4
	# of memory operations: 4
	# of types: 			248



Using pass: pass_libfirm_opt_frame -- No improvement
	# of nodes: 			23
	# of irgs: 				2
	# of cf manipulations: 	4
	# of memory operations: 4
	# of types: 			248



Using pass: pass_gc_entitites -- No improvement
	# of nodes: 			23
	# of irgs: 				2
	# of cf manipulations: 	4
	# of memory operations: 4
	# of types: 			248



Using pass: pass_libfirm_opt_jumpthreading -- No improvement
	# of nodes: 			23
	# of irgs: 				2
	# of cf manipulations: 	4
	# of memory operations: 4
	# of types: 			248



Using pass: pass_libfirm_do_loop_unrolling -- No improvement
	# of nodes: 			23
	# of irgs: 				2
	# of cf manipulations: 	4
	# of memory operations: 4
	# of types: 			248



Using pass: pass_libfirm_remove_unreachable -- No improvement
	# of nodes: 			23
	# of irgs: 				2
	# of cf manipulations: 	4
	# of memory operations: 4
	# of types: 			248



Using pass: pass_libfirm_gvn_pre -- No improvement
	# of nodes: 			23
	# of irgs: 				2
	# of cf manipulations: 	4
	# of memory operations: 4
	# of types: 			248



Using pass: pass_libfirm_normalize_one_return -- No improvement
	# of nodes: 			23
	# of irgs: 				2
	# of cf manipulations: 	4
	# of memory operations: 4
	# of types: 			248



Using pass: pass_libfirm_optimize_load_store -- No improvement
	# of nodes: 			23
	# of irgs: 				2
	# of cf manipulations: 	4
	# of memory operations: 4
	# of types: 			248



Using pass: pass_libfirm_normalize_n_returns -- No improvement
	# of nodes: 			23
	# of irgs: 				2
	# of cf manipulations: 	4
	# of memory operations: 4
	# of types: 			248



Using pass: pass_libfirm_occult_consts -- No improvement
	# of nodes: 			23
	# of irgs: 				2
	# of cf manipulations: 	4
	# of memory operations: 4
	# of types: 			248



Using pass: pass_libfirm_conv_opt -- No improvement
	# of nodes: 			23
	# of irgs: 				2
	# of cf manipulations: 	4
	# of memory operations: 4
	# of types: 			248



Using pass: pass_simplify_consts -- No improvement
	# of nodes: 			23
	# of irgs: 				2
	# of cf manipulations: 	4
	# of memory operations: 4
	# of types: 			248



Using pass: pass_libfirm_remove_unreachable -- No improvement
	# of nodes: 			23
	# of irgs: 				2
	# of cf manipulations: 	4
	# of memory operations: 4
	# of types: 			248



Using pass: pass_libfirm_opt_bool -- No improvement
	# of nodes: 			23
	# of irgs: 				2
	# of cf manipulations: 	4
	# of memory operations: 4
	# of types: 			248



Using pass: pass_replace_proj_primitive -- No improvement
	# of nodes: 			23
	# of irgs: 				2
	# of cf manipulations: 	4
	# of memory operations: 4
	# of types: 			248



Using pass: pass_libfirm_normalize_n_returns -- No improvement
	# of nodes: 			23
	# of irgs: 				2
	# of cf manipulations: 	4
	# of memory operations: 4
	# of types: 			248



Using pass: pass_replace_members -- No improvement
	# of nodes: 			23
	# of irgs: 				2
	# of cf manipulations: 	4
	# of memory operations: 4
	# of types: 			248



Using pass: pass_libfirm_opt_ldst
	 :: Pass failed on irg 'main'
	 :: Pass failed on irg 'main' -- No improvement
	# of nodes: 			23
	# of irgs: 				2
	# of cf manipulations: 	4
	# of memory operations: 4
	# of types: 			248



Using pass: pass_libfirm_opt_funccalls -- No improvement
	# of nodes: 			23
	# of irgs: 				2
	# of cf manipulations: 	4
	# of memory operations: 4
	# of types: 			248



Using pass: pass_libfirm_opt_funccalls -- No improvement
	# of nodes: 			23
	# of irgs: 				2
	# of cf manipulations: 	4
	# of memory operations: 4
	# of types: 			248



Using pass: pass_libfirm_occult_consts -- No improvement
	# of nodes: 			23
	# of irgs: 				2
	# of cf manipulations: 	4
	# of memory operations: 4
	# of types: 			248



Using pass: pass_libfirm_occult_consts -- No improvement
	# of nodes: 			23
	# of irgs: 				2
	# of cf manipulations: 	4
	# of memory operations: 4
	# of types: 			248



Using pass: pass_replace_cond_selectors -- No improvement
	# of nodes: 			23
	# of irgs: 				2
	# of cf manipulations: 	4
	# of memory operations: 4
	# of types: 			248



Using pass: pass_libfirm_do_loop_inversion -- No improvement
	# of nodes: 			23
	# of irgs: 				2
	# of cf manipulations: 	4
	# of memory operations: 4
	# of types: 			248



Using pass: pass_libfirm_dead_code_elimination -- No improvement
	# of nodes: 			23
	# of irgs: 				2
	# of cf manipulations: 	4
	# of memory operations: 4
	# of types: 			248



Using pass: pass_libfirm_opt_frame -- No improvement
	# of nodes: 			23
	# of irgs: 				2
	# of cf manipulations: 	4
	# of memory operations: 4
	# of types: 			248



Using pass: pass_libfirm_opt_funccalls -- No improvement
	# of nodes: 			23
	# of irgs: 				2
	# of cf manipulations: 	4
	# of memory operations: 4
	# of types: 			248



Using pass: pass_replace_proj_primitive -- No improvement
	# of nodes: 			23
	# of irgs: 				2
	# of cf manipulations: 	4
	# of memory operations: 4
	# of types: 			248



Using pass: pass_libfirm_opt_parallelize_mem -- No improvement
	# of nodes: 			23
	# of irgs: 				2
	# of cf manipulations: 	4
	# of memory operations: 4
	# of types: 			248



Using pass: pass_libfirm_do_loop_unrolling -- No improvement
	# of nodes: 			23
	# of irgs: 				2
	# of cf manipulations: 	4
	# of memory operations: 4
	# of types: 			248



Using pass: pass_replace_mux_selectors -- No improvement
	# of nodes: 			23
	# of irgs: 				2
	# of cf manipulations: 	4
	# of memory operations: 4
	# of types: 			248



Using pass: pass_libfirm_do_loop_peeling -- No improvement
	# of nodes: 			23
	# of irgs: 				2
	# of cf manipulations: 	4
	# of memory operations: 4
	# of types: 			248




 :: 2nd reduction cycle


______________________________

No further reduction possible.

Result:
	# of nodes: 			23
	# of irgs: 				2
	# of cf manipulations: 	4
	# of memory operations: 4
	# of types: 			248

2018-08-24 12:54:32