2018-08-23 12:20:06 -- Firmreduce -- Results

Initial Test-case size:
	# of nodes: 			13503
	# of irgs: 				4
	# of cf manipulations: 	275
	# of memory operations: 1792
	# of types: 			2592


Using pass: pass_libfirm_opt_if_conv -- Successful
	# of nodes: 			9826
	# of irgs: 				4
	# of cf manipulations: 	323
	# of memory operations: 1350
	# of types: 			2592



Using pass: pass_libfirm_remove_unreachable -- No improvement
	# of nodes: 			9826
	# of irgs: 				4
	# of cf manipulations: 	323
	# of memory operations: 1350
	# of types: 			2592



Using pass: pass_remove_void_calls -- No improvement
	# of nodes: 			9826
	# of irgs: 				4
	# of cf manipulations: 	323
	# of memory operations: 1350
	# of types: 			2592



Using pass: pass_gc_irgs -- Successful
	# of nodes: 			924
	# of irgs: 				2
	# of cf manipulations: 	63
	# of memory operations: 106
	# of types: 			2592



Using pass: pass_libfirm_opt_ldst
	 :: Pass failed on irg 'r_func_2'
	 :: Pass failed on irg 'r_func_2' -- No improvement
	# of nodes: 			924
	# of irgs: 				2
	# of cf manipulations: 	63
	# of memory operations: 106
	# of types: 			2592



Using pass: pass_replace_return_values -- No improvement
	# of nodes: 			924
	# of irgs: 				2
	# of cf manipulations: 	63
	# of memory operations: 106
	# of types: 			2592



Using pass: pass_libfirm_remove_bads -- No improvement
	# of nodes: 			924
	# of irgs: 				2
	# of cf manipulations: 	63
	# of memory operations: 106
	# of types: 			2592



Using pass: pass_remove_allocs
	 :: Pass failed on irg 'r_func_2'
	 :: Pass failed on irg 'r_func_2' -- No improvement
	# of nodes: 			924
	# of irgs: 				2
	# of cf manipulations: 	63
	# of memory operations: 106
	# of types: 			2592



Using pass: pass_libfirm_occult_consts
	 :: interestingness test failed on irg 'r_func_2' -- No improvement
	# of nodes: 			924
	# of irgs: 				2
	# of cf manipulations: 	63
	# of memory operations: 106
	# of types: 			2592



Using pass: pass_libfirm_do_loop_unrolling -- No improvement
	# of nodes: 			924
	# of irgs: 				2
	# of cf manipulations: 	63
	# of memory operations: 106
	# of types: 			2592



Using pass: pass_remove_stores -- Successful
	# of nodes: 			105
	# of irgs: 				2
	# of cf manipulations: 	13
	# of memory operations: 14
	# of types: 			2592



Using pass: pass_libfirm_remove_tuples -- No improvement
	# of nodes: 			105
	# of irgs: 				2
	# of cf manipulations: 	13
	# of memory operations: 14
	# of types: 			2592



Using pass: pass_gc_irgs -- No improvement
	# of nodes: 			105
	# of irgs: 				2
	# of cf manipulations: 	13
	# of memory operations: 14
	# of types: 			2592



Using pass: pass_libfirm_optimize_graph_df -- No improvement
	# of nodes: 			105
	# of irgs: 				2
	# of cf manipulations: 	13
	# of memory operations: 14
	# of types: 			2592



Using pass: pass_libfirm_opt_jumpthreading -- No improvement
	# of nodes: 			105
	# of irgs: 				2
	# of cf manipulations: 	13
	# of memory operations: 14
	# of types: 			2592



Using pass: pass_libfirm_remove_tuples -- No improvement
	# of nodes: 			105
	# of irgs: 				2
	# of cf manipulations: 	13
	# of memory operations: 14
	# of types: 			2592



Using pass: pass_libfirm_opt_ldst
	 :: Pass failed on irg 'main'
	 :: Pass failed on irg 'r_func_2' -- No improvement
	# of nodes: 			105
	# of irgs: 				2
	# of cf manipulations: 	13
	# of memory operations: 14
	# of types: 			2592



Using pass: pass_replace_cond_selectors -- Successful
	# of nodes: 			38
	# of irgs: 				2
	# of cf manipulations: 	4
	# of memory operations: 9
	# of types: 			2592



Using pass: pass_libfirm_do_loop_inversion -- No improvement
	# of nodes: 			38
	# of irgs: 				2
	# of cf manipulations: 	4
	# of memory operations: 9
	# of types: 			2592



Using pass: pass_libfirm_opt_ldst
	 :: Pass failed on irg 'r_func_2'
	 :: Pass failed on irg 'main' -- No improvement
	# of nodes: 			38
	# of irgs: 				2
	# of cf manipulations: 	4
	# of memory operations: 9
	# of types: 			2592



Using pass: pass_libfirm_occult_consts -- No improvement
	# of nodes: 			38
	# of irgs: 				2
	# of cf manipulations: 	4
	# of memory operations: 9
	# of types: 			2592



Using pass: pass_libfirm_opt_frame -- No improvement
	# of nodes: 			38
	# of irgs: 				2
	# of cf manipulations: 	4
	# of memory operations: 9
	# of types: 			2592



Using pass: pass_libfirm_opt_jumpthreading -- No improvement
	# of nodes: 			38
	# of irgs: 				2
	# of cf manipulations: 	4
	# of memory operations: 9
	# of types: 			2592



Using pass: pass_libfirm_combo -- No improvement
	# of nodes: 			38
	# of irgs: 				2
	# of cf manipulations: 	4
	# of memory operations: 9
	# of types: 			2592



Using pass: pass_libfirm_normalize_n_returns -- No improvement
	# of nodes: 			38
	# of irgs: 				2
	# of cf manipulations: 	4
	# of memory operations: 9
	# of types: 			2592



Using pass: pass_gc_irgs -- No improvement
	# of nodes: 			38
	# of irgs: 				2
	# of cf manipulations: 	4
	# of memory operations: 9
	# of types: 			2592



Using pass: pass_replace_arithmetic -- No improvement
	# of nodes: 			38
	# of irgs: 				2
	# of cf manipulations: 	4
	# of memory operations: 9
	# of types: 			2592



Using pass: pass_gc_entitites -- No improvement
	# of nodes: 			38
	# of irgs: 				2
	# of cf manipulations: 	4
	# of memory operations: 9
	# of types: 			2592



Using pass: pass_libfirm_scalar_replacement_opt -- No improvement
	# of nodes: 			38
	# of irgs: 				2
	# of cf manipulations: 	4
	# of memory operations: 9
	# of types: 			2592



Using pass: pass_libfirm_remove_bads -- No improvement
	# of nodes: 			38
	# of irgs: 				2
	# of cf manipulations: 	4
	# of memory operations: 9
	# of types: 			2592



Using pass: pass_libfirm_optimize_cf -- No improvement
	# of nodes: 			38
	# of irgs: 				2
	# of cf manipulations: 	4
	# of memory operations: 9
	# of types: 			2592



Using pass: pass_libfirm_do_loop_inversion -- No improvement
	# of nodes: 			38
	# of irgs: 				2
	# of cf manipulations: 	4
	# of memory operations: 9
	# of types: 			2592



Using pass: pass_libfirm_optimize_cf -- No improvement
	# of nodes: 			38
	# of irgs: 				2
	# of cf manipulations: 	4
	# of memory operations: 9
	# of types: 			2592



Using pass: pass_libfirm_opt_if_conv -- No improvement
	# of nodes: 			38
	# of irgs: 				2
	# of cf manipulations: 	4
	# of memory operations: 9
	# of types: 			2592



Using pass: pass_gc_irgs -- No improvement
	# of nodes: 			38
	# of irgs: 				2
	# of cf manipulations: 	4
	# of memory operations: 9
	# of types: 			2592



Using pass: pass_libfirm_do_loop_unrolling -- No improvement
	# of nodes: 			38
	# of irgs: 				2
	# of cf manipulations: 	4
	# of memory operations: 9
	# of types: 			2592



Using pass: pass_libfirm_opt_if_conv -- No improvement
	# of nodes: 			38
	# of irgs: 				2
	# of cf manipulations: 	4
	# of memory operations: 9
	# of types: 			2592



Using pass: pass_libfirm_remove_unreachable -- No improvement
	# of nodes: 			38
	# of irgs: 				2
	# of cf manipulations: 	4
	# of memory operations: 9
	# of types: 			2592



Using pass: pass_libfirm_do_loop_inversion -- No improvement
	# of nodes: 			38
	# of irgs: 				2
	# of cf manipulations: 	4
	# of memory operations: 9
	# of types: 			2592



Using pass: pass_libfirm_opt_bool -- No improvement
	# of nodes: 			38
	# of irgs: 				2
	# of cf manipulations: 	4
	# of memory operations: 9
	# of types: 			2592



Using pass: pass_libfirm_remove_critical_cf_edges -- No improvement
	# of nodes: 			38
	# of irgs: 				2
	# of cf manipulations: 	4
	# of memory operations: 9
	# of types: 			2592



Using pass: pass_libfirm_optimize_reassociation -- No improvement
	# of nodes: 			38
	# of irgs: 				2
	# of cf manipulations: 	4
	# of memory operations: 9
	# of types: 			2592



Using pass: pass_replace_proj_primitive -- No improvement
	# of nodes: 			38
	# of irgs: 				2
	# of cf manipulations: 	4
	# of memory operations: 9
	# of types: 			2592



Using pass: pass_libfirm_opt_blocks -- No improvement
	# of nodes: 			38
	# of irgs: 				2
	# of cf manipulations: 	4
	# of memory operations: 9
	# of types: 			2592



Using pass: pass_simplify_consts -- Successful
	# of nodes: 			33
	# of irgs: 				2
	# of cf manipulations: 	4
	# of memory operations: 9
	# of types: 			2592



Using pass: pass_libfirm_dead_code_elimination -- No improvement
	# of nodes: 			33
	# of irgs: 				2
	# of cf manipulations: 	4
	# of memory operations: 9
	# of types: 			2592



Using pass: pass_libfirm_normalize_n_returns -- No improvement
	# of nodes: 			33
	# of irgs: 				2
	# of cf manipulations: 	4
	# of memory operations: 9
	# of types: 			2592



Using pass: pass_libfirm_remove_tuples -- No improvement
	# of nodes: 			33
	# of irgs: 				2
	# of cf manipulations: 	4
	# of memory operations: 9
	# of types: 			2592



Using pass: pass_libfirm_remove_critical_cf_edges -- No improvement
	# of nodes: 			33
	# of irgs: 				2
	# of cf manipulations: 	4
	# of memory operations: 9
	# of types: 			2592



Using pass: pass_libfirm_construct_confirms -- No improvement
	# of nodes: 			33
	# of irgs: 				2
	# of cf manipulations: 	4
	# of memory operations: 9
	# of types: 			2592



Using pass: pass_replace_members -- No improvement
	# of nodes: 			33
	# of irgs: 				2
	# of cf manipulations: 	4
	# of memory operations: 9
	# of types: 			2592



Using pass: pass_libfirm_opt_parallelize_mem -- No improvement
	# of nodes: 			33
	# of irgs: 				2
	# of cf manipulations: 	4
	# of memory operations: 9
	# of types: 			2592



Using pass: pass_replace_mux_selectors -- No improvement
	# of nodes: 			33
	# of irgs: 				2
	# of cf manipulations: 	4
	# of memory operations: 9
	# of types: 			2592



Using pass: pass_libfirm_dead_code_elimination -- No improvement
	# of nodes: 			33
	# of irgs: 				2
	# of cf manipulations: 	4
	# of memory operations: 9
	# of types: 			2592



Using pass: pass_libfirm_opt_funccalls -- No improvement
	# of nodes: 			33
	# of irgs: 				2
	# of cf manipulations: 	4
	# of memory operations: 9
	# of types: 			2592



Using pass: pass_libfirm_remove_bads -- No improvement
	# of nodes: 			33
	# of irgs: 				2
	# of cf manipulations: 	4
	# of memory operations: 9
	# of types: 			2592



Using pass: pass_remove_void_calls -- No improvement
	# of nodes: 			33
	# of irgs: 				2
	# of cf manipulations: 	4
	# of memory operations: 9
	# of types: 			2592



Using pass: pass_libfirm_remove_unreachable -- No improvement
	# of nodes: 			33
	# of irgs: 				2
	# of cf manipulations: 	4
	# of memory operations: 9
	# of types: 			2592



Using pass: pass_libfirm_do_loop_peeling -- No improvement
	# of nodes: 			33
	# of irgs: 				2
	# of cf manipulations: 	4
	# of memory operations: 9
	# of types: 			2592



Using pass: pass_libfirm_optimize_load_store -- No improvement
	# of nodes: 			33
	# of irgs: 				2
	# of cf manipulations: 	4
	# of memory operations: 9
	# of types: 			2592



Using pass: pass_libfirm_do_loop_inversion -- No improvement
	# of nodes: 			33
	# of irgs: 				2
	# of cf manipulations: 	4
	# of memory operations: 9
	# of types: 			2592



Using pass: pass_replace_arithmetic -- No improvement
	# of nodes: 			33
	# of irgs: 				2
	# of cf manipulations: 	4
	# of memory operations: 9
	# of types: 			2592



Using pass: pass_libfirm_place_code -- No improvement
	# of nodes: 			33
	# of irgs: 				2
	# of cf manipulations: 	4
	# of memory operations: 9
	# of types: 			2592



Using pass: pass_libfirm_opt_bool -- No improvement
	# of nodes: 			33
	# of irgs: 				2
	# of cf manipulations: 	4
	# of memory operations: 9
	# of types: 			2592



Using pass: pass_remove_stores -- No improvement
	# of nodes: 			33
	# of irgs: 				2
	# of cf manipulations: 	4
	# of memory operations: 9
	# of types: 			2592



Using pass: pass_remove_allocs -- Successful
	# of nodes: 			14
	# of irgs: 				2
	# of cf manipulations: 	4
	# of memory operations: 0
	# of types: 			2592



Using pass: pass_gc_irgs -- No improvement
	# of nodes: 			14
	# of irgs: 				2
	# of cf manipulations: 	4
	# of memory operations: 0
	# of types: 			2592



Using pass: pass_libfirm_remove_critical_cf_edges -- No improvement
	# of nodes: 			14
	# of irgs: 				2
	# of cf manipulations: 	4
	# of memory operations: 0
	# of types: 			2592



Using pass: pass_check_validity -- No improvement
	# of nodes: 			14
	# of irgs: 				2
	# of cf manipulations: 	4
	# of memory operations: 0
	# of types: 			2592



Using pass: pass_libfirm_remove_bads -- No improvement
	# of nodes: 			14
	# of irgs: 				2
	# of cf manipulations: 	4
	# of memory operations: 0
	# of types: 			2592



Using pass: pass_check_validity -- No improvement
	# of nodes: 			14
	# of irgs: 				2
	# of cf manipulations: 	4
	# of memory operations: 0
	# of types: 			2592



Using pass: pass_libfirm_opt_ldst
	 :: Pass failed on irg 'r_func_2'
	 :: Pass failed on irg 'main' -- No improvement
	# of nodes: 			14
	# of irgs: 				2
	# of cf manipulations: 	4
	# of memory operations: 0
	# of types: 			2592



Using pass: pass_libfirm_opt_ldst
	 :: Pass failed on irg 'main'
	 :: Pass failed on irg 'r_func_2' -- No improvement
	# of nodes: 			14
	# of irgs: 				2
	# of cf manipulations: 	4
	# of memory operations: 0
	# of types: 			2592



Using pass: pass_check_validity -- No improvement
	# of nodes: 			14
	# of irgs: 				2
	# of cf manipulations: 	4
	# of memory operations: 0
	# of types: 			2592



Using pass: pass_libfirm_opt_jumpthreading -- No improvement
	# of nodes: 			14
	# of irgs: 				2
	# of cf manipulations: 	4
	# of memory operations: 0
	# of types: 			2592



Using pass: pass_replace_proj_primitive -- No improvement
	# of nodes: 			14
	# of irgs: 				2
	# of cf manipulations: 	4
	# of memory operations: 0
	# of types: 			2592



Using pass: pass_libfirm_opt_parallelize_mem -- No improvement
	# of nodes: 			14
	# of irgs: 				2
	# of cf manipulations: 	4
	# of memory operations: 0
	# of types: 			2592



Using pass: pass_replace_loads -- No improvement
	# of nodes: 			14
	# of irgs: 				2
	# of cf manipulations: 	4
	# of memory operations: 0
	# of types: 			2592



Using pass: pass_libfirm_remove_bads -- No improvement
	# of nodes: 			14
	# of irgs: 				2
	# of cf manipulations: 	4
	# of memory operations: 0
	# of types: 			2592



Using pass: pass_simplify_consts -- No improvement
	# of nodes: 			14
	# of irgs: 				2
	# of cf manipulations: 	4
	# of memory operations: 0
	# of types: 			2592



Using pass: pass_simplify_consts -- No improvement
	# of nodes: 			14
	# of irgs: 				2
	# of cf manipulations: 	4
	# of memory operations: 0
	# of types: 			2592



Using pass: pass_libfirm_optimize_reassociation -- No improvement
	# of nodes: 			14
	# of irgs: 				2
	# of cf manipulations: 	4
	# of memory operations: 0
	# of types: 			2592



Using pass: pass_replace_loads -- No improvement
	# of nodes: 			14
	# of irgs: 				2
	# of cf manipulations: 	4
	# of memory operations: 0
	# of types: 			2592



Using pass: pass_gc_irgs -- No improvement
	# of nodes: 			14
	# of irgs: 				2
	# of cf manipulations: 	4
	# of memory operations: 0
	# of types: 			2592



Using pass: pass_check_validity -- No improvement
	# of nodes: 			14
	# of irgs: 				2
	# of cf manipulations: 	4
	# of memory operations: 0
	# of types: 			2592



Using pass: pass_libfirm_construct_confirms -- No improvement
	# of nodes: 			14
	# of irgs: 				2
	# of cf manipulations: 	4
	# of memory operations: 0
	# of types: 			2592



Using pass: pass_gc_irgs_primitive -- Successful
	# of nodes: 			7
	# of irgs: 				1
	# of cf manipulations: 	2
	# of memory operations: 0
	# of types: 			2592



Using pass: pass_libfirm_do_loop_inversion -- No improvement
	# of nodes: 			7
	# of irgs: 				1
	# of cf manipulations: 	2
	# of memory operations: 0
	# of types: 			2592



Using pass: pass_libfirm_optimize_cf -- No improvement
	# of nodes: 			7
	# of irgs: 				1
	# of cf manipulations: 	2
	# of memory operations: 0
	# of types: 			2592



Using pass: pass_check_validity -- No improvement
	# of nodes: 			7
	# of irgs: 				1
	# of cf manipulations: 	2
	# of memory operations: 0
	# of types: 			2592



Using pass: pass_simplify_consts -- No improvement
	# of nodes: 			7
	# of irgs: 				1
	# of cf manipulations: 	2
	# of memory operations: 0
	# of types: 			2592



Using pass: pass_libfirm_normalize_one_return -- No improvement
	# of nodes: 			7
	# of irgs: 				1
	# of cf manipulations: 	2
	# of memory operations: 0
	# of types: 			2592



Using pass: pass_libfirm_gvn_pre -- No improvement
	# of nodes: 			7
	# of irgs: 				1
	# of cf manipulations: 	2
	# of memory operations: 0
	# of types: 			2592



Using pass: pass_libfirm_do_loop_inversion -- No improvement
	# of nodes: 			7
	# of irgs: 				1
	# of cf manipulations: 	2
	# of memory operations: 0
	# of types: 			2592



Using pass: pass_libfirm_optimize_graph_df -- No improvement
	# of nodes: 			7
	# of irgs: 				1
	# of cf manipulations: 	2
	# of memory operations: 0
	# of types: 			2592



Using pass: pass_libfirm_remove_unreachable -- No improvement
	# of nodes: 			7
	# of irgs: 				1
	# of cf manipulations: 	2
	# of memory operations: 0
	# of types: 			2592



Using pass: pass_libfirm_opt_bool -- No improvement
	# of nodes: 			7
	# of irgs: 				1
	# of cf manipulations: 	2
	# of memory operations: 0
	# of types: 			2592



Using pass: pass_remove_void_calls -- No improvement
	# of nodes: 			7
	# of irgs: 				1
	# of cf manipulations: 	2
	# of memory operations: 0
	# of types: 			2592



Using pass: pass_libfirm_remove_critical_cf_edges -- No improvement
	# of nodes: 			7
	# of irgs: 				1
	# of cf manipulations: 	2
	# of memory operations: 0
	# of types: 			2592



Using pass: pass_libfirm_opt_frame -- No improvement
	# of nodes: 			7
	# of irgs: 				1
	# of cf manipulations: 	2
	# of memory operations: 0
	# of types: 			2592



Using pass: pass_libfirm_opt_bool -- No improvement
	# of nodes: 			7
	# of irgs: 				1
	# of cf manipulations: 	2
	# of memory operations: 0
	# of types: 			2592



Using pass: pass_check_validity -- No improvement
	# of nodes: 			7
	# of irgs: 				1
	# of cf manipulations: 	2
	# of memory operations: 0
	# of types: 			2592



Using pass: pass_replace_loads -- No improvement
	# of nodes: 			7
	# of irgs: 				1
	# of cf manipulations: 	2
	# of memory operations: 0
	# of types: 			2592



Using pass: pass_remove_stores -- No improvement
	# of nodes: 			7
	# of irgs: 				1
	# of cf manipulations: 	2
	# of memory operations: 0
	# of types: 			2592



Using pass: pass_libfirm_do_loop_inversion -- No improvement
	# of nodes: 			7
	# of irgs: 				1
	# of cf manipulations: 	2
	# of memory operations: 0
	# of types: 			2592



Using pass: pass_libfirm_combo -- No improvement
	# of nodes: 			7
	# of irgs: 				1
	# of cf manipulations: 	2
	# of memory operations: 0
	# of types: 			2592



Using pass: pass_libfirm_opt_if_conv -- No improvement
	# of nodes: 			7
	# of irgs: 				1
	# of cf manipulations: 	2
	# of memory operations: 0
	# of types: 			2592



Using pass: pass_replace_arithmetic -- No improvement
	# of nodes: 			7
	# of irgs: 				1
	# of cf manipulations: 	2
	# of memory operations: 0
	# of types: 			2592



Using pass: pass_libfirm_normalize_n_returns -- No improvement
	# of nodes: 			7
	# of irgs: 				1
	# of cf manipulations: 	2
	# of memory operations: 0
	# of types: 			2592



Using pass: pass_remove_allocs -- No improvement
	# of nodes: 			7
	# of irgs: 				1
	# of cf manipulations: 	2
	# of memory operations: 0
	# of types: 			2592



Using pass: pass_remove_stores -- No improvement
	# of nodes: 			7
	# of irgs: 				1
	# of cf manipulations: 	2
	# of memory operations: 0
	# of types: 			2592



Using pass: pass_libfirm_remove_tuples -- No improvement
	# of nodes: 			7
	# of irgs: 				1
	# of cf manipulations: 	2
	# of memory operations: 0
	# of types: 			2592



Using pass: pass_libfirm_do_loop_inversion -- No improvement
	# of nodes: 			7
	# of irgs: 				1
	# of cf manipulations: 	2
	# of memory operations: 0
	# of types: 			2592



Using pass: pass_libfirm_combo -- No improvement
	# of nodes: 			7
	# of irgs: 				1
	# of cf manipulations: 	2
	# of memory operations: 0
	# of types: 			2592



Using pass: pass_libfirm_optimize_load_store -- No improvement
	# of nodes: 			7
	# of irgs: 				1
	# of cf manipulations: 	2
	# of memory operations: 0
	# of types: 			2592



Using pass: pass_replace_return_values -- No improvement
	# of nodes: 			7
	# of irgs: 				1
	# of cf manipulations: 	2
	# of memory operations: 0
	# of types: 			2592



Using pass: pass_replace_cond_selectors -- No improvement
	# of nodes: 			7
	# of irgs: 				1
	# of cf manipulations: 	2
	# of memory operations: 0
	# of types: 			2592



Using pass: pass_libfirm_construct_confirms -- No improvement
	# of nodes: 			7
	# of irgs: 				1
	# of cf manipulations: 	2
	# of memory operations: 0
	# of types: 			2592



Using pass: pass_libfirm_opt_blocks -- No improvement
	# of nodes: 			7
	# of irgs: 				1
	# of cf manipulations: 	2
	# of memory operations: 0
	# of types: 			2592



Using pass: pass_libfirm_opt_if_conv -- No improvement
	# of nodes: 			7
	# of irgs: 				1
	# of cf manipulations: 	2
	# of memory operations: 0
	# of types: 			2592



Using pass: pass_replace_loads -- No improvement
	# of nodes: 			7
	# of irgs: 				1
	# of cf manipulations: 	2
	# of memory operations: 0
	# of types: 			2592



Using pass: pass_replace_loads -- No improvement
	# of nodes: 			7
	# of irgs: 				1
	# of cf manipulations: 	2
	# of memory operations: 0
	# of types: 			2592



Using pass: pass_libfirm_optimize_cf -- No improvement
	# of nodes: 			7
	# of irgs: 				1
	# of cf manipulations: 	2
	# of memory operations: 0
	# of types: 			2592



Using pass: pass_libfirm_construct_confirms -- No improvement
	# of nodes: 			7
	# of irgs: 				1
	# of cf manipulations: 	2
	# of memory operations: 0
	# of types: 			2592



Using pass: pass_replace_mux_selectors -- No improvement
	# of nodes: 			7
	# of irgs: 				1
	# of cf manipulations: 	2
	# of memory operations: 0
	# of types: 			2592



Using pass: pass_remove_void_calls -- No improvement
	# of nodes: 			7
	# of irgs: 				1
	# of cf manipulations: 	2
	# of memory operations: 0
	# of types: 			2592



Using pass: pass_libfirm_optimize_load_store -- No improvement
	# of nodes: 			7
	# of irgs: 				1
	# of cf manipulations: 	2
	# of memory operations: 0
	# of types: 			2592



Using pass: pass_replace_members -- No improvement
	# of nodes: 			7
	# of irgs: 				1
	# of cf manipulations: 	2
	# of memory operations: 0
	# of types: 			2592



Using pass: pass_libfirm_opt_if_conv -- No improvement
	# of nodes: 			7
	# of irgs: 				1
	# of cf manipulations: 	2
	# of memory operations: 0
	# of types: 			2592



Using pass: pass_libfirm_opt_bool -- No improvement
	# of nodes: 			7
	# of irgs: 				1
	# of cf manipulations: 	2
	# of memory operations: 0
	# of types: 			2592



Using pass: pass_libfirm_opt_frame -- No improvement
	# of nodes: 			7
	# of irgs: 				1
	# of cf manipulations: 	2
	# of memory operations: 0
	# of types: 			2592



Using pass: pass_libfirm_optimize_load_store -- No improvement
	# of nodes: 			7
	# of irgs: 				1
	# of cf manipulations: 	2
	# of memory operations: 0
	# of types: 			2592



Using pass: pass_libfirm_combo -- No improvement
	# of nodes: 			7
	# of irgs: 				1
	# of cf manipulations: 	2
	# of memory operations: 0
	# of types: 			2592



Using pass: pass_libfirm_optimize_load_store -- No improvement
	# of nodes: 			7
	# of irgs: 				1
	# of cf manipulations: 	2
	# of memory operations: 0
	# of types: 			2592



Using pass: pass_libfirm_normalize_n_returns -- No improvement
	# of nodes: 			7
	# of irgs: 				1
	# of cf manipulations: 	2
	# of memory operations: 0
	# of types: 			2592



Using pass: pass_libfirm_optimize_cf -- No improvement
	# of nodes: 			7
	# of irgs: 				1
	# of cf manipulations: 	2
	# of memory operations: 0
	# of types: 			2592



Using pass: pass_replace_proj_primitive -- No improvement
	# of nodes: 			7
	# of irgs: 				1
	# of cf manipulations: 	2
	# of memory operations: 0
	# of types: 			2592



Using pass: pass_libfirm_dead_code_elimination -- No improvement
	# of nodes: 			7
	# of irgs: 				1
	# of cf manipulations: 	2
	# of memory operations: 0
	# of types: 			2592




 :: 2nd reduction cycle

Using pass: pass_libfirm_occult_consts -- Trying irg 'r_func_2' -- No improvement

______________________________

No further reduction possible.

Result:
	# of nodes: 			7
	# of irgs: 				1
	# of cf manipulations: 	2
	# of memory operations: 0
	# of types: 			2592

