2018-08-26 16:52:48 -- Firmreduce -- Results

Initial Test-case size:
	# of nodes: 			10907
	# of irgs: 				4
	# of cf manipulations: 	273
	# of memory operations: 1556
	# of types: 			1922


Using pass: pass_libfirm_remove_critical_cf_edges -- Successful
	# of nodes: 			11019
	# of irgs: 				4
	# of cf manipulations: 	329
	# of memory operations: 1556
	# of types: 			1922



Using pass: pass_libfirm_opt_parallelize_mem -- No improvement
	# of nodes: 			11019
	# of irgs: 				4
	# of cf manipulations: 	329
	# of memory operations: 1556
	# of types: 			1922



Using pass: pass_libfirm_remove_critical_cf_edges -- Successful
	# of nodes: 			11097
	# of irgs: 				4
	# of cf manipulations: 	368
	# of memory operations: 1556
	# of types: 			1922



Using pass: pass_replace_return_values -- Successful
	# of nodes: 			4942
	# of irgs: 				4
	# of cf manipulations: 	123
	# of memory operations: 750
	# of types: 			1922



Using pass: pass_libfirm_opt_bool -- No improvement
	# of nodes: 			4942
	# of irgs: 				4
	# of cf manipulations: 	123
	# of memory operations: 750
	# of types: 			1922



Using pass: pass_replace_mux_selectors -- No improvement
	# of nodes: 			4942
	# of irgs: 				4
	# of cf manipulations: 	123
	# of memory operations: 750
	# of types: 			1922



Using pass: pass_gc_entitites -- Successful
	# of nodes: 			4942
	# of irgs: 				4
	# of cf manipulations: 	123
	# of memory operations: 750
	# of types: 			1922



Using pass: pass_libfirm_do_loop_peeling
	 :: Pass failed on irg '_main' -- No improvement
	# of nodes: 			4942
	# of irgs: 				4
	# of cf manipulations: 	123
	# of memory operations: 750
	# of types: 			1922



Using pass: pass_libfirm_do_loop_peeling
	 :: Pass failed on irg '_main'
	 :: Pass failed on irg 'r_func_1' -- No improvement
	# of nodes: 			4942
	# of irgs: 				4
	# of cf manipulations: 	123
	# of memory operations: 750
	# of types: 			1922



Using pass: pass_libfirm_gvn_pre -- Successful
	# of nodes: 			4940
	# of irgs: 				4
	# of cf manipulations: 	123
	# of memory operations: 750
	# of types: 			1922



Using pass: pass_remove_void_calls -- No improvement
	# of nodes: 			4940
	# of irgs: 				4
	# of cf manipulations: 	123
	# of memory operations: 750
	# of types: 			1922



Using pass: pass_libfirm_scalar_replacement_opt -- No improvement
	# of nodes: 			4940
	# of irgs: 				4
	# of cf manipulations: 	123
	# of memory operations: 750
	# of types: 			1922



Using pass: pass_libfirm_optimize_reassociation -- Successful
	# of nodes: 			4943
	# of irgs: 				4
	# of cf manipulations: 	123
	# of memory operations: 750
	# of types: 			1922



Using pass: pass_libfirm_place_code -- No improvement
	# of nodes: 			4943
	# of irgs: 				4
	# of cf manipulations: 	123
	# of memory operations: 750
	# of types: 			1922



Using pass: pass_libfirm_opt_parallelize_mem -- No improvement
	# of nodes: 			4943
	# of irgs: 				4
	# of cf manipulations: 	123
	# of memory operations: 750
	# of types: 			1922



Using pass: pass_libfirm_optimize_graph_df -- Successful
	# of nodes: 			305
	# of irgs: 				4
	# of cf manipulations: 	12
	# of memory operations: 70
	# of types: 			1922



Using pass: pass_libfirm_occult_consts -- No improvement
	# of nodes: 			305
	# of irgs: 				4
	# of cf manipulations: 	12
	# of memory operations: 70
	# of types: 			1922



Using pass: pass_replace_cond_selectors -- No improvement
	# of nodes: 			305
	# of irgs: 				4
	# of cf manipulations: 	12
	# of memory operations: 70
	# of types: 			1922



Using pass: pass_libfirm_opt_bool -- No improvement
	# of nodes: 			305
	# of irgs: 				4
	# of cf manipulations: 	12
	# of memory operations: 70
	# of types: 			1922



Using pass: pass_gc_entitites -- No improvement
	# of nodes: 			305
	# of irgs: 				4
	# of cf manipulations: 	12
	# of memory operations: 70
	# of types: 			1922



Using pass: pass_libfirm_optimize_cf -- Successful
	# of nodes: 			304
	# of irgs: 				4
	# of cf manipulations: 	11
	# of memory operations: 70
	# of types: 			1922



Using pass: pass_libfirm_remove_tuples -- No improvement
	# of nodes: 			304
	# of irgs: 				4
	# of cf manipulations: 	11
	# of memory operations: 70
	# of types: 			1922



Using pass: pass_libfirm_do_loop_peeling
	 :: Pass failed on irg 'r_func_1' -- No improvement
	# of nodes: 			304
	# of irgs: 				4
	# of cf manipulations: 	11
	# of memory operations: 70
	# of types: 			1922



Using pass: pass_libfirm_do_loop_unrolling -- No improvement
	# of nodes: 			304
	# of irgs: 				4
	# of cf manipulations: 	11
	# of memory operations: 70
	# of types: 			1922



Using pass: pass_libfirm_opt_blocks -- No improvement
	# of nodes: 			304
	# of irgs: 				4
	# of cf manipulations: 	11
	# of memory operations: 70
	# of types: 			1922



Using pass: pass_libfirm_combo -- No improvement
	# of nodes: 			304
	# of irgs: 				4
	# of cf manipulations: 	11
	# of memory operations: 70
	# of types: 			1922



Using pass: pass_libfirm_occult_consts -- No improvement
	# of nodes: 			304
	# of irgs: 				4
	# of cf manipulations: 	11
	# of memory operations: 70
	# of types: 			1922



Using pass: pass_libfirm_do_loop_unrolling -- No improvement
	# of nodes: 			304
	# of irgs: 				4
	# of cf manipulations: 	11
	# of memory operations: 70
	# of types: 			1922



Using pass: pass_libfirm_occult_consts -- No improvement
	# of nodes: 			304
	# of irgs: 				4
	# of cf manipulations: 	11
	# of memory operations: 70
	# of types: 			1922



Using pass: pass_remove_void_calls -- No improvement
	# of nodes: 			304
	# of irgs: 				4
	# of cf manipulations: 	11
	# of memory operations: 70
	# of types: 			1922



Using pass: pass_replace_switch_selectors -- No improvement
	# of nodes: 			304
	# of irgs: 				4
	# of cf manipulations: 	11
	# of memory operations: 70
	# of types: 			1922



Using pass: pass_libfirm_opt_parallelize_mem -- No improvement
	# of nodes: 			304
	# of irgs: 				4
	# of cf manipulations: 	11
	# of memory operations: 70
	# of types: 			1922



Using pass: pass_libfirm_conv_opt -- No improvement
	# of nodes: 			304
	# of irgs: 				4
	# of cf manipulations: 	11
	# of memory operations: 70
	# of types: 			1922



Using pass: pass_replace_members -- No improvement
	# of nodes: 			304
	# of irgs: 				4
	# of cf manipulations: 	11
	# of memory operations: 70
	# of types: 			1922



Using pass: pass_libfirm_optimize_load_store -- No improvement
	# of nodes: 			304
	# of irgs: 				4
	# of cf manipulations: 	11
	# of memory operations: 70
	# of types: 			1922



Using pass: pass_check_validity -- No improvement
	# of nodes: 			304
	# of irgs: 				4
	# of cf manipulations: 	11
	# of memory operations: 70
	# of types: 			1922



Using pass: pass_libfirm_remove_tuples -- No improvement
	# of nodes: 			304
	# of irgs: 				4
	# of cf manipulations: 	11
	# of memory operations: 70
	# of types: 			1922



Using pass: pass_libfirm_dead_code_elimination -- No improvement
	# of nodes: 			304
	# of irgs: 				4
	# of cf manipulations: 	11
	# of memory operations: 70
	# of types: 			1922



Using pass: pass_gc_irgs_primitive -- Successful
	# of nodes: 			7
	# of irgs: 				1
	# of cf manipulations: 	2
	# of memory operations: 0
	# of types: 			1922



Using pass: pass_libfirm_opt_ldst
	 :: Pass failed on irg 'main' -- No improvement
	# of nodes: 			7
	# of irgs: 				1
	# of cf manipulations: 	2
	# of memory operations: 0
	# of types: 			1922



Using pass: pass_replace_switch_selectors -- No improvement
	# of nodes: 			7
	# of irgs: 				1
	# of cf manipulations: 	2
	# of memory operations: 0
	# of types: 			1922



Using pass: pass_libfirm_gvn_pre -- No improvement
	# of nodes: 			7
	# of irgs: 				1
	# of cf manipulations: 	2
	# of memory operations: 0
	# of types: 			1922



Using pass: pass_replace_return_values -- No improvement
	# of nodes: 			7
	# of irgs: 				1
	# of cf manipulations: 	2
	# of memory operations: 0
	# of types: 			1922



Using pass: pass_remove_stores -- No improvement
	# of nodes: 			7
	# of irgs: 				1
	# of cf manipulations: 	2
	# of memory operations: 0
	# of types: 			1922



Using pass: pass_replace_members -- No improvement
	# of nodes: 			7
	# of irgs: 				1
	# of cf manipulations: 	2
	# of memory operations: 0
	# of types: 			1922



Using pass: pass_remove_void_calls -- No improvement
	# of nodes: 			7
	# of irgs: 				1
	# of cf manipulations: 	2
	# of memory operations: 0
	# of types: 			1922



Using pass: pass_libfirm_optimize_cf -- No improvement
	# of nodes: 			7
	# of irgs: 				1
	# of cf manipulations: 	2
	# of memory operations: 0
	# of types: 			1922



Using pass: pass_replace_cond_selectors -- No improvement
	# of nodes: 			7
	# of irgs: 				1
	# of cf manipulations: 	2
	# of memory operations: 0
	# of types: 			1922



Using pass: pass_replace_switch_selectors -- No improvement
	# of nodes: 			7
	# of irgs: 				1
	# of cf manipulations: 	2
	# of memory operations: 0
	# of types: 			1922



Using pass: pass_replace_mux_selectors -- No improvement
	# of nodes: 			7
	# of irgs: 				1
	# of cf manipulations: 	2
	# of memory operations: 0
	# of types: 			1922



Using pass: pass_replace_members -- No improvement
	# of nodes: 			7
	# of irgs: 				1
	# of cf manipulations: 	2
	# of memory operations: 0
	# of types: 			1922



Using pass: pass_libfirm_scalar_replacement_opt -- No improvement
	# of nodes: 			7
	# of irgs: 				1
	# of cf manipulations: 	2
	# of memory operations: 0
	# of types: 			1922



Using pass: pass_libfirm_remove_unreachable -- No improvement
	# of nodes: 			7
	# of irgs: 				1
	# of cf manipulations: 	2
	# of memory operations: 0
	# of types: 			1922



Using pass: pass_libfirm_scalar_replacement_opt -- No improvement
	# of nodes: 			7
	# of irgs: 				1
	# of cf manipulations: 	2
	# of memory operations: 0
	# of types: 			1922



Using pass: pass_simplify_consts -- No improvement
	# of nodes: 			7
	# of irgs: 				1
	# of cf manipulations: 	2
	# of memory operations: 0
	# of types: 			1922



Using pass: pass_replace_members -- No improvement
	# of nodes: 			7
	# of irgs: 				1
	# of cf manipulations: 	2
	# of memory operations: 0
	# of types: 			1922



Using pass: pass_libfirm_opt_jumpthreading -- No improvement
	# of nodes: 			7
	# of irgs: 				1
	# of cf manipulations: 	2
	# of memory operations: 0
	# of types: 			1922



Using pass: pass_libfirm_occult_consts -- No improvement
	# of nodes: 			7
	# of irgs: 				1
	# of cf manipulations: 	2
	# of memory operations: 0
	# of types: 			1922



Using pass: pass_replace_arithmetic -- No improvement
	# of nodes: 			7
	# of irgs: 				1
	# of cf manipulations: 	2
	# of memory operations: 0
	# of types: 			1922



Using pass: pass_libfirm_opt_funccalls -- No improvement
	# of nodes: 			7
	# of irgs: 				1
	# of cf manipulations: 	2
	# of memory operations: 0
	# of types: 			1922



Using pass: pass_libfirm_combo -- No improvement
	# of nodes: 			7
	# of irgs: 				1
	# of cf manipulations: 	2
	# of memory operations: 0
	# of types: 			1922



Using pass: pass_libfirm_remove_bads -- No improvement
	# of nodes: 			7
	# of irgs: 				1
	# of cf manipulations: 	2
	# of memory operations: 0
	# of types: 			1922



Using pass: pass_libfirm_dead_code_elimination -- No improvement
	# of nodes: 			7
	# of irgs: 				1
	# of cf manipulations: 	2
	# of memory operations: 0
	# of types: 			1922



Using pass: pass_remove_void_calls -- No improvement
	# of nodes: 			7
	# of irgs: 				1
	# of cf manipulations: 	2
	# of memory operations: 0
	# of types: 			1922



Using pass: pass_libfirm_construct_confirms -- No improvement
	# of nodes: 			7
	# of irgs: 				1
	# of cf manipulations: 	2
	# of memory operations: 0
	# of types: 			1922



Using pass: pass_libfirm_dead_code_elimination -- No improvement
	# of nodes: 			7
	# of irgs: 				1
	# of cf manipulations: 	2
	# of memory operations: 0
	# of types: 			1922



Using pass: pass_replace_members -- No improvement
	# of nodes: 			7
	# of irgs: 				1
	# of cf manipulations: 	2
	# of memory operations: 0
	# of types: 			1922



Using pass: pass_libfirm_normalize_n_returns -- No improvement
	# of nodes: 			7
	# of irgs: 				1
	# of cf manipulations: 	2
	# of memory operations: 0
	# of types: 			1922



Using pass: pass_replace_switch_selectors -- No improvement
	# of nodes: 			7
	# of irgs: 				1
	# of cf manipulations: 	2
	# of memory operations: 0
	# of types: 			1922



Using pass: pass_replace_loads -- No improvement
	# of nodes: 			7
	# of irgs: 				1
	# of cf manipulations: 	2
	# of memory operations: 0
	# of types: 			1922



Using pass: pass_libfirm_combo -- No improvement
	# of nodes: 			7
	# of irgs: 				1
	# of cf manipulations: 	2
	# of memory operations: 0
	# of types: 			1922



Using pass: pass_libfirm_conv_opt -- No improvement
	# of nodes: 			7
	# of irgs: 				1
	# of cf manipulations: 	2
	# of memory operations: 0
	# of types: 			1922



Using pass: pass_libfirm_normalize_one_return -- No improvement
	# of nodes: 			7
	# of irgs: 				1
	# of cf manipulations: 	2
	# of memory operations: 0
	# of types: 			1922



Using pass: pass_libfirm_opt_parallelize_mem -- No improvement
	# of nodes: 			7
	# of irgs: 				1
	# of cf manipulations: 	2
	# of memory operations: 0
	# of types: 			1922



Using pass: pass_replace_members -- No improvement
	# of nodes: 			7
	# of irgs: 				1
	# of cf manipulations: 	2
	# of memory operations: 0
	# of types: 			1922



Using pass: pass_libfirm_normalize_one_return -- No improvement
	# of nodes: 			7
	# of irgs: 				1
	# of cf manipulations: 	2
	# of memory operations: 0
	# of types: 			1922



Using pass: pass_gc_irgs_primitive -- No improvement
	# of nodes: 			7
	# of irgs: 				1
	# of cf manipulations: 	2
	# of memory operations: 0
	# of types: 			1922



Using pass: pass_libfirm_scalar_replacement_opt -- No improvement
	# of nodes: 			7
	# of irgs: 				1
	# of cf manipulations: 	2
	# of memory operations: 0
	# of types: 			1922



Using pass: pass_replace_mux_selectors -- No improvement
	# of nodes: 			7
	# of irgs: 				1
	# of cf manipulations: 	2
	# of memory operations: 0
	# of types: 			1922



Using pass: pass_libfirm_remove_unreachable -- No improvement
	# of nodes: 			7
	# of irgs: 				1
	# of cf manipulations: 	2
	# of memory operations: 0
	# of types: 			1922



Using pass: pass_libfirm_normalize_one_return -- No improvement
	# of nodes: 			7
	# of irgs: 				1
	# of cf manipulations: 	2
	# of memory operations: 0
	# of types: 			1922



Using pass: pass_gc_irgs -- No improvement
	# of nodes: 			7
	# of irgs: 				1
	# of cf manipulations: 	2
	# of memory operations: 0
	# of types: 			1922



Using pass: pass_replace_arithmetic -- No improvement
	# of nodes: 			7
	# of irgs: 				1
	# of cf manipulations: 	2
	# of memory operations: 0
	# of types: 			1922



Using pass: pass_replace_switch_selectors -- No improvement
	# of nodes: 			7
	# of irgs: 				1
	# of cf manipulations: 	2
	# of memory operations: 0
	# of types: 			1922



Using pass: pass_libfirm_optimize_cf -- No improvement
	# of nodes: 			7
	# of irgs: 				1
	# of cf manipulations: 	2
	# of memory operations: 0
	# of types: 			1922



Using pass: pass_remove_allocs -- No improvement
	# of nodes: 			7
	# of irgs: 				1
	# of cf manipulations: 	2
	# of memory operations: 0
	# of types: 			1922



Using pass: pass_replace_cond_selectors -- No improvement
	# of nodes: 			7
	# of irgs: 				1
	# of cf manipulations: 	2
	# of memory operations: 0
	# of types: 			1922



Using pass: pass_libfirm_opt_bool -- No improvement
	# of nodes: 			7
	# of irgs: 				1
	# of cf manipulations: 	2
	# of memory operations: 0
	# of types: 			1922



Using pass: pass_libfirm_remove_unreachable -- No improvement
	# of nodes: 			7
	# of irgs: 				1
	# of cf manipulations: 	2
	# of memory operations: 0
	# of types: 			1922



Using pass: pass_libfirm_normalize_one_return -- No improvement
	# of nodes: 			7
	# of irgs: 				1
	# of cf manipulations: 	2
	# of memory operations: 0
	# of types: 			1922



Using pass: pass_simplify_consts -- No improvement
	# of nodes: 			7
	# of irgs: 				1
	# of cf manipulations: 	2
	# of memory operations: 0
	# of types: 			1922



Using pass: pass_gc_irgs_primitive -- No improvement
	# of nodes: 			7
	# of irgs: 				1
	# of cf manipulations: 	2
	# of memory operations: 0
	# of types: 			1922




 :: 2nd reduction cycle


______________________________

No further reduction possible.

Result:
	# of nodes: 			7
	# of irgs: 				1
	# of cf manipulations: 	2
	# of memory operations: 0
	# of types: 			1922

2018-08-26 16:52:58