2018-08-23 19:44:18 -- Firmreduce -- Results

Initial Test-case size:
	# of nodes: 			1299
	# of irgs: 				6
	# of cf manipulations: 	61
	# of memory operations: 215
	# of types: 			296


Using pass: pass_simplify_consts -- Successful
	# of nodes: 			754
	# of irgs: 				6
	# of cf manipulations: 	37
	# of memory operations: 175
	# of types: 			296



Using pass: pass_replace_mux_selectors -- No improvement
	# of nodes: 			754
	# of irgs: 				6
	# of cf manipulations: 	37
	# of memory operations: 175
	# of types: 			296



Using pass: pass_libfirm_normalize_n_returns -- Successful
	# of nodes: 			744
	# of irgs: 				6
	# of cf manipulations: 	34
	# of memory operations: 175
	# of types: 			296



Using pass: pass_libfirm_opt_funccalls -- No improvement
	# of nodes: 			744
	# of irgs: 				6
	# of cf manipulations: 	34
	# of memory operations: 175
	# of types: 			296



Using pass: pass_libfirm_combo -- Successful
	# of nodes: 			742
	# of irgs: 				6
	# of cf manipulations: 	34
	# of memory operations: 175
	# of types: 			296



Using pass: pass_replace_loads
	 :: Pass failed on irg '_main'
	 :: Pass failed on irg 'r_func_1'
	 :: Pass failed on irg 'r_func_2' -- No improvement
	# of nodes: 			742
	# of irgs: 				6
	# of cf manipulations: 	34
	# of memory operations: 175
	# of types: 			296



Using pass: pass_libfirm_conv_opt -- No improvement
	# of nodes: 			742
	# of irgs: 				6
	# of cf manipulations: 	34
	# of memory operations: 175
	# of types: 			296



Using pass: pass_libfirm_remove_bads -- No improvement
	# of nodes: 			742
	# of irgs: 				6
	# of cf manipulations: 	34
	# of memory operations: 175
	# of types: 			296



Using pass: pass_replace_loads
	 :: Pass failed on irg 'r_func_1'
	 :: Pass failed on irg 'r_func_2' -- No improvement
	# of nodes: 			742
	# of irgs: 				6
	# of cf manipulations: 	34
	# of memory operations: 175
	# of types: 			296



Using pass: pass_libfirm_occult_consts -- No improvement
	# of nodes: 			742
	# of irgs: 				6
	# of cf manipulations: 	34
	# of memory operations: 175
	# of types: 			296



Using pass: pass_libfirm_opt_funccalls -- No improvement
	# of nodes: 			742
	# of irgs: 				6
	# of cf manipulations: 	34
	# of memory operations: 175
	# of types: 			296



Using pass: pass_libfirm_opt_ldst
	 :: Pass failed on irg 'r_func_4'
	 :: Pass failed on irg '_main'
	 :: Pass failed on irg 'r_func_4'
	 :: Pass failed on irg 'r_func_3'
	 :: Pass failed on irg '_main'
	 :: Pass failed on irg 'r_func_3' -- No improvement
	# of nodes: 			742
	# of irgs: 				6
	# of cf manipulations: 	34
	# of memory operations: 175
	# of types: 			296



Using pass: pass_libfirm_opt_bool -- No improvement
	# of nodes: 			742
	# of irgs: 				6
	# of cf manipulations: 	34
	# of memory operations: 175
	# of types: 			296



Using pass: pass_libfirm_optimize_cf -- Successful
	# of nodes: 			736
	# of irgs: 				6
	# of cf manipulations: 	30
	# of memory operations: 175
	# of types: 			296



Using pass: pass_libfirm_remove_critical_cf_edges -- Successful
	# of nodes: 			746
	# of irgs: 				6
	# of cf manipulations: 	35
	# of memory operations: 175
	# of types: 			296



Using pass: pass_libfirm_opt_blocks -- Successful
	# of nodes: 			745
	# of irgs: 				6
	# of cf manipulations: 	35
	# of memory operations: 175
	# of types: 			296



Using pass: pass_libfirm_opt_parallelize_mem -- Successful
	# of nodes: 			749
	# of irgs: 				6
	# of cf manipulations: 	35
	# of memory operations: 175
	# of types: 			296



Using pass: pass_libfirm_opt_frame -- No improvement
	# of nodes: 			749
	# of irgs: 				6
	# of cf manipulations: 	35
	# of memory operations: 175
	# of types: 			296



Using pass: pass_replace_mux_selectors -- No improvement
	# of nodes: 			749
	# of irgs: 				6
	# of cf manipulations: 	35
	# of memory operations: 175
	# of types: 			296



Using pass: pass_libfirm_opt_tail_rec -- Successful
	# of nodes: 			744
	# of irgs: 				6
	# of cf manipulations: 	35
	# of memory operations: 174
	# of types: 			296



Using pass: pass_libfirm_optimize_graph_df -- No improvement
	# of nodes: 			744
	# of irgs: 				6
	# of cf manipulations: 	35
	# of memory operations: 174
	# of types: 			296



Using pass: pass_replace_cond_selectors -- Successful
	# of nodes: 			443
	# of irgs: 				6
	# of cf manipulations: 	13
	# of memory operations: 121
	# of types: 			296



Using pass: pass_replace_loads
	 :: Pass failed on irg 'r_func_2'
	 :: Pass failed on irg '_main'
	 :: Pass failed on irg 'r_func_1'
	 :: Pass failed on irg 'r_func_2'
	 :: Pass failed on irg '_main' -- No improvement
	# of nodes: 			443
	# of irgs: 				6
	# of cf manipulations: 	13
	# of memory operations: 121
	# of types: 			296



Using pass: pass_libfirm_opt_jumpthreading -- No improvement
	# of nodes: 			443
	# of irgs: 				6
	# of cf manipulations: 	13
	# of memory operations: 121
	# of types: 			296



Using pass: pass_libfirm_scalar_replacement_opt -- No improvement
	# of nodes: 			443
	# of irgs: 				6
	# of cf manipulations: 	13
	# of memory operations: 121
	# of types: 			296



Using pass: pass_libfirm_optimize_graph_df -- No improvement
	# of nodes: 			443
	# of irgs: 				6
	# of cf manipulations: 	13
	# of memory operations: 121
	# of types: 			296



Using pass: pass_replace_proj_primitive -- Successful
	# of nodes: 			311
	# of irgs: 				6
	# of cf manipulations: 	13
	# of memory operations: 104
	# of types: 			296



Using pass: pass_remove_allocs -- Successful
	# of nodes: 			200
	# of irgs: 				6
	# of cf manipulations: 	13
	# of memory operations: 51
	# of types: 			296



Using pass: pass_libfirm_opt_if_conv -- No improvement
	# of nodes: 			200
	# of irgs: 				6
	# of cf manipulations: 	13
	# of memory operations: 51
	# of types: 			296



Using pass: pass_libfirm_occult_consts -- No improvement
	# of nodes: 			200
	# of irgs: 				6
	# of cf manipulations: 	13
	# of memory operations: 51
	# of types: 			296



Using pass: pass_replace_mux_selectors -- No improvement
	# of nodes: 			200
	# of irgs: 				6
	# of cf manipulations: 	13
	# of memory operations: 51
	# of types: 			296



Using pass: pass_libfirm_occult_consts -- No improvement
	# of nodes: 			200
	# of irgs: 				6
	# of cf manipulations: 	13
	# of memory operations: 51
	# of types: 			296



Using pass: pass_libfirm_opt_funccalls -- No improvement
	# of nodes: 			200
	# of irgs: 				6
	# of cf manipulations: 	13
	# of memory operations: 51
	# of types: 			296



Using pass: pass_replace_proj_primitive -- No improvement
	# of nodes: 			200
	# of irgs: 				6
	# of cf manipulations: 	13
	# of memory operations: 51
	# of types: 			296



Using pass: pass_gc_irgs_primitive
	 :: interestingness test failed on irg 'r_func_1'
	 :: interestingness test failed on irg 'r_func_2'
	 :: interestingness test failed on irg 'r_func_4' -- No improvement
	# of nodes: 			200
	# of irgs: 				6
	# of cf manipulations: 	13
	# of memory operations: 51
	# of types: 			296



Using pass: pass_replace_proj_primitive -- No improvement
	# of nodes: 			200
	# of irgs: 				6
	# of cf manipulations: 	13
	# of memory operations: 51
	# of types: 			296



Using pass: pass_check_validity -- No improvement
	# of nodes: 			200
	# of irgs: 				6
	# of cf manipulations: 	13
	# of memory operations: 51
	# of types: 			296



Using pass: pass_libfirm_dead_code_elimination -- No improvement
	# of nodes: 			200
	# of irgs: 				6
	# of cf manipulations: 	13
	# of memory operations: 51
	# of types: 			296



Using pass: pass_libfirm_remove_critical_cf_edges -- No improvement
	# of nodes: 			200
	# of irgs: 				6
	# of cf manipulations: 	13
	# of memory operations: 51
	# of types: 			296



Using pass: pass_libfirm_opt_jumpthreading -- No improvement
	# of nodes: 			200
	# of irgs: 				6
	# of cf manipulations: 	13
	# of memory operations: 51
	# of types: 			296



Using pass: pass_libfirm_dead_code_elimination -- No improvement
	# of nodes: 			200
	# of irgs: 				6
	# of cf manipulations: 	13
	# of memory operations: 51
	# of types: 			296



Using pass: pass_replace_switch_selectors -- No improvement
	# of nodes: 			200
	# of irgs: 				6
	# of cf manipulations: 	13
	# of memory operations: 51
	# of types: 			296



Using pass: pass_libfirm_occult_consts -- No improvement
	# of nodes: 			200
	# of irgs: 				6
	# of cf manipulations: 	13
	# of memory operations: 51
	# of types: 			296



Using pass: pass_libfirm_normalize_n_returns -- No improvement
	# of nodes: 			200
	# of irgs: 				6
	# of cf manipulations: 	13
	# of memory operations: 51
	# of types: 			296



Using pass: pass_libfirm_opt_ldst
	 :: Pass failed on irg 'r_func_4'
	 :: Pass failed on irg 'r_func_2'
	 :: Pass failed on irg 'r_func_3'
	 :: Pass failed on irg 'r_func_2'
	 :: Pass failed on irg 'r_func_1'
	 :: Pass failed on irg 'r_func_4' -- No improvement
	# of nodes: 			200
	# of irgs: 				6
	# of cf manipulations: 	13
	# of memory operations: 51
	# of types: 			296



Using pass: pass_libfirm_opt_funccalls -- No improvement
	# of nodes: 			200
	# of irgs: 				6
	# of cf manipulations: 	13
	# of memory operations: 51
	# of types: 			296



Using pass: pass_libfirm_remove_critical_cf_edges -- No improvement
	# of nodes: 			200
	# of irgs: 				6
	# of cf manipulations: 	13
	# of memory operations: 51
	# of types: 			296



Using pass: pass_libfirm_remove_bads -- No improvement
	# of nodes: 			200
	# of irgs: 				6
	# of cf manipulations: 	13
	# of memory operations: 51
	# of types: 			296



Using pass: pass_libfirm_scalar_replacement_opt -- No improvement
	# of nodes: 			200
	# of irgs: 				6
	# of cf manipulations: 	13
	# of memory operations: 51
	# of types: 			296



Using pass: pass_libfirm_opt_jumpthreading -- No improvement
	# of nodes: 			200
	# of irgs: 				6
	# of cf manipulations: 	13
	# of memory operations: 51
	# of types: 			296



Using pass: pass_libfirm_opt_jumpthreading -- No improvement
	# of nodes: 			200
	# of irgs: 				6
	# of cf manipulations: 	13
	# of memory operations: 51
	# of types: 			296



Using pass: pass_replace_return_values -- No improvement
	# of nodes: 			200
	# of irgs: 				6
	# of cf manipulations: 	13
	# of memory operations: 51
	# of types: 			296



Using pass: pass_libfirm_opt_if_conv -- No improvement
	# of nodes: 			200
	# of irgs: 				6
	# of cf manipulations: 	13
	# of memory operations: 51
	# of types: 			296



Using pass: pass_replace_loads
	 :: Pass failed on irg '_main'
	 :: Pass failed on irg 'r_func_1' -- No improvement
	# of nodes: 			200
	# of irgs: 				6
	# of cf manipulations: 	13
	# of memory operations: 51
	# of types: 			296



Using pass: pass_libfirm_optimize_graph_df -- No improvement
	# of nodes: 			200
	# of irgs: 				6
	# of cf manipulations: 	13
	# of memory operations: 51
	# of types: 			296



Using pass: pass_replace_switch_selectors -- No improvement
	# of nodes: 			200
	# of irgs: 				6
	# of cf manipulations: 	13
	# of memory operations: 51
	# of types: 			296



Using pass: pass_libfirm_combo -- No improvement
	# of nodes: 			200
	# of irgs: 				6
	# of cf manipulations: 	13
	# of memory operations: 51
	# of types: 			296



Using pass: pass_libfirm_optimize_reassociation -- No improvement
	# of nodes: 			200
	# of irgs: 				6
	# of cf manipulations: 	13
	# of memory operations: 51
	# of types: 			296



Using pass: pass_libfirm_opt_ldst
	 :: Pass failed on irg 'r_func_3'
	 :: Pass failed on irg 'r_func_4'
	 :: Pass failed on irg 'r_func_4'
	 :: Pass failed on irg 'main'
	 :: Pass failed on irg 'r_func_4'
	 :: Pass failed on irg 'main' -- No improvement
	# of nodes: 			200
	# of irgs: 				6
	# of cf manipulations: 	13
	# of memory operations: 51
	# of types: 			296



Using pass: pass_libfirm_combo -- No improvement
	# of nodes: 			200
	# of irgs: 				6
	# of cf manipulations: 	13
	# of memory operations: 51
	# of types: 			296



Using pass: pass_replace_members -- No improvement
	# of nodes: 			200
	# of irgs: 				6
	# of cf manipulations: 	13
	# of memory operations: 51
	# of types: 			296



Using pass: pass_libfirm_opt_blocks -- No improvement
	# of nodes: 			200
	# of irgs: 				6
	# of cf manipulations: 	13
	# of memory operations: 51
	# of types: 			296



Using pass: pass_libfirm_remove_critical_cf_edges -- No improvement
	# of nodes: 			200
	# of irgs: 				6
	# of cf manipulations: 	13
	# of memory operations: 51
	# of types: 			296



Using pass: pass_libfirm_opt_tail_rec -- No improvement
	# of nodes: 			200
	# of irgs: 				6
	# of cf manipulations: 	13
	# of memory operations: 51
	# of types: 			296



Using pass: pass_libfirm_combo -- No improvement
	# of nodes: 			200
	# of irgs: 				6
	# of cf manipulations: 	13
	# of memory operations: 51
	# of types: 			296



Using pass: pass_libfirm_conv_opt -- No improvement
	# of nodes: 			200
	# of irgs: 				6
	# of cf manipulations: 	13
	# of memory operations: 51
	# of types: 			296



Using pass: pass_libfirm_normalize_n_returns -- No improvement
	# of nodes: 			200
	# of irgs: 				6
	# of cf manipulations: 	13
	# of memory operations: 51
	# of types: 			296



Using pass: pass_gc_entitites -- No improvement
	# of nodes: 			200
	# of irgs: 				6
	# of cf manipulations: 	13
	# of memory operations: 51
	# of types: 			296



Using pass: pass_libfirm_dead_code_elimination -- No improvement
	# of nodes: 			200
	# of irgs: 				6
	# of cf manipulations: 	13
	# of memory operations: 51
	# of types: 			296



Using pass: pass_libfirm_combo -- No improvement
	# of nodes: 			200
	# of irgs: 				6
	# of cf manipulations: 	13
	# of memory operations: 51
	# of types: 			296



Using pass: pass_libfirm_opt_ldst
	 :: Pass failed on irg 'r_func_4'
	 :: Pass failed on irg 'r_func_3'
	 :: Pass failed on irg 'r_func_2'
	 :: Pass failed on irg 'r_func_3'
	 :: Pass failed on irg '_main'
	 :: Pass failed on irg 'r_func_4' -- No improvement
	# of nodes: 			200
	# of irgs: 				6
	# of cf manipulations: 	13
	# of memory operations: 51
	# of types: 			296



Using pass: pass_libfirm_opt_tail_rec -- No improvement
	# of nodes: 			200
	# of irgs: 				6
	# of cf manipulations: 	13
	# of memory operations: 51
	# of types: 			296



Using pass: pass_libfirm_opt_funccalls -- No improvement
	# of nodes: 			200
	# of irgs: 				6
	# of cf manipulations: 	13
	# of memory operations: 51
	# of types: 			296



Using pass: pass_libfirm_opt_jumpthreading -- No improvement
	# of nodes: 			200
	# of irgs: 				6
	# of cf manipulations: 	13
	# of memory operations: 51
	# of types: 			296



Using pass: pass_gc_entitites -- No improvement
	# of nodes: 			200
	# of irgs: 				6
	# of cf manipulations: 	13
	# of memory operations: 51
	# of types: 			296



Using pass: pass_libfirm_opt_parallelize_mem -- Successful
	# of nodes: 			204
	# of irgs: 				6
	# of cf manipulations: 	13
	# of memory operations: 51
	# of types: 			296



Using pass: pass_libfirm_do_loop_inversion -- No improvement
	# of nodes: 			204
	# of irgs: 				6
	# of cf manipulations: 	13
	# of memory operations: 51
	# of types: 			296



Using pass: pass_libfirm_do_loop_inversion -- No improvement
	# of nodes: 			204
	# of irgs: 				6
	# of cf manipulations: 	13
	# of memory operations: 51
	# of types: 			296



Using pass: pass_libfirm_gvn_pre -- No improvement
	# of nodes: 			204
	# of irgs: 				6
	# of cf manipulations: 	13
	# of memory operations: 51
	# of types: 			296



Using pass: pass_libfirm_optimize_graph_df -- No improvement
	# of nodes: 			204
	# of irgs: 				6
	# of cf manipulations: 	13
	# of memory operations: 51
	# of types: 			296



Using pass: pass_libfirm_remove_bads -- No improvement
	# of nodes: 			204
	# of irgs: 				6
	# of cf manipulations: 	13
	# of memory operations: 51
	# of types: 			296



Using pass: pass_replace_cond_selectors -- No improvement
	# of nodes: 			204
	# of irgs: 				6
	# of cf manipulations: 	13
	# of memory operations: 51
	# of types: 			296



Using pass: pass_libfirm_normalize_n_returns -- No improvement
	# of nodes: 			204
	# of irgs: 				6
	# of cf manipulations: 	13
	# of memory operations: 51
	# of types: 			296



Using pass: pass_libfirm_do_loop_unrolling -- No improvement
	# of nodes: 			204
	# of irgs: 				6
	# of cf manipulations: 	13
	# of memory operations: 51
	# of types: 			296



Using pass: pass_libfirm_do_loop_unrolling -- No improvement
	# of nodes: 			204
	# of irgs: 				6
	# of cf manipulations: 	13
	# of memory operations: 51
	# of types: 			296



Using pass: pass_gc_irgs
	 :: Pass failed on irg '_main' -- Successful
	# of nodes: 			21
	# of irgs: 				2
	# of cf manipulations: 	4
	# of memory operations: 2
	# of types: 			296



Using pass: pass_libfirm_optimize_cf -- No improvement
	# of nodes: 			21
	# of irgs: 				2
	# of cf manipulations: 	4
	# of memory operations: 2
	# of types: 			296



Using pass: pass_gc_irgs -- No improvement
	# of nodes: 			21
	# of irgs: 				2
	# of cf manipulations: 	4
	# of memory operations: 2
	# of types: 			296



Using pass: pass_libfirm_optimize_load_store -- No improvement
	# of nodes: 			21
	# of irgs: 				2
	# of cf manipulations: 	4
	# of memory operations: 2
	# of types: 			296



Using pass: pass_gc_irgs_primitive -- Successful
	# of nodes: 			7
	# of irgs: 				1
	# of cf manipulations: 	2
	# of memory operations: 0
	# of types: 			296



Using pass: pass_replace_switch_selectors -- No improvement
	# of nodes: 			7
	# of irgs: 				1
	# of cf manipulations: 	2
	# of memory operations: 0
	# of types: 			296



Using pass: pass_remove_void_calls -- No improvement
	# of nodes: 			7
	# of irgs: 				1
	# of cf manipulations: 	2
	# of memory operations: 0
	# of types: 			296



Using pass: pass_libfirm_scalar_replacement_opt -- No improvement
	# of nodes: 			7
	# of irgs: 				1
	# of cf manipulations: 	2
	# of memory operations: 0
	# of types: 			296



Using pass: pass_libfirm_optimize_load_store -- No improvement
	# of nodes: 			7
	# of irgs: 				1
	# of cf manipulations: 	2
	# of memory operations: 0
	# of types: 			296



Using pass: pass_libfirm_opt_blocks -- No improvement
	# of nodes: 			7
	# of irgs: 				1
	# of cf manipulations: 	2
	# of memory operations: 0
	# of types: 			296



Using pass: pass_replace_cond_selectors -- No improvement
	# of nodes: 			7
	# of irgs: 				1
	# of cf manipulations: 	2
	# of memory operations: 0
	# of types: 			296



Using pass: pass_libfirm_opt_frame -- No improvement
	# of nodes: 			7
	# of irgs: 				1
	# of cf manipulations: 	2
	# of memory operations: 0
	# of types: 			296



Using pass: pass_libfirm_remove_bads -- No improvement
	# of nodes: 			7
	# of irgs: 				1
	# of cf manipulations: 	2
	# of memory operations: 0
	# of types: 			296



Using pass: pass_libfirm_opt_if_conv -- No improvement
	# of nodes: 			7
	# of irgs: 				1
	# of cf manipulations: 	2
	# of memory operations: 0
	# of types: 			296



Using pass: pass_replace_return_values -- No improvement
	# of nodes: 			7
	# of irgs: 				1
	# of cf manipulations: 	2
	# of memory operations: 0
	# of types: 			296



Using pass: pass_libfirm_conv_opt -- No improvement
	# of nodes: 			7
	# of irgs: 				1
	# of cf manipulations: 	2
	# of memory operations: 0
	# of types: 			296



Using pass: pass_libfirm_scalar_replacement_opt -- No improvement
	# of nodes: 			7
	# of irgs: 				1
	# of cf manipulations: 	2
	# of memory operations: 0
	# of types: 			296



Using pass: pass_libfirm_opt_parallelize_mem -- No improvement
	# of nodes: 			7
	# of irgs: 				1
	# of cf manipulations: 	2
	# of memory operations: 0
	# of types: 			296



Using pass: pass_libfirm_normalize_n_returns -- No improvement
	# of nodes: 			7
	# of irgs: 				1
	# of cf manipulations: 	2
	# of memory operations: 0
	# of types: 			296



Using pass: pass_gc_entitites -- No improvement
	# of nodes: 			7
	# of irgs: 				1
	# of cf manipulations: 	2
	# of memory operations: 0
	# of types: 			296



Using pass: pass_libfirm_normalize_one_return -- No improvement
	# of nodes: 			7
	# of irgs: 				1
	# of cf manipulations: 	2
	# of memory operations: 0
	# of types: 			296



Using pass: pass_libfirm_do_loop_unrolling -- No improvement
	# of nodes: 			7
	# of irgs: 				1
	# of cf manipulations: 	2
	# of memory operations: 0
	# of types: 			296



Using pass: pass_libfirm_remove_critical_cf_edges -- No improvement
	# of nodes: 			7
	# of irgs: 				1
	# of cf manipulations: 	2
	# of memory operations: 0
	# of types: 			296



Using pass: pass_remove_void_calls -- No improvement
	# of nodes: 			7
	# of irgs: 				1
	# of cf manipulations: 	2
	# of memory operations: 0
	# of types: 			296



Using pass: pass_libfirm_normalize_n_returns -- No improvement
	# of nodes: 			7
	# of irgs: 				1
	# of cf manipulations: 	2
	# of memory operations: 0
	# of types: 			296



Using pass: pass_replace_loads -- No improvement
	# of nodes: 			7
	# of irgs: 				1
	# of cf manipulations: 	2
	# of memory operations: 0
	# of types: 			296



Using pass: pass_libfirm_do_loop_peeling -- No improvement
	# of nodes: 			7
	# of irgs: 				1
	# of cf manipulations: 	2
	# of memory operations: 0
	# of types: 			296



Using pass: pass_libfirm_gvn_pre -- No improvement
	# of nodes: 			7
	# of irgs: 				1
	# of cf manipulations: 	2
	# of memory operations: 0
	# of types: 			296



Using pass: pass_replace_return_values -- No improvement
	# of nodes: 			7
	# of irgs: 				1
	# of cf manipulations: 	2
	# of memory operations: 0
	# of types: 			296



Using pass: pass_libfirm_optimize_reassociation -- No improvement
	# of nodes: 			7
	# of irgs: 				1
	# of cf manipulations: 	2
	# of memory operations: 0
	# of types: 			296



Using pass: pass_libfirm_conv_opt -- No improvement
	# of nodes: 			7
	# of irgs: 				1
	# of cf manipulations: 	2
	# of memory operations: 0
	# of types: 			296



Using pass: pass_libfirm_opt_if_conv -- No improvement
	# of nodes: 			7
	# of irgs: 				1
	# of cf manipulations: 	2
	# of memory operations: 0
	# of types: 			296



Using pass: pass_remove_void_calls -- No improvement
	# of nodes: 			7
	# of irgs: 				1
	# of cf manipulations: 	2
	# of memory operations: 0
	# of types: 			296



Using pass: pass_libfirm_optimize_cf -- No improvement
	# of nodes: 			7
	# of irgs: 				1
	# of cf manipulations: 	2
	# of memory operations: 0
	# of types: 			296



Using pass: pass_libfirm_occult_consts -- No improvement
	# of nodes: 			7
	# of irgs: 				1
	# of cf manipulations: 	2
	# of memory operations: 0
	# of types: 			296



Using pass: pass_libfirm_do_loop_inversion -- No improvement
	# of nodes: 			7
	# of irgs: 				1
	# of cf manipulations: 	2
	# of memory operations: 0
	# of types: 			296



Using pass: pass_replace_members -- No improvement
	# of nodes: 			7
	# of irgs: 				1
	# of cf manipulations: 	2
	# of memory operations: 0
	# of types: 			296



Using pass: pass_libfirm_do_loop_unrolling -- No improvement
	# of nodes: 			7
	# of irgs: 				1
	# of cf manipulations: 	2
	# of memory operations: 0
	# of types: 			296



Using pass: pass_replace_cond_selectors -- No improvement
	# of nodes: 			7
	# of irgs: 				1
	# of cf manipulations: 	2
	# of memory operations: 0
	# of types: 			296



Using pass: pass_libfirm_opt_funccalls -- No improvement
	# of nodes: 			7
	# of irgs: 				1
	# of cf manipulations: 	2
	# of memory operations: 0
	# of types: 			296



Using pass: pass_replace_loads -- No improvement
	# of nodes: 			7
	# of irgs: 				1
	# of cf manipulations: 	2
	# of memory operations: 0
	# of types: 			296



Using pass: pass_libfirm_opt_ldst
	 :: Pass failed on irg 'main' -- No improvement
	# of nodes: 			7
	# of irgs: 				1
	# of cf manipulations: 	2
	# of memory operations: 0
	# of types: 			296



Using pass: pass_libfirm_occult_consts -- No improvement
	# of nodes: 			7
	# of irgs: 				1
	# of cf manipulations: 	2
	# of memory operations: 0
	# of types: 			296



Using pass: pass_libfirm_scalar_replacement_opt -- No improvement
	# of nodes: 			7
	# of irgs: 				1
	# of cf manipulations: 	2
	# of memory operations: 0
	# of types: 			296



Using pass: pass_simplify_consts -- No improvement
	# of nodes: 			7
	# of irgs: 				1
	# of cf manipulations: 	2
	# of memory operations: 0
	# of types: 			296



Using pass: pass_libfirm_optimize_reassociation -- No improvement
	# of nodes: 			7
	# of irgs: 				1
	# of cf manipulations: 	2
	# of memory operations: 0
	# of types: 			296



Using pass: pass_libfirm_opt_frame -- No improvement
	# of nodes: 			7
	# of irgs: 				1
	# of cf manipulations: 	2
	# of memory operations: 0
	# of types: 			296



Using pass: pass_libfirm_optimize_reassociation -- No improvement
	# of nodes: 			7
	# of irgs: 				1
	# of cf manipulations: 	2
	# of memory operations: 0
	# of types: 			296



Using pass: pass_libfirm_scalar_replacement_opt -- No improvement
	# of nodes: 			7
	# of irgs: 				1
	# of cf manipulations: 	2
	# of memory operations: 0
	# of types: 			296



Using pass: pass_libfirm_do_loop_unrolling -- No improvement
	# of nodes: 			7
	# of irgs: 				1
	# of cf manipulations: 	2
	# of memory operations: 0
	# of types: 			296



Using pass: pass_replace_return_values -- No improvement
	# of nodes: 			7
	# of irgs: 				1
	# of cf manipulations: 	2
	# of memory operations: 0
	# of types: 			296



Using pass: pass_libfirm_construct_confirms -- No improvement
	# of nodes: 			7
	# of irgs: 				1
	# of cf manipulations: 	2
	# of memory operations: 0
	# of types: 			296



Using pass: pass_libfirm_normalize_n_returns -- No improvement
	# of nodes: 			7
	# of irgs: 				1
	# of cf manipulations: 	2
	# of memory operations: 0
	# of types: 			296




 :: 2nd reduction cycle

Using pass: pass_gc_irgs_primitive -- Trying irg 'r_func_1' -- No improvement
Using pass: pass_gc_irgs_primitive -- Trying irg 'r_func_2' -- No improvement
Using pass: pass_gc_irgs_primitive -- Trying irg 'r_func_4' -- No improvement

______________________________

No further reduction possible.

Result:
	# of nodes: 			7
	# of irgs: 				1
	# of cf manipulations: 	2
	# of memory operations: 0
	# of types: 			296

2018-08-23 19:44:33