2018-08-24 12:54:00 -- Firmreduce -- Results

Initial Test-case size:
	# of nodes: 			937
	# of irgs: 				6
	# of cf manipulations: 	58
	# of memory operations: 148
	# of types: 			226


Using pass: pass_libfirm_normalize_n_returns -- Successful
	# of nodes: 			938
	# of irgs: 				6
	# of cf manipulations: 	58
	# of memory operations: 148
	# of types: 			226



Using pass: pass_libfirm_place_code -- Successful
	# of nodes: 			982
	# of irgs: 				6
	# of cf manipulations: 	81
	# of memory operations: 148
	# of types: 			226



Using pass: pass_libfirm_opt_if_conv -- Successful
	# of nodes: 			913
	# of irgs: 				6
	# of cf manipulations: 	76
	# of memory operations: 140
	# of types: 			226



Using pass: pass_libfirm_remove_bads -- No improvement
	# of nodes: 			913
	# of irgs: 				6
	# of cf manipulations: 	76
	# of memory operations: 140
	# of types: 			226



Using pass: pass_replace_arithmetic -- Successful
	# of nodes: 			528
	# of irgs: 				6
	# of cf manipulations: 	51
	# of memory operations: 92
	# of types: 			226



Using pass: pass_replace_members -- No improvement
	# of nodes: 			528
	# of irgs: 				6
	# of cf manipulations: 	51
	# of memory operations: 92
	# of types: 			226



Using pass: pass_libfirm_remove_tuples -- No improvement
	# of nodes: 			528
	# of irgs: 				6
	# of cf manipulations: 	51
	# of memory operations: 92
	# of types: 			226



Using pass: pass_libfirm_scalar_replacement_opt -- No improvement
	# of nodes: 			528
	# of irgs: 				6
	# of cf manipulations: 	51
	# of memory operations: 92
	# of types: 			226



Using pass: pass_replace_return_values -- Successful
	# of nodes: 			520
	# of irgs: 				6
	# of cf manipulations: 	47
	# of memory operations: 92
	# of types: 			226



Using pass: pass_libfirm_conv_opt -- Successful
	# of nodes: 			504
	# of irgs: 				6
	# of cf manipulations: 	47
	# of memory operations: 92
	# of types: 			226



Using pass: pass_libfirm_optimize_cf -- Successful
	# of nodes: 			475
	# of irgs: 				6
	# of cf manipulations: 	33
	# of memory operations: 92
	# of types: 			226



Using pass: pass_libfirm_opt_frame -- No improvement
	# of nodes: 			475
	# of irgs: 				6
	# of cf manipulations: 	33
	# of memory operations: 92
	# of types: 			226



Using pass: pass_libfirm_optimize_graph_df -- No improvement
	# of nodes: 			475
	# of irgs: 				6
	# of cf manipulations: 	33
	# of memory operations: 92
	# of types: 			226



Using pass: pass_libfirm_optimize_reassociation -- No improvement
	# of nodes: 			475
	# of irgs: 				6
	# of cf manipulations: 	33
	# of memory operations: 92
	# of types: 			226



Using pass: pass_libfirm_occult_consts -- No improvement
	# of nodes: 			475
	# of irgs: 				6
	# of cf manipulations: 	33
	# of memory operations: 92
	# of types: 			226



Using pass: pass_libfirm_opt_bool -- No improvement
	# of nodes: 			475
	# of irgs: 				6
	# of cf manipulations: 	33
	# of memory operations: 92
	# of types: 			226



Using pass: pass_libfirm_construct_confirms -- Successful
	# of nodes: 			487
	# of irgs: 				6
	# of cf manipulations: 	39
	# of memory operations: 92
	# of types: 			226



Using pass: pass_libfirm_do_loop_peeling
	 :: Pass failed on irg '_main'
	 :: Pass failed on irg 'r_func_2'
	 :: Pass failed on irg 'r_func_4' -- No improvement
	# of nodes: 			487
	# of irgs: 				6
	# of cf manipulations: 	39
	# of memory operations: 92
	# of types: 			226



Using pass: pass_libfirm_combo -- No improvement
	# of nodes: 			487
	# of irgs: 				6
	# of cf manipulations: 	39
	# of memory operations: 92
	# of types: 			226



Using pass: pass_libfirm_optimize_cf -- Successful
	# of nodes: 			471
	# of irgs: 				6
	# of cf manipulations: 	31
	# of memory operations: 92
	# of types: 			226



Using pass: pass_replace_arithmetic -- Successful
	# of nodes: 			448
	# of irgs: 				6
	# of cf manipulations: 	29
	# of memory operations: 92
	# of types: 			226



Using pass: pass_libfirm_opt_funccalls -- No improvement
	# of nodes: 			448
	# of irgs: 				6
	# of cf manipulations: 	29
	# of memory operations: 92
	# of types: 			226



Using pass: pass_libfirm_optimize_load_store -- Successful
	# of nodes: 			415
	# of irgs: 				6
	# of cf manipulations: 	32
	# of memory operations: 84
	# of types: 			226



Using pass: pass_replace_arithmetic -- No improvement
	# of nodes: 			415
	# of irgs: 				6
	# of cf manipulations: 	32
	# of memory operations: 84
	# of types: 			226



Using pass: pass_libfirm_combo -- No improvement
	# of nodes: 			415
	# of irgs: 				6
	# of cf manipulations: 	32
	# of memory operations: 84
	# of types: 			226



Using pass: pass_replace_arithmetic -- No improvement
	# of nodes: 			415
	# of irgs: 				6
	# of cf manipulations: 	32
	# of memory operations: 84
	# of types: 			226



Using pass: pass_remove_allocs -- Successful
	# of nodes: 			381
	# of irgs: 				6
	# of cf manipulations: 	32
	# of memory operations: 68
	# of types: 			226



Using pass: pass_libfirm_remove_unreachable -- No improvement
	# of nodes: 			381
	# of irgs: 				6
	# of cf manipulations: 	32
	# of memory operations: 68
	# of types: 			226



Using pass: pass_libfirm_opt_ldst
	 :: Pass failed on irg 'r_func_4'
	 :: Pass failed on irg 'r_func_1'
	 :: Pass failed on irg '_main'
	 :: Pass failed on irg 'r_func_1'
	 :: Pass failed on irg 'main'
	 :: Pass failed on irg 'r_func_4' -- No improvement
	# of nodes: 			381
	# of irgs: 				6
	# of cf manipulations: 	32
	# of memory operations: 68
	# of types: 			226



Using pass: pass_libfirm_opt_frame -- No improvement
	# of nodes: 			381
	# of irgs: 				6
	# of cf manipulations: 	32
	# of memory operations: 68
	# of types: 			226



Using pass: pass_libfirm_opt_ldst
	 :: Pass failed on irg 'main'
	 :: Pass failed on irg 'main'
	 :: Pass failed on irg 'r_func_2'
	 :: Pass failed on irg 'r_func_1'
	 :: Pass failed on irg 'r_func_2'
	 :: Pass failed on irg 'r_func_4' -- No improvement
	# of nodes: 			381
	# of irgs: 				6
	# of cf manipulations: 	32
	# of memory operations: 68
	# of types: 			226



Using pass: pass_replace_mux_selectors -- No improvement
	# of nodes: 			381
	# of irgs: 				6
	# of cf manipulations: 	32
	# of memory operations: 68
	# of types: 			226



Using pass: pass_replace_mux_selectors -- No improvement
	# of nodes: 			381
	# of irgs: 				6
	# of cf manipulations: 	32
	# of memory operations: 68
	# of types: 			226



Using pass: pass_remove_allocs -- No improvement
	# of nodes: 			381
	# of irgs: 				6
	# of cf manipulations: 	32
	# of memory operations: 68
	# of types: 			226



Using pass: pass_libfirm_normalize_one_return -- No improvement
	# of nodes: 			381
	# of irgs: 				6
	# of cf manipulations: 	32
	# of memory operations: 68
	# of types: 			226



Using pass: pass_libfirm_opt_frame -- No improvement
	# of nodes: 			381
	# of irgs: 				6
	# of cf manipulations: 	32
	# of memory operations: 68
	# of types: 			226



Using pass: pass_libfirm_remove_unreachable -- No improvement
	# of nodes: 			381
	# of irgs: 				6
	# of cf manipulations: 	32
	# of memory operations: 68
	# of types: 			226



Using pass: pass_remove_stores -- Successful
	# of nodes: 			312
	# of irgs: 				6
	# of cf manipulations: 	32
	# of memory operations: 53
	# of types: 			226



Using pass: pass_libfirm_opt_jumpthreading -- No improvement
	# of nodes: 			312
	# of irgs: 				6
	# of cf manipulations: 	32
	# of memory operations: 53
	# of types: 			226



Using pass: pass_libfirm_remove_tuples -- No improvement
	# of nodes: 			312
	# of irgs: 				6
	# of cf manipulations: 	32
	# of memory operations: 53
	# of types: 			226



Using pass: pass_libfirm_opt_frame -- No improvement
	# of nodes: 			312
	# of irgs: 				6
	# of cf manipulations: 	32
	# of memory operations: 53
	# of types: 			226



Using pass: pass_gc_irgs_primitive
	 :: interestingness test failed on irg 'r_func_2'
	 :: interestingness test failed on irg 'r_func_3'
	 :: interestingness test failed on irg 'r_func_2'
	 :: interestingness test failed on irg 'r_func_2' -- Successful
	# of nodes: 			222
	# of irgs: 				5
	# of cf manipulations: 	24
	# of memory operations: 35
	# of types: 			226



Using pass: pass_libfirm_place_code -- No improvement
	# of nodes: 			222
	# of irgs: 				5
	# of cf manipulations: 	24
	# of memory operations: 35
	# of types: 			226



Using pass: pass_libfirm_optimize_graph_df -- No improvement
	# of nodes: 			222
	# of irgs: 				5
	# of cf manipulations: 	24
	# of memory operations: 35
	# of types: 			226



Using pass: pass_libfirm_remove_critical_cf_edges -- Successful
	# of nodes: 			230
	# of irgs: 				5
	# of cf manipulations: 	28
	# of memory operations: 35
	# of types: 			226



Using pass: pass_replace_proj_primitive
	 :: Pass failed on irg 'r_func_1' -- Successful
	# of nodes: 			152
	# of irgs: 				5
	# of cf manipulations: 	21
	# of memory operations: 23
	# of types: 			226



Using pass: pass_libfirm_opt_funccalls -- No improvement
	# of nodes: 			152
	# of irgs: 				5
	# of cf manipulations: 	21
	# of memory operations: 23
	# of types: 			226



Using pass: pass_gc_irgs_primitive
	 :: interestingness test failed on irg 'r_func_2' -- Successful
	# of nodes: 			42
	# of irgs: 				3
	# of cf manipulations: 	8
	# of memory operations: 5
	# of types: 			226



Using pass: pass_libfirm_opt_bool -- No improvement
	# of nodes: 			42
	# of irgs: 				3
	# of cf manipulations: 	8
	# of memory operations: 5
	# of types: 			226



Using pass: pass_replace_loads
	 :: Pass failed on irg 'r_func_2' -- No improvement
	# of nodes: 			42
	# of irgs: 				3
	# of cf manipulations: 	8
	# of memory operations: 5
	# of types: 			226



Using pass: pass_libfirm_opt_jumpthreading -- No improvement
	# of nodes: 			42
	# of irgs: 				3
	# of cf manipulations: 	8
	# of memory operations: 5
	# of types: 			226



Using pass: pass_libfirm_place_code -- No improvement
	# of nodes: 			42
	# of irgs: 				3
	# of cf manipulations: 	8
	# of memory operations: 5
	# of types: 			226



Using pass: pass_libfirm_occult_consts -- No improvement
	# of nodes: 			42
	# of irgs: 				3
	# of cf manipulations: 	8
	# of memory operations: 5
	# of types: 			226



Using pass: pass_replace_cond_selectors -- No improvement
	# of nodes: 			42
	# of irgs: 				3
	# of cf manipulations: 	8
	# of memory operations: 5
	# of types: 			226



Using pass: pass_libfirm_optimize_load_store -- No improvement
	# of nodes: 			42
	# of irgs: 				3
	# of cf manipulations: 	8
	# of memory operations: 5
	# of types: 			226



Using pass: pass_libfirm_do_loop_unrolling -- No improvement
	# of nodes: 			42
	# of irgs: 				3
	# of cf manipulations: 	8
	# of memory operations: 5
	# of types: 			226



Using pass: pass_libfirm_place_code -- No improvement
	# of nodes: 			42
	# of irgs: 				3
	# of cf manipulations: 	8
	# of memory operations: 5
	# of types: 			226



Using pass: pass_replace_members -- No improvement
	# of nodes: 			42
	# of irgs: 				3
	# of cf manipulations: 	8
	# of memory operations: 5
	# of types: 			226



Using pass: pass_remove_void_calls -- No improvement
	# of nodes: 			42
	# of irgs: 				3
	# of cf manipulations: 	8
	# of memory operations: 5
	# of types: 			226



Using pass: pass_replace_arithmetic -- No improvement
	# of nodes: 			42
	# of irgs: 				3
	# of cf manipulations: 	8
	# of memory operations: 5
	# of types: 			226



Using pass: pass_libfirm_construct_confirms -- No improvement
	# of nodes: 			42
	# of irgs: 				3
	# of cf manipulations: 	8
	# of memory operations: 5
	# of types: 			226



Using pass: pass_libfirm_combo -- No improvement
	# of nodes: 			42
	# of irgs: 				3
	# of cf manipulations: 	8
	# of memory operations: 5
	# of types: 			226



Using pass: pass_libfirm_remove_bads -- No improvement
	# of nodes: 			42
	# of irgs: 				3
	# of cf manipulations: 	8
	# of memory operations: 5
	# of types: 			226



Using pass: pass_gc_irgs_primitive -- Successful
	# of nodes: 			16
	# of irgs: 				2
	# of cf manipulations: 	5
	# of memory operations: 0
	# of types: 			226



Using pass: pass_gc_irgs -- No improvement
	# of nodes: 			16
	# of irgs: 				2
	# of cf manipulations: 	5
	# of memory operations: 0
	# of types: 			226



Using pass: pass_libfirm_opt_parallelize_mem -- No improvement
	# of nodes: 			16
	# of irgs: 				2
	# of cf manipulations: 	5
	# of memory operations: 0
	# of types: 			226



Using pass: pass_libfirm_opt_if_conv -- No improvement
	# of nodes: 			16
	# of irgs: 				2
	# of cf manipulations: 	5
	# of memory operations: 0
	# of types: 			226



Using pass: pass_libfirm_remove_tuples -- No improvement
	# of nodes: 			16
	# of irgs: 				2
	# of cf manipulations: 	5
	# of memory operations: 0
	# of types: 			226



Using pass: pass_libfirm_occult_consts -- No improvement
	# of nodes: 			16
	# of irgs: 				2
	# of cf manipulations: 	5
	# of memory operations: 0
	# of types: 			226



Using pass: pass_libfirm_gvn_pre -- No improvement
	# of nodes: 			16
	# of irgs: 				2
	# of cf manipulations: 	5
	# of memory operations: 0
	# of types: 			226



Using pass: pass_replace_mux_selectors -- No improvement
	# of nodes: 			16
	# of irgs: 				2
	# of cf manipulations: 	5
	# of memory operations: 0
	# of types: 			226



Using pass: pass_remove_void_calls -- No improvement
	# of nodes: 			16
	# of irgs: 				2
	# of cf manipulations: 	5
	# of memory operations: 0
	# of types: 			226



Using pass: pass_libfirm_remove_bads -- No improvement
	# of nodes: 			16
	# of irgs: 				2
	# of cf manipulations: 	5
	# of memory operations: 0
	# of types: 			226



Using pass: pass_check_validity -- No improvement
	# of nodes: 			16
	# of irgs: 				2
	# of cf manipulations: 	5
	# of memory operations: 0
	# of types: 			226



Using pass: pass_gc_entitites -- No improvement
	# of nodes: 			16
	# of irgs: 				2
	# of cf manipulations: 	5
	# of memory operations: 0
	# of types: 			226



Using pass: pass_replace_cond_selectors -- No improvement
	# of nodes: 			16
	# of irgs: 				2
	# of cf manipulations: 	5
	# of memory operations: 0
	# of types: 			226



Using pass: pass_libfirm_place_code -- No improvement
	# of nodes: 			16
	# of irgs: 				2
	# of cf manipulations: 	5
	# of memory operations: 0
	# of types: 			226



Using pass: pass_libfirm_remove_unreachable -- No improvement
	# of nodes: 			16
	# of irgs: 				2
	# of cf manipulations: 	5
	# of memory operations: 0
	# of types: 			226



Using pass: pass_libfirm_opt_bool -- No improvement
	# of nodes: 			16
	# of irgs: 				2
	# of cf manipulations: 	5
	# of memory operations: 0
	# of types: 			226



Using pass: pass_libfirm_place_code -- No improvement
	# of nodes: 			16
	# of irgs: 				2
	# of cf manipulations: 	5
	# of memory operations: 0
	# of types: 			226



Using pass: pass_replace_switch_selectors -- No improvement
	# of nodes: 			16
	# of irgs: 				2
	# of cf manipulations: 	5
	# of memory operations: 0
	# of types: 			226



Using pass: pass_replace_cond_selectors -- No improvement
	# of nodes: 			16
	# of irgs: 				2
	# of cf manipulations: 	5
	# of memory operations: 0
	# of types: 			226



Using pass: pass_libfirm_remove_bads -- No improvement
	# of nodes: 			16
	# of irgs: 				2
	# of cf manipulations: 	5
	# of memory operations: 0
	# of types: 			226



Using pass: pass_libfirm_occult_consts -- No improvement
	# of nodes: 			16
	# of irgs: 				2
	# of cf manipulations: 	5
	# of memory operations: 0
	# of types: 			226



Using pass: pass_libfirm_opt_bool -- No improvement
	# of nodes: 			16
	# of irgs: 				2
	# of cf manipulations: 	5
	# of memory operations: 0
	# of types: 			226



Using pass: pass_remove_stores -- No improvement
	# of nodes: 			16
	# of irgs: 				2
	# of cf manipulations: 	5
	# of memory operations: 0
	# of types: 			226



Using pass: pass_simplify_consts -- No improvement
	# of nodes: 			16
	# of irgs: 				2
	# of cf manipulations: 	5
	# of memory operations: 0
	# of types: 			226



Using pass: pass_libfirm_opt_blocks -- No improvement
	# of nodes: 			16
	# of irgs: 				2
	# of cf manipulations: 	5
	# of memory operations: 0
	# of types: 			226



Using pass: pass_remove_allocs -- No improvement
	# of nodes: 			16
	# of irgs: 				2
	# of cf manipulations: 	5
	# of memory operations: 0
	# of types: 			226



Using pass: pass_gc_irgs_primitive -- No improvement
	# of nodes: 			16
	# of irgs: 				2
	# of cf manipulations: 	5
	# of memory operations: 0
	# of types: 			226



Using pass: pass_libfirm_dead_code_elimination -- No improvement
	# of nodes: 			16
	# of irgs: 				2
	# of cf manipulations: 	5
	# of memory operations: 0
	# of types: 			226



Using pass: pass_libfirm_optimize_load_store -- No improvement
	# of nodes: 			16
	# of irgs: 				2
	# of cf manipulations: 	5
	# of memory operations: 0
	# of types: 			226



Using pass: pass_remove_allocs -- No improvement
	# of nodes: 			16
	# of irgs: 				2
	# of cf manipulations: 	5
	# of memory operations: 0
	# of types: 			226



Using pass: pass_remove_void_calls -- No improvement
	# of nodes: 			16
	# of irgs: 				2
	# of cf manipulations: 	5
	# of memory operations: 0
	# of types: 			226



Using pass: pass_libfirm_optimize_load_store -- No improvement
	# of nodes: 			16
	# of irgs: 				2
	# of cf manipulations: 	5
	# of memory operations: 0
	# of types: 			226



Using pass: pass_libfirm_occult_consts -- No improvement
	# of nodes: 			16
	# of irgs: 				2
	# of cf manipulations: 	5
	# of memory operations: 0
	# of types: 			226



Using pass: pass_libfirm_remove_tuples -- No improvement
	# of nodes: 			16
	# of irgs: 				2
	# of cf manipulations: 	5
	# of memory operations: 0
	# of types: 			226



Using pass: pass_libfirm_optimize_reassociation -- No improvement
	# of nodes: 			16
	# of irgs: 				2
	# of cf manipulations: 	5
	# of memory operations: 0
	# of types: 			226



Using pass: pass_libfirm_opt_tail_rec -- No improvement
	# of nodes: 			16
	# of irgs: 				2
	# of cf manipulations: 	5
	# of memory operations: 0
	# of types: 			226



Using pass: pass_replace_members -- No improvement
	# of nodes: 			16
	# of irgs: 				2
	# of cf manipulations: 	5
	# of memory operations: 0
	# of types: 			226



Using pass: pass_libfirm_combo -- No improvement
	# of nodes: 			16
	# of irgs: 				2
	# of cf manipulations: 	5
	# of memory operations: 0
	# of types: 			226



Using pass: pass_replace_mux_selectors -- No improvement
	# of nodes: 			16
	# of irgs: 				2
	# of cf manipulations: 	5
	# of memory operations: 0
	# of types: 			226



Using pass: pass_replace_cond_selectors -- No improvement
	# of nodes: 			16
	# of irgs: 				2
	# of cf manipulations: 	5
	# of memory operations: 0
	# of types: 			226



Using pass: pass_replace_switch_selectors -- No improvement
	# of nodes: 			16
	# of irgs: 				2
	# of cf manipulations: 	5
	# of memory operations: 0
	# of types: 			226



Using pass: pass_libfirm_opt_parallelize_mem -- No improvement
	# of nodes: 			16
	# of irgs: 				2
	# of cf manipulations: 	5
	# of memory operations: 0
	# of types: 			226



Using pass: pass_libfirm_remove_bads -- No improvement
	# of nodes: 			16
	# of irgs: 				2
	# of cf manipulations: 	5
	# of memory operations: 0
	# of types: 			226



Using pass: pass_libfirm_opt_blocks -- No improvement
	# of nodes: 			16
	# of irgs: 				2
	# of cf manipulations: 	5
	# of memory operations: 0
	# of types: 			226



Using pass: pass_libfirm_opt_tail_rec -- No improvement
	# of nodes: 			16
	# of irgs: 				2
	# of cf manipulations: 	5
	# of memory operations: 0
	# of types: 			226



Using pass: pass_libfirm_opt_blocks -- No improvement
	# of nodes: 			16
	# of irgs: 				2
	# of cf manipulations: 	5
	# of memory operations: 0
	# of types: 			226



Using pass: pass_libfirm_remove_tuples -- No improvement
	# of nodes: 			16
	# of irgs: 				2
	# of cf manipulations: 	5
	# of memory operations: 0
	# of types: 			226



Using pass: pass_libfirm_optimize_graph_df -- No improvement
	# of nodes: 			16
	# of irgs: 				2
	# of cf manipulations: 	5
	# of memory operations: 0
	# of types: 			226



Using pass: pass_remove_allocs -- No improvement
	# of nodes: 			16
	# of irgs: 				2
	# of cf manipulations: 	5
	# of memory operations: 0
	# of types: 			226



Using pass: pass_remove_allocs -- No improvement
	# of nodes: 			16
	# of irgs: 				2
	# of cf manipulations: 	5
	# of memory operations: 0
	# of types: 			226



Using pass: pass_libfirm_construct_confirms -- No improvement
	# of nodes: 			16
	# of irgs: 				2
	# of cf manipulations: 	5
	# of memory operations: 0
	# of types: 			226



Using pass: pass_libfirm_opt_ldst
	 :: Pass failed on irg 'r_func_4'
	 :: Pass failed on irg 'main' -- No improvement
	# of nodes: 			16
	# of irgs: 				2
	# of cf manipulations: 	5
	# of memory operations: 0
	# of types: 			226



Using pass: pass_remove_allocs -- No improvement
	# of nodes: 			16
	# of irgs: 				2
	# of cf manipulations: 	5
	# of memory operations: 0
	# of types: 			226



Using pass: pass_libfirm_opt_frame -- No improvement
	# of nodes: 			16
	# of irgs: 				2
	# of cf manipulations: 	5
	# of memory operations: 0
	# of types: 			226



Using pass: pass_libfirm_optimize_graph_df -- No improvement
	# of nodes: 			16
	# of irgs: 				2
	# of cf manipulations: 	5
	# of memory operations: 0
	# of types: 			226



Using pass: pass_libfirm_opt_if_conv -- No improvement
	# of nodes: 			16
	# of irgs: 				2
	# of cf manipulations: 	5
	# of memory operations: 0
	# of types: 			226



Using pass: pass_libfirm_opt_parallelize_mem -- No improvement
	# of nodes: 			16
	# of irgs: 				2
	# of cf manipulations: 	5
	# of memory operations: 0
	# of types: 			226



Using pass: pass_replace_loads -- No improvement
	# of nodes: 			16
	# of irgs: 				2
	# of cf manipulations: 	5
	# of memory operations: 0
	# of types: 			226



Using pass: pass_libfirm_place_code -- No improvement
	# of nodes: 			16
	# of irgs: 				2
	# of cf manipulations: 	5
	# of memory operations: 0
	# of types: 			226



Using pass: pass_libfirm_occult_consts -- No improvement
	# of nodes: 			16
	# of irgs: 				2
	# of cf manipulations: 	5
	# of memory operations: 0
	# of types: 			226



Using pass: pass_gc_irgs -- No improvement
	# of nodes: 			16
	# of irgs: 				2
	# of cf manipulations: 	5
	# of memory operations: 0
	# of types: 			226



Using pass: pass_libfirm_opt_blocks -- No improvement
	# of nodes: 			16
	# of irgs: 				2
	# of cf manipulations: 	5
	# of memory operations: 0
	# of types: 			226



Using pass: pass_libfirm_opt_parallelize_mem -- No improvement
	# of nodes: 			16
	# of irgs: 				2
	# of cf manipulations: 	5
	# of memory operations: 0
	# of types: 			226



Using pass: pass_libfirm_scalar_replacement_opt -- No improvement
	# of nodes: 			16
	# of irgs: 				2
	# of cf manipulations: 	5
	# of memory operations: 0
	# of types: 			226



Using pass: pass_remove_stores -- No improvement
	# of nodes: 			16
	# of irgs: 				2
	# of cf manipulations: 	5
	# of memory operations: 0
	# of types: 			226



Using pass: pass_replace_switch_selectors -- No improvement
	# of nodes: 			16
	# of irgs: 				2
	# of cf manipulations: 	5
	# of memory operations: 0
	# of types: 			226



Using pass: pass_libfirm_opt_parallelize_mem -- No improvement
	# of nodes: 			16
	# of irgs: 				2
	# of cf manipulations: 	5
	# of memory operations: 0
	# of types: 			226



Using pass: pass_libfirm_do_loop_peeling -- No improvement
	# of nodes: 			16
	# of irgs: 				2
	# of cf manipulations: 	5
	# of memory operations: 0
	# of types: 			226



Using pass: pass_libfirm_construct_confirms -- No improvement
	# of nodes: 			16
	# of irgs: 				2
	# of cf manipulations: 	5
	# of memory operations: 0
	# of types: 			226



Using pass: pass_libfirm_conv_opt -- No improvement
	# of nodes: 			16
	# of irgs: 				2
	# of cf manipulations: 	5
	# of memory operations: 0
	# of types: 			226



Using pass: pass_libfirm_occult_consts -- No improvement
	# of nodes: 			16
	# of irgs: 				2
	# of cf manipulations: 	5
	# of memory operations: 0
	# of types: 			226



Using pass: pass_libfirm_occult_consts -- No improvement
	# of nodes: 			16
	# of irgs: 				2
	# of cf manipulations: 	5
	# of memory operations: 0
	# of types: 			226



Using pass: pass_libfirm_remove_critical_cf_edges -- No improvement
	# of nodes: 			16
	# of irgs: 				2
	# of cf manipulations: 	5
	# of memory operations: 0
	# of types: 			226



Using pass: pass_libfirm_do_loop_unrolling -- No improvement
	# of nodes: 			16
	# of irgs: 				2
	# of cf manipulations: 	5
	# of memory operations: 0
	# of types: 			226



Using pass: pass_remove_allocs -- No improvement
	# of nodes: 			16
	# of irgs: 				2
	# of cf manipulations: 	5
	# of memory operations: 0
	# of types: 			226




 :: 2nd reduction cycle

Using pass: pass_gc_irgs_primitive -- Trying irg 'r_func_2' -- No improvement
Using pass: pass_gc_irgs_primitive -- Trying irg 'r_func_3' -- No improvement
Using pass: pass_gc_irgs_primitive -- Trying irg 'r_func_2' -- No improvement
Using pass: pass_gc_irgs_primitive -- Trying irg 'r_func_2' -- No improvement
Using pass: pass_gc_irgs_primitive -- Trying irg 'r_func_2' -- No improvement

______________________________

No further reduction possible.

Result:
	# of nodes: 			16
	# of irgs: 				2
	# of cf manipulations: 	5
	# of memory operations: 0
	# of types: 			226

2018-08-24 12:54:13