2018-08-24 11:03:19 -- Firmreduce -- Results

Initial Test-case size:
	# of nodes: 			937
	# of irgs: 				6
	# of cf manipulations: 	58
	# of memory operations: 148
	# of types: 			226


Using pass: pass_libfirm_remove_critical_cf_edges -- Successful
	# of nodes: 			985
	# of irgs: 				6
	# of cf manipulations: 	82
	# of memory operations: 148
	# of types: 			226



Using pass: pass_replace_proj_primitive
	 :: Pass failed on irg 'r_func_1' -- Successful
	# of nodes: 			393
	# of irgs: 				6
	# of cf manipulations: 	40
	# of memory operations: 66
	# of types: 			226



Using pass: pass_replace_loads
	 :: Pass failed on irg 'r_func_3'
	 :: Pass failed on irg 'r_func_3'
	 :: Pass failed on irg 'r_func_1' -- No improvement
	# of nodes: 			393
	# of irgs: 				6
	# of cf manipulations: 	40
	# of memory operations: 66
	# of types: 			226



Using pass: pass_replace_loads
	 :: Pass failed on irg 'r_func_3'
	 :: Pass failed on irg 'r_func_2' -- No improvement
	# of nodes: 			393
	# of irgs: 				6
	# of cf manipulations: 	40
	# of memory operations: 66
	# of types: 			226



Using pass: pass_replace_mux_selectors -- No improvement
	# of nodes: 			393
	# of irgs: 				6
	# of cf manipulations: 	40
	# of memory operations: 66
	# of types: 			226



Using pass: pass_libfirm_scalar_replacement_opt -- No improvement
	# of nodes: 			393
	# of irgs: 				6
	# of cf manipulations: 	40
	# of memory operations: 66
	# of types: 			226



Using pass: pass_libfirm_opt_bool -- No improvement
	# of nodes: 			393
	# of irgs: 				6
	# of cf manipulations: 	40
	# of memory operations: 66
	# of types: 			226



Using pass: pass_replace_mux_selectors -- No improvement
	# of nodes: 			393
	# of irgs: 				6
	# of cf manipulations: 	40
	# of memory operations: 66
	# of types: 			226



Using pass: pass_replace_return_values -- Successful
	# of nodes: 			349
	# of irgs: 				6
	# of cf manipulations: 	34
	# of memory operations: 65
	# of types: 			226



Using pass: pass_libfirm_opt_tail_rec -- No improvement
	# of nodes: 			349
	# of irgs: 				6
	# of cf manipulations: 	34
	# of memory operations: 65
	# of types: 			226



Using pass: pass_libfirm_conv_opt -- No improvement
	# of nodes: 			349
	# of irgs: 				6
	# of cf manipulations: 	34
	# of memory operations: 65
	# of types: 			226



Using pass: pass_libfirm_remove_bads -- No improvement
	# of nodes: 			349
	# of irgs: 				6
	# of cf manipulations: 	34
	# of memory operations: 65
	# of types: 			226



Using pass: pass_libfirm_dead_code_elimination -- No improvement
	# of nodes: 			349
	# of irgs: 				6
	# of cf manipulations: 	34
	# of memory operations: 65
	# of types: 			226



Using pass: pass_libfirm_remove_tuples -- No improvement
	# of nodes: 			349
	# of irgs: 				6
	# of cf manipulations: 	34
	# of memory operations: 65
	# of types: 			226



Using pass: pass_libfirm_opt_blocks -- No improvement
	# of nodes: 			349
	# of irgs: 				6
	# of cf manipulations: 	34
	# of memory operations: 65
	# of types: 			226



Using pass: pass_replace_arithmetic -- No improvement
	# of nodes: 			349
	# of irgs: 				6
	# of cf manipulations: 	34
	# of memory operations: 65
	# of types: 			226



Using pass: pass_libfirm_normalize_n_returns -- Successful
	# of nodes: 			348
	# of irgs: 				6
	# of cf manipulations: 	33
	# of memory operations: 65
	# of types: 			226



Using pass: pass_libfirm_construct_confirms -- Successful
	# of nodes: 			346
	# of irgs: 				6
	# of cf manipulations: 	33
	# of memory operations: 65
	# of types: 			226



Using pass: pass_libfirm_opt_bool -- No improvement
	# of nodes: 			346
	# of irgs: 				6
	# of cf manipulations: 	33
	# of memory operations: 65
	# of types: 			226



Using pass: pass_libfirm_do_loop_inversion -- No improvement
	# of nodes: 			346
	# of irgs: 				6
	# of cf manipulations: 	33
	# of memory operations: 65
	# of types: 			226



Using pass: pass_libfirm_opt_if_conv -- Successful
	# of nodes: 			332
	# of irgs: 				6
	# of cf manipulations: 	32
	# of memory operations: 65
	# of types: 			226



Using pass: pass_libfirm_do_loop_unrolling -- No improvement
	# of nodes: 			332
	# of irgs: 				6
	# of cf manipulations: 	32
	# of memory operations: 65
	# of types: 			226



Using pass: pass_replace_loads
	 :: Pass failed on irg 'r_func_1'
	 :: Pass failed on irg 'r_func_1' -- No improvement
	# of nodes: 			332
	# of irgs: 				6
	# of cf manipulations: 	32
	# of memory operations: 65
	# of types: 			226



Using pass: pass_libfirm_place_code -- No improvement
	# of nodes: 			332
	# of irgs: 				6
	# of cf manipulations: 	32
	# of memory operations: 65
	# of types: 			226



Using pass: pass_libfirm_opt_if_conv -- No improvement
	# of nodes: 			332
	# of irgs: 				6
	# of cf manipulations: 	32
	# of memory operations: 65
	# of types: 			226



Using pass: pass_libfirm_opt_if_conv -- No improvement
	# of nodes: 			332
	# of irgs: 				6
	# of cf manipulations: 	32
	# of memory operations: 65
	# of types: 			226



Using pass: pass_libfirm_opt_ldst
	 :: Pass failed on irg 'r_func_3'
	 :: Pass failed on irg 'r_func_2'
	 :: Pass failed on irg 'r_func_2'
	 :: Pass failed on irg 'main'
	 :: Pass failed on irg 'r_func_2'
	 :: Pass failed on irg 'main' -- No improvement
	# of nodes: 			332
	# of irgs: 				6
	# of cf manipulations: 	32
	# of memory operations: 65
	# of types: 			226



Using pass: pass_replace_return_values -- No improvement
	# of nodes: 			332
	# of irgs: 				6
	# of cf manipulations: 	32
	# of memory operations: 65
	# of types: 			226



Using pass: pass_replace_members -- No improvement
	# of nodes: 			332
	# of irgs: 				6
	# of cf manipulations: 	32
	# of memory operations: 65
	# of types: 			226



Using pass: pass_libfirm_normalize_n_returns -- Successful
	# of nodes: 			329
	# of irgs: 				6
	# of cf manipulations: 	31
	# of memory operations: 65
	# of types: 			226



Using pass: pass_libfirm_remove_unreachable -- No improvement
	# of nodes: 			329
	# of irgs: 				6
	# of cf manipulations: 	31
	# of memory operations: 65
	# of types: 			226



Using pass: pass_libfirm_opt_tail_rec -- No improvement
	# of nodes: 			329
	# of irgs: 				6
	# of cf manipulations: 	31
	# of memory operations: 65
	# of types: 			226



Using pass: pass_libfirm_dead_code_elimination -- No improvement
	# of nodes: 			329
	# of irgs: 				6
	# of cf manipulations: 	31
	# of memory operations: 65
	# of types: 			226



Using pass: pass_remove_stores -- Successful
	# of nodes: 			273
	# of irgs: 				6
	# of cf manipulations: 	31
	# of memory operations: 50
	# of types: 			226



Using pass: pass_remove_allocs -- Successful
	# of nodes: 			205
	# of irgs: 				6
	# of cf manipulations: 	31
	# of memory operations: 22
	# of types: 			226



Using pass: pass_libfirm_gvn_pre -- No improvement
	# of nodes: 			205
	# of irgs: 				6
	# of cf manipulations: 	31
	# of memory operations: 22
	# of types: 			226



Using pass: pass_gc_irgs -- Successful
	# of nodes: 			16
	# of irgs: 				2
	# of cf manipulations: 	5
	# of memory operations: 0
	# of types: 			226



Using pass: pass_libfirm_remove_tuples -- No improvement
	# of nodes: 			16
	# of irgs: 				2
	# of cf manipulations: 	5
	# of memory operations: 0
	# of types: 			226



Using pass: pass_remove_void_calls -- No improvement
	# of nodes: 			16
	# of irgs: 				2
	# of cf manipulations: 	5
	# of memory operations: 0
	# of types: 			226



Using pass: pass_libfirm_opt_funccalls -- No improvement
	# of nodes: 			16
	# of irgs: 				2
	# of cf manipulations: 	5
	# of memory operations: 0
	# of types: 			226



Using pass: pass_libfirm_opt_parallelize_mem -- No improvement
	# of nodes: 			16
	# of irgs: 				2
	# of cf manipulations: 	5
	# of memory operations: 0
	# of types: 			226



Using pass: pass_libfirm_place_code -- No improvement
	# of nodes: 			16
	# of irgs: 				2
	# of cf manipulations: 	5
	# of memory operations: 0
	# of types: 			226



Using pass: pass_libfirm_gvn_pre -- No improvement
	# of nodes: 			16
	# of irgs: 				2
	# of cf manipulations: 	5
	# of memory operations: 0
	# of types: 			226



Using pass: pass_libfirm_normalize_one_return -- No improvement
	# of nodes: 			16
	# of irgs: 				2
	# of cf manipulations: 	5
	# of memory operations: 0
	# of types: 			226



Using pass: pass_libfirm_place_code -- No improvement
	# of nodes: 			16
	# of irgs: 				2
	# of cf manipulations: 	5
	# of memory operations: 0
	# of types: 			226



Using pass: pass_libfirm_occult_consts -- No improvement
	# of nodes: 			16
	# of irgs: 				2
	# of cf manipulations: 	5
	# of memory operations: 0
	# of types: 			226



Using pass: pass_libfirm_gvn_pre -- No improvement
	# of nodes: 			16
	# of irgs: 				2
	# of cf manipulations: 	5
	# of memory operations: 0
	# of types: 			226



Using pass: pass_libfirm_gvn_pre -- No improvement
	# of nodes: 			16
	# of irgs: 				2
	# of cf manipulations: 	5
	# of memory operations: 0
	# of types: 			226



Using pass: pass_remove_void_calls -- No improvement
	# of nodes: 			16
	# of irgs: 				2
	# of cf manipulations: 	5
	# of memory operations: 0
	# of types: 			226



Using pass: pass_gc_entitites -- No improvement
	# of nodes: 			16
	# of irgs: 				2
	# of cf manipulations: 	5
	# of memory operations: 0
	# of types: 			226



Using pass: pass_libfirm_dead_code_elimination -- No improvement
	# of nodes: 			16
	# of irgs: 				2
	# of cf manipulations: 	5
	# of memory operations: 0
	# of types: 			226



Using pass: pass_simplify_consts -- No improvement
	# of nodes: 			16
	# of irgs: 				2
	# of cf manipulations: 	5
	# of memory operations: 0
	# of types: 			226



Using pass: pass_libfirm_remove_tuples -- No improvement
	# of nodes: 			16
	# of irgs: 				2
	# of cf manipulations: 	5
	# of memory operations: 0
	# of types: 			226



Using pass: pass_libfirm_remove_critical_cf_edges -- No improvement
	# of nodes: 			16
	# of irgs: 				2
	# of cf manipulations: 	5
	# of memory operations: 0
	# of types: 			226



Using pass: pass_replace_switch_selectors -- No improvement
	# of nodes: 			16
	# of irgs: 				2
	# of cf manipulations: 	5
	# of memory operations: 0
	# of types: 			226



Using pass: pass_libfirm_opt_funccalls -- No improvement
	# of nodes: 			16
	# of irgs: 				2
	# of cf manipulations: 	5
	# of memory operations: 0
	# of types: 			226



Using pass: pass_libfirm_opt_parallelize_mem -- No improvement
	# of nodes: 			16
	# of irgs: 				2
	# of cf manipulations: 	5
	# of memory operations: 0
	# of types: 			226



Using pass: pass_libfirm_opt_parallelize_mem -- No improvement
	# of nodes: 			16
	# of irgs: 				2
	# of cf manipulations: 	5
	# of memory operations: 0
	# of types: 			226



Using pass: pass_libfirm_opt_if_conv -- No improvement
	# of nodes: 			16
	# of irgs: 				2
	# of cf manipulations: 	5
	# of memory operations: 0
	# of types: 			226



Using pass: pass_libfirm_do_loop_inversion -- No improvement
	# of nodes: 			16
	# of irgs: 				2
	# of cf manipulations: 	5
	# of memory operations: 0
	# of types: 			226



Using pass: pass_libfirm_opt_parallelize_mem -- No improvement
	# of nodes: 			16
	# of irgs: 				2
	# of cf manipulations: 	5
	# of memory operations: 0
	# of types: 			226



Using pass: pass_libfirm_do_loop_unrolling -- No improvement
	# of nodes: 			16
	# of irgs: 				2
	# of cf manipulations: 	5
	# of memory operations: 0
	# of types: 			226



Using pass: pass_libfirm_do_loop_unrolling -- No improvement
	# of nodes: 			16
	# of irgs: 				2
	# of cf manipulations: 	5
	# of memory operations: 0
	# of types: 			226



Using pass: pass_libfirm_do_loop_peeling -- No improvement
	# of nodes: 			16
	# of irgs: 				2
	# of cf manipulations: 	5
	# of memory operations: 0
	# of types: 			226



Using pass: pass_libfirm_opt_bool -- No improvement
	# of nodes: 			16
	# of irgs: 				2
	# of cf manipulations: 	5
	# of memory operations: 0
	# of types: 			226



Using pass: pass_remove_stores -- No improvement
	# of nodes: 			16
	# of irgs: 				2
	# of cf manipulations: 	5
	# of memory operations: 0
	# of types: 			226



Using pass: pass_libfirm_do_loop_inversion -- No improvement
	# of nodes: 			16
	# of irgs: 				2
	# of cf manipulations: 	5
	# of memory operations: 0
	# of types: 			226



Using pass: pass_libfirm_occult_consts -- No improvement
	# of nodes: 			16
	# of irgs: 				2
	# of cf manipulations: 	5
	# of memory operations: 0
	# of types: 			226



Using pass: pass_libfirm_optimize_load_store -- No improvement
	# of nodes: 			16
	# of irgs: 				2
	# of cf manipulations: 	5
	# of memory operations: 0
	# of types: 			226



Using pass: pass_libfirm_opt_frame -- No improvement
	# of nodes: 			16
	# of irgs: 				2
	# of cf manipulations: 	5
	# of memory operations: 0
	# of types: 			226



Using pass: pass_replace_proj_primitive -- No improvement
	# of nodes: 			16
	# of irgs: 				2
	# of cf manipulations: 	5
	# of memory operations: 0
	# of types: 			226



Using pass: pass_replace_mux_selectors -- No improvement
	# of nodes: 			16
	# of irgs: 				2
	# of cf manipulations: 	5
	# of memory operations: 0
	# of types: 			226



Using pass: pass_libfirm_opt_if_conv -- No improvement
	# of nodes: 			16
	# of irgs: 				2
	# of cf manipulations: 	5
	# of memory operations: 0
	# of types: 			226



Using pass: pass_libfirm_opt_bool -- No improvement
	# of nodes: 			16
	# of irgs: 				2
	# of cf manipulations: 	5
	# of memory operations: 0
	# of types: 			226



Using pass: pass_libfirm_optimize_load_store -- No improvement
	# of nodes: 			16
	# of irgs: 				2
	# of cf manipulations: 	5
	# of memory operations: 0
	# of types: 			226



Using pass: pass_libfirm_remove_bads -- No improvement
	# of nodes: 			16
	# of irgs: 				2
	# of cf manipulations: 	5
	# of memory operations: 0
	# of types: 			226



Using pass: pass_libfirm_normalize_one_return -- No improvement
	# of nodes: 			16
	# of irgs: 				2
	# of cf manipulations: 	5
	# of memory operations: 0
	# of types: 			226



Using pass: pass_remove_stores -- No improvement
	# of nodes: 			16
	# of irgs: 				2
	# of cf manipulations: 	5
	# of memory operations: 0
	# of types: 			226



Using pass: pass_libfirm_do_loop_unrolling -- No improvement
	# of nodes: 			16
	# of irgs: 				2
	# of cf manipulations: 	5
	# of memory operations: 0
	# of types: 			226



Using pass: pass_libfirm_remove_tuples -- No improvement
	# of nodes: 			16
	# of irgs: 				2
	# of cf manipulations: 	5
	# of memory operations: 0
	# of types: 			226



Using pass: pass_libfirm_do_loop_unrolling -- No improvement
	# of nodes: 			16
	# of irgs: 				2
	# of cf manipulations: 	5
	# of memory operations: 0
	# of types: 			226



Using pass: pass_replace_cond_selectors -- No improvement
	# of nodes: 			16
	# of irgs: 				2
	# of cf manipulations: 	5
	# of memory operations: 0
	# of types: 			226



Using pass: pass_libfirm_remove_critical_cf_edges -- No improvement
	# of nodes: 			16
	# of irgs: 				2
	# of cf manipulations: 	5
	# of memory operations: 0
	# of types: 			226



Using pass: pass_replace_return_values -- No improvement
	# of nodes: 			16
	# of irgs: 				2
	# of cf manipulations: 	5
	# of memory operations: 0
	# of types: 			226



Using pass: pass_check_validity -- No improvement
	# of nodes: 			16
	# of irgs: 				2
	# of cf manipulations: 	5
	# of memory operations: 0
	# of types: 			226



Using pass: pass_libfirm_do_loop_unrolling -- No improvement
	# of nodes: 			16
	# of irgs: 				2
	# of cf manipulations: 	5
	# of memory operations: 0
	# of types: 			226



Using pass: pass_libfirm_gvn_pre -- No improvement
	# of nodes: 			16
	# of irgs: 				2
	# of cf manipulations: 	5
	# of memory operations: 0
	# of types: 			226



Using pass: pass_gc_entitites -- No improvement
	# of nodes: 			16
	# of irgs: 				2
	# of cf manipulations: 	5
	# of memory operations: 0
	# of types: 			226



Using pass: pass_libfirm_optimize_cf -- No improvement
	# of nodes: 			16
	# of irgs: 				2
	# of cf manipulations: 	5
	# of memory operations: 0
	# of types: 			226



Using pass: pass_libfirm_remove_unreachable -- No improvement
	# of nodes: 			16
	# of irgs: 				2
	# of cf manipulations: 	5
	# of memory operations: 0
	# of types: 			226



Using pass: pass_libfirm_optimize_load_store -- No improvement
	# of nodes: 			16
	# of irgs: 				2
	# of cf manipulations: 	5
	# of memory operations: 0
	# of types: 			226



Using pass: pass_replace_return_values -- No improvement
	# of nodes: 			16
	# of irgs: 				2
	# of cf manipulations: 	5
	# of memory operations: 0
	# of types: 			226




 :: 2nd reduction cycle


______________________________

No further reduction possible.

Result:
	# of nodes: 			16
	# of irgs: 				2
	# of cf manipulations: 	5
	# of memory operations: 0
	# of types: 			226

2018-08-24 11:03:35