2018-08-24 10:20:25 -- Firmreduce -- Results

Initial Test-case size:
	# of nodes: 			13724
	# of irgs: 				101
	# of cf manipulations: 	757
	# of memory operations: 2225
	# of types: 			2645


Using pass: pass_gc_entitites -- No improvement
	# of nodes: 			13724
	# of irgs: 				101
	# of cf manipulations: 	757
	# of memory operations: 2225
	# of types: 			2645



Using pass: pass_libfirm_remove_critical_cf_edges -- Successful
	# of nodes: 			14090
	# of irgs: 				101
	# of cf manipulations: 	940
	# of memory operations: 2225
	# of types: 			2645



Using pass: pass_libfirm_opt_funccalls -- No improvement
	# of nodes: 			14090
	# of irgs: 				101
	# of cf manipulations: 	940
	# of memory operations: 2225
	# of types: 			2645



Using pass: pass_replace_switch_selectors -- No improvement
	# of nodes: 			14090
	# of irgs: 				101
	# of cf manipulations: 	940
	# of memory operations: 2225
	# of types: 			2645



Using pass: pass_gc_entitites -- No improvement
	# of nodes: 			14090
	# of irgs: 				101
	# of cf manipulations: 	940
	# of memory operations: 2225
	# of types: 			2645



Using pass: pass_remove_stores -- Successful
	# of nodes: 			8803
	# of irgs: 				101
	# of cf manipulations: 	652
	# of memory operations: 1570
	# of types: 			2645



Using pass: pass_libfirm_normalize_one_return -- Successful
	# of nodes: 			8839
	# of irgs: 				101
	# of cf manipulations: 	661
	# of memory operations: 1570
	# of types: 			2645



Using pass: pass_libfirm_opt_ldst
	 :: Pass failed on irg 'r_func_36'
	 :: Pass failed on irg 'r_func_89'
	 :: Pass failed on irg 'r_func_79'
	 :: Pass failed on irg 'r_func_86'
	 :: Pass failed on irg 'r_func_34'
	 :: Pass failed on irg '_main'
	 :: Pass failed on irg 'r_func_99'
	 :: Pass failed on irg 'r_func_90'
	 :: Pass failed on irg 'r_func_4'
	 :: Pass failed on irg 'r_func_83'
	 :: Pass failed on irg 'main'
	 :: Pass failed on irg 'r_func_19'
	 :: Pass failed on irg 'r_func_40'
	 :: Pass failed on irg 'r_func_36'
	 :: Pass failed on irg 'r_func_59'
	 :: Pass failed on irg 'r_func_45'
	 :: Pass failed on irg 'r_func_4'
	 :: Pass failed on irg 'r_func_24'
	 :: Pass failed on irg 'r_func_78'
	 :: Pass failed on irg 'r_func_5'
	 :: Pass failed on irg 'r_func_19'
	 :: Pass failed on irg 'r_func_31'
	 :: Pass failed on irg 'r_func_81'
	 :: Pass failed on irg 'r_func_42'
	 :: Pass failed on irg 'r_func_99'
	 :: Pass failed on irg 'r_func_87'
	 :: Pass failed on irg 'r_func_42'
	 :: Pass failed on irg 'r_func_94'
	 :: Pass failed on irg 'r_func_94'
	 :: Pass failed on irg 'r_func_43'
	 :: Pass failed on irg 'r_func_95'
	 :: Pass failed on irg 'r_func_12'
	 :: Pass failed on irg 'r_func_21'
	 :: Pass failed on irg 'r_func_82'
	 :: Pass failed on irg 'r_func_12'
	 :: Pass failed on irg 'r_func_43'
	 :: Pass failed on irg 'r_func_58'
	 :: Pass failed on irg 'r_func_48'
	 :: Pass failed on irg 'r_func_60'
	 :: Pass failed on irg 'r_func_23'
	 :: Pass failed on irg 'r_func_13'
	 :: Pass failed on irg 'r_func_55'
	 :: Pass failed on irg 'r_func_48'
	 :: Pass failed on irg 'r_func_70'
	 :: Pass failed on irg 'r_func_45'
	 :: Pass failed on irg 'r_func_59'
	 :: Pass failed on irg 'r_func_34'
	 :: Pass failed on irg 'r_func_37'
	 :: Pass failed on irg 'r_func_39'
	 :: Pass failed on irg 'r_func_19'
	 :: Pass failed on irg 'r_func_4'
	 :: Pass failed on irg 'r_func_15'
	 :: Pass failed on irg 'r_func_68'
	 :: Pass failed on irg '_main'
	 :: Pass failed on irg 'r_func_85'
	 :: Pass failed on irg 'r_func_52'
	 :: Pass failed on irg 'r_func_66'
	 :: Pass failed on irg 'r_func_20'
	 :: Pass failed on irg 'r_func_89'
	 :: Pass failed on irg 'r_func_87'
	 :: Pass failed on irg 'r_func_69'
	 :: Pass failed on irg 'r_func_4'
	 :: Pass failed on irg 'r_func_48'
	 :: Pass failed on irg 'r_func_90'
	 :: Pass failed on irg 'r_func_26'
	 :: Pass failed on irg 'r_func_71'
	 :: Pass failed on irg 'r_func_3'
	 :: Pass failed on irg 'r_func_26'
	 :: Pass failed on irg 'r_func_81'
	 :: Pass failed on irg 'r_func_66'
	 :: Pass failed on irg 'r_func_83'
	 :: Pass failed on irg 'r_func_29'
	 :: Pass failed on irg 'r_func_57'
	 :: Pass failed on irg 'r_func_60'
	 :: Pass failed on irg 'r_func_72'
	 :: Pass failed on irg 'r_func_10'
	 :: Pass failed on irg 'r_func_57'
	 :: Pass failed on irg 'r_func_76'
	 :: Pass failed on irg 'r_func_90'
	 :: Pass failed on irg 'r_func_23'
	 :: Pass failed on irg 'r_func_6'
	 :: Pass failed on irg 'r_func_79'
	 :: Pass failed on irg 'r_func_45'
	 :: Pass failed on irg 'r_func_14'
	 :: Pass failed on irg 'r_func_64'
	 :: Pass failed on irg 'r_func_23'
	 :: Pass failed on irg 'r_func_29'
	 :: Pass failed on irg 'r_func_26'
	 :: Pass failed on irg 'r_func_34'
	 :: Pass failed on irg 'r_func_98'
	 :: Pass failed on irg 'r_func_98'
	 :: Pass failed on irg 'r_func_78'
	 :: Pass failed on irg 'r_func_56'
	 :: Pass failed on irg 'r_func_91'
	 :: Pass failed on irg 'r_func_51'
	 :: Pass failed on irg 'r_func_26'
	 :: Pass failed on irg 'r_func_74'
	 :: Pass failed on irg 'main'
	 :: Pass failed on irg 'r_func_42'
	 :: Pass failed on irg 'r_func_77'
	 :: Pass failed on irg 'r_func_25' -- No improvement
	# of nodes: 			8839
	# of irgs: 				101
	# of cf manipulations: 	661
	# of memory operations: 1570
	# of types: 			2645



Using pass: pass_remove_void_calls
	 :: Pass failed on irg 'r_func_43'
	 :: Pass failed on irg 'r_func_43'
	 :: Pass failed on irg 'r_func_43'
	 :: Pass failed on irg 'r_func_43'
	 :: Pass failed on irg 'r_func_43'
	 :: Pass failed on irg 'r_func_9'
	 :: Pass failed on irg 'r_func_9' -- Successful
	# of nodes: 			8697
	# of irgs: 				101
	# of cf manipulations: 	661
	# of memory operations: 1551
	# of types: 			2645



Using pass: pass_libfirm_opt_frame -- No improvement
	# of nodes: 			8697
	# of irgs: 				101
	# of cf manipulations: 	661
	# of memory operations: 1551
	# of types: 			2645



Using pass: pass_libfirm_do_loop_peeling
	 :: Pass failed on irg 'r_func_5'
	 :: Pass failed on irg 'r_func_64'
	 :: Pass failed on irg 'r_func_76'
	 :: Pass failed on irg 'r_func_78'
	 :: Pass failed on irg 'r_func_39'
	 :: Pass failed on irg 'r_func_5'
	 :: Pass failed on irg 'r_func_24'
	 :: Pass failed on irg 'r_func_88'
	 :: Pass failed on irg 'r_func_41'
	 :: Pass failed on irg 'r_func_92'
	 :: Pass failed on irg 'r_func_41'
	 :: Pass failed on irg 'r_func_63'
	 :: Pass failed on irg 'r_func_70'
	 :: Pass failed on irg 'r_func_39'
	 :: Pass failed on irg 'r_func_9'
	 :: Pass failed on irg 'r_func_84'
	 :: Pass failed on irg 'r_func_52'
	 :: Pass failed on irg 'r_func_54'
	 :: Pass failed on irg 'r_func_95'
	 :: Pass failed on irg 'r_func_5'
	 :: Pass failed on irg 'r_func_35'
	 :: Pass failed on irg 'r_func_52'
	 :: Pass failed on irg 'r_func_52'
	 :: Pass failed on irg 'r_func_10'
	 :: Pass failed on irg 'r_func_41'
	 :: Pass failed on irg 'r_func_52' -- No improvement
	# of nodes: 			8697
	# of irgs: 				101
	# of cf manipulations: 	661
	# of memory operations: 1551
	# of types: 			2645



Using pass: pass_libfirm_opt_frame -- No improvement
	# of nodes: 			8697
	# of irgs: 				101
	# of cf manipulations: 	661
	# of memory operations: 1551
	# of types: 			2645



Using pass: pass_libfirm_scalar_replacement_opt -- No improvement
	# of nodes: 			8697
	# of irgs: 				101
	# of cf manipulations: 	661
	# of memory operations: 1551
	# of types: 			2645



Using pass: pass_libfirm_remove_critical_cf_edges -- No improvement
	# of nodes: 			8697
	# of irgs: 				101
	# of cf manipulations: 	661
	# of memory operations: 1551
	# of types: 			2645



Using pass: pass_simplify_consts -- Successful
	# of nodes: 			7015
	# of irgs: 				101
	# of cf manipulations: 	568
	# of memory operations: 1484
	# of types: 			2645



Using pass: pass_libfirm_conv_opt -- Successful
	# of nodes: 			7003
	# of irgs: 				101
	# of cf manipulations: 	568
	# of memory operations: 1484
	# of types: 			2645



Using pass: pass_gc_irgs_primitive
	 :: interestingness test failed on irg 'r_func_88'
	 :: interestingness test failed on irg 'r_func_89'
	 :: interestingness test failed on irg 'r_func_92'
	 :: interestingness test failed on irg 'r_func_66'
	 :: interestingness test failed on irg 'r_func_26'
	 :: interestingness test failed on irg 'r_func_37'
	 :: interestingness test failed on irg 'r_func_39'
	 :: interestingness test failed on irg 'r_func_33'
	 :: interestingness test failed on irg 'r_func_97'
	 :: interestingness test failed on irg 'r_func_72'
	 :: interestingness test failed on irg 'r_func_82'
	 :: interestingness test failed on irg 'r_func_31'
	 :: interestingness test failed on irg 'r_func_82'
	 :: interestingness test failed on irg 'r_func_1'
	 :: interestingness test failed on irg 'r_func_32'
	 :: interestingness test failed on irg 'r_func_58'
	 :: interestingness test failed on irg 'r_func_42'
	 :: interestingness test failed on irg 'r_func_92'
	 :: interestingness test failed on irg 'r_func_46'
	 :: interestingness test failed on irg 'r_func_10'
	 :: interestingness test failed on irg 'r_func_9'
	 :: interestingness test failed on irg 'r_func_77'
	 :: interestingness test failed on irg 'r_func_1'
	 :: interestingness test failed on irg 'r_func_37'
	 :: interestingness test failed on irg 'r_func_60'
	 :: interestingness test failed on irg 'r_func_69'
	 :: interestingness test failed on irg 'r_func_56'
	 :: interestingness test failed on irg 'r_func_79'
	 :: interestingness test failed on irg 'r_func_61'
	 :: interestingness test failed on irg 'r_func_53'
	 :: interestingness test failed on irg 'r_func_40'
	 :: interestingness test failed on irg 'r_func_4'
	 :: interestingness test failed on irg 'r_func_72'
	 :: interestingness test failed on irg 'r_func_31'
	 :: interestingness test failed on irg 'r_func_96'
	 :: interestingness test failed on irg 'r_func_57'
	 :: interestingness test failed on irg 'r_func_26'
	 :: interestingness test failed on irg 'r_func_91'
	 :: interestingness test failed on irg 'r_func_81'
	 :: interestingness test failed on irg 'r_func_21'
	 :: interestingness test failed on irg 'r_func_24'
	 :: interestingness test failed on irg 'r_func_50'
	 :: interestingness test failed on irg 'r_func_46'
	 :: interestingness test failed on irg 'r_func_57'
	 :: interestingness test failed on irg 'r_func_3'
	 :: interestingness test failed on irg 'r_func_29'
	 :: interestingness test failed on irg 'r_func_56'
	 :: interestingness test failed on irg 'r_func_50'
	 :: interestingness test failed on irg 'r_func_56'
	 :: interestingness test failed on irg 'r_func_33'
	 :: interestingness test failed on irg 'r_func_39'
	 :: interestingness test failed on irg 'r_func_97'
	 :: interestingness test failed on irg 'r_func_24'
	 :: interestingness test failed on irg 'r_func_95'
	 :: interestingness test failed on irg 'r_func_90'
	 :: interestingness test failed on irg 'r_func_21'
	 :: interestingness test failed on irg 'r_func_36'
	 :: interestingness test failed on irg 'r_func_57'
	 :: interestingness test failed on irg 'r_func_87'
	 :: interestingness test failed on irg 'r_func_24'
	 :: interestingness test failed on irg 'r_func_46'
	 :: interestingness test failed on irg 'r_func_71'
	 :: interestingness test failed on irg 'r_func_66'
	 :: interestingness test failed on irg 'r_func_66'
	 :: interestingness test failed on irg 'r_func_79'
	 :: interestingness test failed on irg 'r_func_26'
	 :: interestingness test failed on irg 'r_func_90'
	 :: interestingness test failed on irg 'r_func_11'
	 :: interestingness test failed on irg 'r_func_24'
	 :: interestingness test failed on irg 'r_func_85'
	 :: interestingness test failed on irg 'r_func_97'
	 :: interestingness test failed on irg 'r_func_66'
	 :: interestingness test failed on irg 'r_func_86'
	 :: interestingness test failed on irg 'r_func_69'
	 :: interestingness test failed on irg 'r_func_45'
	 :: interestingness test failed on irg 'r_func_78'
	 :: interestingness test failed on irg 'r_func_95'
	 :: interestingness test failed on irg 'r_func_58'
	 :: interestingness test failed on irg 'r_func_73'
	 :: interestingness test failed on irg 'r_func_77'
	 :: interestingness test failed on irg 'r_func_60'
	 :: interestingness test failed on irg 'r_func_39'
	 :: interestingness test failed on irg 'r_func_94'
	 :: interestingness test failed on irg 'r_func_38'
	 :: interestingness test failed on irg 'r_func_36'
	 :: interestingness test failed on irg 'r_func_77'
	 :: interestingness test failed on irg 'r_func_69'
	 :: interestingness test failed on irg 'r_func_89'
	 :: interestingness test failed on irg 'r_func_61'
	 :: interestingness test failed on irg 'r_func_82'
	 :: interestingness test failed on irg 'r_func_77'
	 :: interestingness test failed on irg 'r_func_99'
	 :: interestingness test failed on irg 'r_func_87'
	 :: interestingness test failed on irg 'r_func_61'
	 :: interestingness test failed on irg 'r_func_32'
	 :: interestingness test failed on irg 'r_func_18'
	 :: interestingness test failed on irg 'r_func_92'
	 :: interestingness test failed on irg 'r_func_18'
	 :: interestingness test failed on irg 'r_func_69'
	 :: interestingness test failed on irg 'r_func_53'
	 :: interestingness test failed on irg 'r_func_51'
	 :: interestingness test failed on irg 'r_func_16'
	 :: interestingness test failed on irg 'r_func_31'
	 :: interestingness test failed on irg 'r_func_11'
	 :: interestingness test failed on irg 'r_func_34'
	 :: interestingness test failed on irg 'r_func_61'
	 :: interestingness test failed on irg 'r_func_99'
	 :: interestingness test failed on irg 'r_func_94'
	 :: interestingness test failed on irg 'r_func_64'
	 :: interestingness test failed on irg 'r_func_16'
	 :: interestingness test failed on irg 'r_func_77'
	 :: interestingness test failed on irg 'r_func_69'
	 :: interestingness test failed on irg 'r_func_95'
	 :: interestingness test failed on irg 'r_func_71'
	 :: interestingness test failed on irg 'r_func_32'
	 :: interestingness test failed on irg 'r_func_92'
	 :: interestingness test failed on irg 'r_func_38'
	 :: interestingness test failed on irg 'r_func_33'
	 :: interestingness test failed on irg 'r_func_24'
	 :: interestingness test failed on irg 'r_func_32'
	 :: interestingness test failed on irg 'r_func_16'
	 :: interestingness test failed on irg 'r_func_57'
	 :: interestingness test failed on irg 'r_func_56'
	 :: interestingness test failed on irg 'r_func_56'
	 :: interestingness test failed on irg 'r_func_87'
	 :: interestingness test failed on irg 'r_func_39'
	 :: interestingness test failed on irg 'r_func_34'
	 :: interestingness test failed on irg 'r_func_97'
	 :: interestingness test failed on irg 'r_func_61'
	 :: interestingness test failed on irg 'r_func_73'
	 :: interestingness test failed on irg 'r_func_57'
	 :: interestingness test failed on irg 'r_func_16'
	 :: interestingness test failed on irg 'r_func_66'
	 :: interestingness test failed on irg 'r_func_85'
	 :: interestingness test failed on irg 'r_func_86'
	 :: interestingness test failed on irg 'r_func_79'
	 :: interestingness test failed on irg 'r_func_46'
	 :: interestingness test failed on irg 'r_func_10'
	 :: interestingness test failed on irg 'r_func_37'
	 :: interestingness test failed on irg 'r_func_95'
	 :: interestingness test failed on irg 'r_func_69'
	 :: interestingness test failed on irg 'r_func_86'
	 :: interestingness test failed on irg 'r_func_88'
	 :: interestingness test failed on irg 'r_func_57'
	 :: interestingness test failed on irg 'r_func_38'
	 :: interestingness test failed on irg 'r_func_18'
	 :: interestingness test failed on irg 'r_func_78'
	 :: interestingness test failed on irg 'r_func_28'
	 :: interestingness test failed on irg 'r_func_57'
	 :: interestingness test failed on irg 'r_func_69'
	 :: interestingness test failed on irg 'r_func_98'
	 :: interestingness test failed on irg 'r_func_53'
	 :: interestingness test failed on irg 'r_func_73'
	 :: interestingness test failed on irg 'r_func_77'
	 :: interestingness test failed on irg 'r_func_89'
	 :: interestingness test failed on irg 'r_func_28'
	 :: interestingness test failed on irg 'r_func_10'
	 :: interestingness test failed on irg 'r_func_51'
	 :: interestingness test failed on irg 'r_func_16'
	 :: interestingness test failed on irg 'r_func_94'
	 :: interestingness test failed on irg 'r_func_18'
	 :: interestingness test failed on irg 'r_func_72'
	 :: interestingness test failed on irg 'r_func_28'
	 :: interestingness test failed on irg 'r_func_88'
	 :: interestingness test failed on irg 'r_func_85'
	 :: interestingness test failed on irg 'r_func_53'
	 :: interestingness test failed on irg 'r_func_56'
	 :: interestingness test failed on irg 'r_func_57'
	 :: interestingness test failed on irg 'r_func_16'
	 :: interestingness test failed on irg 'r_func_72'
	 :: interestingness test failed on irg 'r_func_11'
	 :: interestingness test failed on irg 'r_func_38'
	 :: interestingness test failed on irg 'r_func_40'
	 :: interestingness test failed on irg 'r_func_90'
	 :: interestingness test failed on irg 'r_func_38'
	 :: interestingness test failed on irg 'r_func_38'
	 :: interestingness test failed on irg 'r_func_31'
	 :: interestingness test failed on irg 'r_func_72'
	 :: interestingness test failed on irg 'r_func_46'
	 :: interestingness test failed on irg 'r_func_34'
	 :: interestingness test failed on irg 'r_func_64'
	 :: interestingness test failed on irg 'r_func_64'
	 :: interestingness test failed on irg 'r_func_97'
	 :: interestingness test failed on irg 'r_func_31'
	 :: interestingness test failed on irg 'r_func_53'
	 :: interestingness test failed on irg 'r_func_16'
	 :: interestingness test failed on irg 'r_func_40'
	 :: interestingness test failed on irg 'r_func_71'
	 :: interestingness test failed on irg 'r_func_40'
	 :: interestingness test failed on irg 'r_func_85'
	 :: interestingness test failed on irg 'r_func_79'
	 :: interestingness test failed on irg 'r_func_79'
	 :: interestingness test failed on irg 'r_func_61'
	 :: interestingness test failed on irg 'r_func_94'
	 :: interestingness test failed on irg 'r_func_99'
	 :: interestingness test failed on irg 'r_func_71'
	 :: interestingness test failed on irg 'r_func_69'
	 :: interestingness test failed on irg 'r_func_98'
	 :: interestingness test failed on irg 'r_func_34'
	 :: interestingness test failed on irg 'r_func_28'
	 :: interestingness test failed on irg 'r_func_88'
	 :: interestingness test failed on irg 'r_func_97'
	 :: interestingness test failed on irg 'r_func_98'
	 :: interestingness test failed on irg 'r_func_97'
	 :: interestingness test failed on irg 'r_func_98'
	 :: interestingness test failed on irg 'r_func_16'
	 :: interestingness test failed on irg 'r_func_28'
	 :: interestingness test failed on irg 'r_func_72'
	 :: interestingness test failed on irg 'r_func_40'
	 :: interestingness test failed on irg 'r_func_34'
	 :: interestingness test failed on irg 'r_func_64'
	 :: interestingness test failed on irg 'r_func_51'
	 :: interestingness test failed on irg 'r_func_71'
	 :: interestingness test failed on irg 'r_func_86'
	 :: interestingness test failed on irg 'r_func_33'
	 :: interestingness test failed on irg 'r_func_39'
	 :: interestingness test failed on irg 'r_func_38'
	 :: interestingness test failed on irg 'r_func_79'
	 :: interestingness test failed on irg 'r_func_9'
	 :: interestingness test failed on irg 'r_func_85'
	 :: interestingness test failed on irg 'r_func_66'
	 :: interestingness test failed on irg 'r_func_18'
	 :: interestingness test failed on irg 'r_func_56'
	 :: interestingness test failed on irg 'r_func_79'
	 :: interestingness test failed on irg 'r_func_18'
	 :: interestingness test failed on irg 'r_func_71'
	 :: interestingness test failed on irg 'r_func_56'
	 :: interestingness test failed on irg 'r_func_40'
	 :: interestingness test failed on irg 'r_func_87'
	 :: interestingness test failed on irg 'r_func_16'
	 :: interestingness test failed on irg 'r_func_72'
	 :: interestingness test failed on irg 'r_func_79'
	 :: interestingness test failed on irg 'r_func_87'
	 :: interestingness test failed on irg 'r_func_97'
	 :: interestingness test failed on irg 'r_func_86'
	 :: interestingness test failed on irg 'r_func_40'
	 :: interestingness test failed on irg 'r_func_64'
	 :: interestingness test failed on irg 'r_func_97'
	 :: interestingness test failed on irg 'r_func_97'
	 :: interestingness test failed on irg 'r_func_38'
	 :: interestingness test failed on irg 'r_func_66'
	 :: interestingness test failed on irg 'r_func_28'
	 :: interestingness test failed on irg 'r_func_61'
	 :: interestingness test failed on irg 'r_func_48'
	 :: interestingness test failed on irg 'r_func_91'
	 :: interestingness test failed on irg 'r_func_11'
	 :: interestingness test failed on irg 'r_func_28'
	 :: interestingness test failed on irg 'r_func_69'
	 :: interestingness test failed on irg 'r_func_90'
	 :: interestingness test failed on irg 'r_func_10'
	 :: interestingness test failed on irg 'r_func_90'
	 :: interestingness test failed on irg 'r_func_34'
	 :: interestingness test failed on irg 'r_func_26'
	 :: interestingness test failed on irg 'r_func_11'
	 :: interestingness test failed on irg 'r_func_39'
	 :: interestingness test failed on irg 'r_func_78'
	 :: interestingness test failed on irg 'r_func_34'
	 :: interestingness test failed on irg 'r_func_94'
	 :: interestingness test failed on irg 'r_func_11'
	 :: interestingness test failed on irg 'r_func_26'
	 :: interestingness test failed on irg 'r_func_9'
	 :: interestingness test failed on irg 'r_func_40'
	 :: interestingness test failed on irg 'r_func_38'
	 :: interestingness test failed on irg 'r_func_39'
	 :: interestingness test failed on irg 'r_func_86'
	 :: interestingness test failed on irg 'r_func_33'
	 :: interestingness test failed on irg 'r_func_89'
	 :: interestingness test failed on irg 'r_func_69' -- Successful
	# of nodes: 			2818
	# of irgs: 				42
	# of cf manipulations: 	226
	# of memory operations: 604
	# of types: 			2645



Using pass: pass_libfirm_normalize_one_return -- No improvement
	# of nodes: 			2818
	# of irgs: 				42
	# of cf manipulations: 	226
	# of memory operations: 604
	# of types: 			2645



Using pass: pass_libfirm_place_code -- No improvement
	# of nodes: 			2818
	# of irgs: 				42
	# of cf manipulations: 	226
	# of memory operations: 604
	# of types: 			2645



Using pass: pass_libfirm_remove_unreachable -- No improvement
	# of nodes: 			2818
	# of irgs: 				42
	# of cf manipulations: 	226
	# of memory operations: 604
	# of types: 			2645



Using pass: pass_libfirm_place_code -- No improvement
	# of nodes: 			2818
	# of irgs: 				42
	# of cf manipulations: 	226
	# of memory operations: 604
	# of types: 			2645



Using pass: pass_replace_members -- No improvement
	# of nodes: 			2818
	# of irgs: 				42
	# of cf manipulations: 	226
	# of memory operations: 604
	# of types: 			2645



Using pass: pass_libfirm_normalize_one_return -- No improvement
	# of nodes: 			2818
	# of irgs: 				42
	# of cf manipulations: 	226
	# of memory operations: 604
	# of types: 			2645



Using pass: pass_libfirm_remove_unreachable -- No improvement
	# of nodes: 			2818
	# of irgs: 				42
	# of cf manipulations: 	226
	# of memory operations: 604
	# of types: 			2645



Using pass: pass_libfirm_remove_unreachable -- No improvement
	# of nodes: 			2818
	# of irgs: 				42
	# of cf manipulations: 	226
	# of memory operations: 604
	# of types: 			2645



Using pass: pass_libfirm_construct_confirms -- Successful
	# of nodes: 			2895
	# of irgs: 				42
	# of cf manipulations: 	226
	# of memory operations: 604
	# of types: 			2645



Using pass: pass_libfirm_remove_tuples -- No improvement
	# of nodes: 			2895
	# of irgs: 				42
	# of cf manipulations: 	226
	# of memory operations: 604
	# of types: 			2645



Using pass: pass_libfirm_construct_confirms -- Successful
	# of nodes: 			2908
	# of irgs: 				42
	# of cf manipulations: 	226
	# of memory operations: 604
	# of types: 			2645



Using pass: pass_replace_members -- No improvement
	# of nodes: 			2908
	# of irgs: 				42
	# of cf manipulations: 	226
	# of memory operations: 604
	# of types: 			2645



Using pass: pass_remove_stores
	 :: Pass failed on irg 'r_func_38' -- No improvement
	# of nodes: 			2908
	# of irgs: 				42
	# of cf manipulations: 	226
	# of memory operations: 604
	# of types: 			2645



Using pass: pass_libfirm_opt_if_conv -- No improvement
	# of nodes: 			2908
	# of irgs: 				42
	# of cf manipulations: 	226
	# of memory operations: 604
	# of types: 			2645



Using pass: pass_libfirm_opt_bool -- No improvement
	# of nodes: 			2908
	# of irgs: 				42
	# of cf manipulations: 	226
	# of memory operations: 604
	# of types: 			2645



Using pass: pass_libfirm_normalize_n_returns -- Successful
	# of nodes: 			2838
	# of irgs: 				42
	# of cf manipulations: 	206
	# of memory operations: 604
	# of types: 			2645



Using pass: pass_libfirm_opt_if_conv -- Successful
	# of nodes: 			2908
	# of irgs: 				42
	# of cf manipulations: 	226
	# of memory operations: 604
	# of types: 			2645



Using pass: pass_libfirm_remove_critical_cf_edges -- No improvement
	# of nodes: 			2908
	# of irgs: 				42
	# of cf manipulations: 	226
	# of memory operations: 604
	# of types: 			2645



Using pass: pass_libfirm_normalize_n_returns -- Successful
	# of nodes: 			2826
	# of irgs: 				42
	# of cf manipulations: 	205
	# of memory operations: 604
	# of types: 			2645



Using pass: pass_libfirm_opt_blocks -- No improvement
	# of nodes: 			2826
	# of irgs: 				42
	# of cf manipulations: 	205
	# of memory operations: 604
	# of types: 			2645



Using pass: pass_libfirm_remove_critical_cf_edges -- No improvement
	# of nodes: 			2826
	# of irgs: 				42
	# of cf manipulations: 	205
	# of memory operations: 604
	# of types: 			2645



Using pass: pass_libfirm_opt_parallelize_mem -- Successful
	# of nodes: 			2857
	# of irgs: 				42
	# of cf manipulations: 	205
	# of memory operations: 604
	# of types: 			2645



Using pass: pass_libfirm_opt_blocks -- Successful
	# of nodes: 			2863
	# of irgs: 				42
	# of cf manipulations: 	207
	# of memory operations: 604
	# of types: 			2645



Using pass: pass_gc_irgs
	 :: Pass failed on irg 'r_func_26'
	 :: Pass failed on irg 'r_func_56'
	 :: Pass failed on irg 'r_func_85' -- Successful
	# of nodes: 			39
	# of irgs: 				2
	# of cf manipulations: 	6
	# of memory operations: 5
	# of types: 			2645



Using pass: pass_libfirm_do_loop_unrolling -- No improvement
	# of nodes: 			39
	# of irgs: 				2
	# of cf manipulations: 	6
	# of memory operations: 5
	# of types: 			2645



Using pass: pass_libfirm_optimize_cf -- Successful
	# of nodes: 			41
	# of irgs: 				2
	# of cf manipulations: 	6
	# of memory operations: 5
	# of types: 			2645



Using pass: pass_replace_members -- No improvement
	# of nodes: 			41
	# of irgs: 				2
	# of cf manipulations: 	6
	# of memory operations: 5
	# of types: 			2645



Using pass: pass_libfirm_place_code -- Successful
	# of nodes: 			43
	# of irgs: 				2
	# of cf manipulations: 	7
	# of memory operations: 5
	# of types: 			2645



Using pass: pass_replace_proj_primitive -- Successful
	# of nodes: 			22
	# of irgs: 				2
	# of cf manipulations: 	4
	# of memory operations: 3
	# of types: 			2645



Using pass: pass_libfirm_opt_frame -- No improvement
	# of nodes: 			22
	# of irgs: 				2
	# of cf manipulations: 	4
	# of memory operations: 3
	# of types: 			2645



Using pass: pass_libfirm_opt_frame -- No improvement
	# of nodes: 			22
	# of irgs: 				2
	# of cf manipulations: 	4
	# of memory operations: 3
	# of types: 			2645



Using pass: pass_replace_switch_selectors -- No improvement
	# of nodes: 			22
	# of irgs: 				2
	# of cf manipulations: 	4
	# of memory operations: 3
	# of types: 			2645



Using pass: pass_libfirm_opt_bool -- No improvement
	# of nodes: 			22
	# of irgs: 				2
	# of cf manipulations: 	4
	# of memory operations: 3
	# of types: 			2645



Using pass: pass_replace_proj_primitive -- No improvement
	# of nodes: 			22
	# of irgs: 				2
	# of cf manipulations: 	4
	# of memory operations: 3
	# of types: 			2645



Using pass: pass_replace_members -- No improvement
	# of nodes: 			22
	# of irgs: 				2
	# of cf manipulations: 	4
	# of memory operations: 3
	# of types: 			2645



Using pass: pass_libfirm_remove_critical_cf_edges -- No improvement
	# of nodes: 			22
	# of irgs: 				2
	# of cf manipulations: 	4
	# of memory operations: 3
	# of types: 			2645



Using pass: pass_libfirm_optimize_cf -- No improvement
	# of nodes: 			22
	# of irgs: 				2
	# of cf manipulations: 	4
	# of memory operations: 3
	# of types: 			2645



Using pass: pass_libfirm_remove_critical_cf_edges -- No improvement
	# of nodes: 			22
	# of irgs: 				2
	# of cf manipulations: 	4
	# of memory operations: 3
	# of types: 			2645



Using pass: pass_libfirm_place_code -- No improvement
	# of nodes: 			22
	# of irgs: 				2
	# of cf manipulations: 	4
	# of memory operations: 3
	# of types: 			2645



Using pass: pass_libfirm_do_loop_unrolling -- No improvement
	# of nodes: 			22
	# of irgs: 				2
	# of cf manipulations: 	4
	# of memory operations: 3
	# of types: 			2645



Using pass: pass_libfirm_scalar_replacement_opt -- No improvement
	# of nodes: 			22
	# of irgs: 				2
	# of cf manipulations: 	4
	# of memory operations: 3
	# of types: 			2645



Using pass: pass_replace_members -- No improvement
	# of nodes: 			22
	# of irgs: 				2
	# of cf manipulations: 	4
	# of memory operations: 3
	# of types: 			2645



Using pass: pass_replace_cond_selectors -- No improvement
	# of nodes: 			22
	# of irgs: 				2
	# of cf manipulations: 	4
	# of memory operations: 3
	# of types: 			2645



Using pass: pass_libfirm_remove_critical_cf_edges -- No improvement
	# of nodes: 			22
	# of irgs: 				2
	# of cf manipulations: 	4
	# of memory operations: 3
	# of types: 			2645



Using pass: pass_simplify_consts -- Successful
	# of nodes: 			22
	# of irgs: 				2
	# of cf manipulations: 	4
	# of memory operations: 3
	# of types: 			2645



Using pass: pass_replace_loads -- No improvement
	# of nodes: 			22
	# of irgs: 				2
	# of cf manipulations: 	4
	# of memory operations: 3
	# of types: 			2645



Using pass: pass_gc_irgs_primitive -- Successful
	# of nodes: 			7
	# of irgs: 				1
	# of cf manipulations: 	2
	# of memory operations: 0
	# of types: 			2645



Using pass: pass_replace_cond_selectors -- No improvement
	# of nodes: 			7
	# of irgs: 				1
	# of cf manipulations: 	2
	# of memory operations: 0
	# of types: 			2645



Using pass: pass_replace_arithmetic -- No improvement
	# of nodes: 			7
	# of irgs: 				1
	# of cf manipulations: 	2
	# of memory operations: 0
	# of types: 			2645



Using pass: pass_libfirm_normalize_one_return -- No improvement
	# of nodes: 			7
	# of irgs: 				1
	# of cf manipulations: 	2
	# of memory operations: 0
	# of types: 			2645



Using pass: pass_libfirm_do_loop_inversion -- No improvement
	# of nodes: 			7
	# of irgs: 				1
	# of cf manipulations: 	2
	# of memory operations: 0
	# of types: 			2645



Using pass: pass_libfirm_gvn_pre -- No improvement
	# of nodes: 			7
	# of irgs: 				1
	# of cf manipulations: 	2
	# of memory operations: 0
	# of types: 			2645



Using pass: pass_remove_allocs -- No improvement
	# of nodes: 			7
	# of irgs: 				1
	# of cf manipulations: 	2
	# of memory operations: 0
	# of types: 			2645



Using pass: pass_libfirm_do_loop_peeling -- No improvement
	# of nodes: 			7
	# of irgs: 				1
	# of cf manipulations: 	2
	# of memory operations: 0
	# of types: 			2645



Using pass: pass_libfirm_remove_critical_cf_edges -- No improvement
	# of nodes: 			7
	# of irgs: 				1
	# of cf manipulations: 	2
	# of memory operations: 0
	# of types: 			2645



Using pass: pass_replace_arithmetic -- No improvement
	# of nodes: 			7
	# of irgs: 				1
	# of cf manipulations: 	2
	# of memory operations: 0
	# of types: 			2645



Using pass: pass_libfirm_opt_if_conv -- No improvement
	# of nodes: 			7
	# of irgs: 				1
	# of cf manipulations: 	2
	# of memory operations: 0
	# of types: 			2645



Using pass: pass_libfirm_do_loop_unrolling -- No improvement
	# of nodes: 			7
	# of irgs: 				1
	# of cf manipulations: 	2
	# of memory operations: 0
	# of types: 			2645



Using pass: pass_libfirm_opt_jumpthreading -- No improvement
	# of nodes: 			7
	# of irgs: 				1
	# of cf manipulations: 	2
	# of memory operations: 0
	# of types: 			2645



Using pass: pass_gc_irgs -- No improvement
	# of nodes: 			7
	# of irgs: 				1
	# of cf manipulations: 	2
	# of memory operations: 0
	# of types: 			2645



Using pass: pass_libfirm_remove_unreachable -- No improvement
	# of nodes: 			7
	# of irgs: 				1
	# of cf manipulations: 	2
	# of memory operations: 0
	# of types: 			2645



Using pass: pass_libfirm_place_code -- No improvement
	# of nodes: 			7
	# of irgs: 				1
	# of cf manipulations: 	2
	# of memory operations: 0
	# of types: 			2645



Using pass: pass_libfirm_remove_tuples -- No improvement
	# of nodes: 			7
	# of irgs: 				1
	# of cf manipulations: 	2
	# of memory operations: 0
	# of types: 			2645



Using pass: pass_replace_arithmetic -- No improvement
	# of nodes: 			7
	# of irgs: 				1
	# of cf manipulations: 	2
	# of memory operations: 0
	# of types: 			2645



Using pass: pass_replace_mux_selectors -- No improvement
	# of nodes: 			7
	# of irgs: 				1
	# of cf manipulations: 	2
	# of memory operations: 0
	# of types: 			2645



Using pass: pass_libfirm_normalize_one_return -- No improvement
	# of nodes: 			7
	# of irgs: 				1
	# of cf manipulations: 	2
	# of memory operations: 0
	# of types: 			2645



Using pass: pass_libfirm_scalar_replacement_opt -- No improvement
	# of nodes: 			7
	# of irgs: 				1
	# of cf manipulations: 	2
	# of memory operations: 0
	# of types: 			2645



Using pass: pass_libfirm_conv_opt -- No improvement
	# of nodes: 			7
	# of irgs: 				1
	# of cf manipulations: 	2
	# of memory operations: 0
	# of types: 			2645



Using pass: pass_libfirm_opt_tail_rec -- No improvement
	# of nodes: 			7
	# of irgs: 				1
	# of cf manipulations: 	2
	# of memory operations: 0
	# of types: 			2645



Using pass: pass_check_validity -- No improvement
	# of nodes: 			7
	# of irgs: 				1
	# of cf manipulations: 	2
	# of memory operations: 0
	# of types: 			2645



Using pass: pass_check_validity -- No improvement
	# of nodes: 			7
	# of irgs: 				1
	# of cf manipulations: 	2
	# of memory operations: 0
	# of types: 			2645



Using pass: pass_remove_allocs -- No improvement
	# of nodes: 			7
	# of irgs: 				1
	# of cf manipulations: 	2
	# of memory operations: 0
	# of types: 			2645



Using pass: pass_libfirm_scalar_replacement_opt -- No improvement
	# of nodes: 			7
	# of irgs: 				1
	# of cf manipulations: 	2
	# of memory operations: 0
	# of types: 			2645



Using pass: pass_replace_mux_selectors -- No improvement
	# of nodes: 			7
	# of irgs: 				1
	# of cf manipulations: 	2
	# of memory operations: 0
	# of types: 			2645



Using pass: pass_replace_return_values -- No improvement
	# of nodes: 			7
	# of irgs: 				1
	# of cf manipulations: 	2
	# of memory operations: 0
	# of types: 			2645



Using pass: pass_remove_void_calls -- No improvement
	# of nodes: 			7
	# of irgs: 				1
	# of cf manipulations: 	2
	# of memory operations: 0
	# of types: 			2645



Using pass: pass_libfirm_optimize_load_store -- No improvement
	# of nodes: 			7
	# of irgs: 				1
	# of cf manipulations: 	2
	# of memory operations: 0
	# of types: 			2645



Using pass: pass_libfirm_remove_unreachable -- No improvement
	# of nodes: 			7
	# of irgs: 				1
	# of cf manipulations: 	2
	# of memory operations: 0
	# of types: 			2645



Using pass: pass_libfirm_conv_opt -- No improvement
	# of nodes: 			7
	# of irgs: 				1
	# of cf manipulations: 	2
	# of memory operations: 0
	# of types: 			2645



Using pass: pass_libfirm_remove_tuples -- No improvement
	# of nodes: 			7
	# of irgs: 				1
	# of cf manipulations: 	2
	# of memory operations: 0
	# of types: 			2645



Using pass: pass_libfirm_remove_tuples -- No improvement
	# of nodes: 			7
	# of irgs: 				1
	# of cf manipulations: 	2
	# of memory operations: 0
	# of types: 			2645



Using pass: pass_gc_irgs_primitive -- No improvement
	# of nodes: 			7
	# of irgs: 				1
	# of cf manipulations: 	2
	# of memory operations: 0
	# of types: 			2645



Using pass: pass_replace_proj_primitive -- No improvement
	# of nodes: 			7
	# of irgs: 				1
	# of cf manipulations: 	2
	# of memory operations: 0
	# of types: 			2645



Using pass: pass_libfirm_combo -- No improvement
	# of nodes: 			7
	# of irgs: 				1
	# of cf manipulations: 	2
	# of memory operations: 0
	# of types: 			2645



Using pass: pass_libfirm_opt_parallelize_mem -- No improvement
	# of nodes: 			7
	# of irgs: 				1
	# of cf manipulations: 	2
	# of memory operations: 0
	# of types: 			2645



Using pass: pass_libfirm_do_loop_peeling -- No improvement
	# of nodes: 			7
	# of irgs: 				1
	# of cf manipulations: 	2
	# of memory operations: 0
	# of types: 			2645



Using pass: pass_libfirm_normalize_n_returns -- No improvement
	# of nodes: 			7
	# of irgs: 				1
	# of cf manipulations: 	2
	# of memory operations: 0
	# of types: 			2645



Using pass: pass_libfirm_optimize_load_store -- No improvement
	# of nodes: 			7
	# of irgs: 				1
	# of cf manipulations: 	2
	# of memory operations: 0
	# of types: 			2645



Using pass: pass_libfirm_opt_parallelize_mem -- No improvement
	# of nodes: 			7
	# of irgs: 				1
	# of cf manipulations: 	2
	# of memory operations: 0
	# of types: 			2645



Using pass: pass_libfirm_gvn_pre -- No improvement
	# of nodes: 			7
	# of irgs: 				1
	# of cf manipulations: 	2
	# of memory operations: 0
	# of types: 			2645



Using pass: pass_libfirm_opt_tail_rec -- No improvement
	# of nodes: 			7
	# of irgs: 				1
	# of cf manipulations: 	2
	# of memory operations: 0
	# of types: 			2645



Using pass: pass_libfirm_optimize_reassociation -- No improvement
	# of nodes: 			7
	# of irgs: 				1
	# of cf manipulations: 	2
	# of memory operations: 0
	# of types: 			2645



Using pass: pass_libfirm_optimize_load_store -- No improvement
	# of nodes: 			7
	# of irgs: 				1
	# of cf manipulations: 	2
	# of memory operations: 0
	# of types: 			2645



Using pass: pass_replace_members -- No improvement
	# of nodes: 			7
	# of irgs: 				1
	# of cf manipulations: 	2
	# of memory operations: 0
	# of types: 			2645



Using pass: pass_gc_entitites -- No improvement
	# of nodes: 			7
	# of irgs: 				1
	# of cf manipulations: 	2
	# of memory operations: 0
	# of types: 			2645



Using pass: pass_libfirm_remove_bads -- No improvement
	# of nodes: 			7
	# of irgs: 				1
	# of cf manipulations: 	2
	# of memory operations: 0
	# of types: 			2645



Using pass: pass_libfirm_remove_bads -- No improvement
	# of nodes: 			7
	# of irgs: 				1
	# of cf manipulations: 	2
	# of memory operations: 0
	# of types: 			2645



Using pass: pass_libfirm_gvn_pre -- No improvement
	# of nodes: 			7
	# of irgs: 				1
	# of cf manipulations: 	2
	# of memory operations: 0
	# of types: 			2645



Using pass: pass_gc_irgs -- No improvement
	# of nodes: 			7
	# of irgs: 				1
	# of cf manipulations: 	2
	# of memory operations: 0
	# of types: 			2645



Using pass: pass_replace_mux_selectors -- No improvement
	# of nodes: 			7
	# of irgs: 				1
	# of cf manipulations: 	2
	# of memory operations: 0
	# of types: 			2645



Using pass: pass_replace_members -- No improvement
	# of nodes: 			7
	# of irgs: 				1
	# of cf manipulations: 	2
	# of memory operations: 0
	# of types: 			2645



Using pass: pass_libfirm_place_code -- No improvement
	# of nodes: 			7
	# of irgs: 				1
	# of cf manipulations: 	2
	# of memory operations: 0
	# of types: 			2645



Using pass: pass_libfirm_opt_ldst
	 :: Pass failed on irg 'main' -- No improvement
	# of nodes: 			7
	# of irgs: 				1
	# of cf manipulations: 	2
	# of memory operations: 0
	# of types: 			2645



Using pass: pass_libfirm_normalize_one_return -- No improvement
	# of nodes: 			7
	# of irgs: 				1
	# of cf manipulations: 	2
	# of memory operations: 0
	# of types: 			2645



Using pass: pass_libfirm_dead_code_elimination -- No improvement
	# of nodes: 			7
	# of irgs: 				1
	# of cf manipulations: 	2
	# of memory operations: 0
	# of types: 			2645



Using pass: pass_replace_members -- No improvement
	# of nodes: 			7
	# of irgs: 				1
	# of cf manipulations: 	2
	# of memory operations: 0
	# of types: 			2645



Using pass: pass_remove_allocs -- No improvement
	# of nodes: 			7
	# of irgs: 				1
	# of cf manipulations: 	2
	# of memory operations: 0
	# of types: 			2645



Using pass: pass_libfirm_normalize_n_returns -- No improvement
	# of nodes: 			7
	# of irgs: 				1
	# of cf manipulations: 	2
	# of memory operations: 0
	# of types: 			2645



Using pass: pass_libfirm_opt_jumpthreading -- No improvement
	# of nodes: 			7
	# of irgs: 				1
	# of cf manipulations: 	2
	# of memory operations: 0
	# of types: 			2645



Using pass: pass_libfirm_opt_if_conv -- No improvement
	# of nodes: 			7
	# of irgs: 				1
	# of cf manipulations: 	2
	# of memory operations: 0
	# of types: 			2645



Using pass: pass_replace_switch_selectors -- No improvement
	# of nodes: 			7
	# of irgs: 				1
	# of cf manipulations: 	2
	# of memory operations: 0
	# of types: 			2645



Using pass: pass_libfirm_opt_ldst
	 :: Pass failed on irg 'main' -- No improvement
	# of nodes: 			7
	# of irgs: 				1
	# of cf manipulations: 	2
	# of memory operations: 0
	# of types: 			2645



Using pass: pass_replace_switch_selectors -- No improvement
	# of nodes: 			7
	# of irgs: 				1
	# of cf manipulations: 	2
	# of memory operations: 0
	# of types: 			2645



Using pass: pass_simplify_consts -- No improvement
	# of nodes: 			7
	# of irgs: 				1
	# of cf manipulations: 	2
	# of memory operations: 0
	# of types: 			2645



Using pass: pass_libfirm_scalar_replacement_opt -- No improvement
	# of nodes: 			7
	# of irgs: 				1
	# of cf manipulations: 	2
	# of memory operations: 0
	# of types: 			2645



Using pass: pass_libfirm_opt_tail_rec -- No improvement
	# of nodes: 			7
	# of irgs: 				1
	# of cf manipulations: 	2
	# of memory operations: 0
	# of types: 			2645



Using pass: pass_remove_stores -- No improvement
	# of nodes: 			7
	# of irgs: 				1
	# of cf manipulations: 	2
	# of memory operations: 0
	# of types: 			2645



Using pass: pass_replace_arithmetic -- No improvement
	# of nodes: 			7
	# of irgs: 				1
	# of cf manipulations: 	2
	# of memory operations: 0
	# of types: 			2645



Using pass: pass_replace_mux_selectors -- No improvement
	# of nodes: 			7
	# of irgs: 				1
	# of cf manipulations: 	2
	# of memory operations: 0
	# of types: 			2645



Using pass: pass_libfirm_normalize_n_returns -- No improvement
	# of nodes: 			7
	# of irgs: 				1
	# of cf manipulations: 	2
	# of memory operations: 0
	# of types: 			2645



Using pass: pass_libfirm_opt_funccalls -- No improvement
	# of nodes: 			7
	# of irgs: 				1
	# of cf manipulations: 	2
	# of memory operations: 0
	# of types: 			2645




 :: 2nd reduction cycle

Using pass: pass_gc_irgs_primitive -- Trying irg 'r_func_88' -- No improvement
Using pass: pass_gc_irgs_primitive -- Trying irg 'r_func_89' -- No improvement
Using pass: pass_gc_irgs_primitive -- Trying irg 'r_func_92' -- No improvement
Using pass: pass_gc_irgs_primitive -- Trying irg 'r_func_66' -- No improvement
Using pass: pass_gc_irgs_primitive -- Trying irg 'r_func_26' -- No improvement
Using pass: pass_gc_irgs_primitive -- Trying irg 'r_func_37' -- No improvement
Using pass: pass_gc_irgs_primitive -- Trying irg 'r_func_39' -- No improvement
Using pass: pass_gc_irgs_primitive -- Trying irg 'r_func_33' -- No improvement
Using pass: pass_gc_irgs_primitive -- Trying irg 'r_func_97' -- No improvement
Using pass: pass_gc_irgs_primitive -- Trying irg 'r_func_72' -- No improvement
Using pass: pass_gc_irgs_primitive -- Trying irg 'r_func_82' -- No improvement
Using pass: pass_gc_irgs_primitive -- Trying irg 'r_func_31' -- No improvement
Using pass: pass_gc_irgs_primitive -- Trying irg 'r_func_82' -- No improvement
Using pass: pass_gc_irgs_primitive -- Trying irg 'r_func_1' -- No improvement
Using pass: pass_gc_irgs_primitive -- Trying irg 'r_func_32' -- No improvement
Using pass: pass_gc_irgs_primitive -- Trying irg 'r_func_58' -- No improvement
Using pass: pass_gc_irgs_primitive -- Trying irg 'r_func_42' -- No improvement
Using pass: pass_gc_irgs_primitive -- Trying irg 'r_func_92' -- No improvement
Using pass: pass_gc_irgs_primitive -- Trying irg 'r_func_46' -- No improvement
Using pass: pass_gc_irgs_primitive -- Trying irg 'r_func_10' -- No improvement
Using pass: pass_gc_irgs_primitive -- Trying irg 'r_func_9' -- No improvement
Using pass: pass_gc_irgs_primitive -- Trying irg 'r_func_77' -- No improvement
Using pass: pass_gc_irgs_primitive -- Trying irg 'r_func_1' -- No improvement
Using pass: pass_gc_irgs_primitive -- Trying irg 'r_func_37' -- No improvement
Using pass: pass_gc_irgs_primitive -- Trying irg 'r_func_60' -- No improvement
Using pass: pass_gc_irgs_primitive -- Trying irg 'r_func_69' -- No improvement
Using pass: pass_gc_irgs_primitive -- Trying irg 'r_func_56' -- No improvement
Using pass: pass_gc_irgs_primitive -- Trying irg 'r_func_79' -- No improvement
Using pass: pass_gc_irgs_primitive -- Trying irg 'r_func_61' -- No improvement
Using pass: pass_gc_irgs_primitive -- Trying irg 'r_func_53' -- No improvement
Using pass: pass_gc_irgs_primitive -- Trying irg 'r_func_40' -- No improvement
Using pass: pass_gc_irgs_primitive -- Trying irg 'r_func_4' -- No improvement
Using pass: pass_gc_irgs_primitive -- Trying irg 'r_func_72' -- No improvement
Using pass: pass_gc_irgs_primitive -- Trying irg 'r_func_31' -- No improvement
Using pass: pass_gc_irgs_primitive -- Trying irg 'r_func_96' -- No improvement
Using pass: pass_gc_irgs_primitive -- Trying irg 'r_func_57' -- No improvement
Using pass: pass_gc_irgs_primitive -- Trying irg 'r_func_26' -- No improvement
Using pass: pass_gc_irgs_primitive -- Trying irg 'r_func_91' -- No improvement
Using pass: pass_gc_irgs_primitive -- Trying irg 'r_func_81' -- No improvement
Using pass: pass_gc_irgs_primitive -- Trying irg 'r_func_21' -- No improvement
Using pass: pass_gc_irgs_primitive -- Trying irg 'r_func_24' -- No improvement
Using pass: pass_gc_irgs_primitive -- Trying irg 'r_func_50' -- No improvement
Using pass: pass_gc_irgs_primitive -- Trying irg 'r_func_46' -- No improvement
Using pass: pass_gc_irgs_primitive -- Trying irg 'r_func_57' -- No improvement
Using pass: pass_gc_irgs_primitive -- Trying irg 'r_func_3' -- No improvement
Using pass: pass_gc_irgs_primitive -- Trying irg 'r_func_29' -- No improvement
Using pass: pass_gc_irgs_primitive -- Trying irg 'r_func_56' -- No improvement
Using pass: pass_gc_irgs_primitive -- Trying irg 'r_func_50' -- No improvement
Using pass: pass_gc_irgs_primitive -- Trying irg 'r_func_56' -- No improvement
Using pass: pass_gc_irgs_primitive -- Trying irg 'r_func_33' -- No improvement
Using pass: pass_gc_irgs_primitive -- Trying irg 'r_func_39' -- No improvement
Using pass: pass_gc_irgs_primitive -- Trying irg 'r_func_97' -- No improvement
Using pass: pass_gc_irgs_primitive -- Trying irg 'r_func_24' -- No improvement
Using pass: pass_gc_irgs_primitive -- Trying irg 'r_func_95' -- No improvement
Using pass: pass_gc_irgs_primitive -- Trying irg 'r_func_90' -- No improvement
Using pass: pass_gc_irgs_primitive -- Trying irg 'r_func_21' -- No improvement
Using pass: pass_gc_irgs_primitive -- Trying irg 'r_func_36' -- No improvement
Using pass: pass_gc_irgs_primitive -- Trying irg 'r_func_57' -- No improvement
Using pass: pass_gc_irgs_primitive -- Trying irg 'r_func_87' -- No improvement
Using pass: pass_gc_irgs_primitive -- Trying irg 'r_func_24' -- No improvement
Using pass: pass_gc_irgs_primitive -- Trying irg 'r_func_46' -- No improvement
Using pass: pass_gc_irgs_primitive -- Trying irg 'r_func_71' -- No improvement
Using pass: pass_gc_irgs_primitive -- Trying irg 'r_func_66' -- No improvement
Using pass: pass_gc_irgs_primitive -- Trying irg 'r_func_66' -- No improvement
Using pass: pass_gc_irgs_primitive -- Trying irg 'r_func_79' -- No improvement
Using pass: pass_gc_irgs_primitive -- Trying irg 'r_func_26' -- No improvement
Using pass: pass_gc_irgs_primitive -- Trying irg 'r_func_90' -- No improvement
Using pass: pass_gc_irgs_primitive -- Trying irg 'r_func_11' -- No improvement
Using pass: pass_gc_irgs_primitive -- Trying irg 'r_func_24' -- No improvement
Using pass: pass_gc_irgs_primitive -- Trying irg 'r_func_85' -- No improvement
Using pass: pass_gc_irgs_primitive -- Trying irg 'r_func_97' -- No improvement
Using pass: pass_gc_irgs_primitive -- Trying irg 'r_func_66' -- No improvement
Using pass: pass_gc_irgs_primitive -- Trying irg 'r_func_86' -- No improvement
Using pass: pass_gc_irgs_primitive -- Trying irg 'r_func_69' -- No improvement
Using pass: pass_gc_irgs_primitive -- Trying irg 'r_func_45' -- No improvement
Using pass: pass_gc_irgs_primitive -- Trying irg 'r_func_78' -- No improvement
Using pass: pass_gc_irgs_primitive -- Trying irg 'r_func_95' -- No improvement
Using pass: pass_gc_irgs_primitive -- Trying irg 'r_func_58' -- No improvement
Using pass: pass_gc_irgs_primitive -- Trying irg 'r_func_73' -- No improvement
Using pass: pass_gc_irgs_primitive -- Trying irg 'r_func_77' -- No improvement
Using pass: pass_gc_irgs_primitive -- Trying irg 'r_func_60' -- No improvement
Using pass: pass_gc_irgs_primitive -- Trying irg 'r_func_39' -- No improvement
Using pass: pass_gc_irgs_primitive -- Trying irg 'r_func_94' -- No improvement
Using pass: pass_gc_irgs_primitive -- Trying irg 'r_func_38' -- No improvement
Using pass: pass_gc_irgs_primitive -- Trying irg 'r_func_36' -- No improvement
Using pass: pass_gc_irgs_primitive -- Trying irg 'r_func_77' -- No improvement
Using pass: pass_gc_irgs_primitive -- Trying irg 'r_func_69' -- No improvement
Using pass: pass_gc_irgs_primitive -- Trying irg 'r_func_89' -- No improvement
Using pass: pass_gc_irgs_primitive -- Trying irg 'r_func_61' -- No improvement
Using pass: pass_gc_irgs_primitive -- Trying irg 'r_func_82' -- No improvement
Using pass: pass_gc_irgs_primitive -- Trying irg 'r_func_77' -- No improvement
Using pass: pass_gc_irgs_primitive -- Trying irg 'r_func_99' -- No improvement
Using pass: pass_gc_irgs_primitive -- Trying irg 'r_func_87' -- No improvement
Using pass: pass_gc_irgs_primitive -- Trying irg 'r_func_61' -- No improvement
Using pass: pass_gc_irgs_primitive -- Trying irg 'r_func_32' -- No improvement
Using pass: pass_gc_irgs_primitive -- Trying irg 'r_func_18' -- No improvement
Using pass: pass_gc_irgs_primitive -- Trying irg 'r_func_92' -- No improvement
Using pass: pass_gc_irgs_primitive -- Trying irg 'r_func_18' -- No improvement
Using pass: pass_gc_irgs_primitive -- Trying irg 'r_func_69' -- No improvement
Using pass: pass_gc_irgs_primitive -- Trying irg 'r_func_53' -- No improvement
Using pass: pass_gc_irgs_primitive -- Trying irg 'r_func_51' -- No improvement
Using pass: pass_gc_irgs_primitive -- Trying irg 'r_func_16' -- No improvement
Using pass: pass_gc_irgs_primitive -- Trying irg 'r_func_31' -- No improvement
Using pass: pass_gc_irgs_primitive -- Trying irg 'r_func_11' -- No improvement
Using pass: pass_gc_irgs_primitive -- Trying irg 'r_func_34' -- No improvement
Using pass: pass_gc_irgs_primitive -- Trying irg 'r_func_61' -- No improvement
Using pass: pass_gc_irgs_primitive -- Trying irg 'r_func_99' -- No improvement
Using pass: pass_gc_irgs_primitive -- Trying irg 'r_func_94' -- No improvement
Using pass: pass_gc_irgs_primitive -- Trying irg 'r_func_64' -- No improvement
Using pass: pass_gc_irgs_primitive -- Trying irg 'r_func_16' -- No improvement
Using pass: pass_gc_irgs_primitive -- Trying irg 'r_func_77' -- No improvement
Using pass: pass_gc_irgs_primitive -- Trying irg 'r_func_69' -- No improvement
Using pass: pass_gc_irgs_primitive -- Trying irg 'r_func_95' -- No improvement
Using pass: pass_gc_irgs_primitive -- Trying irg 'r_func_71' -- No improvement
Using pass: pass_gc_irgs_primitive -- Trying irg 'r_func_32' -- No improvement
Using pass: pass_gc_irgs_primitive -- Trying irg 'r_func_92' -- No improvement
Using pass: pass_gc_irgs_primitive -- Trying irg 'r_func_38' -- No improvement
Using pass: pass_gc_irgs_primitive -- Trying irg 'r_func_33' -- No improvement
Using pass: pass_gc_irgs_primitive -- Trying irg 'r_func_24' -- No improvement
Using pass: pass_gc_irgs_primitive -- Trying irg 'r_func_32' -- No improvement
Using pass: pass_gc_irgs_primitive -- Trying irg 'r_func_16' -- No improvement
Using pass: pass_gc_irgs_primitive -- Trying irg 'r_func_57' -- No improvement
Using pass: pass_gc_irgs_primitive -- Trying irg 'r_func_56' -- No improvement
Using pass: pass_gc_irgs_primitive -- Trying irg 'r_func_56' -- No improvement
Using pass: pass_gc_irgs_primitive -- Trying irg 'r_func_87' -- No improvement
Using pass: pass_gc_irgs_primitive -- Trying irg 'r_func_39' -- No improvement
Using pass: pass_gc_irgs_primitive -- Trying irg 'r_func_34' -- No improvement
Using pass: pass_gc_irgs_primitive -- Trying irg 'r_func_97' -- No improvement
Using pass: pass_gc_irgs_primitive -- Trying irg 'r_func_61' -- No improvement
Using pass: pass_gc_irgs_primitive -- Trying irg 'r_func_73' -- No improvement
Using pass: pass_gc_irgs_primitive -- Trying irg 'r_func_57' -- No improvement
Using pass: pass_gc_irgs_primitive -- Trying irg 'r_func_16' -- No improvement
Using pass: pass_gc_irgs_primitive -- Trying irg 'r_func_66' -- No improvement
Using pass: pass_gc_irgs_primitive -- Trying irg 'r_func_85' -- No improvement
Using pass: pass_gc_irgs_primitive -- Trying irg 'r_func_86' -- No improvement
Using pass: pass_gc_irgs_primitive -- Trying irg 'r_func_79' -- No improvement
Using pass: pass_gc_irgs_primitive -- Trying irg 'r_func_46' -- No improvement
Using pass: pass_gc_irgs_primitive -- Trying irg 'r_func_10' -- No improvement
Using pass: pass_gc_irgs_primitive -- Trying irg 'r_func_37' -- No improvement
Using pass: pass_gc_irgs_primitive -- Trying irg 'r_func_95' -- No improvement
Using pass: pass_gc_irgs_primitive -- Trying irg 'r_func_69' -- No improvement
Using pass: pass_gc_irgs_primitive -- Trying irg 'r_func_86' -- No improvement
Using pass: pass_gc_irgs_primitive -- Trying irg 'r_func_88' -- No improvement
Using pass: pass_gc_irgs_primitive -- Trying irg 'r_func_57' -- No improvement
Using pass: pass_gc_irgs_primitive -- Trying irg 'r_func_38' -- No improvement
Using pass: pass_gc_irgs_primitive -- Trying irg 'r_func_18' -- No improvement
Using pass: pass_gc_irgs_primitive -- Trying irg 'r_func_78' -- No improvement
Using pass: pass_gc_irgs_primitive -- Trying irg 'r_func_28' -- No improvement
Using pass: pass_gc_irgs_primitive -- Trying irg 'r_func_57' -- No improvement
Using pass: pass_gc_irgs_primitive -- Trying irg 'r_func_69' -- No improvement
Using pass: pass_gc_irgs_primitive -- Trying irg 'r_func_98' -- No improvement
Using pass: pass_gc_irgs_primitive -- Trying irg 'r_func_53' -- No improvement
Using pass: pass_gc_irgs_primitive -- Trying irg 'r_func_73' -- No improvement
Using pass: pass_gc_irgs_primitive -- Trying irg 'r_func_77' -- No improvement
Using pass: pass_gc_irgs_primitive -- Trying irg 'r_func_89' -- No improvement
Using pass: pass_gc_irgs_primitive -- Trying irg 'r_func_28' -- No improvement
Using pass: pass_gc_irgs_primitive -- Trying irg 'r_func_10' -- No improvement
Using pass: pass_gc_irgs_primitive -- Trying irg 'r_func_51' -- No improvement
Using pass: pass_gc_irgs_primitive -- Trying irg 'r_func_16' -- No improvement
Using pass: pass_gc_irgs_primitive -- Trying irg 'r_func_94' -- No improvement
Using pass: pass_gc_irgs_primitive -- Trying irg 'r_func_18' -- No improvement
Using pass: pass_gc_irgs_primitive -- Trying irg 'r_func_72' -- No improvement
Using pass: pass_gc_irgs_primitive -- Trying irg 'r_func_28' -- No improvement
Using pass: pass_gc_irgs_primitive -- Trying irg 'r_func_88' -- No improvement
Using pass: pass_gc_irgs_primitive -- Trying irg 'r_func_85' -- No improvement
Using pass: pass_gc_irgs_primitive -- Trying irg 'r_func_53' -- No improvement
Using pass: pass_gc_irgs_primitive -- Trying irg 'r_func_56' -- No improvement
Using pass: pass_gc_irgs_primitive -- Trying irg 'r_func_57' -- No improvement
Using pass: pass_gc_irgs_primitive -- Trying irg 'r_func_16' -- No improvement
Using pass: pass_gc_irgs_primitive -- Trying irg 'r_func_72' -- No improvement
Using pass: pass_gc_irgs_primitive -- Trying irg 'r_func_11' -- No improvement
Using pass: pass_gc_irgs_primitive -- Trying irg 'r_func_38' -- No improvement
Using pass: pass_gc_irgs_primitive -- Trying irg 'r_func_40' -- No improvement
Using pass: pass_gc_irgs_primitive -- Trying irg 'r_func_90' -- No improvement
Using pass: pass_gc_irgs_primitive -- Trying irg 'r_func_38' -- No improvement
Using pass: pass_gc_irgs_primitive -- Trying irg 'r_func_38' -- No improvement
Using pass: pass_gc_irgs_primitive -- Trying irg 'r_func_31' -- No improvement
Using pass: pass_gc_irgs_primitive -- Trying irg 'r_func_72' -- No improvement
Using pass: pass_gc_irgs_primitive -- Trying irg 'r_func_46' -- No improvement
Using pass: pass_gc_irgs_primitive -- Trying irg 'r_func_34' -- No improvement
Using pass: pass_gc_irgs_primitive -- Trying irg 'r_func_64' -- No improvement
Using pass: pass_gc_irgs_primitive -- Trying irg 'r_func_64' -- No improvement
Using pass: pass_gc_irgs_primitive -- Trying irg 'r_func_97' -- No improvement
Using pass: pass_gc_irgs_primitive -- Trying irg 'r_func_31' -- No improvement
Using pass: pass_gc_irgs_primitive -- Trying irg 'r_func_53' -- No improvement
Using pass: pass_gc_irgs_primitive -- Trying irg 'r_func_16' -- No improvement
Using pass: pass_gc_irgs_primitive -- Trying irg 'r_func_40' -- No improvement
Using pass: pass_gc_irgs_primitive -- Trying irg 'r_func_71' -- No improvement
Using pass: pass_gc_irgs_primitive -- Trying irg 'r_func_40' -- No improvement
Using pass: pass_gc_irgs_primitive -- Trying irg 'r_func_85' -- No improvement
Using pass: pass_gc_irgs_primitive -- Trying irg 'r_func_79' -- No improvement
Using pass: pass_gc_irgs_primitive -- Trying irg 'r_func_79' -- No improvement
Using pass: pass_gc_irgs_primitive -- Trying irg 'r_func_61' -- No improvement
Using pass: pass_gc_irgs_primitive -- Trying irg 'r_func_94' -- No improvement
Using pass: pass_gc_irgs_primitive -- Trying irg 'r_func_99' -- No improvement
Using pass: pass_gc_irgs_primitive -- Trying irg 'r_func_71' -- No improvement
Using pass: pass_gc_irgs_primitive -- Trying irg 'r_func_69' -- No improvement
Using pass: pass_gc_irgs_primitive -- Trying irg 'r_func_98' -- No improvement
Using pass: pass_gc_irgs_primitive -- Trying irg 'r_func_34' -- No improvement
Using pass: pass_gc_irgs_primitive -- Trying irg 'r_func_28' -- No improvement
Using pass: pass_gc_irgs_primitive -- Trying irg 'r_func_88' -- No improvement
Using pass: pass_gc_irgs_primitive -- Trying irg 'r_func_97' -- No improvement
Using pass: pass_gc_irgs_primitive -- Trying irg 'r_func_98' -- No improvement
Using pass: pass_gc_irgs_primitive -- Trying irg 'r_func_97' -- No improvement
Using pass: pass_gc_irgs_primitive -- Trying irg 'r_func_98' -- No improvement
Using pass: pass_gc_irgs_primitive -- Trying irg 'r_func_16' -- No improvement
Using pass: pass_gc_irgs_primitive -- Trying irg 'r_func_28' -- No improvement
Using pass: pass_gc_irgs_primitive -- Trying irg 'r_func_72' -- No improvement
Using pass: pass_gc_irgs_primitive -- Trying irg 'r_func_40' -- No improvement
Using pass: pass_gc_irgs_primitive -- Trying irg 'r_func_34' -- No improvement
Using pass: pass_gc_irgs_primitive -- Trying irg 'r_func_64' -- No improvement
Using pass: pass_gc_irgs_primitive -- Trying irg 'r_func_51' -- No improvement
Using pass: pass_gc_irgs_primitive -- Trying irg 'r_func_71' -- No improvement
Using pass: pass_gc_irgs_primitive -- Trying irg 'r_func_86' -- No improvement
Using pass: pass_gc_irgs_primitive -- Trying irg 'r_func_33' -- No improvement
Using pass: pass_gc_irgs_primitive -- Trying irg 'r_func_39' -- No improvement
Using pass: pass_gc_irgs_primitive -- Trying irg 'r_func_38' -- No improvement
Using pass: pass_gc_irgs_primitive -- Trying irg 'r_func_79' -- No improvement
Using pass: pass_gc_irgs_primitive -- Trying irg 'r_func_9' -- No improvement
Using pass: pass_gc_irgs_primitive -- Trying irg 'r_func_85' -- No improvement
Using pass: pass_gc_irgs_primitive -- Trying irg 'r_func_66' -- No improvement
Using pass: pass_gc_irgs_primitive -- Trying irg 'r_func_18' -- No improvement
Using pass: pass_gc_irgs_primitive -- Trying irg 'r_func_56' -- No improvement
Using pass: pass_gc_irgs_primitive -- Trying irg 'r_func_79' -- No improvement
Using pass: pass_gc_irgs_primitive -- Trying irg 'r_func_18' -- No improvement
Using pass: pass_gc_irgs_primitive -- Trying irg 'r_func_71' -- No improvement
Using pass: pass_gc_irgs_primitive -- Trying irg 'r_func_56' -- No improvement
Using pass: pass_gc_irgs_primitive -- Trying irg 'r_func_40' -- No improvement
Using pass: pass_gc_irgs_primitive -- Trying irg 'r_func_87' -- No improvement
Using pass: pass_gc_irgs_primitive -- Trying irg 'r_func_16' -- No improvement
Using pass: pass_gc_irgs_primitive -- Trying irg 'r_func_72' -- No improvement
Using pass: pass_gc_irgs_primitive -- Trying irg 'r_func_79' -- No improvement
Using pass: pass_gc_irgs_primitive -- Trying irg 'r_func_87' -- No improvement
Using pass: pass_gc_irgs_primitive -- Trying irg 'r_func_97' -- No improvement
Using pass: pass_gc_irgs_primitive -- Trying irg 'r_func_86' -- No improvement
Using pass: pass_gc_irgs_primitive -- Trying irg 'r_func_40' -- No improvement
Using pass: pass_gc_irgs_primitive -- Trying irg 'r_func_64' -- No improvement
Using pass: pass_gc_irgs_primitive -- Trying irg 'r_func_97' -- No improvement
Using pass: pass_gc_irgs_primitive -- Trying irg 'r_func_97' -- No improvement
Using pass: pass_gc_irgs_primitive -- Trying irg 'r_func_38' -- No improvement
Using pass: pass_gc_irgs_primitive -- Trying irg 'r_func_66' -- No improvement
Using pass: pass_gc_irgs_primitive -- Trying irg 'r_func_28' -- No improvement
Using pass: pass_gc_irgs_primitive -- Trying irg 'r_func_61' -- No improvement
Using pass: pass_gc_irgs_primitive -- Trying irg 'r_func_48' -- No improvement
Using pass: pass_gc_irgs_primitive -- Trying irg 'r_func_91' -- No improvement
Using pass: pass_gc_irgs_primitive -- Trying irg 'r_func_11' -- No improvement
Using pass: pass_gc_irgs_primitive -- Trying irg 'r_func_28' -- No improvement
Using pass: pass_gc_irgs_primitive -- Trying irg 'r_func_69' -- No improvement
Using pass: pass_gc_irgs_primitive -- Trying irg 'r_func_90' -- No improvement
Using pass: pass_gc_irgs_primitive -- Trying irg 'r_func_10' -- No improvement
Using pass: pass_gc_irgs_primitive -- Trying irg 'r_func_90' -- No improvement
Using pass: pass_gc_irgs_primitive -- Trying irg 'r_func_34' -- No improvement
Using pass: pass_gc_irgs_primitive -- Trying irg 'r_func_26' -- No improvement
Using pass: pass_gc_irgs_primitive -- Trying irg 'r_func_11' -- No improvement
Using pass: pass_gc_irgs_primitive -- Trying irg 'r_func_39' -- No improvement
Using pass: pass_gc_irgs_primitive -- Trying irg 'r_func_78' -- No improvement
Using pass: pass_gc_irgs_primitive -- Trying irg 'r_func_34' -- No improvement
Using pass: pass_gc_irgs_primitive -- Trying irg 'r_func_94' -- No improvement
Using pass: pass_gc_irgs_primitive -- Trying irg 'r_func_11' -- No improvement
Using pass: pass_gc_irgs_primitive -- Trying irg 'r_func_26' -- No improvement
Using pass: pass_gc_irgs_primitive -- Trying irg 'r_func_9' -- No improvement
Using pass: pass_gc_irgs_primitive -- Trying irg 'r_func_40' -- No improvement
Using pass: pass_gc_irgs_primitive -- Trying irg 'r_func_38' -- No improvement
Using pass: pass_gc_irgs_primitive -- Trying irg 'r_func_39' -- No improvement
Using pass: pass_gc_irgs_primitive -- Trying irg 'r_func_86' -- No improvement
Using pass: pass_gc_irgs_primitive -- Trying irg 'r_func_33' -- No improvement
Using pass: pass_gc_irgs_primitive -- Trying irg 'r_func_89' -- No improvement
Using pass: pass_gc_irgs_primitive -- Trying irg 'r_func_69' -- No improvement

______________________________

No further reduction possible.

Result:
	# of nodes: 			7
	# of irgs: 				1
	# of cf manipulations: 	2
	# of memory operations: 0
	# of types: 			2645

2018-08-24 10:45:05